<RBTestCollection platform="Freescale T4240RDB, e6500" compiler="GCC 4.9.3" timeUnit="ns">
	<RBTest implementation="LLRB" nodeSize="16">
		<SmallSetRandomOps>
			<Sample nodeCount="1" insertCount="62" extractCount="61" duration="4431"/>
			<Sample nodeCount="2" insertCount="123" extractCount="123" duration="11235"/>
			<Sample nodeCount="3" insertCount="186" extractCount="183" duration="20958"/>
			<Sample nodeCount="4" insertCount="247" extractCount="245" duration="32718"/>
			<Sample nodeCount="5" insertCount="309" extractCount="306" duration="47334"/>
			<Sample nodeCount="6" insertCount="370" extractCount="368" duration="61110"/>
			<Sample nodeCount="7" insertCount="433" extractCount="428" duration="81228"/>
			<Sample nodeCount="8" insertCount="493" extractCount="491" duration="138433"/>
			<Sample nodeCount="9" insertCount="557" extractCount="550" duration="121485"/>
			<Sample nodeCount="10" insertCount="619" extractCount="611" duration="136332"/>
			<Sample nodeCount="11" insertCount="680" extractCount="673" duration="157731"/>
			<Sample nodeCount="12" insertCount="740" extractCount="736" duration="221698"/>
			<Sample nodeCount="13" insertCount="803" extractCount="796" duration="204330"/>
			<Sample nodeCount="14" insertCount="864" extractCount="858" duration="227808"/>
			<Sample nodeCount="15" insertCount="927" extractCount="918" duration="281254"/>
			<Sample nodeCount="16" insertCount="988" extractCount="980" duration="268212"/>
			<Sample nodeCount="17" insertCount="1050" extractCount="1041" duration="295470"/>
			<Sample nodeCount="18" insertCount="1113" extractCount="1101" duration="319095"/>
			<Sample nodeCount="19" insertCount="1172" extractCount="1165" duration="339717"/>
			<Sample nodeCount="20" insertCount="1237" extractCount="1223" duration="368046"/>
			<Sample nodeCount="21" insertCount="1296" extractCount="1287" duration="428380"/>
			<Sample nodeCount="22" insertCount="1359" extractCount="1347" duration="417438"/>
			<Sample nodeCount="23" insertCount="1419" extractCount="1410" duration="437997"/>
			<Sample nodeCount="24" insertCount="1484" extractCount="1468" duration="505492"/>
			<Sample nodeCount="25" insertCount="1544" extractCount="1531" duration="537559"/>
			<Sample nodeCount="26" insertCount="1604" extractCount="1594" duration="559819"/>
			<Sample nodeCount="27" insertCount="1668" extractCount="1653" duration="549339"/>
			<Sample nodeCount="28" insertCount="1729" extractCount="1715" duration="581448"/>
			<Sample nodeCount="29" insertCount="1790" extractCount="1777" duration="606648"/>
			<Sample nodeCount="30" insertCount="1851" extractCount="1839" duration="674605"/>
			<Sample nodeCount="31" insertCount="1914" extractCount="1899" duration="703606"/>
			<Sample nodeCount="32" insertCount="1977" extractCount="1959" duration="728806"/>
			<Sample nodeCount="33" insertCount="2041" extractCount="2018" duration="755140"/>
			<Sample nodeCount="34" insertCount="2097" extractCount="2085" duration="786829"/>
			<Sample nodeCount="35" insertCount="2160" extractCount="2145" duration="812176"/>
			<Sample nodeCount="36" insertCount="2221" extractCount="2207" duration="831769"/>
			<Sample nodeCount="37" insertCount="2285" extractCount="2266" duration="866776"/>
			<Sample nodeCount="38" insertCount="2346" extractCount="2328" duration="856338"/>
			<Sample nodeCount="39" insertCount="2408" extractCount="2389" duration="909028"/>
			<Sample nodeCount="40" insertCount="2471" extractCount="2449" duration="944812"/>
			<Sample nodeCount="41" insertCount="2531" extractCount="2512" duration="970873"/>
			<Sample nodeCount="42" insertCount="2593" extractCount="2573" duration="994918"/>
			<Sample nodeCount="43" insertCount="2656" extractCount="2633" duration="1030450"/>
			<Sample nodeCount="44" insertCount="2717" extractCount="2695" duration="1049833"/>
			<Sample nodeCount="45" insertCount="2776" extractCount="2759" duration="1082320"/>
			<Sample nodeCount="46" insertCount="2840" extractCount="2818" duration="1104307"/>
			<Sample nodeCount="47" insertCount="2902" extractCount="2879" duration="1138453"/>
			<Sample nodeCount="48" insertCount="2966" extractCount="2938" duration="1164955"/>
			<Sample nodeCount="49" insertCount="3026" extractCount="3001" duration="1247633"/>
			<Sample nodeCount="50" insertCount="3084" extractCount="3066" duration="1226800"/>
			<Sample nodeCount="51" insertCount="3151" extractCount="3122" duration="1296983"/>
			<Sample nodeCount="52" insertCount="3209" extractCount="3187" duration="1297717"/>
			<Sample nodeCount="53" insertCount="3273" extractCount="3246" duration="1318297"/>
			<Sample nodeCount="54" insertCount="3337" extractCount="3305" duration="1389152"/>
			<Sample nodeCount="55" insertCount="3400" extractCount="3365" duration="1421933"/>
			<Sample nodeCount="56" insertCount="3458" extractCount="3430" duration="1427560"/>
			<Sample nodeCount="57" insertCount="3521" extractCount="3490" duration="1442302"/>
			<Sample nodeCount="58" insertCount="3580" extractCount="3554" duration="1511393"/>
			<Sample nodeCount="59" insertCount="3647" extractCount="3610" duration="1559567"/>
			<Sample nodeCount="60" insertCount="3706" extractCount="3674" duration="1578845"/>
			<Sample nodeCount="61" insertCount="3766" extractCount="3737" duration="1612424"/>
			<Sample nodeCount="62" insertCount="3828" extractCount="3798" duration="1634747"/>
			<Sample nodeCount="63" insertCount="3888" extractCount="3861" duration="1667465"/>
			<Sample nodeCount="64" insertCount="3952" extractCount="3920" duration="1696739"/>
			<Sample nodeCount="65" insertCount="4014" extractCount="3981" duration="1741532"/>
			<Sample nodeCount="66" insertCount="4077" extractCount="4041" duration="1772759"/>
			<Sample nodeCount="67" insertCount="4136" extractCount="4105" duration="1806968"/>
			<Sample nodeCount="68" insertCount="4200" extractCount="4164" duration="1842521"/>
			<Sample nodeCount="69" insertCount="4263" extractCount="4224" duration="1829479"/>
			<Sample nodeCount="70" insertCount="4325" extractCount="4285" duration="1919465"/>
			<Sample nodeCount="71" insertCount="4381" extractCount="4352" duration="1933073"/>
			<Sample nodeCount="72" insertCount="4448" extractCount="4408" duration="1984754"/>
			<Sample nodeCount="73" insertCount="4507" extractCount="4472" duration="2000021"/>
			<Sample nodeCount="74" insertCount="4571" extractCount="4531" duration="2014112"/>
			<Sample nodeCount="75" insertCount="4631" extractCount="4594" duration="2067326"/>
			<Sample nodeCount="76" insertCount="4693" extractCount="4655" duration="2098406"/>
			<Sample nodeCount="77" insertCount="4755" extractCount="4716" duration="2123669"/>
			<Sample nodeCount="78" insertCount="4817" extractCount="4777" duration="2154392"/>
			<Sample nodeCount="79" insertCount="4877" extractCount="4840" duration="2185010"/>
			<Sample nodeCount="80" insertCount="4942" extractCount="4898" duration="2228186"/>
			<Sample nodeCount="81" insertCount="5002" extractCount="4961" duration="2297508"/>
			<Sample nodeCount="82" insertCount="5063" extractCount="5023" duration="2279027"/>
			<Sample nodeCount="83" insertCount="5124" extractCount="5085" duration="2327516"/>
			<Sample nodeCount="84" insertCount="5187" extractCount="5145" duration="2390370"/>
			<Sample nodeCount="85" insertCount="5250" extractCount="5205" duration="2383922"/>
			<Sample nodeCount="86" insertCount="5314" extractCount="5264" duration="2411432"/>
			<Sample nodeCount="87" insertCount="5374" extractCount="5327" duration="2431571"/>
			<Sample nodeCount="88" insertCount="5432" extractCount="5392" duration="2497491"/>
			<Sample nodeCount="89" insertCount="5490" extractCount="5457" duration="2531616"/>
			<Sample nodeCount="90" insertCount="5559" extractCount="5511" duration="2557131"/>
			<Sample nodeCount="91" insertCount="5621" extractCount="5572" duration="2590857"/>
			<Sample nodeCount="92" insertCount="5680" extractCount="5636" duration="2631240"/>
			<Sample nodeCount="93" insertCount="5740" extractCount="5699" duration="2612948"/>
			<Sample nodeCount="94" insertCount="5803" extractCount="5759" duration="2682879"/>
			<Sample nodeCount="95" insertCount="5862" extractCount="5823" duration="2720175"/>
			<Sample nodeCount="96" insertCount="5929" extractCount="5879" duration="2746320"/>
			<Sample nodeCount="97" insertCount="5993" extractCount="5938" duration="2790042"/>
			<Sample nodeCount="98" insertCount="6055" extractCount="5999" duration="2801928"/>
			<Sample nodeCount="99" insertCount="6113" extractCount="6064" duration="2858313"/>
			<Sample nodeCount="100" insertCount="6172" extractCount="6128" duration="2874462"/>
			<Sample nodeCount="101" insertCount="6238" extractCount="6185" duration="2909889"/>
			<Sample nodeCount="102" insertCount="6299" extractCount="6247" duration="2936181"/>
			<Sample nodeCount="103" insertCount="6363" extractCount="6306" duration="2945252"/>
			<Sample nodeCount="104" insertCount="6426" extractCount="6366" duration="3005355"/>
			<Sample nodeCount="105" insertCount="6481" extractCount="6434" duration="3050379"/>
			<Sample nodeCount="106" insertCount="6544" extractCount="6494" duration="3085932"/>
			<Sample nodeCount="107" insertCount="6607" extractCount="6554" duration="3111573"/>
			<Sample nodeCount="108" insertCount="6669" extractCount="6615" duration="3140448"/>
			<Sample nodeCount="109" insertCount="6732" extractCount="6675" duration="3189420"/>
			<Sample nodeCount="110" insertCount="6794" extractCount="6736" duration="3230706"/>
			<Sample nodeCount="111" insertCount="6852" extractCount="6801" duration="3256851"/>
			<Sample nodeCount="112" insertCount="6918" extractCount="6858" duration="3294378"/>
			<Sample nodeCount="113" insertCount="6981" extractCount="6918" duration="3374242"/>
			<Sample nodeCount="114" insertCount="7041" extractCount="6981" duration="3362985"/>
			<Sample nodeCount="115" insertCount="7103" extractCount="7042" duration="3388794"/>
			<Sample nodeCount="116" insertCount="7164" extractCount="7104" duration="3439551"/>
			<Sample nodeCount="117" insertCount="7225" extractCount="7166" duration="3481320"/>
			<Sample nodeCount="118" insertCount="7291" extractCount="7223" duration="3505365"/>
			<Sample nodeCount="119" insertCount="7350" extractCount="7287" duration="3602491"/>
			<Sample nodeCount="120" insertCount="7410" extractCount="7350" duration="3566391"/>
			<Sample nodeCount="121" insertCount="7471" extractCount="7412" duration="3626724"/>
			<Sample nodeCount="122" insertCount="7537" extractCount="7469" duration="3649992"/>
			<Sample nodeCount="123" insertCount="7593" extractCount="7536" duration="3672147"/>
			<Sample nodeCount="124" insertCount="7658" extractCount="7594" duration="3765031"/>
			<Sample nodeCount="125" insertCount="7718" extractCount="7657" duration="3820702"/>
			<Sample nodeCount="126" insertCount="7781" extractCount="7717" duration="3812155"/>
			<Sample nodeCount="127" insertCount="7840" extractCount="7781" duration="3829269"/>
		</SmallSetRandomOps>
		<LargeSetRandomOps>
		</LargeSetRandomOps>
		<SmallSetLinear>
			<Sample nodeCount="1" insertCount="10000" extractCount="10000" duration="306516"/>
			<Sample nodeCount="2" insertCount="10000" extractCount="10000" duration="1032361"/>
			<Sample nodeCount="3" insertCount="10000" extractCount="10000" duration="2139272"/>
			<Sample nodeCount="4" insertCount="10000" extractCount="10000" duration="3382957"/>
			<Sample nodeCount="5" insertCount="10000" extractCount="10000" duration="5209727"/>
			<Sample nodeCount="6" insertCount="10000" extractCount="10000" duration="6434217"/>
			<Sample nodeCount="7" insertCount="10000" extractCount="10000" duration="9549696"/>
			<Sample nodeCount="8" insertCount="10000" extractCount="10000" duration="11268674"/>
			<Sample nodeCount="9" insertCount="10000" extractCount="10000" duration="14013440"/>
			<Sample nodeCount="10" insertCount="10000" extractCount="10000" duration="15938806"/>
			<Sample nodeCount="11" insertCount="10000" extractCount="10000" duration="20148638"/>
			<Sample nodeCount="12" insertCount="10000" extractCount="10000" duration="21860056"/>
			<Sample nodeCount="13" insertCount="10000" extractCount="10000" duration="24853420"/>
			<Sample nodeCount="14" insertCount="10000" extractCount="10000" duration="26519058"/>
			<Sample nodeCount="15" insertCount="10000" extractCount="10000" duration="32157165"/>
			<Sample nodeCount="16" insertCount="10000" extractCount="10000" duration="33690817"/>
			<Sample nodeCount="17" insertCount="10000" extractCount="10000" duration="36992587"/>
			<Sample nodeCount="18" insertCount="10000" extractCount="10000" duration="38487642"/>
			<Sample nodeCount="19" insertCount="10000" extractCount="10000" duration="43275877"/>
			<Sample nodeCount="20" insertCount="10000" extractCount="10000" duration="44732607"/>
			<Sample nodeCount="21" insertCount="10000" extractCount="10000" duration="48320377"/>
			<Sample nodeCount="22" insertCount="10000" extractCount="10000" duration="50038640"/>
			<Sample nodeCount="23" insertCount="10000" extractCount="10000" duration="57084252"/>
			<Sample nodeCount="24" insertCount="10000" extractCount="10000" duration="58636783"/>
			<Sample nodeCount="25" insertCount="10000" extractCount="10000" duration="61906844"/>
			<Sample nodeCount="26" insertCount="10000" extractCount="10000" duration="63867889"/>
			<Sample nodeCount="27" insertCount="10000" extractCount="10000" duration="70690649"/>
			<Sample nodeCount="28" insertCount="10000" extractCount="10000" duration="72538966"/>
			<Sample nodeCount="29" insertCount="10000" extractCount="10000" duration="75273316"/>
			<Sample nodeCount="30" insertCount="10000" extractCount="10000" duration="77112350"/>
			<Sample nodeCount="31" insertCount="10000" extractCount="10000" duration="87016044"/>
			<Sample nodeCount="32" insertCount="10000" extractCount="10000" duration="88806065"/>
			<Sample nodeCount="33" insertCount="10000" extractCount="10000" duration="93678679"/>
			<Sample nodeCount="34" insertCount="10000" extractCount="10000" duration="95434743"/>
			<Sample nodeCount="35" insertCount="10000" extractCount="10000" duration="101741973"/>
			<Sample nodeCount="36" insertCount="10000" extractCount="10000" duration="103427224"/>
			<Sample nodeCount="37" insertCount="10000" extractCount="10000" duration="107144354"/>
			<Sample nodeCount="38" insertCount="10000" extractCount="10000" duration="108753501"/>
			<Sample nodeCount="39" insertCount="10000" extractCount="10000" duration="117212121"/>
			<Sample nodeCount="40" insertCount="10000" extractCount="10000" duration="118783154"/>
			<Sample nodeCount="41" insertCount="10000" extractCount="10000" duration="122683047"/>
			<Sample nodeCount="42" insertCount="10000" extractCount="10000" duration="124353556"/>
			<Sample nodeCount="43" insertCount="10000" extractCount="10000" duration="130906529"/>
			<Sample nodeCount="44" insertCount="10000" extractCount="10000" duration="132578005"/>
			<Sample nodeCount="45" insertCount="10000" extractCount="10000" duration="136215754"/>
			<Sample nodeCount="46" insertCount="10000" extractCount="10000" duration="137884563"/>
			<Sample nodeCount="47" insertCount="10000" extractCount="10000" duration="150393331"/>
			<Sample nodeCount="48" insertCount="10000" extractCount="10000" duration="151982129"/>
			<Sample nodeCount="49" insertCount="10000" extractCount="10000" duration="155315126"/>
			<Sample nodeCount="50" insertCount="10000" extractCount="10000" duration="156123123"/>
			<Sample nodeCount="51" insertCount="10000" extractCount="10000" duration="163812470"/>
			<Sample nodeCount="52" insertCount="10000" extractCount="10000" duration="165632962"/>
			<Sample nodeCount="53" insertCount="10000" extractCount="10000" duration="167059325"/>
			<Sample nodeCount="54" insertCount="10000" extractCount="10000" duration="170430690"/>
			<Sample nodeCount="55" insertCount="10000" extractCount="10000" duration="182581302"/>
			<Sample nodeCount="56" insertCount="10000" extractCount="10000" duration="181995254"/>
			<Sample nodeCount="57" insertCount="10000" extractCount="10000" duration="187419329"/>
			<Sample nodeCount="58" insertCount="10000" extractCount="10000" duration="189727104"/>
			<Sample nodeCount="59" insertCount="10000" extractCount="10000" duration="196164724"/>
			<Sample nodeCount="60" insertCount="10000" extractCount="10000" duration="198066360"/>
			<Sample nodeCount="61" insertCount="10000" extractCount="10000" duration="201449127"/>
			<Sample nodeCount="62" insertCount="10000" extractCount="10000" duration="203411054"/>
			<Sample nodeCount="63" insertCount="10000" extractCount="10000" duration="220919885"/>
			<Sample nodeCount="64" insertCount="10000" extractCount="10000" duration="222411075"/>
			<Sample nodeCount="65" insertCount="10000" extractCount="10000" duration="226097062"/>
			<Sample nodeCount="66" insertCount="10000" extractCount="10000" duration="227843172"/>
			<Sample nodeCount="67" insertCount="10000" extractCount="10000" duration="234419244"/>
			<Sample nodeCount="68" insertCount="10000" extractCount="10000" duration="236121002"/>
			<Sample nodeCount="69" insertCount="10000" extractCount="10000" duration="239752494"/>
			<Sample nodeCount="70" insertCount="10000" extractCount="10000" duration="241462799"/>
			<Sample nodeCount="71" insertCount="10000" extractCount="10000" duration="253110944"/>
			<Sample nodeCount="72" insertCount="10000" extractCount="10000" duration="254692056"/>
			<Sample nodeCount="73" insertCount="10000" extractCount="10000" duration="258066633"/>
			<Sample nodeCount="74" insertCount="10000" extractCount="10000" duration="259581344"/>
			<Sample nodeCount="75" insertCount="10000" extractCount="10000" duration="266702261"/>
			<Sample nodeCount="76" insertCount="10000" extractCount="10000" duration="268383586"/>
			<Sample nodeCount="77" insertCount="10000" extractCount="10000" duration="272116172"/>
			<Sample nodeCount="78" insertCount="10000" extractCount="10000" duration="273451122"/>
			<Sample nodeCount="79" insertCount="10000" extractCount="10000" duration="286290598"/>
			<Sample nodeCount="80" insertCount="10000" extractCount="10000" duration="288175686"/>
			<Sample nodeCount="81" insertCount="10000" extractCount="10000" duration="294876037"/>
			<Sample nodeCount="82" insertCount="10000" extractCount="10000" duration="296961108"/>
			<Sample nodeCount="83" insertCount="10000" extractCount="10000" duration="303455575"/>
			<Sample nodeCount="84" insertCount="10000" extractCount="10000" duration="305224323"/>
			<Sample nodeCount="85" insertCount="10000" extractCount="10000" duration="309032676"/>
			<Sample nodeCount="86" insertCount="10000" extractCount="10000" duration="310044268"/>
			<Sample nodeCount="87" insertCount="10000" extractCount="10000" duration="321156492"/>
			<Sample nodeCount="88" insertCount="10000" extractCount="10000" duration="324073059"/>
			<Sample nodeCount="89" insertCount="10000" extractCount="10000" duration="327802810"/>
			<Sample nodeCount="90" insertCount="10000" extractCount="10000" duration="329561708"/>
			<Sample nodeCount="91" insertCount="10000" extractCount="10000" duration="335956845"/>
			<Sample nodeCount="92" insertCount="10000" extractCount="10000" duration="337666834"/>
			<Sample nodeCount="93" insertCount="10000" extractCount="10000" duration="341626641"/>
			<Sample nodeCount="94" insertCount="10000" extractCount="10000" duration="343379471"/>
			<Sample nodeCount="95" insertCount="10000" extractCount="10000" duration="365660072"/>
			<Sample nodeCount="96" insertCount="10000" extractCount="10000" duration="367454755"/>
			<Sample nodeCount="97" insertCount="10000" extractCount="10000" duration="370911023"/>
			<Sample nodeCount="98" insertCount="10000" extractCount="10000" duration="372760641"/>
			<Sample nodeCount="99" insertCount="10000" extractCount="10000" duration="379101115"/>
			<Sample nodeCount="100" insertCount="10000" extractCount="10000" duration="380896197"/>
			<Sample nodeCount="101" insertCount="10000" extractCount="10000" duration="384556563"/>
			<Sample nodeCount="102" insertCount="10000" extractCount="10000" duration="382378483"/>
			<Sample nodeCount="103" insertCount="10000" extractCount="10000" duration="398101304"/>
			<Sample nodeCount="104" insertCount="10000" extractCount="10000" duration="399757786"/>
			<Sample nodeCount="105" insertCount="10000" extractCount="10000" duration="403507192"/>
			<Sample nodeCount="106" insertCount="10000" extractCount="10000" duration="400236586"/>
			<Sample nodeCount="107" insertCount="10000" extractCount="10000" duration="408997102"/>
			<Sample nodeCount="108" insertCount="10000" extractCount="10000" duration="408364203"/>
			<Sample nodeCount="109" insertCount="10000" extractCount="10000" duration="416033894"/>
			<Sample nodeCount="110" insertCount="10000" extractCount="10000" duration="415065961"/>
			<Sample nodeCount="111" insertCount="10000" extractCount="10000" duration="436752997"/>
			<Sample nodeCount="112" insertCount="10000" extractCount="10000" duration="442729772"/>
			<Sample nodeCount="113" insertCount="10000" extractCount="10000" duration="444734559"/>
			<Sample nodeCount="114" insertCount="10000" extractCount="10000" duration="447143241"/>
			<Sample nodeCount="115" insertCount="10000" extractCount="10000" duration="447715975"/>
			<Sample nodeCount="116" insertCount="10000" extractCount="10000" duration="451010185"/>
			<Sample nodeCount="117" insertCount="10000" extractCount="10000" duration="457673156"/>
			<Sample nodeCount="118" insertCount="10000" extractCount="10000" duration="460140217"/>
			<Sample nodeCount="119" insertCount="10000" extractCount="10000" duration="474055125"/>
			<Sample nodeCount="120" insertCount="10000" extractCount="10000" duration="475957370"/>
			<Sample nodeCount="121" insertCount="10000" extractCount="10000" duration="479489595"/>
			<Sample nodeCount="122" insertCount="10000" extractCount="10000" duration="481070140"/>
			<Sample nodeCount="123" insertCount="10000" extractCount="10000" duration="485524854"/>
			<Sample nodeCount="124" insertCount="10000" extractCount="10000" duration="489221130"/>
			<Sample nodeCount="125" insertCount="10000" extractCount="10000" duration="490267099"/>
			<Sample nodeCount="126" insertCount="10000" extractCount="10000" duration="492092505"/>
			<Sample nodeCount="127" insertCount="10000" extractCount="10000" duration="521317583"/>
		</SmallSetLinear>
		<LargeSetLinear>
		</LargeSetLinear>
	</RBTest>
	<RBTest implementation="Eternally Confuzzled" nodeSize="12">
		<SmallSetRandomOps>
			<Sample nodeCount="1" insertCount="62" extractCount="61" duration="5985"/>
			<Sample nodeCount="2" insertCount="123" extractCount="123" duration="12810"/>
			<Sample nodeCount="3" insertCount="185" extractCount="184" duration="60523"/>
			<Sample nodeCount="4" insertCount="247" extractCount="245" duration="32025"/>
			<Sample nodeCount="5" insertCount="309" extractCount="306" duration="43785"/>
			<Sample nodeCount="6" insertCount="371" extractCount="367" duration="55356"/>
			<Sample nodeCount="7" insertCount="432" extractCount="429" duration="67683"/>
			<Sample nodeCount="8" insertCount="494" extractCount="490" duration="80304"/>
			<Sample nodeCount="9" insertCount="554" extractCount="553" duration="92106"/>
			<Sample nodeCount="10" insertCount="619" extractCount="611" duration="104055"/>
			<Sample nodeCount="11" insertCount="680" extractCount="673" duration="117831"/>
			<Sample nodeCount="12" insertCount="741" extractCount="735" duration="133350"/>
			<Sample nodeCount="13" insertCount="803" extractCount="796" duration="143430"/>
			<Sample nodeCount="14" insertCount="866" extractCount="856" duration="161280"/>
			<Sample nodeCount="15" insertCount="927" extractCount="918" duration="212353"/>
			<Sample nodeCount="16" insertCount="987" extractCount="981" duration="187887"/>
			<Sample nodeCount="17" insertCount="1050" extractCount="1041" duration="205569"/>
			<Sample nodeCount="18" insertCount="1113" extractCount="1101" duration="255487"/>
			<Sample nodeCount="19" insertCount="1173" extractCount="1164" duration="234423"/>
			<Sample nodeCount="20" insertCount="1235" extractCount="1225" duration="289864"/>
			<Sample nodeCount="21" insertCount="1295" extractCount="1288" duration="264915"/>
			<Sample nodeCount="22" insertCount="1359" extractCount="1347" duration="319789"/>
			<Sample nodeCount="23" insertCount="1421" extractCount="1408" duration="297465"/>
			<Sample nodeCount="24" insertCount="1482" extractCount="1470" duration="315084"/>
			<Sample nodeCount="25" insertCount="1544" extractCount="1531" duration="369643"/>
			<Sample nodeCount="26" insertCount="1606" extractCount="1592" duration="345660"/>
			<Sample nodeCount="27" insertCount="1667" extractCount="1654" duration="397699"/>
			<Sample nodeCount="28" insertCount="1730" extractCount="1714" duration="374073"/>
			<Sample nodeCount="29" insertCount="1790" extractCount="1777" duration="392406"/>
			<Sample nodeCount="30" insertCount="1853" extractCount="1837" duration="444235"/>
			<Sample nodeCount="31" insertCount="1915" extractCount="1898" duration="421764"/>
			<Sample nodeCount="32" insertCount="1976" extractCount="1960" duration="441924"/>
			<Sample nodeCount="33" insertCount="2035" extractCount="2024" duration="496273"/>
			<Sample nodeCount="34" insertCount="2099" extractCount="2083" duration="514165"/>
			<Sample nodeCount="35" insertCount="2163" extractCount="2142" duration="492219"/>
			<Sample nodeCount="36" insertCount="2221" extractCount="2207" duration="506898"/>
			<Sample nodeCount="37" insertCount="2285" extractCount="2266" duration="528591"/>
			<Sample nodeCount="38" insertCount="2348" extractCount="2326" duration="585607"/>
			<Sample nodeCount="39" insertCount="2407" extractCount="2390" duration="604843"/>
			<Sample nodeCount="40" insertCount="2469" extractCount="2451" duration="623638"/>
			<Sample nodeCount="41" insertCount="2531" extractCount="2512" duration="639892"/>
			<Sample nodeCount="42" insertCount="2594" extractCount="2572" duration="621642"/>
			<Sample nodeCount="43" insertCount="2655" extractCount="2634" duration="637266"/>
			<Sample nodeCount="44" insertCount="2717" extractCount="2695" duration="655830"/>
			<Sample nodeCount="45" insertCount="2778" extractCount="2757" duration="671895"/>
			<Sample nodeCount="46" insertCount="2842" extractCount="2816" duration="694932"/>
			<Sample nodeCount="47" insertCount="2903" extractCount="2878" duration="705432"/>
			<Sample nodeCount="48" insertCount="2963" extractCount="2941" duration="722253"/>
			<Sample nodeCount="49" insertCount="3027" extractCount="3000" duration="745836"/>
			<Sample nodeCount="50" insertCount="3085" extractCount="3065" duration="762048"/>
			<Sample nodeCount="51" insertCount="3148" extractCount="3125" duration="782523"/>
			<Sample nodeCount="52" insertCount="3210" extractCount="3186" duration="836536"/>
			<Sample nodeCount="53" insertCount="3270" extractCount="3249" duration="857284"/>
			<Sample nodeCount="54" insertCount="3333" extractCount="3309" duration="876877"/>
			<Sample nodeCount="55" insertCount="3394" extractCount="3371" duration="895126"/>
			<Sample nodeCount="56" insertCount="3457" extractCount="3431" duration="913564"/>
			<Sample nodeCount="57" insertCount="3521" extractCount="3490" duration="934732"/>
			<Sample nodeCount="58" insertCount="3583" extractCount="3551" duration="907830"/>
			<Sample nodeCount="59" insertCount="3645" extractCount="3612" duration="969130"/>
			<Sample nodeCount="60" insertCount="3706" extractCount="3674" duration="993112"/>
			<Sample nodeCount="61" insertCount="3768" extractCount="3735" duration="1016212"/>
			<Sample nodeCount="62" insertCount="3827" extractCount="3799" duration="1028245"/>
			<Sample nodeCount="63" insertCount="3893" extractCount="3856" duration="1047628"/>
			<Sample nodeCount="64" insertCount="3953" extractCount="3919" duration="1067494"/>
			<Sample nodeCount="65" insertCount="4013" extractCount="3982" duration="1090258"/>
			<Sample nodeCount="66" insertCount="4076" extractCount="4042" duration="1110565"/>
			<Sample nodeCount="67" insertCount="4138" extractCount="4103" duration="1129906"/>
			<Sample nodeCount="68" insertCount="4195" extractCount="4169" duration="1149100"/>
			<Sample nodeCount="69" insertCount="4261" extractCount="4226" duration="1164262"/>
			<Sample nodeCount="70" insertCount="4321" extractCount="4289" duration="1184905"/>
			<Sample nodeCount="71" insertCount="4387" extractCount="4346" duration="1209538"/>
			<Sample nodeCount="72" insertCount="4451" extractCount="4405" duration="1264559"/>
			<Sample nodeCount="73" insertCount="4507" extractCount="4472" duration="1241017"/>
			<Sample nodeCount="74" insertCount="4569" extractCount="4533" duration="1266763"/>
			<Sample nodeCount="75" insertCount="4633" extractCount="4592" duration="1284529"/>
			<Sample nodeCount="76" insertCount="4693" extractCount="4655" duration="1296142"/>
			<Sample nodeCount="77" insertCount="4754" extractCount="4717" duration="1350092"/>
			<Sample nodeCount="78" insertCount="4814" extractCount="4780" duration="1335307"/>
			<Sample nodeCount="79" insertCount="4878" extractCount="4839" duration="1352737"/>
			<Sample nodeCount="80" insertCount="4940" extractCount="4900" duration="1362250"/>
			<Sample nodeCount="81" insertCount="5003" extractCount="4960" duration="1423949"/>
			<Sample nodeCount="82" insertCount="5065" extractCount="5021" duration="1402465"/>
			<Sample nodeCount="83" insertCount="5126" extractCount="5083" duration="1419727"/>
			<Sample nodeCount="84" insertCount="5190" extractCount="5142" duration="1452550"/>
			<Sample nodeCount="85" insertCount="5246" extractCount="5209" duration="1495643"/>
			<Sample nodeCount="86" insertCount="5311" extractCount="5267" duration="1522880"/>
			<Sample nodeCount="87" insertCount="5372" extractCount="5329" duration="1536971"/>
			<Sample nodeCount="88" insertCount="5432" extractCount="5392" duration="1529074"/>
			<Sample nodeCount="89" insertCount="5494" extractCount="5453" duration="1540540"/>
			<Sample nodeCount="90" insertCount="5561" extractCount="5509" duration="1564879"/>
			<Sample nodeCount="91" insertCount="5619" extractCount="5574" duration="1582960"/>
			<Sample nodeCount="92" insertCount="5682" extractCount="5634" duration="1604590"/>
			<Sample nodeCount="93" insertCount="5743" extractCount="5696" duration="1625191"/>
			<Sample nodeCount="94" insertCount="5802" extractCount="5760" duration="1642726"/>
			<Sample nodeCount="95" insertCount="5865" extractCount="5820" duration="1655074"/>
			<Sample nodeCount="96" insertCount="5931" extractCount="5877" duration="1677145"/>
			<Sample nodeCount="97" insertCount="5988" extractCount="5943" duration="1707259"/>
			<Sample nodeCount="98" insertCount="6054" extractCount="6000" duration="1759361"/>
			<Sample nodeCount="99" insertCount="6113" extractCount="6064" duration="1784036"/>
			<Sample nodeCount="100" insertCount="6177" extractCount="6123" duration="1818770"/>
			<Sample nodeCount="101" insertCount="6235" extractCount="6188" duration="1827632"/>
			<Sample nodeCount="102" insertCount="6299" extractCount="6247" duration="1808353"/>
			<Sample nodeCount="103" insertCount="6360" extractCount="6309" duration="1871207"/>
			<Sample nodeCount="104" insertCount="6426" extractCount="6366" duration="1895000"/>
			<Sample nodeCount="105" insertCount="6484" extractCount="6431" duration="1917848"/>
			<Sample nodeCount="106" insertCount="6548" extractCount="6490" duration="1930217"/>
			<Sample nodeCount="107" insertCount="6610" extractCount="6551" duration="1960793"/>
			<Sample nodeCount="108" insertCount="6668" extractCount="6616" duration="1983326"/>
			<Sample nodeCount="109" insertCount="6732" extractCount="6675" duration="1994141"/>
			<Sample nodeCount="110" insertCount="6793" extractCount="6737" duration="2012054"/>
			<Sample nodeCount="111" insertCount="6853" extractCount="6800" duration="2047019"/>
			<Sample nodeCount="112" insertCount="6916" extractCount="6860" duration="2059052"/>
			<Sample nodeCount="113" insertCount="6976" extractCount="6923" duration="2078120"/>
			<Sample nodeCount="114" insertCount="7037" extractCount="6985" duration="2103908"/>
			<Sample nodeCount="115" insertCount="7102" extractCount="7043" duration="2128163"/>
			<Sample nodeCount="116" insertCount="7162" extractCount="7106" duration="2182050"/>
			<Sample nodeCount="117" insertCount="7223" extractCount="7168" duration="2170352"/>
			<Sample nodeCount="118" insertCount="7287" extractCount="7227" duration="2181062"/>
			<Sample nodeCount="119" insertCount="7350" extractCount="7287" duration="2209097"/>
			<Sample nodeCount="120" insertCount="7407" extractCount="7353" duration="2231504"/>
			<Sample nodeCount="121" insertCount="7472" extractCount="7411" duration="2244482"/>
			<Sample nodeCount="122" insertCount="7532" extractCount="7474" duration="2305971"/>
			<Sample nodeCount="123" insertCount="7596" extractCount="7533" duration="2296562"/>
			<Sample nodeCount="124" insertCount="7659" extractCount="7593" duration="2305235"/>
			<Sample nodeCount="125" insertCount="7721" extractCount="7654" duration="2367669"/>
			<Sample nodeCount="126" insertCount="7778" extractCount="7720" duration="2390034"/>
			<Sample nodeCount="127" insertCount="7839" extractCount="7782" duration="2372036"/>
		</SmallSetRandomOps>
		<LargeSetRandomOps>
		</LargeSetRandomOps>
		<SmallSetLinear>
			<Sample nodeCount="1" insertCount="10000" extractCount="10000" duration="537558"/>
			<Sample nodeCount="2" insertCount="10000" extractCount="10000" duration="1321048"/>
			<Sample nodeCount="3" insertCount="10000" extractCount="10000" duration="2674332"/>
			<Sample nodeCount="4" insertCount="10000" extractCount="10000" duration="4324303"/>
			<Sample nodeCount="5" insertCount="10000" extractCount="10000" duration="5995023"/>
			<Sample nodeCount="6" insertCount="10000" extractCount="10000" duration="7250131"/>
			<Sample nodeCount="7" insertCount="10000" extractCount="10000" duration="8753481"/>
			<Sample nodeCount="8" insertCount="10000" extractCount="10000" duration="10434742"/>
			<Sample nodeCount="9" insertCount="10000" extractCount="10000" duration="12808227"/>
			<Sample nodeCount="10" insertCount="10000" extractCount="10000" duration="14898045"/>
			<Sample nodeCount="11" insertCount="10000" extractCount="10000" duration="16636280"/>
			<Sample nodeCount="12" insertCount="10000" extractCount="10000" duration="19352821"/>
			<Sample nodeCount="13" insertCount="10000" extractCount="10000" duration="19242256"/>
			<Sample nodeCount="14" insertCount="10000" extractCount="10000" duration="24472605"/>
			<Sample nodeCount="15" insertCount="10000" extractCount="10000" duration="25425481"/>
			<Sample nodeCount="16" insertCount="10000" extractCount="10000" duration="27914698"/>
			<Sample nodeCount="17" insertCount="10000" extractCount="10000" duration="30103152"/>
			<Sample nodeCount="18" insertCount="10000" extractCount="10000" duration="32909427"/>
			<Sample nodeCount="19" insertCount="10000" extractCount="10000" duration="35721456"/>
			<Sample nodeCount="20" insertCount="10000" extractCount="10000" duration="37494424"/>
			<Sample nodeCount="21" insertCount="10000" extractCount="10000" duration="39565950"/>
			<Sample nodeCount="22" insertCount="10000" extractCount="10000" duration="42092610"/>
			<Sample nodeCount="23" insertCount="10000" extractCount="10000" duration="45004599"/>
			<Sample nodeCount="24" insertCount="10000" extractCount="10000" duration="47895294"/>
			<Sample nodeCount="25" insertCount="10000" extractCount="10000" duration="49892879"/>
			<Sample nodeCount="26" insertCount="10000" extractCount="10000" duration="51799849"/>
			<Sample nodeCount="27" insertCount="10000" extractCount="10000" duration="54190281"/>
			<Sample nodeCount="28" insertCount="10000" extractCount="10000" duration="57698061"/>
			<Sample nodeCount="29" insertCount="10000" extractCount="10000" duration="60888301"/>
			<Sample nodeCount="30" insertCount="10000" extractCount="10000" duration="60657931"/>
			<Sample nodeCount="31" insertCount="10000" extractCount="10000" duration="63189567"/>
			<Sample nodeCount="32" insertCount="10000" extractCount="10000" duration="65661543"/>
			<Sample nodeCount="33" insertCount="10000" extractCount="10000" duration="67602301"/>
			<Sample nodeCount="34" insertCount="10000" extractCount="10000" duration="68481887"/>
			<Sample nodeCount="35" insertCount="10000" extractCount="10000" duration="72514816"/>
			<Sample nodeCount="36" insertCount="10000" extractCount="10000" duration="74710473"/>
			<Sample nodeCount="37" insertCount="10000" extractCount="10000" duration="76882190"/>
			<Sample nodeCount="38" insertCount="10000" extractCount="10000" duration="81063504"/>
			<Sample nodeCount="39" insertCount="10000" extractCount="10000" duration="84749196"/>
			<Sample nodeCount="40" insertCount="10000" extractCount="10000" duration="86651316"/>
			<Sample nodeCount="41" insertCount="10000" extractCount="10000" duration="87780466"/>
			<Sample nodeCount="42" insertCount="10000" extractCount="10000" duration="90138705"/>
			<Sample nodeCount="43" insertCount="10000" extractCount="10000" duration="91828472"/>
			<Sample nodeCount="44" insertCount="10000" extractCount="10000" duration="94647703"/>
			<Sample nodeCount="45" insertCount="10000" extractCount="10000" duration="96944602"/>
			<Sample nodeCount="46" insertCount="10000" extractCount="10000" duration="98543396"/>
			<Sample nodeCount="47" insertCount="10000" extractCount="10000" duration="104477855"/>
			<Sample nodeCount="48" insertCount="10000" extractCount="10000" duration="104824545"/>
			<Sample nodeCount="49" insertCount="10000" extractCount="10000" duration="106157689"/>
			<Sample nodeCount="50" insertCount="10000" extractCount="10000" duration="109277390"/>
			<Sample nodeCount="51" insertCount="10000" extractCount="10000" duration="113303283"/>
			<Sample nodeCount="52" insertCount="10000" extractCount="10000" duration="115469204"/>
			<Sample nodeCount="53" insertCount="10000" extractCount="10000" duration="116179677"/>
			<Sample nodeCount="54" insertCount="10000" extractCount="10000" duration="119771793"/>
			<Sample nodeCount="55" insertCount="10000" extractCount="10000" duration="123311997"/>
			<Sample nodeCount="56" insertCount="10000" extractCount="10000" duration="125655935"/>
			<Sample nodeCount="57" insertCount="10000" extractCount="10000" duration="127004368"/>
			<Sample nodeCount="58" insertCount="10000" extractCount="10000" duration="130087003"/>
			<Sample nodeCount="59" insertCount="10000" extractCount="10000" duration="133763140"/>
			<Sample nodeCount="60" insertCount="10000" extractCount="10000" duration="134796111"/>
			<Sample nodeCount="61" insertCount="10000" extractCount="10000" duration="138220164"/>
			<Sample nodeCount="62" insertCount="10000" extractCount="10000" duration="141070476"/>
			<Sample nodeCount="63" insertCount="10000" extractCount="10000" duration="143444613"/>
			<Sample nodeCount="64" insertCount="10000" extractCount="10000" duration="146534640"/>
			<Sample nodeCount="65" insertCount="10000" extractCount="10000" duration="148897982"/>
			<Sample nodeCount="66" insertCount="10000" extractCount="10000" duration="152339214"/>
			<Sample nodeCount="67" insertCount="10000" extractCount="10000" duration="153326173"/>
			<Sample nodeCount="68" insertCount="10000" extractCount="10000" duration="155470464"/>
			<Sample nodeCount="69" insertCount="10000" extractCount="10000" duration="157288205"/>
			<Sample nodeCount="70" insertCount="10000" extractCount="10000" duration="160457066"/>
			<Sample nodeCount="71" insertCount="10000" extractCount="10000" duration="165615007"/>
			<Sample nodeCount="72" insertCount="10000" extractCount="10000" duration="167609819"/>
			<Sample nodeCount="73" insertCount="10000" extractCount="10000" duration="169224238"/>
			<Sample nodeCount="74" insertCount="10000" extractCount="10000" duration="171792499"/>
			<Sample nodeCount="75" insertCount="10000" extractCount="10000" duration="174222811"/>
			<Sample nodeCount="76" insertCount="10000" extractCount="10000" duration="175990025"/>
			<Sample nodeCount="77" insertCount="10000" extractCount="10000" duration="180065520"/>
			<Sample nodeCount="78" insertCount="10000" extractCount="10000" duration="183974821"/>
			<Sample nodeCount="79" insertCount="10000" extractCount="10000" duration="186223630"/>
			<Sample nodeCount="80" insertCount="10000" extractCount="10000" duration="188389005"/>
			<Sample nodeCount="81" insertCount="10000" extractCount="10000" duration="190612235"/>
			<Sample nodeCount="82" insertCount="10000" extractCount="10000" duration="192953611"/>
			<Sample nodeCount="83" insertCount="10000" extractCount="10000" duration="196462232"/>
			<Sample nodeCount="84" insertCount="10000" extractCount="10000" duration="199313930"/>
			<Sample nodeCount="85" insertCount="10000" extractCount="10000" duration="200371029"/>
			<Sample nodeCount="86" insertCount="10000" extractCount="10000" duration="203478590"/>
			<Sample nodeCount="87" insertCount="10000" extractCount="10000" duration="208223251"/>
			<Sample nodeCount="88" insertCount="10000" extractCount="10000" duration="209785589"/>
			<Sample nodeCount="89" insertCount="10000" extractCount="10000" duration="214182721"/>
			<Sample nodeCount="90" insertCount="10000" extractCount="10000" duration="215444780"/>
			<Sample nodeCount="91" insertCount="10000" extractCount="10000" duration="217536614"/>
			<Sample nodeCount="92" insertCount="10000" extractCount="10000" duration="221052542"/>
			<Sample nodeCount="93" insertCount="10000" extractCount="10000" duration="225003738"/>
			<Sample nodeCount="94" insertCount="10000" extractCount="10000" duration="225432852"/>
			<Sample nodeCount="95" insertCount="10000" extractCount="10000" duration="231092568"/>
			<Sample nodeCount="96" insertCount="10000" extractCount="10000" duration="232622503"/>
			<Sample nodeCount="97" insertCount="10000" extractCount="10000" duration="234898066"/>
			<Sample nodeCount="98" insertCount="10000" extractCount="10000" duration="237189735"/>
			<Sample nodeCount="99" insertCount="10000" extractCount="10000" duration="239376656"/>
			<Sample nodeCount="100" insertCount="10000" extractCount="10000" duration="244760809"/>
			<Sample nodeCount="101" insertCount="10000" extractCount="10000" duration="245410677"/>
			<Sample nodeCount="102" insertCount="10000" extractCount="10000" duration="249860203"/>
			<Sample nodeCount="103" insertCount="10000" extractCount="10000" duration="252206031"/>
			<Sample nodeCount="104" insertCount="10000" extractCount="10000" duration="254489406"/>
			<Sample nodeCount="105" insertCount="10000" extractCount="10000" duration="257839056"/>
			<Sample nodeCount="106" insertCount="10000" extractCount="10000" duration="261237909"/>
			<Sample nodeCount="107" insertCount="10000" extractCount="10000" duration="263188034"/>
			<Sample nodeCount="108" insertCount="10000" extractCount="10000" duration="266845251"/>
			<Sample nodeCount="109" insertCount="10000" extractCount="10000" duration="268065436"/>
			<Sample nodeCount="110" insertCount="10000" extractCount="10000" duration="273463702"/>
			<Sample nodeCount="111" insertCount="10000" extractCount="10000" duration="272820386"/>
			<Sample nodeCount="112" insertCount="10000" extractCount="10000" duration="276544699"/>
			<Sample nodeCount="113" insertCount="10000" extractCount="10000" duration="278266931"/>
			<Sample nodeCount="114" insertCount="10000" extractCount="10000" duration="282093093"/>
			<Sample nodeCount="115" insertCount="10000" extractCount="10000" duration="286010458"/>
			<Sample nodeCount="116" insertCount="10000" extractCount="10000" duration="289353284"/>
			<Sample nodeCount="117" insertCount="10000" extractCount="10000" duration="291814948"/>
			<Sample nodeCount="118" insertCount="10000" extractCount="10000" duration="295878242"/>
			<Sample nodeCount="119" insertCount="10000" extractCount="10000" duration="295919570"/>
			<Sample nodeCount="120" insertCount="10000" extractCount="10000" duration="301268717"/>
			<Sample nodeCount="121" insertCount="10000" extractCount="10000" duration="301341545"/>
			<Sample nodeCount="122" insertCount="10000" extractCount="10000" duration="304782188"/>
			<Sample nodeCount="123" insertCount="10000" extractCount="10000" duration="312093849"/>
			<Sample nodeCount="124" insertCount="10000" extractCount="10000" duration="311659653"/>
			<Sample nodeCount="125" insertCount="10000" extractCount="10000" duration="314357274"/>
			<Sample nodeCount="126" insertCount="10000" extractCount="10000" duration="316469141"/>
			<Sample nodeCount="127" insertCount="10000" extractCount="10000" duration="320830152"/>
		</SmallSetLinear>
		<LargeSetLinear>
		</LargeSetLinear>
	</RBTest>
	<RBTest implementation="RTEMS Compact" nodeSize="12">
		<SmallSetRandomOps>
			<Sample nodeCount="1" insertCount="62" extractCount="61" duration="6909"/>
			<Sample nodeCount="2" insertCount="123" extractCount="123" duration="13818"/>
			<Sample nodeCount="3" insertCount="186" extractCount="183" duration="23373"/>
			<Sample nodeCount="4" insertCount="247" extractCount="245" duration="71023"/>
			<Sample nodeCount="5" insertCount="309" extractCount="306" duration="44100"/>
			<Sample nodeCount="6" insertCount="370" extractCount="368" duration="54663"/>
			<Sample nodeCount="7" insertCount="433" extractCount="428" duration="65709"/>
			<Sample nodeCount="8" insertCount="493" extractCount="491" duration="76608"/>
			<Sample nodeCount="9" insertCount="557" extractCount="550" duration="88305"/>
			<Sample nodeCount="10" insertCount="619" extractCount="611" duration="97671"/>
			<Sample nodeCount="11" insertCount="680" extractCount="673" duration="108906"/>
			<Sample nodeCount="12" insertCount="740" extractCount="736" duration="156199"/>
			<Sample nodeCount="13" insertCount="803" extractCount="796" duration="130242"/>
			<Sample nodeCount="14" insertCount="864" extractCount="858" duration="140931"/>
			<Sample nodeCount="15" insertCount="927" extractCount="918" duration="151032"/>
			<Sample nodeCount="16" insertCount="988" extractCount="980" duration="201517"/>
			<Sample nodeCount="17" insertCount="1050" extractCount="1041" duration="176631"/>
			<Sample nodeCount="18" insertCount="1113" extractCount="1101" duration="185934"/>
			<Sample nodeCount="19" insertCount="1172" extractCount="1165" duration="199101"/>
			<Sample nodeCount="20" insertCount="1237" extractCount="1223" duration="210084"/>
			<Sample nodeCount="21" insertCount="1296" extractCount="1287" duration="221718"/>
			<Sample nodeCount="22" insertCount="1359" extractCount="1347" duration="230832"/>
			<Sample nodeCount="23" insertCount="1419" extractCount="1410" duration="243054"/>
			<Sample nodeCount="24" insertCount="1484" extractCount="1468" duration="255822"/>
			<Sample nodeCount="25" insertCount="1544" extractCount="1531" duration="266826"/>
			<Sample nodeCount="26" insertCount="1604" extractCount="1594" duration="276276"/>
			<Sample nodeCount="27" insertCount="1668" extractCount="1653" duration="291060"/>
			<Sample nodeCount="28" insertCount="1729" extractCount="1715" duration="343645"/>
			<Sample nodeCount="29" insertCount="1790" extractCount="1777" duration="315924"/>
			<Sample nodeCount="30" insertCount="1851" extractCount="1839" duration="361285"/>
			<Sample nodeCount="31" insertCount="1914" extractCount="1899" duration="342636"/>
			<Sample nodeCount="32" insertCount="1977" extractCount="1959" duration="351645"/>
			<Sample nodeCount="33" insertCount="2041" extractCount="2018" duration="399379"/>
			<Sample nodeCount="34" insertCount="2097" extractCount="2085" duration="370734"/>
			<Sample nodeCount="35" insertCount="2160" extractCount="2145" duration="386127"/>
			<Sample nodeCount="36" insertCount="2221" extractCount="2207" duration="437452"/>
			<Sample nodeCount="37" insertCount="2285" extractCount="2266" duration="412503"/>
			<Sample nodeCount="38" insertCount="2346" extractCount="2328" duration="421281"/>
			<Sample nodeCount="39" insertCount="2408" extractCount="2389" duration="469960"/>
			<Sample nodeCount="40" insertCount="2471" extractCount="2449" duration="449274"/>
			<Sample nodeCount="41" insertCount="2531" extractCount="2512" duration="455784"/>
			<Sample nodeCount="42" insertCount="2593" extractCount="2573" duration="510154"/>
			<Sample nodeCount="43" insertCount="2656" extractCount="2633" duration="524518"/>
			<Sample nodeCount="44" insertCount="2717" extractCount="2695" duration="534892"/>
			<Sample nodeCount="45" insertCount="2776" extractCount="2759" duration="502509"/>
			<Sample nodeCount="46" insertCount="2840" extractCount="2818" duration="514311"/>
			<Sample nodeCount="47" insertCount="2902" extractCount="2879" duration="577375"/>
			<Sample nodeCount="48" insertCount="2966" extractCount="2938" duration="580693"/>
			<Sample nodeCount="49" insertCount="3026" extractCount="3001" duration="598018"/>
			<Sample nodeCount="50" insertCount="3084" extractCount="3066" duration="569793"/>
			<Sample nodeCount="51" insertCount="3151" extractCount="3122" duration="581469"/>
			<Sample nodeCount="52" insertCount="3209" extractCount="3187" duration="595014"/>
			<Sample nodeCount="53" insertCount="3273" extractCount="3246" duration="648607"/>
			<Sample nodeCount="54" insertCount="3337" extractCount="3305" duration="657868"/>
			<Sample nodeCount="55" insertCount="3400" extractCount="3365" duration="668263"/>
			<Sample nodeCount="56" insertCount="3458" extractCount="3430" duration="680086"/>
			<Sample nodeCount="57" insertCount="3521" extractCount="3490" duration="695479"/>
			<Sample nodeCount="58" insertCount="3580" extractCount="3554" duration="693883"/>
			<Sample nodeCount="59" insertCount="3647" extractCount="3610" duration="698146"/>
			<Sample nodeCount="60" insertCount="3706" extractCount="3674" duration="703522"/>
			<Sample nodeCount="61" insertCount="3766" extractCount="3737" duration="719839"/>
			<Sample nodeCount="62" insertCount="3828" extractCount="3798" duration="730108"/>
			<Sample nodeCount="63" insertCount="3888" extractCount="3861" duration="740188"/>
			<Sample nodeCount="64" insertCount="3952" extractCount="3920" duration="754825"/>
			<Sample nodeCount="65" insertCount="4014" extractCount="3981" duration="770596"/>
			<Sample nodeCount="66" insertCount="4077" extractCount="4041" duration="782146"/>
			<Sample nodeCount="67" insertCount="4136" extractCount="4105" duration="788488"/>
			<Sample nodeCount="68" insertCount="4200" extractCount="4164" duration="801823"/>
			<Sample nodeCount="69" insertCount="4263" extractCount="4224" duration="818896"/>
			<Sample nodeCount="70" insertCount="4325" extractCount="4285" duration="823999"/>
			<Sample nodeCount="71" insertCount="4381" extractCount="4352" duration="844705"/>
			<Sample nodeCount="72" insertCount="4448" extractCount="4408" duration="853042"/>
			<Sample nodeCount="73" insertCount="4507" extractCount="4472" duration="870010"/>
			<Sample nodeCount="74" insertCount="4571" extractCount="4531" duration="832209"/>
			<Sample nodeCount="75" insertCount="4631" extractCount="4594" duration="886642"/>
			<Sample nodeCount="76" insertCount="4693" extractCount="4655" duration="898381"/>
			<Sample nodeCount="77" insertCount="4755" extractCount="4716" duration="913690"/>
			<Sample nodeCount="78" insertCount="4817" extractCount="4777" duration="930616"/>
			<Sample nodeCount="79" insertCount="4877" extractCount="4840" duration="937567"/>
			<Sample nodeCount="80" insertCount="4942" extractCount="4898" duration="914277"/>
			<Sample nodeCount="81" insertCount="5002" extractCount="4961" duration="957412"/>
			<Sample nodeCount="82" insertCount="5063" extractCount="5023" duration="970432"/>
			<Sample nodeCount="83" insertCount="5124" extractCount="5085" duration="992356"/>
			<Sample nodeCount="84" insertCount="5187" extractCount="5145" duration="1006447"/>
			<Sample nodeCount="85" insertCount="5250" extractCount="5205" duration="1014343"/>
			<Sample nodeCount="86" insertCount="5314" extractCount="5264" duration="1029967"/>
			<Sample nodeCount="87" insertCount="5374" extractCount="5327" duration="1045423"/>
			<Sample nodeCount="88" insertCount="5432" extractCount="5392" duration="1050484"/>
			<Sample nodeCount="89" insertCount="5490" extractCount="5457" duration="1067431"/>
			<Sample nodeCount="90" insertCount="5559" extractCount="5511" duration="1072954"/>
			<Sample nodeCount="91" insertCount="5621" extractCount="5572" duration="1083538"/>
			<Sample nodeCount="92" insertCount="5680" extractCount="5636" duration="1101787"/>
			<Sample nodeCount="93" insertCount="5740" extractCount="5699" duration="1115773"/>
			<Sample nodeCount="94" insertCount="5803" extractCount="5759" duration="1120477"/>
			<Sample nodeCount="95" insertCount="5862" extractCount="5823" duration="1141666"/>
			<Sample nodeCount="96" insertCount="5929" extractCount="5879" duration="1154602"/>
			<Sample nodeCount="97" insertCount="5993" extractCount="5938" duration="1175539"/>
			<Sample nodeCount="98" insertCount="6055" extractCount="5999" duration="1178794"/>
			<Sample nodeCount="99" insertCount="6113" extractCount="6064" duration="1200214"/>
			<Sample nodeCount="100" insertCount="6172" extractCount="6128" duration="1199899"/>
			<Sample nodeCount="101" insertCount="6238" extractCount="6185" duration="1258196"/>
			<Sample nodeCount="102" insertCount="6299" extractCount="6247" duration="1228921"/>
			<Sample nodeCount="103" insertCount="6363" extractCount="6306" duration="1245784"/>
			<Sample nodeCount="104" insertCount="6426" extractCount="6366" duration="1298222"/>
			<Sample nodeCount="105" insertCount="6481" extractCount="6434" duration="1269556"/>
			<Sample nodeCount="106" insertCount="6544" extractCount="6494" duration="1284445"/>
			<Sample nodeCount="107" insertCount="6607" extractCount="6554" duration="1329008"/>
			<Sample nodeCount="108" insertCount="6669" extractCount="6615" duration="1341104"/>
			<Sample nodeCount="109" insertCount="6732" extractCount="6675" duration="1316218"/>
			<Sample nodeCount="110" insertCount="6794" extractCount="6736" duration="1331758"/>
			<Sample nodeCount="111" insertCount="6852" extractCount="6801" duration="1348138"/>
			<Sample nodeCount="112" insertCount="6918" extractCount="6858" duration="1398602"/>
			<Sample nodeCount="113" insertCount="6981" extractCount="6918" duration="1410320"/>
			<Sample nodeCount="114" insertCount="7041" extractCount="6981" duration="1382284"/>
			<Sample nodeCount="115" insertCount="7103" extractCount="7042" duration="1400932"/>
			<Sample nodeCount="116" insertCount="7164" extractCount="7104" duration="1416388"/>
			<Sample nodeCount="117" insertCount="7225" extractCount="7166" duration="1428904"/>
			<Sample nodeCount="118" insertCount="7291" extractCount="7223" duration="1471997"/>
			<Sample nodeCount="119" insertCount="7350" extractCount="7287" duration="1490960"/>
			<Sample nodeCount="120" insertCount="7410" extractCount="7350" duration="1499444"/>
			<Sample nodeCount="121" insertCount="7471" extractCount="7412" duration="1514375"/>
			<Sample nodeCount="122" insertCount="7537" extractCount="7469" duration="1518386"/>
			<Sample nodeCount="123" insertCount="7593" extractCount="7536" duration="1497112"/>
			<Sample nodeCount="124" insertCount="7658" extractCount="7594" duration="1501312"/>
			<Sample nodeCount="125" insertCount="7718" extractCount="7657" duration="1516243"/>
			<Sample nodeCount="126" insertCount="7781" extractCount="7717" duration="1524580"/>
			<Sample nodeCount="127" insertCount="7840" extractCount="7781" duration="1546945"/>
		</SmallSetRandomOps>
		<LargeSetRandomOps>
		</LargeSetRandomOps>
		<SmallSetLinear>
			<Sample nodeCount="1" insertCount="10000" extractCount="10000" duration="658854"/>
			<Sample nodeCount="2" insertCount="10000" extractCount="10000" duration="1384573"/>
			<Sample nodeCount="3" insertCount="10000" extractCount="10000" duration="2650517"/>
			<Sample nodeCount="4" insertCount="10000" extractCount="10000" duration="4022932"/>
			<Sample nodeCount="5" insertCount="10000" extractCount="10000" duration="5299859"/>
			<Sample nodeCount="6" insertCount="10000" extractCount="10000" duration="6786220"/>
			<Sample nodeCount="7" insertCount="10000" extractCount="10000" duration="8035553"/>
			<Sample nodeCount="8" insertCount="10000" extractCount="10000" duration="9710367"/>
			<Sample nodeCount="9" insertCount="10000" extractCount="10000" duration="10936265"/>
			<Sample nodeCount="10" insertCount="10000" extractCount="10000" duration="12888343"/>
			<Sample nodeCount="11" insertCount="10000" extractCount="10000" duration="14084315"/>
			<Sample nodeCount="12" insertCount="10000" extractCount="10000" duration="16291607"/>
			<Sample nodeCount="13" insertCount="10000" extractCount="10000" duration="17529474"/>
			<Sample nodeCount="14" insertCount="10000" extractCount="10000" duration="19635251"/>
			<Sample nodeCount="15" insertCount="10000" extractCount="10000" duration="21201348"/>
			<Sample nodeCount="16" insertCount="10000" extractCount="10000" duration="23440665"/>
			<Sample nodeCount="17" insertCount="10000" extractCount="10000" duration="24681808"/>
			<Sample nodeCount="18" insertCount="10000" extractCount="10000" duration="26801235"/>
			<Sample nodeCount="19" insertCount="10000" extractCount="10000" duration="28006615"/>
			<Sample nodeCount="20" insertCount="10000" extractCount="10000" duration="29962116"/>
			<Sample nodeCount="21" insertCount="10000" extractCount="10000" duration="31128247"/>
			<Sample nodeCount="22" insertCount="10000" extractCount="10000" duration="33813793"/>
			<Sample nodeCount="23" insertCount="10000" extractCount="10000" duration="35231274"/>
			<Sample nodeCount="24" insertCount="10000" extractCount="10000" duration="37434806"/>
			<Sample nodeCount="25" insertCount="10000" extractCount="10000" duration="38714694"/>
			<Sample nodeCount="26" insertCount="10000" extractCount="10000" duration="41273525"/>
			<Sample nodeCount="27" insertCount="10000" extractCount="10000" duration="41958840"/>
			<Sample nodeCount="28" insertCount="10000" extractCount="10000" duration="45169932"/>
			<Sample nodeCount="29" insertCount="10000" extractCount="10000" duration="46297969"/>
			<Sample nodeCount="30" insertCount="10000" extractCount="10000" duration="48695268"/>
			<Sample nodeCount="31" insertCount="10000" extractCount="10000" duration="50522754"/>
			<Sample nodeCount="32" insertCount="10000" extractCount="10000" duration="52794599"/>
			<Sample nodeCount="33" insertCount="10000" extractCount="10000" duration="54315987"/>
			<Sample nodeCount="34" insertCount="10000" extractCount="10000" duration="56761145"/>
			<Sample nodeCount="35" insertCount="10000" extractCount="10000" duration="58256788"/>
			<Sample nodeCount="36" insertCount="10000" extractCount="10000" duration="60566391"/>
			<Sample nodeCount="37" insertCount="10000" extractCount="10000" duration="62164661"/>
			<Sample nodeCount="38" insertCount="10000" extractCount="10000" duration="64731599"/>
			<Sample nodeCount="39" insertCount="10000" extractCount="10000" duration="66056070"/>
			<Sample nodeCount="40" insertCount="10000" extractCount="10000" duration="68621390"/>
			<Sample nodeCount="41" insertCount="10000" extractCount="10000" duration="70004368"/>
			<Sample nodeCount="42" insertCount="10000" extractCount="10000" duration="72571347"/>
			<Sample nodeCount="43" insertCount="10000" extractCount="10000" duration="74086793"/>
			<Sample nodeCount="44" insertCount="10000" extractCount="10000" duration="76385644"/>
			<Sample nodeCount="45" insertCount="10000" extractCount="10000" duration="78002940"/>
			<Sample nodeCount="46" insertCount="10000" extractCount="10000" duration="81121716"/>
			<Sample nodeCount="47" insertCount="10000" extractCount="10000" duration="82451122"/>
			<Sample nodeCount="48" insertCount="10000" extractCount="10000" duration="84961696"/>
			<Sample nodeCount="49" insertCount="10000" extractCount="10000" duration="86608391"/>
			<Sample nodeCount="50" insertCount="10000" extractCount="10000" duration="89018354"/>
			<Sample nodeCount="51" insertCount="10000" extractCount="10000" duration="90540625"/>
			<Sample nodeCount="52" insertCount="10000" extractCount="10000" duration="93048531"/>
			<Sample nodeCount="53" insertCount="10000" extractCount="10000" duration="94586804"/>
			<Sample nodeCount="54" insertCount="10000" extractCount="10000" duration="97483022"/>
			<Sample nodeCount="55" insertCount="10000" extractCount="10000" duration="98879166"/>
			<Sample nodeCount="56" insertCount="10000" extractCount="10000" duration="101585250"/>
			<Sample nodeCount="57" insertCount="10000" extractCount="10000" duration="103226842"/>
			<Sample nodeCount="58" insertCount="10000" extractCount="10000" duration="105723451"/>
			<Sample nodeCount="59" insertCount="10000" extractCount="10000" duration="107207606"/>
			<Sample nodeCount="60" insertCount="10000" extractCount="10000" duration="109606145"/>
			<Sample nodeCount="61" insertCount="10000" extractCount="10000" duration="111126420"/>
			<Sample nodeCount="62" insertCount="10000" extractCount="10000" duration="114151284"/>
			<Sample nodeCount="63" insertCount="10000" extractCount="10000" duration="115970096"/>
			<Sample nodeCount="64" insertCount="10000" extractCount="10000" duration="118344526"/>
			<Sample nodeCount="65" insertCount="10000" extractCount="10000" duration="119983095"/>
			<Sample nodeCount="66" insertCount="10000" extractCount="10000" duration="122472626"/>
			<Sample nodeCount="67" insertCount="10000" extractCount="10000" duration="124304857"/>
			<Sample nodeCount="68" insertCount="10000" extractCount="10000" duration="127005187"/>
			<Sample nodeCount="69" insertCount="10000" extractCount="10000" duration="128398853"/>
			<Sample nodeCount="70" insertCount="10000" extractCount="10000" duration="131419076"/>
			<Sample nodeCount="71" insertCount="10000" extractCount="10000" duration="132973939"/>
			<Sample nodeCount="72" insertCount="10000" extractCount="10000" duration="135563913"/>
			<Sample nodeCount="73" insertCount="10000" extractCount="10000" duration="137294987"/>
			<Sample nodeCount="74" insertCount="10000" extractCount="10000" duration="139926773"/>
			<Sample nodeCount="75" insertCount="10000" extractCount="10000" duration="141742791"/>
			<Sample nodeCount="76" insertCount="10000" extractCount="10000" duration="144090405"/>
			<Sample nodeCount="77" insertCount="10000" extractCount="10000" duration="145644784"/>
			<Sample nodeCount="78" insertCount="10000" extractCount="10000" duration="148905647"/>
			<Sample nodeCount="79" insertCount="10000" extractCount="10000" duration="150844768"/>
			<Sample nodeCount="80" insertCount="10000" extractCount="10000" duration="153107163"/>
			<Sample nodeCount="81" insertCount="10000" extractCount="10000" duration="154674899"/>
			<Sample nodeCount="82" insertCount="10000" extractCount="10000" duration="157336715"/>
			<Sample nodeCount="83" insertCount="10000" extractCount="10000" duration="159117496"/>
			<Sample nodeCount="84" insertCount="10000" extractCount="10000" duration="161520591"/>
			<Sample nodeCount="85" insertCount="10000" extractCount="10000" duration="163506857"/>
			<Sample nodeCount="86" insertCount="10000" extractCount="10000" duration="166456120"/>
			<Sample nodeCount="87" insertCount="10000" extractCount="10000" duration="168025221"/>
			<Sample nodeCount="88" insertCount="10000" extractCount="10000" duration="170737710"/>
			<Sample nodeCount="89" insertCount="10000" extractCount="10000" duration="172378546"/>
			<Sample nodeCount="90" insertCount="10000" extractCount="10000" duration="175070371"/>
			<Sample nodeCount="91" insertCount="10000" extractCount="10000" duration="177050106"/>
			<Sample nodeCount="92" insertCount="10000" extractCount="10000" duration="179235137"/>
			<Sample nodeCount="93" insertCount="10000" extractCount="10000" duration="180848989"/>
			<Sample nodeCount="94" insertCount="10000" extractCount="10000" duration="184034629"/>
			<Sample nodeCount="95" insertCount="10000" extractCount="10000" duration="185833785"/>
			<Sample nodeCount="96" insertCount="10000" extractCount="10000" duration="188515467"/>
			<Sample nodeCount="97" insertCount="10000" extractCount="10000" duration="190187216"/>
			<Sample nodeCount="98" insertCount="10000" extractCount="10000" duration="193166299"/>
			<Sample nodeCount="99" insertCount="10000" extractCount="10000" duration="195035721"/>
			<Sample nodeCount="100" insertCount="10000" extractCount="10000" duration="197654676"/>
			<Sample nodeCount="101" insertCount="10000" extractCount="10000" duration="199398098"/>
			<Sample nodeCount="102" insertCount="10000" extractCount="10000" duration="202413806"/>
			<Sample nodeCount="103" insertCount="10000" extractCount="10000" duration="204235494"/>
			<Sample nodeCount="104" insertCount="10000" extractCount="10000" duration="206889981"/>
			<Sample nodeCount="105" insertCount="10000" extractCount="10000" duration="208563977"/>
			<Sample nodeCount="106" insertCount="10000" extractCount="10000" duration="211340032"/>
			<Sample nodeCount="107" insertCount="10000" extractCount="10000" duration="212847414"/>
			<Sample nodeCount="108" insertCount="10000" extractCount="10000" duration="215412756"/>
			<Sample nodeCount="109" insertCount="10000" extractCount="10000" duration="217206598"/>
			<Sample nodeCount="110" insertCount="10000" extractCount="10000" duration="220592536"/>
			<Sample nodeCount="111" insertCount="10000" extractCount="10000" duration="222340263"/>
			<Sample nodeCount="112" insertCount="10000" extractCount="10000" duration="225061887"/>
			<Sample nodeCount="113" insertCount="10000" extractCount="10000" duration="226683950"/>
			<Sample nodeCount="114" insertCount="10000" extractCount="10000" duration="229736135"/>
			<Sample nodeCount="115" insertCount="10000" extractCount="10000" duration="231435918"/>
			<Sample nodeCount="116" insertCount="10000" extractCount="10000" duration="233743233"/>
			<Sample nodeCount="117" insertCount="10000" extractCount="10000" duration="235423255"/>
			<Sample nodeCount="118" insertCount="10000" extractCount="10000" duration="238485646"/>
			<Sample nodeCount="119" insertCount="10000" extractCount="10000" duration="239753418"/>
			<Sample nodeCount="120" insertCount="10000" extractCount="10000" duration="242817783"/>
			<Sample nodeCount="121" insertCount="10000" extractCount="10000" duration="244705244"/>
			<Sample nodeCount="122" insertCount="10000" extractCount="10000" duration="247619710"/>
			<Sample nodeCount="123" insertCount="10000" extractCount="10000" duration="249370273"/>
			<Sample nodeCount="124" insertCount="10000" extractCount="10000" duration="251867112"/>
			<Sample nodeCount="125" insertCount="10000" extractCount="10000" duration="253446292"/>
			<Sample nodeCount="126" insertCount="10000" extractCount="10000" duration="256993511"/>
			<Sample nodeCount="127" insertCount="10000" extractCount="10000" duration="258942250"/>
		</SmallSetLinear>
		<LargeSetLinear>
		</LargeSetLinear>
	</RBTest>
	<RBTest implementation="RB New Compact" nodeSize="8">
		<SmallSetRandomOps>
			<Sample nodeCount="1" insertCount="62" extractCount="61" duration="3864"/>
			<Sample nodeCount="2" insertCount="123" extractCount="123" duration="9219"/>
			<Sample nodeCount="3" insertCount="186" extractCount="183" duration="15246"/>
			<Sample nodeCount="4" insertCount="247" extractCount="245" duration="23772"/>
			<Sample nodeCount="5" insertCount="309" extractCount="306" duration="34083"/>
			<Sample nodeCount="6" insertCount="370" extractCount="368" duration="43407"/>
			<Sample nodeCount="7" insertCount="433" extractCount="428" duration="53949"/>
			<Sample nodeCount="8" insertCount="493" extractCount="491" duration="64848"/>
			<Sample nodeCount="9" insertCount="557" extractCount="550" duration="75621"/>
			<Sample nodeCount="10" insertCount="619" extractCount="611" duration="85680"/>
			<Sample nodeCount="11" insertCount="680" extractCount="673" duration="98154"/>
			<Sample nodeCount="12" insertCount="740" extractCount="736" duration="111531"/>
			<Sample nodeCount="13" insertCount="803" extractCount="796" duration="125727"/>
			<Sample nodeCount="14" insertCount="864" extractCount="858" duration="140385"/>
			<Sample nodeCount="15" insertCount="927" extractCount="918" duration="187006"/>
			<Sample nodeCount="16" insertCount="988" extractCount="980" duration="166425"/>
			<Sample nodeCount="17" insertCount="1050" extractCount="1041" duration="180012"/>
			<Sample nodeCount="18" insertCount="1113" extractCount="1101" duration="236461"/>
			<Sample nodeCount="19" insertCount="1172" extractCount="1165" duration="213969"/>
			<Sample nodeCount="20" insertCount="1237" extractCount="1223" duration="265084"/>
			<Sample nodeCount="21" insertCount="1296" extractCount="1287" duration="240639"/>
			<Sample nodeCount="22" insertCount="1359" extractCount="1347" duration="292762"/>
			<Sample nodeCount="23" insertCount="1419" extractCount="1410" duration="266910"/>
			<Sample nodeCount="24" insertCount="1484" extractCount="1468" duration="320146"/>
			<Sample nodeCount="25" insertCount="1544" extractCount="1531" duration="294378"/>
			<Sample nodeCount="26" insertCount="1604" extractCount="1594" duration="308595"/>
			<Sample nodeCount="27" insertCount="1668" extractCount="1653" duration="362734"/>
			<Sample nodeCount="28" insertCount="1729" extractCount="1715" duration="336945"/>
			<Sample nodeCount="29" insertCount="1790" extractCount="1777" duration="390139"/>
			<Sample nodeCount="30" insertCount="1851" extractCount="1839" duration="365421"/>
			<Sample nodeCount="31" insertCount="1914" extractCount="1899" duration="383670"/>
			<Sample nodeCount="32" insertCount="1977" extractCount="1959" duration="436255"/>
			<Sample nodeCount="33" insertCount="2041" extractCount="2018" duration="411894"/>
			<Sample nodeCount="34" insertCount="2097" extractCount="2085" duration="429429"/>
			<Sample nodeCount="35" insertCount="2160" extractCount="2145" duration="485794"/>
			<Sample nodeCount="36" insertCount="2221" extractCount="2207" duration="502006"/>
			<Sample nodeCount="37" insertCount="2285" extractCount="2266" duration="476112"/>
			<Sample nodeCount="38" insertCount="2346" extractCount="2328" duration="498183"/>
			<Sample nodeCount="39" insertCount="2408" extractCount="2389" duration="550789"/>
			<Sample nodeCount="40" insertCount="2471" extractCount="2449" duration="570466"/>
			<Sample nodeCount="41" insertCount="2531" extractCount="2512" duration="580966"/>
			<Sample nodeCount="42" insertCount="2593" extractCount="2573" duration="554526"/>
			<Sample nodeCount="43" insertCount="2656" extractCount="2633" duration="585816"/>
			<Sample nodeCount="44" insertCount="2717" extractCount="2695" duration="602406"/>
			<Sample nodeCount="45" insertCount="2776" extractCount="2759" duration="652093"/>
			<Sample nodeCount="46" insertCount="2840" extractCount="2818" duration="673639"/>
			<Sample nodeCount="47" insertCount="2902" extractCount="2879" duration="689326"/>
			<Sample nodeCount="48" insertCount="2966" extractCount="2938" duration="709654"/>
			<Sample nodeCount="49" insertCount="3026" extractCount="3001" duration="734728"/>
			<Sample nodeCount="50" insertCount="3084" extractCount="3066" duration="755098"/>
			<Sample nodeCount="51" insertCount="3151" extractCount="3122" duration="767635"/>
			<Sample nodeCount="52" insertCount="3209" extractCount="3187" duration="786976"/>
			<Sample nodeCount="53" insertCount="3273" extractCount="3246" duration="809110"/>
			<Sample nodeCount="54" insertCount="3337" extractCount="3305" duration="823390"/>
			<Sample nodeCount="55" insertCount="3400" extractCount="3365" duration="844201"/>
			<Sample nodeCount="56" insertCount="3458" extractCount="3430" duration="863752"/>
			<Sample nodeCount="57" insertCount="3521" extractCount="3490" duration="838845"/>
			<Sample nodeCount="58" insertCount="3580" extractCount="3554" duration="899578"/>
			<Sample nodeCount="59" insertCount="3647" extractCount="3610" duration="926647"/>
			<Sample nodeCount="60" insertCount="3706" extractCount="3674" duration="935005"/>
			<Sample nodeCount="61" insertCount="3766" extractCount="3737" duration="961402"/>
			<Sample nodeCount="62" insertCount="3828" extractCount="3798" duration="931098"/>
			<Sample nodeCount="63" insertCount="3888" extractCount="3861" duration="987505"/>
			<Sample nodeCount="64" insertCount="3952" extractCount="3920" duration="1004935"/>
			<Sample nodeCount="65" insertCount="4014" extractCount="3981" duration="1025473"/>
			<Sample nodeCount="66" insertCount="4077" extractCount="4041" duration="1045381"/>
			<Sample nodeCount="67" insertCount="4136" extractCount="4105" duration="1067326"/>
			<Sample nodeCount="68" insertCount="4200" extractCount="4164" duration="1074235"/>
			<Sample nodeCount="69" insertCount="4263" extractCount="4224" duration="1096831"/>
			<Sample nodeCount="70" insertCount="4325" extractCount="4285" duration="1155254"/>
			<Sample nodeCount="71" insertCount="4381" extractCount="4352" duration="1126609"/>
			<Sample nodeCount="72" insertCount="4448" extractCount="4408" duration="1183331"/>
			<Sample nodeCount="73" insertCount="4507" extractCount="4472" duration="1160986"/>
			<Sample nodeCount="74" insertCount="4571" extractCount="4531" duration="1208321"/>
			<Sample nodeCount="75" insertCount="4631" extractCount="4594" duration="1191583"/>
			<Sample nodeCount="76" insertCount="4693" extractCount="4655" duration="1247717"/>
			<Sample nodeCount="77" insertCount="4755" extractCount="4716" duration="1223839"/>
			<Sample nodeCount="78" insertCount="4817" extractCount="4777" duration="1234108"/>
			<Sample nodeCount="79" insertCount="4877" extractCount="4840" duration="1254478"/>
			<Sample nodeCount="80" insertCount="4942" extractCount="4898" duration="1277578"/>
			<Sample nodeCount="81" insertCount="5002" extractCount="4961" duration="1332893"/>
			<Sample nodeCount="82" insertCount="5063" extractCount="5023" duration="1308805"/>
			<Sample nodeCount="83" insertCount="5124" extractCount="5085" duration="1327243"/>
			<Sample nodeCount="84" insertCount="5187" extractCount="5145" duration="1378001"/>
			<Sample nodeCount="85" insertCount="5250" extractCount="5205" duration="1404923"/>
			<Sample nodeCount="86" insertCount="5314" extractCount="5264" duration="1382158"/>
			<Sample nodeCount="87" insertCount="5374" extractCount="5327" duration="1399693"/>
			<Sample nodeCount="88" insertCount="5432" extractCount="5392" duration="1452698"/>
			<Sample nodeCount="89" insertCount="5490" extractCount="5457" duration="1473656"/>
			<Sample nodeCount="90" insertCount="5559" extractCount="5511" duration="1449526"/>
			<Sample nodeCount="91" insertCount="5621" extractCount="5572" duration="1468741"/>
			<Sample nodeCount="92" insertCount="5680" extractCount="5636" duration="1502677"/>
			<Sample nodeCount="93" insertCount="5740" extractCount="5699" duration="1519645"/>
			<Sample nodeCount="94" insertCount="5803" extractCount="5759" duration="1559630"/>
			<Sample nodeCount="95" insertCount="5862" extractCount="5823" duration="1603814"/>
			<Sample nodeCount="96" insertCount="5929" extractCount="5879" duration="1603709"/>
			<Sample nodeCount="97" insertCount="5993" extractCount="5938" duration="1625864"/>
			<Sample nodeCount="98" insertCount="6055" extractCount="5999" duration="1646003"/>
			<Sample nodeCount="99" insertCount="6113" extractCount="6064" duration="1679645"/>
			<Sample nodeCount="100" insertCount="6172" extractCount="6128" duration="1692623"/>
			<Sample nodeCount="101" insertCount="6238" extractCount="6185" duration="1718348"/>
			<Sample nodeCount="102" insertCount="6299" extractCount="6247" duration="1731053"/>
			<Sample nodeCount="103" insertCount="6363" extractCount="6306" duration="1704634"/>
			<Sample nodeCount="104" insertCount="6426" extractCount="6366" duration="1734790"/>
			<Sample nodeCount="105" insertCount="6481" extractCount="6434" duration="1795691"/>
			<Sample nodeCount="106" insertCount="6544" extractCount="6494" duration="1816838"/>
			<Sample nodeCount="107" insertCount="6607" extractCount="6554" duration="1817573"/>
			<Sample nodeCount="108" insertCount="6669" extractCount="6615" duration="1811482"/>
			<Sample nodeCount="109" insertCount="6732" extractCount="6675" duration="1873769"/>
			<Sample nodeCount="110" insertCount="6794" extractCount="6736" duration="1893362"/>
			<Sample nodeCount="111" insertCount="6852" extractCount="6801" duration="1866292"/>
			<Sample nodeCount="112" insertCount="6918" extractCount="6858" duration="1930364"/>
			<Sample nodeCount="113" insertCount="6981" extractCount="6918" duration="1957895"/>
			<Sample nodeCount="114" insertCount="7041" extractCount="6981" duration="1969739"/>
			<Sample nodeCount="115" insertCount="7103" extractCount="7042" duration="1993721"/>
			<Sample nodeCount="116" insertCount="7164" extractCount="7104" duration="2021756"/>
			<Sample nodeCount="117" insertCount="7225" extractCount="7166" duration="2034377"/>
			<Sample nodeCount="118" insertCount="7291" extractCount="7223" duration="2053739"/>
			<Sample nodeCount="119" insertCount="7350" extractCount="7287" duration="2095529"/>
			<Sample nodeCount="120" insertCount="7410" extractCount="7350" duration="2140827"/>
			<Sample nodeCount="121" insertCount="7471" extractCount="7412" duration="2114765"/>
			<Sample nodeCount="122" insertCount="7537" extractCount="7469" duration="2139902"/>
			<Sample nodeCount="123" insertCount="7593" extractCount="7536" duration="2151956"/>
			<Sample nodeCount="124" insertCount="7658" extractCount="7594" duration="2172893"/>
			<Sample nodeCount="125" insertCount="7718" extractCount="7657" duration="2250678"/>
			<Sample nodeCount="126" insertCount="7781" extractCount="7717" duration="2221676"/>
			<Sample nodeCount="127" insertCount="7840" extractCount="7781" duration="2253848"/>
		</SmallSetRandomOps>
		<LargeSetRandomOps>
		</LargeSetRandomOps>
		<SmallSetLinear>
			<Sample nodeCount="1" insertCount="10000" extractCount="10000" duration="362377"/>
			<Sample nodeCount="2" insertCount="10000" extractCount="10000" duration="934186"/>
			<Sample nodeCount="3" insertCount="10000" extractCount="10000" duration="1653983"/>
			<Sample nodeCount="4" insertCount="10000" extractCount="10000" duration="3061320"/>
			<Sample nodeCount="5" insertCount="10000" extractCount="10000" duration="4173922"/>
			<Sample nodeCount="6" insertCount="10000" extractCount="10000" duration="5405889"/>
			<Sample nodeCount="7" insertCount="10000" extractCount="10000" duration="6498898"/>
			<Sample nodeCount="8" insertCount="10000" extractCount="10000" duration="8052773"/>
			<Sample nodeCount="9" insertCount="10000" extractCount="10000" duration="9371112"/>
			<Sample nodeCount="10" insertCount="10000" extractCount="10000" duration="11338626"/>
			<Sample nodeCount="11" insertCount="10000" extractCount="10000" duration="12487138"/>
			<Sample nodeCount="12" insertCount="10000" extractCount="10000" duration="14417250"/>
			<Sample nodeCount="13" insertCount="10000" extractCount="10000" duration="15711439"/>
			<Sample nodeCount="14" insertCount="10000" extractCount="10000" duration="17634179"/>
			<Sample nodeCount="15" insertCount="10000" extractCount="10000" duration="18813919"/>
			<Sample nodeCount="16" insertCount="10000" extractCount="10000" duration="20873307"/>
			<Sample nodeCount="17" insertCount="10000" extractCount="10000" duration="22791680"/>
			<Sample nodeCount="18" insertCount="10000" extractCount="10000" duration="25116991"/>
			<Sample nodeCount="19" insertCount="10000" extractCount="10000" duration="26379239"/>
			<Sample nodeCount="20" insertCount="10000" extractCount="10000" duration="28542620"/>
			<Sample nodeCount="21" insertCount="10000" extractCount="10000" duration="31248913"/>
			<Sample nodeCount="22" insertCount="10000" extractCount="10000" duration="33294294"/>
			<Sample nodeCount="23" insertCount="10000" extractCount="10000" duration="34527667"/>
			<Sample nodeCount="24" insertCount="10000" extractCount="10000" duration="36564607"/>
			<Sample nodeCount="25" insertCount="10000" extractCount="10000" duration="38947542"/>
			<Sample nodeCount="26" insertCount="10000" extractCount="10000" duration="41126798"/>
			<Sample nodeCount="27" insertCount="10000" extractCount="10000" duration="42716142"/>
			<Sample nodeCount="28" insertCount="10000" extractCount="10000" duration="44793801"/>
			<Sample nodeCount="29" insertCount="10000" extractCount="10000" duration="48176316"/>
			<Sample nodeCount="30" insertCount="10000" extractCount="10000" duration="49720763"/>
			<Sample nodeCount="31" insertCount="10000" extractCount="10000" duration="50908062"/>
			<Sample nodeCount="32" insertCount="10000" extractCount="10000" duration="52865915"/>
			<Sample nodeCount="33" insertCount="10000" extractCount="10000" duration="56004557"/>
			<Sample nodeCount="34" insertCount="10000" extractCount="10000" duration="58775195"/>
			<Sample nodeCount="35" insertCount="10000" extractCount="10000" duration="60306244"/>
			<Sample nodeCount="36" insertCount="10000" extractCount="10000" duration="62451942"/>
			<Sample nodeCount="37" insertCount="10000" extractCount="10000" duration="64962494"/>
			<Sample nodeCount="38" insertCount="10000" extractCount="10000" duration="67378861"/>
			<Sample nodeCount="39" insertCount="10000" extractCount="10000" duration="68585018"/>
			<Sample nodeCount="40" insertCount="10000" extractCount="10000" duration="70688402"/>
			<Sample nodeCount="41" insertCount="10000" extractCount="10000" duration="73751276"/>
			<Sample nodeCount="42" insertCount="10000" extractCount="10000" duration="77717150"/>
			<Sample nodeCount="43" insertCount="10000" extractCount="10000" duration="79218841"/>
			<Sample nodeCount="44" insertCount="10000" extractCount="10000" duration="81395556"/>
			<Sample nodeCount="45" insertCount="10000" extractCount="10000" duration="84067284"/>
			<Sample nodeCount="46" insertCount="10000" extractCount="10000" duration="86209706"/>
			<Sample nodeCount="47" insertCount="10000" extractCount="10000" duration="87560764"/>
			<Sample nodeCount="48" insertCount="10000" extractCount="10000" duration="89714252"/>
			<Sample nodeCount="49" insertCount="10000" extractCount="10000" duration="92852139"/>
			<Sample nodeCount="50" insertCount="10000" extractCount="10000" duration="97085512"/>
			<Sample nodeCount="51" insertCount="10000" extractCount="10000" duration="98853714"/>
			<Sample nodeCount="52" insertCount="10000" extractCount="10000" duration="101004242"/>
			<Sample nodeCount="53" insertCount="10000" extractCount="10000" duration="103711481"/>
			<Sample nodeCount="54" insertCount="10000" extractCount="10000" duration="106069048"/>
			<Sample nodeCount="55" insertCount="10000" extractCount="10000" duration="107457276"/>
			<Sample nodeCount="56" insertCount="10000" extractCount="10000" duration="109405805"/>
			<Sample nodeCount="57" insertCount="10000" extractCount="10000" duration="112445158"/>
			<Sample nodeCount="58" insertCount="10000" extractCount="10000" duration="116621180"/>
			<Sample nodeCount="59" insertCount="10000" extractCount="10000" duration="118131040"/>
			<Sample nodeCount="60" insertCount="10000" extractCount="10000" duration="120205884"/>
			<Sample nodeCount="61" insertCount="10000" extractCount="10000" duration="123141099"/>
			<Sample nodeCount="62" insertCount="10000" extractCount="10000" duration="125256998"/>
			<Sample nodeCount="63" insertCount="10000" extractCount="10000" duration="126702702"/>
			<Sample nodeCount="64" insertCount="10000" extractCount="10000" duration="128882757"/>
			<Sample nodeCount="65" insertCount="10000" extractCount="10000" duration="131809424"/>
			<Sample nodeCount="66" insertCount="10000" extractCount="10000" duration="136611017"/>
			<Sample nodeCount="67" insertCount="10000" extractCount="10000" duration="138736765"/>
			<Sample nodeCount="68" insertCount="10000" extractCount="10000" duration="141202125"/>
			<Sample nodeCount="69" insertCount="10000" extractCount="10000" duration="143999979"/>
			<Sample nodeCount="70" insertCount="10000" extractCount="10000" duration="146504127"/>
			<Sample nodeCount="71" insertCount="10000" extractCount="10000" duration="148002247"/>
			<Sample nodeCount="72" insertCount="10000" extractCount="10000" duration="150416410"/>
			<Sample nodeCount="73" insertCount="10000" extractCount="10000" duration="153471871"/>
			<Sample nodeCount="74" insertCount="10000" extractCount="10000" duration="157870828"/>
			<Sample nodeCount="75" insertCount="10000" extractCount="10000" duration="159444949"/>
			<Sample nodeCount="76" insertCount="10000" extractCount="10000" duration="161609841"/>
			<Sample nodeCount="77" insertCount="10000" extractCount="10000" duration="164410487"/>
			<Sample nodeCount="78" insertCount="10000" extractCount="10000" duration="166548163"/>
			<Sample nodeCount="79" insertCount="10000" extractCount="10000" duration="168094878"/>
			<Sample nodeCount="80" insertCount="10000" extractCount="10000" duration="170067557"/>
			<Sample nodeCount="81" insertCount="10000" extractCount="10000" duration="173112098"/>
			<Sample nodeCount="82" insertCount="10000" extractCount="10000" duration="178054327"/>
			<Sample nodeCount="83" insertCount="10000" extractCount="10000" duration="182278586"/>
			<Sample nodeCount="84" insertCount="10000" extractCount="10000" duration="184386274"/>
			<Sample nodeCount="85" insertCount="10000" extractCount="10000" duration="187482812"/>
			<Sample nodeCount="86" insertCount="10000" extractCount="10000" duration="189726790"/>
			<Sample nodeCount="87" insertCount="10000" extractCount="10000" duration="191278250"/>
			<Sample nodeCount="88" insertCount="10000" extractCount="10000" duration="193391335"/>
			<Sample nodeCount="89" insertCount="10000" extractCount="10000" duration="196370545"/>
			<Sample nodeCount="90" insertCount="10000" extractCount="10000" duration="200815788"/>
			<Sample nodeCount="91" insertCount="10000" extractCount="10000" duration="202423088"/>
			<Sample nodeCount="92" insertCount="10000" extractCount="10000" duration="204551629"/>
			<Sample nodeCount="93" insertCount="10000" extractCount="10000" duration="207258384"/>
			<Sample nodeCount="94" insertCount="10000" extractCount="10000" duration="209513534"/>
			<Sample nodeCount="95" insertCount="10000" extractCount="10000" duration="211062328"/>
			<Sample nodeCount="96" insertCount="10000" extractCount="10000" duration="213216111"/>
			<Sample nodeCount="97" insertCount="10000" extractCount="10000" duration="216366135"/>
			<Sample nodeCount="98" insertCount="10000" extractCount="10000" duration="221280161"/>
			<Sample nodeCount="99" insertCount="10000" extractCount="10000" duration="225975493"/>
			<Sample nodeCount="100" insertCount="10000" extractCount="10000" duration="228336442"/>
			<Sample nodeCount="101" insertCount="10000" extractCount="10000" duration="231211639"/>
			<Sample nodeCount="102" insertCount="10000" extractCount="10000" duration="233690271"/>
			<Sample nodeCount="103" insertCount="10000" extractCount="10000" duration="235431949"/>
			<Sample nodeCount="104" insertCount="10000" extractCount="10000" duration="237819421"/>
			<Sample nodeCount="105" insertCount="10000" extractCount="10000" duration="240842962"/>
			<Sample nodeCount="106" insertCount="10000" extractCount="10000" duration="245165375"/>
			<Sample nodeCount="107" insertCount="10000" extractCount="10000" duration="246849346"/>
			<Sample nodeCount="108" insertCount="10000" extractCount="10000" duration="248868561"/>
			<Sample nodeCount="109" insertCount="10000" extractCount="10000" duration="251727461"/>
			<Sample nodeCount="110" insertCount="10000" extractCount="10000" duration="253871333"/>
			<Sample nodeCount="111" insertCount="10000" extractCount="10000" duration="255375669"/>
			<Sample nodeCount="112" insertCount="10000" extractCount="10000" duration="257539028"/>
			<Sample nodeCount="113" insertCount="10000" extractCount="10000" duration="260584494"/>
			<Sample nodeCount="114" insertCount="10000" extractCount="10000" duration="265425607"/>
			<Sample nodeCount="115" insertCount="10000" extractCount="10000" duration="270457212"/>
			<Sample nodeCount="116" insertCount="10000" extractCount="10000" duration="272812029"/>
			<Sample nodeCount="117" insertCount="10000" extractCount="10000" duration="275682521"/>
			<Sample nodeCount="118" insertCount="10000" extractCount="10000" duration="277796783"/>
			<Sample nodeCount="119" insertCount="10000" extractCount="10000" duration="279404838"/>
			<Sample nodeCount="120" insertCount="10000" extractCount="10000" duration="281652849"/>
			<Sample nodeCount="121" insertCount="10000" extractCount="10000" duration="284698524"/>
			<Sample nodeCount="122" insertCount="10000" extractCount="10000" duration="288754951"/>
			<Sample nodeCount="123" insertCount="10000" extractCount="10000" duration="290437599"/>
			<Sample nodeCount="124" insertCount="10000" extractCount="10000" duration="292659253"/>
			<Sample nodeCount="125" insertCount="10000" extractCount="10000" duration="295477498"/>
			<Sample nodeCount="126" insertCount="10000" extractCount="10000" duration="297674500"/>
			<Sample nodeCount="127" insertCount="10000" extractCount="10000" duration="299257964"/>
		</SmallSetLinear>
		<LargeSetLinear>
		</LargeSetLinear>
	</RBTest>
	<RBTest implementation="RTEMS" nodeSize="16">
		<SmallSetRandomOps>
			<Sample nodeCount="1" insertCount="62" extractCount="61" duration="7056"/>
			<Sample nodeCount="2" insertCount="123" extractCount="123" duration="13713"/>
			<Sample nodeCount="3" insertCount="186" extractCount="183" duration="23100"/>
			<Sample nodeCount="4" insertCount="247" extractCount="245" duration="32046"/>
			<Sample nodeCount="5" insertCount="309" extractCount="306" duration="43701"/>
			<Sample nodeCount="6" insertCount="370" extractCount="368" duration="54117"/>
			<Sample nodeCount="7" insertCount="433" extractCount="428" duration="64827"/>
			<Sample nodeCount="8" insertCount="493" extractCount="491" duration="74865"/>
			<Sample nodeCount="9" insertCount="557" extractCount="550" duration="86037"/>
			<Sample nodeCount="10" insertCount="619" extractCount="611" duration="95067"/>
			<Sample nodeCount="11" insertCount="680" extractCount="673" duration="105483"/>
			<Sample nodeCount="12" insertCount="740" extractCount="736" duration="114093"/>
			<Sample nodeCount="13" insertCount="803" extractCount="796" duration="165313"/>
			<Sample nodeCount="14" insertCount="864" extractCount="858" duration="137655"/>
			<Sample nodeCount="15" insertCount="927" extractCount="918" duration="146958"/>
			<Sample nodeCount="16" insertCount="988" extractCount="980" duration="157668"/>
			<Sample nodeCount="17" insertCount="1050" extractCount="1041" duration="209875"/>
			<Sample nodeCount="18" insertCount="1113" extractCount="1101" duration="180327"/>
			<Sample nodeCount="19" insertCount="1172" extractCount="1165" duration="233164"/>
			<Sample nodeCount="20" insertCount="1237" extractCount="1223" duration="204855"/>
			<Sample nodeCount="21" insertCount="1296" extractCount="1287" duration="254542"/>
			<Sample nodeCount="22" insertCount="1359" extractCount="1347" duration="224910"/>
			<Sample nodeCount="23" insertCount="1419" extractCount="1410" duration="273631"/>
			<Sample nodeCount="24" insertCount="1484" extractCount="1468" duration="249795"/>
			<Sample nodeCount="25" insertCount="1544" extractCount="1531" duration="298138"/>
			<Sample nodeCount="26" insertCount="1604" extractCount="1594" duration="269430"/>
			<Sample nodeCount="27" insertCount="1668" extractCount="1653" duration="320860"/>
			<Sample nodeCount="28" insertCount="1729" extractCount="1715" duration="296835"/>
			<Sample nodeCount="29" insertCount="1790" extractCount="1777" duration="309204"/>
			<Sample nodeCount="30" insertCount="1851" extractCount="1839" duration="314895"/>
			<Sample nodeCount="31" insertCount="1914" extractCount="1899" duration="333648"/>
			<Sample nodeCount="32" insertCount="1977" extractCount="1959" duration="382012"/>
			<Sample nodeCount="33" insertCount="2041" extractCount="2018" duration="352107"/>
			<Sample nodeCount="34" insertCount="2097" extractCount="2085" duration="362397"/>
			<Sample nodeCount="35" insertCount="2160" extractCount="2145" duration="415717"/>
			<Sample nodeCount="36" insertCount="2221" extractCount="2207" duration="389592"/>
			<Sample nodeCount="37" insertCount="2285" extractCount="2266" duration="403578"/>
			<Sample nodeCount="38" insertCount="2346" extractCount="2328" duration="451270"/>
			<Sample nodeCount="39" insertCount="2408" extractCount="2389" duration="422205"/>
			<Sample nodeCount="40" insertCount="2471" extractCount="2449" duration="438207"/>
			<Sample nodeCount="41" insertCount="2531" extractCount="2512" duration="484177"/>
			<Sample nodeCount="42" insertCount="2593" extractCount="2573" duration="497848"/>
			<Sample nodeCount="43" insertCount="2656" extractCount="2633" duration="474453"/>
			<Sample nodeCount="44" insertCount="2717" extractCount="2695" duration="484176"/>
			<Sample nodeCount="45" insertCount="2776" extractCount="2759" duration="530188"/>
			<Sample nodeCount="46" insertCount="2840" extractCount="2818" duration="539785"/>
			<Sample nodeCount="47" insertCount="2902" extractCount="2879" duration="524559"/>
			<Sample nodeCount="48" insertCount="2966" extractCount="2938" duration="528570"/>
			<Sample nodeCount="49" insertCount="3026" extractCount="3001" duration="584620"/>
			<Sample nodeCount="50" insertCount="3084" extractCount="3066" duration="596023"/>
			<Sample nodeCount="51" insertCount="3151" extractCount="3122" duration="605221"/>
			<Sample nodeCount="52" insertCount="3209" extractCount="3187" duration="619816"/>
			<Sample nodeCount="53" insertCount="3273" extractCount="3246" duration="633277"/>
			<Sample nodeCount="54" insertCount="3337" extractCount="3305" duration="605514"/>
			<Sample nodeCount="55" insertCount="3400" extractCount="3365" duration="616161"/>
			<Sample nodeCount="56" insertCount="3458" extractCount="3430" duration="627459"/>
			<Sample nodeCount="57" insertCount="3521" extractCount="3490" duration="681241"/>
			<Sample nodeCount="58" insertCount="3580" extractCount="3554" duration="686092"/>
			<Sample nodeCount="59" insertCount="3647" extractCount="3610" duration="699280"/>
			<Sample nodeCount="60" insertCount="3706" extractCount="3674" duration="706063"/>
			<Sample nodeCount="61" insertCount="3766" extractCount="3737" duration="721225"/>
			<Sample nodeCount="62" insertCount="3828" extractCount="3798" duration="730192"/>
			<Sample nodeCount="63" insertCount="3888" extractCount="3861" duration="741448"/>
			<Sample nodeCount="64" insertCount="3952" extractCount="3920" duration="757198"/>
			<Sample nodeCount="65" insertCount="4014" extractCount="3981" duration="770449"/>
			<Sample nodeCount="66" insertCount="4077" extractCount="4041" duration="782020"/>
			<Sample nodeCount="67" insertCount="4136" extractCount="4105" duration="787963"/>
			<Sample nodeCount="68" insertCount="4200" extractCount="4164" duration="800164"/>
			<Sample nodeCount="69" insertCount="4263" extractCount="4224" duration="815221"/>
			<Sample nodeCount="70" insertCount="4325" extractCount="4285" duration="821752"/>
			<Sample nodeCount="71" insertCount="4381" extractCount="4352" duration="803439"/>
			<Sample nodeCount="72" insertCount="4448" extractCount="4408" duration="811356"/>
			<Sample nodeCount="73" insertCount="4507" extractCount="4472" duration="863857"/>
			<Sample nodeCount="74" insertCount="4571" extractCount="4531" duration="868246"/>
			<Sample nodeCount="75" insertCount="4631" extractCount="4594" duration="882400"/>
			<Sample nodeCount="76" insertCount="4693" extractCount="4655" duration="893677"/>
			<Sample nodeCount="77" insertCount="4755" extractCount="4716" duration="907033"/>
			<Sample nodeCount="78" insertCount="4817" extractCount="4777" duration="922720"/>
			<Sample nodeCount="79" insertCount="4877" extractCount="4840" duration="930868"/>
			<Sample nodeCount="80" insertCount="4942" extractCount="4898" duration="946156"/>
			<Sample nodeCount="81" insertCount="5002" extractCount="4961" duration="949873"/>
			<Sample nodeCount="82" insertCount="5063" extractCount="5023" duration="964531"/>
			<Sample nodeCount="83" insertCount="5124" extractCount="5085" duration="980659"/>
			<Sample nodeCount="84" insertCount="5187" extractCount="5145" duration="994960"/>
			<Sample nodeCount="85" insertCount="5250" extractCount="5205" duration="1001848"/>
			<Sample nodeCount="86" insertCount="5314" extractCount="5264" duration="1018312"/>
			<Sample nodeCount="87" insertCount="5374" extractCount="5327" duration="1033999"/>
			<Sample nodeCount="88" insertCount="5432" extractCount="5392" duration="1037611"/>
			<Sample nodeCount="89" insertCount="5490" extractCount="5457" duration="1090364"/>
			<Sample nodeCount="90" insertCount="5559" extractCount="5511" duration="1059094"/>
			<Sample nodeCount="91" insertCount="5621" extractCount="5572" duration="1069888"/>
			<Sample nodeCount="92" insertCount="5680" extractCount="5636" duration="1087108"/>
			<Sample nodeCount="93" insertCount="5740" extractCount="5699" duration="1100191"/>
			<Sample nodeCount="94" insertCount="5803" extractCount="5759" duration="1106722"/>
			<Sample nodeCount="95" insertCount="5862" extractCount="5823" duration="1122745"/>
			<Sample nodeCount="96" insertCount="5929" extractCount="5879" duration="1136920"/>
			<Sample nodeCount="97" insertCount="5993" extractCount="5938" duration="1154203"/>
			<Sample nodeCount="98" insertCount="6055" extractCount="5999" duration="1160335"/>
			<Sample nodeCount="99" insertCount="6113" extractCount="6064" duration="1178500"/>
			<Sample nodeCount="100" insertCount="6172" extractCount="6128" duration="1180873"/>
			<Sample nodeCount="101" insertCount="6238" extractCount="6185" duration="1196770"/>
			<Sample nodeCount="102" insertCount="6299" extractCount="6247" duration="1206283"/>
			<Sample nodeCount="103" insertCount="6363" extractCount="6306" duration="1260758"/>
			<Sample nodeCount="104" insertCount="6426" extractCount="6366" duration="1235683"/>
			<Sample nodeCount="105" insertCount="6481" extractCount="6434" duration="1245280"/>
			<Sample nodeCount="106" insertCount="6544" extractCount="6494" duration="1258216"/>
			<Sample nodeCount="107" insertCount="6607" extractCount="6554" duration="1306643"/>
			<Sample nodeCount="108" insertCount="6669" extractCount="6615" duration="1278187"/>
			<Sample nodeCount="109" insertCount="6732" extractCount="6675" duration="1290808"/>
			<Sample nodeCount="110" insertCount="6794" extractCount="6736" duration="1341335"/>
			<Sample nodeCount="111" insertCount="6852" extractCount="6801" duration="1319305"/>
			<Sample nodeCount="112" insertCount="6918" extractCount="6858" duration="1330393"/>
			<Sample nodeCount="113" insertCount="6981" extractCount="6918" duration="1344085"/>
			<Sample nodeCount="114" insertCount="7041" extractCount="6981" duration="1393016"/>
			<Sample nodeCount="115" insertCount="7103" extractCount="7042" duration="1408745"/>
			<Sample nodeCount="116" insertCount="7164" extractCount="7104" duration="1422941"/>
			<Sample nodeCount="117" insertCount="7225" extractCount="7166" duration="1398412"/>
			<Sample nodeCount="118" insertCount="7291" extractCount="7223" duration="1403704"/>
			<Sample nodeCount="119" insertCount="7350" extractCount="7287" duration="1422100"/>
			<Sample nodeCount="120" insertCount="7410" extractCount="7350" duration="1428736"/>
			<Sample nodeCount="121" insertCount="7471" extractCount="7412" duration="1483715"/>
			<Sample nodeCount="122" insertCount="7537" extractCount="7469" duration="1488041"/>
			<Sample nodeCount="123" insertCount="7593" extractCount="7536" duration="1505408"/>
			<Sample nodeCount="124" insertCount="7658" extractCount="7594" duration="1509608"/>
			<Sample nodeCount="125" insertCount="7718" extractCount="7657" duration="1523867"/>
			<Sample nodeCount="126" insertCount="7781" extractCount="7717" duration="1532267"/>
			<Sample nodeCount="127" insertCount="7840" extractCount="7781" duration="1553603"/>
		</SmallSetRandomOps>
		<LargeSetRandomOps>
		</LargeSetRandomOps>
		<SmallSetLinear>
			<Sample nodeCount="1" insertCount="10000" extractCount="10000" duration="664608"/>
			<Sample nodeCount="2" insertCount="10000" extractCount="10000" duration="1396102"/>
			<Sample nodeCount="3" insertCount="10000" extractCount="10000" duration="2566580"/>
			<Sample nodeCount="4" insertCount="10000" extractCount="10000" duration="4000315"/>
			<Sample nodeCount="5" insertCount="10000" extractCount="10000" duration="5229152"/>
			<Sample nodeCount="6" insertCount="10000" extractCount="10000" duration="6652932"/>
			<Sample nodeCount="7" insertCount="10000" extractCount="10000" duration="8056175"/>
			<Sample nodeCount="8" insertCount="10000" extractCount="10000" duration="9615343"/>
			<Sample nodeCount="9" insertCount="10000" extractCount="10000" duration="10860476"/>
			<Sample nodeCount="10" insertCount="10000" extractCount="10000" duration="12719419"/>
			<Sample nodeCount="11" insertCount="10000" extractCount="10000" duration="14232281"/>
			<Sample nodeCount="12" insertCount="10000" extractCount="10000" duration="16244314"/>
			<Sample nodeCount="13" insertCount="10000" extractCount="10000" duration="17661606"/>
			<Sample nodeCount="14" insertCount="10000" extractCount="10000" duration="19441652"/>
			<Sample nodeCount="15" insertCount="10000" extractCount="10000" duration="21067179"/>
			<Sample nodeCount="16" insertCount="10000" extractCount="10000" duration="22894643"/>
			<Sample nodeCount="17" insertCount="10000" extractCount="10000" duration="24366136"/>
			<Sample nodeCount="18" insertCount="10000" extractCount="10000" duration="26569500"/>
			<Sample nodeCount="19" insertCount="10000" extractCount="10000" duration="28039270"/>
			<Sample nodeCount="20" insertCount="10000" extractCount="10000" duration="29868141"/>
			<Sample nodeCount="21" insertCount="10000" extractCount="10000" duration="31211995"/>
			<Sample nodeCount="22" insertCount="10000" extractCount="10000" duration="33807850"/>
			<Sample nodeCount="23" insertCount="10000" extractCount="10000" duration="35467586"/>
			<Sample nodeCount="24" insertCount="10000" extractCount="10000" duration="37527646"/>
			<Sample nodeCount="25" insertCount="10000" extractCount="10000" duration="38941137"/>
			<Sample nodeCount="26" insertCount="10000" extractCount="10000" duration="41304458"/>
			<Sample nodeCount="27" insertCount="10000" extractCount="10000" duration="42809256"/>
			<Sample nodeCount="28" insertCount="10000" extractCount="10000" duration="44838132"/>
			<Sample nodeCount="29" insertCount="10000" extractCount="10000" duration="46372520"/>
			<Sample nodeCount="30" insertCount="10000" extractCount="10000" duration="48806821"/>
			<Sample nodeCount="31" insertCount="10000" extractCount="10000" duration="50528969"/>
			<Sample nodeCount="32" insertCount="10000" extractCount="10000" duration="52675718"/>
			<Sample nodeCount="33" insertCount="10000" extractCount="10000" duration="54278397"/>
			<Sample nodeCount="34" insertCount="10000" extractCount="10000" duration="56549046"/>
			<Sample nodeCount="35" insertCount="10000" extractCount="10000" duration="58092526"/>
			<Sample nodeCount="36" insertCount="10000" extractCount="10000" duration="60473025"/>
			<Sample nodeCount="37" insertCount="10000" extractCount="10000" duration="62192360"/>
			<Sample nodeCount="38" insertCount="10000" extractCount="10000" duration="64414225"/>
			<Sample nodeCount="39" insertCount="10000" extractCount="10000" duration="66048153"/>
			<Sample nodeCount="40" insertCount="10000" extractCount="10000" duration="68125538"/>
			<Sample nodeCount="41" insertCount="10000" extractCount="10000" duration="69798526"/>
			<Sample nodeCount="42" insertCount="10000" extractCount="10000" duration="72215712"/>
			<Sample nodeCount="43" insertCount="10000" extractCount="10000" duration="73814086"/>
			<Sample nodeCount="44" insertCount="10000" extractCount="10000" duration="76020832"/>
			<Sample nodeCount="45" insertCount="10000" extractCount="10000" duration="77675234"/>
			<Sample nodeCount="46" insertCount="10000" extractCount="10000" duration="80691510"/>
			<Sample nodeCount="47" insertCount="10000" extractCount="10000" duration="82539197"/>
			<Sample nodeCount="48" insertCount="10000" extractCount="10000" duration="84652639"/>
			<Sample nodeCount="49" insertCount="10000" extractCount="10000" duration="86370608"/>
			<Sample nodeCount="50" insertCount="10000" extractCount="10000" duration="88851739"/>
			<Sample nodeCount="51" insertCount="10000" extractCount="10000" duration="90701863"/>
			<Sample nodeCount="52" insertCount="10000" extractCount="10000" duration="92804511"/>
			<Sample nodeCount="53" insertCount="10000" extractCount="10000" duration="94638400"/>
			<Sample nodeCount="54" insertCount="10000" extractCount="10000" duration="97244545"/>
			<Sample nodeCount="55" insertCount="10000" extractCount="10000" duration="98920452"/>
			<Sample nodeCount="56" insertCount="10000" extractCount="10000" duration="101127219"/>
			<Sample nodeCount="57" insertCount="10000" extractCount="10000" duration="102867301"/>
			<Sample nodeCount="58" insertCount="10000" extractCount="10000" duration="105344253"/>
			<Sample nodeCount="59" insertCount="10000" extractCount="10000" duration="107078876"/>
			<Sample nodeCount="60" insertCount="10000" extractCount="10000" duration="109215187"/>
			<Sample nodeCount="61" insertCount="10000" extractCount="10000" duration="110938889"/>
			<Sample nodeCount="62" insertCount="10000" extractCount="10000" duration="114012978"/>
			<Sample nodeCount="63" insertCount="10000" extractCount="10000" duration="115911422"/>
			<Sample nodeCount="64" insertCount="10000" extractCount="10000" duration="118202482"/>
			<Sample nodeCount="65" insertCount="10000" extractCount="10000" duration="119837397"/>
			<Sample nodeCount="66" insertCount="10000" extractCount="10000" duration="122139062"/>
			<Sample nodeCount="67" insertCount="10000" extractCount="10000" duration="123896302"/>
			<Sample nodeCount="68" insertCount="10000" extractCount="10000" duration="126384994"/>
			<Sample nodeCount="69" insertCount="10000" extractCount="10000" duration="128232828"/>
			<Sample nodeCount="70" insertCount="10000" extractCount="10000" duration="130973351"/>
			<Sample nodeCount="71" insertCount="10000" extractCount="10000" duration="132835402"/>
			<Sample nodeCount="72" insertCount="10000" extractCount="10000" duration="135130662"/>
			<Sample nodeCount="73" insertCount="10000" extractCount="10000" duration="136995632"/>
			<Sample nodeCount="74" insertCount="10000" extractCount="10000" duration="139406791"/>
			<Sample nodeCount="75" insertCount="10000" extractCount="10000" duration="141251013"/>
			<Sample nodeCount="76" insertCount="10000" extractCount="10000" duration="143714673"/>
			<Sample nodeCount="77" insertCount="10000" extractCount="10000" duration="145531175"/>
			<Sample nodeCount="78" insertCount="10000" extractCount="10000" duration="148377034"/>
			<Sample nodeCount="79" insertCount="10000" extractCount="10000" duration="150219261"/>
			<Sample nodeCount="80" insertCount="10000" extractCount="10000" duration="152509586"/>
			<Sample nodeCount="81" insertCount="10000" extractCount="10000" duration="154374367"/>
			<Sample nodeCount="82" insertCount="10000" extractCount="10000" duration="156855919"/>
			<Sample nodeCount="83" insertCount="10000" extractCount="10000" duration="158814863"/>
			<Sample nodeCount="84" insertCount="10000" extractCount="10000" duration="161032193"/>
			<Sample nodeCount="85" insertCount="10000" extractCount="10000" duration="162920956"/>
			<Sample nodeCount="86" insertCount="10000" extractCount="10000" duration="165683089"/>
			<Sample nodeCount="87" insertCount="10000" extractCount="10000" duration="167443520"/>
			<Sample nodeCount="88" insertCount="10000" extractCount="10000" duration="169815641"/>
			<Sample nodeCount="89" insertCount="10000" extractCount="10000" duration="171691132"/>
			<Sample nodeCount="90" insertCount="10000" extractCount="10000" duration="174112896"/>
			<Sample nodeCount="91" insertCount="10000" extractCount="10000" duration="176011172"/>
			<Sample nodeCount="92" insertCount="10000" extractCount="10000" duration="178374305"/>
			<Sample nodeCount="93" insertCount="10000" extractCount="10000" duration="180273442"/>
			<Sample nodeCount="94" insertCount="10000" extractCount="10000" duration="183396313"/>
			<Sample nodeCount="95" insertCount="10000" extractCount="10000" duration="185349987"/>
			<Sample nodeCount="96" insertCount="10000" extractCount="10000" duration="187672085"/>
			<Sample nodeCount="97" insertCount="10000" extractCount="10000" duration="189571914"/>
			<Sample nodeCount="98" insertCount="10000" extractCount="10000" duration="192200445"/>
			<Sample nodeCount="99" insertCount="10000" extractCount="10000" duration="194178689"/>
			<Sample nodeCount="100" insertCount="10000" extractCount="10000" duration="196561141"/>
			<Sample nodeCount="101" insertCount="10000" extractCount="10000" duration="198568135"/>
			<Sample nodeCount="102" insertCount="10000" extractCount="10000" duration="201309981"/>
			<Sample nodeCount="103" insertCount="10000" extractCount="10000" duration="203194166"/>
			<Sample nodeCount="104" insertCount="10000" extractCount="10000" duration="205590856"/>
			<Sample nodeCount="105" insertCount="10000" extractCount="10000" duration="207564145"/>
			<Sample nodeCount="106" insertCount="10000" extractCount="10000" duration="210079779"/>
			<Sample nodeCount="107" insertCount="10000" extractCount="10000" duration="212383776"/>
			<Sample nodeCount="108" insertCount="10000" extractCount="10000" duration="214514333"/>
			<Sample nodeCount="109" insertCount="10000" extractCount="10000" duration="216407841"/>
			<Sample nodeCount="110" insertCount="10000" extractCount="10000" duration="219549696"/>
			<Sample nodeCount="111" insertCount="10000" extractCount="10000" duration="221502426"/>
			<Sample nodeCount="112" insertCount="10000" extractCount="10000" duration="223904975"/>
			<Sample nodeCount="113" insertCount="10000" extractCount="10000" duration="225852139"/>
			<Sample nodeCount="114" insertCount="10000" extractCount="10000" duration="228736849"/>
			<Sample nodeCount="115" insertCount="10000" extractCount="10000" duration="230566371"/>
			<Sample nodeCount="116" insertCount="10000" extractCount="10000" duration="232743085"/>
			<Sample nodeCount="117" insertCount="10000" extractCount="10000" duration="234715051"/>
			<Sample nodeCount="118" insertCount="10000" extractCount="10000" duration="237585459"/>
			<Sample nodeCount="119" insertCount="10000" extractCount="10000" duration="239420651"/>
			<Sample nodeCount="120" insertCount="10000" extractCount="10000" duration="241880027"/>
			<Sample nodeCount="121" insertCount="10000" extractCount="10000" duration="243812155"/>
			<Sample nodeCount="122" insertCount="10000" extractCount="10000" duration="246377391"/>
			<Sample nodeCount="123" insertCount="10000" extractCount="10000" duration="248282702"/>
			<Sample nodeCount="124" insertCount="10000" extractCount="10000" duration="250806296"/>
			<Sample nodeCount="125" insertCount="10000" extractCount="10000" duration="252709738"/>
			<Sample nodeCount="126" insertCount="10000" extractCount="10000" duration="256024927"/>
			<Sample nodeCount="127" insertCount="10000" extractCount="10000" duration="258110544"/>
		</SmallSetLinear>
		<LargeSetLinear>
		</LargeSetLinear>
	</RBTest>
	<RBTest implementation="Boost" nodeSize="12">
		<SmallSetRandomOps>
			<Sample nodeCount="1" insertCount="62" extractCount="61" duration="7140"/>
			<Sample nodeCount="2" insertCount="123" extractCount="123" duration="13272"/>
			<Sample nodeCount="3" insertCount="186" extractCount="183" duration="21063"/>
			<Sample nodeCount="4" insertCount="247" extractCount="245" duration="30261"/>
			<Sample nodeCount="5" insertCount="309" extractCount="306" duration="42210"/>
			<Sample nodeCount="6" insertCount="370" extractCount="368" duration="51177"/>
			<Sample nodeCount="7" insertCount="433" extractCount="428" duration="62811"/>
			<Sample nodeCount="8" insertCount="493" extractCount="491" duration="73437"/>
			<Sample nodeCount="9" insertCount="557" extractCount="550" duration="123103"/>
			<Sample nodeCount="10" insertCount="619" extractCount="611" duration="93387"/>
			<Sample nodeCount="11" insertCount="680" extractCount="673" duration="106764"/>
			<Sample nodeCount="12" insertCount="740" extractCount="736" duration="117264"/>
			<Sample nodeCount="13" insertCount="803" extractCount="796" duration="129339"/>
			<Sample nodeCount="14" insertCount="864" extractCount="858" duration="140784"/>
			<Sample nodeCount="15" insertCount="927" extractCount="918" duration="150654"/>
			<Sample nodeCount="16" insertCount="988" extractCount="980" duration="161343"/>
			<Sample nodeCount="17" insertCount="1050" extractCount="1041" duration="214180"/>
			<Sample nodeCount="18" insertCount="1113" extractCount="1101" duration="188664"/>
			<Sample nodeCount="19" insertCount="1172" extractCount="1165" duration="201096"/>
			<Sample nodeCount="20" insertCount="1237" extractCount="1223" duration="209034"/>
			<Sample nodeCount="21" insertCount="1296" extractCount="1287" duration="222516"/>
			<Sample nodeCount="22" insertCount="1359" extractCount="1347" duration="232743"/>
			<Sample nodeCount="23" insertCount="1419" extractCount="1410" duration="243894"/>
			<Sample nodeCount="24" insertCount="1484" extractCount="1468" duration="257376"/>
			<Sample nodeCount="25" insertCount="1544" extractCount="1531" duration="304501"/>
			<Sample nodeCount="26" insertCount="1604" extractCount="1594" duration="278061"/>
			<Sample nodeCount="27" insertCount="1668" extractCount="1653" duration="331003"/>
			<Sample nodeCount="28" insertCount="1729" extractCount="1715" duration="303135"/>
			<Sample nodeCount="29" insertCount="1790" extractCount="1777" duration="313362"/>
			<Sample nodeCount="30" insertCount="1851" extractCount="1839" duration="323589"/>
			<Sample nodeCount="31" insertCount="1914" extractCount="1899" duration="335748"/>
			<Sample nodeCount="32" insertCount="1977" extractCount="1959" duration="389110"/>
			<Sample nodeCount="33" insertCount="2041" extractCount="2018" duration="361914"/>
			<Sample nodeCount="34" insertCount="2097" extractCount="2085" duration="373128"/>
			<Sample nodeCount="35" insertCount="2160" extractCount="2145" duration="427477"/>
			<Sample nodeCount="36" insertCount="2221" extractCount="2207" duration="397110"/>
			<Sample nodeCount="37" insertCount="2285" extractCount="2266" duration="409668"/>
			<Sample nodeCount="38" insertCount="2346" extractCount="2328" duration="460657"/>
			<Sample nodeCount="39" insertCount="2408" extractCount="2389" duration="435582"/>
			<Sample nodeCount="40" insertCount="2471" extractCount="2449" duration="444255"/>
			<Sample nodeCount="41" insertCount="2531" extractCount="2512" duration="498268"/>
			<Sample nodeCount="42" insertCount="2593" extractCount="2573" duration="506962"/>
			<Sample nodeCount="43" insertCount="2656" extractCount="2633" duration="486276"/>
			<Sample nodeCount="44" insertCount="2717" extractCount="2695" duration="495201"/>
			<Sample nodeCount="45" insertCount="2776" extractCount="2759" duration="540730"/>
			<Sample nodeCount="46" insertCount="2840" extractCount="2818" duration="555640"/>
			<Sample nodeCount="47" insertCount="2902" extractCount="2879" duration="568072"/>
			<Sample nodeCount="48" insertCount="2966" extractCount="2938" duration="545706"/>
			<Sample nodeCount="49" insertCount="3026" extractCount="3001" duration="557508"/>
			<Sample nodeCount="50" insertCount="3084" extractCount="3066" duration="569751"/>
			<Sample nodeCount="51" insertCount="3151" extractCount="3122" duration="619963"/>
			<Sample nodeCount="52" insertCount="3209" extractCount="3187" duration="630736"/>
			<Sample nodeCount="53" insertCount="3273" extractCount="3246" duration="643336"/>
			<Sample nodeCount="54" insertCount="3337" extractCount="3305" duration="661942"/>
			<Sample nodeCount="55" insertCount="3400" extractCount="3365" duration="670636"/>
			<Sample nodeCount="56" insertCount="3458" extractCount="3430" duration="685210"/>
			<Sample nodeCount="57" insertCount="3521" extractCount="3490" duration="655158"/>
			<Sample nodeCount="58" insertCount="3580" extractCount="3554" duration="665133"/>
			<Sample nodeCount="59" insertCount="3647" extractCount="3610" duration="681261"/>
			<Sample nodeCount="60" insertCount="3706" extractCount="3674" duration="689724"/>
			<Sample nodeCount="61" insertCount="3766" extractCount="3737" duration="709758"/>
			<Sample nodeCount="62" insertCount="3828" extractCount="3798" duration="714462"/>
			<Sample nodeCount="63" insertCount="3888" extractCount="3861" duration="731325"/>
			<Sample nodeCount="64" insertCount="3952" extractCount="3920" duration="738927"/>
			<Sample nodeCount="65" insertCount="4014" extractCount="3981" duration="757197"/>
			<Sample nodeCount="66" insertCount="4077" extractCount="4041" duration="807514"/>
			<Sample nodeCount="67" insertCount="4136" extractCount="4105" duration="822970"/>
			<Sample nodeCount="68" insertCount="4200" extractCount="4164" duration="829081"/>
			<Sample nodeCount="69" insertCount="4263" extractCount="4224" duration="842500"/>
			<Sample nodeCount="70" insertCount="4325" extractCount="4285" duration="861253"/>
			<Sample nodeCount="71" insertCount="4381" extractCount="4352" duration="868561"/>
			<Sample nodeCount="72" insertCount="4448" extractCount="4408" duration="879502"/>
			<Sample nodeCount="73" insertCount="4507" extractCount="4472" duration="891199"/>
			<Sample nodeCount="74" insertCount="4571" extractCount="4531" duration="903610"/>
			<Sample nodeCount="75" insertCount="4631" extractCount="4594" duration="920200"/>
			<Sample nodeCount="76" insertCount="4693" extractCount="4655" duration="930322"/>
			<Sample nodeCount="77" insertCount="4755" extractCount="4716" duration="943300"/>
			<Sample nodeCount="78" insertCount="4817" extractCount="4777" duration="956152"/>
			<Sample nodeCount="79" insertCount="4877" extractCount="4840" duration="974548"/>
			<Sample nodeCount="80" insertCount="4942" extractCount="4898" duration="978181"/>
			<Sample nodeCount="81" insertCount="5002" extractCount="4961" duration="995821"/>
			<Sample nodeCount="82" insertCount="5063" extractCount="5023" duration="1005019"/>
			<Sample nodeCount="83" insertCount="5124" extractCount="5085" duration="1024843"/>
			<Sample nodeCount="84" insertCount="5187" extractCount="5145" duration="1035553"/>
			<Sample nodeCount="85" insertCount="5250" extractCount="5205" duration="1048846"/>
			<Sample nodeCount="86" insertCount="5314" extractCount="5264" duration="1066045"/>
			<Sample nodeCount="87" insertCount="5374" extractCount="5327" duration="1073794"/>
			<Sample nodeCount="88" insertCount="5432" extractCount="5392" duration="1093198"/>
			<Sample nodeCount="89" insertCount="5490" extractCount="5457" duration="1101241"/>
			<Sample nodeCount="90" insertCount="5559" extractCount="5511" duration="1105210"/>
			<Sample nodeCount="91" insertCount="5621" extractCount="5572" duration="1122703"/>
			<Sample nodeCount="92" insertCount="5680" extractCount="5636" duration="1173377"/>
			<Sample nodeCount="93" insertCount="5740" extractCount="5699" duration="1150129"/>
			<Sample nodeCount="94" insertCount="5803" extractCount="5759" duration="1199900"/>
			<Sample nodeCount="95" insertCount="5862" extractCount="5823" duration="1179970"/>
			<Sample nodeCount="96" insertCount="5929" extractCount="5879" duration="1187761"/>
			<Sample nodeCount="97" insertCount="5993" extractCount="5938" duration="1197631"/>
			<Sample nodeCount="98" insertCount="6055" extractCount="5999" duration="1210378"/>
			<Sample nodeCount="99" insertCount="6113" extractCount="6064" duration="1236355"/>
			<Sample nodeCount="100" insertCount="6172" extractCount="6128" duration="1243243"/>
			<Sample nodeCount="101" insertCount="6238" extractCount="6185" duration="1253407"/>
			<Sample nodeCount="102" insertCount="6299" extractCount="6247" duration="1262941"/>
			<Sample nodeCount="103" insertCount="6363" extractCount="6306" duration="1286314"/>
			<Sample nodeCount="104" insertCount="6426" extractCount="6366" duration="1292614"/>
			<Sample nodeCount="105" insertCount="6481" extractCount="6434" duration="1349042"/>
			<Sample nodeCount="106" insertCount="6544" extractCount="6494" duration="1328440"/>
			<Sample nodeCount="107" insertCount="6607" extractCount="6554" duration="1322308"/>
			<Sample nodeCount="108" insertCount="6669" extractCount="6615" duration="1346815"/>
			<Sample nodeCount="109" insertCount="6732" extractCount="6675" duration="1395284"/>
			<Sample nodeCount="110" insertCount="6794" extractCount="6736" duration="1407401"/>
			<Sample nodeCount="111" insertCount="6852" extractCount="6801" duration="1424999"/>
			<Sample nodeCount="112" insertCount="6918" extractCount="6858" duration="1403620"/>
			<Sample nodeCount="113" insertCount="6981" extractCount="6918" duration="1418068"/>
			<Sample nodeCount="114" insertCount="7041" extractCount="6981" duration="1425943"/>
			<Sample nodeCount="115" insertCount="7103" extractCount="7042" duration="1437304"/>
			<Sample nodeCount="116" insertCount="7164" extractCount="7104" duration="1486634"/>
			<Sample nodeCount="117" insertCount="7225" extractCount="7166" duration="1512695"/>
			<Sample nodeCount="118" insertCount="7291" extractCount="7223" duration="1522082"/>
			<Sample nodeCount="119" insertCount="7350" extractCount="7287" duration="1532540"/>
			<Sample nodeCount="120" insertCount="7410" extractCount="7350" duration="1541003"/>
			<Sample nodeCount="121" insertCount="7471" extractCount="7412" duration="1557992"/>
			<Sample nodeCount="122" insertCount="7537" extractCount="7469" duration="1559840"/>
			<Sample nodeCount="123" insertCount="7593" extractCount="7536" duration="1584620"/>
			<Sample nodeCount="124" insertCount="7658" extractCount="7594" duration="1594847"/>
			<Sample nodeCount="125" insertCount="7718" extractCount="7657" duration="1614839"/>
			<Sample nodeCount="126" insertCount="7781" extractCount="7717" duration="1611899"/>
			<Sample nodeCount="127" insertCount="7840" extractCount="7781" duration="1641971"/>
		</SmallSetRandomOps>
		<LargeSetRandomOps>
		</LargeSetRandomOps>
		<SmallSetLinear>
			<Sample nodeCount="1" insertCount="10000" extractCount="10000" duration="611836"/>
			<Sample nodeCount="2" insertCount="10000" extractCount="10000" duration="1223104"/>
			<Sample nodeCount="3" insertCount="10000" extractCount="10000" duration="2070161"/>
			<Sample nodeCount="4" insertCount="10000" extractCount="10000" duration="3188664"/>
			<Sample nodeCount="5" insertCount="10000" extractCount="10000" duration="4303177"/>
			<Sample nodeCount="6" insertCount="10000" extractCount="10000" duration="5476070"/>
			<Sample nodeCount="7" insertCount="10000" extractCount="10000" duration="6531489"/>
			<Sample nodeCount="8" insertCount="10000" extractCount="10000" duration="7920619"/>
			<Sample nodeCount="9" insertCount="10000" extractCount="10000" duration="9070896"/>
			<Sample nodeCount="10" insertCount="10000" extractCount="10000" duration="10958273"/>
			<Sample nodeCount="11" insertCount="10000" extractCount="10000" duration="12155463"/>
			<Sample nodeCount="12" insertCount="10000" extractCount="10000" duration="13971440"/>
			<Sample nodeCount="13" insertCount="10000" extractCount="10000" duration="15240178"/>
			<Sample nodeCount="14" insertCount="10000" extractCount="10000" duration="16976249"/>
			<Sample nodeCount="15" insertCount="10000" extractCount="10000" duration="18294294"/>
			<Sample nodeCount="16" insertCount="10000" extractCount="10000" duration="19786723"/>
			<Sample nodeCount="17" insertCount="10000" extractCount="10000" duration="20898381"/>
			<Sample nodeCount="18" insertCount="10000" extractCount="10000" duration="23037044"/>
			<Sample nodeCount="19" insertCount="10000" extractCount="10000" duration="24097083"/>
			<Sample nodeCount="20" insertCount="10000" extractCount="10000" duration="25703165"/>
			<Sample nodeCount="21" insertCount="10000" extractCount="10000" duration="26685672"/>
			<Sample nodeCount="22" insertCount="10000" extractCount="10000" duration="29251538"/>
			<Sample nodeCount="23" insertCount="10000" extractCount="10000" duration="30726265"/>
			<Sample nodeCount="24" insertCount="10000" extractCount="10000" duration="32100842"/>
			<Sample nodeCount="25" insertCount="10000" extractCount="10000" duration="33209140"/>
			<Sample nodeCount="26" insertCount="10000" extractCount="10000" duration="35720322"/>
			<Sample nodeCount="27" insertCount="10000" extractCount="10000" duration="36623847"/>
			<Sample nodeCount="28" insertCount="10000" extractCount="10000" duration="38430521"/>
			<Sample nodeCount="29" insertCount="10000" extractCount="10000" duration="39325626"/>
			<Sample nodeCount="30" insertCount="10000" extractCount="10000" duration="41831286"/>
			<Sample nodeCount="31" insertCount="10000" extractCount="10000" duration="42942733"/>
			<Sample nodeCount="32" insertCount="10000" extractCount="10000" duration="44825154"/>
			<Sample nodeCount="33" insertCount="10000" extractCount="10000" duration="45835591"/>
			<Sample nodeCount="34" insertCount="10000" extractCount="10000" duration="48106995"/>
			<Sample nodeCount="35" insertCount="10000" extractCount="10000" duration="49334951"/>
			<Sample nodeCount="36" insertCount="10000" extractCount="10000" duration="51320377"/>
			<Sample nodeCount="37" insertCount="10000" extractCount="10000" duration="52280455"/>
			<Sample nodeCount="38" insertCount="10000" extractCount="10000" duration="54683992"/>
			<Sample nodeCount="39" insertCount="10000" extractCount="10000" duration="55982612"/>
			<Sample nodeCount="40" insertCount="10000" extractCount="10000" duration="57613957"/>
			<Sample nodeCount="41" insertCount="10000" extractCount="10000" duration="58797392"/>
			<Sample nodeCount="42" insertCount="10000" extractCount="10000" duration="60742728"/>
			<Sample nodeCount="43" insertCount="10000" extractCount="10000" duration="62025074"/>
			<Sample nodeCount="44" insertCount="10000" extractCount="10000" duration="63770910"/>
			<Sample nodeCount="45" insertCount="10000" extractCount="10000" duration="64808963"/>
			<Sample nodeCount="46" insertCount="10000" extractCount="10000" duration="67910435"/>
			<Sample nodeCount="47" insertCount="10000" extractCount="10000" duration="69170478"/>
			<Sample nodeCount="48" insertCount="10000" extractCount="10000" duration="71032529"/>
			<Sample nodeCount="49" insertCount="10000" extractCount="10000" duration="72106680"/>
			<Sample nodeCount="50" insertCount="10000" extractCount="10000" duration="74247800"/>
			<Sample nodeCount="51" insertCount="10000" extractCount="10000" duration="75595624"/>
			<Sample nodeCount="52" insertCount="10000" extractCount="10000" duration="77482392"/>
			<Sample nodeCount="53" insertCount="10000" extractCount="10000" duration="78485605"/>
			<Sample nodeCount="54" insertCount="10000" extractCount="10000" duration="81364666"/>
			<Sample nodeCount="55" insertCount="10000" extractCount="10000" duration="82643273"/>
			<Sample nodeCount="56" insertCount="10000" extractCount="10000" duration="84403873"/>
			<Sample nodeCount="57" insertCount="10000" extractCount="10000" duration="85424033"/>
			<Sample nodeCount="58" insertCount="10000" extractCount="10000" duration="87617611"/>
			<Sample nodeCount="59" insertCount="10000" extractCount="10000" duration="88990676"/>
			<Sample nodeCount="60" insertCount="10000" extractCount="10000" duration="90714064"/>
			<Sample nodeCount="61" insertCount="10000" extractCount="10000" duration="91740775"/>
			<Sample nodeCount="62" insertCount="10000" extractCount="10000" duration="94731788"/>
			<Sample nodeCount="63" insertCount="10000" extractCount="10000" duration="95969487"/>
			<Sample nodeCount="64" insertCount="10000" extractCount="10000" duration="97993007"/>
			<Sample nodeCount="65" insertCount="10000" extractCount="10000" duration="99035994"/>
			<Sample nodeCount="66" insertCount="10000" extractCount="10000" duration="101159117"/>
			<Sample nodeCount="67" insertCount="10000" extractCount="10000" duration="102712804"/>
			<Sample nodeCount="68" insertCount="10000" extractCount="10000" duration="104527731"/>
			<Sample nodeCount="69" insertCount="10000" extractCount="10000" duration="105751716"/>
			<Sample nodeCount="70" insertCount="10000" extractCount="10000" duration="108715954"/>
			<Sample nodeCount="71" insertCount="10000" extractCount="10000" duration="109955102"/>
			<Sample nodeCount="72" insertCount="10000" extractCount="10000" duration="111851761"/>
			<Sample nodeCount="73" insertCount="10000" extractCount="10000" duration="112990487"/>
			<Sample nodeCount="74" insertCount="10000" extractCount="10000" duration="115132846"/>
			<Sample nodeCount="75" insertCount="10000" extractCount="10000" duration="116690061"/>
			<Sample nodeCount="76" insertCount="10000" extractCount="10000" duration="118375417"/>
			<Sample nodeCount="77" insertCount="10000" extractCount="10000" duration="119547155"/>
			<Sample nodeCount="78" insertCount="10000" extractCount="10000" duration="122802789"/>
			<Sample nodeCount="79" insertCount="10000" extractCount="10000" duration="124031500"/>
			<Sample nodeCount="80" insertCount="10000" extractCount="10000" duration="125990970"/>
			<Sample nodeCount="81" insertCount="10000" extractCount="10000" duration="127178584"/>
			<Sample nodeCount="82" insertCount="10000" extractCount="10000" duration="129733971"/>
			<Sample nodeCount="83" insertCount="10000" extractCount="10000" duration="130776245"/>
			<Sample nodeCount="84" insertCount="10000" extractCount="10000" duration="132869484"/>
			<Sample nodeCount="85" insertCount="10000" extractCount="10000" duration="133842185"/>
			<Sample nodeCount="86" insertCount="10000" extractCount="10000" duration="136587958"/>
			<Sample nodeCount="87" insertCount="10000" extractCount="10000" duration="137979693"/>
			<Sample nodeCount="88" insertCount="10000" extractCount="10000" duration="139732396"/>
			<Sample nodeCount="89" insertCount="10000" extractCount="10000" duration="141043764"/>
			<Sample nodeCount="90" insertCount="10000" extractCount="10000" duration="143125139"/>
			<Sample nodeCount="91" insertCount="10000" extractCount="10000" duration="144673890"/>
			<Sample nodeCount="92" insertCount="10000" extractCount="10000" duration="146416158"/>
			<Sample nodeCount="93" insertCount="10000" extractCount="10000" duration="147905752"/>
			<Sample nodeCount="94" insertCount="10000" extractCount="10000" duration="152048951"/>
			<Sample nodeCount="95" insertCount="10000" extractCount="10000" duration="153532056"/>
			<Sample nodeCount="96" insertCount="10000" extractCount="10000" duration="155402759"/>
			<Sample nodeCount="97" insertCount="10000" extractCount="10000" duration="156725740"/>
			<Sample nodeCount="98" insertCount="10000" extractCount="10000" duration="159307231"/>
			<Sample nodeCount="99" insertCount="10000" extractCount="10000" duration="160815221"/>
			<Sample nodeCount="100" insertCount="10000" extractCount="10000" duration="162630945"/>
			<Sample nodeCount="101" insertCount="10000" extractCount="10000" duration="164035532"/>
			<Sample nodeCount="102" insertCount="10000" extractCount="10000" duration="166843340"/>
			<Sample nodeCount="103" insertCount="10000" extractCount="10000" duration="168289443"/>
			<Sample nodeCount="104" insertCount="10000" extractCount="10000" duration="170409311"/>
			<Sample nodeCount="105" insertCount="10000" extractCount="10000" duration="171506331"/>
			<Sample nodeCount="106" insertCount="10000" extractCount="10000" duration="173793402"/>
			<Sample nodeCount="107" insertCount="10000" extractCount="10000" duration="175528150"/>
			<Sample nodeCount="108" insertCount="10000" extractCount="10000" duration="177603289"/>
			<Sample nodeCount="109" insertCount="10000" extractCount="10000" duration="178409794"/>
			<Sample nodeCount="110" insertCount="10000" extractCount="10000" duration="182978370"/>
			<Sample nodeCount="111" insertCount="10000" extractCount="10000" duration="184336882"/>
			<Sample nodeCount="112" insertCount="10000" extractCount="10000" duration="186291396"/>
			<Sample nodeCount="113" insertCount="10000" extractCount="10000" duration="187654570"/>
			<Sample nodeCount="114" insertCount="10000" extractCount="10000" duration="190137340"/>
			<Sample nodeCount="115" insertCount="10000" extractCount="10000" duration="191660535"/>
			<Sample nodeCount="116" insertCount="10000" extractCount="10000" duration="193243033"/>
			<Sample nodeCount="117" insertCount="10000" extractCount="10000" duration="194542304"/>
			<Sample nodeCount="118" insertCount="10000" extractCount="10000" duration="197717655"/>
			<Sample nodeCount="119" insertCount="10000" extractCount="10000" duration="198919465"/>
			<Sample nodeCount="120" insertCount="10000" extractCount="10000" duration="200793570"/>
			<Sample nodeCount="121" insertCount="10000" extractCount="10000" duration="202128856"/>
			<Sample nodeCount="122" insertCount="10000" extractCount="10000" duration="204930889"/>
			<Sample nodeCount="123" insertCount="10000" extractCount="10000" duration="205756442"/>
			<Sample nodeCount="124" insertCount="10000" extractCount="10000" duration="208132615"/>
			<Sample nodeCount="125" insertCount="10000" extractCount="10000" duration="209085890"/>
			<Sample nodeCount="126" insertCount="10000" extractCount="10000" duration="215314160"/>
			<Sample nodeCount="127" insertCount="10000" extractCount="10000" duration="215156240"/>
		</SmallSetLinear>
		<LargeSetLinear>
		</LargeSetLinear>
	</RBTest>
	<RBTest implementation="RB Compact" nodeSize="8">
		<SmallSetRandomOps>
			<Sample nodeCount="1" insertCount="62" extractCount="61" duration="4914"/>
			<Sample nodeCount="2" insertCount="123" extractCount="123" duration="9639"/>
			<Sample nodeCount="3" insertCount="186" extractCount="183" duration="17052"/>
			<Sample nodeCount="4" insertCount="247" extractCount="245" duration="24654"/>
			<Sample nodeCount="5" insertCount="309" extractCount="306" duration="33705"/>
			<Sample nodeCount="6" insertCount="370" extractCount="368" duration="41748"/>
			<Sample nodeCount="7" insertCount="433" extractCount="428" duration="52080"/>
			<Sample nodeCount="8" insertCount="493" extractCount="491" duration="61698"/>
			<Sample nodeCount="9" insertCount="557" extractCount="550" duration="71526"/>
			<Sample nodeCount="10" insertCount="619" extractCount="611" duration="80640"/>
			<Sample nodeCount="11" insertCount="680" extractCount="673" duration="90258"/>
			<Sample nodeCount="12" insertCount="740" extractCount="736" duration="102543"/>
			<Sample nodeCount="13" insertCount="803" extractCount="796" duration="112917"/>
			<Sample nodeCount="14" insertCount="864" extractCount="858" duration="122955"/>
			<Sample nodeCount="15" insertCount="927" extractCount="918" duration="132048"/>
			<Sample nodeCount="16" insertCount="988" extractCount="980" duration="143388"/>
			<Sample nodeCount="17" insertCount="1050" extractCount="1041" duration="154812"/>
			<Sample nodeCount="18" insertCount="1113" extractCount="1101" duration="163107"/>
			<Sample nodeCount="19" insertCount="1172" extractCount="1165" duration="213004"/>
			<Sample nodeCount="20" insertCount="1237" extractCount="1223" duration="184821"/>
			<Sample nodeCount="21" insertCount="1296" extractCount="1287" duration="233815"/>
			<Sample nodeCount="22" insertCount="1359" extractCount="1347" duration="207774"/>
			<Sample nodeCount="23" insertCount="1419" extractCount="1410" duration="255508"/>
			<Sample nodeCount="24" insertCount="1484" extractCount="1468" duration="228249"/>
			<Sample nodeCount="25" insertCount="1544" extractCount="1531" duration="277390"/>
			<Sample nodeCount="26" insertCount="1604" extractCount="1594" duration="249270"/>
			<Sample nodeCount="27" insertCount="1668" extractCount="1653" duration="299986"/>
			<Sample nodeCount="28" insertCount="1729" extractCount="1715" duration="275373"/>
			<Sample nodeCount="29" insertCount="1790" extractCount="1777" duration="323905"/>
			<Sample nodeCount="30" insertCount="1851" extractCount="1839" duration="296688"/>
			<Sample nodeCount="31" insertCount="1914" extractCount="1899" duration="308343"/>
			<Sample nodeCount="32" insertCount="1977" extractCount="1959" duration="317541"/>
			<Sample nodeCount="33" insertCount="2041" extractCount="2018" duration="330456"/>
			<Sample nodeCount="34" insertCount="2097" extractCount="2085" duration="380689"/>
			<Sample nodeCount="35" insertCount="2160" extractCount="2145" duration="354354"/>
			<Sample nodeCount="36" insertCount="2221" extractCount="2207" duration="361032"/>
			<Sample nodeCount="37" insertCount="2285" extractCount="2266" duration="416074"/>
			<Sample nodeCount="38" insertCount="2346" extractCount="2328" duration="386274"/>
			<Sample nodeCount="39" insertCount="2408" extractCount="2389" duration="394254"/>
			<Sample nodeCount="40" insertCount="2471" extractCount="2449" duration="447217"/>
			<Sample nodeCount="41" insertCount="2531" extractCount="2512" duration="421428"/>
			<Sample nodeCount="42" insertCount="2593" extractCount="2573" duration="429933"/>
			<Sample nodeCount="43" insertCount="2656" extractCount="2633" duration="480880"/>
			<Sample nodeCount="44" insertCount="2717" extractCount="2695" duration="454335"/>
			<Sample nodeCount="45" insertCount="2776" extractCount="2759" duration="460551"/>
			<Sample nodeCount="46" insertCount="2840" extractCount="2818" duration="512779"/>
			<Sample nodeCount="47" insertCount="2902" extractCount="2879" duration="522712"/>
			<Sample nodeCount="48" insertCount="2966" extractCount="2938" duration="533212"/>
			<Sample nodeCount="49" insertCount="3026" extractCount="3001" duration="510237"/>
			<Sample nodeCount="50" insertCount="3084" extractCount="3066" duration="520926"/>
			<Sample nodeCount="51" insertCount="3151" extractCount="3122" duration="571600"/>
			<Sample nodeCount="52" insertCount="3209" extractCount="3187" duration="583612"/>
			<Sample nodeCount="53" insertCount="3273" extractCount="3246" duration="594238"/>
			<Sample nodeCount="54" insertCount="3337" extractCount="3305" duration="565950"/>
			<Sample nodeCount="55" insertCount="3400" extractCount="3365" duration="580902"/>
			<Sample nodeCount="56" insertCount="3458" extractCount="3430" duration="594153"/>
			<Sample nodeCount="57" insertCount="3521" extractCount="3490" duration="639997"/>
			<Sample nodeCount="58" insertCount="3580" extractCount="3554" duration="653668"/>
			<Sample nodeCount="59" insertCount="3647" extractCount="3610" duration="672736"/>
			<Sample nodeCount="60" insertCount="3706" extractCount="3674" duration="676663"/>
			<Sample nodeCount="61" insertCount="3766" extractCount="3737" duration="689641"/>
			<Sample nodeCount="62" insertCount="3828" extractCount="3798" duration="702745"/>
			<Sample nodeCount="63" insertCount="3888" extractCount="3861" duration="710326"/>
			<Sample nodeCount="64" insertCount="3952" extractCount="3920" duration="724627"/>
			<Sample nodeCount="65" insertCount="4014" extractCount="3981" duration="733762"/>
			<Sample nodeCount="66" insertCount="4077" extractCount="4041" duration="746173"/>
			<Sample nodeCount="67" insertCount="4136" extractCount="4105" duration="765997"/>
			<Sample nodeCount="68" insertCount="4200" extractCount="4164" duration="771541"/>
			<Sample nodeCount="69" insertCount="4263" extractCount="4224" duration="785254"/>
			<Sample nodeCount="70" insertCount="4325" extractCount="4285" duration="797371"/>
			<Sample nodeCount="71" insertCount="4381" extractCount="4352" duration="808081"/>
			<Sample nodeCount="72" insertCount="4448" extractCount="4408" duration="824419"/>
			<Sample nodeCount="73" insertCount="4507" extractCount="4472" duration="836893"/>
			<Sample nodeCount="74" insertCount="4571" extractCount="4531" duration="845734"/>
			<Sample nodeCount="75" insertCount="4631" extractCount="4594" duration="858061"/>
			<Sample nodeCount="76" insertCount="4693" extractCount="4655" duration="831117"/>
			<Sample nodeCount="77" insertCount="4755" extractCount="4716" duration="884878"/>
			<Sample nodeCount="78" insertCount="4817" extractCount="4777" duration="891619"/>
			<Sample nodeCount="79" insertCount="4877" extractCount="4840" duration="908566"/>
			<Sample nodeCount="80" insertCount="4942" extractCount="4898" duration="924190"/>
			<Sample nodeCount="81" insertCount="5002" extractCount="4961" duration="937567"/>
			<Sample nodeCount="82" insertCount="5063" extractCount="5023" duration="906045"/>
			<Sample nodeCount="83" insertCount="5124" extractCount="5085" duration="961024"/>
			<Sample nodeCount="84" insertCount="5187" extractCount="5145" duration="972259"/>
			<Sample nodeCount="85" insertCount="5250" extractCount="5205" duration="982591"/>
			<Sample nodeCount="86" insertCount="5314" extractCount="5264" duration="995548"/>
			<Sample nodeCount="87" insertCount="5374" extractCount="5327" duration="1009303"/>
			<Sample nodeCount="88" insertCount="5432" extractCount="5392" duration="1021483"/>
			<Sample nodeCount="89" insertCount="5490" extractCount="5457" duration="1029400"/>
			<Sample nodeCount="90" insertCount="5559" extractCount="5511" duration="1041790"/>
			<Sample nodeCount="91" insertCount="5621" extractCount="5572" duration="1060501"/>
			<Sample nodeCount="92" insertCount="5680" extractCount="5636" duration="1069951"/>
			<Sample nodeCount="93" insertCount="5740" extractCount="5699" duration="1080388"/>
			<Sample nodeCount="94" insertCount="5803" extractCount="5759" duration="1131482"/>
			<Sample nodeCount="95" insertCount="5862" extractCount="5823" duration="1099729"/>
			<Sample nodeCount="96" insertCount="5929" extractCount="5879" duration="1108108"/>
			<Sample nodeCount="97" insertCount="5993" extractCount="5938" duration="1130074"/>
			<Sample nodeCount="98" insertCount="6055" extractCount="5999" duration="1141288"/>
			<Sample nodeCount="99" insertCount="6113" extractCount="6064" duration="1152187"/>
			<Sample nodeCount="100" insertCount="6172" extractCount="6128" duration="1164535"/>
			<Sample nodeCount="101" insertCount="6238" extractCount="6185" duration="1176778"/>
			<Sample nodeCount="102" insertCount="6299" extractCount="6247" duration="1179949"/>
			<Sample nodeCount="103" insertCount="6363" extractCount="6306" duration="1199962"/>
			<Sample nodeCount="104" insertCount="6426" extractCount="6366" duration="1213843"/>
			<Sample nodeCount="105" insertCount="6481" extractCount="6434" duration="1263152"/>
			<Sample nodeCount="106" insertCount="6544" extractCount="6494" duration="1239652"/>
			<Sample nodeCount="107" insertCount="6607" extractCount="6554" duration="1250005"/>
			<Sample nodeCount="108" insertCount="6669" extractCount="6615" duration="1304375"/>
			<Sample nodeCount="109" insertCount="6732" extractCount="6675" duration="1275667"/>
			<Sample nodeCount="110" insertCount="6794" extractCount="6736" duration="1284382"/>
			<Sample nodeCount="111" insertCount="6852" extractCount="6801" duration="1299229"/>
			<Sample nodeCount="112" insertCount="6918" extractCount="6858" duration="1353578"/>
			<Sample nodeCount="113" insertCount="6981" extractCount="6918" duration="1367858"/>
			<Sample nodeCount="114" insertCount="7041" extractCount="6981" duration="1341208"/>
			<Sample nodeCount="115" insertCount="7103" extractCount="7042" duration="1342867"/>
			<Sample nodeCount="116" insertCount="7164" extractCount="7104" duration="1373338"/>
			<Sample nodeCount="117" insertCount="7225" extractCount="7166" duration="1413848"/>
			<Sample nodeCount="118" insertCount="7291" extractCount="7223" duration="1425272"/>
			<Sample nodeCount="119" insertCount="7350" extractCount="7287" duration="1404754"/>
			<Sample nodeCount="120" insertCount="7410" extractCount="7350" duration="1413910"/>
			<Sample nodeCount="121" insertCount="7471" extractCount="7412" duration="1430164"/>
			<Sample nodeCount="122" insertCount="7537" extractCount="7469" duration="1441420"/>
			<Sample nodeCount="123" insertCount="7593" extractCount="7536" duration="1446208"/>
			<Sample nodeCount="124" insertCount="7658" extractCount="7594" duration="1499822"/>
			<Sample nodeCount="125" insertCount="7718" extractCount="7657" duration="1525148"/>
			<Sample nodeCount="126" insertCount="7781" extractCount="7717" duration="1527164"/>
			<Sample nodeCount="127" insertCount="7840" extractCount="7781" duration="1548983"/>
		</SmallSetRandomOps>
		<LargeSetRandomOps>
		</LargeSetRandomOps>
		<SmallSetLinear>
			<Sample nodeCount="1" insertCount="10000" extractCount="10000" duration="346962"/>
			<Sample nodeCount="2" insertCount="10000" extractCount="10000" duration="841681"/>
			<Sample nodeCount="3" insertCount="10000" extractCount="10000" duration="1723367"/>
			<Sample nodeCount="4" insertCount="10000" extractCount="10000" duration="2455407"/>
			<Sample nodeCount="5" insertCount="10000" extractCount="10000" duration="3197673"/>
			<Sample nodeCount="6" insertCount="10000" extractCount="10000" duration="3921418"/>
			<Sample nodeCount="7" insertCount="10000" extractCount="10000" duration="4928516"/>
			<Sample nodeCount="8" insertCount="10000" extractCount="10000" duration="5840295"/>
			<Sample nodeCount="9" insertCount="10000" extractCount="10000" duration="6841449"/>
			<Sample nodeCount="10" insertCount="10000" extractCount="10000" duration="7758143"/>
			<Sample nodeCount="11" insertCount="10000" extractCount="10000" duration="9226905"/>
			<Sample nodeCount="12" insertCount="10000" extractCount="10000" duration="10174489"/>
			<Sample nodeCount="13" insertCount="10000" extractCount="10000" duration="11284487"/>
			<Sample nodeCount="14" insertCount="10000" extractCount="10000" duration="12126399"/>
			<Sample nodeCount="15" insertCount="10000" extractCount="10000" duration="13598249"/>
			<Sample nodeCount="16" insertCount="10000" extractCount="10000" duration="14412944"/>
			<Sample nodeCount="17" insertCount="10000" extractCount="10000" duration="15386316"/>
			<Sample nodeCount="18" insertCount="10000" extractCount="10000" duration="16460194"/>
			<Sample nodeCount="19" insertCount="10000" extractCount="10000" duration="18018291"/>
			<Sample nodeCount="20" insertCount="10000" extractCount="10000" duration="19073983"/>
			<Sample nodeCount="21" insertCount="10000" extractCount="10000" duration="20139167"/>
			<Sample nodeCount="22" insertCount="10000" extractCount="10000" duration="21217350"/>
			<Sample nodeCount="23" insertCount="10000" extractCount="10000" duration="22820890"/>
			<Sample nodeCount="24" insertCount="10000" extractCount="10000" duration="23719503"/>
			<Sample nodeCount="25" insertCount="10000" extractCount="10000" duration="24836263"/>
			<Sample nodeCount="26" insertCount="10000" extractCount="10000" duration="25980155"/>
			<Sample nodeCount="27" insertCount="10000" extractCount="10000" duration="27273400"/>
			<Sample nodeCount="28" insertCount="10000" extractCount="10000" duration="28385960"/>
			<Sample nodeCount="29" insertCount="10000" extractCount="10000" duration="29652723"/>
			<Sample nodeCount="30" insertCount="10000" extractCount="10000" duration="30864718"/>
			<Sample nodeCount="31" insertCount="10000" extractCount="10000" duration="32436275"/>
			<Sample nodeCount="32" insertCount="10000" extractCount="10000" duration="33411621"/>
			<Sample nodeCount="33" insertCount="10000" extractCount="10000" duration="34413952"/>
			<Sample nodeCount="34" insertCount="10000" extractCount="10000" duration="35577522"/>
			<Sample nodeCount="35" insertCount="10000" extractCount="10000" duration="36801928"/>
			<Sample nodeCount="36" insertCount="10000" extractCount="10000" duration="37921103"/>
			<Sample nodeCount="37" insertCount="10000" extractCount="10000" duration="39138369"/>
			<Sample nodeCount="38" insertCount="10000" extractCount="10000" duration="40289737"/>
			<Sample nodeCount="39" insertCount="10000" extractCount="10000" duration="42462462"/>
			<Sample nodeCount="40" insertCount="10000" extractCount="10000" duration="43653206"/>
			<Sample nodeCount="41" insertCount="10000" extractCount="10000" duration="45039375"/>
			<Sample nodeCount="42" insertCount="10000" extractCount="10000" duration="46187677"/>
			<Sample nodeCount="43" insertCount="10000" extractCount="10000" duration="47136941"/>
			<Sample nodeCount="44" insertCount="10000" extractCount="10000" duration="48245638"/>
			<Sample nodeCount="45" insertCount="10000" extractCount="10000" duration="49480166"/>
			<Sample nodeCount="46" insertCount="10000" extractCount="10000" duration="50600664"/>
			<Sample nodeCount="47" insertCount="10000" extractCount="10000" duration="52347446"/>
			<Sample nodeCount="48" insertCount="10000" extractCount="10000" duration="53345976"/>
			<Sample nodeCount="49" insertCount="10000" extractCount="10000" duration="54488167"/>
			<Sample nodeCount="50" insertCount="10000" extractCount="10000" duration="55640081"/>
			<Sample nodeCount="51" insertCount="10000" extractCount="10000" duration="56938260"/>
			<Sample nodeCount="52" insertCount="10000" extractCount="10000" duration="58095025"/>
			<Sample nodeCount="53" insertCount="10000" extractCount="10000" duration="59241458"/>
			<Sample nodeCount="54" insertCount="10000" extractCount="10000" duration="60441294"/>
			<Sample nodeCount="55" insertCount="10000" extractCount="10000" duration="62114072"/>
			<Sample nodeCount="56" insertCount="10000" extractCount="10000" duration="63250929"/>
			<Sample nodeCount="57" insertCount="10000" extractCount="10000" duration="64485374"/>
			<Sample nodeCount="58" insertCount="10000" extractCount="10000" duration="65630988"/>
			<Sample nodeCount="59" insertCount="10000" extractCount="10000" duration="66980869"/>
			<Sample nodeCount="60" insertCount="10000" extractCount="10000" duration="68128856"/>
			<Sample nodeCount="61" insertCount="10000" extractCount="10000" duration="69341103"/>
			<Sample nodeCount="62" insertCount="10000" extractCount="10000" duration="70546400"/>
			<Sample nodeCount="63" insertCount="10000" extractCount="10000" duration="72492787"/>
			<Sample nodeCount="64" insertCount="10000" extractCount="10000" duration="73524560"/>
			<Sample nodeCount="65" insertCount="10000" extractCount="10000" duration="74605074"/>
			<Sample nodeCount="66" insertCount="10000" extractCount="10000" duration="75757659"/>
			<Sample nodeCount="67" insertCount="10000" extractCount="10000" duration="77052290"/>
			<Sample nodeCount="68" insertCount="10000" extractCount="10000" duration="78136521"/>
			<Sample nodeCount="69" insertCount="10000" extractCount="10000" duration="79456289"/>
			<Sample nodeCount="70" insertCount="10000" extractCount="10000" duration="80581743"/>
			<Sample nodeCount="71" insertCount="10000" extractCount="10000" duration="82290199"/>
			<Sample nodeCount="72" insertCount="10000" extractCount="10000" duration="83439930"/>
			<Sample nodeCount="73" insertCount="10000" extractCount="10000" duration="84727798"/>
			<Sample nodeCount="74" insertCount="10000" extractCount="10000" duration="85885235"/>
			<Sample nodeCount="75" insertCount="10000" extractCount="10000" duration="87135261"/>
			<Sample nodeCount="76" insertCount="10000" extractCount="10000" duration="88203301"/>
			<Sample nodeCount="77" insertCount="10000" extractCount="10000" duration="89507423"/>
			<Sample nodeCount="78" insertCount="10000" extractCount="10000" duration="90740482"/>
			<Sample nodeCount="79" insertCount="10000" extractCount="10000" duration="94230980"/>
			<Sample nodeCount="80" insertCount="10000" extractCount="10000" duration="95399085"/>
			<Sample nodeCount="81" insertCount="10000" extractCount="10000" duration="96604297"/>
			<Sample nodeCount="82" insertCount="10000" extractCount="10000" duration="97758626"/>
			<Sample nodeCount="83" insertCount="10000" extractCount="10000" duration="98996535"/>
			<Sample nodeCount="84" insertCount="10000" extractCount="10000" duration="100167454"/>
			<Sample nodeCount="85" insertCount="10000" extractCount="10000" duration="101409060"/>
			<Sample nodeCount="86" insertCount="10000" extractCount="10000" duration="102620530"/>
			<Sample nodeCount="87" insertCount="10000" extractCount="10000" duration="104305256"/>
			<Sample nodeCount="88" insertCount="10000" extractCount="10000" duration="105466095"/>
			<Sample nodeCount="89" insertCount="10000" extractCount="10000" duration="106669228"/>
			<Sample nodeCount="90" insertCount="10000" extractCount="10000" duration="107916735"/>
			<Sample nodeCount="91" insertCount="10000" extractCount="10000" duration="109189399"/>
			<Sample nodeCount="92" insertCount="10000" extractCount="10000" duration="110381465"/>
			<Sample nodeCount="93" insertCount="10000" extractCount="10000" duration="111636468"/>
			<Sample nodeCount="94" insertCount="10000" extractCount="10000" duration="112912430"/>
			<Sample nodeCount="95" insertCount="10000" extractCount="10000" duration="116204624"/>
			<Sample nodeCount="96" insertCount="10000" extractCount="10000" duration="117232533"/>
			<Sample nodeCount="97" insertCount="10000" extractCount="10000" duration="118368109"/>
			<Sample nodeCount="98" insertCount="10000" extractCount="10000" duration="119519981"/>
			<Sample nodeCount="99" insertCount="10000" extractCount="10000" duration="120930805"/>
			<Sample nodeCount="100" insertCount="10000" extractCount="10000" duration="122116656"/>
			<Sample nodeCount="101" insertCount="10000" extractCount="10000" duration="123352717"/>
			<Sample nodeCount="102" insertCount="10000" extractCount="10000" duration="124540184"/>
			<Sample nodeCount="103" insertCount="10000" extractCount="10000" duration="126153552"/>
			<Sample nodeCount="104" insertCount="10000" extractCount="10000" duration="127314853"/>
			<Sample nodeCount="105" insertCount="10000" extractCount="10000" duration="128548835"/>
			<Sample nodeCount="106" insertCount="10000" extractCount="10000" duration="129783007"/>
			<Sample nodeCount="107" insertCount="10000" extractCount="10000" duration="131110880"/>
			<Sample nodeCount="108" insertCount="10000" extractCount="10000" duration="132329805"/>
			<Sample nodeCount="109" insertCount="10000" extractCount="10000" duration="133551586"/>
			<Sample nodeCount="110" insertCount="10000" extractCount="10000" duration="134821269"/>
			<Sample nodeCount="111" insertCount="10000" extractCount="10000" duration="138892921"/>
			<Sample nodeCount="112" insertCount="10000" extractCount="10000" duration="140063000"/>
			<Sample nodeCount="113" insertCount="10000" extractCount="10000" duration="141314979"/>
			<Sample nodeCount="114" insertCount="10000" extractCount="10000" duration="142517000"/>
			<Sample nodeCount="115" insertCount="10000" extractCount="10000" duration="143813183"/>
			<Sample nodeCount="116" insertCount="10000" extractCount="10000" duration="145072240"/>
			<Sample nodeCount="117" insertCount="10000" extractCount="10000" duration="146289170"/>
			<Sample nodeCount="118" insertCount="10000" extractCount="10000" duration="147561604"/>
			<Sample nodeCount="119" insertCount="10000" extractCount="10000" duration="149296731"/>
			<Sample nodeCount="120" insertCount="10000" extractCount="10000" duration="150481909"/>
			<Sample nodeCount="121" insertCount="10000" extractCount="10000" duration="151697956"/>
			<Sample nodeCount="122" insertCount="10000" extractCount="10000" duration="152973162"/>
			<Sample nodeCount="123" insertCount="10000" extractCount="10000" duration="154417648"/>
			<Sample nodeCount="124" insertCount="10000" extractCount="10000" duration="155650140"/>
			<Sample nodeCount="125" insertCount="10000" extractCount="10000" duration="156933367"/>
			<Sample nodeCount="126" insertCount="10000" extractCount="10000" duration="158239317"/>
			<Sample nodeCount="127" insertCount="10000" extractCount="10000" duration="162135723"/>
		</SmallSetLinear>
		<LargeSetLinear>
		</LargeSetLinear>
	</RBTest>
	<RBTest implementation="JFFS2" nodeSize="16">
		<SmallSetRandomOps>
			<Sample nodeCount="1" insertCount="62" extractCount="61" duration="4305"/>
			<Sample nodeCount="2" insertCount="123" extractCount="123" duration="8106"/>
			<Sample nodeCount="3" insertCount="186" extractCount="183" duration="14112"/>
			<Sample nodeCount="4" insertCount="247" extractCount="245" duration="20328"/>
			<Sample nodeCount="5" insertCount="309" extractCount="306" duration="28035"/>
			<Sample nodeCount="6" insertCount="370" extractCount="368" duration="34629"/>
			<Sample nodeCount="7" insertCount="433" extractCount="428" duration="42063"/>
			<Sample nodeCount="8" insertCount="493" extractCount="491" duration="49623"/>
			<Sample nodeCount="9" insertCount="557" extractCount="550" duration="57939"/>
			<Sample nodeCount="10" insertCount="619" extractCount="611" duration="63714"/>
			<Sample nodeCount="11" insertCount="680" extractCount="673" duration="73437"/>
			<Sample nodeCount="12" insertCount="740" extractCount="736" duration="79821"/>
			<Sample nodeCount="13" insertCount="803" extractCount="796" duration="88578"/>
			<Sample nodeCount="14" insertCount="864" extractCount="858" duration="96705"/>
			<Sample nodeCount="15" insertCount="927" extractCount="918" duration="103047"/>
			<Sample nodeCount="16" insertCount="988" extractCount="980" duration="110670"/>
			<Sample nodeCount="17" insertCount="1050" extractCount="1041" duration="120918"/>
			<Sample nodeCount="18" insertCount="1113" extractCount="1101" duration="129066"/>
			<Sample nodeCount="19" insertCount="1172" extractCount="1165" duration="175750"/>
			<Sample nodeCount="20" insertCount="1237" extractCount="1223" duration="143283"/>
			<Sample nodeCount="21" insertCount="1296" extractCount="1287" duration="152586"/>
			<Sample nodeCount="22" insertCount="1359" extractCount="1347" duration="159075"/>
			<Sample nodeCount="23" insertCount="1419" extractCount="1410" duration="168147"/>
			<Sample nodeCount="24" insertCount="1484" extractCount="1468" duration="175833"/>
			<Sample nodeCount="25" insertCount="1544" extractCount="1531" duration="182826"/>
			<Sample nodeCount="26" insertCount="1604" extractCount="1594" duration="230581"/>
			<Sample nodeCount="27" insertCount="1668" extractCount="1653" duration="200088"/>
			<Sample nodeCount="28" insertCount="1729" extractCount="1715" duration="247150"/>
			<Sample nodeCount="29" insertCount="1790" extractCount="1777" duration="216678"/>
			<Sample nodeCount="30" insertCount="1851" extractCount="1839" duration="260905"/>
			<Sample nodeCount="31" insertCount="1914" extractCount="1899" duration="231126"/>
			<Sample nodeCount="32" insertCount="1977" extractCount="1959" duration="280120"/>
			<Sample nodeCount="33" insertCount="2041" extractCount="2018" duration="250341"/>
			<Sample nodeCount="34" insertCount="2097" extractCount="2085" duration="294568"/>
			<Sample nodeCount="35" insertCount="2160" extractCount="2145" duration="267351"/>
			<Sample nodeCount="36" insertCount="2221" extractCount="2207" duration="312040"/>
			<Sample nodeCount="37" insertCount="2285" extractCount="2266" duration="281400"/>
			<Sample nodeCount="38" insertCount="2346" extractCount="2328" duration="290871"/>
			<Sample nodeCount="39" insertCount="2408" extractCount="2389" duration="299985"/>
			<Sample nodeCount="40" insertCount="2471" extractCount="2449" duration="305067"/>
			<Sample nodeCount="41" insertCount="2531" extractCount="2512" duration="354271"/>
			<Sample nodeCount="42" insertCount="2593" extractCount="2573" duration="320775"/>
			<Sample nodeCount="43" insertCount="2656" extractCount="2633" duration="334362"/>
			<Sample nodeCount="44" insertCount="2717" extractCount="2695" duration="338877"/>
			<Sample nodeCount="45" insertCount="2776" extractCount="2759" duration="345324"/>
			<Sample nodeCount="46" insertCount="2840" extractCount="2818" duration="391672"/>
			<Sample nodeCount="47" insertCount="2902" extractCount="2879" duration="362880"/>
			<Sample nodeCount="48" insertCount="2966" extractCount="2938" duration="375921"/>
			<Sample nodeCount="49" insertCount="3026" extractCount="3001" duration="421051"/>
			<Sample nodeCount="50" insertCount="3084" extractCount="3066" duration="394401"/>
			<Sample nodeCount="51" insertCount="3151" extractCount="3122" duration="401100"/>
			<Sample nodeCount="52" insertCount="3209" extractCount="3187" duration="446209"/>
			<Sample nodeCount="53" insertCount="3273" extractCount="3246" duration="416451"/>
			<Sample nodeCount="54" insertCount="3337" extractCount="3305" duration="428610"/>
			<Sample nodeCount="55" insertCount="3400" extractCount="3365" duration="473005"/>
			<Sample nodeCount="56" insertCount="3458" extractCount="3430" duration="483232"/>
			<Sample nodeCount="57" insertCount="3521" extractCount="3490" duration="451731"/>
			<Sample nodeCount="58" insertCount="3580" extractCount="3554" duration="456666"/>
			<Sample nodeCount="59" insertCount="3647" extractCount="3610" duration="508411"/>
			<Sample nodeCount="60" insertCount="3706" extractCount="3674" duration="512254"/>
			<Sample nodeCount="61" insertCount="3766" extractCount="3737" duration="487872"/>
			<Sample nodeCount="62" insertCount="3828" extractCount="3798" duration="490224"/>
			<Sample nodeCount="63" insertCount="3888" extractCount="3861" duration="541276"/>
			<Sample nodeCount="64" insertCount="3952" extractCount="3920" duration="546694"/>
			<Sample nodeCount="65" insertCount="4014" extractCount="3981" duration="519708"/>
			<Sample nodeCount="66" insertCount="4077" extractCount="4041" duration="526449"/>
			<Sample nodeCount="67" insertCount="4136" extractCount="4105" duration="540435"/>
			<Sample nodeCount="68" insertCount="4200" extractCount="4164" duration="580231"/>
			<Sample nodeCount="69" insertCount="4263" extractCount="4224" duration="589051"/>
			<Sample nodeCount="70" insertCount="4325" extractCount="4285" duration="605116"/>
			<Sample nodeCount="71" insertCount="4381" extractCount="4352" duration="569268"/>
			<Sample nodeCount="72" insertCount="4448" extractCount="4408" duration="574119"/>
			<Sample nodeCount="73" insertCount="4507" extractCount="4472" duration="583947"/>
			<Sample nodeCount="74" insertCount="4571" extractCount="4531" duration="634579"/>
			<Sample nodeCount="75" insertCount="4631" extractCount="4594" duration="645667"/>
			<Sample nodeCount="76" insertCount="4693" extractCount="4655" duration="651883"/>
			<Sample nodeCount="77" insertCount="4755" extractCount="4716" duration="658792"/>
			<Sample nodeCount="78" insertCount="4817" extractCount="4777" duration="667150"/>
			<Sample nodeCount="79" insertCount="4877" extractCount="4840" duration="680968"/>
			<Sample nodeCount="80" insertCount="4942" extractCount="4898" duration="681367"/>
			<Sample nodeCount="81" insertCount="5002" extractCount="4961" duration="694114"/>
			<Sample nodeCount="82" insertCount="5063" extractCount="5023" duration="662424"/>
			<Sample nodeCount="83" insertCount="5124" extractCount="5085" duration="676200"/>
			<Sample nodeCount="84" insertCount="5187" extractCount="5145" duration="683718"/>
			<Sample nodeCount="85" insertCount="5250" extractCount="5205" duration="693735"/>
			<Sample nodeCount="86" insertCount="5314" extractCount="5264" duration="703059"/>
			<Sample nodeCount="87" insertCount="5374" extractCount="5327" duration="710745"/>
			<Sample nodeCount="88" insertCount="5432" extractCount="5392" duration="721728"/>
			<Sample nodeCount="89" insertCount="5490" extractCount="5457" duration="725193"/>
			<Sample nodeCount="90" insertCount="5559" extractCount="5511" duration="729918"/>
			<Sample nodeCount="91" insertCount="5621" extractCount="5572" duration="741006"/>
			<Sample nodeCount="92" insertCount="5680" extractCount="5636" duration="788530"/>
			<Sample nodeCount="93" insertCount="5740" extractCount="5699" duration="798652"/>
			<Sample nodeCount="94" insertCount="5803" extractCount="5759" duration="805225"/>
			<Sample nodeCount="95" insertCount="5862" extractCount="5823" duration="820156"/>
			<Sample nodeCount="96" insertCount="5929" extractCount="5879" duration="822949"/>
			<Sample nodeCount="97" insertCount="5993" extractCount="5938" duration="829081"/>
			<Sample nodeCount="98" insertCount="6055" extractCount="5999" duration="841450"/>
			<Sample nodeCount="99" insertCount="6113" extractCount="6064" duration="855919"/>
			<Sample nodeCount="100" insertCount="6172" extractCount="6128" duration="861757"/>
			<Sample nodeCount="101" insertCount="6238" extractCount="6185" duration="833973"/>
			<Sample nodeCount="102" insertCount="6299" extractCount="6247" duration="876814"/>
			<Sample nodeCount="103" insertCount="6363" extractCount="6306" duration="890023"/>
			<Sample nodeCount="104" insertCount="6426" extractCount="6366" duration="896281"/>
			<Sample nodeCount="105" insertCount="6481" extractCount="6434" duration="908566"/>
			<Sample nodeCount="106" insertCount="6544" extractCount="6494" duration="922090"/>
			<Sample nodeCount="107" insertCount="6607" extractCount="6554" duration="914635"/>
			<Sample nodeCount="108" insertCount="6669" extractCount="6615" duration="931456"/>
			<Sample nodeCount="109" insertCount="6732" extractCount="6675" duration="903441"/>
			<Sample nodeCount="110" insertCount="6794" extractCount="6736" duration="946282"/>
			<Sample nodeCount="111" insertCount="6852" extractCount="6801" duration="956173"/>
			<Sample nodeCount="112" insertCount="6918" extractCount="6858" duration="972406"/>
			<Sample nodeCount="113" insertCount="6981" extractCount="6918" duration="981625"/>
			<Sample nodeCount="114" insertCount="7041" extractCount="6981" duration="986077"/>
			<Sample nodeCount="115" insertCount="7103" extractCount="7042" duration="993763"/>
			<Sample nodeCount="116" insertCount="7164" extractCount="7104" duration="1000462"/>
			<Sample nodeCount="117" insertCount="7225" extractCount="7166" duration="1020958"/>
			<Sample nodeCount="118" insertCount="7291" extractCount="7223" duration="1021588"/>
			<Sample nodeCount="119" insertCount="7350" extractCount="7287" duration="1030282"/>
			<Sample nodeCount="120" insertCount="7410" extractCount="7350" duration="1036771"/>
			<Sample nodeCount="121" insertCount="7471" extractCount="7412" duration="1047838"/>
			<Sample nodeCount="122" insertCount="7537" extractCount="7469" duration="1049224"/>
			<Sample nodeCount="123" insertCount="7593" extractCount="7536" duration="1066969"/>
			<Sample nodeCount="124" insertCount="7658" extractCount="7594" duration="1073332"/>
			<Sample nodeCount="125" insertCount="7718" extractCount="7657" duration="1085911"/>
			<Sample nodeCount="126" insertCount="7781" extractCount="7717" duration="1084924"/>
			<Sample nodeCount="127" insertCount="7840" extractCount="7781" duration="1103740"/>
		</SmallSetRandomOps>
		<LargeSetRandomOps>
		</LargeSetRandomOps>
		<SmallSetLinear>
			<Sample nodeCount="1" insertCount="10000" extractCount="10000" duration="339193"/>
			<Sample nodeCount="2" insertCount="10000" extractCount="10000" duration="645310"/>
			<Sample nodeCount="3" insertCount="10000" extractCount="10000" duration="1205527"/>
			<Sample nodeCount="4" insertCount="10000" extractCount="10000" duration="1891010"/>
			<Sample nodeCount="5" insertCount="10000" extractCount="10000" duration="2576262"/>
			<Sample nodeCount="6" insertCount="10000" extractCount="10000" duration="3269241"/>
			<Sample nodeCount="7" insertCount="10000" extractCount="10000" duration="3844831"/>
			<Sample nodeCount="8" insertCount="10000" extractCount="10000" duration="4893845"/>
			<Sample nodeCount="9" insertCount="10000" extractCount="10000" duration="5664798"/>
			<Sample nodeCount="10" insertCount="10000" extractCount="10000" duration="6857956"/>
			<Sample nodeCount="11" insertCount="10000" extractCount="10000" duration="7811819"/>
			<Sample nodeCount="12" insertCount="10000" extractCount="10000" duration="8765346"/>
			<Sample nodeCount="13" insertCount="10000" extractCount="10000" duration="9614146"/>
			<Sample nodeCount="14" insertCount="10000" extractCount="10000" duration="11021000"/>
			<Sample nodeCount="15" insertCount="10000" extractCount="10000" duration="11757639"/>
			<Sample nodeCount="16" insertCount="10000" extractCount="10000" duration="12641508"/>
			<Sample nodeCount="17" insertCount="10000" extractCount="10000" duration="13535311"/>
			<Sample nodeCount="18" insertCount="10000" extractCount="10000" duration="14885403"/>
			<Sample nodeCount="19" insertCount="10000" extractCount="10000" duration="15821835"/>
			<Sample nodeCount="20" insertCount="10000" extractCount="10000" duration="16891451"/>
			<Sample nodeCount="21" insertCount="10000" extractCount="10000" duration="17708772"/>
			<Sample nodeCount="22" insertCount="10000" extractCount="10000" duration="19074235"/>
			<Sample nodeCount="23" insertCount="10000" extractCount="10000" duration="20481090"/>
			<Sample nodeCount="24" insertCount="10000" extractCount="10000" duration="21457989"/>
			<Sample nodeCount="25" insertCount="10000" extractCount="10000" duration="22296982"/>
			<Sample nodeCount="26" insertCount="10000" extractCount="10000" duration="24083580"/>
			<Sample nodeCount="27" insertCount="10000" extractCount="10000" duration="24868267"/>
			<Sample nodeCount="28" insertCount="10000" extractCount="10000" duration="26186459"/>
			<Sample nodeCount="29" insertCount="10000" extractCount="10000" duration="26965434"/>
			<Sample nodeCount="30" insertCount="10000" extractCount="10000" duration="28680716"/>
			<Sample nodeCount="31" insertCount="10000" extractCount="10000" duration="29647893"/>
			<Sample nodeCount="32" insertCount="10000" extractCount="10000" duration="30824817"/>
			<Sample nodeCount="33" insertCount="10000" extractCount="10000" duration="31769000"/>
			<Sample nodeCount="34" insertCount="10000" extractCount="10000" duration="33305803"/>
			<Sample nodeCount="35" insertCount="10000" extractCount="10000" duration="34287491"/>
			<Sample nodeCount="36" insertCount="10000" extractCount="10000" duration="35641404"/>
			<Sample nodeCount="37" insertCount="10000" extractCount="10000" duration="36410677"/>
			<Sample nodeCount="38" insertCount="10000" extractCount="10000" duration="37937777"/>
			<Sample nodeCount="39" insertCount="10000" extractCount="10000" duration="39040131"/>
			<Sample nodeCount="40" insertCount="10000" extractCount="10000" duration="40866901"/>
			<Sample nodeCount="41" insertCount="10000" extractCount="10000" duration="41825238"/>
			<Sample nodeCount="42" insertCount="10000" extractCount="10000" duration="43430479"/>
			<Sample nodeCount="43" insertCount="10000" extractCount="10000" duration="44339843"/>
			<Sample nodeCount="44" insertCount="10000" extractCount="10000" duration="45543564"/>
			<Sample nodeCount="45" insertCount="10000" extractCount="10000" duration="46427791"/>
			<Sample nodeCount="46" insertCount="10000" extractCount="10000" duration="48052605"/>
			<Sample nodeCount="47" insertCount="10000" extractCount="10000" duration="49670531"/>
			<Sample nodeCount="48" insertCount="10000" extractCount="10000" duration="50991117"/>
			<Sample nodeCount="49" insertCount="10000" extractCount="10000" duration="51769567"/>
			<Sample nodeCount="50" insertCount="10000" extractCount="10000" duration="53471177"/>
			<Sample nodeCount="51" insertCount="10000" extractCount="10000" duration="54381948"/>
			<Sample nodeCount="52" insertCount="10000" extractCount="10000" duration="55669690"/>
			<Sample nodeCount="53" insertCount="10000" extractCount="10000" duration="56632794"/>
			<Sample nodeCount="54" insertCount="10000" extractCount="10000" duration="58532057"/>
			<Sample nodeCount="55" insertCount="10000" extractCount="10000" duration="59432391"/>
			<Sample nodeCount="56" insertCount="10000" extractCount="10000" duration="60787123"/>
			<Sample nodeCount="57" insertCount="10000" extractCount="10000" duration="61705727"/>
			<Sample nodeCount="58" insertCount="10000" extractCount="10000" duration="63470107"/>
			<Sample nodeCount="59" insertCount="10000" extractCount="10000" duration="64495181"/>
			<Sample nodeCount="60" insertCount="10000" extractCount="10000" duration="65593587"/>
			<Sample nodeCount="61" insertCount="10000" extractCount="10000" duration="66528865"/>
			<Sample nodeCount="62" insertCount="10000" extractCount="10000" duration="68501102"/>
			<Sample nodeCount="63" insertCount="10000" extractCount="10000" duration="69702429"/>
			<Sample nodeCount="64" insertCount="10000" extractCount="10000" duration="70615637"/>
			<Sample nodeCount="65" insertCount="10000" extractCount="10000" duration="70903505"/>
			<Sample nodeCount="66" insertCount="10000" extractCount="10000" duration="72404481"/>
			<Sample nodeCount="67" insertCount="10000" extractCount="10000" duration="73531846"/>
			<Sample nodeCount="68" insertCount="10000" extractCount="10000" duration="74676138"/>
			<Sample nodeCount="69" insertCount="10000" extractCount="10000" duration="75895063"/>
			<Sample nodeCount="70" insertCount="10000" extractCount="10000" duration="77414141"/>
			<Sample nodeCount="71" insertCount="10000" extractCount="10000" duration="78488712"/>
			<Sample nodeCount="72" insertCount="10000" extractCount="10000" duration="80187341"/>
			<Sample nodeCount="73" insertCount="10000" extractCount="10000" duration="81252462"/>
			<Sample nodeCount="74" insertCount="10000" extractCount="10000" duration="82834309"/>
			<Sample nodeCount="75" insertCount="10000" extractCount="10000" duration="83938470"/>
			<Sample nodeCount="76" insertCount="10000" extractCount="10000" duration="85431844"/>
			<Sample nodeCount="77" insertCount="10000" extractCount="10000" duration="87100674"/>
			<Sample nodeCount="78" insertCount="10000" extractCount="10000" duration="88836536"/>
			<Sample nodeCount="79" insertCount="10000" extractCount="10000" duration="90330603"/>
			<Sample nodeCount="80" insertCount="10000" extractCount="10000" duration="91492093"/>
			<Sample nodeCount="81" insertCount="10000" extractCount="10000" duration="92552048"/>
			<Sample nodeCount="82" insertCount="10000" extractCount="10000" duration="94342405"/>
			<Sample nodeCount="83" insertCount="10000" extractCount="10000" duration="95209370"/>
			<Sample nodeCount="84" insertCount="10000" extractCount="10000" duration="96744094"/>
			<Sample nodeCount="85" insertCount="10000" extractCount="10000" duration="96737269"/>
			<Sample nodeCount="86" insertCount="10000" extractCount="10000" duration="98163548"/>
			<Sample nodeCount="87" insertCount="10000" extractCount="10000" duration="99402361"/>
			<Sample nodeCount="88" insertCount="10000" extractCount="10000" duration="101992734"/>
			<Sample nodeCount="89" insertCount="10000" extractCount="10000" duration="103041916"/>
			<Sample nodeCount="90" insertCount="10000" extractCount="10000" duration="105162372"/>
			<Sample nodeCount="91" insertCount="10000" extractCount="10000" duration="105645729"/>
			<Sample nodeCount="92" insertCount="10000" extractCount="10000" duration="106954094"/>
			<Sample nodeCount="93" insertCount="10000" extractCount="10000" duration="107867678"/>
			<Sample nodeCount="94" insertCount="10000" extractCount="10000" duration="109365275"/>
			<Sample nodeCount="95" insertCount="10000" extractCount="10000" duration="110435079"/>
			<Sample nodeCount="96" insertCount="10000" extractCount="10000" duration="111655705"/>
			<Sample nodeCount="97" insertCount="10000" extractCount="10000" duration="112750771"/>
			<Sample nodeCount="98" insertCount="10000" extractCount="10000" duration="114422899"/>
			<Sample nodeCount="99" insertCount="10000" extractCount="10000" duration="115673387"/>
			<Sample nodeCount="100" insertCount="10000" extractCount="10000" duration="116651504"/>
			<Sample nodeCount="101" insertCount="10000" extractCount="10000" duration="117915727"/>
			<Sample nodeCount="102" insertCount="10000" extractCount="10000" duration="121105672"/>
			<Sample nodeCount="103" insertCount="10000" extractCount="10000" duration="121121338"/>
			<Sample nodeCount="104" insertCount="10000" extractCount="10000" duration="122734097"/>
			<Sample nodeCount="105" insertCount="10000" extractCount="10000" duration="123443857"/>
			<Sample nodeCount="106" insertCount="10000" extractCount="10000" duration="124921061"/>
			<Sample nodeCount="107" insertCount="10000" extractCount="10000" duration="126643315"/>
			<Sample nodeCount="108" insertCount="10000" extractCount="10000" duration="128763540"/>
			<Sample nodeCount="109" insertCount="10000" extractCount="10000" duration="129844285"/>
			<Sample nodeCount="110" insertCount="10000" extractCount="10000" duration="132078477"/>
			<Sample nodeCount="111" insertCount="10000" extractCount="10000" duration="133152629"/>
			<Sample nodeCount="112" insertCount="10000" extractCount="10000" duration="134111069"/>
			<Sample nodeCount="113" insertCount="10000" extractCount="10000" duration="135331864"/>
			<Sample nodeCount="114" insertCount="10000" extractCount="10000" duration="136116844"/>
			<Sample nodeCount="115" insertCount="10000" extractCount="10000" duration="137414100"/>
			<Sample nodeCount="116" insertCount="10000" extractCount="10000" duration="139496252"/>
			<Sample nodeCount="117" insertCount="10000" extractCount="10000" duration="140555240"/>
			<Sample nodeCount="118" insertCount="10000" extractCount="10000" duration="141411747"/>
			<Sample nodeCount="119" insertCount="10000" extractCount="10000" duration="142671644"/>
			<Sample nodeCount="120" insertCount="10000" extractCount="10000" duration="143926752"/>
			<Sample nodeCount="121" insertCount="10000" extractCount="10000" duration="144795964"/>
			<Sample nodeCount="122" insertCount="10000" extractCount="10000" duration="146517797"/>
			<Sample nodeCount="123" insertCount="10000" extractCount="10000" duration="147540289"/>
			<Sample nodeCount="124" insertCount="10000" extractCount="10000" duration="148724878"/>
			<Sample nodeCount="125" insertCount="10000" extractCount="10000" duration="149820366"/>
			<Sample nodeCount="126" insertCount="10000" extractCount="10000" duration="152511833"/>
			<Sample nodeCount="127" insertCount="10000" extractCount="10000" duration="155375312"/>
		</SmallSetLinear>
		<LargeSetLinear>
		</LargeSetLinear>
	</RBTest>
	<RBTest implementation="BSD" nodeSize="16">
		<SmallSetRandomOps>
			<Sample nodeCount="1" insertCount="62" extractCount="61" duration="4116"/>
			<Sample nodeCount="2" insertCount="123" extractCount="123" duration="7791"/>
			<Sample nodeCount="3" insertCount="186" extractCount="183" duration="13482"/>
			<Sample nodeCount="4" insertCount="247" extractCount="245" duration="19572"/>
			<Sample nodeCount="5" insertCount="309" extractCount="306" duration="27342"/>
			<Sample nodeCount="6" insertCount="370" extractCount="368" duration="34461"/>
			<Sample nodeCount="7" insertCount="433" extractCount="428" duration="43008"/>
			<Sample nodeCount="8" insertCount="493" extractCount="491" duration="50043"/>
			<Sample nodeCount="9" insertCount="557" extractCount="550" duration="58212"/>
			<Sample nodeCount="10" insertCount="619" extractCount="611" duration="64155"/>
			<Sample nodeCount="11" insertCount="680" extractCount="673" duration="71484"/>
			<Sample nodeCount="12" insertCount="740" extractCount="736" duration="78456"/>
			<Sample nodeCount="13" insertCount="803" extractCount="796" duration="127093"/>
			<Sample nodeCount="14" insertCount="864" extractCount="858" duration="96306"/>
			<Sample nodeCount="15" insertCount="927" extractCount="918" duration="102585"/>
			<Sample nodeCount="16" insertCount="988" extractCount="980" duration="111090"/>
			<Sample nodeCount="17" insertCount="1050" extractCount="1041" duration="159706"/>
			<Sample nodeCount="18" insertCount="1113" extractCount="1101" duration="127596"/>
			<Sample nodeCount="19" insertCount="1172" extractCount="1165" duration="138705"/>
			<Sample nodeCount="20" insertCount="1237" extractCount="1223" duration="146475"/>
			<Sample nodeCount="21" insertCount="1296" extractCount="1287" duration="153741"/>
			<Sample nodeCount="22" insertCount="1359" extractCount="1347" duration="161217"/>
			<Sample nodeCount="23" insertCount="1419" extractCount="1410" duration="167853"/>
			<Sample nodeCount="24" insertCount="1484" extractCount="1468" duration="216364"/>
			<Sample nodeCount="25" insertCount="1544" extractCount="1531" duration="185052"/>
			<Sample nodeCount="26" insertCount="1604" extractCount="1594" duration="230203"/>
			<Sample nodeCount="27" insertCount="1668" extractCount="1653" duration="200067"/>
			<Sample nodeCount="28" insertCount="1729" extractCount="1715" duration="212499"/>
			<Sample nodeCount="29" insertCount="1790" extractCount="1777" duration="219639"/>
			<Sample nodeCount="30" insertCount="1851" extractCount="1839" duration="223335"/>
			<Sample nodeCount="31" insertCount="1914" extractCount="1899" duration="236628"/>
			<Sample nodeCount="32" insertCount="1977" extractCount="1959" duration="243789"/>
			<Sample nodeCount="33" insertCount="2041" extractCount="2018" duration="249879"/>
			<Sample nodeCount="34" insertCount="2097" extractCount="2085" duration="296059"/>
			<Sample nodeCount="35" insertCount="2160" extractCount="2145" duration="268170"/>
			<Sample nodeCount="36" insertCount="2221" extractCount="2207" duration="314791"/>
			<Sample nodeCount="37" insertCount="2285" extractCount="2266" duration="285978"/>
			<Sample nodeCount="38" insertCount="2346" extractCount="2328" duration="330394"/>
			<Sample nodeCount="39" insertCount="2408" extractCount="2389" duration="298956"/>
			<Sample nodeCount="40" insertCount="2471" extractCount="2449" duration="309078"/>
			<Sample nodeCount="41" insertCount="2531" extractCount="2512" duration="315441"/>
			<Sample nodeCount="42" insertCount="2593" extractCount="2573" duration="324114"/>
			<Sample nodeCount="43" insertCount="2656" extractCount="2633" duration="374557"/>
			<Sample nodeCount="44" insertCount="2717" extractCount="2695" duration="342951"/>
			<Sample nodeCount="45" insertCount="2776" extractCount="2759" duration="347382"/>
			<Sample nodeCount="46" insertCount="2840" extractCount="2818" duration="391987"/>
			<Sample nodeCount="47" insertCount="2902" extractCount="2879" duration="371469"/>
			<Sample nodeCount="48" insertCount="2966" extractCount="2938" duration="412315"/>
			<Sample nodeCount="49" insertCount="3026" extractCount="3001" duration="425713"/>
			<Sample nodeCount="50" insertCount="3084" extractCount="3066" duration="396375"/>
			<Sample nodeCount="51" insertCount="3151" extractCount="3122" duration="438943"/>
			<Sample nodeCount="52" insertCount="3209" extractCount="3187" duration="453076"/>
			<Sample nodeCount="53" insertCount="3273" extractCount="3246" duration="422961"/>
			<Sample nodeCount="54" insertCount="3337" extractCount="3305" duration="429597"/>
			<Sample nodeCount="55" insertCount="3400" extractCount="3365" duration="475483"/>
			<Sample nodeCount="56" insertCount="3458" extractCount="3430" duration="446271"/>
			<Sample nodeCount="57" insertCount="3521" extractCount="3490" duration="459669"/>
			<Sample nodeCount="58" insertCount="3580" extractCount="3554" duration="500704"/>
			<Sample nodeCount="59" insertCount="3647" extractCount="3610" duration="509167"/>
			<Sample nodeCount="60" insertCount="3706" extractCount="3674" duration="473655"/>
			<Sample nodeCount="61" insertCount="3766" extractCount="3737" duration="486066"/>
			<Sample nodeCount="62" insertCount="3828" extractCount="3798" duration="531196"/>
			<Sample nodeCount="63" insertCount="3888" extractCount="3861" duration="539239"/>
			<Sample nodeCount="64" insertCount="3952" extractCount="3920" duration="550768"/>
			<Sample nodeCount="65" insertCount="4014" extractCount="3981" duration="523509"/>
			<Sample nodeCount="66" insertCount="4077" extractCount="4041" duration="532875"/>
			<Sample nodeCount="67" insertCount="4136" extractCount="4105" duration="574204"/>
			<Sample nodeCount="68" insertCount="4200" extractCount="4164" duration="582856"/>
			<Sample nodeCount="69" insertCount="4263" extractCount="4224" duration="595309"/>
			<Sample nodeCount="70" insertCount="4325" extractCount="4285" duration="600328"/>
			<Sample nodeCount="71" insertCount="4381" extractCount="4352" duration="576219"/>
			<Sample nodeCount="72" insertCount="4448" extractCount="4408" duration="581175"/>
			<Sample nodeCount="73" insertCount="4507" extractCount="4472" duration="589911"/>
			<Sample nodeCount="74" insertCount="4571" extractCount="4531" duration="635419"/>
			<Sample nodeCount="75" insertCount="4631" extractCount="4594" duration="646528"/>
			<Sample nodeCount="76" insertCount="4693" extractCount="4655" duration="653542"/>
			<Sample nodeCount="77" insertCount="4755" extractCount="4716" duration="662866"/>
			<Sample nodeCount="78" insertCount="4817" extractCount="4777" duration="673912"/>
			<Sample nodeCount="79" insertCount="4877" extractCount="4840" duration="680464"/>
			<Sample nodeCount="80" insertCount="4942" extractCount="4898" duration="691258"/>
			<Sample nodeCount="81" insertCount="5002" extractCount="4961" duration="655830"/>
			<Sample nodeCount="82" insertCount="5063" extractCount="5023" duration="665343"/>
			<Sample nodeCount="83" insertCount="5124" extractCount="5085" duration="679833"/>
			<Sample nodeCount="84" insertCount="5187" extractCount="5145" duration="689850"/>
			<Sample nodeCount="85" insertCount="5250" extractCount="5205" duration="696717"/>
			<Sample nodeCount="86" insertCount="5314" extractCount="5264" duration="707196"/>
			<Sample nodeCount="87" insertCount="5374" extractCount="5327" duration="718410"/>
			<Sample nodeCount="88" insertCount="5432" extractCount="5392" duration="722043"/>
			<Sample nodeCount="89" insertCount="5490" extractCount="5457" duration="733236"/>
			<Sample nodeCount="90" insertCount="5559" extractCount="5511" duration="735399"/>
			<Sample nodeCount="91" insertCount="5621" extractCount="5572" duration="744660"/>
			<Sample nodeCount="92" insertCount="5680" extractCount="5636" duration="794452"/>
			<Sample nodeCount="93" insertCount="5740" extractCount="5699" duration="804385"/>
			<Sample nodeCount="94" insertCount="5803" extractCount="5759" duration="806317"/>
			<Sample nodeCount="95" insertCount="5862" extractCount="5823" duration="824902"/>
			<Sample nodeCount="96" insertCount="5929" extractCount="5879" duration="832441"/>
			<Sample nodeCount="97" insertCount="5993" extractCount="5938" duration="845272"/>
			<Sample nodeCount="98" insertCount="6055" extractCount="5999" duration="850060"/>
			<Sample nodeCount="99" insertCount="6113" extractCount="6064" duration="863647"/>
			<Sample nodeCount="100" insertCount="6172" extractCount="6128" duration="864361"/>
			<Sample nodeCount="101" insertCount="6238" extractCount="6185" duration="840609"/>
			<Sample nodeCount="102" insertCount="6299" extractCount="6247" duration="881434"/>
			<Sample nodeCount="103" insertCount="6363" extractCount="6306" duration="896701"/>
			<Sample nodeCount="104" insertCount="6426" extractCount="6366" duration="904408"/>
			<Sample nodeCount="105" insertCount="6481" extractCount="6434" duration="874293"/>
			<Sample nodeCount="106" insertCount="6544" extractCount="6494" duration="920305"/>
			<Sample nodeCount="107" insertCount="6607" extractCount="6554" duration="929419"/>
			<Sample nodeCount="108" insertCount="6669" extractCount="6615" duration="933976"/>
			<Sample nodeCount="109" insertCount="6732" extractCount="6675" duration="945610"/>
			<Sample nodeCount="110" insertCount="6794" extractCount="6736" duration="952897"/>
			<Sample nodeCount="111" insertCount="6852" extractCount="6801" duration="966085"/>
			<Sample nodeCount="112" insertCount="6918" extractCount="6858" duration="974674"/>
			<Sample nodeCount="113" insertCount="6981" extractCount="6918" duration="984229"/>
			<Sample nodeCount="114" insertCount="7041" extractCount="6981" duration="994960"/>
			<Sample nodeCount="115" insertCount="7103" extractCount="7042" duration="1004956"/>
			<Sample nodeCount="116" insertCount="7164" extractCount="7104" duration="1015939"/>
			<Sample nodeCount="117" insertCount="7225" extractCount="7166" duration="1025914"/>
			<Sample nodeCount="118" insertCount="7291" extractCount="7223" duration="1026838"/>
			<Sample nodeCount="119" insertCount="7350" extractCount="7287" duration="1044184"/>
			<Sample nodeCount="120" insertCount="7410" extractCount="7350" duration="1046956"/>
			<Sample nodeCount="121" insertCount="7471" extractCount="7412" duration="1059094"/>
			<Sample nodeCount="122" insertCount="7537" extractCount="7469" duration="1059136"/>
			<Sample nodeCount="123" insertCount="7593" extractCount="7536" duration="1076650"/>
			<Sample nodeCount="124" insertCount="7658" extractCount="7594" duration="1082173"/>
			<Sample nodeCount="125" insertCount="7718" extractCount="7657" duration="1089796"/>
			<Sample nodeCount="126" insertCount="7781" extractCount="7717" duration="1094437"/>
			<Sample nodeCount="127" insertCount="7840" extractCount="7781" duration="1151432"/>
		</SmallSetRandomOps>
		<LargeSetRandomOps>
		</LargeSetRandomOps>
		<SmallSetLinear>
			<Sample nodeCount="1" insertCount="10000" extractCount="10000" duration="294966"/>
			<Sample nodeCount="2" insertCount="10000" extractCount="10000" duration="609693"/>
			<Sample nodeCount="3" insertCount="10000" extractCount="10000" duration="1077134"/>
			<Sample nodeCount="4" insertCount="10000" extractCount="10000" duration="1711124"/>
			<Sample nodeCount="5" insertCount="10000" extractCount="10000" duration="2173943"/>
			<Sample nodeCount="6" insertCount="10000" extractCount="10000" duration="2716856"/>
			<Sample nodeCount="7" insertCount="10000" extractCount="10000" duration="3419433"/>
			<Sample nodeCount="8" insertCount="10000" extractCount="10000" duration="4309561"/>
			<Sample nodeCount="9" insertCount="10000" extractCount="10000" duration="5045759"/>
			<Sample nodeCount="10" insertCount="10000" extractCount="10000" duration="6159432"/>
			<Sample nodeCount="11" insertCount="10000" extractCount="10000" duration="6709968"/>
			<Sample nodeCount="12" insertCount="10000" extractCount="10000" duration="8070266"/>
			<Sample nodeCount="13" insertCount="10000" extractCount="10000" duration="8778470"/>
			<Sample nodeCount="14" insertCount="10000" extractCount="10000" duration="9972217"/>
			<Sample nodeCount="15" insertCount="10000" extractCount="10000" duration="10553183"/>
			<Sample nodeCount="16" insertCount="10000" extractCount="10000" duration="11482328"/>
			<Sample nodeCount="17" insertCount="10000" extractCount="10000" duration="12097734"/>
			<Sample nodeCount="18" insertCount="10000" extractCount="10000" duration="13087528"/>
			<Sample nodeCount="19" insertCount="10000" extractCount="10000" duration="13811126"/>
			<Sample nodeCount="20" insertCount="10000" extractCount="10000" duration="14845062"/>
			<Sample nodeCount="21" insertCount="10000" extractCount="10000" duration="15285012"/>
			<Sample nodeCount="22" insertCount="10000" extractCount="10000" duration="16988492"/>
			<Sample nodeCount="23" insertCount="10000" extractCount="10000" duration="17599551"/>
			<Sample nodeCount="24" insertCount="10000" extractCount="10000" duration="18546945"/>
			<Sample nodeCount="25" insertCount="10000" extractCount="10000" duration="19289800"/>
			<Sample nodeCount="26" insertCount="10000" extractCount="10000" duration="20657699"/>
			<Sample nodeCount="27" insertCount="10000" extractCount="10000" duration="21225372"/>
			<Sample nodeCount="28" insertCount="10000" extractCount="10000" duration="22180789"/>
			<Sample nodeCount="29" insertCount="10000" extractCount="10000" duration="22765618"/>
			<Sample nodeCount="30" insertCount="10000" extractCount="10000" duration="24351414"/>
			<Sample nodeCount="31" insertCount="10000" extractCount="10000" duration="24992608"/>
			<Sample nodeCount="32" insertCount="10000" extractCount="10000" duration="26004998"/>
			<Sample nodeCount="33" insertCount="10000" extractCount="10000" duration="26720406"/>
			<Sample nodeCount="34" insertCount="10000" extractCount="10000" duration="27819651"/>
			<Sample nodeCount="35" insertCount="10000" extractCount="10000" duration="28476007"/>
			<Sample nodeCount="36" insertCount="10000" extractCount="10000" duration="29824797"/>
			<Sample nodeCount="37" insertCount="10000" extractCount="10000" duration="30368550"/>
			<Sample nodeCount="38" insertCount="10000" extractCount="10000" duration="32237364"/>
			<Sample nodeCount="39" insertCount="10000" extractCount="10000" duration="32444172"/>
			<Sample nodeCount="40" insertCount="10000" extractCount="10000" duration="33550327"/>
			<Sample nodeCount="41" insertCount="10000" extractCount="10000" duration="34188035"/>
			<Sample nodeCount="42" insertCount="10000" extractCount="10000" duration="35461455"/>
			<Sample nodeCount="43" insertCount="10000" extractCount="10000" duration="36092946"/>
			<Sample nodeCount="44" insertCount="10000" extractCount="10000" duration="37114114"/>
			<Sample nodeCount="45" insertCount="10000" extractCount="10000" duration="37818245"/>
			<Sample nodeCount="46" insertCount="10000" extractCount="10000" duration="40425188"/>
			<Sample nodeCount="47" insertCount="10000" extractCount="10000" duration="40566329"/>
			<Sample nodeCount="48" insertCount="10000" extractCount="10000" duration="41618199"/>
			<Sample nodeCount="49" insertCount="10000" extractCount="10000" duration="42050505"/>
			<Sample nodeCount="50" insertCount="10000" extractCount="10000" duration="43291564"/>
			<Sample nodeCount="51" insertCount="10000" extractCount="10000" duration="44322371"/>
			<Sample nodeCount="52" insertCount="10000" extractCount="10000" duration="45060627"/>
			<Sample nodeCount="53" insertCount="10000" extractCount="10000" duration="45662949"/>
			<Sample nodeCount="54" insertCount="10000" extractCount="10000" duration="47447972"/>
			<Sample nodeCount="55" insertCount="10000" extractCount="10000" duration="48475378"/>
			<Sample nodeCount="56" insertCount="10000" extractCount="10000" duration="49127659"/>
			<Sample nodeCount="57" insertCount="10000" extractCount="10000" duration="49666058"/>
			<Sample nodeCount="58" insertCount="10000" extractCount="10000" duration="51027027"/>
			<Sample nodeCount="59" insertCount="10000" extractCount="10000" duration="51866902"/>
			<Sample nodeCount="60" insertCount="10000" extractCount="10000" duration="52817972"/>
			<Sample nodeCount="61" insertCount="10000" extractCount="10000" duration="53975640"/>
			<Sample nodeCount="62" insertCount="10000" extractCount="10000" duration="55168840"/>
			<Sample nodeCount="63" insertCount="10000" extractCount="10000" duration="55844432"/>
			<Sample nodeCount="64" insertCount="10000" extractCount="10000" duration="57877192"/>
			<Sample nodeCount="65" insertCount="10000" extractCount="10000" duration="57657469"/>
			<Sample nodeCount="66" insertCount="10000" extractCount="10000" duration="59070098"/>
			<Sample nodeCount="67" insertCount="10000" extractCount="10000" duration="59690082"/>
			<Sample nodeCount="68" insertCount="10000" extractCount="10000" duration="60792688"/>
			<Sample nodeCount="69" insertCount="10000" extractCount="10000" duration="61711123"/>
			<Sample nodeCount="70" insertCount="10000" extractCount="10000" duration="62958105"/>
			<Sample nodeCount="71" insertCount="10000" extractCount="10000" duration="64038829"/>
			<Sample nodeCount="72" insertCount="10000" extractCount="10000" duration="64779374"/>
			<Sample nodeCount="73" insertCount="10000" extractCount="10000" duration="65648060"/>
			<Sample nodeCount="74" insertCount="10000" extractCount="10000" duration="66913333"/>
			<Sample nodeCount="75" insertCount="10000" extractCount="10000" duration="67370819"/>
			<Sample nodeCount="76" insertCount="10000" extractCount="10000" duration="68626704"/>
			<Sample nodeCount="77" insertCount="10000" extractCount="10000" duration="69668682"/>
			<Sample nodeCount="78" insertCount="10000" extractCount="10000" duration="72016233"/>
			<Sample nodeCount="79" insertCount="10000" extractCount="10000" duration="71778555"/>
			<Sample nodeCount="80" insertCount="10000" extractCount="10000" duration="72994582"/>
			<Sample nodeCount="81" insertCount="10000" extractCount="10000" duration="73868918"/>
			<Sample nodeCount="82" insertCount="10000" extractCount="10000" duration="75005481"/>
			<Sample nodeCount="83" insertCount="10000" extractCount="10000" duration="75647976"/>
			<Sample nodeCount="84" insertCount="10000" extractCount="10000" duration="76680400"/>
			<Sample nodeCount="85" insertCount="10000" extractCount="10000" duration="77310170"/>
			<Sample nodeCount="86" insertCount="10000" extractCount="10000" duration="78801151"/>
			<Sample nodeCount="87" insertCount="10000" extractCount="10000" duration="79941389"/>
			<Sample nodeCount="88" insertCount="10000" extractCount="10000" duration="80599677"/>
			<Sample nodeCount="89" insertCount="10000" extractCount="10000" duration="81269934"/>
			<Sample nodeCount="90" insertCount="10000" extractCount="10000" duration="83085659"/>
			<Sample nodeCount="91" insertCount="10000" extractCount="10000" duration="84386232"/>
			<Sample nodeCount="92" insertCount="10000" extractCount="10000" duration="84453159"/>
			<Sample nodeCount="93" insertCount="10000" extractCount="10000" duration="85203553"/>
			<Sample nodeCount="94" insertCount="10000" extractCount="10000" duration="88020958"/>
			<Sample nodeCount="95" insertCount="10000" extractCount="10000" duration="88134190"/>
			<Sample nodeCount="96" insertCount="10000" extractCount="10000" duration="89272013"/>
			<Sample nodeCount="97" insertCount="10000" extractCount="10000" duration="90043743"/>
			<Sample nodeCount="98" insertCount="10000" extractCount="10000" duration="91451416"/>
			<Sample nodeCount="99" insertCount="10000" extractCount="10000" duration="92501165"/>
			<Sample nodeCount="100" insertCount="10000" extractCount="10000" duration="93331527"/>
			<Sample nodeCount="101" insertCount="10000" extractCount="10000" duration="94080367"/>
			<Sample nodeCount="102" insertCount="10000" extractCount="10000" duration="96232974"/>
			<Sample nodeCount="103" insertCount="10000" extractCount="10000" duration="96362502"/>
			<Sample nodeCount="104" insertCount="10000" extractCount="10000" duration="97965476"/>
			<Sample nodeCount="105" insertCount="10000" extractCount="10000" duration="99820135"/>
			<Sample nodeCount="106" insertCount="10000" extractCount="10000" duration="100070119"/>
			<Sample nodeCount="107" insertCount="10000" extractCount="10000" duration="100727335"/>
			<Sample nodeCount="108" insertCount="10000" extractCount="10000" duration="102145110"/>
			<Sample nodeCount="109" insertCount="10000" extractCount="10000" duration="102609631"/>
			<Sample nodeCount="110" insertCount="10000" extractCount="10000" duration="105629665"/>
			<Sample nodeCount="111" insertCount="10000" extractCount="10000" duration="106492009"/>
			<Sample nodeCount="112" insertCount="10000" extractCount="10000" duration="106997291"/>
			<Sample nodeCount="113" insertCount="10000" extractCount="10000" duration="108310527"/>
			<Sample nodeCount="114" insertCount="10000" extractCount="10000" duration="109623029"/>
			<Sample nodeCount="115" insertCount="10000" extractCount="10000" duration="109816523"/>
			<Sample nodeCount="116" insertCount="10000" extractCount="10000" duration="111150507"/>
			<Sample nodeCount="117" insertCount="10000" extractCount="10000" duration="112646696"/>
			<Sample nodeCount="118" insertCount="10000" extractCount="10000" duration="113433840"/>
			<Sample nodeCount="119" insertCount="10000" extractCount="10000" duration="114128478"/>
			<Sample nodeCount="120" insertCount="10000" extractCount="10000" duration="115080220"/>
			<Sample nodeCount="121" insertCount="10000" extractCount="10000" duration="116796426"/>
			<Sample nodeCount="122" insertCount="10000" extractCount="10000" duration="117765955"/>
			<Sample nodeCount="123" insertCount="10000" extractCount="10000" duration="118190828"/>
			<Sample nodeCount="124" insertCount="10000" extractCount="10000" duration="118920872"/>
			<Sample nodeCount="125" insertCount="10000" extractCount="10000" duration="120947899"/>
			<Sample nodeCount="126" insertCount="10000" extractCount="10000" duration="122570003"/>
			<Sample nodeCount="127" insertCount="10000" extractCount="10000" duration="123030219"/>
		</SmallSetLinear>
		<LargeSetLinear>
		</LargeSetLinear>
	</RBTest>
	<RBTest implementation="BSD for RTEMS" nodeSize="16">
		<SmallSetRandomOps>
			<Sample nodeCount="1" insertCount="62" extractCount="61" duration="4263"/>
			<Sample nodeCount="2" insertCount="123" extractCount="123" duration="7896"/>
			<Sample nodeCount="3" insertCount="186" extractCount="183" duration="14028"/>
			<Sample nodeCount="4" insertCount="247" extractCount="245" duration="19803"/>
			<Sample nodeCount="5" insertCount="309" extractCount="306" duration="27930"/>
			<Sample nodeCount="6" insertCount="370" extractCount="368" duration="34524"/>
			<Sample nodeCount="7" insertCount="433" extractCount="428" duration="42147"/>
			<Sample nodeCount="8" insertCount="493" extractCount="491" duration="49518"/>
			<Sample nodeCount="9" insertCount="557" extractCount="550" duration="57372"/>
			<Sample nodeCount="10" insertCount="619" extractCount="611" duration="63483"/>
			<Sample nodeCount="11" insertCount="680" extractCount="673" duration="72429"/>
			<Sample nodeCount="12" insertCount="740" extractCount="736" duration="78687"/>
			<Sample nodeCount="13" insertCount="803" extractCount="796" duration="87738"/>
			<Sample nodeCount="14" insertCount="864" extractCount="858" duration="95760"/>
			<Sample nodeCount="15" insertCount="927" extractCount="918" duration="101031"/>
			<Sample nodeCount="16" insertCount="988" extractCount="980" duration="110880"/>
			<Sample nodeCount="17" insertCount="1050" extractCount="1041" duration="119868"/>
			<Sample nodeCount="18" insertCount="1113" extractCount="1101" duration="166720"/>
			<Sample nodeCount="19" insertCount="1172" extractCount="1165" duration="136248"/>
			<Sample nodeCount="20" insertCount="1237" extractCount="1223" duration="142086"/>
			<Sample nodeCount="21" insertCount="1296" extractCount="1287" duration="151389"/>
			<Sample nodeCount="22" insertCount="1359" extractCount="1347" duration="157752"/>
			<Sample nodeCount="23" insertCount="1419" extractCount="1410" duration="167223"/>
			<Sample nodeCount="24" insertCount="1484" extractCount="1468" duration="174447"/>
			<Sample nodeCount="25" insertCount="1544" extractCount="1531" duration="182679"/>
			<Sample nodeCount="26" insertCount="1604" extractCount="1594" duration="190155"/>
			<Sample nodeCount="27" insertCount="1668" extractCount="1653" duration="237490"/>
			<Sample nodeCount="28" insertCount="1729" extractCount="1715" duration="207984"/>
			<Sample nodeCount="29" insertCount="1790" extractCount="1777" duration="253912"/>
			<Sample nodeCount="30" insertCount="1851" extractCount="1839" duration="220857"/>
			<Sample nodeCount="31" insertCount="1914" extractCount="1899" duration="269095"/>
			<Sample nodeCount="32" insertCount="1977" extractCount="1959" duration="239946"/>
			<Sample nodeCount="33" insertCount="2041" extractCount="2018" duration="287848"/>
			<Sample nodeCount="34" insertCount="2097" extractCount="2085" duration="254793"/>
			<Sample nodeCount="35" insertCount="2160" extractCount="2145" duration="304081"/>
			<Sample nodeCount="36" insertCount="2221" extractCount="2207" duration="271887"/>
			<Sample nodeCount="37" insertCount="2285" extractCount="2266" duration="281274"/>
			<Sample nodeCount="38" insertCount="2346" extractCount="2328" duration="289800"/>
			<Sample nodeCount="39" insertCount="2408" extractCount="2389" duration="299019"/>
			<Sample nodeCount="40" insertCount="2471" extractCount="2449" duration="343687"/>
			<Sample nodeCount="41" insertCount="2531" extractCount="2512" duration="314265"/>
			<Sample nodeCount="42" insertCount="2593" extractCount="2573" duration="357883"/>
			<Sample nodeCount="43" insertCount="2656" extractCount="2633" duration="333060"/>
			<Sample nodeCount="44" insertCount="2717" extractCount="2695" duration="338226"/>
			<Sample nodeCount="45" insertCount="2776" extractCount="2759" duration="381529"/>
			<Sample nodeCount="46" insertCount="2840" extractCount="2818" duration="352401"/>
			<Sample nodeCount="47" insertCount="2902" extractCount="2879" duration="400177"/>
			<Sample nodeCount="48" insertCount="2966" extractCount="2938" duration="374430"/>
			<Sample nodeCount="49" insertCount="3026" extractCount="3001" duration="380436"/>
			<Sample nodeCount="50" insertCount="3084" extractCount="3066" duration="429115"/>
			<Sample nodeCount="51" insertCount="3151" extractCount="3122" duration="398118"/>
			<Sample nodeCount="52" insertCount="3209" extractCount="3187" duration="405489"/>
			<Sample nodeCount="53" insertCount="3273" extractCount="3246" duration="452614"/>
			<Sample nodeCount="54" insertCount="3337" extractCount="3305" duration="465214"/>
			<Sample nodeCount="55" insertCount="3400" extractCount="3365" duration="431340"/>
			<Sample nodeCount="56" insertCount="3458" extractCount="3430" duration="442008"/>
			<Sample nodeCount="57" insertCount="3521" extractCount="3490" duration="488167"/>
			<Sample nodeCount="58" insertCount="3580" extractCount="3554" duration="453789"/>
			<Sample nodeCount="59" insertCount="3647" extractCount="3610" duration="465843"/>
			<Sample nodeCount="60" insertCount="3706" extractCount="3674" duration="508642"/>
			<Sample nodeCount="61" insertCount="3766" extractCount="3737" duration="522544"/>
			<Sample nodeCount="62" insertCount="3828" extractCount="3798" duration="485562"/>
			<Sample nodeCount="63" insertCount="3888" extractCount="3861" duration="498330"/>
			<Sample nodeCount="64" insertCount="3952" extractCount="3920" duration="502446"/>
			<Sample nodeCount="65" insertCount="4014" extractCount="3981" duration="553099"/>
			<Sample nodeCount="66" insertCount="4077" extractCount="4041" duration="561100"/>
			<Sample nodeCount="67" insertCount="4136" extractCount="4105" duration="536361"/>
			<Sample nodeCount="68" insertCount="4200" extractCount="4164" duration="537600"/>
			<Sample nodeCount="69" insertCount="4263" extractCount="4224" duration="545349"/>
			<Sample nodeCount="70" insertCount="4325" extractCount="4285" duration="600160"/>
			<Sample nodeCount="71" insertCount="4381" extractCount="4352" duration="603289"/>
			<Sample nodeCount="72" insertCount="4448" extractCount="4408" duration="608749"/>
			<Sample nodeCount="73" insertCount="4507" extractCount="4472" duration="619060"/>
			<Sample nodeCount="74" insertCount="4571" extractCount="4531" duration="591717"/>
			<Sample nodeCount="75" insertCount="4631" extractCount="4594" duration="602217"/>
			<Sample nodeCount="76" insertCount="4693" extractCount="4655" duration="609567"/>
			<Sample nodeCount="77" insertCount="4755" extractCount="4716" duration="655012"/>
			<Sample nodeCount="78" insertCount="4817" extractCount="4777" duration="664630"/>
			<Sample nodeCount="79" insertCount="4877" extractCount="4840" duration="675151"/>
			<Sample nodeCount="80" insertCount="4942" extractCount="4898" duration="677503"/>
			<Sample nodeCount="81" insertCount="5002" extractCount="4961" duration="688549"/>
			<Sample nodeCount="82" insertCount="5063" extractCount="5023" duration="696823"/>
			<Sample nodeCount="83" insertCount="5124" extractCount="5085" duration="712090"/>
			<Sample nodeCount="84" insertCount="5187" extractCount="5145" duration="718558"/>
			<Sample nodeCount="85" insertCount="5250" extractCount="5205" duration="728344"/>
			<Sample nodeCount="86" insertCount="5314" extractCount="5264" duration="738109"/>
			<Sample nodeCount="87" insertCount="5374" extractCount="5327" duration="744871"/>
			<Sample nodeCount="88" insertCount="5432" extractCount="5392" duration="757072"/>
			<Sample nodeCount="89" insertCount="5490" extractCount="5457" duration="757450"/>
			<Sample nodeCount="90" insertCount="5559" extractCount="5511" duration="765955"/>
			<Sample nodeCount="91" insertCount="5621" extractCount="5572" duration="776644"/>
			<Sample nodeCount="92" insertCount="5680" extractCount="5636" duration="785317"/>
			<Sample nodeCount="93" insertCount="5740" extractCount="5699" duration="795124"/>
			<Sample nodeCount="94" insertCount="5803" extractCount="5759" duration="800836"/>
			<Sample nodeCount="95" insertCount="5862" extractCount="5823" duration="815137"/>
			<Sample nodeCount="96" insertCount="5929" extractCount="5879" duration="819106"/>
			<Sample nodeCount="97" insertCount="5993" extractCount="5938" duration="826204"/>
			<Sample nodeCount="98" insertCount="6055" extractCount="5999" duration="836704"/>
			<Sample nodeCount="99" insertCount="6113" extractCount="6064" duration="851740"/>
			<Sample nodeCount="100" insertCount="6172" extractCount="6128" duration="818790"/>
			<Sample nodeCount="101" insertCount="6238" extractCount="6185" duration="868351"/>
			<Sample nodeCount="102" insertCount="6299" extractCount="6247" duration="873391"/>
			<Sample nodeCount="103" insertCount="6363" extractCount="6306" duration="886537"/>
			<Sample nodeCount="104" insertCount="6426" extractCount="6366" duration="890632"/>
			<Sample nodeCount="105" insertCount="6481" extractCount="6434" duration="903505"/>
			<Sample nodeCount="106" insertCount="6544" extractCount="6494" duration="917344"/>
			<Sample nodeCount="107" insertCount="6607" extractCount="6554" duration="909259"/>
			<Sample nodeCount="108" insertCount="6669" extractCount="6615" duration="930469"/>
			<Sample nodeCount="109" insertCount="6732" extractCount="6675" duration="934354"/>
			<Sample nodeCount="110" insertCount="6794" extractCount="6736" duration="939184"/>
			<Sample nodeCount="111" insertCount="6852" extractCount="6801" duration="950251"/>
			<Sample nodeCount="112" insertCount="6918" extractCount="6858" duration="967114"/>
			<Sample nodeCount="113" insertCount="6981" extractCount="6918" duration="975913"/>
			<Sample nodeCount="114" insertCount="7041" extractCount="6981" duration="981499"/>
			<Sample nodeCount="115" insertCount="7103" extractCount="7042" duration="988534"/>
			<Sample nodeCount="116" insertCount="7164" extractCount="7104" duration="995212"/>
			<Sample nodeCount="117" insertCount="7225" extractCount="7166" duration="1014007"/>
			<Sample nodeCount="118" insertCount="7291" extractCount="7223" duration="1015477"/>
			<Sample nodeCount="119" insertCount="7350" extractCount="7287" duration="1024465"/>
			<Sample nodeCount="120" insertCount="7410" extractCount="7350" duration="1030429"/>
			<Sample nodeCount="121" insertCount="7471" extractCount="7412" duration="1043071"/>
			<Sample nodeCount="122" insertCount="7537" extractCount="7469" duration="1042546"/>
			<Sample nodeCount="123" insertCount="7593" extractCount="7536" duration="1060816"/>
			<Sample nodeCount="124" insertCount="7658" extractCount="7594" duration="1068376"/>
			<Sample nodeCount="125" insertCount="7718" extractCount="7657" duration="1078792"/>
			<Sample nodeCount="126" insertCount="7781" extractCount="7717" duration="1076986"/>
			<Sample nodeCount="127" insertCount="7840" extractCount="7781" duration="1099099"/>
		</SmallSetRandomOps>
		<LargeSetRandomOps>
		</LargeSetRandomOps>
		<SmallSetLinear>
			<Sample nodeCount="1" insertCount="10000" extractCount="10000" duration="327664"/>
			<Sample nodeCount="2" insertCount="10000" extractCount="10000" duration="656860"/>
			<Sample nodeCount="3" insertCount="10000" extractCount="10000" duration="1113169"/>
			<Sample nodeCount="4" insertCount="10000" extractCount="10000" duration="1856276"/>
			<Sample nodeCount="5" insertCount="10000" extractCount="10000" duration="2497217"/>
			<Sample nodeCount="6" insertCount="10000" extractCount="10000" duration="3194145"/>
			<Sample nodeCount="7" insertCount="10000" extractCount="10000" duration="3984082"/>
			<Sample nodeCount="8" insertCount="10000" extractCount="10000" duration="5042084"/>
			<Sample nodeCount="9" insertCount="10000" extractCount="10000" duration="5772612"/>
			<Sample nodeCount="10" insertCount="10000" extractCount="10000" duration="7082551"/>
			<Sample nodeCount="11" insertCount="10000" extractCount="10000" duration="7969193"/>
			<Sample nodeCount="12" insertCount="10000" extractCount="10000" duration="8806107"/>
			<Sample nodeCount="13" insertCount="10000" extractCount="10000" duration="9658666"/>
			<Sample nodeCount="14" insertCount="10000" extractCount="10000" duration="10917365"/>
			<Sample nodeCount="15" insertCount="10000" extractCount="10000" duration="11632541"/>
			<Sample nodeCount="16" insertCount="10000" extractCount="10000" duration="12522145"/>
			<Sample nodeCount="17" insertCount="10000" extractCount="10000" duration="13321594"/>
			<Sample nodeCount="18" insertCount="10000" extractCount="10000" duration="14854008"/>
			<Sample nodeCount="19" insertCount="10000" extractCount="10000" duration="15720090"/>
			<Sample nodeCount="20" insertCount="10000" extractCount="10000" duration="16791428"/>
			<Sample nodeCount="21" insertCount="10000" extractCount="10000" duration="17696592"/>
			<Sample nodeCount="22" insertCount="10000" extractCount="10000" duration="19806778"/>
			<Sample nodeCount="23" insertCount="10000" extractCount="10000" duration="20787942"/>
			<Sample nodeCount="24" insertCount="10000" extractCount="10000" duration="21780991"/>
			<Sample nodeCount="25" insertCount="10000" extractCount="10000" duration="22646716"/>
			<Sample nodeCount="26" insertCount="10000" extractCount="10000" duration="24299208"/>
			<Sample nodeCount="27" insertCount="10000" extractCount="10000" duration="24997774"/>
			<Sample nodeCount="28" insertCount="10000" extractCount="10000" duration="26305781"/>
			<Sample nodeCount="29" insertCount="10000" extractCount="10000" duration="27021882"/>
			<Sample nodeCount="30" insertCount="10000" extractCount="10000" duration="28958189"/>
			<Sample nodeCount="31" insertCount="10000" extractCount="10000" duration="29862156"/>
			<Sample nodeCount="32" insertCount="10000" extractCount="10000" duration="31048111"/>
			<Sample nodeCount="33" insertCount="10000" extractCount="10000" duration="32077028"/>
			<Sample nodeCount="34" insertCount="10000" extractCount="10000" duration="33435771"/>
			<Sample nodeCount="35" insertCount="10000" extractCount="10000" duration="34453327"/>
			<Sample nodeCount="36" insertCount="10000" extractCount="10000" duration="35620361"/>
			<Sample nodeCount="37" insertCount="10000" extractCount="10000" duration="36617674"/>
			<Sample nodeCount="38" insertCount="10000" extractCount="10000" duration="38189840"/>
			<Sample nodeCount="39" insertCount="10000" extractCount="10000" duration="39088515"/>
			<Sample nodeCount="40" insertCount="10000" extractCount="10000" duration="40396270"/>
			<Sample nodeCount="41" insertCount="10000" extractCount="10000" duration="41220857"/>
			<Sample nodeCount="42" insertCount="10000" extractCount="10000" duration="42806086"/>
			<Sample nodeCount="43" insertCount="10000" extractCount="10000" duration="43543585"/>
			<Sample nodeCount="44" insertCount="10000" extractCount="10000" duration="44835486"/>
			<Sample nodeCount="45" insertCount="10000" extractCount="10000" duration="45614691"/>
			<Sample nodeCount="46" insertCount="10000" extractCount="10000" duration="48169995"/>
			<Sample nodeCount="47" insertCount="10000" extractCount="10000" duration="49144774"/>
			<Sample nodeCount="48" insertCount="10000" extractCount="10000" duration="50460657"/>
			<Sample nodeCount="49" insertCount="10000" extractCount="10000" duration="51407842"/>
			<Sample nodeCount="50" insertCount="10000" extractCount="10000" duration="52804679"/>
			<Sample nodeCount="51" insertCount="10000" extractCount="10000" duration="53806905"/>
			<Sample nodeCount="52" insertCount="10000" extractCount="10000" duration="54944644"/>
			<Sample nodeCount="53" insertCount="10000" extractCount="10000" duration="55951343"/>
			<Sample nodeCount="54" insertCount="10000" extractCount="10000" duration="57800143"/>
			<Sample nodeCount="55" insertCount="10000" extractCount="10000" duration="58730695"/>
			<Sample nodeCount="56" insertCount="10000" extractCount="10000" duration="59973372"/>
			<Sample nodeCount="57" insertCount="10000" extractCount="10000" duration="60927004"/>
			<Sample nodeCount="58" insertCount="10000" extractCount="10000" duration="62462358"/>
			<Sample nodeCount="59" insertCount="10000" extractCount="10000" duration="63411412"/>
			<Sample nodeCount="60" insertCount="10000" extractCount="10000" duration="64536236"/>
			<Sample nodeCount="61" insertCount="10000" extractCount="10000" duration="65432286"/>
			<Sample nodeCount="62" insertCount="10000" extractCount="10000" duration="67532792"/>
			<Sample nodeCount="63" insertCount="10000" extractCount="10000" duration="68556333"/>
			<Sample nodeCount="64" insertCount="10000" extractCount="10000" duration="69796551"/>
			<Sample nodeCount="65" insertCount="10000" extractCount="10000" duration="70886831"/>
			<Sample nodeCount="66" insertCount="10000" extractCount="10000" duration="72348348"/>
			<Sample nodeCount="67" insertCount="10000" extractCount="10000" duration="73320208"/>
			<Sample nodeCount="68" insertCount="10000" extractCount="10000" duration="74641110"/>
			<Sample nodeCount="69" insertCount="10000" extractCount="10000" duration="75609483"/>
			<Sample nodeCount="70" insertCount="10000" extractCount="10000" duration="77400302"/>
			<Sample nodeCount="71" insertCount="10000" extractCount="10000" duration="78408870"/>
			<Sample nodeCount="72" insertCount="10000" extractCount="10000" duration="79710095"/>
			<Sample nodeCount="73" insertCount="10000" extractCount="10000" duration="80748861"/>
			<Sample nodeCount="74" insertCount="10000" extractCount="10000" duration="82204015"/>
			<Sample nodeCount="75" insertCount="10000" extractCount="10000" duration="83432790"/>
			<Sample nodeCount="76" insertCount="10000" extractCount="10000" duration="84511456"/>
			<Sample nodeCount="77" insertCount="10000" extractCount="10000" duration="85510636"/>
			<Sample nodeCount="78" insertCount="10000" extractCount="10000" duration="87585165"/>
			<Sample nodeCount="79" insertCount="10000" extractCount="10000" duration="88818497"/>
			<Sample nodeCount="80" insertCount="10000" extractCount="10000" duration="90105819"/>
			<Sample nodeCount="81" insertCount="10000" extractCount="10000" duration="91043008"/>
			<Sample nodeCount="82" insertCount="10000" extractCount="10000" duration="92630504"/>
			<Sample nodeCount="83" insertCount="10000" extractCount="10000" duration="93630631"/>
			<Sample nodeCount="84" insertCount="10000" extractCount="10000" duration="94921313"/>
			<Sample nodeCount="85" insertCount="10000" extractCount="10000" duration="95718662"/>
			<Sample nodeCount="86" insertCount="10000" extractCount="10000" duration="97791365"/>
			<Sample nodeCount="87" insertCount="10000" extractCount="10000" duration="98799891"/>
			<Sample nodeCount="88" insertCount="10000" extractCount="10000" duration="100004137"/>
			<Sample nodeCount="89" insertCount="10000" extractCount="10000" duration="100998572"/>
			<Sample nodeCount="90" insertCount="10000" extractCount="10000" duration="102530881"/>
			<Sample nodeCount="91" insertCount="10000" extractCount="10000" duration="103514690"/>
			<Sample nodeCount="92" insertCount="10000" extractCount="10000" duration="104628803"/>
			<Sample nodeCount="93" insertCount="10000" extractCount="10000" duration="105792709"/>
			<Sample nodeCount="94" insertCount="10000" extractCount="10000" duration="108585900"/>
			<Sample nodeCount="95" insertCount="10000" extractCount="10000" duration="109737269"/>
			<Sample nodeCount="96" insertCount="10000" extractCount="10000" duration="110977677"/>
			<Sample nodeCount="97" insertCount="10000" extractCount="10000" duration="112040866"/>
			<Sample nodeCount="98" insertCount="10000" extractCount="10000" duration="113531573"/>
			<Sample nodeCount="99" insertCount="10000" extractCount="10000" duration="114745669"/>
			<Sample nodeCount="100" insertCount="10000" extractCount="10000" duration="115976333"/>
			<Sample nodeCount="101" insertCount="10000" extractCount="10000" duration="117100779"/>
			<Sample nodeCount="102" insertCount="10000" extractCount="10000" duration="118940633"/>
			<Sample nodeCount="103" insertCount="10000" extractCount="10000" duration="120066486"/>
			<Sample nodeCount="104" insertCount="10000" extractCount="10000" duration="121323211"/>
			<Sample nodeCount="105" insertCount="10000" extractCount="10000" duration="122363783"/>
			<Sample nodeCount="106" insertCount="10000" extractCount="10000" duration="124222306"/>
			<Sample nodeCount="107" insertCount="10000" extractCount="10000" duration="125212982"/>
			<Sample nodeCount="108" insertCount="10000" extractCount="10000" duration="126421491"/>
			<Sample nodeCount="109" insertCount="10000" extractCount="10000" duration="127555661"/>
			<Sample nodeCount="110" insertCount="10000" extractCount="10000" duration="129368467"/>
			<Sample nodeCount="111" insertCount="10000" extractCount="10000" duration="130733111"/>
			<Sample nodeCount="112" insertCount="10000" extractCount="10000" duration="131811861"/>
			<Sample nodeCount="113" insertCount="10000" extractCount="10000" duration="133111279"/>
			<Sample nodeCount="114" insertCount="10000" extractCount="10000" duration="134684958"/>
			<Sample nodeCount="115" insertCount="10000" extractCount="10000" duration="136097923"/>
			<Sample nodeCount="116" insertCount="10000" extractCount="10000" duration="137080577"/>
			<Sample nodeCount="117" insertCount="10000" extractCount="10000" duration="137774963"/>
			<Sample nodeCount="118" insertCount="10000" extractCount="10000" duration="140059031"/>
			<Sample nodeCount="119" insertCount="10000" extractCount="10000" duration="140874945"/>
			<Sample nodeCount="120" insertCount="10000" extractCount="10000" duration="142312606"/>
			<Sample nodeCount="121" insertCount="10000" extractCount="10000" duration="143419832"/>
			<Sample nodeCount="122" insertCount="10000" extractCount="10000" duration="145178248"/>
			<Sample nodeCount="123" insertCount="10000" extractCount="10000" duration="146781432"/>
			<Sample nodeCount="124" insertCount="10000" extractCount="10000" duration="147322791"/>
			<Sample nodeCount="125" insertCount="10000" extractCount="10000" duration="148555891"/>
			<Sample nodeCount="126" insertCount="10000" extractCount="10000" duration="151100464"/>
			<Sample nodeCount="127" insertCount="10000" extractCount="10000" duration="152121695"/>
		</SmallSetLinear>
		<LargeSetLinear>
		</LargeSetLinear>
	</RBTest>
	<RBTest implementation="RB Old" nodeSize="16">
		<SmallSetRandomOps>
			<Sample nodeCount="1" insertCount="62" extractCount="61" duration="4137"/>
			<Sample nodeCount="2" insertCount="123" extractCount="123" duration="8274"/>
			<Sample nodeCount="3" insertCount="186" extractCount="183" duration="14553"/>
			<Sample nodeCount="4" insertCount="247" extractCount="245" duration="21252"/>
			<Sample nodeCount="5" insertCount="309" extractCount="306" duration="68566"/>
			<Sample nodeCount="6" insertCount="370" extractCount="368" duration="37548"/>
			<Sample nodeCount="7" insertCount="433" extractCount="428" duration="45885"/>
			<Sample nodeCount="8" insertCount="493" extractCount="491" duration="53760"/>
			<Sample nodeCount="9" insertCount="557" extractCount="550" duration="62181"/>
			<Sample nodeCount="10" insertCount="619" extractCount="611" duration="69090"/>
			<Sample nodeCount="11" insertCount="680" extractCount="673" duration="78624"/>
			<Sample nodeCount="12" insertCount="740" extractCount="736" duration="86058"/>
			<Sample nodeCount="13" insertCount="803" extractCount="796" duration="133624"/>
			<Sample nodeCount="14" insertCount="864" extractCount="858" duration="103467"/>
			<Sample nodeCount="15" insertCount="927" extractCount="918" duration="111531"/>
			<Sample nodeCount="16" insertCount="988" extractCount="980" duration="118692"/>
			<Sample nodeCount="17" insertCount="1050" extractCount="1041" duration="167980"/>
			<Sample nodeCount="18" insertCount="1113" extractCount="1101" duration="138411"/>
			<Sample nodeCount="19" insertCount="1172" extractCount="1165" duration="146832"/>
			<Sample nodeCount="20" insertCount="1237" extractCount="1223" duration="153510"/>
			<Sample nodeCount="21" insertCount="1296" extractCount="1287" duration="163653"/>
			<Sample nodeCount="22" insertCount="1359" extractCount="1347" duration="170205"/>
			<Sample nodeCount="23" insertCount="1419" extractCount="1410" duration="179802"/>
			<Sample nodeCount="24" insertCount="1484" extractCount="1468" duration="227788"/>
			<Sample nodeCount="25" insertCount="1544" extractCount="1531" duration="196665"/>
			<Sample nodeCount="26" insertCount="1604" extractCount="1594" duration="243307"/>
			<Sample nodeCount="27" insertCount="1668" extractCount="1653" duration="214767"/>
			<Sample nodeCount="28" insertCount="1729" extractCount="1715" duration="262081"/>
			<Sample nodeCount="29" insertCount="1790" extractCount="1777" duration="231609"/>
			<Sample nodeCount="30" insertCount="1851" extractCount="1839" duration="276466"/>
			<Sample nodeCount="31" insertCount="1914" extractCount="1899" duration="248472"/>
			<Sample nodeCount="32" insertCount="1977" extractCount="1959" duration="297550"/>
			<Sample nodeCount="33" insertCount="2041" extractCount="2018" duration="267624"/>
			<Sample nodeCount="34" insertCount="2097" extractCount="2085" duration="312733"/>
			<Sample nodeCount="35" insertCount="2160" extractCount="2145" duration="287259"/>
			<Sample nodeCount="36" insertCount="2221" extractCount="2207" duration="293643"/>
			<Sample nodeCount="37" insertCount="2285" extractCount="2266" duration="303324"/>
			<Sample nodeCount="38" insertCount="2346" extractCount="2328" duration="312480"/>
			<Sample nodeCount="39" insertCount="2408" extractCount="2389" duration="359983"/>
			<Sample nodeCount="40" insertCount="2471" extractCount="2449" duration="328230"/>
			<Sample nodeCount="41" insertCount="2531" extractCount="2512" duration="338142"/>
			<Sample nodeCount="42" insertCount="2593" extractCount="2573" duration="384763"/>
			<Sample nodeCount="43" insertCount="2656" extractCount="2633" duration="359226"/>
			<Sample nodeCount="44" insertCount="2717" extractCount="2695" duration="404188"/>
			<Sample nodeCount="45" insertCount="2776" extractCount="2759" duration="371889"/>
			<Sample nodeCount="46" insertCount="2840" extractCount="2818" duration="381402"/>
			<Sample nodeCount="47" insertCount="2902" extractCount="2879" duration="429493"/>
			<Sample nodeCount="48" insertCount="2966" extractCount="2938" duration="403851"/>
			<Sample nodeCount="49" insertCount="3026" extractCount="3001" duration="412629"/>
			<Sample nodeCount="50" insertCount="3084" extractCount="3066" duration="461896"/>
			<Sample nodeCount="51" insertCount="3151" extractCount="3122" duration="469351"/>
			<Sample nodeCount="52" insertCount="3209" extractCount="3187" duration="437514"/>
			<Sample nodeCount="53" insertCount="3273" extractCount="3246" duration="447279"/>
			<Sample nodeCount="54" insertCount="3337" extractCount="3305" duration="499423"/>
			<Sample nodeCount="55" insertCount="3400" extractCount="3365" duration="467712"/>
			<Sample nodeCount="56" insertCount="3458" extractCount="3430" duration="477351"/>
			<Sample nodeCount="57" insertCount="3521" extractCount="3490" duration="485436"/>
			<Sample nodeCount="58" insertCount="3580" extractCount="3554" duration="530881"/>
			<Sample nodeCount="59" insertCount="3647" extractCount="3610" duration="543082"/>
			<Sample nodeCount="60" insertCount="3706" extractCount="3674" duration="508410"/>
			<Sample nodeCount="61" insertCount="3766" extractCount="3737" duration="523152"/>
			<Sample nodeCount="62" insertCount="3828" extractCount="3798" duration="566203"/>
			<Sample nodeCount="63" insertCount="3888" extractCount="3861" duration="578635"/>
			<Sample nodeCount="64" insertCount="3952" extractCount="3920" duration="586048"/>
			<Sample nodeCount="65" insertCount="4014" extractCount="3981" duration="598081"/>
			<Sample nodeCount="66" insertCount="4077" extractCount="4041" duration="568092"/>
			<Sample nodeCount="67" insertCount="4136" extractCount="4105" duration="582645"/>
			<Sample nodeCount="68" insertCount="4200" extractCount="4164" duration="622987"/>
			<Sample nodeCount="69" insertCount="4263" extractCount="4224" duration="631933"/>
			<Sample nodeCount="70" insertCount="4325" extractCount="4285" duration="647389"/>
			<Sample nodeCount="71" insertCount="4381" extractCount="4352" duration="650875"/>
			<Sample nodeCount="72" insertCount="4448" extractCount="4408" duration="659464"/>
			<Sample nodeCount="73" insertCount="4507" extractCount="4472" duration="668725"/>
			<Sample nodeCount="74" insertCount="4571" extractCount="4531" duration="680296"/>
			<Sample nodeCount="75" insertCount="4631" extractCount="4594" duration="654402"/>
			<Sample nodeCount="76" insertCount="4693" extractCount="4655" duration="661815"/>
			<Sample nodeCount="77" insertCount="4755" extractCount="4716" duration="670593"/>
			<Sample nodeCount="78" insertCount="4817" extractCount="4777" duration="680232"/>
			<Sample nodeCount="79" insertCount="4877" extractCount="4840" duration="691236"/>
			<Sample nodeCount="80" insertCount="4942" extractCount="4898" duration="693714"/>
			<Sample nodeCount="81" insertCount="5002" extractCount="4961" duration="707070"/>
			<Sample nodeCount="82" insertCount="5063" extractCount="5023" duration="715428"/>
			<Sample nodeCount="83" insertCount="5124" extractCount="5085" duration="730716"/>
			<Sample nodeCount="84" insertCount="5187" extractCount="5145" duration="737688"/>
			<Sample nodeCount="85" insertCount="5250" extractCount="5205" duration="747621"/>
			<Sample nodeCount="86" insertCount="5314" extractCount="5264" duration="759801"/>
			<Sample nodeCount="87" insertCount="5374" extractCount="5327" duration="808144"/>
			<Sample nodeCount="88" insertCount="5432" extractCount="5392" duration="820681"/>
			<Sample nodeCount="89" insertCount="5490" extractCount="5457" duration="822004"/>
			<Sample nodeCount="90" insertCount="5559" extractCount="5511" duration="829585"/>
			<Sample nodeCount="91" insertCount="5621" extractCount="5572" duration="841219"/>
			<Sample nodeCount="92" insertCount="5680" extractCount="5636" duration="850774"/>
			<Sample nodeCount="93" insertCount="5740" extractCount="5699" duration="861946"/>
			<Sample nodeCount="94" insertCount="5803" extractCount="5759" duration="868813"/>
			<Sample nodeCount="95" insertCount="5862" extractCount="5823" duration="883051"/>
			<Sample nodeCount="96" insertCount="5929" extractCount="5879" duration="889603"/>
			<Sample nodeCount="97" insertCount="5993" extractCount="5938" duration="898717"/>
			<Sample nodeCount="98" insertCount="6055" extractCount="5999" duration="907495"/>
			<Sample nodeCount="99" insertCount="6113" extractCount="6064" duration="923833"/>
			<Sample nodeCount="100" insertCount="6172" extractCount="6128" duration="931015"/>
			<Sample nodeCount="101" insertCount="6238" extractCount="6185" duration="941998"/>
			<Sample nodeCount="102" insertCount="6299" extractCount="6247" duration="948529"/>
			<Sample nodeCount="103" insertCount="6363" extractCount="6306" duration="962578"/>
			<Sample nodeCount="104" insertCount="6426" extractCount="6366" duration="967051"/>
			<Sample nodeCount="105" insertCount="6481" extractCount="6434" duration="981205"/>
			<Sample nodeCount="106" insertCount="6544" extractCount="6494" duration="994540"/>
			<Sample nodeCount="107" insertCount="6607" extractCount="6554" duration="990676"/>
			<Sample nodeCount="108" insertCount="6669" extractCount="6615" duration="1008925"/>
			<Sample nodeCount="109" insertCount="6732" extractCount="6675" duration="1017283"/>
			<Sample nodeCount="110" insertCount="6794" extractCount="6736" duration="1022155"/>
			<Sample nodeCount="111" insertCount="6852" extractCount="6801" duration="1035931"/>
			<Sample nodeCount="112" insertCount="6918" extractCount="6858" duration="1049749"/>
			<Sample nodeCount="113" insertCount="6981" extractCount="6918" duration="1058947"/>
			<Sample nodeCount="114" insertCount="7041" extractCount="6981" duration="1066234"/>
			<Sample nodeCount="115" insertCount="7103" extractCount="7042" duration="1075642"/>
			<Sample nodeCount="116" insertCount="7164" extractCount="7104" duration="1082236"/>
			<Sample nodeCount="117" insertCount="7225" extractCount="7166" duration="1102375"/>
			<Sample nodeCount="118" insertCount="7291" extractCount="7223" duration="1107541"/>
			<Sample nodeCount="119" insertCount="7350" extractCount="7287" duration="1117159"/>
			<Sample nodeCount="120" insertCount="7410" extractCount="7350" duration="1123585"/>
			<Sample nodeCount="121" insertCount="7471" extractCount="7412" duration="1174805"/>
			<Sample nodeCount="122" insertCount="7537" extractCount="7469" duration="1134988"/>
			<Sample nodeCount="123" insertCount="7593" extractCount="7536" duration="1155883"/>
			<Sample nodeCount="124" insertCount="7658" extractCount="7594" duration="1162918"/>
			<Sample nodeCount="125" insertCount="7718" extractCount="7657" duration="1174972"/>
			<Sample nodeCount="126" insertCount="7781" extractCount="7717" duration="1212836"/>
			<Sample nodeCount="127" insertCount="7840" extractCount="7781" duration="1196623"/>
		</SmallSetRandomOps>
		<LargeSetRandomOps>
		</LargeSetRandomOps>
		<SmallSetLinear>
			<Sample nodeCount="1" insertCount="10000" extractCount="10000" duration="287197"/>
			<Sample nodeCount="2" insertCount="10000" extractCount="10000" duration="639514"/>
			<Sample nodeCount="3" insertCount="10000" extractCount="10000" duration="1286398"/>
			<Sample nodeCount="4" insertCount="10000" extractCount="10000" duration="2197001"/>
			<Sample nodeCount="5" insertCount="10000" extractCount="10000" duration="2980470"/>
			<Sample nodeCount="6" insertCount="10000" extractCount="10000" duration="3867826"/>
			<Sample nodeCount="7" insertCount="10000" extractCount="10000" duration="4737920"/>
			<Sample nodeCount="8" insertCount="10000" extractCount="10000" duration="5810223"/>
			<Sample nodeCount="9" insertCount="10000" extractCount="10000" duration="7085365"/>
			<Sample nodeCount="10" insertCount="10000" extractCount="10000" duration="8076524"/>
			<Sample nodeCount="11" insertCount="10000" extractCount="10000" duration="9256914"/>
			<Sample nodeCount="12" insertCount="10000" extractCount="10000" duration="10647767"/>
			<Sample nodeCount="13" insertCount="10000" extractCount="10000" duration="11661248"/>
			<Sample nodeCount="14" insertCount="10000" extractCount="10000" duration="12949621"/>
			<Sample nodeCount="15" insertCount="10000" extractCount="10000" duration="14301224"/>
			<Sample nodeCount="16" insertCount="10000" extractCount="10000" duration="15424978"/>
			<Sample nodeCount="17" insertCount="10000" extractCount="10000" duration="16605179"/>
			<Sample nodeCount="18" insertCount="10000" extractCount="10000" duration="18276969"/>
			<Sample nodeCount="19" insertCount="10000" extractCount="10000" duration="19461265"/>
			<Sample nodeCount="20" insertCount="10000" extractCount="10000" duration="20578277"/>
			<Sample nodeCount="21" insertCount="10000" extractCount="10000" duration="21595875"/>
			<Sample nodeCount="22" insertCount="10000" extractCount="10000" duration="23590752"/>
			<Sample nodeCount="23" insertCount="10000" extractCount="10000" duration="24811105"/>
			<Sample nodeCount="24" insertCount="10000" extractCount="10000" duration="26072177"/>
			<Sample nodeCount="25" insertCount="10000" extractCount="10000" duration="27435058"/>
			<Sample nodeCount="26" insertCount="10000" extractCount="10000" duration="29253828"/>
			<Sample nodeCount="27" insertCount="10000" extractCount="10000" duration="30353683"/>
			<Sample nodeCount="28" insertCount="10000" extractCount="10000" duration="31635419"/>
			<Sample nodeCount="29" insertCount="10000" extractCount="10000" duration="32756190"/>
			<Sample nodeCount="30" insertCount="10000" extractCount="10000" duration="34599613"/>
			<Sample nodeCount="31" insertCount="10000" extractCount="10000" duration="36209937"/>
			<Sample nodeCount="32" insertCount="10000" extractCount="10000" duration="37551880"/>
			<Sample nodeCount="33" insertCount="10000" extractCount="10000" duration="38714694"/>
			<Sample nodeCount="34" insertCount="10000" extractCount="10000" duration="40519730"/>
			<Sample nodeCount="35" insertCount="10000" extractCount="10000" duration="41942859"/>
			<Sample nodeCount="36" insertCount="10000" extractCount="10000" duration="43185031"/>
			<Sample nodeCount="37" insertCount="10000" extractCount="10000" duration="44444108"/>
			<Sample nodeCount="38" insertCount="10000" extractCount="10000" duration="46427854"/>
			<Sample nodeCount="39" insertCount="10000" extractCount="10000" duration="48106218"/>
			<Sample nodeCount="40" insertCount="10000" extractCount="10000" duration="49059052"/>
			<Sample nodeCount="41" insertCount="10000" extractCount="10000" duration="50202104"/>
			<Sample nodeCount="42" insertCount="10000" extractCount="10000" duration="52154980"/>
			<Sample nodeCount="43" insertCount="10000" extractCount="10000" duration="53690586"/>
			<Sample nodeCount="44" insertCount="10000" extractCount="10000" duration="54664588"/>
			<Sample nodeCount="45" insertCount="10000" extractCount="10000" duration="55845230"/>
			<Sample nodeCount="46" insertCount="10000" extractCount="10000" duration="58574035"/>
			<Sample nodeCount="47" insertCount="10000" extractCount="10000" duration="59985048"/>
			<Sample nodeCount="48" insertCount="10000" extractCount="10000" duration="61086982"/>
			<Sample nodeCount="49" insertCount="10000" extractCount="10000" duration="62535585"/>
			<Sample nodeCount="50" insertCount="10000" extractCount="10000" duration="64704614"/>
			<Sample nodeCount="51" insertCount="10000" extractCount="10000" duration="66053760"/>
			<Sample nodeCount="52" insertCount="10000" extractCount="10000" duration="67227578"/>
			<Sample nodeCount="53" insertCount="10000" extractCount="10000" duration="68600223"/>
			<Sample nodeCount="54" insertCount="10000" extractCount="10000" duration="70731557"/>
			<Sample nodeCount="55" insertCount="10000" extractCount="10000" duration="72077973"/>
			<Sample nodeCount="56" insertCount="10000" extractCount="10000" duration="73487789"/>
			<Sample nodeCount="57" insertCount="10000" extractCount="10000" duration="74834393"/>
			<Sample nodeCount="58" insertCount="10000" extractCount="10000" duration="76639766"/>
			<Sample nodeCount="59" insertCount="10000" extractCount="10000" duration="77945652"/>
			<Sample nodeCount="60" insertCount="10000" extractCount="10000" duration="79548877"/>
			<Sample nodeCount="61" insertCount="10000" extractCount="10000" duration="80917722"/>
			<Sample nodeCount="62" insertCount="10000" extractCount="10000" duration="83082888"/>
			<Sample nodeCount="63" insertCount="10000" extractCount="10000" duration="84680758"/>
			<Sample nodeCount="64" insertCount="10000" extractCount="10000" duration="86492031"/>
			<Sample nodeCount="65" insertCount="10000" extractCount="10000" duration="87864109"/>
			<Sample nodeCount="66" insertCount="10000" extractCount="10000" duration="89902413"/>
			<Sample nodeCount="67" insertCount="10000" extractCount="10000" duration="91296290"/>
			<Sample nodeCount="68" insertCount="10000" extractCount="10000" duration="92554275"/>
			<Sample nodeCount="69" insertCount="10000" extractCount="10000" duration="93898129"/>
			<Sample nodeCount="70" insertCount="10000" extractCount="10000" duration="96424053"/>
			<Sample nodeCount="71" insertCount="10000" extractCount="10000" duration="97615826"/>
			<Sample nodeCount="72" insertCount="10000" extractCount="10000" duration="99021651"/>
			<Sample nodeCount="73" insertCount="10000" extractCount="10000" duration="100391881"/>
			<Sample nodeCount="74" insertCount="10000" extractCount="10000" duration="102365253"/>
			<Sample nodeCount="75" insertCount="10000" extractCount="10000" duration="104173355"/>
			<Sample nodeCount="76" insertCount="10000" extractCount="10000" duration="105230202"/>
			<Sample nodeCount="77" insertCount="10000" extractCount="10000" duration="106591171"/>
			<Sample nodeCount="78" insertCount="10000" extractCount="10000" duration="109305025"/>
			<Sample nodeCount="79" insertCount="10000" extractCount="10000" duration="110751045"/>
			<Sample nodeCount="80" insertCount="10000" extractCount="10000" duration="112180978"/>
			<Sample nodeCount="81" insertCount="10000" extractCount="10000" duration="113536844"/>
			<Sample nodeCount="82" insertCount="10000" extractCount="10000" duration="115820681"/>
			<Sample nodeCount="83" insertCount="10000" extractCount="10000" duration="117383356"/>
			<Sample nodeCount="84" insertCount="10000" extractCount="10000" duration="118409816"/>
			<Sample nodeCount="85" insertCount="10000" extractCount="10000" duration="119760348"/>
			<Sample nodeCount="86" insertCount="10000" extractCount="10000" duration="122371742"/>
			<Sample nodeCount="87" insertCount="10000" extractCount="10000" duration="123767992"/>
			<Sample nodeCount="88" insertCount="10000" extractCount="10000" duration="124844033"/>
			<Sample nodeCount="89" insertCount="10000" extractCount="10000" duration="126210966"/>
			<Sample nodeCount="90" insertCount="10000" extractCount="10000" duration="128454965"/>
			<Sample nodeCount="91" insertCount="10000" extractCount="10000" duration="130040572"/>
			<Sample nodeCount="92" insertCount="10000" extractCount="10000" duration="131138684"/>
			<Sample nodeCount="93" insertCount="10000" extractCount="10000" duration="132455511"/>
			<Sample nodeCount="94" insertCount="10000" extractCount="10000" duration="135930658"/>
			<Sample nodeCount="95" insertCount="10000" extractCount="10000" duration="137389320"/>
			<Sample nodeCount="96" insertCount="10000" extractCount="10000" duration="138577921"/>
			<Sample nodeCount="97" insertCount="10000" extractCount="10000" duration="140091560"/>
			<Sample nodeCount="98" insertCount="10000" extractCount="10000" duration="142335077"/>
			<Sample nodeCount="99" insertCount="10000" extractCount="10000" duration="143959470"/>
			<Sample nodeCount="100" insertCount="10000" extractCount="10000" duration="145442387"/>
			<Sample nodeCount="101" insertCount="10000" extractCount="10000" duration="146931225"/>
			<Sample nodeCount="102" insertCount="10000" extractCount="10000" duration="149350889"/>
			<Sample nodeCount="103" insertCount="10000" extractCount="10000" duration="150669271"/>
			<Sample nodeCount="104" insertCount="10000" extractCount="10000" duration="152126714"/>
			<Sample nodeCount="105" insertCount="10000" extractCount="10000" duration="153651714"/>
			<Sample nodeCount="106" insertCount="10000" extractCount="10000" duration="156522901"/>
			<Sample nodeCount="107" insertCount="10000" extractCount="10000" duration="158468490"/>
			<Sample nodeCount="108" insertCount="10000" extractCount="10000" duration="158783132"/>
			<Sample nodeCount="109" insertCount="10000" extractCount="10000" duration="160328356"/>
			<Sample nodeCount="110" insertCount="10000" extractCount="10000" duration="163348139"/>
			<Sample nodeCount="111" insertCount="10000" extractCount="10000" duration="165006825"/>
			<Sample nodeCount="112" insertCount="10000" extractCount="10000" duration="166159495"/>
			<Sample nodeCount="113" insertCount="10000" extractCount="10000" duration="167722800"/>
			<Sample nodeCount="114" insertCount="10000" extractCount="10000" duration="170208887"/>
			<Sample nodeCount="115" insertCount="10000" extractCount="10000" duration="172029904"/>
			<Sample nodeCount="116" insertCount="10000" extractCount="10000" duration="172857347"/>
			<Sample nodeCount="117" insertCount="10000" extractCount="10000" duration="174362229"/>
			<Sample nodeCount="118" insertCount="10000" extractCount="10000" duration="177779521"/>
			<Sample nodeCount="119" insertCount="10000" extractCount="10000" duration="178528024"/>
			<Sample nodeCount="120" insertCount="10000" extractCount="10000" duration="179761335"/>
			<Sample nodeCount="121" insertCount="10000" extractCount="10000" duration="181279825"/>
			<Sample nodeCount="122" insertCount="10000" extractCount="10000" duration="183238077"/>
			<Sample nodeCount="123" insertCount="10000" extractCount="10000" duration="185635418"/>
			<Sample nodeCount="124" insertCount="10000" extractCount="10000" duration="186550117"/>
			<Sample nodeCount="125" insertCount="10000" extractCount="10000" duration="188028728"/>
			<Sample nodeCount="126" insertCount="10000" extractCount="10000" duration="190795943"/>
			<Sample nodeCount="127" insertCount="10000" extractCount="10000" duration="192766921"/>
		</SmallSetLinear>
		<LargeSetLinear>
		</LargeSetLinear>
	</RBTest>
	<RBTest implementation="Linux" nodeSize="12">
		<SmallSetRandomOps>
			<Sample nodeCount="1" insertCount="62" extractCount="61" duration="3738"/>
			<Sample nodeCount="2" insertCount="123" extractCount="123" duration="7518"/>
			<Sample nodeCount="3" insertCount="186" extractCount="183" duration="12873"/>
			<Sample nodeCount="4" insertCount="247" extractCount="245" duration="18354"/>
			<Sample nodeCount="5" insertCount="309" extractCount="306" duration="25221"/>
			<Sample nodeCount="6" insertCount="370" extractCount="368" duration="31311"/>
			<Sample nodeCount="7" insertCount="433" extractCount="428" duration="38178"/>
			<Sample nodeCount="8" insertCount="493" extractCount="491" duration="44289"/>
			<Sample nodeCount="9" insertCount="557" extractCount="550" duration="51135"/>
			<Sample nodeCount="10" insertCount="619" extractCount="611" duration="56763"/>
			<Sample nodeCount="11" insertCount="680" extractCount="673" duration="102964"/>
			<Sample nodeCount="12" insertCount="740" extractCount="736" duration="70245"/>
			<Sample nodeCount="13" insertCount="803" extractCount="796" duration="77910"/>
			<Sample nodeCount="14" insertCount="864" extractCount="858" duration="84294"/>
			<Sample nodeCount="15" insertCount="927" extractCount="918" duration="90573"/>
			<Sample nodeCount="16" insertCount="988" extractCount="980" duration="135766"/>
			<Sample nodeCount="17" insertCount="1050" extractCount="1041" duration="105777"/>
			<Sample nodeCount="18" insertCount="1113" extractCount="1101" duration="113400"/>
			<Sample nodeCount="19" insertCount="1172" extractCount="1165" duration="120666"/>
			<Sample nodeCount="20" insertCount="1237" extractCount="1223" duration="126399"/>
			<Sample nodeCount="21" insertCount="1296" extractCount="1287" duration="171907"/>
			<Sample nodeCount="22" insertCount="1359" extractCount="1347" duration="139545"/>
			<Sample nodeCount="23" insertCount="1419" extractCount="1410" duration="147021"/>
			<Sample nodeCount="24" insertCount="1484" extractCount="1468" duration="154581"/>
			<Sample nodeCount="25" insertCount="1544" extractCount="1531" duration="160356"/>
			<Sample nodeCount="26" insertCount="1604" extractCount="1594" duration="166929"/>
			<Sample nodeCount="27" insertCount="1668" extractCount="1653" duration="175308"/>
			<Sample nodeCount="28" insertCount="1729" extractCount="1715" duration="220732"/>
			<Sample nodeCount="29" insertCount="1790" extractCount="1777" duration="188874"/>
			<Sample nodeCount="30" insertCount="1851" extractCount="1839" duration="233227"/>
			<Sample nodeCount="31" insertCount="1914" extractCount="1899" duration="202503"/>
			<Sample nodeCount="32" insertCount="1977" extractCount="1959" duration="248725"/>
			<Sample nodeCount="33" insertCount="2041" extractCount="2018" duration="216993"/>
			<Sample nodeCount="34" insertCount="2097" extractCount="2085" duration="222705"/>
			<Sample nodeCount="35" insertCount="2160" extractCount="2145" duration="232218"/>
			<Sample nodeCount="36" insertCount="2221" extractCount="2207" duration="276739"/>
			<Sample nodeCount="37" insertCount="2285" extractCount="2266" duration="245133"/>
			<Sample nodeCount="38" insertCount="2346" extractCount="2328" duration="291103"/>
			<Sample nodeCount="39" insertCount="2408" extractCount="2389" duration="260211"/>
			<Sample nodeCount="40" insertCount="2471" extractCount="2449" duration="303073"/>
			<Sample nodeCount="41" insertCount="2531" extractCount="2512" duration="274239"/>
			<Sample nodeCount="42" insertCount="2593" extractCount="2573" duration="317584"/>
			<Sample nodeCount="43" insertCount="2656" extractCount="2633" duration="289800"/>
			<Sample nodeCount="44" insertCount="2717" extractCount="2695" duration="294798"/>
			<Sample nodeCount="45" insertCount="2776" extractCount="2759" duration="300216"/>
			<Sample nodeCount="46" insertCount="2840" extractCount="2818" duration="307923"/>
			<Sample nodeCount="47" insertCount="2902" extractCount="2879" duration="353809"/>
			<Sample nodeCount="48" insertCount="2966" extractCount="2938" duration="325311"/>
			<Sample nodeCount="49" insertCount="3026" extractCount="3001" duration="370987"/>
			<Sample nodeCount="50" insertCount="3084" extractCount="3066" duration="340557"/>
			<Sample nodeCount="51" insertCount="3151" extractCount="3122" duration="346563"/>
			<Sample nodeCount="52" insertCount="3209" extractCount="3187" duration="392491"/>
			<Sample nodeCount="53" insertCount="3273" extractCount="3246" duration="361011"/>
			<Sample nodeCount="54" insertCount="3337" extractCount="3305" duration="371007"/>
			<Sample nodeCount="55" insertCount="3400" extractCount="3365" duration="414100"/>
			<Sample nodeCount="56" insertCount="3458" extractCount="3430" duration="384258"/>
			<Sample nodeCount="57" insertCount="3521" extractCount="3490" duration="390852"/>
			<Sample nodeCount="58" insertCount="3580" extractCount="3554" duration="435079"/>
			<Sample nodeCount="59" insertCount="3647" extractCount="3610" duration="406707"/>
			<Sample nodeCount="60" insertCount="3706" extractCount="3674" duration="411369"/>
			<Sample nodeCount="61" insertCount="3766" extractCount="3737" duration="460741"/>
			<Sample nodeCount="62" insertCount="3828" extractCount="3798" duration="424956"/>
			<Sample nodeCount="63" insertCount="3888" extractCount="3861" duration="434511"/>
			<Sample nodeCount="64" insertCount="3952" extractCount="3920" duration="478213"/>
			<Sample nodeCount="65" insertCount="4014" extractCount="3981" duration="487243"/>
			<Sample nodeCount="66" insertCount="4077" extractCount="4041" duration="456246"/>
			<Sample nodeCount="67" insertCount="4136" extractCount="4105" duration="466200"/>
			<Sample nodeCount="68" insertCount="4200" extractCount="4164" duration="507424"/>
			<Sample nodeCount="69" insertCount="4263" extractCount="4224" duration="514417"/>
			<Sample nodeCount="70" insertCount="4325" extractCount="4285" duration="488334"/>
			<Sample nodeCount="71" insertCount="4381" extractCount="4352" duration="493290"/>
			<Sample nodeCount="72" insertCount="4448" extractCount="4408" duration="537622"/>
			<Sample nodeCount="73" insertCount="4507" extractCount="4472" duration="545266"/>
			<Sample nodeCount="74" insertCount="4571" extractCount="4531" duration="513681"/>
			<Sample nodeCount="75" insertCount="4631" extractCount="4594" duration="524622"/>
			<Sample nodeCount="76" insertCount="4693" extractCount="4655" duration="530355"/>
			<Sample nodeCount="77" insertCount="4755" extractCount="4716" duration="575443"/>
			<Sample nodeCount="78" insertCount="4817" extractCount="4777" duration="582982"/>
			<Sample nodeCount="79" insertCount="4877" extractCount="4840" duration="592138"/>
			<Sample nodeCount="80" insertCount="4942" extractCount="4898" duration="556731"/>
			<Sample nodeCount="81" insertCount="5002" extractCount="4961" duration="566643"/>
			<Sample nodeCount="82" insertCount="5063" extractCount="5023" duration="573762"/>
			<Sample nodeCount="83" insertCount="5124" extractCount="5085" duration="623050"/>
			<Sample nodeCount="84" insertCount="5187" extractCount="5145" duration="629854"/>
			<Sample nodeCount="85" insertCount="5250" extractCount="5205" duration="638149"/>
			<Sample nodeCount="86" insertCount="5314" extractCount="5264" duration="646276"/>
			<Sample nodeCount="87" insertCount="5374" extractCount="5327" duration="653899"/>
			<Sample nodeCount="88" insertCount="5432" extractCount="5392" duration="663013"/>
			<Sample nodeCount="89" insertCount="5490" extractCount="5457" duration="626892"/>
			<Sample nodeCount="90" insertCount="5559" extractCount="5511" duration="632163"/>
			<Sample nodeCount="91" insertCount="5621" extractCount="5572" duration="642222"/>
			<Sample nodeCount="92" insertCount="5680" extractCount="5636" duration="649341"/>
			<Sample nodeCount="93" insertCount="5740" extractCount="5699" duration="697390"/>
			<Sample nodeCount="94" insertCount="5803" extractCount="5759" duration="702892"/>
			<Sample nodeCount="95" insertCount="5862" extractCount="5823" duration="714085"/>
			<Sample nodeCount="96" insertCount="5929" extractCount="5879" duration="720637"/>
			<Sample nodeCount="97" insertCount="5993" extractCount="5938" duration="726517"/>
			<Sample nodeCount="98" insertCount="6055" extractCount="5999" duration="734602"/>
			<Sample nodeCount="99" insertCount="6113" extractCount="6064" duration="745648"/>
			<Sample nodeCount="100" insertCount="6172" extractCount="6128" duration="752431"/>
			<Sample nodeCount="101" insertCount="6238" extractCount="6185" duration="759172"/>
			<Sample nodeCount="102" insertCount="6299" extractCount="6247" duration="767152"/>
			<Sample nodeCount="103" insertCount="6363" extractCount="6306" duration="739053"/>
			<Sample nodeCount="104" insertCount="6426" extractCount="6366" duration="742161"/>
			<Sample nodeCount="105" insertCount="6481" extractCount="6434" duration="790063"/>
			<Sample nodeCount="106" insertCount="6544" extractCount="6494" duration="800773"/>
			<Sample nodeCount="107" insertCount="6607" extractCount="6554" duration="798421"/>
			<Sample nodeCount="108" insertCount="6669" extractCount="6615" duration="812974"/>
			<Sample nodeCount="109" insertCount="6732" extractCount="6675" duration="820219"/>
			<Sample nodeCount="110" insertCount="6794" extractCount="6736" duration="786660"/>
			<Sample nodeCount="111" insertCount="6852" extractCount="6801" duration="834898"/>
			<Sample nodeCount="112" insertCount="6918" extractCount="6858" duration="844516"/>
			<Sample nodeCount="113" insertCount="6981" extractCount="6918" duration="855604"/>
			<Sample nodeCount="114" insertCount="7041" extractCount="6981" duration="859657"/>
			<Sample nodeCount="115" insertCount="7103" extractCount="7042" duration="865600"/>
			<Sample nodeCount="116" insertCount="7164" extractCount="7104" duration="872950"/>
			<Sample nodeCount="117" insertCount="7225" extractCount="7166" duration="887797"/>
			<Sample nodeCount="118" insertCount="7291" extractCount="7223" duration="891619"/>
			<Sample nodeCount="119" insertCount="7350" extractCount="7287" duration="898465"/>
			<Sample nodeCount="120" insertCount="7410" extractCount="7350" duration="903190"/>
			<Sample nodeCount="121" insertCount="7471" extractCount="7412" duration="913270"/>
			<Sample nodeCount="122" insertCount="7537" extractCount="7469" duration="914572"/>
			<Sample nodeCount="123" insertCount="7593" extractCount="7536" duration="927172"/>
			<Sample nodeCount="124" insertCount="7658" extractCount="7594" duration="934123"/>
			<Sample nodeCount="125" insertCount="7718" extractCount="7657" duration="941473"/>
			<Sample nodeCount="126" insertCount="7781" extractCount="7717" duration="944854"/>
			<Sample nodeCount="127" insertCount="7840" extractCount="7781" duration="921459"/>
		</SmallSetRandomOps>
		<LargeSetRandomOps>
		</LargeSetRandomOps>
		<SmallSetLinear>
			<Sample nodeCount="1" insertCount="10000" extractCount="10000" duration="225687"/>
			<Sample nodeCount="2" insertCount="10000" extractCount="10000" duration="552868"/>
			<Sample nodeCount="3" insertCount="10000" extractCount="10000" duration="980344"/>
			<Sample nodeCount="4" insertCount="10000" extractCount="10000" duration="1717613"/>
			<Sample nodeCount="5" insertCount="10000" extractCount="10000" duration="2323946"/>
			<Sample nodeCount="6" insertCount="10000" extractCount="10000" duration="2957349"/>
			<Sample nodeCount="7" insertCount="10000" extractCount="10000" duration="3623616"/>
			<Sample nodeCount="8" insertCount="10000" extractCount="10000" duration="4701401"/>
			<Sample nodeCount="9" insertCount="10000" extractCount="10000" duration="5218610"/>
			<Sample nodeCount="10" insertCount="10000" extractCount="10000" duration="6123795"/>
			<Sample nodeCount="11" insertCount="10000" extractCount="10000" duration="6882967"/>
			<Sample nodeCount="12" insertCount="10000" extractCount="10000" duration="7929398"/>
			<Sample nodeCount="13" insertCount="10000" extractCount="10000" duration="8637477"/>
			<Sample nodeCount="14" insertCount="10000" extractCount="10000" duration="9731410"/>
			<Sample nodeCount="15" insertCount="10000" extractCount="10000" duration="10326277"/>
			<Sample nodeCount="16" insertCount="10000" extractCount="10000" duration="11446104"/>
			<Sample nodeCount="17" insertCount="10000" extractCount="10000" duration="11998803"/>
			<Sample nodeCount="18" insertCount="10000" extractCount="10000" duration="13229026"/>
			<Sample nodeCount="19" insertCount="10000" extractCount="10000" duration="14011382"/>
			<Sample nodeCount="20" insertCount="10000" extractCount="10000" duration="14945316"/>
			<Sample nodeCount="21" insertCount="10000" extractCount="10000" duration="15649888"/>
			<Sample nodeCount="22" insertCount="10000" extractCount="10000" duration="17166552"/>
			<Sample nodeCount="23" insertCount="10000" extractCount="10000" duration="18075285"/>
			<Sample nodeCount="24" insertCount="10000" extractCount="10000" duration="19030240"/>
			<Sample nodeCount="25" insertCount="10000" extractCount="10000" duration="19642979"/>
			<Sample nodeCount="26" insertCount="10000" extractCount="10000" duration="20688023"/>
			<Sample nodeCount="27" insertCount="10000" extractCount="10000" duration="21414225"/>
			<Sample nodeCount="28" insertCount="10000" extractCount="10000" duration="22565153"/>
			<Sample nodeCount="29" insertCount="10000" extractCount="10000" duration="23178206"/>
			<Sample nodeCount="30" insertCount="10000" extractCount="10000" duration="24842962"/>
			<Sample nodeCount="31" insertCount="10000" extractCount="10000" duration="25805246"/>
			<Sample nodeCount="32" insertCount="10000" extractCount="10000" duration="26876457"/>
			<Sample nodeCount="33" insertCount="10000" extractCount="10000" duration="27662278"/>
			<Sample nodeCount="34" insertCount="10000" extractCount="10000" duration="29071757"/>
			<Sample nodeCount="35" insertCount="10000" extractCount="10000" duration="29879082"/>
			<Sample nodeCount="36" insertCount="10000" extractCount="10000" duration="31359499"/>
			<Sample nodeCount="37" insertCount="10000" extractCount="10000" duration="32007203"/>
			<Sample nodeCount="38" insertCount="10000" extractCount="10000" duration="33587770"/>
			<Sample nodeCount="39" insertCount="10000" extractCount="10000" duration="34486150"/>
			<Sample nodeCount="40" insertCount="10000" extractCount="10000" duration="35710514"/>
			<Sample nodeCount="41" insertCount="10000" extractCount="10000" duration="36328209"/>
			<Sample nodeCount="42" insertCount="10000" extractCount="10000" duration="37711292"/>
			<Sample nodeCount="43" insertCount="10000" extractCount="10000" duration="38508831"/>
			<Sample nodeCount="44" insertCount="10000" extractCount="10000" duration="39717760"/>
			<Sample nodeCount="45" insertCount="10000" extractCount="10000" duration="40989290"/>
			<Sample nodeCount="46" insertCount="10000" extractCount="10000" duration="42447154"/>
			<Sample nodeCount="47" insertCount="10000" extractCount="10000" duration="43369307"/>
			<Sample nodeCount="48" insertCount="10000" extractCount="10000" duration="44607090"/>
			<Sample nodeCount="49" insertCount="10000" extractCount="10000" duration="45537055"/>
			<Sample nodeCount="50" insertCount="10000" extractCount="10000" duration="46547134"/>
			<Sample nodeCount="51" insertCount="10000" extractCount="10000" duration="47483336"/>
			<Sample nodeCount="52" insertCount="10000" extractCount="10000" duration="48722212"/>
			<Sample nodeCount="53" insertCount="10000" extractCount="10000" duration="49628951"/>
			<Sample nodeCount="54" insertCount="10000" extractCount="10000" duration="51472732"/>
			<Sample nodeCount="55" insertCount="10000" extractCount="10000" duration="52450409"/>
			<Sample nodeCount="56" insertCount="10000" extractCount="10000" duration="53626682"/>
			<Sample nodeCount="57" insertCount="10000" extractCount="10000" duration="54496692"/>
			<Sample nodeCount="58" insertCount="10000" extractCount="10000" duration="55712237"/>
			<Sample nodeCount="59" insertCount="10000" extractCount="10000" duration="56594469"/>
			<Sample nodeCount="60" insertCount="10000" extractCount="10000" duration="57969760"/>
			<Sample nodeCount="61" insertCount="10000" extractCount="10000" duration="58765199"/>
			<Sample nodeCount="62" insertCount="10000" extractCount="10000" duration="60702598"/>
			<Sample nodeCount="63" insertCount="10000" extractCount="10000" duration="61759402"/>
			<Sample nodeCount="64" insertCount="10000" extractCount="10000" duration="62602197"/>
			<Sample nodeCount="65" insertCount="10000" extractCount="10000" duration="63630379"/>
			<Sample nodeCount="66" insertCount="10000" extractCount="10000" duration="64809488"/>
			<Sample nodeCount="67" insertCount="10000" extractCount="10000" duration="65905521"/>
			<Sample nodeCount="68" insertCount="10000" extractCount="10000" duration="67275584"/>
			<Sample nodeCount="69" insertCount="10000" extractCount="10000" duration="68112287"/>
			<Sample nodeCount="70" insertCount="10000" extractCount="10000" duration="70092736"/>
			<Sample nodeCount="71" insertCount="10000" extractCount="10000" duration="70937000"/>
			<Sample nodeCount="72" insertCount="10000" extractCount="10000" duration="72176715"/>
			<Sample nodeCount="73" insertCount="10000" extractCount="10000" duration="73030534"/>
			<Sample nodeCount="74" insertCount="10000" extractCount="10000" duration="74180096"/>
			<Sample nodeCount="75" insertCount="10000" extractCount="10000" duration="75159874"/>
			<Sample nodeCount="76" insertCount="10000" extractCount="10000" duration="76462631"/>
			<Sample nodeCount="77" insertCount="10000" extractCount="10000" duration="77367711"/>
			<Sample nodeCount="78" insertCount="10000" extractCount="10000" duration="79469288"/>
			<Sample nodeCount="79" insertCount="10000" extractCount="10000" duration="80477961"/>
			<Sample nodeCount="80" insertCount="10000" extractCount="10000" duration="81581071"/>
			<Sample nodeCount="81" insertCount="10000" extractCount="10000" duration="82490645"/>
			<Sample nodeCount="82" insertCount="10000" extractCount="10000" duration="84046032"/>
			<Sample nodeCount="83" insertCount="10000" extractCount="10000" duration="85080829"/>
			<Sample nodeCount="84" insertCount="10000" extractCount="10000" duration="85975850"/>
			<Sample nodeCount="85" insertCount="10000" extractCount="10000" duration="86895525"/>
			<Sample nodeCount="86" insertCount="10000" extractCount="10000" duration="88894454"/>
			<Sample nodeCount="87" insertCount="10000" extractCount="10000" duration="89852517"/>
			<Sample nodeCount="88" insertCount="10000" extractCount="10000" duration="91269556"/>
			<Sample nodeCount="89" insertCount="10000" extractCount="10000" duration="91949957"/>
			<Sample nodeCount="90" insertCount="10000" extractCount="10000" duration="93541213"/>
			<Sample nodeCount="91" insertCount="10000" extractCount="10000" duration="94100737"/>
			<Sample nodeCount="92" insertCount="10000" extractCount="10000" duration="95433588"/>
			<Sample nodeCount="93" insertCount="10000" extractCount="10000" duration="96315652"/>
			<Sample nodeCount="94" insertCount="10000" extractCount="10000" duration="98596947"/>
			<Sample nodeCount="95" insertCount="10000" extractCount="10000" duration="99408115"/>
			<Sample nodeCount="96" insertCount="10000" extractCount="10000" duration="100532624"/>
			<Sample nodeCount="97" insertCount="10000" extractCount="10000" duration="101532182"/>
			<Sample nodeCount="98" insertCount="10000" extractCount="10000" duration="102724732"/>
			<Sample nodeCount="99" insertCount="10000" extractCount="10000" duration="103596926"/>
			<Sample nodeCount="100" insertCount="10000" extractCount="10000" duration="104835654"/>
			<Sample nodeCount="101" insertCount="10000" extractCount="10000" duration="105760537"/>
			<Sample nodeCount="102" insertCount="10000" extractCount="10000" duration="107785652"/>
			<Sample nodeCount="103" insertCount="10000" extractCount="10000" duration="108770302"/>
			<Sample nodeCount="104" insertCount="10000" extractCount="10000" duration="110022953"/>
			<Sample nodeCount="105" insertCount="10000" extractCount="10000" duration="111210693"/>
			<Sample nodeCount="106" insertCount="10000" extractCount="10000" duration="112434238"/>
			<Sample nodeCount="107" insertCount="10000" extractCount="10000" duration="113196455"/>
			<Sample nodeCount="108" insertCount="10000" extractCount="10000" duration="114545790"/>
			<Sample nodeCount="109" insertCount="10000" extractCount="10000" duration="115544300"/>
			<Sample nodeCount="110" insertCount="10000" extractCount="10000" duration="117885802"/>
			<Sample nodeCount="111" insertCount="10000" extractCount="10000" duration="118685609"/>
			<Sample nodeCount="112" insertCount="10000" extractCount="10000" duration="120130179"/>
			<Sample nodeCount="113" insertCount="10000" extractCount="10000" duration="120863374"/>
			<Sample nodeCount="114" insertCount="10000" extractCount="10000" duration="122299061"/>
			<Sample nodeCount="115" insertCount="10000" extractCount="10000" duration="123515173"/>
			<Sample nodeCount="116" insertCount="10000" extractCount="10000" duration="124463240"/>
			<Sample nodeCount="117" insertCount="10000" extractCount="10000" duration="125387534"/>
			<Sample nodeCount="118" insertCount="10000" extractCount="10000" duration="127536025"/>
			<Sample nodeCount="119" insertCount="10000" extractCount="10000" duration="128387031"/>
			<Sample nodeCount="120" insertCount="10000" extractCount="10000" duration="129859867"/>
			<Sample nodeCount="121" insertCount="10000" extractCount="10000" duration="130712384"/>
			<Sample nodeCount="122" insertCount="10000" extractCount="10000" duration="132285265"/>
			<Sample nodeCount="123" insertCount="10000" extractCount="10000" duration="133139629"/>
			<Sample nodeCount="124" insertCount="10000" extractCount="10000" duration="134141982"/>
			<Sample nodeCount="125" insertCount="10000" extractCount="10000" duration="135473005"/>
			<Sample nodeCount="126" insertCount="10000" extractCount="10000" duration="137704928"/>
			<Sample nodeCount="127" insertCount="10000" extractCount="10000" duration="139115101"/>
		</SmallSetLinear>
		<LargeSetLinear>
		</LargeSetLinear>
	</RBTest>
	<RBTest implementation="Chain" nodeSize="8">
		<SmallSetRandomOps>
			<Sample nodeCount="1" insertCount="62" extractCount="61" duration="2730"/>
			<Sample nodeCount="2" insertCount="123" extractCount="123" duration="5229"/>
			<Sample nodeCount="3" insertCount="186" extractCount="183" duration="8505"/>
			<Sample nodeCount="4" insertCount="247" extractCount="245" duration="10941"/>
			<Sample nodeCount="5" insertCount="309" extractCount="306" duration="14280"/>
			<Sample nodeCount="6" insertCount="370" extractCount="368" duration="17304"/>
			<Sample nodeCount="7" insertCount="433" extractCount="428" duration="20853"/>
			<Sample nodeCount="8" insertCount="493" extractCount="491" duration="24003"/>
			<Sample nodeCount="9" insertCount="557" extractCount="550" duration="27489"/>
			<Sample nodeCount="10" insertCount="619" extractCount="611" duration="30954"/>
			<Sample nodeCount="11" insertCount="680" extractCount="673" duration="34251"/>
			<Sample nodeCount="12" insertCount="740" extractCount="736" duration="38304"/>
			<Sample nodeCount="13" insertCount="803" extractCount="796" duration="41916"/>
			<Sample nodeCount="14" insertCount="864" extractCount="858" duration="45969"/>
			<Sample nodeCount="15" insertCount="927" extractCount="918" duration="49035"/>
			<Sample nodeCount="16" insertCount="988" extractCount="980" duration="52983"/>
			<Sample nodeCount="17" insertCount="1050" extractCount="1041" duration="56763"/>
			<Sample nodeCount="18" insertCount="1113" extractCount="1101" duration="60879"/>
			<Sample nodeCount="19" insertCount="1172" extractCount="1165" duration="65163"/>
			<Sample nodeCount="20" insertCount="1237" extractCount="1223" duration="107710"/>
			<Sample nodeCount="21" insertCount="1296" extractCount="1287" duration="73437"/>
			<Sample nodeCount="22" insertCount="1359" extractCount="1347" duration="78036"/>
			<Sample nodeCount="23" insertCount="1419" extractCount="1410" duration="81543"/>
			<Sample nodeCount="24" insertCount="1484" extractCount="1468" duration="87066"/>
			<Sample nodeCount="25" insertCount="1544" extractCount="1531" duration="90783"/>
			<Sample nodeCount="26" insertCount="1604" extractCount="1594" duration="94878"/>
			<Sample nodeCount="27" insertCount="1668" extractCount="1653" duration="100128"/>
			<Sample nodeCount="28" insertCount="1729" extractCount="1715" duration="104790"/>
			<Sample nodeCount="29" insertCount="1790" extractCount="1777" duration="109221"/>
			<Sample nodeCount="30" insertCount="1851" extractCount="1839" duration="114135"/>
			<Sample nodeCount="31" insertCount="1914" extractCount="1899" duration="118944"/>
			<Sample nodeCount="32" insertCount="1977" extractCount="1959" duration="122997"/>
			<Sample nodeCount="33" insertCount="2041" extractCount="2018" duration="127491"/>
			<Sample nodeCount="34" insertCount="2097" extractCount="2085" duration="132972"/>
			<Sample nodeCount="35" insertCount="2160" extractCount="2145" duration="176569"/>
			<Sample nodeCount="36" insertCount="2221" extractCount="2207" duration="143367"/>
			<Sample nodeCount="37" insertCount="2285" extractCount="2266" duration="147525"/>
			<Sample nodeCount="38" insertCount="2346" extractCount="2328" duration="152586"/>
			<Sample nodeCount="39" insertCount="2408" extractCount="2389" duration="158214"/>
			<Sample nodeCount="40" insertCount="2471" extractCount="2449" duration="165123"/>
			<Sample nodeCount="41" insertCount="2531" extractCount="2512" duration="170730"/>
			<Sample nodeCount="42" insertCount="2593" extractCount="2573" duration="215230"/>
			<Sample nodeCount="43" insertCount="2656" extractCount="2633" duration="183477"/>
			<Sample nodeCount="44" insertCount="2717" extractCount="2695" duration="186648"/>
			<Sample nodeCount="45" insertCount="2776" extractCount="2759" duration="191415"/>
			<Sample nodeCount="46" insertCount="2840" extractCount="2818" duration="197505"/>
			<Sample nodeCount="47" insertCount="2902" extractCount="2879" duration="203301"/>
			<Sample nodeCount="48" insertCount="2966" extractCount="2938" duration="210882"/>
			<Sample nodeCount="49" insertCount="3026" extractCount="3001" duration="217329"/>
			<Sample nodeCount="50" insertCount="3084" extractCount="3066" duration="220563"/>
			<Sample nodeCount="51" insertCount="3151" extractCount="3122" duration="227640"/>
			<Sample nodeCount="52" insertCount="3209" extractCount="3187" duration="235011"/>
			<Sample nodeCount="53" insertCount="3273" extractCount="3246" duration="240240"/>
			<Sample nodeCount="54" insertCount="3337" extractCount="3305" duration="247737"/>
			<Sample nodeCount="55" insertCount="3400" extractCount="3365" duration="255087"/>
			<Sample nodeCount="56" insertCount="3458" extractCount="3430" duration="260610"/>
			<Sample nodeCount="57" insertCount="3521" extractCount="3490" duration="265734"/>
			<Sample nodeCount="58" insertCount="3580" extractCount="3554" duration="312145"/>
			<Sample nodeCount="59" insertCount="3647" extractCount="3610" duration="281526"/>
			<Sample nodeCount="60" insertCount="3706" extractCount="3674" duration="324430"/>
			<Sample nodeCount="61" insertCount="3766" extractCount="3737" duration="294189"/>
			<Sample nodeCount="62" insertCount="3828" extractCount="3798" duration="341335"/>
			<Sample nodeCount="63" insertCount="3888" extractCount="3861" duration="309204"/>
			<Sample nodeCount="64" insertCount="3952" extractCount="3920" duration="312396"/>
			<Sample nodeCount="65" insertCount="4014" extractCount="3981" duration="361096"/>
			<Sample nodeCount="66" insertCount="4077" extractCount="4041" duration="328482"/>
			<Sample nodeCount="67" insertCount="4136" extractCount="4105" duration="377476"/>
			<Sample nodeCount="68" insertCount="4200" extractCount="4164" duration="347340"/>
			<Sample nodeCount="69" insertCount="4263" extractCount="4224" duration="352779"/>
			<Sample nodeCount="70" insertCount="4325" extractCount="4285" duration="400702"/>
			<Sample nodeCount="71" insertCount="4381" extractCount="4352" duration="365253"/>
			<Sample nodeCount="72" insertCount="4448" extractCount="4408" duration="377685"/>
			<Sample nodeCount="73" insertCount="4507" extractCount="4472" duration="421807"/>
			<Sample nodeCount="74" insertCount="4571" extractCount="4531" duration="389991"/>
			<Sample nodeCount="75" insertCount="4631" extractCount="4594" duration="396102"/>
			<Sample nodeCount="76" insertCount="4693" extractCount="4655" duration="447490"/>
			<Sample nodeCount="77" insertCount="4755" extractCount="4716" duration="414057"/>
			<Sample nodeCount="78" insertCount="4817" extractCount="4777" duration="412902"/>
			<Sample nodeCount="79" insertCount="4877" extractCount="4840" duration="468658"/>
			<Sample nodeCount="80" insertCount="4942" extractCount="4898" duration="478969"/>
			<Sample nodeCount="81" insertCount="5002" extractCount="4961" duration="449484"/>
			<Sample nodeCount="82" insertCount="5063" extractCount="5023" duration="495391"/>
			<Sample nodeCount="83" insertCount="5124" extractCount="5085" duration="507214"/>
			<Sample nodeCount="84" insertCount="5187" extractCount="5145" duration="477120"/>
			<Sample nodeCount="85" insertCount="5250" extractCount="5205" duration="480249"/>
			<Sample nodeCount="86" insertCount="5314" extractCount="5264" duration="493248"/>
			<Sample nodeCount="87" insertCount="5374" extractCount="5327" duration="538630"/>
			<Sample nodeCount="88" insertCount="5432" extractCount="5392" duration="548962"/>
			<Sample nodeCount="89" insertCount="5490" extractCount="5457" duration="518805"/>
			<Sample nodeCount="90" insertCount="5559" extractCount="5511" duration="527058"/>
			<Sample nodeCount="91" insertCount="5621" extractCount="5572" duration="576367"/>
			<Sample nodeCount="92" insertCount="5680" extractCount="5636" duration="583675"/>
			<Sample nodeCount="93" insertCount="5740" extractCount="5699" duration="593524"/>
			<Sample nodeCount="94" insertCount="5803" extractCount="5759" duration="601672"/>
			<Sample nodeCount="95" insertCount="5862" extractCount="5823" duration="572187"/>
			<Sample nodeCount="96" insertCount="5929" extractCount="5879" duration="585900"/>
			<Sample nodeCount="97" insertCount="5993" extractCount="5938" duration="588588"/>
			<Sample nodeCount="98" insertCount="6055" extractCount="5999" duration="632647"/>
			<Sample nodeCount="99" insertCount="6113" extractCount="6064" duration="647284"/>
			<Sample nodeCount="100" insertCount="6172" extractCount="6128" duration="656902"/>
			<Sample nodeCount="101" insertCount="6238" extractCount="6185" duration="669418"/>
			<Sample nodeCount="102" insertCount="6299" extractCount="6247" duration="671497"/>
			<Sample nodeCount="103" insertCount="6363" extractCount="6306" duration="684874"/>
			<Sample nodeCount="104" insertCount="6426" extractCount="6366" duration="701002"/>
			<Sample nodeCount="105" insertCount="6481" extractCount="6434" duration="707701"/>
			<Sample nodeCount="106" insertCount="6544" extractCount="6494" duration="716206"/>
			<Sample nodeCount="107" insertCount="6607" extractCount="6554" duration="717277"/>
			<Sample nodeCount="108" insertCount="6669" extractCount="6615" duration="737206"/>
			<Sample nodeCount="109" insertCount="6732" extractCount="6675" duration="746257"/>
			<Sample nodeCount="110" insertCount="6794" extractCount="6736" duration="722106"/>
			<Sample nodeCount="111" insertCount="6852" extractCount="6801" duration="728616"/>
			<Sample nodeCount="112" insertCount="6918" extractCount="6858" duration="784456"/>
			<Sample nodeCount="113" insertCount="6981" extractCount="6918" duration="787459"/>
			<Sample nodeCount="114" insertCount="7041" extractCount="6981" duration="804658"/>
			<Sample nodeCount="115" insertCount="7103" extractCount="7042" duration="807472"/>
			<Sample nodeCount="116" insertCount="7164" extractCount="7104" duration="818245"/>
			<Sample nodeCount="117" insertCount="7225" extractCount="7166" duration="836851"/>
			<Sample nodeCount="118" insertCount="7291" extractCount="7223" duration="838867"/>
			<Sample nodeCount="119" insertCount="7350" extractCount="7287" duration="861127"/>
			<Sample nodeCount="120" insertCount="7410" extractCount="7350" duration="864865"/>
			<Sample nodeCount="121" insertCount="7471" extractCount="7412" duration="885361"/>
			<Sample nodeCount="122" insertCount="7537" extractCount="7469" duration="887608"/>
			<Sample nodeCount="123" insertCount="7593" extractCount="7536" duration="893383"/>
			<Sample nodeCount="124" insertCount="7658" extractCount="7594" duration="907411"/>
			<Sample nodeCount="125" insertCount="7718" extractCount="7657" duration="920620"/>
			<Sample nodeCount="126" insertCount="7781" extractCount="7717" duration="927718"/>
			<Sample nodeCount="127" insertCount="7840" extractCount="7781" duration="947479"/>
		</SmallSetRandomOps>
		<LargeSetRandomOps>
		</LargeSetRandomOps>
		<SmallSetLinear>
			<Sample nodeCount="1" insertCount="10000" extractCount="10000" duration="179466"/>
			<Sample nodeCount="2" insertCount="10000" extractCount="10000" duration="356476"/>
			<Sample nodeCount="3" insertCount="10000" extractCount="10000" duration="547072"/>
			<Sample nodeCount="4" insertCount="10000" extractCount="10000" duration="737668"/>
			<Sample nodeCount="5" insertCount="10000" extractCount="10000" duration="985972"/>
			<Sample nodeCount="6" insertCount="10000" extractCount="10000" duration="1301162"/>
			<Sample nodeCount="7" insertCount="10000" extractCount="10000" duration="1590395"/>
			<Sample nodeCount="8" insertCount="10000" extractCount="10000" duration="1929671"/>
			<Sample nodeCount="9" insertCount="10000" extractCount="10000" duration="2312249"/>
			<Sample nodeCount="10" insertCount="10000" extractCount="10000" duration="2668368"/>
			<Sample nodeCount="11" insertCount="10000" extractCount="10000" duration="3116824"/>
			<Sample nodeCount="12" insertCount="10000" extractCount="10000" duration="3619228"/>
			<Sample nodeCount="13" insertCount="10000" extractCount="10000" duration="4081249"/>
			<Sample nodeCount="14" insertCount="10000" extractCount="10000" duration="4572124"/>
			<Sample nodeCount="15" insertCount="10000" extractCount="10000" duration="5159180"/>
			<Sample nodeCount="16" insertCount="10000" extractCount="10000" duration="5638526"/>
			<Sample nodeCount="17" insertCount="10000" extractCount="10000" duration="6202524"/>
			<Sample nodeCount="18" insertCount="10000" extractCount="10000" duration="6751149"/>
			<Sample nodeCount="19" insertCount="10000" extractCount="10000" duration="7361326"/>
			<Sample nodeCount="20" insertCount="10000" extractCount="10000" duration="8017724"/>
			<Sample nodeCount="21" insertCount="10000" extractCount="10000" duration="8651022"/>
			<Sample nodeCount="22" insertCount="10000" extractCount="10000" duration="9330541"/>
			<Sample nodeCount="23" insertCount="10000" extractCount="10000" duration="10009093"/>
			<Sample nodeCount="24" insertCount="10000" extractCount="10000" duration="10743422"/>
			<Sample nodeCount="25" insertCount="10000" extractCount="10000" duration="11492199"/>
			<Sample nodeCount="26" insertCount="10000" extractCount="10000" duration="12264097"/>
			<Sample nodeCount="27" insertCount="10000" extractCount="10000" duration="13020664"/>
			<Sample nodeCount="28" insertCount="10000" extractCount="10000" duration="13815641"/>
			<Sample nodeCount="29" insertCount="10000" extractCount="10000" duration="14663916"/>
			<Sample nodeCount="30" insertCount="10000" extractCount="10000" duration="15532624"/>
			<Sample nodeCount="31" insertCount="10000" extractCount="10000" duration="16381549"/>
			<Sample nodeCount="32" insertCount="10000" extractCount="10000" duration="17280581"/>
			<Sample nodeCount="33" insertCount="10000" extractCount="10000" duration="18275689"/>
			<Sample nodeCount="34" insertCount="10000" extractCount="10000" duration="19193998"/>
			<Sample nodeCount="35" insertCount="10000" extractCount="10000" duration="20173691"/>
			<Sample nodeCount="36" insertCount="10000" extractCount="10000" duration="21176736"/>
			<Sample nodeCount="37" insertCount="10000" extractCount="10000" duration="22202545"/>
			<Sample nodeCount="38" insertCount="10000" extractCount="10000" duration="23251622"/>
			<Sample nodeCount="39" insertCount="10000" extractCount="10000" duration="24362293"/>
			<Sample nodeCount="40" insertCount="10000" extractCount="10000" duration="25434512"/>
			<Sample nodeCount="41" insertCount="10000" extractCount="10000" duration="26552952"/>
			<Sample nodeCount="42" insertCount="10000" extractCount="10000" duration="27694387"/>
			<Sample nodeCount="43" insertCount="10000" extractCount="10000" duration="28859027"/>
			<Sample nodeCount="44" insertCount="10000" extractCount="10000" duration="30067914"/>
			<Sample nodeCount="45" insertCount="10000" extractCount="10000" duration="31269262"/>
			<Sample nodeCount="46" insertCount="10000" extractCount="10000" duration="32527604"/>
			<Sample nodeCount="47" insertCount="10000" extractCount="10000" duration="33816607"/>
			<Sample nodeCount="48" insertCount="10000" extractCount="10000" duration="35090090"/>
			<Sample nodeCount="49" insertCount="10000" extractCount="10000" duration="36393183"/>
			<Sample nodeCount="50" insertCount="10000" extractCount="10000" duration="37746488"/>
			<Sample nodeCount="51" insertCount="10000" extractCount="10000" duration="39134254"/>
			<Sample nodeCount="52" insertCount="10000" extractCount="10000" duration="40518449"/>
			<Sample nodeCount="53" insertCount="10000" extractCount="10000" duration="41902308"/>
			<Sample nodeCount="54" insertCount="10000" extractCount="10000" duration="43320985"/>
			<Sample nodeCount="55" insertCount="10000" extractCount="10000" duration="44801319"/>
			<Sample nodeCount="56" insertCount="10000" extractCount="10000" duration="46254688"/>
			<Sample nodeCount="57" insertCount="10000" extractCount="10000" duration="47804175"/>
			<Sample nodeCount="58" insertCount="10000" extractCount="10000" duration="49353872"/>
			<Sample nodeCount="59" insertCount="10000" extractCount="10000" duration="50887965"/>
			<Sample nodeCount="60" insertCount="10000" extractCount="10000" duration="52445242"/>
			<Sample nodeCount="61" insertCount="10000" extractCount="10000" duration="54052647"/>
			<Sample nodeCount="62" insertCount="10000" extractCount="10000" duration="55648711"/>
			<Sample nodeCount="63" insertCount="10000" extractCount="10000" duration="57309498"/>
			<Sample nodeCount="64" insertCount="10000" extractCount="10000" duration="58997669"/>
			<Sample nodeCount="65" insertCount="10000" extractCount="10000" duration="60708919"/>
			<Sample nodeCount="66" insertCount="10000" extractCount="10000" duration="62404880"/>
			<Sample nodeCount="67" insertCount="10000" extractCount="10000" duration="64162393"/>
			<Sample nodeCount="68" insertCount="10000" extractCount="10000" duration="65942943"/>
			<Sample nodeCount="69" insertCount="10000" extractCount="10000" duration="67746509"/>
			<Sample nodeCount="70" insertCount="10000" extractCount="10000" duration="69573301"/>
			<Sample nodeCount="71" insertCount="10000" extractCount="10000" duration="71407715"/>
			<Sample nodeCount="72" insertCount="10000" extractCount="10000" duration="73280854"/>
			<Sample nodeCount="73" insertCount="10000" extractCount="10000" duration="75192109"/>
			<Sample nodeCount="74" insertCount="10000" extractCount="10000" duration="77073080"/>
			<Sample nodeCount="75" insertCount="10000" extractCount="10000" duration="79015099"/>
			<Sample nodeCount="76" insertCount="10000" extractCount="10000" duration="80980386"/>
			<Sample nodeCount="77" insertCount="10000" extractCount="10000" duration="82969739"/>
			<Sample nodeCount="78" insertCount="10000" extractCount="10000" duration="84980428"/>
			<Sample nodeCount="79" insertCount="10000" extractCount="10000" duration="87015981"/>
			<Sample nodeCount="80" insertCount="10000" extractCount="10000" duration="89073752"/>
			<Sample nodeCount="81" insertCount="10000" extractCount="10000" duration="91177681"/>
			<Sample nodeCount="82" insertCount="10000" extractCount="10000" duration="93320251"/>
			<Sample nodeCount="83" insertCount="10000" extractCount="10000" duration="95447070"/>
			<Sample nodeCount="84" insertCount="10000" extractCount="10000" duration="97597430"/>
			<Sample nodeCount="85" insertCount="10000" extractCount="10000" duration="99732207"/>
			<Sample nodeCount="86" insertCount="10000" extractCount="10000" duration="101966988"/>
			<Sample nodeCount="87" insertCount="10000" extractCount="10000" duration="104163653"/>
			<Sample nodeCount="88" insertCount="10000" extractCount="10000" duration="106444550"/>
			<Sample nodeCount="89" insertCount="10000" extractCount="10000" duration="108671937"/>
			<Sample nodeCount="90" insertCount="10000" extractCount="10000" duration="110999013"/>
			<Sample nodeCount="91" insertCount="10000" extractCount="10000" duration="113310884"/>
			<Sample nodeCount="92" insertCount="10000" extractCount="10000" duration="115645918"/>
			<Sample nodeCount="93" insertCount="10000" extractCount="10000" duration="118042504"/>
			<Sample nodeCount="94" insertCount="10000" extractCount="10000" duration="120423339"/>
			<Sample nodeCount="95" insertCount="10000" extractCount="10000" duration="122889141"/>
			<Sample nodeCount="96" insertCount="10000" extractCount="10000" duration="125355132"/>
			<Sample nodeCount="97" insertCount="10000" extractCount="10000" duration="127805624"/>
			<Sample nodeCount="98" insertCount="10000" extractCount="10000" duration="130278985"/>
			<Sample nodeCount="99" insertCount="10000" extractCount="10000" duration="132791176"/>
			<Sample nodeCount="100" insertCount="10000" extractCount="10000" duration="135349357"/>
			<Sample nodeCount="101" insertCount="10000" extractCount="10000" duration="137854112"/>
			<Sample nodeCount="102" insertCount="10000" extractCount="10000" duration="140496987"/>
			<Sample nodeCount="103" insertCount="10000" extractCount="10000" duration="143124531"/>
			<Sample nodeCount="104" insertCount="10000" extractCount="10000" duration="145736744"/>
			<Sample nodeCount="105" insertCount="10000" extractCount="10000" duration="148371784"/>
			<Sample nodeCount="106" insertCount="10000" extractCount="10000" duration="151068523"/>
			<Sample nodeCount="107" insertCount="10000" extractCount="10000" duration="153811441"/>
			<Sample nodeCount="108" insertCount="10000" extractCount="10000" duration="156554548"/>
			<Sample nodeCount="109" insertCount="10000" extractCount="10000" duration="159282639"/>
			<Sample nodeCount="110" insertCount="10000" extractCount="10000" duration="162071988"/>
			<Sample nodeCount="111" insertCount="10000" extractCount="10000" duration="164861232"/>
			<Sample nodeCount="112" insertCount="10000" extractCount="10000" duration="167696571"/>
			<Sample nodeCount="113" insertCount="10000" extractCount="10000" duration="170516684"/>
			<Sample nodeCount="114" insertCount="10000" extractCount="10000" duration="173434932"/>
			<Sample nodeCount="115" insertCount="10000" extractCount="10000" duration="176341167"/>
			<Sample nodeCount="116" insertCount="10000" extractCount="10000" duration="179269452"/>
			<Sample nodeCount="117" insertCount="10000" extractCount="10000" duration="182220396"/>
			<Sample nodeCount="118" insertCount="10000" extractCount="10000" duration="185194083"/>
			<Sample nodeCount="119" insertCount="10000" extractCount="10000" duration="188214600"/>
			<Sample nodeCount="120" insertCount="10000" extractCount="10000" duration="191234865"/>
			<Sample nodeCount="121" insertCount="10000" extractCount="10000" duration="194278209"/>
			<Sample nodeCount="122" insertCount="10000" extractCount="10000" duration="197344758"/>
			<Sample nodeCount="123" insertCount="10000" extractCount="10000" duration="200410677"/>
			<Sample nodeCount="124" insertCount="10000" extractCount="10000" duration="203483147"/>
			<Sample nodeCount="125" insertCount="10000" extractCount="10000" duration="206659716"/>
			<Sample nodeCount="126" insertCount="10000" extractCount="10000" duration="209817825"/>
			<Sample nodeCount="127" insertCount="10000" extractCount="10000" duration="213000504"/>
		</SmallSetLinear>
		<LargeSetLinear>
		</LargeSetLinear>
	</RBTest>
</RBTestCollection>
