<RBTestCollection platform="Linux" compiler="GCC 11.3.0" timeUnit="ns">
	<RBTest implementation="LLRB" nodeSize="32">
		<SmallSetRandomOps>
			<Sample nodeCount="1" insertCount="62" extractCount="61" duration="5000"/>
			<Sample nodeCount="2" insertCount="123" extractCount="123" duration="8000"/>
			<Sample nodeCount="3" insertCount="186" extractCount="183" duration="13000"/>
			<Sample nodeCount="4" insertCount="247" extractCount="245" duration="20000"/>
			<Sample nodeCount="5" insertCount="309" extractCount="306" duration="31000"/>
			<Sample nodeCount="6" insertCount="370" extractCount="368" duration="39000"/>
			<Sample nodeCount="7" insertCount="433" extractCount="428" duration="51000"/>
			<Sample nodeCount="8" insertCount="493" extractCount="491" duration="63000"/>
			<Sample nodeCount="9" insertCount="557" extractCount="550" duration="76000"/>
			<Sample nodeCount="10" insertCount="619" extractCount="611" duration="84000"/>
			<Sample nodeCount="11" insertCount="680" extractCount="673" duration="97000"/>
			<Sample nodeCount="12" insertCount="740" extractCount="736" duration="114000"/>
			<Sample nodeCount="13" insertCount="803" extractCount="796" duration="127000"/>
			<Sample nodeCount="14" insertCount="864" extractCount="858" duration="142000"/>
			<Sample nodeCount="15" insertCount="927" extractCount="918" duration="153000"/>
			<Sample nodeCount="16" insertCount="988" extractCount="980" duration="168000"/>
			<Sample nodeCount="17" insertCount="1050" extractCount="1041" duration="188000"/>
			<Sample nodeCount="18" insertCount="1113" extractCount="1101" duration="201000"/>
			<Sample nodeCount="19" insertCount="1172" extractCount="1165" duration="238000"/>
			<Sample nodeCount="20" insertCount="1237" extractCount="1223" duration="240000"/>
			<Sample nodeCount="21" insertCount="1296" extractCount="1287" duration="245000"/>
			<Sample nodeCount="22" insertCount="1359" extractCount="1347" duration="266000"/>
			<Sample nodeCount="23" insertCount="1419" extractCount="1410" duration="279000"/>
			<Sample nodeCount="24" insertCount="1484" extractCount="1468" duration="297000"/>
			<Sample nodeCount="25" insertCount="1544" extractCount="1531" duration="315000"/>
			<Sample nodeCount="26" insertCount="1604" extractCount="1594" duration="330000"/>
			<Sample nodeCount="27" insertCount="1668" extractCount="1653" duration="349000"/>
			<Sample nodeCount="28" insertCount="1729" extractCount="1715" duration="370000"/>
			<Sample nodeCount="29" insertCount="1790" extractCount="1777" duration="386000"/>
			<Sample nodeCount="30" insertCount="1851" extractCount="1839" duration="408000"/>
			<Sample nodeCount="31" insertCount="1914" extractCount="1899" duration="434000"/>
			<Sample nodeCount="32" insertCount="1977" extractCount="1959" duration="439000"/>
			<Sample nodeCount="33" insertCount="2041" extractCount="2018" duration="458000"/>
			<Sample nodeCount="34" insertCount="2097" extractCount="2085" duration="478000"/>
			<Sample nodeCount="35" insertCount="2160" extractCount="2145" duration="500000"/>
			<Sample nodeCount="36" insertCount="2221" extractCount="2207" duration="511000"/>
			<Sample nodeCount="37" insertCount="2285" extractCount="2266" duration="532000"/>
			<Sample nodeCount="38" insertCount="2346" extractCount="2328" duration="556000"/>
			<Sample nodeCount="39" insertCount="2408" extractCount="2389" duration="572000"/>
			<Sample nodeCount="40" insertCount="2471" extractCount="2449" duration="592000"/>
			<Sample nodeCount="41" insertCount="2531" extractCount="2512" duration="607000"/>
			<Sample nodeCount="42" insertCount="2593" extractCount="2573" duration="624000"/>
			<Sample nodeCount="43" insertCount="2656" extractCount="2633" duration="659000"/>
			<Sample nodeCount="44" insertCount="2717" extractCount="2695" duration="669000"/>
			<Sample nodeCount="45" insertCount="2776" extractCount="2759" duration="693000"/>
			<Sample nodeCount="46" insertCount="2840" extractCount="2818" duration="740000"/>
			<Sample nodeCount="47" insertCount="2902" extractCount="2879" duration="735000"/>
			<Sample nodeCount="48" insertCount="2966" extractCount="2938" duration="753000"/>
			<Sample nodeCount="49" insertCount="3026" extractCount="3001" duration="788000"/>
			<Sample nodeCount="50" insertCount="3084" extractCount="3066" duration="793000"/>
			<Sample nodeCount="51" insertCount="3151" extractCount="3122" duration="827000"/>
			<Sample nodeCount="52" insertCount="3209" extractCount="3187" duration="848000"/>
			<Sample nodeCount="53" insertCount="3273" extractCount="3246" duration="862000"/>
			<Sample nodeCount="54" insertCount="3337" extractCount="3305" duration="887000"/>
			<Sample nodeCount="55" insertCount="3400" extractCount="3365" duration="917000"/>
			<Sample nodeCount="56" insertCount="3458" extractCount="3430" duration="934000"/>
			<Sample nodeCount="57" insertCount="3521" extractCount="3490" duration="947000"/>
			<Sample nodeCount="58" insertCount="3580" extractCount="3554" duration="972000"/>
			<Sample nodeCount="59" insertCount="3647" extractCount="3610" duration="1008000"/>
			<Sample nodeCount="60" insertCount="3706" extractCount="3674" duration="1015000"/>
			<Sample nodeCount="61" insertCount="3766" extractCount="3737" duration="1034000"/>
			<Sample nodeCount="62" insertCount="3828" extractCount="3798" duration="1056000"/>
			<Sample nodeCount="63" insertCount="3888" extractCount="3861" duration="1079000"/>
			<Sample nodeCount="64" insertCount="3952" extractCount="3920" duration="1095000"/>
			<Sample nodeCount="65" insertCount="4014" extractCount="3981" duration="1122000"/>
			<Sample nodeCount="66" insertCount="4077" extractCount="4041" duration="1141000"/>
			<Sample nodeCount="67" insertCount="4136" extractCount="4105" duration="1170000"/>
			<Sample nodeCount="68" insertCount="4200" extractCount="4164" duration="1190000"/>
			<Sample nodeCount="69" insertCount="4263" extractCount="4224" duration="1210000"/>
			<Sample nodeCount="70" insertCount="4325" extractCount="4285" duration="1246000"/>
			<Sample nodeCount="71" insertCount="4381" extractCount="4352" duration="1253000"/>
			<Sample nodeCount="72" insertCount="4448" extractCount="4408" duration="1286000"/>
			<Sample nodeCount="73" insertCount="4507" extractCount="4472" duration="1302000"/>
			<Sample nodeCount="74" insertCount="4571" extractCount="4531" duration="1305000"/>
			<Sample nodeCount="75" insertCount="4631" extractCount="4594" duration="1342000"/>
			<Sample nodeCount="76" insertCount="4693" extractCount="4655" duration="1365000"/>
			<Sample nodeCount="77" insertCount="4755" extractCount="4716" duration="1381000"/>
			<Sample nodeCount="78" insertCount="4817" extractCount="4777" duration="1391000"/>
			<Sample nodeCount="79" insertCount="4877" extractCount="4840" duration="1423000"/>
			<Sample nodeCount="80" insertCount="4942" extractCount="4898" duration="1446000"/>
			<Sample nodeCount="81" insertCount="5002" extractCount="4961" duration="1468000"/>
			<Sample nodeCount="82" insertCount="5063" extractCount="5023" duration="1490000"/>
			<Sample nodeCount="83" insertCount="5124" extractCount="5085" duration="1520000"/>
			<Sample nodeCount="84" insertCount="5187" extractCount="5145" duration="1542000"/>
			<Sample nodeCount="85" insertCount="5250" extractCount="5205" duration="1555000"/>
			<Sample nodeCount="86" insertCount="5314" extractCount="5264" duration="1575000"/>
			<Sample nodeCount="87" insertCount="5374" extractCount="5327" duration="1600000"/>
			<Sample nodeCount="88" insertCount="5432" extractCount="5392" duration="1609000"/>
			<Sample nodeCount="89" insertCount="5490" extractCount="5457" duration="1639000"/>
			<Sample nodeCount="90" insertCount="5559" extractCount="5511" duration="1649000"/>
			<Sample nodeCount="91" insertCount="5621" extractCount="5572" duration="1673000"/>
			<Sample nodeCount="92" insertCount="5680" extractCount="5636" duration="1719000"/>
			<Sample nodeCount="93" insertCount="5740" extractCount="5699" duration="1721000"/>
			<Sample nodeCount="94" insertCount="5803" extractCount="5759" duration="1751000"/>
			<Sample nodeCount="95" insertCount="5862" extractCount="5823" duration="1769000"/>
			<Sample nodeCount="96" insertCount="5929" extractCount="5879" duration="1805000"/>
			<Sample nodeCount="97" insertCount="5993" extractCount="5938" duration="1814000"/>
			<Sample nodeCount="98" insertCount="6055" extractCount="5999" duration="1825000"/>
			<Sample nodeCount="99" insertCount="6113" extractCount="6064" duration="1872000"/>
			<Sample nodeCount="100" insertCount="6172" extractCount="6128" duration="1883000"/>
			<Sample nodeCount="101" insertCount="6238" extractCount="6185" duration="1913000"/>
			<Sample nodeCount="102" insertCount="6299" extractCount="6247" duration="1923000"/>
			<Sample nodeCount="103" insertCount="6363" extractCount="6306" duration="1970000"/>
			<Sample nodeCount="104" insertCount="6426" extractCount="6366" duration="1981000"/>
			<Sample nodeCount="105" insertCount="6481" extractCount="6434" duration="2020000"/>
			<Sample nodeCount="106" insertCount="6544" extractCount="6494" duration="2034000"/>
			<Sample nodeCount="107" insertCount="6607" extractCount="6554" duration="2056000"/>
			<Sample nodeCount="108" insertCount="6669" extractCount="6615" duration="2080000"/>
			<Sample nodeCount="109" insertCount="6732" extractCount="6675" duration="2120000"/>
			<Sample nodeCount="110" insertCount="6794" extractCount="6736" duration="2146000"/>
			<Sample nodeCount="111" insertCount="6852" extractCount="6801" duration="2174000"/>
			<Sample nodeCount="112" insertCount="6918" extractCount="6858" duration="2201000"/>
			<Sample nodeCount="113" insertCount="6981" extractCount="6918" duration="2216000"/>
			<Sample nodeCount="114" insertCount="7041" extractCount="6981" duration="2252000"/>
			<Sample nodeCount="115" insertCount="7103" extractCount="7042" duration="2257000"/>
			<Sample nodeCount="116" insertCount="7164" extractCount="7104" duration="2303000"/>
			<Sample nodeCount="117" insertCount="7225" extractCount="7166" duration="2324000"/>
			<Sample nodeCount="118" insertCount="7291" extractCount="7223" duration="2350000"/>
			<Sample nodeCount="119" insertCount="7350" extractCount="7287" duration="2390000"/>
			<Sample nodeCount="120" insertCount="7410" extractCount="7350" duration="2384000"/>
			<Sample nodeCount="121" insertCount="7471" extractCount="7412" duration="2433000"/>
			<Sample nodeCount="122" insertCount="7537" extractCount="7469" duration="2445000"/>
			<Sample nodeCount="123" insertCount="7593" extractCount="7536" duration="2464000"/>
			<Sample nodeCount="124" insertCount="7658" extractCount="7594" duration="2498000"/>
			<Sample nodeCount="125" insertCount="7718" extractCount="7657" duration="2526000"/>
			<Sample nodeCount="126" insertCount="7781" extractCount="7717" duration="2543000"/>
			<Sample nodeCount="127" insertCount="7840" extractCount="7781" duration="2571000"/>
		</SmallSetRandomOps>
		<LargeSetRandomOps>
		</LargeSetRandomOps>
		<SmallSetLinear>
			<Sample nodeCount="1" insertCount="10000" extractCount="10000" duration="119000"/>
			<Sample nodeCount="2" insertCount="10000" extractCount="10000" duration="411000"/>
			<Sample nodeCount="3" insertCount="10000" extractCount="10000" duration="846000"/>
			<Sample nodeCount="4" insertCount="10000" extractCount="10000" duration="1345000"/>
			<Sample nodeCount="5" insertCount="10000" extractCount="10000" duration="2109000"/>
			<Sample nodeCount="6" insertCount="10000" extractCount="10000" duration="2742000"/>
			<Sample nodeCount="7" insertCount="10000" extractCount="10000" duration="3694000"/>
			<Sample nodeCount="8" insertCount="10000" extractCount="10000" duration="4248000"/>
			<Sample nodeCount="9" insertCount="10000" extractCount="10000" duration="5744000"/>
			<Sample nodeCount="10" insertCount="10000" extractCount="10000" duration="6680000"/>
			<Sample nodeCount="11" insertCount="10000" extractCount="10000" duration="8514000"/>
			<Sample nodeCount="12" insertCount="10000" extractCount="10000" duration="9456000"/>
			<Sample nodeCount="13" insertCount="10000" extractCount="10000" duration="10957000"/>
			<Sample nodeCount="14" insertCount="10000" extractCount="10000" duration="11966000"/>
			<Sample nodeCount="15" insertCount="10000" extractCount="10000" duration="14761000"/>
			<Sample nodeCount="16" insertCount="10000" extractCount="10000" duration="16265000"/>
			<Sample nodeCount="17" insertCount="10000" extractCount="10000" duration="16922000"/>
			<Sample nodeCount="18" insertCount="10000" extractCount="10000" duration="17752000"/>
			<Sample nodeCount="19" insertCount="10000" extractCount="10000" duration="21308000"/>
			<Sample nodeCount="20" insertCount="10000" extractCount="10000" duration="21878000"/>
			<Sample nodeCount="21" insertCount="10000" extractCount="10000" duration="23939000"/>
			<Sample nodeCount="22" insertCount="10000" extractCount="10000" duration="25230000"/>
			<Sample nodeCount="23" insertCount="10000" extractCount="10000" duration="29413000"/>
			<Sample nodeCount="24" insertCount="10000" extractCount="10000" duration="30648000"/>
			<Sample nodeCount="25" insertCount="10000" extractCount="10000" duration="31436000"/>
			<Sample nodeCount="26" insertCount="10000" extractCount="10000" duration="32106000"/>
			<Sample nodeCount="27" insertCount="10000" extractCount="10000" duration="36106000"/>
			<Sample nodeCount="28" insertCount="10000" extractCount="10000" duration="36691000"/>
			<Sample nodeCount="29" insertCount="10000" extractCount="10000" duration="39352000"/>
			<Sample nodeCount="30" insertCount="10000" extractCount="10000" duration="40925000"/>
			<Sample nodeCount="31" insertCount="10000" extractCount="10000" duration="45233000"/>
			<Sample nodeCount="32" insertCount="10000" extractCount="10000" duration="46798000"/>
			<Sample nodeCount="33" insertCount="10000" extractCount="10000" duration="48587000"/>
			<Sample nodeCount="34" insertCount="10000" extractCount="10000" duration="50099000"/>
			<Sample nodeCount="35" insertCount="10000" extractCount="10000" duration="53999000"/>
			<Sample nodeCount="36" insertCount="10000" extractCount="10000" duration="53850000"/>
			<Sample nodeCount="37" insertCount="10000" extractCount="10000" duration="55772000"/>
			<Sample nodeCount="38" insertCount="10000" extractCount="10000" duration="56612000"/>
			<Sample nodeCount="39" insertCount="10000" extractCount="10000" duration="62975000"/>
			<Sample nodeCount="40" insertCount="10000" extractCount="10000" duration="63980000"/>
			<Sample nodeCount="41" insertCount="10000" extractCount="10000" duration="66145000"/>
			<Sample nodeCount="42" insertCount="10000" extractCount="10000" duration="67345000"/>
			<Sample nodeCount="43" insertCount="10000" extractCount="10000" duration="69914000"/>
			<Sample nodeCount="44" insertCount="10000" extractCount="10000" duration="71104000"/>
			<Sample nodeCount="45" insertCount="10000" extractCount="10000" duration="72533000"/>
			<Sample nodeCount="46" insertCount="10000" extractCount="10000" duration="74268000"/>
			<Sample nodeCount="47" insertCount="10000" extractCount="10000" duration="83210000"/>
			<Sample nodeCount="48" insertCount="10000" extractCount="10000" duration="83505000"/>
			<Sample nodeCount="49" insertCount="10000" extractCount="10000" duration="85564000"/>
			<Sample nodeCount="50" insertCount="10000" extractCount="10000" duration="86429000"/>
			<Sample nodeCount="51" insertCount="10000" extractCount="10000" duration="86667000"/>
			<Sample nodeCount="52" insertCount="10000" extractCount="10000" duration="87922000"/>
			<Sample nodeCount="53" insertCount="10000" extractCount="10000" duration="90307000"/>
			<Sample nodeCount="54" insertCount="10000" extractCount="10000" duration="91344000"/>
			<Sample nodeCount="55" insertCount="10000" extractCount="10000" duration="97372000"/>
			<Sample nodeCount="56" insertCount="10000" extractCount="10000" duration="98425000"/>
			<Sample nodeCount="57" insertCount="10000" extractCount="10000" duration="100999000"/>
			<Sample nodeCount="58" insertCount="10000" extractCount="10000" duration="102163000"/>
			<Sample nodeCount="59" insertCount="10000" extractCount="10000" duration="104128000"/>
			<Sample nodeCount="60" insertCount="10000" extractCount="10000" duration="105818000"/>
			<Sample nodeCount="61" insertCount="10000" extractCount="10000" duration="107879000"/>
			<Sample nodeCount="62" insertCount="10000" extractCount="10000" duration="109050000"/>
			<Sample nodeCount="63" insertCount="10000" extractCount="10000" duration="120200000"/>
			<Sample nodeCount="64" insertCount="10000" extractCount="10000" duration="123216000"/>
			<Sample nodeCount="65" insertCount="10000" extractCount="10000" duration="121857000"/>
			<Sample nodeCount="66" insertCount="10000" extractCount="10000" duration="122819000"/>
			<Sample nodeCount="67" insertCount="10000" extractCount="10000" duration="125351000"/>
			<Sample nodeCount="68" insertCount="10000" extractCount="10000" duration="127225000"/>
			<Sample nodeCount="69" insertCount="10000" extractCount="10000" duration="127300000"/>
			<Sample nodeCount="70" insertCount="10000" extractCount="10000" duration="130509000"/>
			<Sample nodeCount="71" insertCount="10000" extractCount="10000" duration="135994000"/>
			<Sample nodeCount="72" insertCount="10000" extractCount="10000" duration="138242000"/>
			<Sample nodeCount="73" insertCount="10000" extractCount="10000" duration="138126000"/>
			<Sample nodeCount="74" insertCount="10000" extractCount="10000" duration="141289000"/>
			<Sample nodeCount="75" insertCount="10000" extractCount="10000" duration="142692000"/>
			<Sample nodeCount="76" insertCount="10000" extractCount="10000" duration="144821000"/>
			<Sample nodeCount="77" insertCount="10000" extractCount="10000" duration="145140000"/>
			<Sample nodeCount="78" insertCount="10000" extractCount="10000" duration="147011000"/>
			<Sample nodeCount="79" insertCount="10000" extractCount="10000" duration="156363000"/>
			<Sample nodeCount="80" insertCount="10000" extractCount="10000" duration="157978000"/>
			<Sample nodeCount="81" insertCount="10000" extractCount="10000" duration="159377000"/>
			<Sample nodeCount="82" insertCount="10000" extractCount="10000" duration="160964000"/>
			<Sample nodeCount="83" insertCount="10000" extractCount="10000" duration="163431000"/>
			<Sample nodeCount="84" insertCount="10000" extractCount="10000" duration="165623000"/>
			<Sample nodeCount="85" insertCount="10000" extractCount="10000" duration="166362000"/>
			<Sample nodeCount="86" insertCount="10000" extractCount="10000" duration="167682000"/>
			<Sample nodeCount="87" insertCount="10000" extractCount="10000" duration="173909000"/>
			<Sample nodeCount="88" insertCount="10000" extractCount="10000" duration="176665000"/>
			<Sample nodeCount="89" insertCount="10000" extractCount="10000" duration="176729000"/>
			<Sample nodeCount="90" insertCount="10000" extractCount="10000" duration="177686000"/>
			<Sample nodeCount="91" insertCount="10000" extractCount="10000" duration="180630000"/>
			<Sample nodeCount="92" insertCount="10000" extractCount="10000" duration="182624000"/>
			<Sample nodeCount="93" insertCount="10000" extractCount="10000" duration="183640000"/>
			<Sample nodeCount="94" insertCount="10000" extractCount="10000" duration="184953000"/>
			<Sample nodeCount="95" insertCount="10000" extractCount="10000" duration="199242000"/>
			<Sample nodeCount="96" insertCount="10000" extractCount="10000" duration="199774000"/>
			<Sample nodeCount="97" insertCount="10000" extractCount="10000" duration="201479000"/>
			<Sample nodeCount="98" insertCount="10000" extractCount="10000" duration="202358000"/>
			<Sample nodeCount="99" insertCount="10000" extractCount="10000" duration="205138000"/>
			<Sample nodeCount="100" insertCount="10000" extractCount="10000" duration="208285000"/>
			<Sample nodeCount="101" insertCount="10000" extractCount="10000" duration="208415000"/>
			<Sample nodeCount="102" insertCount="10000" extractCount="10000" duration="213576000"/>
			<Sample nodeCount="103" insertCount="10000" extractCount="10000" duration="215728000"/>
			<Sample nodeCount="104" insertCount="10000" extractCount="10000" duration="219033000"/>
			<Sample nodeCount="105" insertCount="10000" extractCount="10000" duration="218937000"/>
			<Sample nodeCount="106" insertCount="10000" extractCount="10000" duration="221025000"/>
			<Sample nodeCount="107" insertCount="10000" extractCount="10000" duration="222846000"/>
			<Sample nodeCount="108" insertCount="10000" extractCount="10000" duration="226950000"/>
			<Sample nodeCount="109" insertCount="10000" extractCount="10000" duration="226075000"/>
			<Sample nodeCount="110" insertCount="10000" extractCount="10000" duration="227757000"/>
			<Sample nodeCount="111" insertCount="10000" extractCount="10000" duration="242285000"/>
			<Sample nodeCount="112" insertCount="10000" extractCount="10000" duration="243858000"/>
			<Sample nodeCount="113" insertCount="10000" extractCount="10000" duration="243165000"/>
			<Sample nodeCount="114" insertCount="10000" extractCount="10000" duration="245741000"/>
			<Sample nodeCount="115" insertCount="10000" extractCount="10000" duration="248009000"/>
			<Sample nodeCount="116" insertCount="10000" extractCount="10000" duration="250260000"/>
			<Sample nodeCount="117" insertCount="10000" extractCount="10000" duration="250391000"/>
			<Sample nodeCount="118" insertCount="10000" extractCount="10000" duration="252520000"/>
			<Sample nodeCount="119" insertCount="10000" extractCount="10000" duration="260609000"/>
			<Sample nodeCount="120" insertCount="10000" extractCount="10000" duration="259597000"/>
			<Sample nodeCount="121" insertCount="10000" extractCount="10000" duration="261126000"/>
			<Sample nodeCount="122" insertCount="10000" extractCount="10000" duration="264218000"/>
			<Sample nodeCount="123" insertCount="10000" extractCount="10000" duration="264988000"/>
			<Sample nodeCount="124" insertCount="10000" extractCount="10000" duration="270321000"/>
			<Sample nodeCount="125" insertCount="10000" extractCount="10000" duration="268159000"/>
			<Sample nodeCount="126" insertCount="10000" extractCount="10000" duration="269789000"/>
			<Sample nodeCount="127" insertCount="10000" extractCount="10000" duration="289595000"/>
		</SmallSetLinear>
		<LargeSetLinear>
		</LargeSetLinear>
	</RBTest>
	<RBTest implementation="Eternally Confuzzled" nodeSize="24">
		<SmallSetRandomOps>
			<Sample nodeCount="1" insertCount="62" extractCount="61" duration="4000"/>
			<Sample nodeCount="2" insertCount="123" extractCount="123" duration="7000"/>
			<Sample nodeCount="3" insertCount="185" extractCount="184" duration="12000"/>
			<Sample nodeCount="4" insertCount="247" extractCount="245" duration="18000"/>
			<Sample nodeCount="5" insertCount="309" extractCount="306" duration="25000"/>
			<Sample nodeCount="6" insertCount="371" extractCount="367" duration="32000"/>
			<Sample nodeCount="7" insertCount="432" extractCount="429" duration="39000"/>
			<Sample nodeCount="8" insertCount="494" extractCount="490" duration="46000"/>
			<Sample nodeCount="9" insertCount="554" extractCount="553" duration="53000"/>
			<Sample nodeCount="10" insertCount="619" extractCount="611" duration="60000"/>
			<Sample nodeCount="11" insertCount="680" extractCount="673" duration="70000"/>
			<Sample nodeCount="12" insertCount="741" extractCount="735" duration="80000"/>
			<Sample nodeCount="13" insertCount="803" extractCount="796" duration="85000"/>
			<Sample nodeCount="14" insertCount="866" extractCount="856" duration="97000"/>
			<Sample nodeCount="15" insertCount="927" extractCount="918" duration="104000"/>
			<Sample nodeCount="16" insertCount="987" extractCount="981" duration="114000"/>
			<Sample nodeCount="17" insertCount="1050" extractCount="1041" duration="123000"/>
			<Sample nodeCount="18" insertCount="1113" extractCount="1101" duration="141000"/>
			<Sample nodeCount="19" insertCount="1173" extractCount="1164" duration="138000"/>
			<Sample nodeCount="20" insertCount="1235" extractCount="1225" duration="148000"/>
			<Sample nodeCount="21" insertCount="1295" extractCount="1288" duration="155000"/>
			<Sample nodeCount="22" insertCount="1359" extractCount="1347" duration="166000"/>
			<Sample nodeCount="23" insertCount="1421" extractCount="1408" duration="174000"/>
			<Sample nodeCount="24" insertCount="1482" extractCount="1470" duration="188000"/>
			<Sample nodeCount="25" insertCount="1544" extractCount="1531" duration="195000"/>
			<Sample nodeCount="26" insertCount="1606" extractCount="1592" duration="206000"/>
			<Sample nodeCount="27" insertCount="1667" extractCount="1654" duration="214000"/>
			<Sample nodeCount="28" insertCount="1730" extractCount="1714" duration="222000"/>
			<Sample nodeCount="29" insertCount="1790" extractCount="1777" duration="235000"/>
			<Sample nodeCount="30" insertCount="1853" extractCount="1837" duration="242000"/>
			<Sample nodeCount="31" insertCount="1915" extractCount="1898" duration="254000"/>
			<Sample nodeCount="32" insertCount="1976" extractCount="1960" duration="270000"/>
			<Sample nodeCount="33" insertCount="2035" extractCount="2024" duration="279000"/>
			<Sample nodeCount="34" insertCount="2099" extractCount="2083" duration="291000"/>
			<Sample nodeCount="35" insertCount="2163" extractCount="2142" duration="299000"/>
			<Sample nodeCount="36" insertCount="2221" extractCount="2207" duration="324000"/>
			<Sample nodeCount="37" insertCount="2285" extractCount="2266" duration="326000"/>
			<Sample nodeCount="38" insertCount="2348" extractCount="2326" duration="338000"/>
			<Sample nodeCount="39" insertCount="2407" extractCount="2390" duration="350000"/>
			<Sample nodeCount="40" insertCount="2469" extractCount="2451" duration="361000"/>
			<Sample nodeCount="41" insertCount="2531" extractCount="2512" duration="371000"/>
			<Sample nodeCount="42" insertCount="2594" extractCount="2572" duration="384000"/>
			<Sample nodeCount="43" insertCount="2655" extractCount="2634" duration="394000"/>
			<Sample nodeCount="44" insertCount="2717" extractCount="2695" duration="403000"/>
			<Sample nodeCount="45" insertCount="2778" extractCount="2757" duration="416000"/>
			<Sample nodeCount="46" insertCount="2842" extractCount="2816" duration="427000"/>
			<Sample nodeCount="47" insertCount="2903" extractCount="2878" duration="444000"/>
			<Sample nodeCount="48" insertCount="2963" extractCount="2941" duration="445000"/>
			<Sample nodeCount="49" insertCount="3027" extractCount="3000" duration="458000"/>
			<Sample nodeCount="50" insertCount="3085" extractCount="3065" duration="467000"/>
			<Sample nodeCount="51" insertCount="3148" extractCount="3125" duration="478000"/>
			<Sample nodeCount="52" insertCount="3210" extractCount="3186" duration="487000"/>
			<Sample nodeCount="53" insertCount="3270" extractCount="3249" duration="503000"/>
			<Sample nodeCount="54" insertCount="3333" extractCount="3309" duration="514000"/>
			<Sample nodeCount="55" insertCount="3394" extractCount="3371" duration="538000"/>
			<Sample nodeCount="56" insertCount="3457" extractCount="3431" duration="535000"/>
			<Sample nodeCount="57" insertCount="3521" extractCount="3490" duration="550000"/>
			<Sample nodeCount="58" insertCount="3583" extractCount="3551" duration="555000"/>
			<Sample nodeCount="59" insertCount="3645" extractCount="3612" duration="572000"/>
			<Sample nodeCount="60" insertCount="3706" extractCount="3674" duration="588000"/>
			<Sample nodeCount="61" insertCount="3768" extractCount="3735" duration="603000"/>
			<Sample nodeCount="62" insertCount="3827" extractCount="3799" duration="616000"/>
			<Sample nodeCount="63" insertCount="3893" extractCount="3856" duration="626000"/>
			<Sample nodeCount="64" insertCount="3953" extractCount="3919" duration="638000"/>
			<Sample nodeCount="65" insertCount="4013" extractCount="3982" duration="655000"/>
			<Sample nodeCount="66" insertCount="4076" extractCount="4042" duration="665000"/>
			<Sample nodeCount="67" insertCount="4138" extractCount="4103" duration="679000"/>
			<Sample nodeCount="68" insertCount="4195" extractCount="4169" duration="704000"/>
			<Sample nodeCount="69" insertCount="4261" extractCount="4226" duration="701000"/>
			<Sample nodeCount="70" insertCount="4321" extractCount="4289" duration="715000"/>
			<Sample nodeCount="71" insertCount="4387" extractCount="4346" duration="733000"/>
			<Sample nodeCount="72" insertCount="4451" extractCount="4405" duration="743000"/>
			<Sample nodeCount="73" insertCount="4507" extractCount="4472" duration="762000"/>
			<Sample nodeCount="74" insertCount="4569" extractCount="4533" duration="774000"/>
			<Sample nodeCount="75" insertCount="4633" extractCount="4592" duration="784000"/>
			<Sample nodeCount="76" insertCount="4693" extractCount="4655" duration="793000"/>
			<Sample nodeCount="77" insertCount="4754" extractCount="4717" duration="804000"/>
			<Sample nodeCount="78" insertCount="4814" extractCount="4780" duration="833000"/>
			<Sample nodeCount="79" insertCount="4878" extractCount="4839" duration="831000"/>
			<Sample nodeCount="80" insertCount="4940" extractCount="4900" duration="836000"/>
			<Sample nodeCount="81" insertCount="5003" extractCount="4960" duration="855000"/>
			<Sample nodeCount="82" insertCount="5065" extractCount="5021" duration="868000"/>
			<Sample nodeCount="83" insertCount="5126" extractCount="5083" duration="886000"/>
			<Sample nodeCount="84" insertCount="5190" extractCount="5142" duration="901000"/>
			<Sample nodeCount="85" insertCount="5246" extractCount="5209" duration="903000"/>
			<Sample nodeCount="86" insertCount="5311" extractCount="5267" duration="922000"/>
			<Sample nodeCount="87" insertCount="5372" extractCount="5329" duration="935000"/>
			<Sample nodeCount="88" insertCount="5432" extractCount="5392" duration="971000"/>
			<Sample nodeCount="89" insertCount="5494" extractCount="5453" duration="964000"/>
			<Sample nodeCount="90" insertCount="5561" extractCount="5509" duration="985000"/>
			<Sample nodeCount="91" insertCount="5619" extractCount="5574" duration="996000"/>
			<Sample nodeCount="92" insertCount="5682" extractCount="5634" duration="1017000"/>
			<Sample nodeCount="93" insertCount="5743" extractCount="5696" duration="1027000"/>
			<Sample nodeCount="94" insertCount="5802" extractCount="5760" duration="1037000"/>
			<Sample nodeCount="95" insertCount="5865" extractCount="5820" duration="1051000"/>
			<Sample nodeCount="96" insertCount="5931" extractCount="5877" duration="1063000"/>
			<Sample nodeCount="97" insertCount="5988" extractCount="5943" duration="1085000"/>
			<Sample nodeCount="98" insertCount="6054" extractCount="6000" duration="1096000"/>
			<Sample nodeCount="99" insertCount="6113" extractCount="6064" duration="1122000"/>
			<Sample nodeCount="100" insertCount="6177" extractCount="6123" duration="1140000"/>
			<Sample nodeCount="101" insertCount="6235" extractCount="6188" duration="1146000"/>
			<Sample nodeCount="102" insertCount="6299" extractCount="6247" duration="1165000"/>
			<Sample nodeCount="103" insertCount="6360" extractCount="6309" duration="1187000"/>
			<Sample nodeCount="104" insertCount="6426" extractCount="6366" duration="1200000"/>
			<Sample nodeCount="105" insertCount="6484" extractCount="6431" duration="1212000"/>
			<Sample nodeCount="106" insertCount="6548" extractCount="6490" duration="1225000"/>
			<Sample nodeCount="107" insertCount="6610" extractCount="6551" duration="1244000"/>
			<Sample nodeCount="108" insertCount="6668" extractCount="6616" duration="1258000"/>
			<Sample nodeCount="109" insertCount="6732" extractCount="6675" duration="1269000"/>
			<Sample nodeCount="110" insertCount="6793" extractCount="6737" duration="1280000"/>
			<Sample nodeCount="111" insertCount="6853" extractCount="6800" duration="1305000"/>
			<Sample nodeCount="112" insertCount="6916" extractCount="6860" duration="1317000"/>
			<Sample nodeCount="113" insertCount="6976" extractCount="6923" duration="1324000"/>
			<Sample nodeCount="114" insertCount="7037" extractCount="6985" duration="1341000"/>
			<Sample nodeCount="115" insertCount="7102" extractCount="7043" duration="1364000"/>
			<Sample nodeCount="116" insertCount="7162" extractCount="7106" duration="1366000"/>
			<Sample nodeCount="117" insertCount="7223" extractCount="7168" duration="1382000"/>
			<Sample nodeCount="118" insertCount="7287" extractCount="7227" duration="1395000"/>
			<Sample nodeCount="119" insertCount="7350" extractCount="7287" duration="1412000"/>
			<Sample nodeCount="120" insertCount="7407" extractCount="7353" duration="1420000"/>
			<Sample nodeCount="121" insertCount="7472" extractCount="7411" duration="1442000"/>
			<Sample nodeCount="122" insertCount="7532" extractCount="7474" duration="1445000"/>
			<Sample nodeCount="123" insertCount="7596" extractCount="7533" duration="1463000"/>
			<Sample nodeCount="124" insertCount="7659" extractCount="7593" duration="1474000"/>
			<Sample nodeCount="125" insertCount="7721" extractCount="7654" duration="1483000"/>
			<Sample nodeCount="126" insertCount="7778" extractCount="7720" duration="1500000"/>
			<Sample nodeCount="127" insertCount="7839" extractCount="7782" duration="1512000"/>
		</SmallSetRandomOps>
		<LargeSetRandomOps>
		</LargeSetRandomOps>
		<SmallSetLinear>
			<Sample nodeCount="1" insertCount="10000" extractCount="10000" duration="192000"/>
			<Sample nodeCount="2" insertCount="10000" extractCount="10000" duration="462000"/>
			<Sample nodeCount="3" insertCount="10000" extractCount="10000" duration="901000"/>
			<Sample nodeCount="4" insertCount="10000" extractCount="10000" duration="1410000"/>
			<Sample nodeCount="5" insertCount="10000" extractCount="10000" duration="1998000"/>
			<Sample nodeCount="6" insertCount="10000" extractCount="10000" duration="2626000"/>
			<Sample nodeCount="7" insertCount="10000" extractCount="10000" duration="3342000"/>
			<Sample nodeCount="8" insertCount="10000" extractCount="10000" duration="4096000"/>
			<Sample nodeCount="9" insertCount="10000" extractCount="10000" duration="4849000"/>
			<Sample nodeCount="10" insertCount="10000" extractCount="10000" duration="5923000"/>
			<Sample nodeCount="11" insertCount="10000" extractCount="10000" duration="6837000"/>
			<Sample nodeCount="12" insertCount="10000" extractCount="10000" duration="8266000"/>
			<Sample nodeCount="13" insertCount="10000" extractCount="10000" duration="8270000"/>
			<Sample nodeCount="14" insertCount="10000" extractCount="10000" duration="10395000"/>
			<Sample nodeCount="15" insertCount="10000" extractCount="10000" duration="12751000"/>
			<Sample nodeCount="16" insertCount="10000" extractCount="10000" duration="12538000"/>
			<Sample nodeCount="17" insertCount="10000" extractCount="10000" duration="12786000"/>
			<Sample nodeCount="18" insertCount="10000" extractCount="10000" duration="16199000"/>
			<Sample nodeCount="19" insertCount="10000" extractCount="10000" duration="16170000"/>
			<Sample nodeCount="20" insertCount="10000" extractCount="10000" duration="17710000"/>
			<Sample nodeCount="21" insertCount="10000" extractCount="10000" duration="17755000"/>
			<Sample nodeCount="22" insertCount="10000" extractCount="10000" duration="20188000"/>
			<Sample nodeCount="23" insertCount="10000" extractCount="10000" duration="22301000"/>
			<Sample nodeCount="24" insertCount="10000" extractCount="10000" duration="22512000"/>
			<Sample nodeCount="25" insertCount="10000" extractCount="10000" duration="25410000"/>
			<Sample nodeCount="26" insertCount="10000" extractCount="10000" duration="25778000"/>
			<Sample nodeCount="27" insertCount="10000" extractCount="10000" duration="26996000"/>
			<Sample nodeCount="28" insertCount="10000" extractCount="10000" duration="28836000"/>
			<Sample nodeCount="29" insertCount="10000" extractCount="10000" duration="30383000"/>
			<Sample nodeCount="30" insertCount="10000" extractCount="10000" duration="32599000"/>
			<Sample nodeCount="31" insertCount="10000" extractCount="10000" duration="34210000"/>
			<Sample nodeCount="32" insertCount="10000" extractCount="10000" duration="35591000"/>
			<Sample nodeCount="33" insertCount="10000" extractCount="10000" duration="37110000"/>
			<Sample nodeCount="34" insertCount="10000" extractCount="10000" duration="37722000"/>
			<Sample nodeCount="35" insertCount="10000" extractCount="10000" duration="39915000"/>
			<Sample nodeCount="36" insertCount="10000" extractCount="10000" duration="41224000"/>
			<Sample nodeCount="37" insertCount="10000" extractCount="10000" duration="42353000"/>
			<Sample nodeCount="38" insertCount="10000" extractCount="10000" duration="43910000"/>
			<Sample nodeCount="39" insertCount="10000" extractCount="10000" duration="46331000"/>
			<Sample nodeCount="40" insertCount="10000" extractCount="10000" duration="47808000"/>
			<Sample nodeCount="41" insertCount="10000" extractCount="10000" duration="48698000"/>
			<Sample nodeCount="42" insertCount="10000" extractCount="10000" duration="49993000"/>
			<Sample nodeCount="43" insertCount="10000" extractCount="10000" duration="51135000"/>
			<Sample nodeCount="44" insertCount="10000" extractCount="10000" duration="52653000"/>
			<Sample nodeCount="45" insertCount="10000" extractCount="10000" duration="54135000"/>
			<Sample nodeCount="46" insertCount="10000" extractCount="10000" duration="55240000"/>
			<Sample nodeCount="47" insertCount="10000" extractCount="10000" duration="58187000"/>
			<Sample nodeCount="48" insertCount="10000" extractCount="10000" duration="58640000"/>
			<Sample nodeCount="49" insertCount="10000" extractCount="10000" duration="59797000"/>
			<Sample nodeCount="50" insertCount="10000" extractCount="10000" duration="61513000"/>
			<Sample nodeCount="51" insertCount="10000" extractCount="10000" duration="63606000"/>
			<Sample nodeCount="52" insertCount="10000" extractCount="10000" duration="64880000"/>
			<Sample nodeCount="53" insertCount="10000" extractCount="10000" duration="65890000"/>
			<Sample nodeCount="54" insertCount="10000" extractCount="10000" duration="67740000"/>
			<Sample nodeCount="55" insertCount="10000" extractCount="10000" duration="69621000"/>
			<Sample nodeCount="56" insertCount="10000" extractCount="10000" duration="71142000"/>
			<Sample nodeCount="57" insertCount="10000" extractCount="10000" duration="72355000"/>
			<Sample nodeCount="58" insertCount="10000" extractCount="10000" duration="74075000"/>
			<Sample nodeCount="59" insertCount="10000" extractCount="10000" duration="76016000"/>
			<Sample nodeCount="60" insertCount="10000" extractCount="10000" duration="77117000"/>
			<Sample nodeCount="61" insertCount="10000" extractCount="10000" duration="79138000"/>
			<Sample nodeCount="62" insertCount="10000" extractCount="10000" duration="80576000"/>
			<Sample nodeCount="63" insertCount="10000" extractCount="10000" duration="82338000"/>
			<Sample nodeCount="64" insertCount="10000" extractCount="10000" duration="83746000"/>
			<Sample nodeCount="65" insertCount="10000" extractCount="10000" duration="85484000"/>
			<Sample nodeCount="66" insertCount="10000" extractCount="10000" duration="87248000"/>
			<Sample nodeCount="67" insertCount="10000" extractCount="10000" duration="88428000"/>
			<Sample nodeCount="68" insertCount="10000" extractCount="10000" duration="89826000"/>
			<Sample nodeCount="69" insertCount="10000" extractCount="10000" duration="91157000"/>
			<Sample nodeCount="70" insertCount="10000" extractCount="10000" duration="92990000"/>
			<Sample nodeCount="71" insertCount="10000" extractCount="10000" duration="95478000"/>
			<Sample nodeCount="72" insertCount="10000" extractCount="10000" duration="96958000"/>
			<Sample nodeCount="73" insertCount="10000" extractCount="10000" duration="98129000"/>
			<Sample nodeCount="74" insertCount="10000" extractCount="10000" duration="99745000"/>
			<Sample nodeCount="75" insertCount="10000" extractCount="10000" duration="101274000"/>
			<Sample nodeCount="76" insertCount="10000" extractCount="10000" duration="102509000"/>
			<Sample nodeCount="77" insertCount="10000" extractCount="10000" duration="104821000"/>
			<Sample nodeCount="78" insertCount="10000" extractCount="10000" duration="106748000"/>
			<Sample nodeCount="79" insertCount="10000" extractCount="10000" duration="108391000"/>
			<Sample nodeCount="80" insertCount="10000" extractCount="10000" duration="109807000"/>
			<Sample nodeCount="81" insertCount="10000" extractCount="10000" duration="111237000"/>
			<Sample nodeCount="82" insertCount="10000" extractCount="10000" duration="112642000"/>
			<Sample nodeCount="83" insertCount="10000" extractCount="10000" duration="114739000"/>
			<Sample nodeCount="84" insertCount="10000" extractCount="10000" duration="116440000"/>
			<Sample nodeCount="85" insertCount="10000" extractCount="10000" duration="117281000"/>
			<Sample nodeCount="86" insertCount="10000" extractCount="10000" duration="119356000"/>
			<Sample nodeCount="87" insertCount="10000" extractCount="10000" duration="121739000"/>
			<Sample nodeCount="88" insertCount="10000" extractCount="10000" duration="122888000"/>
			<Sample nodeCount="89" insertCount="10000" extractCount="10000" duration="125283000"/>
			<Sample nodeCount="90" insertCount="10000" extractCount="10000" duration="126272000"/>
			<Sample nodeCount="91" insertCount="10000" extractCount="10000" duration="127671000"/>
			<Sample nodeCount="92" insertCount="10000" extractCount="10000" duration="129764000"/>
			<Sample nodeCount="93" insertCount="10000" extractCount="10000" duration="131888000"/>
			<Sample nodeCount="94" insertCount="10000" extractCount="10000" duration="132736000"/>
			<Sample nodeCount="95" insertCount="10000" extractCount="10000" duration="135497000"/>
			<Sample nodeCount="96" insertCount="10000" extractCount="10000" duration="136747000"/>
			<Sample nodeCount="97" insertCount="10000" extractCount="10000" duration="138281000"/>
			<Sample nodeCount="98" insertCount="10000" extractCount="10000" duration="139795000"/>
			<Sample nodeCount="99" insertCount="10000" extractCount="10000" duration="141098000"/>
			<Sample nodeCount="100" insertCount="10000" extractCount="10000" duration="143936000"/>
			<Sample nodeCount="101" insertCount="10000" extractCount="10000" duration="144842000"/>
			<Sample nodeCount="102" insertCount="10000" extractCount="10000" duration="147390000"/>
			<Sample nodeCount="103" insertCount="10000" extractCount="10000" duration="148836000"/>
			<Sample nodeCount="104" insertCount="10000" extractCount="10000" duration="150314000"/>
			<Sample nodeCount="105" insertCount="10000" extractCount="10000" duration="152327000"/>
			<Sample nodeCount="106" insertCount="10000" extractCount="10000" duration="154430000"/>
			<Sample nodeCount="107" insertCount="10000" extractCount="10000" duration="155568000"/>
			<Sample nodeCount="108" insertCount="10000" extractCount="10000" duration="157728000"/>
			<Sample nodeCount="109" insertCount="10000" extractCount="10000" duration="158766000"/>
			<Sample nodeCount="110" insertCount="10000" extractCount="10000" duration="161500000"/>
			<Sample nodeCount="111" insertCount="10000" extractCount="10000" duration="162022000"/>
			<Sample nodeCount="112" insertCount="10000" extractCount="10000" duration="163980000"/>
			<Sample nodeCount="113" insertCount="10000" extractCount="10000" duration="165296000"/>
			<Sample nodeCount="114" insertCount="10000" extractCount="10000" duration="167468000"/>
			<Sample nodeCount="115" insertCount="10000" extractCount="10000" duration="169831000"/>
			<Sample nodeCount="116" insertCount="10000" extractCount="10000" duration="171721000"/>
			<Sample nodeCount="117" insertCount="10000" extractCount="10000" duration="173243000"/>
			<Sample nodeCount="118" insertCount="10000" extractCount="10000" duration="175504000"/>
			<Sample nodeCount="119" insertCount="10000" extractCount="10000" duration="175948000"/>
			<Sample nodeCount="120" insertCount="10000" extractCount="10000" duration="178893000"/>
			<Sample nodeCount="121" insertCount="10000" extractCount="10000" duration="179487000"/>
			<Sample nodeCount="122" insertCount="10000" extractCount="10000" duration="181342000"/>
			<Sample nodeCount="123" insertCount="10000" extractCount="10000" duration="184535000"/>
			<Sample nodeCount="124" insertCount="10000" extractCount="10000" duration="185575000"/>
			<Sample nodeCount="125" insertCount="10000" extractCount="10000" duration="187157000"/>
			<Sample nodeCount="126" insertCount="10000" extractCount="10000" duration="188832000"/>
			<Sample nodeCount="127" insertCount="10000" extractCount="10000" duration="191055000"/>
		</SmallSetLinear>
		<LargeSetLinear>
		</LargeSetLinear>
	</RBTest>
	<RBTest implementation="RB New Compact" nodeSize="16">
		<SmallSetRandomOps>
			<Sample nodeCount="1" insertCount="62" extractCount="61" duration="4000"/>
			<Sample nodeCount="2" insertCount="123" extractCount="123" duration="9000"/>
			<Sample nodeCount="3" insertCount="186" extractCount="183" duration="12000"/>
			<Sample nodeCount="4" insertCount="247" extractCount="245" duration="18000"/>
			<Sample nodeCount="5" insertCount="309" extractCount="306" duration="26000"/>
			<Sample nodeCount="6" insertCount="370" extractCount="368" duration="33000"/>
			<Sample nodeCount="7" insertCount="433" extractCount="428" duration="41000"/>
			<Sample nodeCount="8" insertCount="493" extractCount="491" duration="48000"/>
			<Sample nodeCount="9" insertCount="557" extractCount="550" duration="56000"/>
			<Sample nodeCount="10" insertCount="619" extractCount="611" duration="64000"/>
			<Sample nodeCount="11" insertCount="680" extractCount="673" duration="73000"/>
			<Sample nodeCount="12" insertCount="740" extractCount="736" duration="83000"/>
			<Sample nodeCount="13" insertCount="803" extractCount="796" duration="93000"/>
			<Sample nodeCount="14" insertCount="864" extractCount="858" duration="105000"/>
			<Sample nodeCount="15" insertCount="927" extractCount="918" duration="111000"/>
			<Sample nodeCount="16" insertCount="988" extractCount="980" duration="122000"/>
			<Sample nodeCount="17" insertCount="1050" extractCount="1041" duration="132000"/>
			<Sample nodeCount="18" insertCount="1113" extractCount="1101" duration="144000"/>
			<Sample nodeCount="19" insertCount="1172" extractCount="1165" duration="155000"/>
			<Sample nodeCount="20" insertCount="1237" extractCount="1223" duration="163000"/>
			<Sample nodeCount="21" insertCount="1296" extractCount="1287" duration="174000"/>
			<Sample nodeCount="22" insertCount="1359" extractCount="1347" duration="195000"/>
			<Sample nodeCount="23" insertCount="1419" extractCount="1410" duration="193000"/>
			<Sample nodeCount="24" insertCount="1484" extractCount="1468" duration="205000"/>
			<Sample nodeCount="25" insertCount="1544" extractCount="1531" duration="215000"/>
			<Sample nodeCount="26" insertCount="1604" extractCount="1594" duration="224000"/>
			<Sample nodeCount="27" insertCount="1668" extractCount="1653" duration="236000"/>
			<Sample nodeCount="28" insertCount="1729" extractCount="1715" duration="244000"/>
			<Sample nodeCount="29" insertCount="1790" extractCount="1777" duration="255000"/>
			<Sample nodeCount="30" insertCount="1851" extractCount="1839" duration="265000"/>
			<Sample nodeCount="31" insertCount="1914" extractCount="1899" duration="278000"/>
			<Sample nodeCount="32" insertCount="1977" extractCount="1959" duration="288000"/>
			<Sample nodeCount="33" insertCount="2041" extractCount="2018" duration="299000"/>
			<Sample nodeCount="34" insertCount="2097" extractCount="2085" duration="313000"/>
			<Sample nodeCount="35" insertCount="2160" extractCount="2145" duration="327000"/>
			<Sample nodeCount="36" insertCount="2221" extractCount="2207" duration="338000"/>
			<Sample nodeCount="37" insertCount="2285" extractCount="2266" duration="359000"/>
			<Sample nodeCount="38" insertCount="2346" extractCount="2328" duration="364000"/>
			<Sample nodeCount="39" insertCount="2408" extractCount="2389" duration="371000"/>
			<Sample nodeCount="40" insertCount="2471" extractCount="2449" duration="386000"/>
			<Sample nodeCount="41" insertCount="2531" extractCount="2512" duration="393000"/>
			<Sample nodeCount="42" insertCount="2593" extractCount="2573" duration="405000"/>
			<Sample nodeCount="43" insertCount="2656" extractCount="2633" duration="425000"/>
			<Sample nodeCount="44" insertCount="2717" extractCount="2695" duration="435000"/>
			<Sample nodeCount="45" insertCount="2776" extractCount="2759" duration="446000"/>
			<Sample nodeCount="46" insertCount="2840" extractCount="2818" duration="463000"/>
			<Sample nodeCount="47" insertCount="2902" extractCount="2879" duration="478000"/>
			<Sample nodeCount="48" insertCount="2966" extractCount="2938" duration="487000"/>
			<Sample nodeCount="49" insertCount="3026" extractCount="3001" duration="504000"/>
			<Sample nodeCount="50" insertCount="3084" extractCount="3066" duration="516000"/>
			<Sample nodeCount="51" insertCount="3151" extractCount="3122" duration="528000"/>
			<Sample nodeCount="52" insertCount="3209" extractCount="3187" duration="541000"/>
			<Sample nodeCount="53" insertCount="3273" extractCount="3246" duration="557000"/>
			<Sample nodeCount="54" insertCount="3337" extractCount="3305" duration="578000"/>
			<Sample nodeCount="55" insertCount="3400" extractCount="3365" duration="581000"/>
			<Sample nodeCount="56" insertCount="3458" extractCount="3430" duration="596000"/>
			<Sample nodeCount="57" insertCount="3521" extractCount="3490" duration="606000"/>
			<Sample nodeCount="58" insertCount="3580" extractCount="3554" duration="626000"/>
			<Sample nodeCount="59" insertCount="3647" extractCount="3610" duration="645000"/>
			<Sample nodeCount="60" insertCount="3706" extractCount="3674" duration="647000"/>
			<Sample nodeCount="61" insertCount="3766" extractCount="3737" duration="675000"/>
			<Sample nodeCount="62" insertCount="3828" extractCount="3798" duration="677000"/>
			<Sample nodeCount="63" insertCount="3888" extractCount="3861" duration="689000"/>
			<Sample nodeCount="64" insertCount="3952" extractCount="3920" duration="701000"/>
			<Sample nodeCount="65" insertCount="4014" extractCount="3981" duration="719000"/>
			<Sample nodeCount="66" insertCount="4077" extractCount="4041" duration="732000"/>
			<Sample nodeCount="67" insertCount="4136" extractCount="4105" duration="758000"/>
			<Sample nodeCount="68" insertCount="4200" extractCount="4164" duration="753000"/>
			<Sample nodeCount="69" insertCount="4263" extractCount="4224" duration="771000"/>
			<Sample nodeCount="70" insertCount="4325" extractCount="4285" duration="789000"/>
			<Sample nodeCount="71" insertCount="4381" extractCount="4352" duration="794000"/>
			<Sample nodeCount="72" insertCount="4448" extractCount="4408" duration="815000"/>
			<Sample nodeCount="73" insertCount="4507" extractCount="4472" duration="814000"/>
			<Sample nodeCount="74" insertCount="4571" extractCount="4531" duration="825000"/>
			<Sample nodeCount="75" insertCount="4631" extractCount="4594" duration="841000"/>
			<Sample nodeCount="76" insertCount="4693" extractCount="4655" duration="859000"/>
			<Sample nodeCount="77" insertCount="4755" extractCount="4716" duration="867000"/>
			<Sample nodeCount="78" insertCount="4817" extractCount="4777" duration="871000"/>
			<Sample nodeCount="79" insertCount="4877" extractCount="4840" duration="888000"/>
			<Sample nodeCount="80" insertCount="4942" extractCount="4898" duration="905000"/>
			<Sample nodeCount="81" insertCount="5002" extractCount="4961" duration="926000"/>
			<Sample nodeCount="82" insertCount="5063" extractCount="5023" duration="930000"/>
			<Sample nodeCount="83" insertCount="5124" extractCount="5085" duration="946000"/>
			<Sample nodeCount="84" insertCount="5187" extractCount="5145" duration="955000"/>
			<Sample nodeCount="85" insertCount="5250" extractCount="5205" duration="976000"/>
			<Sample nodeCount="86" insertCount="5314" extractCount="5264" duration="984000"/>
			<Sample nodeCount="87" insertCount="5374" extractCount="5327" duration="996000"/>
			<Sample nodeCount="88" insertCount="5432" extractCount="5392" duration="1011000"/>
			<Sample nodeCount="89" insertCount="5490" extractCount="5457" duration="1031000"/>
			<Sample nodeCount="90" insertCount="5559" extractCount="5511" duration="1036000"/>
			<Sample nodeCount="91" insertCount="5621" extractCount="5572" duration="1050000"/>
			<Sample nodeCount="92" insertCount="5680" extractCount="5636" duration="1073000"/>
			<Sample nodeCount="93" insertCount="5740" extractCount="5699" duration="1088000"/>
			<Sample nodeCount="94" insertCount="5803" extractCount="5759" duration="1086000"/>
			<Sample nodeCount="95" insertCount="5862" extractCount="5823" duration="1122000"/>
			<Sample nodeCount="96" insertCount="5929" extractCount="5879" duration="1121000"/>
			<Sample nodeCount="97" insertCount="5993" extractCount="5938" duration="1146000"/>
			<Sample nodeCount="98" insertCount="6055" extractCount="5999" duration="1154000"/>
			<Sample nodeCount="99" insertCount="6113" extractCount="6064" duration="1177000"/>
			<Sample nodeCount="100" insertCount="6172" extractCount="6128" duration="1196000"/>
			<Sample nodeCount="101" insertCount="6238" extractCount="6185" duration="1205000"/>
			<Sample nodeCount="102" insertCount="6299" extractCount="6247" duration="1215000"/>
			<Sample nodeCount="103" insertCount="6363" extractCount="6306" duration="1233000"/>
			<Sample nodeCount="104" insertCount="6426" extractCount="6366" duration="1246000"/>
			<Sample nodeCount="105" insertCount="6481" extractCount="6434" duration="1262000"/>
			<Sample nodeCount="106" insertCount="6544" extractCount="6494" duration="1278000"/>
			<Sample nodeCount="107" insertCount="6607" extractCount="6554" duration="1278000"/>
			<Sample nodeCount="108" insertCount="6669" extractCount="6615" duration="1302000"/>
			<Sample nodeCount="109" insertCount="6732" extractCount="6675" duration="1320000"/>
			<Sample nodeCount="110" insertCount="6794" extractCount="6736" duration="1334000"/>
			<Sample nodeCount="111" insertCount="6852" extractCount="6801" duration="1335000"/>
			<Sample nodeCount="112" insertCount="6918" extractCount="6858" duration="1369000"/>
			<Sample nodeCount="113" insertCount="6981" extractCount="6918" duration="1378000"/>
			<Sample nodeCount="114" insertCount="7041" extractCount="6981" duration="1384000"/>
			<Sample nodeCount="115" insertCount="7103" extractCount="7042" duration="1409000"/>
			<Sample nodeCount="116" insertCount="7164" extractCount="7104" duration="1420000"/>
			<Sample nodeCount="117" insertCount="7225" extractCount="7166" duration="1431000"/>
			<Sample nodeCount="118" insertCount="7291" extractCount="7223" duration="1449000"/>
			<Sample nodeCount="119" insertCount="7350" extractCount="7287" duration="1468000"/>
			<Sample nodeCount="120" insertCount="7410" extractCount="7350" duration="1478000"/>
			<Sample nodeCount="121" insertCount="7471" extractCount="7412" duration="1498000"/>
			<Sample nodeCount="122" insertCount="7537" extractCount="7469" duration="1506000"/>
			<Sample nodeCount="123" insertCount="7593" extractCount="7536" duration="1521000"/>
			<Sample nodeCount="124" insertCount="7658" extractCount="7594" duration="1523000"/>
			<Sample nodeCount="125" insertCount="7718" extractCount="7657" duration="1555000"/>
			<Sample nodeCount="126" insertCount="7781" extractCount="7717" duration="1569000"/>
			<Sample nodeCount="127" insertCount="7840" extractCount="7781" duration="1587000"/>
		</SmallSetRandomOps>
		<LargeSetRandomOps>
		</LargeSetRandomOps>
		<SmallSetLinear>
			<Sample nodeCount="1" insertCount="10000" extractCount="10000" duration="131000"/>
			<Sample nodeCount="2" insertCount="10000" extractCount="10000" duration="353000"/>
			<Sample nodeCount="3" insertCount="10000" extractCount="10000" duration="585000"/>
			<Sample nodeCount="4" insertCount="10000" extractCount="10000" duration="1087000"/>
			<Sample nodeCount="5" insertCount="10000" extractCount="10000" duration="1455000"/>
			<Sample nodeCount="6" insertCount="10000" extractCount="10000" duration="1855000"/>
			<Sample nodeCount="7" insertCount="10000" extractCount="10000" duration="2475000"/>
			<Sample nodeCount="8" insertCount="10000" extractCount="10000" duration="3178000"/>
			<Sample nodeCount="9" insertCount="10000" extractCount="10000" duration="3746000"/>
			<Sample nodeCount="10" insertCount="10000" extractCount="10000" duration="4545000"/>
			<Sample nodeCount="11" insertCount="10000" extractCount="10000" duration="5022000"/>
			<Sample nodeCount="12" insertCount="10000" extractCount="10000" duration="5970000"/>
			<Sample nodeCount="13" insertCount="10000" extractCount="10000" duration="6233000"/>
			<Sample nodeCount="14" insertCount="10000" extractCount="10000" duration="7230000"/>
			<Sample nodeCount="15" insertCount="10000" extractCount="10000" duration="8163000"/>
			<Sample nodeCount="16" insertCount="10000" extractCount="10000" duration="9058000"/>
			<Sample nodeCount="17" insertCount="10000" extractCount="10000" duration="10086000"/>
			<Sample nodeCount="18" insertCount="10000" extractCount="10000" duration="10659000"/>
			<Sample nodeCount="19" insertCount="10000" extractCount="10000" duration="11641000"/>
			<Sample nodeCount="20" insertCount="10000" extractCount="10000" duration="13242000"/>
			<Sample nodeCount="21" insertCount="10000" extractCount="10000" duration="15145000"/>
			<Sample nodeCount="22" insertCount="10000" extractCount="10000" duration="14950000"/>
			<Sample nodeCount="23" insertCount="10000" extractCount="10000" duration="16614000"/>
			<Sample nodeCount="24" insertCount="10000" extractCount="10000" duration="17153000"/>
			<Sample nodeCount="25" insertCount="10000" extractCount="10000" duration="17958000"/>
			<Sample nodeCount="26" insertCount="10000" extractCount="10000" duration="18998000"/>
			<Sample nodeCount="27" insertCount="10000" extractCount="10000" duration="20622000"/>
			<Sample nodeCount="28" insertCount="10000" extractCount="10000" duration="21457000"/>
			<Sample nodeCount="29" insertCount="10000" extractCount="10000" duration="23479000"/>
			<Sample nodeCount="30" insertCount="10000" extractCount="10000" duration="24189000"/>
			<Sample nodeCount="31" insertCount="10000" extractCount="10000" duration="24629000"/>
			<Sample nodeCount="32" insertCount="10000" extractCount="10000" duration="26050000"/>
			<Sample nodeCount="33" insertCount="10000" extractCount="10000" duration="28772000"/>
			<Sample nodeCount="34" insertCount="10000" extractCount="10000" duration="29265000"/>
			<Sample nodeCount="35" insertCount="10000" extractCount="10000" duration="30404000"/>
			<Sample nodeCount="36" insertCount="10000" extractCount="10000" duration="31715000"/>
			<Sample nodeCount="37" insertCount="10000" extractCount="10000" duration="33239000"/>
			<Sample nodeCount="38" insertCount="10000" extractCount="10000" duration="34379000"/>
			<Sample nodeCount="39" insertCount="10000" extractCount="10000" duration="35120000"/>
			<Sample nodeCount="40" insertCount="10000" extractCount="10000" duration="36063000"/>
			<Sample nodeCount="41" insertCount="10000" extractCount="10000" duration="38171000"/>
			<Sample nodeCount="42" insertCount="10000" extractCount="10000" duration="39647000"/>
			<Sample nodeCount="43" insertCount="10000" extractCount="10000" duration="40617000"/>
			<Sample nodeCount="44" insertCount="10000" extractCount="10000" duration="41510000"/>
			<Sample nodeCount="45" insertCount="10000" extractCount="10000" duration="43124000"/>
			<Sample nodeCount="46" insertCount="10000" extractCount="10000" duration="44514000"/>
			<Sample nodeCount="47" insertCount="10000" extractCount="10000" duration="45589000"/>
			<Sample nodeCount="48" insertCount="10000" extractCount="10000" duration="45944000"/>
			<Sample nodeCount="49" insertCount="10000" extractCount="10000" duration="47880000"/>
			<Sample nodeCount="50" insertCount="10000" extractCount="10000" duration="48595000"/>
			<Sample nodeCount="51" insertCount="10000" extractCount="10000" duration="51053000"/>
			<Sample nodeCount="52" insertCount="10000" extractCount="10000" duration="52018000"/>
			<Sample nodeCount="53" insertCount="10000" extractCount="10000" duration="52879000"/>
			<Sample nodeCount="54" insertCount="10000" extractCount="10000" duration="54705000"/>
			<Sample nodeCount="55" insertCount="10000" extractCount="10000" duration="55740000"/>
			<Sample nodeCount="56" insertCount="10000" extractCount="10000" duration="56613000"/>
			<Sample nodeCount="57" insertCount="10000" extractCount="10000" duration="58407000"/>
			<Sample nodeCount="58" insertCount="10000" extractCount="10000" duration="59799000"/>
			<Sample nodeCount="59" insertCount="10000" extractCount="10000" duration="61525000"/>
			<Sample nodeCount="60" insertCount="10000" extractCount="10000" duration="62276000"/>
			<Sample nodeCount="61" insertCount="10000" extractCount="10000" duration="64006000"/>
			<Sample nodeCount="62" insertCount="10000" extractCount="10000" duration="64958000"/>
			<Sample nodeCount="63" insertCount="10000" extractCount="10000" duration="65859000"/>
			<Sample nodeCount="64" insertCount="10000" extractCount="10000" duration="66024000"/>
			<Sample nodeCount="65" insertCount="10000" extractCount="10000" duration="68225000"/>
			<Sample nodeCount="66" insertCount="10000" extractCount="10000" duration="70249000"/>
			<Sample nodeCount="67" insertCount="10000" extractCount="10000" duration="72658000"/>
			<Sample nodeCount="68" insertCount="10000" extractCount="10000" duration="73942000"/>
			<Sample nodeCount="69" insertCount="10000" extractCount="10000" duration="75079000"/>
			<Sample nodeCount="70" insertCount="10000" extractCount="10000" duration="75933000"/>
			<Sample nodeCount="71" insertCount="10000" extractCount="10000" duration="76629000"/>
			<Sample nodeCount="72" insertCount="10000" extractCount="10000" duration="78002000"/>
			<Sample nodeCount="73" insertCount="10000" extractCount="10000" duration="79322000"/>
			<Sample nodeCount="74" insertCount="10000" extractCount="10000" duration="81153000"/>
			<Sample nodeCount="75" insertCount="10000" extractCount="10000" duration="82680000"/>
			<Sample nodeCount="76" insertCount="10000" extractCount="10000" duration="83929000"/>
			<Sample nodeCount="77" insertCount="10000" extractCount="10000" duration="83743000"/>
			<Sample nodeCount="78" insertCount="10000" extractCount="10000" duration="84688000"/>
			<Sample nodeCount="79" insertCount="10000" extractCount="10000" duration="85990000"/>
			<Sample nodeCount="80" insertCount="10000" extractCount="10000" duration="86675000"/>
			<Sample nodeCount="81" insertCount="10000" extractCount="10000" duration="89248000"/>
			<Sample nodeCount="82" insertCount="10000" extractCount="10000" duration="91551000"/>
			<Sample nodeCount="83" insertCount="10000" extractCount="10000" duration="93210000"/>
			<Sample nodeCount="84" insertCount="10000" extractCount="10000" duration="94164000"/>
			<Sample nodeCount="85" insertCount="10000" extractCount="10000" duration="96377000"/>
			<Sample nodeCount="86" insertCount="10000" extractCount="10000" duration="97304000"/>
			<Sample nodeCount="87" insertCount="10000" extractCount="10000" duration="97913000"/>
			<Sample nodeCount="88" insertCount="10000" extractCount="10000" duration="99350000"/>
			<Sample nodeCount="89" insertCount="10000" extractCount="10000" duration="101170000"/>
			<Sample nodeCount="90" insertCount="10000" extractCount="10000" duration="102661000"/>
			<Sample nodeCount="91" insertCount="10000" extractCount="10000" duration="104033000"/>
			<Sample nodeCount="92" insertCount="10000" extractCount="10000" duration="104439000"/>
			<Sample nodeCount="93" insertCount="10000" extractCount="10000" duration="106336000"/>
			<Sample nodeCount="94" insertCount="10000" extractCount="10000" duration="106659000"/>
			<Sample nodeCount="95" insertCount="10000" extractCount="10000" duration="107263000"/>
			<Sample nodeCount="96" insertCount="10000" extractCount="10000" duration="108089000"/>
			<Sample nodeCount="97" insertCount="10000" extractCount="10000" duration="110052000"/>
			<Sample nodeCount="98" insertCount="10000" extractCount="10000" duration="112799000"/>
			<Sample nodeCount="99" insertCount="10000" extractCount="10000" duration="114529000"/>
			<Sample nodeCount="100" insertCount="10000" extractCount="10000" duration="115678000"/>
			<Sample nodeCount="101" insertCount="10000" extractCount="10000" duration="116461000"/>
			<Sample nodeCount="102" insertCount="10000" extractCount="10000" duration="117639000"/>
			<Sample nodeCount="103" insertCount="10000" extractCount="10000" duration="117717000"/>
			<Sample nodeCount="104" insertCount="10000" extractCount="10000" duration="119560000"/>
			<Sample nodeCount="105" insertCount="10000" extractCount="10000" duration="121559000"/>
			<Sample nodeCount="106" insertCount="10000" extractCount="10000" duration="122673000"/>
			<Sample nodeCount="107" insertCount="10000" extractCount="10000" duration="123439000"/>
			<Sample nodeCount="108" insertCount="10000" extractCount="10000" duration="125154000"/>
			<Sample nodeCount="109" insertCount="10000" extractCount="10000" duration="126912000"/>
			<Sample nodeCount="110" insertCount="10000" extractCount="10000" duration="127351000"/>
			<Sample nodeCount="111" insertCount="10000" extractCount="10000" duration="128413000"/>
			<Sample nodeCount="112" insertCount="10000" extractCount="10000" duration="129183000"/>
			<Sample nodeCount="113" insertCount="10000" extractCount="10000" duration="131493000"/>
			<Sample nodeCount="114" insertCount="10000" extractCount="10000" duration="133502000"/>
			<Sample nodeCount="115" insertCount="10000" extractCount="10000" duration="135479000"/>
			<Sample nodeCount="116" insertCount="10000" extractCount="10000" duration="137393000"/>
			<Sample nodeCount="117" insertCount="10000" extractCount="10000" duration="138912000"/>
			<Sample nodeCount="118" insertCount="10000" extractCount="10000" duration="140371000"/>
			<Sample nodeCount="119" insertCount="10000" extractCount="10000" duration="140917000"/>
			<Sample nodeCount="120" insertCount="10000" extractCount="10000" duration="142082000"/>
			<Sample nodeCount="121" insertCount="10000" extractCount="10000" duration="143687000"/>
			<Sample nodeCount="122" insertCount="10000" extractCount="10000" duration="145761000"/>
			<Sample nodeCount="123" insertCount="10000" extractCount="10000" duration="145892000"/>
			<Sample nodeCount="124" insertCount="10000" extractCount="10000" duration="146975000"/>
			<Sample nodeCount="125" insertCount="10000" extractCount="10000" duration="149101000"/>
			<Sample nodeCount="126" insertCount="10000" extractCount="10000" duration="149418000"/>
			<Sample nodeCount="127" insertCount="10000" extractCount="10000" duration="149952000"/>
		</SmallSetLinear>
		<LargeSetLinear>
		</LargeSetLinear>
	</RBTest>
	<RBTest implementation="RB Compact" nodeSize="16">
		<SmallSetRandomOps>
			<Sample nodeCount="1" insertCount="62" extractCount="61" duration="5000"/>
			<Sample nodeCount="2" insertCount="123" extractCount="123" duration="7000"/>
			<Sample nodeCount="3" insertCount="186" extractCount="183" duration="13000"/>
			<Sample nodeCount="4" insertCount="247" extractCount="245" duration="19000"/>
			<Sample nodeCount="5" insertCount="309" extractCount="306" duration="26000"/>
			<Sample nodeCount="6" insertCount="370" extractCount="368" duration="31000"/>
			<Sample nodeCount="7" insertCount="433" extractCount="428" duration="39000"/>
			<Sample nodeCount="8" insertCount="493" extractCount="491" duration="48000"/>
			<Sample nodeCount="9" insertCount="557" extractCount="550" duration="54000"/>
			<Sample nodeCount="10" insertCount="619" extractCount="611" duration="62000"/>
			<Sample nodeCount="11" insertCount="680" extractCount="673" duration="69000"/>
			<Sample nodeCount="12" insertCount="740" extractCount="736" duration="79000"/>
			<Sample nodeCount="13" insertCount="803" extractCount="796" duration="87000"/>
			<Sample nodeCount="14" insertCount="864" extractCount="858" duration="95000"/>
			<Sample nodeCount="15" insertCount="927" extractCount="918" duration="101000"/>
			<Sample nodeCount="16" insertCount="988" extractCount="980" duration="110000"/>
			<Sample nodeCount="17" insertCount="1050" extractCount="1041" duration="119000"/>
			<Sample nodeCount="18" insertCount="1113" extractCount="1101" duration="127000"/>
			<Sample nodeCount="19" insertCount="1172" extractCount="1165" duration="136000"/>
			<Sample nodeCount="20" insertCount="1237" extractCount="1223" duration="143000"/>
			<Sample nodeCount="21" insertCount="1296" extractCount="1287" duration="151000"/>
			<Sample nodeCount="22" insertCount="1359" extractCount="1347" duration="162000"/>
			<Sample nodeCount="23" insertCount="1419" extractCount="1410" duration="169000"/>
			<Sample nodeCount="24" insertCount="1484" extractCount="1468" duration="178000"/>
			<Sample nodeCount="25" insertCount="1544" extractCount="1531" duration="195000"/>
			<Sample nodeCount="26" insertCount="1604" extractCount="1594" duration="193000"/>
			<Sample nodeCount="27" insertCount="1668" extractCount="1653" duration="203000"/>
			<Sample nodeCount="28" insertCount="1729" extractCount="1715" duration="214000"/>
			<Sample nodeCount="29" insertCount="1790" extractCount="1777" duration="222000"/>
			<Sample nodeCount="30" insertCount="1851" extractCount="1839" duration="232000"/>
			<Sample nodeCount="31" insertCount="1914" extractCount="1899" duration="239000"/>
			<Sample nodeCount="32" insertCount="1977" extractCount="1959" duration="250000"/>
			<Sample nodeCount="33" insertCount="2041" extractCount="2018" duration="260000"/>
			<Sample nodeCount="34" insertCount="2097" extractCount="2085" duration="266000"/>
			<Sample nodeCount="35" insertCount="2160" extractCount="2145" duration="279000"/>
			<Sample nodeCount="36" insertCount="2221" extractCount="2207" duration="285000"/>
			<Sample nodeCount="37" insertCount="2285" extractCount="2266" duration="295000"/>
			<Sample nodeCount="38" insertCount="2346" extractCount="2328" duration="304000"/>
			<Sample nodeCount="39" insertCount="2408" extractCount="2389" duration="310000"/>
			<Sample nodeCount="40" insertCount="2471" extractCount="2449" duration="324000"/>
			<Sample nodeCount="41" insertCount="2531" extractCount="2512" duration="346000"/>
			<Sample nodeCount="42" insertCount="2593" extractCount="2573" duration="341000"/>
			<Sample nodeCount="43" insertCount="2656" extractCount="2633" duration="352000"/>
			<Sample nodeCount="44" insertCount="2717" extractCount="2695" duration="361000"/>
			<Sample nodeCount="45" insertCount="2776" extractCount="2759" duration="365000"/>
			<Sample nodeCount="46" insertCount="2840" extractCount="2818" duration="377000"/>
			<Sample nodeCount="47" insertCount="2902" extractCount="2879" duration="387000"/>
			<Sample nodeCount="48" insertCount="2966" extractCount="2938" duration="393000"/>
			<Sample nodeCount="49" insertCount="3026" extractCount="3001" duration="408000"/>
			<Sample nodeCount="50" insertCount="3084" extractCount="3066" duration="414000"/>
			<Sample nodeCount="51" insertCount="3151" extractCount="3122" duration="433000"/>
			<Sample nodeCount="52" insertCount="3209" extractCount="3187" duration="434000"/>
			<Sample nodeCount="53" insertCount="3273" extractCount="3246" duration="443000"/>
			<Sample nodeCount="54" insertCount="3337" extractCount="3305" duration="454000"/>
			<Sample nodeCount="55" insertCount="3400" extractCount="3365" duration="464000"/>
			<Sample nodeCount="56" insertCount="3458" extractCount="3430" duration="473000"/>
			<Sample nodeCount="57" insertCount="3521" extractCount="3490" duration="479000"/>
			<Sample nodeCount="58" insertCount="3580" extractCount="3554" duration="492000"/>
			<Sample nodeCount="59" insertCount="3647" extractCount="3610" duration="508000"/>
			<Sample nodeCount="60" insertCount="3706" extractCount="3674" duration="521000"/>
			<Sample nodeCount="61" insertCount="3766" extractCount="3737" duration="519000"/>
			<Sample nodeCount="62" insertCount="3828" extractCount="3798" duration="530000"/>
			<Sample nodeCount="63" insertCount="3888" extractCount="3861" duration="537000"/>
			<Sample nodeCount="64" insertCount="3952" extractCount="3920" duration="551000"/>
			<Sample nodeCount="65" insertCount="4014" extractCount="3981" duration="560000"/>
			<Sample nodeCount="66" insertCount="4077" extractCount="4041" duration="566000"/>
			<Sample nodeCount="67" insertCount="4136" extractCount="4105" duration="594000"/>
			<Sample nodeCount="68" insertCount="4200" extractCount="4164" duration="588000"/>
			<Sample nodeCount="69" insertCount="4263" extractCount="4224" duration="598000"/>
			<Sample nodeCount="70" insertCount="4325" extractCount="4285" duration="610000"/>
			<Sample nodeCount="71" insertCount="4381" extractCount="4352" duration="617000"/>
			<Sample nodeCount="72" insertCount="4448" extractCount="4408" duration="632000"/>
			<Sample nodeCount="73" insertCount="4507" extractCount="4472" duration="645000"/>
			<Sample nodeCount="74" insertCount="4571" extractCount="4531" duration="648000"/>
			<Sample nodeCount="75" insertCount="4631" extractCount="4594" duration="656000"/>
			<Sample nodeCount="76" insertCount="4693" extractCount="4655" duration="670000"/>
			<Sample nodeCount="77" insertCount="4755" extractCount="4716" duration="682000"/>
			<Sample nodeCount="78" insertCount="4817" extractCount="4777" duration="686000"/>
			<Sample nodeCount="79" insertCount="4877" extractCount="4840" duration="708000"/>
			<Sample nodeCount="80" insertCount="4942" extractCount="4898" duration="714000"/>
			<Sample nodeCount="81" insertCount="5002" extractCount="4961" duration="724000"/>
			<Sample nodeCount="82" insertCount="5063" extractCount="5023" duration="730000"/>
			<Sample nodeCount="83" insertCount="5124" extractCount="5085" duration="746000"/>
			<Sample nodeCount="84" insertCount="5187" extractCount="5145" duration="753000"/>
			<Sample nodeCount="85" insertCount="5250" extractCount="5205" duration="772000"/>
			<Sample nodeCount="86" insertCount="5314" extractCount="5264" duration="775000"/>
			<Sample nodeCount="87" insertCount="5374" extractCount="5327" duration="785000"/>
			<Sample nodeCount="88" insertCount="5432" extractCount="5392" duration="795000"/>
			<Sample nodeCount="89" insertCount="5490" extractCount="5457" duration="800000"/>
			<Sample nodeCount="90" insertCount="5559" extractCount="5511" duration="820000"/>
			<Sample nodeCount="91" insertCount="5621" extractCount="5572" duration="822000"/>
			<Sample nodeCount="92" insertCount="5680" extractCount="5636" duration="836000"/>
			<Sample nodeCount="93" insertCount="5740" extractCount="5699" duration="846000"/>
			<Sample nodeCount="94" insertCount="5803" extractCount="5759" duration="857000"/>
			<Sample nodeCount="95" insertCount="5862" extractCount="5823" duration="870000"/>
			<Sample nodeCount="96" insertCount="5929" extractCount="5879" duration="871000"/>
			<Sample nodeCount="97" insertCount="5993" extractCount="5938" duration="885000"/>
			<Sample nodeCount="98" insertCount="6055" extractCount="5999" duration="896000"/>
			<Sample nodeCount="99" insertCount="6113" extractCount="6064" duration="910000"/>
			<Sample nodeCount="100" insertCount="6172" extractCount="6128" duration="916000"/>
			<Sample nodeCount="101" insertCount="6238" extractCount="6185" duration="927000"/>
			<Sample nodeCount="102" insertCount="6299" extractCount="6247" duration="931000"/>
			<Sample nodeCount="103" insertCount="6363" extractCount="6306" duration="954000"/>
			<Sample nodeCount="104" insertCount="6426" extractCount="6366" duration="955000"/>
			<Sample nodeCount="105" insertCount="6481" extractCount="6434" duration="970000"/>
			<Sample nodeCount="106" insertCount="6544" extractCount="6494" duration="981000"/>
			<Sample nodeCount="107" insertCount="6607" extractCount="6554" duration="993000"/>
			<Sample nodeCount="108" insertCount="6669" extractCount="6615" duration="1003000"/>
			<Sample nodeCount="109" insertCount="6732" extractCount="6675" duration="1008000"/>
			<Sample nodeCount="110" insertCount="6794" extractCount="6736" duration="1017000"/>
			<Sample nodeCount="111" insertCount="6852" extractCount="6801" duration="1032000"/>
			<Sample nodeCount="112" insertCount="6918" extractCount="6858" duration="1040000"/>
			<Sample nodeCount="113" insertCount="6981" extractCount="6918" duration="1053000"/>
			<Sample nodeCount="114" insertCount="7041" extractCount="6981" duration="1066000"/>
			<Sample nodeCount="115" insertCount="7103" extractCount="7042" duration="1074000"/>
			<Sample nodeCount="116" insertCount="7164" extractCount="7104" duration="1084000"/>
			<Sample nodeCount="117" insertCount="7225" extractCount="7166" duration="1092000"/>
			<Sample nodeCount="118" insertCount="7291" extractCount="7223" duration="1101000"/>
			<Sample nodeCount="119" insertCount="7350" extractCount="7287" duration="1125000"/>
			<Sample nodeCount="120" insertCount="7410" extractCount="7350" duration="1123000"/>
			<Sample nodeCount="121" insertCount="7471" extractCount="7412" duration="1139000"/>
			<Sample nodeCount="122" insertCount="7537" extractCount="7469" duration="1151000"/>
			<Sample nodeCount="123" insertCount="7593" extractCount="7536" duration="1150000"/>
			<Sample nodeCount="124" insertCount="7658" extractCount="7594" duration="1167000"/>
			<Sample nodeCount="125" insertCount="7718" extractCount="7657" duration="1186000"/>
			<Sample nodeCount="126" insertCount="7781" extractCount="7717" duration="1191000"/>
			<Sample nodeCount="127" insertCount="7840" extractCount="7781" duration="1203000"/>
		</SmallSetRandomOps>
		<LargeSetRandomOps>
		</LargeSetRandomOps>
		<SmallSetLinear>
			<Sample nodeCount="1" insertCount="10000" extractCount="10000" duration="177000"/>
			<Sample nodeCount="2" insertCount="10000" extractCount="10000" duration="422000"/>
			<Sample nodeCount="3" insertCount="10000" extractCount="10000" duration="783000"/>
			<Sample nodeCount="4" insertCount="10000" extractCount="10000" duration="1118000"/>
			<Sample nodeCount="5" insertCount="10000" extractCount="10000" duration="1534000"/>
			<Sample nodeCount="6" insertCount="10000" extractCount="10000" duration="2043000"/>
			<Sample nodeCount="7" insertCount="10000" extractCount="10000" duration="2575000"/>
			<Sample nodeCount="8" insertCount="10000" extractCount="10000" duration="2982000"/>
			<Sample nodeCount="9" insertCount="10000" extractCount="10000" duration="3529000"/>
			<Sample nodeCount="10" insertCount="10000" extractCount="10000" duration="3969000"/>
			<Sample nodeCount="11" insertCount="10000" extractCount="10000" duration="4778000"/>
			<Sample nodeCount="12" insertCount="10000" extractCount="10000" duration="5059000"/>
			<Sample nodeCount="13" insertCount="10000" extractCount="10000" duration="5701000"/>
			<Sample nodeCount="14" insertCount="10000" extractCount="10000" duration="6129000"/>
			<Sample nodeCount="15" insertCount="10000" extractCount="10000" duration="7374000"/>
			<Sample nodeCount="16" insertCount="10000" extractCount="10000" duration="7918000"/>
			<Sample nodeCount="17" insertCount="10000" extractCount="10000" duration="8777000"/>
			<Sample nodeCount="18" insertCount="10000" extractCount="10000" duration="9274000"/>
			<Sample nodeCount="19" insertCount="10000" extractCount="10000" duration="10379000"/>
			<Sample nodeCount="20" insertCount="10000" extractCount="10000" duration="10833000"/>
			<Sample nodeCount="21" insertCount="10000" extractCount="10000" duration="11375000"/>
			<Sample nodeCount="22" insertCount="10000" extractCount="10000" duration="11915000"/>
			<Sample nodeCount="23" insertCount="10000" extractCount="10000" duration="12509000"/>
			<Sample nodeCount="24" insertCount="10000" extractCount="10000" duration="12820000"/>
			<Sample nodeCount="25" insertCount="10000" extractCount="10000" duration="13969000"/>
			<Sample nodeCount="26" insertCount="10000" extractCount="10000" duration="14343000"/>
			<Sample nodeCount="27" insertCount="10000" extractCount="10000" duration="15402000"/>
			<Sample nodeCount="28" insertCount="10000" extractCount="10000" duration="16004000"/>
			<Sample nodeCount="29" insertCount="10000" extractCount="10000" duration="16728000"/>
			<Sample nodeCount="30" insertCount="10000" extractCount="10000" duration="17426000"/>
			<Sample nodeCount="31" insertCount="10000" extractCount="10000" duration="18715000"/>
			<Sample nodeCount="32" insertCount="10000" extractCount="10000" duration="19375000"/>
			<Sample nodeCount="33" insertCount="10000" extractCount="10000" duration="20116000"/>
			<Sample nodeCount="34" insertCount="10000" extractCount="10000" duration="20739000"/>
			<Sample nodeCount="35" insertCount="10000" extractCount="10000" duration="21266000"/>
			<Sample nodeCount="36" insertCount="10000" extractCount="10000" duration="21893000"/>
			<Sample nodeCount="37" insertCount="10000" extractCount="10000" duration="22922000"/>
			<Sample nodeCount="38" insertCount="10000" extractCount="10000" duration="23420000"/>
			<Sample nodeCount="39" insertCount="10000" extractCount="10000" duration="24683000"/>
			<Sample nodeCount="40" insertCount="10000" extractCount="10000" duration="25872000"/>
			<Sample nodeCount="41" insertCount="10000" extractCount="10000" duration="26661000"/>
			<Sample nodeCount="42" insertCount="10000" extractCount="10000" duration="26963000"/>
			<Sample nodeCount="43" insertCount="10000" extractCount="10000" duration="27375000"/>
			<Sample nodeCount="44" insertCount="10000" extractCount="10000" duration="28062000"/>
			<Sample nodeCount="45" insertCount="10000" extractCount="10000" duration="29048000"/>
			<Sample nodeCount="46" insertCount="10000" extractCount="10000" duration="29664000"/>
			<Sample nodeCount="47" insertCount="10000" extractCount="10000" duration="30787000"/>
			<Sample nodeCount="48" insertCount="10000" extractCount="10000" duration="31603000"/>
			<Sample nodeCount="49" insertCount="10000" extractCount="10000" duration="32600000"/>
			<Sample nodeCount="50" insertCount="10000" extractCount="10000" duration="33280000"/>
			<Sample nodeCount="51" insertCount="10000" extractCount="10000" duration="33639000"/>
			<Sample nodeCount="52" insertCount="10000" extractCount="10000" duration="34081000"/>
			<Sample nodeCount="53" insertCount="10000" extractCount="10000" duration="35128000"/>
			<Sample nodeCount="54" insertCount="10000" extractCount="10000" duration="36049000"/>
			<Sample nodeCount="55" insertCount="10000" extractCount="10000" duration="36333000"/>
			<Sample nodeCount="56" insertCount="10000" extractCount="10000" duration="36934000"/>
			<Sample nodeCount="57" insertCount="10000" extractCount="10000" duration="38204000"/>
			<Sample nodeCount="58" insertCount="10000" extractCount="10000" duration="38175000"/>
			<Sample nodeCount="59" insertCount="10000" extractCount="10000" duration="39671000"/>
			<Sample nodeCount="60" insertCount="10000" extractCount="10000" duration="40287000"/>
			<Sample nodeCount="61" insertCount="10000" extractCount="10000" duration="41243000"/>
			<Sample nodeCount="62" insertCount="10000" extractCount="10000" duration="42327000"/>
			<Sample nodeCount="63" insertCount="10000" extractCount="10000" duration="43203000"/>
			<Sample nodeCount="64" insertCount="10000" extractCount="10000" duration="43445000"/>
			<Sample nodeCount="65" insertCount="10000" extractCount="10000" duration="44298000"/>
			<Sample nodeCount="66" insertCount="10000" extractCount="10000" duration="44923000"/>
			<Sample nodeCount="67" insertCount="10000" extractCount="10000" duration="45648000"/>
			<Sample nodeCount="68" insertCount="10000" extractCount="10000" duration="45677000"/>
			<Sample nodeCount="69" insertCount="10000" extractCount="10000" duration="46546000"/>
			<Sample nodeCount="70" insertCount="10000" extractCount="10000" duration="47024000"/>
			<Sample nodeCount="71" insertCount="10000" extractCount="10000" duration="47730000"/>
			<Sample nodeCount="72" insertCount="10000" extractCount="10000" duration="48410000"/>
			<Sample nodeCount="73" insertCount="10000" extractCount="10000" duration="49163000"/>
			<Sample nodeCount="74" insertCount="10000" extractCount="10000" duration="50730000"/>
			<Sample nodeCount="75" insertCount="10000" extractCount="10000" duration="51140000"/>
			<Sample nodeCount="76" insertCount="10000" extractCount="10000" duration="51492000"/>
			<Sample nodeCount="77" insertCount="10000" extractCount="10000" duration="52097000"/>
			<Sample nodeCount="78" insertCount="10000" extractCount="10000" duration="52705000"/>
			<Sample nodeCount="79" insertCount="10000" extractCount="10000" duration="55206000"/>
			<Sample nodeCount="80" insertCount="10000" extractCount="10000" duration="55571000"/>
			<Sample nodeCount="81" insertCount="10000" extractCount="10000" duration="55843000"/>
			<Sample nodeCount="82" insertCount="10000" extractCount="10000" duration="55944000"/>
			<Sample nodeCount="83" insertCount="10000" extractCount="10000" duration="58116000"/>
			<Sample nodeCount="84" insertCount="10000" extractCount="10000" duration="58902000"/>
			<Sample nodeCount="85" insertCount="10000" extractCount="10000" duration="59644000"/>
			<Sample nodeCount="86" insertCount="10000" extractCount="10000" duration="60838000"/>
			<Sample nodeCount="87" insertCount="10000" extractCount="10000" duration="61189000"/>
			<Sample nodeCount="88" insertCount="10000" extractCount="10000" duration="61964000"/>
			<Sample nodeCount="89" insertCount="10000" extractCount="10000" duration="62505000"/>
			<Sample nodeCount="90" insertCount="10000" extractCount="10000" duration="63140000"/>
			<Sample nodeCount="91" insertCount="10000" extractCount="10000" duration="64327000"/>
			<Sample nodeCount="92" insertCount="10000" extractCount="10000" duration="65030000"/>
			<Sample nodeCount="93" insertCount="10000" extractCount="10000" duration="66182000"/>
			<Sample nodeCount="94" insertCount="10000" extractCount="10000" duration="66867000"/>
			<Sample nodeCount="95" insertCount="10000" extractCount="10000" duration="67299000"/>
			<Sample nodeCount="96" insertCount="10000" extractCount="10000" duration="68135000"/>
			<Sample nodeCount="97" insertCount="10000" extractCount="10000" duration="70684000"/>
			<Sample nodeCount="98" insertCount="10000" extractCount="10000" duration="70129000"/>
			<Sample nodeCount="99" insertCount="10000" extractCount="10000" duration="69992000"/>
			<Sample nodeCount="100" insertCount="10000" extractCount="10000" duration="71224000"/>
			<Sample nodeCount="101" insertCount="10000" extractCount="10000" duration="71931000"/>
			<Sample nodeCount="102" insertCount="10000" extractCount="10000" duration="72926000"/>
			<Sample nodeCount="103" insertCount="10000" extractCount="10000" duration="73356000"/>
			<Sample nodeCount="104" insertCount="10000" extractCount="10000" duration="74186000"/>
			<Sample nodeCount="105" insertCount="10000" extractCount="10000" duration="74999000"/>
			<Sample nodeCount="106" insertCount="10000" extractCount="10000" duration="75393000"/>
			<Sample nodeCount="107" insertCount="10000" extractCount="10000" duration="76384000"/>
			<Sample nodeCount="108" insertCount="10000" extractCount="10000" duration="76861000"/>
			<Sample nodeCount="109" insertCount="10000" extractCount="10000" duration="78667000"/>
			<Sample nodeCount="110" insertCount="10000" extractCount="10000" duration="80366000"/>
			<Sample nodeCount="111" insertCount="10000" extractCount="10000" duration="80100000"/>
			<Sample nodeCount="112" insertCount="10000" extractCount="10000" duration="80924000"/>
			<Sample nodeCount="113" insertCount="10000" extractCount="10000" duration="82245000"/>
			<Sample nodeCount="114" insertCount="10000" extractCount="10000" duration="82331000"/>
			<Sample nodeCount="115" insertCount="10000" extractCount="10000" duration="83033000"/>
			<Sample nodeCount="116" insertCount="10000" extractCount="10000" duration="84140000"/>
			<Sample nodeCount="117" insertCount="10000" extractCount="10000" duration="85184000"/>
			<Sample nodeCount="118" insertCount="10000" extractCount="10000" duration="85134000"/>
			<Sample nodeCount="119" insertCount="10000" extractCount="10000" duration="86195000"/>
			<Sample nodeCount="120" insertCount="10000" extractCount="10000" duration="87464000"/>
			<Sample nodeCount="121" insertCount="10000" extractCount="10000" duration="88097000"/>
			<Sample nodeCount="122" insertCount="10000" extractCount="10000" duration="89489000"/>
			<Sample nodeCount="123" insertCount="10000" extractCount="10000" duration="89647000"/>
			<Sample nodeCount="124" insertCount="10000" extractCount="10000" duration="90843000"/>
			<Sample nodeCount="125" insertCount="10000" extractCount="10000" duration="91723000"/>
			<Sample nodeCount="126" insertCount="10000" extractCount="10000" duration="92347000"/>
			<Sample nodeCount="127" insertCount="10000" extractCount="10000" duration="93418000"/>
		</SmallSetLinear>
		<LargeSetLinear>
		</LargeSetLinear>
	</RBTest>
	<RBTest implementation="bheap" nodeSize="24">
		<SmallSetRandomOps>
			<Sample nodeCount="1" insertCount="62" extractCount="61" duration="2000"/>
			<Sample nodeCount="2" insertCount="123" extractCount="123" duration="5000"/>
			<Sample nodeCount="3" insertCount="186" extractCount="183" duration="8000"/>
			<Sample nodeCount="4" insertCount="247" extractCount="245" duration="13000"/>
			<Sample nodeCount="5" insertCount="309" extractCount="306" duration="17000"/>
			<Sample nodeCount="6" insertCount="370" extractCount="368" duration="22000"/>
			<Sample nodeCount="7" insertCount="433" extractCount="428" duration="28000"/>
			<Sample nodeCount="8" insertCount="493" extractCount="491" duration="31000"/>
			<Sample nodeCount="9" insertCount="557" extractCount="550" duration="36000"/>
			<Sample nodeCount="10" insertCount="619" extractCount="611" duration="41000"/>
			<Sample nodeCount="11" insertCount="680" extractCount="673" duration="45000"/>
			<Sample nodeCount="12" insertCount="740" extractCount="736" duration="51000"/>
			<Sample nodeCount="13" insertCount="803" extractCount="796" duration="57000"/>
			<Sample nodeCount="14" insertCount="864" extractCount="858" duration="61000"/>
			<Sample nodeCount="15" insertCount="927" extractCount="918" duration="65000"/>
			<Sample nodeCount="16" insertCount="988" extractCount="980" duration="70000"/>
			<Sample nodeCount="17" insertCount="1050" extractCount="1041" duration="75000"/>
			<Sample nodeCount="18" insertCount="1113" extractCount="1101" duration="80000"/>
			<Sample nodeCount="19" insertCount="1172" extractCount="1165" duration="84000"/>
			<Sample nodeCount="20" insertCount="1237" extractCount="1223" duration="89000"/>
			<Sample nodeCount="21" insertCount="1296" extractCount="1287" duration="92000"/>
			<Sample nodeCount="22" insertCount="1359" extractCount="1347" duration="98000"/>
			<Sample nodeCount="23" insertCount="1419" extractCount="1410" duration="103000"/>
			<Sample nodeCount="24" insertCount="1484" extractCount="1468" duration="107000"/>
			<Sample nodeCount="25" insertCount="1544" extractCount="1531" duration="113000"/>
			<Sample nodeCount="26" insertCount="1604" extractCount="1594" duration="118000"/>
			<Sample nodeCount="27" insertCount="1668" extractCount="1653" duration="136000"/>
			<Sample nodeCount="28" insertCount="1729" extractCount="1715" duration="131000"/>
			<Sample nodeCount="29" insertCount="1790" extractCount="1777" duration="136000"/>
			<Sample nodeCount="30" insertCount="1851" extractCount="1839" duration="141000"/>
			<Sample nodeCount="31" insertCount="1914" extractCount="1899" duration="148000"/>
			<Sample nodeCount="32" insertCount="1977" extractCount="1959" duration="151000"/>
			<Sample nodeCount="33" insertCount="2041" extractCount="2018" duration="156000"/>
			<Sample nodeCount="34" insertCount="2097" extractCount="2085" duration="161000"/>
			<Sample nodeCount="35" insertCount="2160" extractCount="2145" duration="166000"/>
			<Sample nodeCount="36" insertCount="2221" extractCount="2207" duration="171000"/>
			<Sample nodeCount="37" insertCount="2285" extractCount="2266" duration="177000"/>
			<Sample nodeCount="38" insertCount="2346" extractCount="2328" duration="181000"/>
			<Sample nodeCount="39" insertCount="2408" extractCount="2389" duration="185000"/>
			<Sample nodeCount="40" insertCount="2471" extractCount="2449" duration="191000"/>
			<Sample nodeCount="41" insertCount="2531" extractCount="2512" duration="193000"/>
			<Sample nodeCount="42" insertCount="2593" extractCount="2573" duration="199000"/>
			<Sample nodeCount="43" insertCount="2656" extractCount="2633" duration="206000"/>
			<Sample nodeCount="44" insertCount="2717" extractCount="2695" duration="210000"/>
			<Sample nodeCount="45" insertCount="2776" extractCount="2759" duration="217000"/>
			<Sample nodeCount="46" insertCount="2840" extractCount="2818" duration="220000"/>
			<Sample nodeCount="47" insertCount="2902" extractCount="2879" duration="226000"/>
			<Sample nodeCount="48" insertCount="2966" extractCount="2938" duration="231000"/>
			<Sample nodeCount="49" insertCount="3026" extractCount="3001" duration="244000"/>
			<Sample nodeCount="50" insertCount="3084" extractCount="3066" duration="241000"/>
			<Sample nodeCount="51" insertCount="3151" extractCount="3122" duration="245000"/>
			<Sample nodeCount="52" insertCount="3209" extractCount="3187" duration="253000"/>
			<Sample nodeCount="53" insertCount="3273" extractCount="3246" duration="257000"/>
			<Sample nodeCount="54" insertCount="3337" extractCount="3305" duration="264000"/>
			<Sample nodeCount="55" insertCount="3400" extractCount="3365" duration="266000"/>
			<Sample nodeCount="56" insertCount="3458" extractCount="3430" duration="275000"/>
			<Sample nodeCount="57" insertCount="3521" extractCount="3490" duration="281000"/>
			<Sample nodeCount="58" insertCount="3580" extractCount="3554" duration="286000"/>
			<Sample nodeCount="59" insertCount="3647" extractCount="3610" duration="294000"/>
			<Sample nodeCount="60" insertCount="3706" extractCount="3674" duration="298000"/>
			<Sample nodeCount="61" insertCount="3766" extractCount="3737" duration="304000"/>
			<Sample nodeCount="62" insertCount="3828" extractCount="3798" duration="311000"/>
			<Sample nodeCount="63" insertCount="3888" extractCount="3861" duration="323000"/>
			<Sample nodeCount="64" insertCount="3952" extractCount="3920" duration="319000"/>
			<Sample nodeCount="65" insertCount="4014" extractCount="3981" duration="327000"/>
			<Sample nodeCount="66" insertCount="4077" extractCount="4041" duration="332000"/>
			<Sample nodeCount="67" insertCount="4136" extractCount="4105" duration="337000"/>
			<Sample nodeCount="68" insertCount="4200" extractCount="4164" duration="341000"/>
			<Sample nodeCount="69" insertCount="4263" extractCount="4224" duration="349000"/>
			<Sample nodeCount="70" insertCount="4325" extractCount="4285" duration="354000"/>
			<Sample nodeCount="71" insertCount="4381" extractCount="4352" duration="358000"/>
			<Sample nodeCount="72" insertCount="4448" extractCount="4408" duration="363000"/>
			<Sample nodeCount="73" insertCount="4507" extractCount="4472" duration="369000"/>
			<Sample nodeCount="74" insertCount="4571" extractCount="4531" duration="372000"/>
			<Sample nodeCount="75" insertCount="4631" extractCount="4594" duration="389000"/>
			<Sample nodeCount="76" insertCount="4693" extractCount="4655" duration="382000"/>
			<Sample nodeCount="77" insertCount="4755" extractCount="4716" duration="389000"/>
			<Sample nodeCount="78" insertCount="4817" extractCount="4777" duration="396000"/>
			<Sample nodeCount="79" insertCount="4877" extractCount="4840" duration="399000"/>
			<Sample nodeCount="80" insertCount="4942" extractCount="4898" duration="405000"/>
			<Sample nodeCount="81" insertCount="5002" extractCount="4961" duration="412000"/>
			<Sample nodeCount="82" insertCount="5063" extractCount="5023" duration="417000"/>
			<Sample nodeCount="83" insertCount="5124" extractCount="5085" duration="421000"/>
			<Sample nodeCount="84" insertCount="5187" extractCount="5145" duration="426000"/>
			<Sample nodeCount="85" insertCount="5250" extractCount="5205" duration="439000"/>
			<Sample nodeCount="86" insertCount="5314" extractCount="5264" duration="439000"/>
			<Sample nodeCount="87" insertCount="5374" extractCount="5327" duration="444000"/>
			<Sample nodeCount="88" insertCount="5432" extractCount="5392" duration="450000"/>
			<Sample nodeCount="89" insertCount="5490" extractCount="5457" duration="455000"/>
			<Sample nodeCount="90" insertCount="5559" extractCount="5511" duration="458000"/>
			<Sample nodeCount="91" insertCount="5621" extractCount="5572" duration="463000"/>
			<Sample nodeCount="92" insertCount="5680" extractCount="5636" duration="471000"/>
			<Sample nodeCount="93" insertCount="5740" extractCount="5699" duration="481000"/>
			<Sample nodeCount="94" insertCount="5803" extractCount="5759" duration="481000"/>
			<Sample nodeCount="95" insertCount="5862" extractCount="5823" duration="487000"/>
			<Sample nodeCount="96" insertCount="5929" extractCount="5879" duration="491000"/>
			<Sample nodeCount="97" insertCount="5993" extractCount="5938" duration="498000"/>
			<Sample nodeCount="98" insertCount="6055" extractCount="5999" duration="503000"/>
			<Sample nodeCount="99" insertCount="6113" extractCount="6064" duration="507000"/>
			<Sample nodeCount="100" insertCount="6172" extractCount="6128" duration="510000"/>
			<Sample nodeCount="101" insertCount="6238" extractCount="6185" duration="521000"/>
			<Sample nodeCount="102" insertCount="6299" extractCount="6247" duration="523000"/>
			<Sample nodeCount="103" insertCount="6363" extractCount="6306" duration="527000"/>
			<Sample nodeCount="104" insertCount="6426" extractCount="6366" duration="531000"/>
			<Sample nodeCount="105" insertCount="6481" extractCount="6434" duration="538000"/>
			<Sample nodeCount="106" insertCount="6544" extractCount="6494" duration="543000"/>
			<Sample nodeCount="107" insertCount="6607" extractCount="6554" duration="548000"/>
			<Sample nodeCount="108" insertCount="6669" extractCount="6615" duration="551000"/>
			<Sample nodeCount="109" insertCount="6732" extractCount="6675" duration="566000"/>
			<Sample nodeCount="110" insertCount="6794" extractCount="6736" duration="565000"/>
			<Sample nodeCount="111" insertCount="6852" extractCount="6801" duration="571000"/>
			<Sample nodeCount="112" insertCount="6918" extractCount="6858" duration="572000"/>
			<Sample nodeCount="113" insertCount="6981" extractCount="6918" duration="581000"/>
			<Sample nodeCount="114" insertCount="7041" extractCount="6981" duration="588000"/>
			<Sample nodeCount="115" insertCount="7103" extractCount="7042" duration="591000"/>
			<Sample nodeCount="116" insertCount="7164" extractCount="7104" duration="606000"/>
			<Sample nodeCount="117" insertCount="7225" extractCount="7166" duration="606000"/>
			<Sample nodeCount="118" insertCount="7291" extractCount="7223" duration="615000"/>
			<Sample nodeCount="119" insertCount="7350" extractCount="7287" duration="622000"/>
			<Sample nodeCount="120" insertCount="7410" extractCount="7350" duration="624000"/>
			<Sample nodeCount="121" insertCount="7471" extractCount="7412" duration="631000"/>
			<Sample nodeCount="122" insertCount="7537" extractCount="7469" duration="643000"/>
			<Sample nodeCount="123" insertCount="7593" extractCount="7536" duration="642000"/>
			<Sample nodeCount="124" insertCount="7658" extractCount="7594" duration="649000"/>
			<Sample nodeCount="125" insertCount="7718" extractCount="7657" duration="656000"/>
			<Sample nodeCount="126" insertCount="7781" extractCount="7717" duration="662000"/>
			<Sample nodeCount="127" insertCount="7840" extractCount="7781" duration="667000"/>
		</SmallSetRandomOps>
		<LargeSetRandomOps>
		</LargeSetRandomOps>
		<SmallSetLinear>
			<Sample nodeCount="1" insertCount="10000" extractCount="10000" duration="46000"/>
			<Sample nodeCount="2" insertCount="10000" extractCount="10000" duration="144000"/>
			<Sample nodeCount="3" insertCount="10000" extractCount="10000" duration="231000"/>
			<Sample nodeCount="4" insertCount="10000" extractCount="10000" duration="566000"/>
			<Sample nodeCount="5" insertCount="10000" extractCount="10000" duration="762000"/>
			<Sample nodeCount="6" insertCount="10000" extractCount="10000" duration="1068000"/>
			<Sample nodeCount="7" insertCount="10000" extractCount="10000" duration="1035000"/>
			<Sample nodeCount="8" insertCount="10000" extractCount="10000" duration="1599000"/>
			<Sample nodeCount="9" insertCount="10000" extractCount="10000" duration="1937000"/>
			<Sample nodeCount="10" insertCount="10000" extractCount="10000" duration="1978000"/>
			<Sample nodeCount="11" insertCount="10000" extractCount="10000" duration="2259000"/>
			<Sample nodeCount="12" insertCount="10000" extractCount="10000" duration="2759000"/>
			<Sample nodeCount="13" insertCount="10000" extractCount="10000" duration="3304000"/>
			<Sample nodeCount="14" insertCount="10000" extractCount="10000" duration="3668000"/>
			<Sample nodeCount="15" insertCount="10000" extractCount="10000" duration="3763000"/>
			<Sample nodeCount="16" insertCount="10000" extractCount="10000" duration="4144000"/>
			<Sample nodeCount="17" insertCount="10000" extractCount="10000" duration="4547000"/>
			<Sample nodeCount="18" insertCount="10000" extractCount="10000" duration="5157000"/>
			<Sample nodeCount="19" insertCount="10000" extractCount="10000" duration="5869000"/>
			<Sample nodeCount="20" insertCount="10000" extractCount="10000" duration="6478000"/>
			<Sample nodeCount="21" insertCount="10000" extractCount="10000" duration="6959000"/>
			<Sample nodeCount="22" insertCount="10000" extractCount="10000" duration="7212000"/>
			<Sample nodeCount="23" insertCount="10000" extractCount="10000" duration="7699000"/>
			<Sample nodeCount="24" insertCount="10000" extractCount="10000" duration="8442000"/>
			<Sample nodeCount="25" insertCount="10000" extractCount="10000" duration="8562000"/>
			<Sample nodeCount="26" insertCount="10000" extractCount="10000" duration="8787000"/>
			<Sample nodeCount="27" insertCount="10000" extractCount="10000" duration="9364000"/>
			<Sample nodeCount="28" insertCount="10000" extractCount="10000" duration="10161000"/>
			<Sample nodeCount="29" insertCount="10000" extractCount="10000" duration="10190000"/>
			<Sample nodeCount="30" insertCount="10000" extractCount="10000" duration="11026000"/>
			<Sample nodeCount="31" insertCount="10000" extractCount="10000" duration="11590000"/>
			<Sample nodeCount="32" insertCount="10000" extractCount="10000" duration="11755000"/>
			<Sample nodeCount="33" insertCount="10000" extractCount="10000" duration="13007000"/>
			<Sample nodeCount="34" insertCount="10000" extractCount="10000" duration="13698000"/>
			<Sample nodeCount="35" insertCount="10000" extractCount="10000" duration="13886000"/>
			<Sample nodeCount="36" insertCount="10000" extractCount="10000" duration="14665000"/>
			<Sample nodeCount="37" insertCount="10000" extractCount="10000" duration="15407000"/>
			<Sample nodeCount="38" insertCount="10000" extractCount="10000" duration="15799000"/>
			<Sample nodeCount="39" insertCount="10000" extractCount="10000" duration="15953000"/>
			<Sample nodeCount="40" insertCount="10000" extractCount="10000" duration="16870000"/>
			<Sample nodeCount="41" insertCount="10000" extractCount="10000" duration="17377000"/>
			<Sample nodeCount="42" insertCount="10000" extractCount="10000" duration="17969000"/>
			<Sample nodeCount="43" insertCount="10000" extractCount="10000" duration="18709000"/>
			<Sample nodeCount="44" insertCount="10000" extractCount="10000" duration="19096000"/>
			<Sample nodeCount="45" insertCount="10000" extractCount="10000" duration="19449000"/>
			<Sample nodeCount="46" insertCount="10000" extractCount="10000" duration="20004000"/>
			<Sample nodeCount="47" insertCount="10000" extractCount="10000" duration="20728000"/>
			<Sample nodeCount="48" insertCount="10000" extractCount="10000" duration="21168000"/>
			<Sample nodeCount="49" insertCount="10000" extractCount="10000" duration="22144000"/>
			<Sample nodeCount="50" insertCount="10000" extractCount="10000" duration="22901000"/>
			<Sample nodeCount="51" insertCount="10000" extractCount="10000" duration="23084000"/>
			<Sample nodeCount="52" insertCount="10000" extractCount="10000" duration="23642000"/>
			<Sample nodeCount="53" insertCount="10000" extractCount="10000" duration="24461000"/>
			<Sample nodeCount="54" insertCount="10000" extractCount="10000" duration="25689000"/>
			<Sample nodeCount="55" insertCount="10000" extractCount="10000" duration="25412000"/>
			<Sample nodeCount="56" insertCount="10000" extractCount="10000" duration="26143000"/>
			<Sample nodeCount="57" insertCount="10000" extractCount="10000" duration="26267000"/>
			<Sample nodeCount="58" insertCount="10000" extractCount="10000" duration="27069000"/>
			<Sample nodeCount="59" insertCount="10000" extractCount="10000" duration="27845000"/>
			<Sample nodeCount="60" insertCount="10000" extractCount="10000" duration="28569000"/>
			<Sample nodeCount="61" insertCount="10000" extractCount="10000" duration="28660000"/>
			<Sample nodeCount="62" insertCount="10000" extractCount="10000" duration="29331000"/>
			<Sample nodeCount="63" insertCount="10000" extractCount="10000" duration="30485000"/>
			<Sample nodeCount="64" insertCount="10000" extractCount="10000" duration="30256000"/>
			<Sample nodeCount="65" insertCount="10000" extractCount="10000" duration="31397000"/>
			<Sample nodeCount="66" insertCount="10000" extractCount="10000" duration="32200000"/>
			<Sample nodeCount="67" insertCount="10000" extractCount="10000" duration="32467000"/>
			<Sample nodeCount="68" insertCount="10000" extractCount="10000" duration="33663000"/>
			<Sample nodeCount="69" insertCount="10000" extractCount="10000" duration="34485000"/>
			<Sample nodeCount="70" insertCount="10000" extractCount="10000" duration="34705000"/>
			<Sample nodeCount="71" insertCount="10000" extractCount="10000" duration="36183000"/>
			<Sample nodeCount="72" insertCount="10000" extractCount="10000" duration="36182000"/>
			<Sample nodeCount="73" insertCount="10000" extractCount="10000" duration="36882000"/>
			<Sample nodeCount="74" insertCount="10000" extractCount="10000" duration="37029000"/>
			<Sample nodeCount="75" insertCount="10000" extractCount="10000" duration="38009000"/>
			<Sample nodeCount="76" insertCount="10000" extractCount="10000" duration="38747000"/>
			<Sample nodeCount="77" insertCount="10000" extractCount="10000" duration="39981000"/>
			<Sample nodeCount="78" insertCount="10000" extractCount="10000" duration="40287000"/>
			<Sample nodeCount="79" insertCount="10000" extractCount="10000" duration="39930000"/>
			<Sample nodeCount="80" insertCount="10000" extractCount="10000" duration="41155000"/>
			<Sample nodeCount="81" insertCount="10000" extractCount="10000" duration="41830000"/>
			<Sample nodeCount="82" insertCount="10000" extractCount="10000" duration="42241000"/>
			<Sample nodeCount="83" insertCount="10000" extractCount="10000" duration="43069000"/>
			<Sample nodeCount="84" insertCount="10000" extractCount="10000" duration="43347000"/>
			<Sample nodeCount="85" insertCount="10000" extractCount="10000" duration="44072000"/>
			<Sample nodeCount="86" insertCount="10000" extractCount="10000" duration="45154000"/>
			<Sample nodeCount="87" insertCount="10000" extractCount="10000" duration="45892000"/>
			<Sample nodeCount="88" insertCount="10000" extractCount="10000" duration="46209000"/>
			<Sample nodeCount="89" insertCount="10000" extractCount="10000" duration="47973000"/>
			<Sample nodeCount="90" insertCount="10000" extractCount="10000" duration="47205000"/>
			<Sample nodeCount="91" insertCount="10000" extractCount="10000" duration="48292000"/>
			<Sample nodeCount="92" insertCount="10000" extractCount="10000" duration="49234000"/>
			<Sample nodeCount="93" insertCount="10000" extractCount="10000" duration="50394000"/>
			<Sample nodeCount="94" insertCount="10000" extractCount="10000" duration="50567000"/>
			<Sample nodeCount="95" insertCount="10000" extractCount="10000" duration="51512000"/>
			<Sample nodeCount="96" insertCount="10000" extractCount="10000" duration="51715000"/>
			<Sample nodeCount="97" insertCount="10000" extractCount="10000" duration="53147000"/>
			<Sample nodeCount="98" insertCount="10000" extractCount="10000" duration="53992000"/>
			<Sample nodeCount="99" insertCount="10000" extractCount="10000" duration="53738000"/>
			<Sample nodeCount="100" insertCount="10000" extractCount="10000" duration="54815000"/>
			<Sample nodeCount="101" insertCount="10000" extractCount="10000" duration="55814000"/>
			<Sample nodeCount="102" insertCount="10000" extractCount="10000" duration="56362000"/>
			<Sample nodeCount="103" insertCount="10000" extractCount="10000" duration="57005000"/>
			<Sample nodeCount="104" insertCount="10000" extractCount="10000" duration="58261000"/>
			<Sample nodeCount="105" insertCount="10000" extractCount="10000" duration="58931000"/>
			<Sample nodeCount="106" insertCount="10000" extractCount="10000" duration="59713000"/>
			<Sample nodeCount="107" insertCount="10000" extractCount="10000" duration="59888000"/>
			<Sample nodeCount="108" insertCount="10000" extractCount="10000" duration="61057000"/>
			<Sample nodeCount="109" insertCount="10000" extractCount="10000" duration="60609000"/>
			<Sample nodeCount="110" insertCount="10000" extractCount="10000" duration="62515000"/>
			<Sample nodeCount="111" insertCount="10000" extractCount="10000" duration="63446000"/>
			<Sample nodeCount="112" insertCount="10000" extractCount="10000" duration="63764000"/>
			<Sample nodeCount="113" insertCount="10000" extractCount="10000" duration="64966000"/>
			<Sample nodeCount="114" insertCount="10000" extractCount="10000" duration="64522000"/>
			<Sample nodeCount="115" insertCount="10000" extractCount="10000" duration="64787000"/>
			<Sample nodeCount="116" insertCount="10000" extractCount="10000" duration="65419000"/>
			<Sample nodeCount="117" insertCount="10000" extractCount="10000" duration="66295000"/>
			<Sample nodeCount="118" insertCount="10000" extractCount="10000" duration="67473000"/>
			<Sample nodeCount="119" insertCount="10000" extractCount="10000" duration="67914000"/>
			<Sample nodeCount="120" insertCount="10000" extractCount="10000" duration="68486000"/>
			<Sample nodeCount="121" insertCount="10000" extractCount="10000" duration="69165000"/>
			<Sample nodeCount="122" insertCount="10000" extractCount="10000" duration="69950000"/>
			<Sample nodeCount="123" insertCount="10000" extractCount="10000" duration="69945000"/>
			<Sample nodeCount="124" insertCount="10000" extractCount="10000" duration="71375000"/>
			<Sample nodeCount="125" insertCount="10000" extractCount="10000" duration="71529000"/>
			<Sample nodeCount="126" insertCount="10000" extractCount="10000" duration="72551000"/>
			<Sample nodeCount="127" insertCount="10000" extractCount="10000" duration="68057000"/>
		</SmallSetLinear>
		<LargeSetLinear>
		</LargeSetLinear>
	</RBTest>
	<RBTest implementation="BSD" nodeSize="32">
		<SmallSetRandomOps>
			<Sample nodeCount="1" insertCount="62" extractCount="61" duration="3000"/>
			<Sample nodeCount="2" insertCount="123" extractCount="123" duration="6000"/>
			<Sample nodeCount="3" insertCount="186" extractCount="183" duration="10000"/>
			<Sample nodeCount="4" insertCount="247" extractCount="245" duration="16000"/>
			<Sample nodeCount="5" insertCount="309" extractCount="306" duration="22000"/>
			<Sample nodeCount="6" insertCount="370" extractCount="368" duration="28000"/>
			<Sample nodeCount="7" insertCount="433" extractCount="428" duration="36000"/>
			<Sample nodeCount="8" insertCount="493" extractCount="491" duration="41000"/>
			<Sample nodeCount="9" insertCount="557" extractCount="550" duration="48000"/>
			<Sample nodeCount="10" insertCount="619" extractCount="611" duration="54000"/>
			<Sample nodeCount="11" insertCount="680" extractCount="673" duration="60000"/>
			<Sample nodeCount="12" insertCount="740" extractCount="736" duration="67000"/>
			<Sample nodeCount="13" insertCount="803" extractCount="796" duration="75000"/>
			<Sample nodeCount="14" insertCount="864" extractCount="858" duration="79000"/>
			<Sample nodeCount="15" insertCount="927" extractCount="918" duration="86000"/>
			<Sample nodeCount="16" insertCount="988" extractCount="980" duration="94000"/>
			<Sample nodeCount="17" insertCount="1050" extractCount="1041" duration="101000"/>
			<Sample nodeCount="18" insertCount="1113" extractCount="1101" duration="106000"/>
			<Sample nodeCount="19" insertCount="1172" extractCount="1165" duration="114000"/>
			<Sample nodeCount="20" insertCount="1237" extractCount="1223" duration="121000"/>
			<Sample nodeCount="21" insertCount="1296" extractCount="1287" duration="126000"/>
			<Sample nodeCount="22" insertCount="1359" extractCount="1347" duration="133000"/>
			<Sample nodeCount="23" insertCount="1419" extractCount="1410" duration="138000"/>
			<Sample nodeCount="24" insertCount="1484" extractCount="1468" duration="147000"/>
			<Sample nodeCount="25" insertCount="1544" extractCount="1531" duration="153000"/>
			<Sample nodeCount="26" insertCount="1604" extractCount="1594" duration="159000"/>
			<Sample nodeCount="27" insertCount="1668" extractCount="1653" duration="166000"/>
			<Sample nodeCount="28" insertCount="1729" extractCount="1715" duration="176000"/>
			<Sample nodeCount="29" insertCount="1790" extractCount="1777" duration="183000"/>
			<Sample nodeCount="30" insertCount="1851" extractCount="1839" duration="186000"/>
			<Sample nodeCount="31" insertCount="1914" extractCount="1899" duration="196000"/>
			<Sample nodeCount="32" insertCount="1977" extractCount="1959" duration="203000"/>
			<Sample nodeCount="33" insertCount="2041" extractCount="2018" duration="209000"/>
			<Sample nodeCount="34" insertCount="2097" extractCount="2085" duration="217000"/>
			<Sample nodeCount="35" insertCount="2160" extractCount="2145" duration="225000"/>
			<Sample nodeCount="36" insertCount="2221" extractCount="2207" duration="249000"/>
			<Sample nodeCount="37" insertCount="2285" extractCount="2266" duration="239000"/>
			<Sample nodeCount="38" insertCount="2346" extractCount="2328" duration="245000"/>
			<Sample nodeCount="39" insertCount="2408" extractCount="2389" duration="250000"/>
			<Sample nodeCount="40" insertCount="2471" extractCount="2449" duration="261000"/>
			<Sample nodeCount="41" insertCount="2531" extractCount="2512" duration="266000"/>
			<Sample nodeCount="42" insertCount="2593" extractCount="2573" duration="273000"/>
			<Sample nodeCount="43" insertCount="2656" extractCount="2633" duration="282000"/>
			<Sample nodeCount="44" insertCount="2717" extractCount="2695" duration="287000"/>
			<Sample nodeCount="45" insertCount="2776" extractCount="2759" duration="292000"/>
			<Sample nodeCount="46" insertCount="2840" extractCount="2818" duration="299000"/>
			<Sample nodeCount="47" insertCount="2902" extractCount="2879" duration="313000"/>
			<Sample nodeCount="48" insertCount="2966" extractCount="2938" duration="316000"/>
			<Sample nodeCount="49" insertCount="3026" extractCount="3001" duration="328000"/>
			<Sample nodeCount="50" insertCount="3084" extractCount="3066" duration="342000"/>
			<Sample nodeCount="51" insertCount="3151" extractCount="3122" duration="338000"/>
			<Sample nodeCount="52" insertCount="3209" extractCount="3187" duration="348000"/>
			<Sample nodeCount="53" insertCount="3273" extractCount="3246" duration="358000"/>
			<Sample nodeCount="54" insertCount="3337" extractCount="3305" duration="364000"/>
			<Sample nodeCount="55" insertCount="3400" extractCount="3365" duration="370000"/>
			<Sample nodeCount="56" insertCount="3458" extractCount="3430" duration="378000"/>
			<Sample nodeCount="57" insertCount="3521" extractCount="3490" duration="389000"/>
			<Sample nodeCount="58" insertCount="3580" extractCount="3554" duration="391000"/>
			<Sample nodeCount="59" insertCount="3647" extractCount="3610" duration="401000"/>
			<Sample nodeCount="60" insertCount="3706" extractCount="3674" duration="410000"/>
			<Sample nodeCount="61" insertCount="3766" extractCount="3737" duration="414000"/>
			<Sample nodeCount="62" insertCount="3828" extractCount="3798" duration="418000"/>
			<Sample nodeCount="63" insertCount="3888" extractCount="3861" duration="427000"/>
			<Sample nodeCount="64" insertCount="3952" extractCount="3920" duration="436000"/>
			<Sample nodeCount="65" insertCount="4014" extractCount="3981" duration="447000"/>
			<Sample nodeCount="66" insertCount="4077" extractCount="4041" duration="452000"/>
			<Sample nodeCount="67" insertCount="4136" extractCount="4105" duration="459000"/>
			<Sample nodeCount="68" insertCount="4200" extractCount="4164" duration="466000"/>
			<Sample nodeCount="69" insertCount="4263" extractCount="4224" duration="488000"/>
			<Sample nodeCount="70" insertCount="4325" extractCount="4285" duration="480000"/>
			<Sample nodeCount="71" insertCount="4381" extractCount="4352" duration="492000"/>
			<Sample nodeCount="72" insertCount="4448" extractCount="4408" duration="496000"/>
			<Sample nodeCount="73" insertCount="4507" extractCount="4472" duration="504000"/>
			<Sample nodeCount="74" insertCount="4571" extractCount="4531" duration="508000"/>
			<Sample nodeCount="75" insertCount="4631" extractCount="4594" duration="518000"/>
			<Sample nodeCount="76" insertCount="4693" extractCount="4655" duration="525000"/>
			<Sample nodeCount="77" insertCount="4755" extractCount="4716" duration="544000"/>
			<Sample nodeCount="78" insertCount="4817" extractCount="4777" duration="545000"/>
			<Sample nodeCount="79" insertCount="4877" extractCount="4840" duration="548000"/>
			<Sample nodeCount="80" insertCount="4942" extractCount="4898" duration="559000"/>
			<Sample nodeCount="81" insertCount="5002" extractCount="4961" duration="564000"/>
			<Sample nodeCount="82" insertCount="5063" extractCount="5023" duration="572000"/>
			<Sample nodeCount="83" insertCount="5124" extractCount="5085" duration="584000"/>
			<Sample nodeCount="84" insertCount="5187" extractCount="5145" duration="604000"/>
			<Sample nodeCount="85" insertCount="5250" extractCount="5205" duration="598000"/>
			<Sample nodeCount="86" insertCount="5314" extractCount="5264" duration="609000"/>
			<Sample nodeCount="87" insertCount="5374" extractCount="5327" duration="620000"/>
			<Sample nodeCount="88" insertCount="5432" extractCount="5392" duration="621000"/>
			<Sample nodeCount="89" insertCount="5490" extractCount="5457" duration="632000"/>
			<Sample nodeCount="90" insertCount="5559" extractCount="5511" duration="632000"/>
			<Sample nodeCount="91" insertCount="5621" extractCount="5572" duration="646000"/>
			<Sample nodeCount="92" insertCount="5680" extractCount="5636" duration="651000"/>
			<Sample nodeCount="93" insertCount="5740" extractCount="5699" duration="659000"/>
			<Sample nodeCount="94" insertCount="5803" extractCount="5759" duration="660000"/>
			<Sample nodeCount="95" insertCount="5862" extractCount="5823" duration="678000"/>
			<Sample nodeCount="96" insertCount="5929" extractCount="5879" duration="680000"/>
			<Sample nodeCount="97" insertCount="5993" extractCount="5938" duration="700000"/>
			<Sample nodeCount="98" insertCount="6055" extractCount="5999" duration="699000"/>
			<Sample nodeCount="99" insertCount="6113" extractCount="6064" duration="712000"/>
			<Sample nodeCount="100" insertCount="6172" extractCount="6128" duration="712000"/>
			<Sample nodeCount="101" insertCount="6238" extractCount="6185" duration="723000"/>
			<Sample nodeCount="102" insertCount="6299" extractCount="6247" duration="736000"/>
			<Sample nodeCount="103" insertCount="6363" extractCount="6306" duration="739000"/>
			<Sample nodeCount="104" insertCount="6426" extractCount="6366" duration="747000"/>
			<Sample nodeCount="105" insertCount="6481" extractCount="6434" duration="750000"/>
			<Sample nodeCount="106" insertCount="6544" extractCount="6494" duration="759000"/>
			<Sample nodeCount="107" insertCount="6607" extractCount="6554" duration="768000"/>
			<Sample nodeCount="108" insertCount="6669" extractCount="6615" duration="776000"/>
			<Sample nodeCount="109" insertCount="6732" extractCount="6675" duration="783000"/>
			<Sample nodeCount="110" insertCount="6794" extractCount="6736" duration="788000"/>
			<Sample nodeCount="111" insertCount="6852" extractCount="6801" duration="797000"/>
			<Sample nodeCount="112" insertCount="6918" extractCount="6858" duration="804000"/>
			<Sample nodeCount="113" insertCount="6981" extractCount="6918" duration="823000"/>
			<Sample nodeCount="114" insertCount="7041" extractCount="6981" duration="825000"/>
			<Sample nodeCount="115" insertCount="7103" extractCount="7042" duration="833000"/>
			<Sample nodeCount="116" insertCount="7164" extractCount="7104" duration="842000"/>
			<Sample nodeCount="117" insertCount="7225" extractCount="7166" duration="855000"/>
			<Sample nodeCount="118" insertCount="7291" extractCount="7223" duration="852000"/>
			<Sample nodeCount="119" insertCount="7350" extractCount="7287" duration="866000"/>
			<Sample nodeCount="120" insertCount="7410" extractCount="7350" duration="872000"/>
			<Sample nodeCount="121" insertCount="7471" extractCount="7412" duration="879000"/>
			<Sample nodeCount="122" insertCount="7537" extractCount="7469" duration="885000"/>
			<Sample nodeCount="123" insertCount="7593" extractCount="7536" duration="893000"/>
			<Sample nodeCount="124" insertCount="7658" extractCount="7594" duration="899000"/>
			<Sample nodeCount="125" insertCount="7718" extractCount="7657" duration="906000"/>
			<Sample nodeCount="126" insertCount="7781" extractCount="7717" duration="918000"/>
			<Sample nodeCount="127" insertCount="7840" extractCount="7781" duration="927000"/>
		</SmallSetRandomOps>
		<LargeSetRandomOps>
		</LargeSetRandomOps>
		<SmallSetLinear>
			<Sample nodeCount="1" insertCount="10000" extractCount="10000" duration="86000"/>
			<Sample nodeCount="2" insertCount="10000" extractCount="10000" duration="235000"/>
			<Sample nodeCount="3" insertCount="10000" extractCount="10000" duration="403000"/>
			<Sample nodeCount="4" insertCount="10000" extractCount="10000" duration="692000"/>
			<Sample nodeCount="5" insertCount="10000" extractCount="10000" duration="908000"/>
			<Sample nodeCount="6" insertCount="10000" extractCount="10000" duration="1269000"/>
			<Sample nodeCount="7" insertCount="10000" extractCount="10000" duration="1410000"/>
			<Sample nodeCount="8" insertCount="10000" extractCount="10000" duration="1801000"/>
			<Sample nodeCount="9" insertCount="10000" extractCount="10000" duration="2075000"/>
			<Sample nodeCount="10" insertCount="10000" extractCount="10000" duration="2602000"/>
			<Sample nodeCount="11" insertCount="10000" extractCount="10000" duration="2907000"/>
			<Sample nodeCount="12" insertCount="10000" extractCount="10000" duration="3482000"/>
			<Sample nodeCount="13" insertCount="10000" extractCount="10000" duration="3711000"/>
			<Sample nodeCount="14" insertCount="10000" extractCount="10000" duration="4592000"/>
			<Sample nodeCount="15" insertCount="10000" extractCount="10000" duration="4749000"/>
			<Sample nodeCount="16" insertCount="10000" extractCount="10000" duration="5247000"/>
			<Sample nodeCount="17" insertCount="10000" extractCount="10000" duration="5411000"/>
			<Sample nodeCount="18" insertCount="10000" extractCount="10000" duration="6723000"/>
			<Sample nodeCount="19" insertCount="10000" extractCount="10000" duration="7151000"/>
			<Sample nodeCount="20" insertCount="10000" extractCount="10000" duration="7298000"/>
			<Sample nodeCount="21" insertCount="10000" extractCount="10000" duration="7844000"/>
			<Sample nodeCount="22" insertCount="10000" extractCount="10000" duration="8554000"/>
			<Sample nodeCount="23" insertCount="10000" extractCount="10000" duration="8442000"/>
			<Sample nodeCount="24" insertCount="10000" extractCount="10000" duration="9350000"/>
			<Sample nodeCount="25" insertCount="10000" extractCount="10000" duration="9953000"/>
			<Sample nodeCount="26" insertCount="10000" extractCount="10000" duration="10241000"/>
			<Sample nodeCount="27" insertCount="10000" extractCount="10000" duration="10740000"/>
			<Sample nodeCount="28" insertCount="10000" extractCount="10000" duration="11277000"/>
			<Sample nodeCount="29" insertCount="10000" extractCount="10000" duration="11554000"/>
			<Sample nodeCount="30" insertCount="10000" extractCount="10000" duration="12546000"/>
			<Sample nodeCount="31" insertCount="10000" extractCount="10000" duration="13292000"/>
			<Sample nodeCount="32" insertCount="10000" extractCount="10000" duration="14435000"/>
			<Sample nodeCount="33" insertCount="10000" extractCount="10000" duration="14210000"/>
			<Sample nodeCount="34" insertCount="10000" extractCount="10000" duration="15760000"/>
			<Sample nodeCount="35" insertCount="10000" extractCount="10000" duration="15887000"/>
			<Sample nodeCount="36" insertCount="10000" extractCount="10000" duration="16422000"/>
			<Sample nodeCount="37" insertCount="10000" extractCount="10000" duration="16778000"/>
			<Sample nodeCount="38" insertCount="10000" extractCount="10000" duration="17744000"/>
			<Sample nodeCount="39" insertCount="10000" extractCount="10000" duration="18566000"/>
			<Sample nodeCount="40" insertCount="10000" extractCount="10000" duration="18742000"/>
			<Sample nodeCount="41" insertCount="10000" extractCount="10000" duration="19334000"/>
			<Sample nodeCount="42" insertCount="10000" extractCount="10000" duration="20806000"/>
			<Sample nodeCount="43" insertCount="10000" extractCount="10000" duration="19961000"/>
			<Sample nodeCount="44" insertCount="10000" extractCount="10000" duration="20396000"/>
			<Sample nodeCount="45" insertCount="10000" extractCount="10000" duration="21022000"/>
			<Sample nodeCount="46" insertCount="10000" extractCount="10000" duration="21988000"/>
			<Sample nodeCount="47" insertCount="10000" extractCount="10000" duration="22368000"/>
			<Sample nodeCount="48" insertCount="10000" extractCount="10000" duration="23565000"/>
			<Sample nodeCount="49" insertCount="10000" extractCount="10000" duration="23475000"/>
			<Sample nodeCount="50" insertCount="10000" extractCount="10000" duration="24154000"/>
			<Sample nodeCount="51" insertCount="10000" extractCount="10000" duration="24544000"/>
			<Sample nodeCount="52" insertCount="10000" extractCount="10000" duration="25073000"/>
			<Sample nodeCount="53" insertCount="10000" extractCount="10000" duration="25437000"/>
			<Sample nodeCount="54" insertCount="10000" extractCount="10000" duration="26234000"/>
			<Sample nodeCount="55" insertCount="10000" extractCount="10000" duration="26864000"/>
			<Sample nodeCount="56" insertCount="10000" extractCount="10000" duration="27455000"/>
			<Sample nodeCount="57" insertCount="10000" extractCount="10000" duration="27833000"/>
			<Sample nodeCount="58" insertCount="10000" extractCount="10000" duration="28996000"/>
			<Sample nodeCount="59" insertCount="10000" extractCount="10000" duration="29131000"/>
			<Sample nodeCount="60" insertCount="10000" extractCount="10000" duration="29300000"/>
			<Sample nodeCount="61" insertCount="10000" extractCount="10000" duration="29744000"/>
			<Sample nodeCount="62" insertCount="10000" extractCount="10000" duration="30883000"/>
			<Sample nodeCount="63" insertCount="10000" extractCount="10000" duration="31318000"/>
			<Sample nodeCount="64" insertCount="10000" extractCount="10000" duration="32116000"/>
			<Sample nodeCount="65" insertCount="10000" extractCount="10000" duration="32445000"/>
			<Sample nodeCount="66" insertCount="10000" extractCount="10000" duration="32575000"/>
			<Sample nodeCount="67" insertCount="10000" extractCount="10000" duration="33764000"/>
			<Sample nodeCount="68" insertCount="10000" extractCount="10000" duration="34894000"/>
			<Sample nodeCount="69" insertCount="10000" extractCount="10000" duration="34313000"/>
			<Sample nodeCount="70" insertCount="10000" extractCount="10000" duration="36877000"/>
			<Sample nodeCount="71" insertCount="10000" extractCount="10000" duration="36682000"/>
			<Sample nodeCount="72" insertCount="10000" extractCount="10000" duration="37807000"/>
			<Sample nodeCount="73" insertCount="10000" extractCount="10000" duration="37498000"/>
			<Sample nodeCount="74" insertCount="10000" extractCount="10000" duration="38049000"/>
			<Sample nodeCount="75" insertCount="10000" extractCount="10000" duration="38762000"/>
			<Sample nodeCount="76" insertCount="10000" extractCount="10000" duration="39230000"/>
			<Sample nodeCount="77" insertCount="10000" extractCount="10000" duration="39025000"/>
			<Sample nodeCount="78" insertCount="10000" extractCount="10000" duration="42262000"/>
			<Sample nodeCount="79" insertCount="10000" extractCount="10000" duration="40860000"/>
			<Sample nodeCount="80" insertCount="10000" extractCount="10000" duration="42042000"/>
			<Sample nodeCount="81" insertCount="10000" extractCount="10000" duration="42005000"/>
			<Sample nodeCount="82" insertCount="10000" extractCount="10000" duration="43483000"/>
			<Sample nodeCount="83" insertCount="10000" extractCount="10000" duration="43573000"/>
			<Sample nodeCount="84" insertCount="10000" extractCount="10000" duration="43650000"/>
			<Sample nodeCount="85" insertCount="10000" extractCount="10000" duration="43667000"/>
			<Sample nodeCount="86" insertCount="10000" extractCount="10000" duration="46994000"/>
			<Sample nodeCount="87" insertCount="10000" extractCount="10000" duration="46062000"/>
			<Sample nodeCount="88" insertCount="10000" extractCount="10000" duration="47688000"/>
			<Sample nodeCount="89" insertCount="10000" extractCount="10000" duration="46833000"/>
			<Sample nodeCount="90" insertCount="10000" extractCount="10000" duration="48266000"/>
			<Sample nodeCount="91" insertCount="10000" extractCount="10000" duration="48719000"/>
			<Sample nodeCount="92" insertCount="10000" extractCount="10000" duration="48856000"/>
			<Sample nodeCount="93" insertCount="10000" extractCount="10000" duration="48776000"/>
			<Sample nodeCount="94" insertCount="10000" extractCount="10000" duration="50665000"/>
			<Sample nodeCount="95" insertCount="10000" extractCount="10000" duration="51186000"/>
			<Sample nodeCount="96" insertCount="10000" extractCount="10000" duration="51913000"/>
			<Sample nodeCount="97" insertCount="10000" extractCount="10000" duration="52223000"/>
			<Sample nodeCount="98" insertCount="10000" extractCount="10000" duration="52503000"/>
			<Sample nodeCount="99" insertCount="10000" extractCount="10000" duration="52980000"/>
			<Sample nodeCount="100" insertCount="10000" extractCount="10000" duration="55209000"/>
			<Sample nodeCount="101" insertCount="10000" extractCount="10000" duration="54408000"/>
			<Sample nodeCount="102" insertCount="10000" extractCount="10000" duration="55544000"/>
			<Sample nodeCount="103" insertCount="10000" extractCount="10000" duration="56163000"/>
			<Sample nodeCount="104" insertCount="10000" extractCount="10000" duration="56533000"/>
			<Sample nodeCount="105" insertCount="10000" extractCount="10000" duration="57410000"/>
			<Sample nodeCount="106" insertCount="10000" extractCount="10000" duration="57847000"/>
			<Sample nodeCount="107" insertCount="10000" extractCount="10000" duration="58084000"/>
			<Sample nodeCount="108" insertCount="10000" extractCount="10000" duration="59183000"/>
			<Sample nodeCount="109" insertCount="10000" extractCount="10000" duration="59147000"/>
			<Sample nodeCount="110" insertCount="10000" extractCount="10000" duration="60165000"/>
			<Sample nodeCount="111" insertCount="10000" extractCount="10000" duration="61215000"/>
			<Sample nodeCount="112" insertCount="10000" extractCount="10000" duration="61410000"/>
			<Sample nodeCount="113" insertCount="10000" extractCount="10000" duration="62108000"/>
			<Sample nodeCount="114" insertCount="10000" extractCount="10000" duration="62840000"/>
			<Sample nodeCount="115" insertCount="10000" extractCount="10000" duration="63063000"/>
			<Sample nodeCount="116" insertCount="10000" extractCount="10000" duration="65955000"/>
			<Sample nodeCount="117" insertCount="10000" extractCount="10000" duration="64087000"/>
			<Sample nodeCount="118" insertCount="10000" extractCount="10000" duration="67048000"/>
			<Sample nodeCount="119" insertCount="10000" extractCount="10000" duration="66268000"/>
			<Sample nodeCount="120" insertCount="10000" extractCount="10000" duration="69995000"/>
			<Sample nodeCount="121" insertCount="10000" extractCount="10000" duration="66977000"/>
			<Sample nodeCount="122" insertCount="10000" extractCount="10000" duration="67678000"/>
			<Sample nodeCount="123" insertCount="10000" extractCount="10000" duration="67764000"/>
			<Sample nodeCount="124" insertCount="10000" extractCount="10000" duration="70239000"/>
			<Sample nodeCount="125" insertCount="10000" extractCount="10000" duration="68651000"/>
			<Sample nodeCount="126" insertCount="10000" extractCount="10000" duration="72586000"/>
			<Sample nodeCount="127" insertCount="10000" extractCount="10000" duration="71057000"/>
		</SmallSetLinear>
		<LargeSetLinear>
		</LargeSetLinear>
	</RBTest>
	<RBTest implementation="RB Old" nodeSize="32">
		<SmallSetRandomOps>
			<Sample nodeCount="1" insertCount="62" extractCount="61" duration="3000"/>
			<Sample nodeCount="2" insertCount="123" extractCount="123" duration="6000"/>
			<Sample nodeCount="3" insertCount="186" extractCount="183" duration="11000"/>
			<Sample nodeCount="4" insertCount="247" extractCount="245" duration="16000"/>
			<Sample nodeCount="5" insertCount="309" extractCount="306" duration="24000"/>
			<Sample nodeCount="6" insertCount="370" extractCount="368" duration="30000"/>
			<Sample nodeCount="7" insertCount="433" extractCount="428" duration="37000"/>
			<Sample nodeCount="8" insertCount="493" extractCount="491" duration="42000"/>
			<Sample nodeCount="9" insertCount="557" extractCount="550" duration="49000"/>
			<Sample nodeCount="10" insertCount="619" extractCount="611" duration="54000"/>
			<Sample nodeCount="11" insertCount="680" extractCount="673" duration="62000"/>
			<Sample nodeCount="12" insertCount="740" extractCount="736" duration="67000"/>
			<Sample nodeCount="13" insertCount="803" extractCount="796" duration="74000"/>
			<Sample nodeCount="14" insertCount="864" extractCount="858" duration="79000"/>
			<Sample nodeCount="15" insertCount="927" extractCount="918" duration="84000"/>
			<Sample nodeCount="16" insertCount="988" extractCount="980" duration="92000"/>
			<Sample nodeCount="17" insertCount="1050" extractCount="1041" duration="100000"/>
			<Sample nodeCount="18" insertCount="1113" extractCount="1101" duration="106000"/>
			<Sample nodeCount="19" insertCount="1172" extractCount="1165" duration="113000"/>
			<Sample nodeCount="20" insertCount="1237" extractCount="1223" duration="117000"/>
			<Sample nodeCount="21" insertCount="1296" extractCount="1287" duration="125000"/>
			<Sample nodeCount="22" insertCount="1359" extractCount="1347" duration="130000"/>
			<Sample nodeCount="23" insertCount="1419" extractCount="1410" duration="138000"/>
			<Sample nodeCount="24" insertCount="1484" extractCount="1468" duration="145000"/>
			<Sample nodeCount="25" insertCount="1544" extractCount="1531" duration="162000"/>
			<Sample nodeCount="26" insertCount="1604" extractCount="1594" duration="157000"/>
			<Sample nodeCount="27" insertCount="1668" extractCount="1653" duration="164000"/>
			<Sample nodeCount="28" insertCount="1729" extractCount="1715" duration="171000"/>
			<Sample nodeCount="29" insertCount="1790" extractCount="1777" duration="178000"/>
			<Sample nodeCount="30" insertCount="1851" extractCount="1839" duration="182000"/>
			<Sample nodeCount="31" insertCount="1914" extractCount="1899" duration="189000"/>
			<Sample nodeCount="32" insertCount="1977" extractCount="1959" duration="198000"/>
			<Sample nodeCount="33" insertCount="2041" extractCount="2018" duration="206000"/>
			<Sample nodeCount="34" insertCount="2097" extractCount="2085" duration="211000"/>
			<Sample nodeCount="35" insertCount="2160" extractCount="2145" duration="219000"/>
			<Sample nodeCount="36" insertCount="2221" extractCount="2207" duration="226000"/>
			<Sample nodeCount="37" insertCount="2285" extractCount="2266" duration="231000"/>
			<Sample nodeCount="38" insertCount="2346" extractCount="2328" duration="239000"/>
			<Sample nodeCount="39" insertCount="2408" extractCount="2389" duration="245000"/>
			<Sample nodeCount="40" insertCount="2471" extractCount="2449" duration="249000"/>
			<Sample nodeCount="41" insertCount="2531" extractCount="2512" duration="257000"/>
			<Sample nodeCount="42" insertCount="2593" extractCount="2573" duration="263000"/>
			<Sample nodeCount="43" insertCount="2656" extractCount="2633" duration="272000"/>
			<Sample nodeCount="44" insertCount="2717" extractCount="2695" duration="288000"/>
			<Sample nodeCount="45" insertCount="2776" extractCount="2759" duration="283000"/>
			<Sample nodeCount="46" insertCount="2840" extractCount="2818" duration="290000"/>
			<Sample nodeCount="47" insertCount="2902" extractCount="2879" duration="297000"/>
			<Sample nodeCount="48" insertCount="2966" extractCount="2938" duration="306000"/>
			<Sample nodeCount="49" insertCount="3026" extractCount="3001" duration="314000"/>
			<Sample nodeCount="50" insertCount="3084" extractCount="3066" duration="321000"/>
			<Sample nodeCount="51" insertCount="3151" extractCount="3122" duration="325000"/>
			<Sample nodeCount="52" insertCount="3209" extractCount="3187" duration="332000"/>
			<Sample nodeCount="53" insertCount="3273" extractCount="3246" duration="340000"/>
			<Sample nodeCount="54" insertCount="3337" extractCount="3305" duration="348000"/>
			<Sample nodeCount="55" insertCount="3400" extractCount="3365" duration="352000"/>
			<Sample nodeCount="56" insertCount="3458" extractCount="3430" duration="368000"/>
			<Sample nodeCount="57" insertCount="3521" extractCount="3490" duration="368000"/>
			<Sample nodeCount="58" insertCount="3580" extractCount="3554" duration="371000"/>
			<Sample nodeCount="59" insertCount="3647" extractCount="3610" duration="382000"/>
			<Sample nodeCount="60" insertCount="3706" extractCount="3674" duration="386000"/>
			<Sample nodeCount="61" insertCount="3766" extractCount="3737" duration="396000"/>
			<Sample nodeCount="62" insertCount="3828" extractCount="3798" duration="399000"/>
			<Sample nodeCount="63" insertCount="3888" extractCount="3861" duration="408000"/>
			<Sample nodeCount="64" insertCount="3952" extractCount="3920" duration="413000"/>
			<Sample nodeCount="65" insertCount="4014" extractCount="3981" duration="422000"/>
			<Sample nodeCount="66" insertCount="4077" extractCount="4041" duration="442000"/>
			<Sample nodeCount="67" insertCount="4136" extractCount="4105" duration="439000"/>
			<Sample nodeCount="68" insertCount="4200" extractCount="4164" duration="440000"/>
			<Sample nodeCount="69" insertCount="4263" extractCount="4224" duration="446000"/>
			<Sample nodeCount="70" insertCount="4325" extractCount="4285" duration="458000"/>
			<Sample nodeCount="71" insertCount="4381" extractCount="4352" duration="464000"/>
			<Sample nodeCount="72" insertCount="4448" extractCount="4408" duration="468000"/>
			<Sample nodeCount="73" insertCount="4507" extractCount="4472" duration="474000"/>
			<Sample nodeCount="74" insertCount="4571" extractCount="4531" duration="485000"/>
			<Sample nodeCount="75" insertCount="4631" extractCount="4594" duration="499000"/>
			<Sample nodeCount="76" insertCount="4693" extractCount="4655" duration="500000"/>
			<Sample nodeCount="77" insertCount="4755" extractCount="4716" duration="504000"/>
			<Sample nodeCount="78" insertCount="4817" extractCount="4777" duration="512000"/>
			<Sample nodeCount="79" insertCount="4877" extractCount="4840" duration="522000"/>
			<Sample nodeCount="80" insertCount="4942" extractCount="4898" duration="525000"/>
			<Sample nodeCount="81" insertCount="5002" extractCount="4961" duration="533000"/>
			<Sample nodeCount="82" insertCount="5063" extractCount="5023" duration="545000"/>
			<Sample nodeCount="83" insertCount="5124" extractCount="5085" duration="552000"/>
			<Sample nodeCount="84" insertCount="5187" extractCount="5145" duration="554000"/>
			<Sample nodeCount="85" insertCount="5250" extractCount="5205" duration="563000"/>
			<Sample nodeCount="86" insertCount="5314" extractCount="5264" duration="572000"/>
			<Sample nodeCount="87" insertCount="5374" extractCount="5327" duration="578000"/>
			<Sample nodeCount="88" insertCount="5432" extractCount="5392" duration="589000"/>
			<Sample nodeCount="89" insertCount="5490" extractCount="5457" duration="599000"/>
			<Sample nodeCount="90" insertCount="5559" extractCount="5511" duration="596000"/>
			<Sample nodeCount="91" insertCount="5621" extractCount="5572" duration="605000"/>
			<Sample nodeCount="92" insertCount="5680" extractCount="5636" duration="612000"/>
			<Sample nodeCount="93" insertCount="5740" extractCount="5699" duration="619000"/>
			<Sample nodeCount="94" insertCount="5803" extractCount="5759" duration="626000"/>
			<Sample nodeCount="95" insertCount="5862" extractCount="5823" duration="635000"/>
			<Sample nodeCount="96" insertCount="5929" extractCount="5879" duration="646000"/>
			<Sample nodeCount="97" insertCount="5993" extractCount="5938" duration="648000"/>
			<Sample nodeCount="98" insertCount="6055" extractCount="5999" duration="654000"/>
			<Sample nodeCount="99" insertCount="6113" extractCount="6064" duration="665000"/>
			<Sample nodeCount="100" insertCount="6172" extractCount="6128" duration="672000"/>
			<Sample nodeCount="101" insertCount="6238" extractCount="6185" duration="678000"/>
			<Sample nodeCount="102" insertCount="6299" extractCount="6247" duration="693000"/>
			<Sample nodeCount="103" insertCount="6363" extractCount="6306" duration="695000"/>
			<Sample nodeCount="104" insertCount="6426" extractCount="6366" duration="697000"/>
			<Sample nodeCount="105" insertCount="6481" extractCount="6434" duration="708000"/>
			<Sample nodeCount="106" insertCount="6544" extractCount="6494" duration="717000"/>
			<Sample nodeCount="107" insertCount="6607" extractCount="6554" duration="714000"/>
			<Sample nodeCount="108" insertCount="6669" extractCount="6615" duration="734000"/>
			<Sample nodeCount="109" insertCount="6732" extractCount="6675" duration="734000"/>
			<Sample nodeCount="110" insertCount="6794" extractCount="6736" duration="738000"/>
			<Sample nodeCount="111" insertCount="6852" extractCount="6801" duration="747000"/>
			<Sample nodeCount="112" insertCount="6918" extractCount="6858" duration="756000"/>
			<Sample nodeCount="113" insertCount="6981" extractCount="6918" duration="772000"/>
			<Sample nodeCount="114" insertCount="7041" extractCount="6981" duration="769000"/>
			<Sample nodeCount="115" insertCount="7103" extractCount="7042" duration="776000"/>
			<Sample nodeCount="116" insertCount="7164" extractCount="7104" duration="782000"/>
			<Sample nodeCount="117" insertCount="7225" extractCount="7166" duration="796000"/>
			<Sample nodeCount="118" insertCount="7291" extractCount="7223" duration="805000"/>
			<Sample nodeCount="119" insertCount="7350" extractCount="7287" duration="808000"/>
			<Sample nodeCount="120" insertCount="7410" extractCount="7350" duration="810000"/>
			<Sample nodeCount="121" insertCount="7471" extractCount="7412" duration="821000"/>
			<Sample nodeCount="122" insertCount="7537" extractCount="7469" duration="822000"/>
			<Sample nodeCount="123" insertCount="7593" extractCount="7536" duration="839000"/>
			<Sample nodeCount="124" insertCount="7658" extractCount="7594" duration="840000"/>
			<Sample nodeCount="125" insertCount="7718" extractCount="7657" duration="850000"/>
			<Sample nodeCount="126" insertCount="7781" extractCount="7717" duration="848000"/>
			<Sample nodeCount="127" insertCount="7840" extractCount="7781" duration="865000"/>
		</SmallSetRandomOps>
		<LargeSetRandomOps>
		</LargeSetRandomOps>
		<SmallSetLinear>
			<Sample nodeCount="1" insertCount="10000" extractCount="10000" duration="90000"/>
			<Sample nodeCount="2" insertCount="10000" extractCount="10000" duration="229000"/>
			<Sample nodeCount="3" insertCount="10000" extractCount="10000" duration="456000"/>
			<Sample nodeCount="4" insertCount="10000" extractCount="10000" duration="792000"/>
			<Sample nodeCount="5" insertCount="10000" extractCount="10000" duration="1098000"/>
			<Sample nodeCount="6" insertCount="10000" extractCount="10000" duration="1453000"/>
			<Sample nodeCount="7" insertCount="10000" extractCount="10000" duration="1772000"/>
			<Sample nodeCount="8" insertCount="10000" extractCount="10000" duration="2308000"/>
			<Sample nodeCount="9" insertCount="10000" extractCount="10000" duration="2716000"/>
			<Sample nodeCount="10" insertCount="10000" extractCount="10000" duration="3446000"/>
			<Sample nodeCount="11" insertCount="10000" extractCount="10000" duration="3955000"/>
			<Sample nodeCount="12" insertCount="10000" extractCount="10000" duration="4518000"/>
			<Sample nodeCount="13" insertCount="10000" extractCount="10000" duration="4970000"/>
			<Sample nodeCount="14" insertCount="10000" extractCount="10000" duration="5392000"/>
			<Sample nodeCount="15" insertCount="10000" extractCount="10000" duration="5913000"/>
			<Sample nodeCount="16" insertCount="10000" extractCount="10000" duration="6759000"/>
			<Sample nodeCount="17" insertCount="10000" extractCount="10000" duration="7376000"/>
			<Sample nodeCount="18" insertCount="10000" extractCount="10000" duration="8141000"/>
			<Sample nodeCount="19" insertCount="10000" extractCount="10000" duration="8692000"/>
			<Sample nodeCount="20" insertCount="10000" extractCount="10000" duration="9430000"/>
			<Sample nodeCount="21" insertCount="10000" extractCount="10000" duration="9886000"/>
			<Sample nodeCount="22" insertCount="10000" extractCount="10000" duration="10540000"/>
			<Sample nodeCount="23" insertCount="10000" extractCount="10000" duration="11172000"/>
			<Sample nodeCount="24" insertCount="10000" extractCount="10000" duration="12204000"/>
			<Sample nodeCount="25" insertCount="10000" extractCount="10000" duration="12876000"/>
			<Sample nodeCount="26" insertCount="10000" extractCount="10000" duration="14126000"/>
			<Sample nodeCount="27" insertCount="10000" extractCount="10000" duration="14537000"/>
			<Sample nodeCount="28" insertCount="10000" extractCount="10000" duration="15212000"/>
			<Sample nodeCount="29" insertCount="10000" extractCount="10000" duration="16113000"/>
			<Sample nodeCount="30" insertCount="10000" extractCount="10000" duration="16559000"/>
			<Sample nodeCount="31" insertCount="10000" extractCount="10000" duration="17465000"/>
			<Sample nodeCount="32" insertCount="10000" extractCount="10000" duration="18490000"/>
			<Sample nodeCount="33" insertCount="10000" extractCount="10000" duration="19101000"/>
			<Sample nodeCount="34" insertCount="10000" extractCount="10000" duration="19799000"/>
			<Sample nodeCount="35" insertCount="10000" extractCount="10000" duration="20411000"/>
			<Sample nodeCount="36" insertCount="10000" extractCount="10000" duration="21261000"/>
			<Sample nodeCount="37" insertCount="10000" extractCount="10000" duration="22094000"/>
			<Sample nodeCount="38" insertCount="10000" extractCount="10000" duration="23332000"/>
			<Sample nodeCount="39" insertCount="10000" extractCount="10000" duration="23997000"/>
			<Sample nodeCount="40" insertCount="10000" extractCount="10000" duration="24332000"/>
			<Sample nodeCount="41" insertCount="10000" extractCount="10000" duration="25098000"/>
			<Sample nodeCount="42" insertCount="10000" extractCount="10000" duration="25788000"/>
			<Sample nodeCount="43" insertCount="10000" extractCount="10000" duration="26592000"/>
			<Sample nodeCount="44" insertCount="10000" extractCount="10000" duration="27081000"/>
			<Sample nodeCount="45" insertCount="10000" extractCount="10000" duration="27776000"/>
			<Sample nodeCount="46" insertCount="10000" extractCount="10000" duration="29438000"/>
			<Sample nodeCount="47" insertCount="10000" extractCount="10000" duration="30332000"/>
			<Sample nodeCount="48" insertCount="10000" extractCount="10000" duration="29884000"/>
			<Sample nodeCount="49" insertCount="10000" extractCount="10000" duration="31470000"/>
			<Sample nodeCount="50" insertCount="10000" extractCount="10000" duration="32608000"/>
			<Sample nodeCount="51" insertCount="10000" extractCount="10000" duration="33529000"/>
			<Sample nodeCount="52" insertCount="10000" extractCount="10000" duration="34001000"/>
			<Sample nodeCount="53" insertCount="10000" extractCount="10000" duration="34618000"/>
			<Sample nodeCount="54" insertCount="10000" extractCount="10000" duration="36007000"/>
			<Sample nodeCount="55" insertCount="10000" extractCount="10000" duration="36535000"/>
			<Sample nodeCount="56" insertCount="10000" extractCount="10000" duration="37135000"/>
			<Sample nodeCount="57" insertCount="10000" extractCount="10000" duration="38000000"/>
			<Sample nodeCount="58" insertCount="10000" extractCount="10000" duration="38511000"/>
			<Sample nodeCount="59" insertCount="10000" extractCount="10000" duration="39354000"/>
			<Sample nodeCount="60" insertCount="10000" extractCount="10000" duration="39971000"/>
			<Sample nodeCount="61" insertCount="10000" extractCount="10000" duration="40935000"/>
			<Sample nodeCount="62" insertCount="10000" extractCount="10000" duration="42137000"/>
			<Sample nodeCount="63" insertCount="10000" extractCount="10000" duration="42972000"/>
			<Sample nodeCount="64" insertCount="10000" extractCount="10000" duration="43582000"/>
			<Sample nodeCount="65" insertCount="10000" extractCount="10000" duration="44569000"/>
			<Sample nodeCount="66" insertCount="10000" extractCount="10000" duration="44655000"/>
			<Sample nodeCount="67" insertCount="10000" extractCount="10000" duration="45521000"/>
			<Sample nodeCount="68" insertCount="10000" extractCount="10000" duration="46730000"/>
			<Sample nodeCount="69" insertCount="10000" extractCount="10000" duration="46987000"/>
			<Sample nodeCount="70" insertCount="10000" extractCount="10000" duration="49089000"/>
			<Sample nodeCount="71" insertCount="10000" extractCount="10000" duration="49601000"/>
			<Sample nodeCount="72" insertCount="10000" extractCount="10000" duration="50154000"/>
			<Sample nodeCount="73" insertCount="10000" extractCount="10000" duration="50862000"/>
			<Sample nodeCount="74" insertCount="10000" extractCount="10000" duration="51419000"/>
			<Sample nodeCount="75" insertCount="10000" extractCount="10000" duration="52175000"/>
			<Sample nodeCount="76" insertCount="10000" extractCount="10000" duration="52865000"/>
			<Sample nodeCount="77" insertCount="10000" extractCount="10000" duration="53410000"/>
			<Sample nodeCount="78" insertCount="10000" extractCount="10000" duration="55039000"/>
			<Sample nodeCount="79" insertCount="10000" extractCount="10000" duration="55888000"/>
			<Sample nodeCount="80" insertCount="10000" extractCount="10000" duration="56826000"/>
			<Sample nodeCount="81" insertCount="10000" extractCount="10000" duration="57565000"/>
			<Sample nodeCount="82" insertCount="10000" extractCount="10000" duration="57498000"/>
			<Sample nodeCount="83" insertCount="10000" extractCount="10000" duration="58345000"/>
			<Sample nodeCount="84" insertCount="10000" extractCount="10000" duration="58940000"/>
			<Sample nodeCount="85" insertCount="10000" extractCount="10000" duration="59750000"/>
			<Sample nodeCount="86" insertCount="10000" extractCount="10000" duration="61377000"/>
			<Sample nodeCount="87" insertCount="10000" extractCount="10000" duration="62279000"/>
			<Sample nodeCount="88" insertCount="10000" extractCount="10000" duration="62112000"/>
			<Sample nodeCount="89" insertCount="10000" extractCount="10000" duration="63719000"/>
			<Sample nodeCount="90" insertCount="10000" extractCount="10000" duration="63765000"/>
			<Sample nodeCount="91" insertCount="10000" extractCount="10000" duration="64579000"/>
			<Sample nodeCount="92" insertCount="10000" extractCount="10000" duration="65216000"/>
			<Sample nodeCount="93" insertCount="10000" extractCount="10000" duration="66129000"/>
			<Sample nodeCount="94" insertCount="10000" extractCount="10000" duration="68207000"/>
			<Sample nodeCount="95" insertCount="10000" extractCount="10000" duration="68957000"/>
			<Sample nodeCount="96" insertCount="10000" extractCount="10000" duration="68972000"/>
			<Sample nodeCount="97" insertCount="10000" extractCount="10000" duration="70621000"/>
			<Sample nodeCount="98" insertCount="10000" extractCount="10000" duration="70694000"/>
			<Sample nodeCount="99" insertCount="10000" extractCount="10000" duration="72571000"/>
			<Sample nodeCount="100" insertCount="10000" extractCount="10000" duration="72398000"/>
			<Sample nodeCount="101" insertCount="10000" extractCount="10000" duration="73649000"/>
			<Sample nodeCount="102" insertCount="10000" extractCount="10000" duration="75159000"/>
			<Sample nodeCount="103" insertCount="10000" extractCount="10000" duration="75978000"/>
			<Sample nodeCount="104" insertCount="10000" extractCount="10000" duration="75128000"/>
			<Sample nodeCount="105" insertCount="10000" extractCount="10000" duration="77633000"/>
			<Sample nodeCount="106" insertCount="10000" extractCount="10000" duration="77395000"/>
			<Sample nodeCount="107" insertCount="10000" extractCount="10000" duration="78456000"/>
			<Sample nodeCount="108" insertCount="10000" extractCount="10000" duration="78811000"/>
			<Sample nodeCount="109" insertCount="10000" extractCount="10000" duration="79474000"/>
			<Sample nodeCount="110" insertCount="10000" extractCount="10000" duration="81337000"/>
			<Sample nodeCount="111" insertCount="10000" extractCount="10000" duration="82630000"/>
			<Sample nodeCount="112" insertCount="10000" extractCount="10000" duration="82932000"/>
			<Sample nodeCount="113" insertCount="10000" extractCount="10000" duration="83545000"/>
			<Sample nodeCount="114" insertCount="10000" extractCount="10000" duration="83378000"/>
			<Sample nodeCount="115" insertCount="10000" extractCount="10000" duration="84481000"/>
			<Sample nodeCount="116" insertCount="10000" extractCount="10000" duration="84908000"/>
			<Sample nodeCount="117" insertCount="10000" extractCount="10000" duration="85780000"/>
			<Sample nodeCount="118" insertCount="10000" extractCount="10000" duration="87819000"/>
			<Sample nodeCount="119" insertCount="10000" extractCount="10000" duration="88821000"/>
			<Sample nodeCount="120" insertCount="10000" extractCount="10000" duration="89397000"/>
			<Sample nodeCount="121" insertCount="10000" extractCount="10000" duration="90534000"/>
			<Sample nodeCount="122" insertCount="10000" extractCount="10000" duration="90233000"/>
			<Sample nodeCount="123" insertCount="10000" extractCount="10000" duration="90844000"/>
			<Sample nodeCount="124" insertCount="10000" extractCount="10000" duration="91435000"/>
			<Sample nodeCount="125" insertCount="10000" extractCount="10000" duration="92570000"/>
			<Sample nodeCount="126" insertCount="10000" extractCount="10000" duration="94586000"/>
			<Sample nodeCount="127" insertCount="10000" extractCount="10000" duration="96046000"/>
		</SmallSetLinear>
		<LargeSetLinear>
		</LargeSetLinear>
	</RBTest>
	<RBTest implementation="Linux" nodeSize="24">
		<SmallSetRandomOps>
			<Sample nodeCount="1" insertCount="62" extractCount="61" duration="3000"/>
			<Sample nodeCount="2" insertCount="123" extractCount="123" duration="6000"/>
			<Sample nodeCount="3" insertCount="186" extractCount="183" duration="10000"/>
			<Sample nodeCount="4" insertCount="247" extractCount="245" duration="15000"/>
			<Sample nodeCount="5" insertCount="309" extractCount="306" duration="20000"/>
			<Sample nodeCount="6" insertCount="370" extractCount="368" duration="25000"/>
			<Sample nodeCount="7" insertCount="433" extractCount="428" duration="30000"/>
			<Sample nodeCount="8" insertCount="493" extractCount="491" duration="36000"/>
			<Sample nodeCount="9" insertCount="557" extractCount="550" duration="42000"/>
			<Sample nodeCount="10" insertCount="619" extractCount="611" duration="46000"/>
			<Sample nodeCount="11" insertCount="680" extractCount="673" duration="54000"/>
			<Sample nodeCount="12" insertCount="740" extractCount="736" duration="60000"/>
			<Sample nodeCount="13" insertCount="803" extractCount="796" duration="65000"/>
			<Sample nodeCount="14" insertCount="864" extractCount="858" duration="71000"/>
			<Sample nodeCount="15" insertCount="927" extractCount="918" duration="76000"/>
			<Sample nodeCount="16" insertCount="988" extractCount="980" duration="81000"/>
			<Sample nodeCount="17" insertCount="1050" extractCount="1041" duration="89000"/>
			<Sample nodeCount="18" insertCount="1113" extractCount="1101" duration="95000"/>
			<Sample nodeCount="19" insertCount="1172" extractCount="1165" duration="102000"/>
			<Sample nodeCount="20" insertCount="1237" extractCount="1223" duration="105000"/>
			<Sample nodeCount="21" insertCount="1296" extractCount="1287" duration="111000"/>
			<Sample nodeCount="22" insertCount="1359" extractCount="1347" duration="118000"/>
			<Sample nodeCount="23" insertCount="1419" extractCount="1410" duration="124000"/>
			<Sample nodeCount="24" insertCount="1484" extractCount="1468" duration="132000"/>
			<Sample nodeCount="25" insertCount="1544" extractCount="1531" duration="136000"/>
			<Sample nodeCount="26" insertCount="1604" extractCount="1594" duration="143000"/>
			<Sample nodeCount="27" insertCount="1668" extractCount="1653" duration="149000"/>
			<Sample nodeCount="28" insertCount="1729" extractCount="1715" duration="155000"/>
			<Sample nodeCount="29" insertCount="1790" extractCount="1777" duration="161000"/>
			<Sample nodeCount="30" insertCount="1851" extractCount="1839" duration="174000"/>
			<Sample nodeCount="31" insertCount="1914" extractCount="1899" duration="171000"/>
			<Sample nodeCount="32" insertCount="1977" extractCount="1959" duration="179000"/>
			<Sample nodeCount="33" insertCount="2041" extractCount="2018" duration="185000"/>
			<Sample nodeCount="34" insertCount="2097" extractCount="2085" duration="190000"/>
			<Sample nodeCount="35" insertCount="2160" extractCount="2145" duration="198000"/>
			<Sample nodeCount="36" insertCount="2221" extractCount="2207" duration="203000"/>
			<Sample nodeCount="37" insertCount="2285" extractCount="2266" duration="208000"/>
			<Sample nodeCount="38" insertCount="2346" extractCount="2328" duration="217000"/>
			<Sample nodeCount="39" insertCount="2408" extractCount="2389" duration="221000"/>
			<Sample nodeCount="40" insertCount="2471" extractCount="2449" duration="226000"/>
			<Sample nodeCount="41" insertCount="2531" extractCount="2512" duration="235000"/>
			<Sample nodeCount="42" insertCount="2593" extractCount="2573" duration="237000"/>
			<Sample nodeCount="43" insertCount="2656" extractCount="2633" duration="246000"/>
			<Sample nodeCount="44" insertCount="2717" extractCount="2695" duration="250000"/>
			<Sample nodeCount="45" insertCount="2776" extractCount="2759" duration="257000"/>
			<Sample nodeCount="46" insertCount="2840" extractCount="2818" duration="263000"/>
			<Sample nodeCount="47" insertCount="2902" extractCount="2879" duration="271000"/>
			<Sample nodeCount="48" insertCount="2966" extractCount="2938" duration="288000"/>
			<Sample nodeCount="49" insertCount="3026" extractCount="3001" duration="284000"/>
			<Sample nodeCount="50" insertCount="3084" extractCount="3066" duration="291000"/>
			<Sample nodeCount="51" insertCount="3151" extractCount="3122" duration="297000"/>
			<Sample nodeCount="52" insertCount="3209" extractCount="3187" duration="302000"/>
			<Sample nodeCount="53" insertCount="3273" extractCount="3246" duration="309000"/>
			<Sample nodeCount="54" insertCount="3337" extractCount="3305" duration="316000"/>
			<Sample nodeCount="55" insertCount="3400" extractCount="3365" duration="321000"/>
			<Sample nodeCount="56" insertCount="3458" extractCount="3430" duration="329000"/>
			<Sample nodeCount="57" insertCount="3521" extractCount="3490" duration="334000"/>
			<Sample nodeCount="58" insertCount="3580" extractCount="3554" duration="339000"/>
			<Sample nodeCount="59" insertCount="3647" extractCount="3610" duration="347000"/>
			<Sample nodeCount="60" insertCount="3706" extractCount="3674" duration="356000"/>
			<Sample nodeCount="61" insertCount="3766" extractCount="3737" duration="358000"/>
			<Sample nodeCount="62" insertCount="3828" extractCount="3798" duration="362000"/>
			<Sample nodeCount="63" insertCount="3888" extractCount="3861" duration="370000"/>
			<Sample nodeCount="64" insertCount="3952" extractCount="3920" duration="377000"/>
			<Sample nodeCount="65" insertCount="4014" extractCount="3981" duration="380000"/>
			<Sample nodeCount="66" insertCount="4077" extractCount="4041" duration="390000"/>
			<Sample nodeCount="67" insertCount="4136" extractCount="4105" duration="399000"/>
			<Sample nodeCount="68" insertCount="4200" extractCount="4164" duration="400000"/>
			<Sample nodeCount="69" insertCount="4263" extractCount="4224" duration="406000"/>
			<Sample nodeCount="70" insertCount="4325" extractCount="4285" duration="415000"/>
			<Sample nodeCount="71" insertCount="4381" extractCount="4352" duration="429000"/>
			<Sample nodeCount="72" insertCount="4448" extractCount="4408" duration="426000"/>
			<Sample nodeCount="73" insertCount="4507" extractCount="4472" duration="433000"/>
			<Sample nodeCount="74" insertCount="4571" extractCount="4531" duration="440000"/>
			<Sample nodeCount="75" insertCount="4631" extractCount="4594" duration="448000"/>
			<Sample nodeCount="76" insertCount="4693" extractCount="4655" duration="455000"/>
			<Sample nodeCount="77" insertCount="4755" extractCount="4716" duration="461000"/>
			<Sample nodeCount="78" insertCount="4817" extractCount="4777" duration="466000"/>
			<Sample nodeCount="79" insertCount="4877" extractCount="4840" duration="481000"/>
			<Sample nodeCount="80" insertCount="4942" extractCount="4898" duration="478000"/>
			<Sample nodeCount="81" insertCount="5002" extractCount="4961" duration="484000"/>
			<Sample nodeCount="82" insertCount="5063" extractCount="5023" duration="491000"/>
			<Sample nodeCount="83" insertCount="5124" extractCount="5085" duration="501000"/>
			<Sample nodeCount="84" insertCount="5187" extractCount="5145" duration="505000"/>
			<Sample nodeCount="85" insertCount="5250" extractCount="5205" duration="515000"/>
			<Sample nodeCount="86" insertCount="5314" extractCount="5264" duration="524000"/>
			<Sample nodeCount="87" insertCount="5374" extractCount="5327" duration="533000"/>
			<Sample nodeCount="88" insertCount="5432" extractCount="5392" duration="538000"/>
			<Sample nodeCount="89" insertCount="5490" extractCount="5457" duration="540000"/>
			<Sample nodeCount="90" insertCount="5559" extractCount="5511" duration="544000"/>
			<Sample nodeCount="91" insertCount="5621" extractCount="5572" duration="551000"/>
			<Sample nodeCount="92" insertCount="5680" extractCount="5636" duration="559000"/>
			<Sample nodeCount="93" insertCount="5740" extractCount="5699" duration="564000"/>
			<Sample nodeCount="94" insertCount="5803" extractCount="5759" duration="570000"/>
			<Sample nodeCount="95" insertCount="5862" extractCount="5823" duration="593000"/>
			<Sample nodeCount="96" insertCount="5929" extractCount="5879" duration="587000"/>
			<Sample nodeCount="97" insertCount="5993" extractCount="5938" duration="590000"/>
			<Sample nodeCount="98" insertCount="6055" extractCount="5999" duration="598000"/>
			<Sample nodeCount="99" insertCount="6113" extractCount="6064" duration="609000"/>
			<Sample nodeCount="100" insertCount="6172" extractCount="6128" duration="613000"/>
			<Sample nodeCount="101" insertCount="6238" extractCount="6185" duration="625000"/>
			<Sample nodeCount="102" insertCount="6299" extractCount="6247" duration="626000"/>
			<Sample nodeCount="103" insertCount="6363" extractCount="6306" duration="636000"/>
			<Sample nodeCount="104" insertCount="6426" extractCount="6366" duration="638000"/>
			<Sample nodeCount="105" insertCount="6481" extractCount="6434" duration="645000"/>
			<Sample nodeCount="106" insertCount="6544" extractCount="6494" duration="656000"/>
			<Sample nodeCount="107" insertCount="6607" extractCount="6554" duration="660000"/>
			<Sample nodeCount="108" insertCount="6669" extractCount="6615" duration="666000"/>
			<Sample nodeCount="109" insertCount="6732" extractCount="6675" duration="671000"/>
			<Sample nodeCount="110" insertCount="6794" extractCount="6736" duration="674000"/>
			<Sample nodeCount="111" insertCount="6852" extractCount="6801" duration="681000"/>
			<Sample nodeCount="112" insertCount="6918" extractCount="6858" duration="694000"/>
			<Sample nodeCount="113" insertCount="6981" extractCount="6918" duration="708000"/>
			<Sample nodeCount="114" insertCount="7041" extractCount="6981" duration="700000"/>
			<Sample nodeCount="115" insertCount="7103" extractCount="7042" duration="710000"/>
			<Sample nodeCount="116" insertCount="7164" extractCount="7104" duration="712000"/>
			<Sample nodeCount="117" insertCount="7225" extractCount="7166" duration="728000"/>
			<Sample nodeCount="118" insertCount="7291" extractCount="7223" duration="731000"/>
			<Sample nodeCount="119" insertCount="7350" extractCount="7287" duration="745000"/>
			<Sample nodeCount="120" insertCount="7410" extractCount="7350" duration="740000"/>
			<Sample nodeCount="121" insertCount="7471" extractCount="7412" duration="751000"/>
			<Sample nodeCount="122" insertCount="7537" extractCount="7469" duration="750000"/>
			<Sample nodeCount="123" insertCount="7593" extractCount="7536" duration="761000"/>
			<Sample nodeCount="124" insertCount="7658" extractCount="7594" duration="772000"/>
			<Sample nodeCount="125" insertCount="7718" extractCount="7657" duration="776000"/>
			<Sample nodeCount="126" insertCount="7781" extractCount="7717" duration="776000"/>
			<Sample nodeCount="127" insertCount="7840" extractCount="7781" duration="790000"/>
		</SmallSetRandomOps>
		<LargeSetRandomOps>
		</LargeSetRandomOps>
		<SmallSetLinear>
			<Sample nodeCount="1" insertCount="10000" extractCount="10000" duration="70000"/>
			<Sample nodeCount="2" insertCount="10000" extractCount="10000" duration="189000"/>
			<Sample nodeCount="3" insertCount="10000" extractCount="10000" duration="374000"/>
			<Sample nodeCount="4" insertCount="10000" extractCount="10000" duration="635000"/>
			<Sample nodeCount="5" insertCount="10000" extractCount="10000" duration="894000"/>
			<Sample nodeCount="6" insertCount="10000" extractCount="10000" duration="1199000"/>
			<Sample nodeCount="7" insertCount="10000" extractCount="10000" duration="1474000"/>
			<Sample nodeCount="8" insertCount="10000" extractCount="10000" duration="1864000"/>
			<Sample nodeCount="9" insertCount="10000" extractCount="10000" duration="2138000"/>
			<Sample nodeCount="10" insertCount="10000" extractCount="10000" duration="2743000"/>
			<Sample nodeCount="11" insertCount="10000" extractCount="10000" duration="3033000"/>
			<Sample nodeCount="12" insertCount="10000" extractCount="10000" duration="3713000"/>
			<Sample nodeCount="13" insertCount="10000" extractCount="10000" duration="3894000"/>
			<Sample nodeCount="14" insertCount="10000" extractCount="10000" duration="4430000"/>
			<Sample nodeCount="15" insertCount="10000" extractCount="10000" duration="4794000"/>
			<Sample nodeCount="16" insertCount="10000" extractCount="10000" duration="5530000"/>
			<Sample nodeCount="17" insertCount="10000" extractCount="10000" duration="6024000"/>
			<Sample nodeCount="18" insertCount="10000" extractCount="10000" duration="6887000"/>
			<Sample nodeCount="19" insertCount="10000" extractCount="10000" duration="6871000"/>
			<Sample nodeCount="20" insertCount="10000" extractCount="10000" duration="7693000"/>
			<Sample nodeCount="21" insertCount="10000" extractCount="10000" duration="7923000"/>
			<Sample nodeCount="22" insertCount="10000" extractCount="10000" duration="8787000"/>
			<Sample nodeCount="23" insertCount="10000" extractCount="10000" duration="9249000"/>
			<Sample nodeCount="24" insertCount="10000" extractCount="10000" duration="10181000"/>
			<Sample nodeCount="25" insertCount="10000" extractCount="10000" duration="10367000"/>
			<Sample nodeCount="26" insertCount="10000" extractCount="10000" duration="11707000"/>
			<Sample nodeCount="27" insertCount="10000" extractCount="10000" duration="12011000"/>
			<Sample nodeCount="28" insertCount="10000" extractCount="10000" duration="12874000"/>
			<Sample nodeCount="29" insertCount="10000" extractCount="10000" duration="13399000"/>
			<Sample nodeCount="30" insertCount="10000" extractCount="10000" duration="14341000"/>
			<Sample nodeCount="31" insertCount="10000" extractCount="10000" duration="14946000"/>
			<Sample nodeCount="32" insertCount="10000" extractCount="10000" duration="15655000"/>
			<Sample nodeCount="33" insertCount="10000" extractCount="10000" duration="16088000"/>
			<Sample nodeCount="34" insertCount="10000" extractCount="10000" duration="17687000"/>
			<Sample nodeCount="35" insertCount="10000" extractCount="10000" duration="18206000"/>
			<Sample nodeCount="36" insertCount="10000" extractCount="10000" duration="18511000"/>
			<Sample nodeCount="37" insertCount="10000" extractCount="10000" duration="19108000"/>
			<Sample nodeCount="38" insertCount="10000" extractCount="10000" duration="20262000"/>
			<Sample nodeCount="39" insertCount="10000" extractCount="10000" duration="20625000"/>
			<Sample nodeCount="40" insertCount="10000" extractCount="10000" duration="21468000"/>
			<Sample nodeCount="41" insertCount="10000" extractCount="10000" duration="21798000"/>
			<Sample nodeCount="42" insertCount="10000" extractCount="10000" duration="23161000"/>
			<Sample nodeCount="43" insertCount="10000" extractCount="10000" duration="23490000"/>
			<Sample nodeCount="44" insertCount="10000" extractCount="10000" duration="23760000"/>
			<Sample nodeCount="45" insertCount="10000" extractCount="10000" duration="24246000"/>
			<Sample nodeCount="46" insertCount="10000" extractCount="10000" duration="25549000"/>
			<Sample nodeCount="47" insertCount="10000" extractCount="10000" duration="26004000"/>
			<Sample nodeCount="48" insertCount="10000" extractCount="10000" duration="27369000"/>
			<Sample nodeCount="49" insertCount="10000" extractCount="10000" duration="27116000"/>
			<Sample nodeCount="50" insertCount="10000" extractCount="10000" duration="28508000"/>
			<Sample nodeCount="51" insertCount="10000" extractCount="10000" duration="29656000"/>
			<Sample nodeCount="52" insertCount="10000" extractCount="10000" duration="30096000"/>
			<Sample nodeCount="53" insertCount="10000" extractCount="10000" duration="30398000"/>
			<Sample nodeCount="54" insertCount="10000" extractCount="10000" duration="32245000"/>
			<Sample nodeCount="55" insertCount="10000" extractCount="10000" duration="31879000"/>
			<Sample nodeCount="56" insertCount="10000" extractCount="10000" duration="33291000"/>
			<Sample nodeCount="57" insertCount="10000" extractCount="10000" duration="33507000"/>
			<Sample nodeCount="58" insertCount="10000" extractCount="10000" duration="35497000"/>
			<Sample nodeCount="59" insertCount="10000" extractCount="10000" duration="35313000"/>
			<Sample nodeCount="60" insertCount="10000" extractCount="10000" duration="35670000"/>
			<Sample nodeCount="61" insertCount="10000" extractCount="10000" duration="36425000"/>
			<Sample nodeCount="62" insertCount="10000" extractCount="10000" duration="37984000"/>
			<Sample nodeCount="63" insertCount="10000" extractCount="10000" duration="38291000"/>
			<Sample nodeCount="64" insertCount="10000" extractCount="10000" duration="38849000"/>
			<Sample nodeCount="65" insertCount="10000" extractCount="10000" duration="39627000"/>
			<Sample nodeCount="66" insertCount="10000" extractCount="10000" duration="41161000"/>
			<Sample nodeCount="67" insertCount="10000" extractCount="10000" duration="41789000"/>
			<Sample nodeCount="68" insertCount="10000" extractCount="10000" duration="42941000"/>
			<Sample nodeCount="69" insertCount="10000" extractCount="10000" duration="42505000"/>
			<Sample nodeCount="70" insertCount="10000" extractCount="10000" duration="44189000"/>
			<Sample nodeCount="71" insertCount="10000" extractCount="10000" duration="45872000"/>
			<Sample nodeCount="72" insertCount="10000" extractCount="10000" duration="45476000"/>
			<Sample nodeCount="73" insertCount="10000" extractCount="10000" duration="46115000"/>
			<Sample nodeCount="74" insertCount="10000" extractCount="10000" duration="47510000"/>
			<Sample nodeCount="75" insertCount="10000" extractCount="10000" duration="48207000"/>
			<Sample nodeCount="76" insertCount="10000" extractCount="10000" duration="48425000"/>
			<Sample nodeCount="77" insertCount="10000" extractCount="10000" duration="48761000"/>
			<Sample nodeCount="78" insertCount="10000" extractCount="10000" duration="49888000"/>
			<Sample nodeCount="79" insertCount="10000" extractCount="10000" duration="51529000"/>
			<Sample nodeCount="80" insertCount="10000" extractCount="10000" duration="51368000"/>
			<Sample nodeCount="81" insertCount="10000" extractCount="10000" duration="51623000"/>
			<Sample nodeCount="82" insertCount="10000" extractCount="10000" duration="53281000"/>
			<Sample nodeCount="83" insertCount="10000" extractCount="10000" duration="53844000"/>
			<Sample nodeCount="84" insertCount="10000" extractCount="10000" duration="53882000"/>
			<Sample nodeCount="85" insertCount="10000" extractCount="10000" duration="54191000"/>
			<Sample nodeCount="86" insertCount="10000" extractCount="10000" duration="56120000"/>
			<Sample nodeCount="87" insertCount="10000" extractCount="10000" duration="56608000"/>
			<Sample nodeCount="88" insertCount="10000" extractCount="10000" duration="57232000"/>
			<Sample nodeCount="89" insertCount="10000" extractCount="10000" duration="57180000"/>
			<Sample nodeCount="90" insertCount="10000" extractCount="10000" duration="59437000"/>
			<Sample nodeCount="91" insertCount="10000" extractCount="10000" duration="58761000"/>
			<Sample nodeCount="92" insertCount="10000" extractCount="10000" duration="60105000"/>
			<Sample nodeCount="93" insertCount="10000" extractCount="10000" duration="60531000"/>
			<Sample nodeCount="94" insertCount="10000" extractCount="10000" duration="61925000"/>
			<Sample nodeCount="95" insertCount="10000" extractCount="10000" duration="63223000"/>
			<Sample nodeCount="96" insertCount="10000" extractCount="10000" duration="62993000"/>
			<Sample nodeCount="97" insertCount="10000" extractCount="10000" duration="63493000"/>
			<Sample nodeCount="98" insertCount="10000" extractCount="10000" duration="65243000"/>
			<Sample nodeCount="99" insertCount="10000" extractCount="10000" duration="65622000"/>
			<Sample nodeCount="100" insertCount="10000" extractCount="10000" duration="67565000"/>
			<Sample nodeCount="101" insertCount="10000" extractCount="10000" duration="66577000"/>
			<Sample nodeCount="102" insertCount="10000" extractCount="10000" duration="67623000"/>
			<Sample nodeCount="103" insertCount="10000" extractCount="10000" duration="68788000"/>
			<Sample nodeCount="104" insertCount="10000" extractCount="10000" duration="69743000"/>
			<Sample nodeCount="105" insertCount="10000" extractCount="10000" duration="70471000"/>
			<Sample nodeCount="106" insertCount="10000" extractCount="10000" duration="71601000"/>
			<Sample nodeCount="107" insertCount="10000" extractCount="10000" duration="72260000"/>
			<Sample nodeCount="108" insertCount="10000" extractCount="10000" duration="72585000"/>
			<Sample nodeCount="109" insertCount="10000" extractCount="10000" duration="73306000"/>
			<Sample nodeCount="110" insertCount="10000" extractCount="10000" duration="74447000"/>
			<Sample nodeCount="111" insertCount="10000" extractCount="10000" duration="76070000"/>
			<Sample nodeCount="112" insertCount="10000" extractCount="10000" duration="75423000"/>
			<Sample nodeCount="113" insertCount="10000" extractCount="10000" duration="75293000"/>
			<Sample nodeCount="114" insertCount="10000" extractCount="10000" duration="77500000"/>
			<Sample nodeCount="115" insertCount="10000" extractCount="10000" duration="79014000"/>
			<Sample nodeCount="116" insertCount="10000" extractCount="10000" duration="78546000"/>
			<Sample nodeCount="117" insertCount="10000" extractCount="10000" duration="79242000"/>
			<Sample nodeCount="118" insertCount="10000" extractCount="10000" duration="80690000"/>
			<Sample nodeCount="119" insertCount="10000" extractCount="10000" duration="81117000"/>
			<Sample nodeCount="120" insertCount="10000" extractCount="10000" duration="81564000"/>
			<Sample nodeCount="121" insertCount="10000" extractCount="10000" duration="81681000"/>
			<Sample nodeCount="122" insertCount="10000" extractCount="10000" duration="83869000"/>
			<Sample nodeCount="123" insertCount="10000" extractCount="10000" duration="84054000"/>
			<Sample nodeCount="124" insertCount="10000" extractCount="10000" duration="84239000"/>
			<Sample nodeCount="125" insertCount="10000" extractCount="10000" duration="86236000"/>
			<Sample nodeCount="126" insertCount="10000" extractCount="10000" duration="87469000"/>
			<Sample nodeCount="127" insertCount="10000" extractCount="10000" duration="87702000"/>
		</SmallSetLinear>
		<LargeSetLinear>
		</LargeSetLinear>
	</RBTest>
</RBTestCollection>
