<RBTestCollection platform="Linux" compiler="GCC 4.8.1" timeUnit="ns">
	<RBTest implementation="LLRB" nodeSize="32">
		<SmallSetRandomOps>
			<Sample nodeCount="1" insertCount="62" extractCount="61" duration="0"/>
			<Sample nodeCount="2" insertCount="123" extractCount="123" duration="0"/>
			<Sample nodeCount="3" insertCount="186" extractCount="183" duration="0"/>
			<Sample nodeCount="4" insertCount="247" extractCount="245" duration="0"/>
			<Sample nodeCount="5" insertCount="309" extractCount="306" duration="0"/>
			<Sample nodeCount="6" insertCount="370" extractCount="368" duration="0"/>
			<Sample nodeCount="7" insertCount="433" extractCount="428" duration="0"/>
			<Sample nodeCount="8" insertCount="493" extractCount="491" duration="1000000"/>
			<Sample nodeCount="9" insertCount="557" extractCount="550" duration="0"/>
			<Sample nodeCount="10" insertCount="619" extractCount="611" duration="0"/>
			<Sample nodeCount="11" insertCount="680" extractCount="673" duration="0"/>
			<Sample nodeCount="12" insertCount="740" extractCount="736" duration="0"/>
			<Sample nodeCount="13" insertCount="803" extractCount="796" duration="0"/>
			<Sample nodeCount="14" insertCount="864" extractCount="858" duration="0"/>
			<Sample nodeCount="15" insertCount="927" extractCount="918" duration="1000000"/>
			<Sample nodeCount="16" insertCount="988" extractCount="980" duration="0"/>
			<Sample nodeCount="17" insertCount="1050" extractCount="1041" duration="0"/>
			<Sample nodeCount="18" insertCount="1113" extractCount="1101" duration="0"/>
			<Sample nodeCount="19" insertCount="1172" extractCount="1165" duration="1000000"/>
			<Sample nodeCount="20" insertCount="1237" extractCount="1223" duration="0"/>
			<Sample nodeCount="21" insertCount="1296" extractCount="1287" duration="0"/>
			<Sample nodeCount="22" insertCount="1359" extractCount="1347" duration="0"/>
			<Sample nodeCount="23" insertCount="1419" extractCount="1410" duration="1000000"/>
			<Sample nodeCount="24" insertCount="1484" extractCount="1468" duration="0"/>
			<Sample nodeCount="25" insertCount="1544" extractCount="1531" duration="0"/>
			<Sample nodeCount="26" insertCount="1604" extractCount="1594" duration="1000000"/>
			<Sample nodeCount="27" insertCount="1668" extractCount="1653" duration="0"/>
			<Sample nodeCount="28" insertCount="1729" extractCount="1715" duration="1000000"/>
			<Sample nodeCount="29" insertCount="1790" extractCount="1777" duration="0"/>
			<Sample nodeCount="30" insertCount="1851" extractCount="1839" duration="0"/>
			<Sample nodeCount="31" insertCount="1914" extractCount="1899" duration="1000000"/>
			<Sample nodeCount="32" insertCount="1977" extractCount="1959" duration="0"/>
			<Sample nodeCount="33" insertCount="2041" extractCount="2018" duration="1000000"/>
			<Sample nodeCount="34" insertCount="2097" extractCount="2085" duration="0"/>
			<Sample nodeCount="35" insertCount="2160" extractCount="2145" duration="1000000"/>
			<Sample nodeCount="36" insertCount="2221" extractCount="2207" duration="1000000"/>
			<Sample nodeCount="37" insertCount="2285" extractCount="2266" duration="0"/>
			<Sample nodeCount="38" insertCount="2346" extractCount="2328" duration="1000000"/>
			<Sample nodeCount="39" insertCount="2408" extractCount="2389" duration="1000000"/>
			<Sample nodeCount="40" insertCount="2471" extractCount="2449" duration="0"/>
			<Sample nodeCount="41" insertCount="2531" extractCount="2512" duration="1000000"/>
			<Sample nodeCount="42" insertCount="2593" extractCount="2573" duration="1000000"/>
			<Sample nodeCount="43" insertCount="2656" extractCount="2633" duration="1000000"/>
			<Sample nodeCount="44" insertCount="2717" extractCount="2695" duration="1000000"/>
			<Sample nodeCount="45" insertCount="2776" extractCount="2759" duration="0"/>
			<Sample nodeCount="46" insertCount="2840" extractCount="2818" duration="1000000"/>
			<Sample nodeCount="47" insertCount="2902" extractCount="2879" duration="1000000"/>
			<Sample nodeCount="48" insertCount="2966" extractCount="2938" duration="1000000"/>
			<Sample nodeCount="49" insertCount="3026" extractCount="3001" duration="1000000"/>
			<Sample nodeCount="50" insertCount="3084" extractCount="3066" duration="1000000"/>
			<Sample nodeCount="51" insertCount="3151" extractCount="3122" duration="1000000"/>
			<Sample nodeCount="52" insertCount="3209" extractCount="3187" duration="0"/>
			<Sample nodeCount="53" insertCount="3273" extractCount="3246" duration="1000000"/>
			<Sample nodeCount="54" insertCount="3337" extractCount="3305" duration="1000000"/>
			<Sample nodeCount="55" insertCount="3400" extractCount="3365" duration="1000000"/>
			<Sample nodeCount="56" insertCount="3458" extractCount="3430" duration="1000000"/>
			<Sample nodeCount="57" insertCount="3521" extractCount="3490" duration="1000000"/>
			<Sample nodeCount="58" insertCount="3580" extractCount="3554" duration="2000000"/>
			<Sample nodeCount="59" insertCount="3647" extractCount="3610" duration="1000000"/>
			<Sample nodeCount="60" insertCount="3706" extractCount="3674" duration="1000000"/>
			<Sample nodeCount="61" insertCount="3766" extractCount="3737" duration="1000000"/>
			<Sample nodeCount="62" insertCount="3828" extractCount="3798" duration="1000000"/>
			<Sample nodeCount="63" insertCount="3888" extractCount="3861" duration="1000000"/>
			<Sample nodeCount="64" insertCount="3952" extractCount="3920" duration="1000000"/>
			<Sample nodeCount="65" insertCount="4014" extractCount="3981" duration="2000000"/>
			<Sample nodeCount="66" insertCount="4077" extractCount="4041" duration="1000000"/>
			<Sample nodeCount="67" insertCount="4136" extractCount="4105" duration="1000000"/>
			<Sample nodeCount="68" insertCount="4200" extractCount="4164" duration="2000000"/>
			<Sample nodeCount="69" insertCount="4263" extractCount="4224" duration="1000000"/>
			<Sample nodeCount="70" insertCount="4325" extractCount="4285" duration="1000000"/>
			<Sample nodeCount="71" insertCount="4381" extractCount="4352" duration="2000000"/>
			<Sample nodeCount="72" insertCount="4448" extractCount="4408" duration="1000000"/>
			<Sample nodeCount="73" insertCount="4507" extractCount="4472" duration="2000000"/>
			<Sample nodeCount="74" insertCount="4571" extractCount="4531" duration="1000000"/>
			<Sample nodeCount="75" insertCount="4631" extractCount="4594" duration="1000000"/>
			<Sample nodeCount="76" insertCount="4693" extractCount="4655" duration="2000000"/>
			<Sample nodeCount="77" insertCount="4755" extractCount="4716" duration="1000000"/>
			<Sample nodeCount="78" insertCount="4817" extractCount="4777" duration="1000000"/>
			<Sample nodeCount="79" insertCount="4877" extractCount="4840" duration="2000000"/>
			<Sample nodeCount="80" insertCount="4942" extractCount="4898" duration="1000000"/>
			<Sample nodeCount="81" insertCount="5002" extractCount="4961" duration="2000000"/>
			<Sample nodeCount="82" insertCount="5063" extractCount="5023" duration="2000000"/>
			<Sample nodeCount="83" insertCount="5124" extractCount="5085" duration="1000000"/>
			<Sample nodeCount="84" insertCount="5187" extractCount="5145" duration="2000000"/>
			<Sample nodeCount="85" insertCount="5250" extractCount="5205" duration="2000000"/>
			<Sample nodeCount="86" insertCount="5314" extractCount="5264" duration="2000000"/>
			<Sample nodeCount="87" insertCount="5374" extractCount="5327" duration="1000000"/>
			<Sample nodeCount="88" insertCount="5432" extractCount="5392" duration="2000000"/>
			<Sample nodeCount="89" insertCount="5490" extractCount="5457" duration="2000000"/>
			<Sample nodeCount="90" insertCount="5559" extractCount="5511" duration="2000000"/>
			<Sample nodeCount="91" insertCount="5621" extractCount="5572" duration="2000000"/>
			<Sample nodeCount="92" insertCount="5680" extractCount="5636" duration="2000000"/>
			<Sample nodeCount="93" insertCount="5740" extractCount="5699" duration="2000000"/>
			<Sample nodeCount="94" insertCount="5803" extractCount="5759" duration="2000000"/>
			<Sample nodeCount="95" insertCount="5862" extractCount="5823" duration="2000000"/>
			<Sample nodeCount="96" insertCount="5929" extractCount="5879" duration="2000000"/>
			<Sample nodeCount="97" insertCount="5993" extractCount="5938" duration="2000000"/>
			<Sample nodeCount="98" insertCount="6055" extractCount="5999" duration="2000000"/>
			<Sample nodeCount="99" insertCount="6113" extractCount="6064" duration="2000000"/>
			<Sample nodeCount="100" insertCount="6172" extractCount="6128" duration="2000000"/>
			<Sample nodeCount="101" insertCount="6238" extractCount="6185" duration="2000000"/>
			<Sample nodeCount="102" insertCount="6299" extractCount="6247" duration="3000000"/>
			<Sample nodeCount="103" insertCount="6363" extractCount="6306" duration="2000000"/>
			<Sample nodeCount="104" insertCount="6426" extractCount="6366" duration="2000000"/>
			<Sample nodeCount="105" insertCount="6481" extractCount="6434" duration="2000000"/>
			<Sample nodeCount="106" insertCount="6544" extractCount="6494" duration="3000000"/>
			<Sample nodeCount="107" insertCount="6607" extractCount="6554" duration="2000000"/>
			<Sample nodeCount="108" insertCount="6669" extractCount="6615" duration="2000000"/>
			<Sample nodeCount="109" insertCount="6732" extractCount="6675" duration="3000000"/>
			<Sample nodeCount="110" insertCount="6794" extractCount="6736" duration="2000000"/>
			<Sample nodeCount="111" insertCount="6852" extractCount="6801" duration="3000000"/>
			<Sample nodeCount="112" insertCount="6918" extractCount="6858" duration="2000000"/>
			<Sample nodeCount="113" insertCount="6981" extractCount="6918" duration="3000000"/>
			<Sample nodeCount="114" insertCount="7041" extractCount="6981" duration="2000000"/>
			<Sample nodeCount="115" insertCount="7103" extractCount="7042" duration="3000000"/>
			<Sample nodeCount="116" insertCount="7164" extractCount="7104" duration="2000000"/>
			<Sample nodeCount="117" insertCount="7225" extractCount="7166" duration="3000000"/>
			<Sample nodeCount="118" insertCount="7291" extractCount="7223" duration="3000000"/>
			<Sample nodeCount="119" insertCount="7350" extractCount="7287" duration="2000000"/>
			<Sample nodeCount="120" insertCount="7410" extractCount="7350" duration="3000000"/>
			<Sample nodeCount="121" insertCount="7471" extractCount="7412" duration="3000000"/>
			<Sample nodeCount="122" insertCount="7537" extractCount="7469" duration="2000000"/>
			<Sample nodeCount="123" insertCount="7593" extractCount="7536" duration="3000000"/>
			<Sample nodeCount="124" insertCount="7658" extractCount="7594" duration="3000000"/>
			<Sample nodeCount="125" insertCount="7718" extractCount="7657" duration="3000000"/>
			<Sample nodeCount="126" insertCount="7781" extractCount="7717" duration="3000000"/>
			<Sample nodeCount="127" insertCount="7840" extractCount="7781" duration="3000000"/>
		</SmallSetRandomOps>
		<LargeSetRandomOps>
		</LargeSetRandomOps>
		<SmallSetLinear>
			<Sample nodeCount="1" insertCount="10000" extractCount="10000" duration="0"/>
			<Sample nodeCount="2" insertCount="10000" extractCount="10000" duration="0"/>
			<Sample nodeCount="3" insertCount="10000" extractCount="10000" duration="1000000"/>
			<Sample nodeCount="4" insertCount="10000" extractCount="10000" duration="2000000"/>
			<Sample nodeCount="5" insertCount="10000" extractCount="10000" duration="2000000"/>
			<Sample nodeCount="6" insertCount="10000" extractCount="10000" duration="3000000"/>
			<Sample nodeCount="7" insertCount="10000" extractCount="10000" duration="4000000"/>
			<Sample nodeCount="8" insertCount="10000" extractCount="10000" duration="5000000"/>
			<Sample nodeCount="9" insertCount="10000" extractCount="10000" duration="5000000"/>
			<Sample nodeCount="10" insertCount="10000" extractCount="10000" duration="6000000"/>
			<Sample nodeCount="11" insertCount="10000" extractCount="10000" duration="8000000"/>
			<Sample nodeCount="12" insertCount="10000" extractCount="10000" duration="8000000"/>
			<Sample nodeCount="13" insertCount="10000" extractCount="10000" duration="9000000"/>
			<Sample nodeCount="14" insertCount="10000" extractCount="10000" duration="10000000"/>
			<Sample nodeCount="15" insertCount="10000" extractCount="10000" duration="11000000"/>
			<Sample nodeCount="16" insertCount="10000" extractCount="10000" duration="11000000"/>
			<Sample nodeCount="17" insertCount="10000" extractCount="10000" duration="12000000"/>
			<Sample nodeCount="18" insertCount="10000" extractCount="10000" duration="12000000"/>
			<Sample nodeCount="19" insertCount="10000" extractCount="10000" duration="12000000"/>
			<Sample nodeCount="20" insertCount="10000" extractCount="10000" duration="14000000"/>
			<Sample nodeCount="21" insertCount="10000" extractCount="10000" duration="14000000"/>
			<Sample nodeCount="22" insertCount="10000" extractCount="10000" duration="15000000"/>
			<Sample nodeCount="23" insertCount="10000" extractCount="10000" duration="16000000"/>
			<Sample nodeCount="24" insertCount="10000" extractCount="10000" duration="17000000"/>
			<Sample nodeCount="25" insertCount="10000" extractCount="10000" duration="19000000"/>
			<Sample nodeCount="26" insertCount="10000" extractCount="10000" duration="18000000"/>
			<Sample nodeCount="27" insertCount="10000" extractCount="10000" duration="21000000"/>
			<Sample nodeCount="28" insertCount="10000" extractCount="10000" duration="22000000"/>
			<Sample nodeCount="29" insertCount="10000" extractCount="10000" duration="22000000"/>
			<Sample nodeCount="30" insertCount="10000" extractCount="10000" duration="22000000"/>
			<Sample nodeCount="31" insertCount="10000" extractCount="10000" duration="25000000"/>
			<Sample nodeCount="32" insertCount="10000" extractCount="10000" duration="26000000"/>
			<Sample nodeCount="33" insertCount="10000" extractCount="10000" duration="26000000"/>
			<Sample nodeCount="34" insertCount="10000" extractCount="10000" duration="27000000"/>
			<Sample nodeCount="35" insertCount="10000" extractCount="10000" duration="29000000"/>
			<Sample nodeCount="36" insertCount="10000" extractCount="10000" duration="30000000"/>
			<Sample nodeCount="37" insertCount="10000" extractCount="10000" duration="30000000"/>
			<Sample nodeCount="38" insertCount="10000" extractCount="10000" duration="31000000"/>
			<Sample nodeCount="39" insertCount="10000" extractCount="10000" duration="33000000"/>
			<Sample nodeCount="40" insertCount="10000" extractCount="10000" duration="34000000"/>
			<Sample nodeCount="41" insertCount="10000" extractCount="10000" duration="35000000"/>
			<Sample nodeCount="42" insertCount="10000" extractCount="10000" duration="36000000"/>
			<Sample nodeCount="43" insertCount="10000" extractCount="10000" duration="38000000"/>
			<Sample nodeCount="44" insertCount="10000" extractCount="10000" duration="38000000"/>
			<Sample nodeCount="45" insertCount="10000" extractCount="10000" duration="38000000"/>
			<Sample nodeCount="46" insertCount="10000" extractCount="10000" duration="40000000"/>
			<Sample nodeCount="47" insertCount="10000" extractCount="10000" duration="43000000"/>
			<Sample nodeCount="48" insertCount="10000" extractCount="10000" duration="43000000"/>
			<Sample nodeCount="49" insertCount="10000" extractCount="10000" duration="45000000"/>
			<Sample nodeCount="50" insertCount="10000" extractCount="10000" duration="45000000"/>
			<Sample nodeCount="51" insertCount="10000" extractCount="10000" duration="47000000"/>
			<Sample nodeCount="52" insertCount="10000" extractCount="10000" duration="48000000"/>
			<Sample nodeCount="53" insertCount="10000" extractCount="10000" duration="49000000"/>
			<Sample nodeCount="54" insertCount="10000" extractCount="10000" duration="50000000"/>
			<Sample nodeCount="55" insertCount="10000" extractCount="10000" duration="52000000"/>
			<Sample nodeCount="56" insertCount="10000" extractCount="10000" duration="53000000"/>
			<Sample nodeCount="57" insertCount="10000" extractCount="10000" duration="54000000"/>
			<Sample nodeCount="58" insertCount="10000" extractCount="10000" duration="55000000"/>
			<Sample nodeCount="59" insertCount="10000" extractCount="10000" duration="56000000"/>
			<Sample nodeCount="60" insertCount="10000" extractCount="10000" duration="57000000"/>
			<Sample nodeCount="61" insertCount="10000" extractCount="10000" duration="58000000"/>
			<Sample nodeCount="62" insertCount="10000" extractCount="10000" duration="59000000"/>
			<Sample nodeCount="63" insertCount="10000" extractCount="10000" duration="63000000"/>
			<Sample nodeCount="64" insertCount="10000" extractCount="10000" duration="65000000"/>
			<Sample nodeCount="65" insertCount="10000" extractCount="10000" duration="65000000"/>
			<Sample nodeCount="66" insertCount="10000" extractCount="10000" duration="66000000"/>
			<Sample nodeCount="67" insertCount="10000" extractCount="10000" duration="67000000"/>
			<Sample nodeCount="68" insertCount="10000" extractCount="10000" duration="68000000"/>
			<Sample nodeCount="69" insertCount="10000" extractCount="10000" duration="68000000"/>
			<Sample nodeCount="70" insertCount="10000" extractCount="10000" duration="69000000"/>
			<Sample nodeCount="71" insertCount="10000" extractCount="10000" duration="73000000"/>
			<Sample nodeCount="72" insertCount="10000" extractCount="10000" duration="73000000"/>
			<Sample nodeCount="73" insertCount="10000" extractCount="10000" duration="74000000"/>
			<Sample nodeCount="74" insertCount="10000" extractCount="10000" duration="77000000"/>
			<Sample nodeCount="75" insertCount="10000" extractCount="10000" duration="77000000"/>
			<Sample nodeCount="76" insertCount="10000" extractCount="10000" duration="78000000"/>
			<Sample nodeCount="77" insertCount="10000" extractCount="10000" duration="79000000"/>
			<Sample nodeCount="78" insertCount="10000" extractCount="10000" duration="79000000"/>
			<Sample nodeCount="79" insertCount="10000" extractCount="10000" duration="83000000"/>
			<Sample nodeCount="80" insertCount="10000" extractCount="10000" duration="85000000"/>
			<Sample nodeCount="81" insertCount="10000" extractCount="10000" duration="85000000"/>
			<Sample nodeCount="82" insertCount="10000" extractCount="10000" duration="87000000"/>
			<Sample nodeCount="83" insertCount="10000" extractCount="10000" duration="90000000"/>
			<Sample nodeCount="84" insertCount="10000" extractCount="10000" duration="90000000"/>
			<Sample nodeCount="85" insertCount="10000" extractCount="10000" duration="90000000"/>
			<Sample nodeCount="86" insertCount="10000" extractCount="10000" duration="92000000"/>
			<Sample nodeCount="87" insertCount="10000" extractCount="10000" duration="94000000"/>
			<Sample nodeCount="88" insertCount="10000" extractCount="10000" duration="95000000"/>
			<Sample nodeCount="89" insertCount="10000" extractCount="10000" duration="96000000"/>
			<Sample nodeCount="90" insertCount="10000" extractCount="10000" duration="96000000"/>
			<Sample nodeCount="91" insertCount="10000" extractCount="10000" duration="98000000"/>
			<Sample nodeCount="92" insertCount="10000" extractCount="10000" duration="97000000"/>
			<Sample nodeCount="93" insertCount="10000" extractCount="10000" duration="98000000"/>
			<Sample nodeCount="94" insertCount="10000" extractCount="10000" duration="100000000"/>
			<Sample nodeCount="95" insertCount="10000" extractCount="10000" duration="111000000"/>
			<Sample nodeCount="96" insertCount="10000" extractCount="10000" duration="114000000"/>
			<Sample nodeCount="97" insertCount="10000" extractCount="10000" duration="112000000"/>
			<Sample nodeCount="98" insertCount="10000" extractCount="10000" duration="111000000"/>
			<Sample nodeCount="99" insertCount="10000" extractCount="10000" duration="113000000"/>
			<Sample nodeCount="100" insertCount="10000" extractCount="10000" duration="111000000"/>
			<Sample nodeCount="101" insertCount="10000" extractCount="10000" duration="114000000"/>
			<Sample nodeCount="102" insertCount="10000" extractCount="10000" duration="115000000"/>
			<Sample nodeCount="103" insertCount="10000" extractCount="10000" duration="119000000"/>
			<Sample nodeCount="104" insertCount="10000" extractCount="10000" duration="120000000"/>
			<Sample nodeCount="105" insertCount="10000" extractCount="10000" duration="118000000"/>
			<Sample nodeCount="106" insertCount="10000" extractCount="10000" duration="118000000"/>
			<Sample nodeCount="107" insertCount="10000" extractCount="10000" duration="121000000"/>
			<Sample nodeCount="108" insertCount="10000" extractCount="10000" duration="123000000"/>
			<Sample nodeCount="109" insertCount="10000" extractCount="10000" duration="123000000"/>
			<Sample nodeCount="110" insertCount="10000" extractCount="10000" duration="124000000"/>
			<Sample nodeCount="111" insertCount="10000" extractCount="10000" duration="133000000"/>
			<Sample nodeCount="112" insertCount="10000" extractCount="10000" duration="133000000"/>
			<Sample nodeCount="113" insertCount="10000" extractCount="10000" duration="135000000"/>
			<Sample nodeCount="114" insertCount="10000" extractCount="10000" duration="131000000"/>
			<Sample nodeCount="115" insertCount="10000" extractCount="10000" duration="133000000"/>
			<Sample nodeCount="116" insertCount="10000" extractCount="10000" duration="136000000"/>
			<Sample nodeCount="117" insertCount="10000" extractCount="10000" duration="140000000"/>
			<Sample nodeCount="118" insertCount="10000" extractCount="10000" duration="140000000"/>
			<Sample nodeCount="119" insertCount="10000" extractCount="10000" duration="143000000"/>
			<Sample nodeCount="120" insertCount="10000" extractCount="10000" duration="144000000"/>
			<Sample nodeCount="121" insertCount="10000" extractCount="10000" duration="144000000"/>
			<Sample nodeCount="122" insertCount="10000" extractCount="10000" duration="143000000"/>
			<Sample nodeCount="123" insertCount="10000" extractCount="10000" duration="148000000"/>
			<Sample nodeCount="124" insertCount="10000" extractCount="10000" duration="150000000"/>
			<Sample nodeCount="125" insertCount="10000" extractCount="10000" duration="152000000"/>
			<Sample nodeCount="126" insertCount="10000" extractCount="10000" duration="153000000"/>
			<Sample nodeCount="127" insertCount="10000" extractCount="10000" duration="166000000"/>
		</SmallSetLinear>
		<LargeSetLinear>
		</LargeSetLinear>
	</RBTest>
	<RBTest implementation="Eternally Confuzzled" nodeSize="24">
		<SmallSetRandomOps>
			<Sample nodeCount="1" insertCount="62" extractCount="61" duration="0"/>
			<Sample nodeCount="2" insertCount="123" extractCount="123" duration="0"/>
			<Sample nodeCount="3" insertCount="185" extractCount="184" duration="0"/>
			<Sample nodeCount="4" insertCount="247" extractCount="245" duration="0"/>
			<Sample nodeCount="5" insertCount="309" extractCount="306" duration="0"/>
			<Sample nodeCount="6" insertCount="371" extractCount="367" duration="0"/>
			<Sample nodeCount="7" insertCount="432" extractCount="429" duration="0"/>
			<Sample nodeCount="8" insertCount="494" extractCount="490" duration="0"/>
			<Sample nodeCount="9" insertCount="554" extractCount="553" duration="0"/>
			<Sample nodeCount="10" insertCount="619" extractCount="611" duration="1000000"/>
			<Sample nodeCount="11" insertCount="680" extractCount="673" duration="0"/>
			<Sample nodeCount="12" insertCount="741" extractCount="735" duration="0"/>
			<Sample nodeCount="13" insertCount="803" extractCount="796" duration="0"/>
			<Sample nodeCount="14" insertCount="866" extractCount="856" duration="0"/>
			<Sample nodeCount="15" insertCount="927" extractCount="918" duration="0"/>
			<Sample nodeCount="16" insertCount="987" extractCount="981" duration="0"/>
			<Sample nodeCount="17" insertCount="1050" extractCount="1041" duration="0"/>
			<Sample nodeCount="18" insertCount="1113" extractCount="1101" duration="0"/>
			<Sample nodeCount="19" insertCount="1173" extractCount="1164" duration="0"/>
			<Sample nodeCount="20" insertCount="1235" extractCount="1225" duration="1000000"/>
			<Sample nodeCount="21" insertCount="1295" extractCount="1288" duration="0"/>
			<Sample nodeCount="22" insertCount="1359" extractCount="1347" duration="0"/>
			<Sample nodeCount="23" insertCount="1421" extractCount="1408" duration="0"/>
			<Sample nodeCount="24" insertCount="1482" extractCount="1470" duration="0"/>
			<Sample nodeCount="25" insertCount="1544" extractCount="1531" duration="1000000"/>
			<Sample nodeCount="26" insertCount="1606" extractCount="1592" duration="0"/>
			<Sample nodeCount="27" insertCount="1667" extractCount="1654" duration="0"/>
			<Sample nodeCount="28" insertCount="1730" extractCount="1714" duration="0"/>
			<Sample nodeCount="29" insertCount="1790" extractCount="1777" duration="1000000"/>
			<Sample nodeCount="30" insertCount="1853" extractCount="1837" duration="0"/>
			<Sample nodeCount="31" insertCount="1915" extractCount="1898" duration="0"/>
			<Sample nodeCount="32" insertCount="1976" extractCount="1960" duration="0"/>
			<Sample nodeCount="33" insertCount="2035" extractCount="2024" duration="1000000"/>
			<Sample nodeCount="34" insertCount="2099" extractCount="2083" duration="0"/>
			<Sample nodeCount="35" insertCount="2163" extractCount="2142" duration="0"/>
			<Sample nodeCount="36" insertCount="2221" extractCount="2207" duration="1000000"/>
			<Sample nodeCount="37" insertCount="2285" extractCount="2266" duration="0"/>
			<Sample nodeCount="38" insertCount="2348" extractCount="2326" duration="0"/>
			<Sample nodeCount="39" insertCount="2407" extractCount="2390" duration="1000000"/>
			<Sample nodeCount="40" insertCount="2469" extractCount="2451" duration="0"/>
			<Sample nodeCount="41" insertCount="2531" extractCount="2512" duration="1000000"/>
			<Sample nodeCount="42" insertCount="2594" extractCount="2572" duration="0"/>
			<Sample nodeCount="43" insertCount="2655" extractCount="2634" duration="1000000"/>
			<Sample nodeCount="44" insertCount="2717" extractCount="2695" duration="0"/>
			<Sample nodeCount="45" insertCount="2778" extractCount="2757" duration="0"/>
			<Sample nodeCount="46" insertCount="2842" extractCount="2816" duration="1000000"/>
			<Sample nodeCount="47" insertCount="2903" extractCount="2878" duration="0"/>
			<Sample nodeCount="48" insertCount="2963" extractCount="2941" duration="1000000"/>
			<Sample nodeCount="49" insertCount="3027" extractCount="3000" duration="0"/>
			<Sample nodeCount="50" insertCount="3085" extractCount="3065" duration="1000000"/>
			<Sample nodeCount="51" insertCount="3148" extractCount="3125" duration="0"/>
			<Sample nodeCount="52" insertCount="3210" extractCount="3186" duration="1000000"/>
			<Sample nodeCount="53" insertCount="3270" extractCount="3249" duration="0"/>
			<Sample nodeCount="54" insertCount="3333" extractCount="3309" duration="1000000"/>
			<Sample nodeCount="55" insertCount="3394" extractCount="3371" duration="0"/>
			<Sample nodeCount="56" insertCount="3457" extractCount="3431" duration="1000000"/>
			<Sample nodeCount="57" insertCount="3521" extractCount="3490" duration="1000000"/>
			<Sample nodeCount="58" insertCount="3583" extractCount="3551" duration="0"/>
			<Sample nodeCount="59" insertCount="3645" extractCount="3612" duration="1000000"/>
			<Sample nodeCount="60" insertCount="3706" extractCount="3674" duration="1000000"/>
			<Sample nodeCount="61" insertCount="3768" extractCount="3735" duration="0"/>
			<Sample nodeCount="62" insertCount="3827" extractCount="3799" duration="1000000"/>
			<Sample nodeCount="63" insertCount="3893" extractCount="3856" duration="0"/>
			<Sample nodeCount="64" insertCount="3953" extractCount="3919" duration="1000000"/>
			<Sample nodeCount="65" insertCount="4013" extractCount="3982" duration="1000000"/>
			<Sample nodeCount="66" insertCount="4076" extractCount="4042" duration="1000000"/>
			<Sample nodeCount="67" insertCount="4138" extractCount="4103" duration="0"/>
			<Sample nodeCount="68" insertCount="4195" extractCount="4169" duration="1000000"/>
			<Sample nodeCount="69" insertCount="4261" extractCount="4226" duration="1000000"/>
			<Sample nodeCount="70" insertCount="4321" extractCount="4289" duration="1000000"/>
			<Sample nodeCount="71" insertCount="4387" extractCount="4346" duration="0"/>
			<Sample nodeCount="72" insertCount="4451" extractCount="4405" duration="1000000"/>
			<Sample nodeCount="73" insertCount="4507" extractCount="4472" duration="1000000"/>
			<Sample nodeCount="74" insertCount="4569" extractCount="4533" duration="1000000"/>
			<Sample nodeCount="75" insertCount="4633" extractCount="4592" duration="1000000"/>
			<Sample nodeCount="76" insertCount="4693" extractCount="4655" duration="1000000"/>
			<Sample nodeCount="77" insertCount="4754" extractCount="4717" duration="0"/>
			<Sample nodeCount="78" insertCount="4814" extractCount="4780" duration="1000000"/>
			<Sample nodeCount="79" insertCount="4878" extractCount="4839" duration="1000000"/>
			<Sample nodeCount="80" insertCount="4940" extractCount="4900" duration="1000000"/>
			<Sample nodeCount="81" insertCount="5003" extractCount="4960" duration="1000000"/>
			<Sample nodeCount="82" insertCount="5065" extractCount="5021" duration="1000000"/>
			<Sample nodeCount="83" insertCount="5126" extractCount="5083" duration="1000000"/>
			<Sample nodeCount="84" insertCount="5190" extractCount="5142" duration="1000000"/>
			<Sample nodeCount="85" insertCount="5246" extractCount="5209" duration="1000000"/>
			<Sample nodeCount="86" insertCount="5311" extractCount="5267" duration="1000000"/>
			<Sample nodeCount="87" insertCount="5372" extractCount="5329" duration="1000000"/>
			<Sample nodeCount="88" insertCount="5432" extractCount="5392" duration="1000000"/>
			<Sample nodeCount="89" insertCount="5494" extractCount="5453" duration="1000000"/>
			<Sample nodeCount="90" insertCount="5561" extractCount="5509" duration="1000000"/>
			<Sample nodeCount="91" insertCount="5619" extractCount="5574" duration="1000000"/>
			<Sample nodeCount="92" insertCount="5682" extractCount="5634" duration="1000000"/>
			<Sample nodeCount="93" insertCount="5743" extractCount="5696" duration="2000000"/>
			<Sample nodeCount="94" insertCount="5802" extractCount="5760" duration="1000000"/>
			<Sample nodeCount="95" insertCount="5865" extractCount="5820" duration="1000000"/>
			<Sample nodeCount="96" insertCount="5931" extractCount="5877" duration="1000000"/>
			<Sample nodeCount="97" insertCount="5988" extractCount="5943" duration="1000000"/>
			<Sample nodeCount="98" insertCount="6054" extractCount="6000" duration="1000000"/>
			<Sample nodeCount="99" insertCount="6113" extractCount="6064" duration="2000000"/>
			<Sample nodeCount="100" insertCount="6177" extractCount="6123" duration="1000000"/>
			<Sample nodeCount="101" insertCount="6235" extractCount="6188" duration="1000000"/>
			<Sample nodeCount="102" insertCount="6299" extractCount="6247" duration="2000000"/>
			<Sample nodeCount="103" insertCount="6360" extractCount="6309" duration="1000000"/>
			<Sample nodeCount="104" insertCount="6426" extractCount="6366" duration="1000000"/>
			<Sample nodeCount="105" insertCount="6484" extractCount="6431" duration="2000000"/>
			<Sample nodeCount="106" insertCount="6548" extractCount="6490" duration="1000000"/>
			<Sample nodeCount="107" insertCount="6610" extractCount="6551" duration="1000000"/>
			<Sample nodeCount="108" insertCount="6668" extractCount="6616" duration="2000000"/>
			<Sample nodeCount="109" insertCount="6732" extractCount="6675" duration="1000000"/>
			<Sample nodeCount="110" insertCount="6793" extractCount="6737" duration="2000000"/>
			<Sample nodeCount="111" insertCount="6853" extractCount="6800" duration="1000000"/>
			<Sample nodeCount="112" insertCount="6916" extractCount="6860" duration="1000000"/>
			<Sample nodeCount="113" insertCount="6976" extractCount="6923" duration="2000000"/>
			<Sample nodeCount="114" insertCount="7037" extractCount="6985" duration="1000000"/>
			<Sample nodeCount="115" insertCount="7102" extractCount="7043" duration="2000000"/>
			<Sample nodeCount="116" insertCount="7162" extractCount="7106" duration="2000000"/>
			<Sample nodeCount="117" insertCount="7223" extractCount="7168" duration="1000000"/>
			<Sample nodeCount="118" insertCount="7287" extractCount="7227" duration="2000000"/>
			<Sample nodeCount="119" insertCount="7350" extractCount="7287" duration="1000000"/>
			<Sample nodeCount="120" insertCount="7407" extractCount="7353" duration="2000000"/>
			<Sample nodeCount="121" insertCount="7472" extractCount="7411" duration="1000000"/>
			<Sample nodeCount="122" insertCount="7532" extractCount="7474" duration="2000000"/>
			<Sample nodeCount="123" insertCount="7596" extractCount="7533" duration="2000000"/>
			<Sample nodeCount="124" insertCount="7659" extractCount="7593" duration="1000000"/>
			<Sample nodeCount="125" insertCount="7721" extractCount="7654" duration="2000000"/>
			<Sample nodeCount="126" insertCount="7778" extractCount="7720" duration="2000000"/>
			<Sample nodeCount="127" insertCount="7839" extractCount="7782" duration="1000000"/>
		</SmallSetRandomOps>
		<LargeSetRandomOps>
		</LargeSetRandomOps>
		<SmallSetLinear>
			<Sample nodeCount="1" insertCount="10000" extractCount="10000" duration="0"/>
			<Sample nodeCount="2" insertCount="10000" extractCount="10000" duration="1000000"/>
			<Sample nodeCount="3" insertCount="10000" extractCount="10000" duration="1000000"/>
			<Sample nodeCount="4" insertCount="10000" extractCount="10000" duration="1000000"/>
			<Sample nodeCount="5" insertCount="10000" extractCount="10000" duration="2000000"/>
			<Sample nodeCount="6" insertCount="10000" extractCount="10000" duration="1000000"/>
			<Sample nodeCount="7" insertCount="10000" extractCount="10000" duration="3000000"/>
			<Sample nodeCount="8" insertCount="10000" extractCount="10000" duration="3000000"/>
			<Sample nodeCount="9" insertCount="10000" extractCount="10000" duration="4000000"/>
			<Sample nodeCount="10" insertCount="10000" extractCount="10000" duration="4000000"/>
			<Sample nodeCount="11" insertCount="10000" extractCount="10000" duration="5000000"/>
			<Sample nodeCount="12" insertCount="10000" extractCount="10000" duration="5000000"/>
			<Sample nodeCount="13" insertCount="10000" extractCount="10000" duration="6000000"/>
			<Sample nodeCount="14" insertCount="10000" extractCount="10000" duration="7000000"/>
			<Sample nodeCount="15" insertCount="10000" extractCount="10000" duration="9000000"/>
			<Sample nodeCount="16" insertCount="10000" extractCount="10000" duration="9000000"/>
			<Sample nodeCount="17" insertCount="10000" extractCount="10000" duration="10000000"/>
			<Sample nodeCount="18" insertCount="10000" extractCount="10000" duration="12000000"/>
			<Sample nodeCount="19" insertCount="10000" extractCount="10000" duration="11000000"/>
			<Sample nodeCount="20" insertCount="10000" extractCount="10000" duration="12000000"/>
			<Sample nodeCount="21" insertCount="10000" extractCount="10000" duration="14000000"/>
			<Sample nodeCount="22" insertCount="10000" extractCount="10000" duration="14000000"/>
			<Sample nodeCount="23" insertCount="10000" extractCount="10000" duration="15000000"/>
			<Sample nodeCount="24" insertCount="10000" extractCount="10000" duration="15000000"/>
			<Sample nodeCount="25" insertCount="10000" extractCount="10000" duration="19000000"/>
			<Sample nodeCount="26" insertCount="10000" extractCount="10000" duration="19000000"/>
			<Sample nodeCount="27" insertCount="10000" extractCount="10000" duration="21000000"/>
			<Sample nodeCount="28" insertCount="10000" extractCount="10000" duration="21000000"/>
			<Sample nodeCount="29" insertCount="10000" extractCount="10000" duration="24000000"/>
			<Sample nodeCount="30" insertCount="10000" extractCount="10000" duration="31000000"/>
			<Sample nodeCount="31" insertCount="10000" extractCount="10000" duration="32000000"/>
			<Sample nodeCount="32" insertCount="10000" extractCount="10000" duration="33000000"/>
			<Sample nodeCount="33" insertCount="10000" extractCount="10000" duration="35000000"/>
			<Sample nodeCount="34" insertCount="10000" extractCount="10000" duration="39000000"/>
			<Sample nodeCount="35" insertCount="10000" extractCount="10000" duration="40000000"/>
			<Sample nodeCount="36" insertCount="10000" extractCount="10000" duration="41000000"/>
			<Sample nodeCount="37" insertCount="10000" extractCount="10000" duration="43000000"/>
			<Sample nodeCount="38" insertCount="10000" extractCount="10000" duration="41000000"/>
			<Sample nodeCount="39" insertCount="10000" extractCount="10000" duration="42000000"/>
			<Sample nodeCount="40" insertCount="10000" extractCount="10000" duration="45000000"/>
			<Sample nodeCount="41" insertCount="10000" extractCount="10000" duration="48000000"/>
			<Sample nodeCount="42" insertCount="10000" extractCount="10000" duration="51000000"/>
			<Sample nodeCount="43" insertCount="10000" extractCount="10000" duration="53000000"/>
			<Sample nodeCount="44" insertCount="10000" extractCount="10000" duration="53000000"/>
			<Sample nodeCount="45" insertCount="10000" extractCount="10000" duration="56000000"/>
			<Sample nodeCount="46" insertCount="10000" extractCount="10000" duration="59000000"/>
			<Sample nodeCount="47" insertCount="10000" extractCount="10000" duration="58000000"/>
			<Sample nodeCount="48" insertCount="10000" extractCount="10000" duration="61000000"/>
			<Sample nodeCount="49" insertCount="10000" extractCount="10000" duration="64000000"/>
			<Sample nodeCount="50" insertCount="10000" extractCount="10000" duration="64000000"/>
			<Sample nodeCount="51" insertCount="10000" extractCount="10000" duration="65000000"/>
			<Sample nodeCount="52" insertCount="10000" extractCount="10000" duration="66000000"/>
			<Sample nodeCount="53" insertCount="10000" extractCount="10000" duration="71000000"/>
			<Sample nodeCount="54" insertCount="10000" extractCount="10000" duration="72000000"/>
			<Sample nodeCount="55" insertCount="10000" extractCount="10000" duration="72000000"/>
			<Sample nodeCount="56" insertCount="10000" extractCount="10000" duration="75000000"/>
			<Sample nodeCount="57" insertCount="10000" extractCount="10000" duration="77000000"/>
			<Sample nodeCount="58" insertCount="10000" extractCount="10000" duration="76000000"/>
			<Sample nodeCount="59" insertCount="10000" extractCount="10000" duration="76000000"/>
			<Sample nodeCount="60" insertCount="10000" extractCount="10000" duration="81000000"/>
			<Sample nodeCount="61" insertCount="10000" extractCount="10000" duration="82000000"/>
			<Sample nodeCount="62" insertCount="10000" extractCount="10000" duration="83000000"/>
			<Sample nodeCount="63" insertCount="10000" extractCount="10000" duration="84000000"/>
			<Sample nodeCount="64" insertCount="10000" extractCount="10000" duration="85000000"/>
			<Sample nodeCount="65" insertCount="10000" extractCount="10000" duration="91000000"/>
			<Sample nodeCount="66" insertCount="10000" extractCount="10000" duration="90000000"/>
			<Sample nodeCount="67" insertCount="10000" extractCount="10000" duration="92000000"/>
			<Sample nodeCount="68" insertCount="10000" extractCount="10000" duration="93000000"/>
			<Sample nodeCount="69" insertCount="10000" extractCount="10000" duration="96000000"/>
			<Sample nodeCount="70" insertCount="10000" extractCount="10000" duration="96000000"/>
			<Sample nodeCount="71" insertCount="10000" extractCount="10000" duration="98000000"/>
			<Sample nodeCount="72" insertCount="10000" extractCount="10000" duration="99000000"/>
			<Sample nodeCount="73" insertCount="10000" extractCount="10000" duration="102000000"/>
			<Sample nodeCount="74" insertCount="10000" extractCount="10000" duration="103000000"/>
			<Sample nodeCount="75" insertCount="10000" extractCount="10000" duration="107000000"/>
			<Sample nodeCount="76" insertCount="10000" extractCount="10000" duration="108000000"/>
			<Sample nodeCount="77" insertCount="10000" extractCount="10000" duration="110000000"/>
			<Sample nodeCount="78" insertCount="10000" extractCount="10000" duration="111000000"/>
			<Sample nodeCount="79" insertCount="10000" extractCount="10000" duration="113000000"/>
			<Sample nodeCount="80" insertCount="10000" extractCount="10000" duration="114000000"/>
			<Sample nodeCount="81" insertCount="10000" extractCount="10000" duration="115000000"/>
			<Sample nodeCount="82" insertCount="10000" extractCount="10000" duration="119000000"/>
			<Sample nodeCount="83" insertCount="10000" extractCount="10000" duration="119000000"/>
			<Sample nodeCount="84" insertCount="10000" extractCount="10000" duration="123000000"/>
			<Sample nodeCount="85" insertCount="10000" extractCount="10000" duration="126000000"/>
			<Sample nodeCount="86" insertCount="10000" extractCount="10000" duration="128000000"/>
			<Sample nodeCount="87" insertCount="10000" extractCount="10000" duration="129000000"/>
			<Sample nodeCount="88" insertCount="10000" extractCount="10000" duration="129000000"/>
			<Sample nodeCount="89" insertCount="10000" extractCount="10000" duration="131000000"/>
			<Sample nodeCount="90" insertCount="10000" extractCount="10000" duration="134000000"/>
			<Sample nodeCount="91" insertCount="10000" extractCount="10000" duration="135000000"/>
			<Sample nodeCount="92" insertCount="10000" extractCount="10000" duration="138000000"/>
			<Sample nodeCount="93" insertCount="10000" extractCount="10000" duration="139000000"/>
			<Sample nodeCount="94" insertCount="10000" extractCount="10000" duration="142000000"/>
			<Sample nodeCount="95" insertCount="10000" extractCount="10000" duration="144000000"/>
			<Sample nodeCount="96" insertCount="10000" extractCount="10000" duration="146000000"/>
			<Sample nodeCount="97" insertCount="10000" extractCount="10000" duration="148000000"/>
			<Sample nodeCount="98" insertCount="10000" extractCount="10000" duration="150000000"/>
			<Sample nodeCount="99" insertCount="10000" extractCount="10000" duration="152000000"/>
			<Sample nodeCount="100" insertCount="10000" extractCount="10000" duration="153000000"/>
			<Sample nodeCount="101" insertCount="10000" extractCount="10000" duration="155000000"/>
			<Sample nodeCount="102" insertCount="10000" extractCount="10000" duration="160000000"/>
			<Sample nodeCount="103" insertCount="10000" extractCount="10000" duration="158000000"/>
			<Sample nodeCount="104" insertCount="10000" extractCount="10000" duration="160000000"/>
			<Sample nodeCount="105" insertCount="10000" extractCount="10000" duration="162000000"/>
			<Sample nodeCount="106" insertCount="10000" extractCount="10000" duration="168000000"/>
			<Sample nodeCount="107" insertCount="10000" extractCount="10000" duration="170000000"/>
			<Sample nodeCount="108" insertCount="10000" extractCount="10000" duration="170000000"/>
			<Sample nodeCount="109" insertCount="10000" extractCount="10000" duration="172000000"/>
			<Sample nodeCount="110" insertCount="10000" extractCount="10000" duration="171000000"/>
			<Sample nodeCount="111" insertCount="10000" extractCount="10000" duration="174000000"/>
			<Sample nodeCount="112" insertCount="10000" extractCount="10000" duration="178000000"/>
			<Sample nodeCount="113" insertCount="10000" extractCount="10000" duration="178000000"/>
			<Sample nodeCount="114" insertCount="10000" extractCount="10000" duration="179000000"/>
			<Sample nodeCount="115" insertCount="10000" extractCount="10000" duration="183000000"/>
			<Sample nodeCount="116" insertCount="10000" extractCount="10000" duration="183000000"/>
			<Sample nodeCount="117" insertCount="10000" extractCount="10000" duration="185000000"/>
			<Sample nodeCount="118" insertCount="10000" extractCount="10000" duration="187000000"/>
			<Sample nodeCount="119" insertCount="10000" extractCount="10000" duration="189000000"/>
			<Sample nodeCount="120" insertCount="10000" extractCount="10000" duration="191000000"/>
			<Sample nodeCount="121" insertCount="10000" extractCount="10000" duration="193000000"/>
			<Sample nodeCount="122" insertCount="10000" extractCount="10000" duration="196000000"/>
			<Sample nodeCount="123" insertCount="10000" extractCount="10000" duration="196000000"/>
			<Sample nodeCount="124" insertCount="10000" extractCount="10000" duration="199000000"/>
			<Sample nodeCount="125" insertCount="10000" extractCount="10000" duration="201000000"/>
			<Sample nodeCount="126" insertCount="10000" extractCount="10000" duration="203000000"/>
			<Sample nodeCount="127" insertCount="10000" extractCount="10000" duration="205000000"/>
		</SmallSetLinear>
		<LargeSetLinear>
		</LargeSetLinear>
	</RBTest>
	<RBTest implementation="RTEMS Compact" nodeSize="24">
		<SmallSetRandomOps>
			<Sample nodeCount="1" insertCount="62" extractCount="61" duration="0"/>
			<Sample nodeCount="2" insertCount="123" extractCount="123" duration="0"/>
			<Sample nodeCount="3" insertCount="186" extractCount="183" duration="0"/>
			<Sample nodeCount="4" insertCount="247" extractCount="245" duration="0"/>
			<Sample nodeCount="5" insertCount="309" extractCount="306" duration="0"/>
			<Sample nodeCount="6" insertCount="370" extractCount="368" duration="1000000"/>
			<Sample nodeCount="7" insertCount="433" extractCount="428" duration="0"/>
			<Sample nodeCount="8" insertCount="493" extractCount="491" duration="0"/>
			<Sample nodeCount="9" insertCount="557" extractCount="550" duration="0"/>
			<Sample nodeCount="10" insertCount="619" extractCount="611" duration="0"/>
			<Sample nodeCount="11" insertCount="680" extractCount="673" duration="0"/>
			<Sample nodeCount="12" insertCount="740" extractCount="736" duration="0"/>
			<Sample nodeCount="13" insertCount="803" extractCount="796" duration="0"/>
			<Sample nodeCount="14" insertCount="864" extractCount="858" duration="0"/>
			<Sample nodeCount="15" insertCount="927" extractCount="918" duration="0"/>
			<Sample nodeCount="16" insertCount="988" extractCount="980" duration="0"/>
			<Sample nodeCount="17" insertCount="1050" extractCount="1041" duration="1000000"/>
			<Sample nodeCount="18" insertCount="1113" extractCount="1101" duration="0"/>
			<Sample nodeCount="19" insertCount="1172" extractCount="1165" duration="0"/>
			<Sample nodeCount="20" insertCount="1237" extractCount="1223" duration="0"/>
			<Sample nodeCount="21" insertCount="1296" extractCount="1287" duration="0"/>
			<Sample nodeCount="22" insertCount="1359" extractCount="1347" duration="0"/>
			<Sample nodeCount="23" insertCount="1419" extractCount="1410" duration="1000000"/>
			<Sample nodeCount="24" insertCount="1484" extractCount="1468" duration="0"/>
			<Sample nodeCount="25" insertCount="1544" extractCount="1531" duration="0"/>
			<Sample nodeCount="26" insertCount="1604" extractCount="1594" duration="0"/>
			<Sample nodeCount="27" insertCount="1668" extractCount="1653" duration="0"/>
			<Sample nodeCount="28" insertCount="1729" extractCount="1715" duration="1000000"/>
			<Sample nodeCount="29" insertCount="1790" extractCount="1777" duration="0"/>
			<Sample nodeCount="30" insertCount="1851" extractCount="1839" duration="0"/>
			<Sample nodeCount="31" insertCount="1914" extractCount="1899" duration="0"/>
			<Sample nodeCount="32" insertCount="1977" extractCount="1959" duration="1000000"/>
			<Sample nodeCount="33" insertCount="2041" extractCount="2018" duration="0"/>
			<Sample nodeCount="34" insertCount="2097" extractCount="2085" duration="0"/>
			<Sample nodeCount="35" insertCount="2160" extractCount="2145" duration="0"/>
			<Sample nodeCount="36" insertCount="2221" extractCount="2207" duration="1000000"/>
			<Sample nodeCount="37" insertCount="2285" extractCount="2266" duration="0"/>
			<Sample nodeCount="38" insertCount="2346" extractCount="2328" duration="0"/>
			<Sample nodeCount="39" insertCount="2408" extractCount="2389" duration="1000000"/>
			<Sample nodeCount="40" insertCount="2471" extractCount="2449" duration="0"/>
			<Sample nodeCount="41" insertCount="2531" extractCount="2512" duration="0"/>
			<Sample nodeCount="42" insertCount="2593" extractCount="2573" duration="1000000"/>
			<Sample nodeCount="43" insertCount="2656" extractCount="2633" duration="0"/>
			<Sample nodeCount="44" insertCount="2717" extractCount="2695" duration="0"/>
			<Sample nodeCount="45" insertCount="2776" extractCount="2759" duration="1000000"/>
			<Sample nodeCount="46" insertCount="2840" extractCount="2818" duration="0"/>
			<Sample nodeCount="47" insertCount="2902" extractCount="2879" duration="1000000"/>
			<Sample nodeCount="48" insertCount="2966" extractCount="2938" duration="0"/>
			<Sample nodeCount="49" insertCount="3026" extractCount="3001" duration="0"/>
			<Sample nodeCount="50" insertCount="3084" extractCount="3066" duration="1000000"/>
			<Sample nodeCount="51" insertCount="3151" extractCount="3122" duration="0"/>
			<Sample nodeCount="52" insertCount="3209" extractCount="3187" duration="1000000"/>
			<Sample nodeCount="53" insertCount="3273" extractCount="3246" duration="0"/>
			<Sample nodeCount="54" insertCount="3337" extractCount="3305" duration="1000000"/>
			<Sample nodeCount="55" insertCount="3400" extractCount="3365" duration="0"/>
			<Sample nodeCount="56" insertCount="3458" extractCount="3430" duration="1000000"/>
			<Sample nodeCount="57" insertCount="3521" extractCount="3490" duration="0"/>
			<Sample nodeCount="58" insertCount="3580" extractCount="3554" duration="0"/>
			<Sample nodeCount="59" insertCount="3647" extractCount="3610" duration="1000000"/>
			<Sample nodeCount="60" insertCount="3706" extractCount="3674" duration="0"/>
			<Sample nodeCount="61" insertCount="3766" extractCount="3737" duration="1000000"/>
			<Sample nodeCount="62" insertCount="3828" extractCount="3798" duration="1000000"/>
			<Sample nodeCount="63" insertCount="3888" extractCount="3861" duration="0"/>
			<Sample nodeCount="64" insertCount="3952" extractCount="3920" duration="1000000"/>
			<Sample nodeCount="65" insertCount="4014" extractCount="3981" duration="0"/>
			<Sample nodeCount="66" insertCount="4077" extractCount="4041" duration="1000000"/>
			<Sample nodeCount="67" insertCount="4136" extractCount="4105" duration="0"/>
			<Sample nodeCount="68" insertCount="4200" extractCount="4164" duration="1000000"/>
			<Sample nodeCount="69" insertCount="4263" extractCount="4224" duration="0"/>
			<Sample nodeCount="70" insertCount="4325" extractCount="4285" duration="1000000"/>
			<Sample nodeCount="71" insertCount="4381" extractCount="4352" duration="1000000"/>
			<Sample nodeCount="72" insertCount="4448" extractCount="4408" duration="0"/>
			<Sample nodeCount="73" insertCount="4507" extractCount="4472" duration="1000000"/>
			<Sample nodeCount="74" insertCount="4571" extractCount="4531" duration="1000000"/>
			<Sample nodeCount="75" insertCount="4631" extractCount="4594" duration="0"/>
			<Sample nodeCount="76" insertCount="4693" extractCount="4655" duration="1000000"/>
			<Sample nodeCount="77" insertCount="4755" extractCount="4716" duration="1000000"/>
			<Sample nodeCount="78" insertCount="4817" extractCount="4777" duration="0"/>
			<Sample nodeCount="79" insertCount="4877" extractCount="4840" duration="1000000"/>
			<Sample nodeCount="80" insertCount="4942" extractCount="4898" duration="1000000"/>
			<Sample nodeCount="81" insertCount="5002" extractCount="4961" duration="0"/>
			<Sample nodeCount="82" insertCount="5063" extractCount="5023" duration="1000000"/>
			<Sample nodeCount="83" insertCount="5124" extractCount="5085" duration="1000000"/>
			<Sample nodeCount="84" insertCount="5187" extractCount="5145" duration="1000000"/>
			<Sample nodeCount="85" insertCount="5250" extractCount="5205" duration="0"/>
			<Sample nodeCount="86" insertCount="5314" extractCount="5264" duration="1000000"/>
			<Sample nodeCount="87" insertCount="5374" extractCount="5327" duration="1000000"/>
			<Sample nodeCount="88" insertCount="5432" extractCount="5392" duration="1000000"/>
			<Sample nodeCount="89" insertCount="5490" extractCount="5457" duration="0"/>
			<Sample nodeCount="90" insertCount="5559" extractCount="5511" duration="1000000"/>
			<Sample nodeCount="91" insertCount="5621" extractCount="5572" duration="1000000"/>
			<Sample nodeCount="92" insertCount="5680" extractCount="5636" duration="1000000"/>
			<Sample nodeCount="93" insertCount="5740" extractCount="5699" duration="1000000"/>
			<Sample nodeCount="94" insertCount="5803" extractCount="5759" duration="1000000"/>
			<Sample nodeCount="95" insertCount="5862" extractCount="5823" duration="0"/>
			<Sample nodeCount="96" insertCount="5929" extractCount="5879" duration="1000000"/>
			<Sample nodeCount="97" insertCount="5993" extractCount="5938" duration="1000000"/>
			<Sample nodeCount="98" insertCount="6055" extractCount="5999" duration="1000000"/>
			<Sample nodeCount="99" insertCount="6113" extractCount="6064" duration="1000000"/>
			<Sample nodeCount="100" insertCount="6172" extractCount="6128" duration="1000000"/>
			<Sample nodeCount="101" insertCount="6238" extractCount="6185" duration="1000000"/>
			<Sample nodeCount="102" insertCount="6299" extractCount="6247" duration="1000000"/>
			<Sample nodeCount="103" insertCount="6363" extractCount="6306" duration="1000000"/>
			<Sample nodeCount="104" insertCount="6426" extractCount="6366" duration="1000000"/>
			<Sample nodeCount="105" insertCount="6481" extractCount="6434" duration="0"/>
			<Sample nodeCount="106" insertCount="6544" extractCount="6494" duration="1000000"/>
			<Sample nodeCount="107" insertCount="6607" extractCount="6554" duration="1000000"/>
			<Sample nodeCount="108" insertCount="6669" extractCount="6615" duration="1000000"/>
			<Sample nodeCount="109" insertCount="6732" extractCount="6675" duration="1000000"/>
			<Sample nodeCount="110" insertCount="6794" extractCount="6736" duration="1000000"/>
			<Sample nodeCount="111" insertCount="6852" extractCount="6801" duration="2000000"/>
			<Sample nodeCount="112" insertCount="6918" extractCount="6858" duration="1000000"/>
			<Sample nodeCount="113" insertCount="6981" extractCount="6918" duration="1000000"/>
			<Sample nodeCount="114" insertCount="7041" extractCount="6981" duration="1000000"/>
			<Sample nodeCount="115" insertCount="7103" extractCount="7042" duration="1000000"/>
			<Sample nodeCount="116" insertCount="7164" extractCount="7104" duration="1000000"/>
			<Sample nodeCount="117" insertCount="7225" extractCount="7166" duration="1000000"/>
			<Sample nodeCount="118" insertCount="7291" extractCount="7223" duration="1000000"/>
			<Sample nodeCount="119" insertCount="7350" extractCount="7287" duration="1000000"/>
			<Sample nodeCount="120" insertCount="7410" extractCount="7350" duration="1000000"/>
			<Sample nodeCount="121" insertCount="7471" extractCount="7412" duration="1000000"/>
			<Sample nodeCount="122" insertCount="7537" extractCount="7469" duration="1000000"/>
			<Sample nodeCount="123" insertCount="7593" extractCount="7536" duration="1000000"/>
			<Sample nodeCount="124" insertCount="7658" extractCount="7594" duration="2000000"/>
			<Sample nodeCount="125" insertCount="7718" extractCount="7657" duration="1000000"/>
			<Sample nodeCount="126" insertCount="7781" extractCount="7717" duration="1000000"/>
			<Sample nodeCount="127" insertCount="7840" extractCount="7781" duration="1000000"/>
		</SmallSetRandomOps>
		<LargeSetRandomOps>
		</LargeSetRandomOps>
		<SmallSetLinear>
			<Sample nodeCount="1" insertCount="10000" extractCount="10000" duration="0"/>
			<Sample nodeCount="2" insertCount="10000" extractCount="10000" duration="1000000"/>
			<Sample nodeCount="3" insertCount="10000" extractCount="10000" duration="1000000"/>
			<Sample nodeCount="4" insertCount="10000" extractCount="10000" duration="1000000"/>
			<Sample nodeCount="5" insertCount="10000" extractCount="10000" duration="2000000"/>
			<Sample nodeCount="6" insertCount="10000" extractCount="10000" duration="3000000"/>
			<Sample nodeCount="7" insertCount="10000" extractCount="10000" duration="3000000"/>
			<Sample nodeCount="8" insertCount="10000" extractCount="10000" duration="3000000"/>
			<Sample nodeCount="9" insertCount="10000" extractCount="10000" duration="5000000"/>
			<Sample nodeCount="10" insertCount="10000" extractCount="10000" duration="5000000"/>
			<Sample nodeCount="11" insertCount="10000" extractCount="10000" duration="6000000"/>
			<Sample nodeCount="12" insertCount="10000" extractCount="10000" duration="6000000"/>
			<Sample nodeCount="13" insertCount="10000" extractCount="10000" duration="7000000"/>
			<Sample nodeCount="14" insertCount="10000" extractCount="10000" duration="8000000"/>
			<Sample nodeCount="15" insertCount="10000" extractCount="10000" duration="8000000"/>
			<Sample nodeCount="16" insertCount="10000" extractCount="10000" duration="9000000"/>
			<Sample nodeCount="17" insertCount="10000" extractCount="10000" duration="11000000"/>
			<Sample nodeCount="18" insertCount="10000" extractCount="10000" duration="11000000"/>
			<Sample nodeCount="19" insertCount="10000" extractCount="10000" duration="12000000"/>
			<Sample nodeCount="20" insertCount="10000" extractCount="10000" duration="13000000"/>
			<Sample nodeCount="21" insertCount="10000" extractCount="10000" duration="14000000"/>
			<Sample nodeCount="22" insertCount="10000" extractCount="10000" duration="14000000"/>
			<Sample nodeCount="23" insertCount="10000" extractCount="10000" duration="15000000"/>
			<Sample nodeCount="24" insertCount="10000" extractCount="10000" duration="16000000"/>
			<Sample nodeCount="25" insertCount="10000" extractCount="10000" duration="17000000"/>
			<Sample nodeCount="26" insertCount="10000" extractCount="10000" duration="19000000"/>
			<Sample nodeCount="27" insertCount="10000" extractCount="10000" duration="18000000"/>
			<Sample nodeCount="28" insertCount="10000" extractCount="10000" duration="20000000"/>
			<Sample nodeCount="29" insertCount="10000" extractCount="10000" duration="21000000"/>
			<Sample nodeCount="30" insertCount="10000" extractCount="10000" duration="22000000"/>
			<Sample nodeCount="31" insertCount="10000" extractCount="10000" duration="22000000"/>
			<Sample nodeCount="32" insertCount="10000" extractCount="10000" duration="24000000"/>
			<Sample nodeCount="33" insertCount="10000" extractCount="10000" duration="24000000"/>
			<Sample nodeCount="34" insertCount="10000" extractCount="10000" duration="26000000"/>
			<Sample nodeCount="35" insertCount="10000" extractCount="10000" duration="27000000"/>
			<Sample nodeCount="36" insertCount="10000" extractCount="10000" duration="27000000"/>
			<Sample nodeCount="37" insertCount="10000" extractCount="10000" duration="29000000"/>
			<Sample nodeCount="38" insertCount="10000" extractCount="10000" duration="30000000"/>
			<Sample nodeCount="39" insertCount="10000" extractCount="10000" duration="31000000"/>
			<Sample nodeCount="40" insertCount="10000" extractCount="10000" duration="32000000"/>
			<Sample nodeCount="41" insertCount="10000" extractCount="10000" duration="32000000"/>
			<Sample nodeCount="42" insertCount="10000" extractCount="10000" duration="34000000"/>
			<Sample nodeCount="43" insertCount="10000" extractCount="10000" duration="35000000"/>
			<Sample nodeCount="44" insertCount="10000" extractCount="10000" duration="36000000"/>
			<Sample nodeCount="45" insertCount="10000" extractCount="10000" duration="37000000"/>
			<Sample nodeCount="46" insertCount="10000" extractCount="10000" duration="38000000"/>
			<Sample nodeCount="47" insertCount="10000" extractCount="10000" duration="39000000"/>
			<Sample nodeCount="48" insertCount="10000" extractCount="10000" duration="40000000"/>
			<Sample nodeCount="49" insertCount="10000" extractCount="10000" duration="41000000"/>
			<Sample nodeCount="50" insertCount="10000" extractCount="10000" duration="43000000"/>
			<Sample nodeCount="51" insertCount="10000" extractCount="10000" duration="43000000"/>
			<Sample nodeCount="52" insertCount="10000" extractCount="10000" duration="45000000"/>
			<Sample nodeCount="53" insertCount="10000" extractCount="10000" duration="46000000"/>
			<Sample nodeCount="54" insertCount="10000" extractCount="10000" duration="46000000"/>
			<Sample nodeCount="55" insertCount="10000" extractCount="10000" duration="48000000"/>
			<Sample nodeCount="56" insertCount="10000" extractCount="10000" duration="48000000"/>
			<Sample nodeCount="57" insertCount="10000" extractCount="10000" duration="50000000"/>
			<Sample nodeCount="58" insertCount="10000" extractCount="10000" duration="51000000"/>
			<Sample nodeCount="59" insertCount="10000" extractCount="10000" duration="52000000"/>
			<Sample nodeCount="60" insertCount="10000" extractCount="10000" duration="53000000"/>
			<Sample nodeCount="61" insertCount="10000" extractCount="10000" duration="55000000"/>
			<Sample nodeCount="62" insertCount="10000" extractCount="10000" duration="55000000"/>
			<Sample nodeCount="63" insertCount="10000" extractCount="10000" duration="57000000"/>
			<Sample nodeCount="64" insertCount="10000" extractCount="10000" duration="58000000"/>
			<Sample nodeCount="65" insertCount="10000" extractCount="10000" duration="59000000"/>
			<Sample nodeCount="66" insertCount="10000" extractCount="10000" duration="60000000"/>
			<Sample nodeCount="67" insertCount="10000" extractCount="10000" duration="61000000"/>
			<Sample nodeCount="68" insertCount="10000" extractCount="10000" duration="63000000"/>
			<Sample nodeCount="69" insertCount="10000" extractCount="10000" duration="64000000"/>
			<Sample nodeCount="70" insertCount="10000" extractCount="10000" duration="66000000"/>
			<Sample nodeCount="71" insertCount="10000" extractCount="10000" duration="67000000"/>
			<Sample nodeCount="72" insertCount="10000" extractCount="10000" duration="68000000"/>
			<Sample nodeCount="73" insertCount="10000" extractCount="10000" duration="67000000"/>
			<Sample nodeCount="74" insertCount="10000" extractCount="10000" duration="71000000"/>
			<Sample nodeCount="75" insertCount="10000" extractCount="10000" duration="70000000"/>
			<Sample nodeCount="76" insertCount="10000" extractCount="10000" duration="73000000"/>
			<Sample nodeCount="77" insertCount="10000" extractCount="10000" duration="73000000"/>
			<Sample nodeCount="78" insertCount="10000" extractCount="10000" duration="75000000"/>
			<Sample nodeCount="79" insertCount="10000" extractCount="10000" duration="76000000"/>
			<Sample nodeCount="80" insertCount="10000" extractCount="10000" duration="77000000"/>
			<Sample nodeCount="81" insertCount="10000" extractCount="10000" duration="78000000"/>
			<Sample nodeCount="82" insertCount="10000" extractCount="10000" duration="80000000"/>
			<Sample nodeCount="83" insertCount="10000" extractCount="10000" duration="80000000"/>
			<Sample nodeCount="84" insertCount="10000" extractCount="10000" duration="83000000"/>
			<Sample nodeCount="85" insertCount="10000" extractCount="10000" duration="83000000"/>
			<Sample nodeCount="86" insertCount="10000" extractCount="10000" duration="85000000"/>
			<Sample nodeCount="87" insertCount="10000" extractCount="10000" duration="86000000"/>
			<Sample nodeCount="88" insertCount="10000" extractCount="10000" duration="88000000"/>
			<Sample nodeCount="89" insertCount="10000" extractCount="10000" duration="91000000"/>
			<Sample nodeCount="90" insertCount="10000" extractCount="10000" duration="92000000"/>
			<Sample nodeCount="91" insertCount="10000" extractCount="10000" duration="93000000"/>
			<Sample nodeCount="92" insertCount="10000" extractCount="10000" duration="93000000"/>
			<Sample nodeCount="93" insertCount="10000" extractCount="10000" duration="95000000"/>
			<Sample nodeCount="94" insertCount="10000" extractCount="10000" duration="96000000"/>
			<Sample nodeCount="95" insertCount="10000" extractCount="10000" duration="98000000"/>
			<Sample nodeCount="96" insertCount="10000" extractCount="10000" duration="98000000"/>
			<Sample nodeCount="97" insertCount="10000" extractCount="10000" duration="100000000"/>
			<Sample nodeCount="98" insertCount="10000" extractCount="10000" duration="101000000"/>
			<Sample nodeCount="99" insertCount="10000" extractCount="10000" duration="103000000"/>
			<Sample nodeCount="100" insertCount="10000" extractCount="10000" duration="106000000"/>
			<Sample nodeCount="101" insertCount="10000" extractCount="10000" duration="106000000"/>
			<Sample nodeCount="102" insertCount="10000" extractCount="10000" duration="107000000"/>
			<Sample nodeCount="103" insertCount="10000" extractCount="10000" duration="107000000"/>
			<Sample nodeCount="104" insertCount="10000" extractCount="10000" duration="110000000"/>
			<Sample nodeCount="105" insertCount="10000" extractCount="10000" duration="112000000"/>
			<Sample nodeCount="106" insertCount="10000" extractCount="10000" duration="113000000"/>
			<Sample nodeCount="107" insertCount="10000" extractCount="10000" duration="113000000"/>
			<Sample nodeCount="108" insertCount="10000" extractCount="10000" duration="115000000"/>
			<Sample nodeCount="109" insertCount="10000" extractCount="10000" duration="116000000"/>
			<Sample nodeCount="110" insertCount="10000" extractCount="10000" duration="119000000"/>
			<Sample nodeCount="111" insertCount="10000" extractCount="10000" duration="120000000"/>
			<Sample nodeCount="112" insertCount="10000" extractCount="10000" duration="121000000"/>
			<Sample nodeCount="113" insertCount="10000" extractCount="10000" duration="124000000"/>
			<Sample nodeCount="114" insertCount="10000" extractCount="10000" duration="124000000"/>
			<Sample nodeCount="115" insertCount="10000" extractCount="10000" duration="127000000"/>
			<Sample nodeCount="116" insertCount="10000" extractCount="10000" duration="127000000"/>
			<Sample nodeCount="117" insertCount="10000" extractCount="10000" duration="128000000"/>
			<Sample nodeCount="118" insertCount="10000" extractCount="10000" duration="130000000"/>
			<Sample nodeCount="119" insertCount="10000" extractCount="10000" duration="130000000"/>
			<Sample nodeCount="120" insertCount="10000" extractCount="10000" duration="132000000"/>
			<Sample nodeCount="121" insertCount="10000" extractCount="10000" duration="133000000"/>
			<Sample nodeCount="122" insertCount="10000" extractCount="10000" duration="135000000"/>
			<Sample nodeCount="123" insertCount="10000" extractCount="10000" duration="136000000"/>
			<Sample nodeCount="124" insertCount="10000" extractCount="10000" duration="136000000"/>
			<Sample nodeCount="125" insertCount="10000" extractCount="10000" duration="138000000"/>
			<Sample nodeCount="126" insertCount="10000" extractCount="10000" duration="140000000"/>
			<Sample nodeCount="127" insertCount="10000" extractCount="10000" duration="141000000"/>
		</SmallSetLinear>
		<LargeSetLinear>
		</LargeSetLinear>
	</RBTest>
	<RBTest implementation="RB New Compact" nodeSize="16">
		<SmallSetRandomOps>
			<Sample nodeCount="1" insertCount="62" extractCount="61" duration="0"/>
			<Sample nodeCount="2" insertCount="123" extractCount="123" duration="0"/>
			<Sample nodeCount="3" insertCount="186" extractCount="183" duration="0"/>
			<Sample nodeCount="4" insertCount="247" extractCount="245" duration="0"/>
			<Sample nodeCount="5" insertCount="309" extractCount="306" duration="0"/>
			<Sample nodeCount="6" insertCount="370" extractCount="368" duration="0"/>
			<Sample nodeCount="7" insertCount="433" extractCount="428" duration="0"/>
			<Sample nodeCount="8" insertCount="493" extractCount="491" duration="0"/>
			<Sample nodeCount="9" insertCount="557" extractCount="550" duration="1000000"/>
			<Sample nodeCount="10" insertCount="619" extractCount="611" duration="0"/>
			<Sample nodeCount="11" insertCount="680" extractCount="673" duration="0"/>
			<Sample nodeCount="12" insertCount="740" extractCount="736" duration="0"/>
			<Sample nodeCount="13" insertCount="803" extractCount="796" duration="0"/>
			<Sample nodeCount="14" insertCount="864" extractCount="858" duration="0"/>
			<Sample nodeCount="15" insertCount="927" extractCount="918" duration="0"/>
			<Sample nodeCount="16" insertCount="988" extractCount="980" duration="0"/>
			<Sample nodeCount="17" insertCount="1050" extractCount="1041" duration="0"/>
			<Sample nodeCount="18" insertCount="1113" extractCount="1101" duration="1000000"/>
			<Sample nodeCount="19" insertCount="1172" extractCount="1165" duration="0"/>
			<Sample nodeCount="20" insertCount="1237" extractCount="1223" duration="0"/>
			<Sample nodeCount="21" insertCount="1296" extractCount="1287" duration="0"/>
			<Sample nodeCount="22" insertCount="1359" extractCount="1347" duration="0"/>
			<Sample nodeCount="23" insertCount="1419" extractCount="1410" duration="1000000"/>
			<Sample nodeCount="24" insertCount="1484" extractCount="1468" duration="0"/>
			<Sample nodeCount="25" insertCount="1544" extractCount="1531" duration="0"/>
			<Sample nodeCount="26" insertCount="1604" extractCount="1594" duration="0"/>
			<Sample nodeCount="27" insertCount="1668" extractCount="1653" duration="1000000"/>
			<Sample nodeCount="28" insertCount="1729" extractCount="1715" duration="0"/>
			<Sample nodeCount="29" insertCount="1790" extractCount="1777" duration="0"/>
			<Sample nodeCount="30" insertCount="1851" extractCount="1839" duration="0"/>
			<Sample nodeCount="31" insertCount="1914" extractCount="1899" duration="1000000"/>
			<Sample nodeCount="32" insertCount="1977" extractCount="1959" duration="0"/>
			<Sample nodeCount="33" insertCount="2041" extractCount="2018" duration="0"/>
			<Sample nodeCount="34" insertCount="2097" extractCount="2085" duration="1000000"/>
			<Sample nodeCount="35" insertCount="2160" extractCount="2145" duration="0"/>
			<Sample nodeCount="36" insertCount="2221" extractCount="2207" duration="1000000"/>
			<Sample nodeCount="37" insertCount="2285" extractCount="2266" duration="0"/>
			<Sample nodeCount="38" insertCount="2346" extractCount="2328" duration="0"/>
			<Sample nodeCount="39" insertCount="2408" extractCount="2389" duration="1000000"/>
			<Sample nodeCount="40" insertCount="2471" extractCount="2449" duration="0"/>
			<Sample nodeCount="41" insertCount="2531" extractCount="2512" duration="1000000"/>
			<Sample nodeCount="42" insertCount="2593" extractCount="2573" duration="0"/>
			<Sample nodeCount="43" insertCount="2656" extractCount="2633" duration="1000000"/>
			<Sample nodeCount="44" insertCount="2717" extractCount="2695" duration="0"/>
			<Sample nodeCount="45" insertCount="2776" extractCount="2759" duration="1000000"/>
			<Sample nodeCount="46" insertCount="2840" extractCount="2818" duration="0"/>
			<Sample nodeCount="47" insertCount="2902" extractCount="2879" duration="1000000"/>
			<Sample nodeCount="48" insertCount="2966" extractCount="2938" duration="0"/>
			<Sample nodeCount="49" insertCount="3026" extractCount="3001" duration="1000000"/>
			<Sample nodeCount="50" insertCount="3084" extractCount="3066" duration="0"/>
			<Sample nodeCount="51" insertCount="3151" extractCount="3122" duration="1000000"/>
			<Sample nodeCount="52" insertCount="3209" extractCount="3187" duration="0"/>
			<Sample nodeCount="53" insertCount="3273" extractCount="3246" duration="1000000"/>
			<Sample nodeCount="54" insertCount="3337" extractCount="3305" duration="1000000"/>
			<Sample nodeCount="55" insertCount="3400" extractCount="3365" duration="0"/>
			<Sample nodeCount="56" insertCount="3458" extractCount="3430" duration="1000000"/>
			<Sample nodeCount="57" insertCount="3521" extractCount="3490" duration="1000000"/>
			<Sample nodeCount="58" insertCount="3580" extractCount="3554" duration="0"/>
			<Sample nodeCount="59" insertCount="3647" extractCount="3610" duration="1000000"/>
			<Sample nodeCount="60" insertCount="3706" extractCount="3674" duration="1000000"/>
			<Sample nodeCount="61" insertCount="3766" extractCount="3737" duration="1000000"/>
			<Sample nodeCount="62" insertCount="3828" extractCount="3798" duration="0"/>
			<Sample nodeCount="63" insertCount="3888" extractCount="3861" duration="1000000"/>
			<Sample nodeCount="64" insertCount="3952" extractCount="3920" duration="1000000"/>
			<Sample nodeCount="65" insertCount="4014" extractCount="3981" duration="1000000"/>
			<Sample nodeCount="66" insertCount="4077" extractCount="4041" duration="0"/>
			<Sample nodeCount="67" insertCount="4136" extractCount="4105" duration="1000000"/>
			<Sample nodeCount="68" insertCount="4200" extractCount="4164" duration="1000000"/>
			<Sample nodeCount="69" insertCount="4263" extractCount="4224" duration="1000000"/>
			<Sample nodeCount="70" insertCount="4325" extractCount="4285" duration="1000000"/>
			<Sample nodeCount="71" insertCount="4381" extractCount="4352" duration="1000000"/>
			<Sample nodeCount="72" insertCount="4448" extractCount="4408" duration="1000000"/>
			<Sample nodeCount="73" insertCount="4507" extractCount="4472" duration="1000000"/>
			<Sample nodeCount="74" insertCount="4571" extractCount="4531" duration="0"/>
			<Sample nodeCount="75" insertCount="4631" extractCount="4594" duration="1000000"/>
			<Sample nodeCount="76" insertCount="4693" extractCount="4655" duration="1000000"/>
			<Sample nodeCount="77" insertCount="4755" extractCount="4716" duration="1000000"/>
			<Sample nodeCount="78" insertCount="4817" extractCount="4777" duration="1000000"/>
			<Sample nodeCount="79" insertCount="4877" extractCount="4840" duration="1000000"/>
			<Sample nodeCount="80" insertCount="4942" extractCount="4898" duration="1000000"/>
			<Sample nodeCount="81" insertCount="5002" extractCount="4961" duration="1000000"/>
			<Sample nodeCount="82" insertCount="5063" extractCount="5023" duration="1000000"/>
			<Sample nodeCount="83" insertCount="5124" extractCount="5085" duration="1000000"/>
			<Sample nodeCount="84" insertCount="5187" extractCount="5145" duration="1000000"/>
			<Sample nodeCount="85" insertCount="5250" extractCount="5205" duration="2000000"/>
			<Sample nodeCount="86" insertCount="5314" extractCount="5264" duration="1000000"/>
			<Sample nodeCount="87" insertCount="5374" extractCount="5327" duration="1000000"/>
			<Sample nodeCount="88" insertCount="5432" extractCount="5392" duration="1000000"/>
			<Sample nodeCount="89" insertCount="5490" extractCount="5457" duration="1000000"/>
			<Sample nodeCount="90" insertCount="5559" extractCount="5511" duration="1000000"/>
			<Sample nodeCount="91" insertCount="5621" extractCount="5572" duration="1000000"/>
			<Sample nodeCount="92" insertCount="5680" extractCount="5636" duration="2000000"/>
			<Sample nodeCount="93" insertCount="5740" extractCount="5699" duration="1000000"/>
			<Sample nodeCount="94" insertCount="5803" extractCount="5759" duration="1000000"/>
			<Sample nodeCount="95" insertCount="5862" extractCount="5823" duration="1000000"/>
			<Sample nodeCount="96" insertCount="5929" extractCount="5879" duration="2000000"/>
			<Sample nodeCount="97" insertCount="5993" extractCount="5938" duration="1000000"/>
			<Sample nodeCount="98" insertCount="6055" extractCount="5999" duration="1000000"/>
			<Sample nodeCount="99" insertCount="6113" extractCount="6064" duration="1000000"/>
			<Sample nodeCount="100" insertCount="6172" extractCount="6128" duration="2000000"/>
			<Sample nodeCount="101" insertCount="6238" extractCount="6185" duration="1000000"/>
			<Sample nodeCount="102" insertCount="6299" extractCount="6247" duration="1000000"/>
			<Sample nodeCount="103" insertCount="6363" extractCount="6306" duration="2000000"/>
			<Sample nodeCount="104" insertCount="6426" extractCount="6366" duration="1000000"/>
			<Sample nodeCount="105" insertCount="6481" extractCount="6434" duration="2000000"/>
			<Sample nodeCount="106" insertCount="6544" extractCount="6494" duration="1000000"/>
			<Sample nodeCount="107" insertCount="6607" extractCount="6554" duration="1000000"/>
			<Sample nodeCount="108" insertCount="6669" extractCount="6615" duration="2000000"/>
			<Sample nodeCount="109" insertCount="6732" extractCount="6675" duration="1000000"/>
			<Sample nodeCount="110" insertCount="6794" extractCount="6736" duration="2000000"/>
			<Sample nodeCount="111" insertCount="6852" extractCount="6801" duration="1000000"/>
			<Sample nodeCount="112" insertCount="6918" extractCount="6858" duration="2000000"/>
			<Sample nodeCount="113" insertCount="6981" extractCount="6918" duration="1000000"/>
			<Sample nodeCount="114" insertCount="7041" extractCount="6981" duration="2000000"/>
			<Sample nodeCount="115" insertCount="7103" extractCount="7042" duration="1000000"/>
			<Sample nodeCount="116" insertCount="7164" extractCount="7104" duration="1000000"/>
			<Sample nodeCount="117" insertCount="7225" extractCount="7166" duration="2000000"/>
			<Sample nodeCount="118" insertCount="7291" extractCount="7223" duration="1000000"/>
			<Sample nodeCount="119" insertCount="7350" extractCount="7287" duration="2000000"/>
			<Sample nodeCount="120" insertCount="7410" extractCount="7350" duration="2000000"/>
			<Sample nodeCount="121" insertCount="7471" extractCount="7412" duration="1000000"/>
			<Sample nodeCount="122" insertCount="7537" extractCount="7469" duration="2000000"/>
			<Sample nodeCount="123" insertCount="7593" extractCount="7536" duration="2000000"/>
			<Sample nodeCount="124" insertCount="7658" extractCount="7594" duration="1000000"/>
			<Sample nodeCount="125" insertCount="7718" extractCount="7657" duration="2000000"/>
			<Sample nodeCount="126" insertCount="7781" extractCount="7717" duration="2000000"/>
			<Sample nodeCount="127" insertCount="7840" extractCount="7781" duration="1000000"/>
		</SmallSetRandomOps>
		<LargeSetRandomOps>
		</LargeSetRandomOps>
		<SmallSetLinear>
			<Sample nodeCount="1" insertCount="10000" extractCount="10000" duration="1000000"/>
			<Sample nodeCount="2" insertCount="10000" extractCount="10000" duration="0"/>
			<Sample nodeCount="3" insertCount="10000" extractCount="10000" duration="0"/>
			<Sample nodeCount="4" insertCount="10000" extractCount="10000" duration="1000000"/>
			<Sample nodeCount="5" insertCount="10000" extractCount="10000" duration="2000000"/>
			<Sample nodeCount="6" insertCount="10000" extractCount="10000" duration="1000000"/>
			<Sample nodeCount="7" insertCount="10000" extractCount="10000" duration="2000000"/>
			<Sample nodeCount="8" insertCount="10000" extractCount="10000" duration="3000000"/>
			<Sample nodeCount="9" insertCount="10000" extractCount="10000" duration="3000000"/>
			<Sample nodeCount="10" insertCount="10000" extractCount="10000" duration="3000000"/>
			<Sample nodeCount="11" insertCount="10000" extractCount="10000" duration="4000000"/>
			<Sample nodeCount="12" insertCount="10000" extractCount="10000" duration="5000000"/>
			<Sample nodeCount="13" insertCount="10000" extractCount="10000" duration="5000000"/>
			<Sample nodeCount="14" insertCount="10000" extractCount="10000" duration="5000000"/>
			<Sample nodeCount="15" insertCount="10000" extractCount="10000" duration="6000000"/>
			<Sample nodeCount="16" insertCount="10000" extractCount="10000" duration="7000000"/>
			<Sample nodeCount="17" insertCount="10000" extractCount="10000" duration="7000000"/>
			<Sample nodeCount="18" insertCount="10000" extractCount="10000" duration="8000000"/>
			<Sample nodeCount="19" insertCount="10000" extractCount="10000" duration="8000000"/>
			<Sample nodeCount="20" insertCount="10000" extractCount="10000" duration="9000000"/>
			<Sample nodeCount="21" insertCount="10000" extractCount="10000" duration="9000000"/>
			<Sample nodeCount="22" insertCount="10000" extractCount="10000" duration="10000000"/>
			<Sample nodeCount="23" insertCount="10000" extractCount="10000" duration="11000000"/>
			<Sample nodeCount="24" insertCount="10000" extractCount="10000" duration="11000000"/>
			<Sample nodeCount="25" insertCount="10000" extractCount="10000" duration="12000000"/>
			<Sample nodeCount="26" insertCount="10000" extractCount="10000" duration="13000000"/>
			<Sample nodeCount="27" insertCount="10000" extractCount="10000" duration="13000000"/>
			<Sample nodeCount="28" insertCount="10000" extractCount="10000" duration="14000000"/>
			<Sample nodeCount="29" insertCount="10000" extractCount="10000" duration="15000000"/>
			<Sample nodeCount="30" insertCount="10000" extractCount="10000" duration="15000000"/>
			<Sample nodeCount="31" insertCount="10000" extractCount="10000" duration="15000000"/>
			<Sample nodeCount="32" insertCount="10000" extractCount="10000" duration="16000000"/>
			<Sample nodeCount="33" insertCount="10000" extractCount="10000" duration="18000000"/>
			<Sample nodeCount="34" insertCount="10000" extractCount="10000" duration="18000000"/>
			<Sample nodeCount="35" insertCount="10000" extractCount="10000" duration="19000000"/>
			<Sample nodeCount="36" insertCount="10000" extractCount="10000" duration="20000000"/>
			<Sample nodeCount="37" insertCount="10000" extractCount="10000" duration="20000000"/>
			<Sample nodeCount="38" insertCount="10000" extractCount="10000" duration="21000000"/>
			<Sample nodeCount="39" insertCount="10000" extractCount="10000" duration="21000000"/>
			<Sample nodeCount="40" insertCount="10000" extractCount="10000" duration="22000000"/>
			<Sample nodeCount="41" insertCount="10000" extractCount="10000" duration="24000000"/>
			<Sample nodeCount="42" insertCount="10000" extractCount="10000" duration="25000000"/>
			<Sample nodeCount="43" insertCount="10000" extractCount="10000" duration="26000000"/>
			<Sample nodeCount="44" insertCount="10000" extractCount="10000" duration="26000000"/>
			<Sample nodeCount="45" insertCount="10000" extractCount="10000" duration="27000000"/>
			<Sample nodeCount="46" insertCount="10000" extractCount="10000" duration="28000000"/>
			<Sample nodeCount="47" insertCount="10000" extractCount="10000" duration="29000000"/>
			<Sample nodeCount="48" insertCount="10000" extractCount="10000" duration="29000000"/>
			<Sample nodeCount="49" insertCount="10000" extractCount="10000" duration="30000000"/>
			<Sample nodeCount="50" insertCount="10000" extractCount="10000" duration="32000000"/>
			<Sample nodeCount="51" insertCount="10000" extractCount="10000" duration="33000000"/>
			<Sample nodeCount="52" insertCount="10000" extractCount="10000" duration="33000000"/>
			<Sample nodeCount="53" insertCount="10000" extractCount="10000" duration="34000000"/>
			<Sample nodeCount="54" insertCount="10000" extractCount="10000" duration="35000000"/>
			<Sample nodeCount="55" insertCount="10000" extractCount="10000" duration="36000000"/>
			<Sample nodeCount="56" insertCount="10000" extractCount="10000" duration="35000000"/>
			<Sample nodeCount="57" insertCount="10000" extractCount="10000" duration="37000000"/>
			<Sample nodeCount="58" insertCount="10000" extractCount="10000" duration="39000000"/>
			<Sample nodeCount="59" insertCount="10000" extractCount="10000" duration="40000000"/>
			<Sample nodeCount="60" insertCount="10000" extractCount="10000" duration="42000000"/>
			<Sample nodeCount="61" insertCount="10000" extractCount="10000" duration="40000000"/>
			<Sample nodeCount="62" insertCount="10000" extractCount="10000" duration="41000000"/>
			<Sample nodeCount="63" insertCount="10000" extractCount="10000" duration="42000000"/>
			<Sample nodeCount="64" insertCount="10000" extractCount="10000" duration="43000000"/>
			<Sample nodeCount="65" insertCount="10000" extractCount="10000" duration="42000000"/>
			<Sample nodeCount="66" insertCount="10000" extractCount="10000" duration="46000000"/>
			<Sample nodeCount="67" insertCount="10000" extractCount="10000" duration="48000000"/>
			<Sample nodeCount="68" insertCount="10000" extractCount="10000" duration="48000000"/>
			<Sample nodeCount="69" insertCount="10000" extractCount="10000" duration="50000000"/>
			<Sample nodeCount="70" insertCount="10000" extractCount="10000" duration="50000000"/>
			<Sample nodeCount="71" insertCount="10000" extractCount="10000" duration="52000000"/>
			<Sample nodeCount="72" insertCount="10000" extractCount="10000" duration="51000000"/>
			<Sample nodeCount="73" insertCount="10000" extractCount="10000" duration="52000000"/>
			<Sample nodeCount="74" insertCount="10000" extractCount="10000" duration="53000000"/>
			<Sample nodeCount="75" insertCount="10000" extractCount="10000" duration="54000000"/>
			<Sample nodeCount="76" insertCount="10000" extractCount="10000" duration="54000000"/>
			<Sample nodeCount="77" insertCount="10000" extractCount="10000" duration="55000000"/>
			<Sample nodeCount="78" insertCount="10000" extractCount="10000" duration="57000000"/>
			<Sample nodeCount="79" insertCount="10000" extractCount="10000" duration="58000000"/>
			<Sample nodeCount="80" insertCount="10000" extractCount="10000" duration="57000000"/>
			<Sample nodeCount="81" insertCount="10000" extractCount="10000" duration="58000000"/>
			<Sample nodeCount="82" insertCount="10000" extractCount="10000" duration="60000000"/>
			<Sample nodeCount="83" insertCount="10000" extractCount="10000" duration="64000000"/>
			<Sample nodeCount="84" insertCount="10000" extractCount="10000" duration="65000000"/>
			<Sample nodeCount="85" insertCount="10000" extractCount="10000" duration="66000000"/>
			<Sample nodeCount="86" insertCount="10000" extractCount="10000" duration="67000000"/>
			<Sample nodeCount="87" insertCount="10000" extractCount="10000" duration="69000000"/>
			<Sample nodeCount="88" insertCount="10000" extractCount="10000" duration="67000000"/>
			<Sample nodeCount="89" insertCount="10000" extractCount="10000" duration="68000000"/>
			<Sample nodeCount="90" insertCount="10000" extractCount="10000" duration="71000000"/>
			<Sample nodeCount="91" insertCount="10000" extractCount="10000" duration="71000000"/>
			<Sample nodeCount="92" insertCount="10000" extractCount="10000" duration="72000000"/>
			<Sample nodeCount="93" insertCount="10000" extractCount="10000" duration="72000000"/>
			<Sample nodeCount="94" insertCount="10000" extractCount="10000" duration="74000000"/>
			<Sample nodeCount="95" insertCount="10000" extractCount="10000" duration="76000000"/>
			<Sample nodeCount="96" insertCount="10000" extractCount="10000" duration="73000000"/>
			<Sample nodeCount="97" insertCount="10000" extractCount="10000" duration="75000000"/>
			<Sample nodeCount="98" insertCount="10000" extractCount="10000" duration="77000000"/>
			<Sample nodeCount="99" insertCount="10000" extractCount="10000" duration="81000000"/>
			<Sample nodeCount="100" insertCount="10000" extractCount="10000" duration="82000000"/>
			<Sample nodeCount="101" insertCount="10000" extractCount="10000" duration="83000000"/>
			<Sample nodeCount="102" insertCount="10000" extractCount="10000" duration="84000000"/>
			<Sample nodeCount="103" insertCount="10000" extractCount="10000" duration="85000000"/>
			<Sample nodeCount="104" insertCount="10000" extractCount="10000" duration="85000000"/>
			<Sample nodeCount="105" insertCount="10000" extractCount="10000" duration="86000000"/>
			<Sample nodeCount="106" insertCount="10000" extractCount="10000" duration="88000000"/>
			<Sample nodeCount="107" insertCount="10000" extractCount="10000" duration="89000000"/>
			<Sample nodeCount="108" insertCount="10000" extractCount="10000" duration="88000000"/>
			<Sample nodeCount="109" insertCount="10000" extractCount="10000" duration="90000000"/>
			<Sample nodeCount="110" insertCount="10000" extractCount="10000" duration="91000000"/>
			<Sample nodeCount="111" insertCount="10000" extractCount="10000" duration="91000000"/>
			<Sample nodeCount="112" insertCount="10000" extractCount="10000" duration="91000000"/>
			<Sample nodeCount="113" insertCount="10000" extractCount="10000" duration="92000000"/>
			<Sample nodeCount="114" insertCount="10000" extractCount="10000" duration="95000000"/>
			<Sample nodeCount="115" insertCount="10000" extractCount="10000" duration="99000000"/>
			<Sample nodeCount="116" insertCount="10000" extractCount="10000" duration="99000000"/>
			<Sample nodeCount="117" insertCount="10000" extractCount="10000" duration="101000000"/>
			<Sample nodeCount="118" insertCount="10000" extractCount="10000" duration="101000000"/>
			<Sample nodeCount="119" insertCount="10000" extractCount="10000" duration="102000000"/>
			<Sample nodeCount="120" insertCount="10000" extractCount="10000" duration="102000000"/>
			<Sample nodeCount="121" insertCount="10000" extractCount="10000" duration="102000000"/>
			<Sample nodeCount="122" insertCount="10000" extractCount="10000" duration="107000000"/>
			<Sample nodeCount="123" insertCount="10000" extractCount="10000" duration="106000000"/>
			<Sample nodeCount="124" insertCount="10000" extractCount="10000" duration="107000000"/>
			<Sample nodeCount="125" insertCount="10000" extractCount="10000" duration="108000000"/>
			<Sample nodeCount="126" insertCount="10000" extractCount="10000" duration="109000000"/>
			<Sample nodeCount="127" insertCount="10000" extractCount="10000" duration="111000000"/>
		</SmallSetLinear>
		<LargeSetLinear>
		</LargeSetLinear>
	</RBTest>
	<RBTest implementation="RTEMS" nodeSize="32">
		<SmallSetRandomOps>
			<Sample nodeCount="1" insertCount="62" extractCount="61" duration="0"/>
			<Sample nodeCount="2" insertCount="123" extractCount="123" duration="0"/>
			<Sample nodeCount="3" insertCount="186" extractCount="183" duration="0"/>
			<Sample nodeCount="4" insertCount="247" extractCount="245" duration="0"/>
			<Sample nodeCount="5" insertCount="309" extractCount="306" duration="0"/>
			<Sample nodeCount="6" insertCount="370" extractCount="368" duration="0"/>
			<Sample nodeCount="7" insertCount="433" extractCount="428" duration="0"/>
			<Sample nodeCount="8" insertCount="493" extractCount="491" duration="0"/>
			<Sample nodeCount="9" insertCount="557" extractCount="550" duration="0"/>
			<Sample nodeCount="10" insertCount="619" extractCount="611" duration="0"/>
			<Sample nodeCount="11" insertCount="680" extractCount="673" duration="0"/>
			<Sample nodeCount="12" insertCount="740" extractCount="736" duration="0"/>
			<Sample nodeCount="13" insertCount="803" extractCount="796" duration="0"/>
			<Sample nodeCount="14" insertCount="864" extractCount="858" duration="0"/>
			<Sample nodeCount="15" insertCount="927" extractCount="918" duration="0"/>
			<Sample nodeCount="16" insertCount="988" extractCount="980" duration="1000000"/>
			<Sample nodeCount="17" insertCount="1050" extractCount="1041" duration="0"/>
			<Sample nodeCount="18" insertCount="1113" extractCount="1101" duration="0"/>
			<Sample nodeCount="19" insertCount="1172" extractCount="1165" duration="0"/>
			<Sample nodeCount="20" insertCount="1237" extractCount="1223" duration="0"/>
			<Sample nodeCount="21" insertCount="1296" extractCount="1287" duration="0"/>
			<Sample nodeCount="22" insertCount="1359" extractCount="1347" duration="0"/>
			<Sample nodeCount="23" insertCount="1419" extractCount="1410" duration="1000000"/>
			<Sample nodeCount="24" insertCount="1484" extractCount="1468" duration="0"/>
			<Sample nodeCount="25" insertCount="1544" extractCount="1531" duration="0"/>
			<Sample nodeCount="26" insertCount="1604" extractCount="1594" duration="0"/>
			<Sample nodeCount="27" insertCount="1668" extractCount="1653" duration="0"/>
			<Sample nodeCount="28" insertCount="1729" extractCount="1715" duration="1000000"/>
			<Sample nodeCount="29" insertCount="1790" extractCount="1777" duration="0"/>
			<Sample nodeCount="30" insertCount="1851" extractCount="1839" duration="0"/>
			<Sample nodeCount="31" insertCount="1914" extractCount="1899" duration="0"/>
			<Sample nodeCount="32" insertCount="1977" extractCount="1959" duration="1000000"/>
			<Sample nodeCount="33" insertCount="2041" extractCount="2018" duration="0"/>
			<Sample nodeCount="34" insertCount="2097" extractCount="2085" duration="0"/>
			<Sample nodeCount="35" insertCount="2160" extractCount="2145" duration="0"/>
			<Sample nodeCount="36" insertCount="2221" extractCount="2207" duration="1000000"/>
			<Sample nodeCount="37" insertCount="2285" extractCount="2266" duration="0"/>
			<Sample nodeCount="38" insertCount="2346" extractCount="2328" duration="0"/>
			<Sample nodeCount="39" insertCount="2408" extractCount="2389" duration="1000000"/>
			<Sample nodeCount="40" insertCount="2471" extractCount="2449" duration="0"/>
			<Sample nodeCount="41" insertCount="2531" extractCount="2512" duration="0"/>
			<Sample nodeCount="42" insertCount="2593" extractCount="2573" duration="1000000"/>
			<Sample nodeCount="43" insertCount="2656" extractCount="2633" duration="0"/>
			<Sample nodeCount="44" insertCount="2717" extractCount="2695" duration="0"/>
			<Sample nodeCount="45" insertCount="2776" extractCount="2759" duration="1000000"/>
			<Sample nodeCount="46" insertCount="2840" extractCount="2818" duration="0"/>
			<Sample nodeCount="47" insertCount="2902" extractCount="2879" duration="0"/>
			<Sample nodeCount="48" insertCount="2966" extractCount="2938" duration="1000000"/>
			<Sample nodeCount="49" insertCount="3026" extractCount="3001" duration="0"/>
			<Sample nodeCount="50" insertCount="3084" extractCount="3066" duration="1000000"/>
			<Sample nodeCount="51" insertCount="3151" extractCount="3122" duration="0"/>
			<Sample nodeCount="52" insertCount="3209" extractCount="3187" duration="0"/>
			<Sample nodeCount="53" insertCount="3273" extractCount="3246" duration="1000000"/>
			<Sample nodeCount="54" insertCount="3337" extractCount="3305" duration="0"/>
			<Sample nodeCount="55" insertCount="3400" extractCount="3365" duration="1000000"/>
			<Sample nodeCount="56" insertCount="3458" extractCount="3430" duration="0"/>
			<Sample nodeCount="57" insertCount="3521" extractCount="3490" duration="1000000"/>
			<Sample nodeCount="58" insertCount="3580" extractCount="3554" duration="0"/>
			<Sample nodeCount="59" insertCount="3647" extractCount="3610" duration="1000000"/>
			<Sample nodeCount="60" insertCount="3706" extractCount="3674" duration="0"/>
			<Sample nodeCount="61" insertCount="3766" extractCount="3737" duration="1000000"/>
			<Sample nodeCount="62" insertCount="3828" extractCount="3798" duration="0"/>
			<Sample nodeCount="63" insertCount="3888" extractCount="3861" duration="1000000"/>
			<Sample nodeCount="64" insertCount="3952" extractCount="3920" duration="0"/>
			<Sample nodeCount="65" insertCount="4014" extractCount="3981" duration="1000000"/>
			<Sample nodeCount="66" insertCount="4077" extractCount="4041" duration="0"/>
			<Sample nodeCount="67" insertCount="4136" extractCount="4105" duration="1000000"/>
			<Sample nodeCount="68" insertCount="4200" extractCount="4164" duration="1000000"/>
			<Sample nodeCount="69" insertCount="4263" extractCount="4224" duration="0"/>
			<Sample nodeCount="70" insertCount="4325" extractCount="4285" duration="1000000"/>
			<Sample nodeCount="71" insertCount="4381" extractCount="4352" duration="0"/>
			<Sample nodeCount="72" insertCount="4448" extractCount="4408" duration="1000000"/>
			<Sample nodeCount="73" insertCount="4507" extractCount="4472" duration="1000000"/>
			<Sample nodeCount="74" insertCount="4571" extractCount="4531" duration="0"/>
			<Sample nodeCount="75" insertCount="4631" extractCount="4594" duration="1000000"/>
			<Sample nodeCount="76" insertCount="4693" extractCount="4655" duration="0"/>
			<Sample nodeCount="77" insertCount="4755" extractCount="4716" duration="1000000"/>
			<Sample nodeCount="78" insertCount="4817" extractCount="4777" duration="1000000"/>
			<Sample nodeCount="79" insertCount="4877" extractCount="4840" duration="0"/>
			<Sample nodeCount="80" insertCount="4942" extractCount="4898" duration="1000000"/>
			<Sample nodeCount="81" insertCount="5002" extractCount="4961" duration="1000000"/>
			<Sample nodeCount="82" insertCount="5063" extractCount="5023" duration="1000000"/>
			<Sample nodeCount="83" insertCount="5124" extractCount="5085" duration="0"/>
			<Sample nodeCount="84" insertCount="5187" extractCount="5145" duration="1000000"/>
			<Sample nodeCount="85" insertCount="5250" extractCount="5205" duration="1000000"/>
			<Sample nodeCount="86" insertCount="5314" extractCount="5264" duration="0"/>
			<Sample nodeCount="87" insertCount="5374" extractCount="5327" duration="1000000"/>
			<Sample nodeCount="88" insertCount="5432" extractCount="5392" duration="1000000"/>
			<Sample nodeCount="89" insertCount="5490" extractCount="5457" duration="1000000"/>
			<Sample nodeCount="90" insertCount="5559" extractCount="5511" duration="1000000"/>
			<Sample nodeCount="91" insertCount="5621" extractCount="5572" duration="0"/>
			<Sample nodeCount="92" insertCount="5680" extractCount="5636" duration="1000000"/>
			<Sample nodeCount="93" insertCount="5740" extractCount="5699" duration="1000000"/>
			<Sample nodeCount="94" insertCount="5803" extractCount="5759" duration="1000000"/>
			<Sample nodeCount="95" insertCount="5862" extractCount="5823" duration="1000000"/>
			<Sample nodeCount="96" insertCount="5929" extractCount="5879" duration="1000000"/>
			<Sample nodeCount="97" insertCount="5993" extractCount="5938" duration="0"/>
			<Sample nodeCount="98" insertCount="6055" extractCount="5999" duration="1000000"/>
			<Sample nodeCount="99" insertCount="6113" extractCount="6064" duration="1000000"/>
			<Sample nodeCount="100" insertCount="6172" extractCount="6128" duration="1000000"/>
			<Sample nodeCount="101" insertCount="6238" extractCount="6185" duration="1000000"/>
			<Sample nodeCount="102" insertCount="6299" extractCount="6247" duration="1000000"/>
			<Sample nodeCount="103" insertCount="6363" extractCount="6306" duration="1000000"/>
			<Sample nodeCount="104" insertCount="6426" extractCount="6366" duration="1000000"/>
			<Sample nodeCount="105" insertCount="6481" extractCount="6434" duration="0"/>
			<Sample nodeCount="106" insertCount="6544" extractCount="6494" duration="1000000"/>
			<Sample nodeCount="107" insertCount="6607" extractCount="6554" duration="1000000"/>
			<Sample nodeCount="108" insertCount="6669" extractCount="6615" duration="1000000"/>
			<Sample nodeCount="109" insertCount="6732" extractCount="6675" duration="1000000"/>
			<Sample nodeCount="110" insertCount="6794" extractCount="6736" duration="1000000"/>
			<Sample nodeCount="111" insertCount="6852" extractCount="6801" duration="1000000"/>
			<Sample nodeCount="112" insertCount="6918" extractCount="6858" duration="1000000"/>
			<Sample nodeCount="113" insertCount="6981" extractCount="6918" duration="1000000"/>
			<Sample nodeCount="114" insertCount="7041" extractCount="6981" duration="1000000"/>
			<Sample nodeCount="115" insertCount="7103" extractCount="7042" duration="1000000"/>
			<Sample nodeCount="116" insertCount="7164" extractCount="7104" duration="1000000"/>
			<Sample nodeCount="117" insertCount="7225" extractCount="7166" duration="1000000"/>
			<Sample nodeCount="118" insertCount="7291" extractCount="7223" duration="1000000"/>
			<Sample nodeCount="119" insertCount="7350" extractCount="7287" duration="1000000"/>
			<Sample nodeCount="120" insertCount="7410" extractCount="7350" duration="1000000"/>
			<Sample nodeCount="121" insertCount="7471" extractCount="7412" duration="1000000"/>
			<Sample nodeCount="122" insertCount="7537" extractCount="7469" duration="1000000"/>
			<Sample nodeCount="123" insertCount="7593" extractCount="7536" duration="2000000"/>
			<Sample nodeCount="124" insertCount="7658" extractCount="7594" duration="1000000"/>
			<Sample nodeCount="125" insertCount="7718" extractCount="7657" duration="1000000"/>
			<Sample nodeCount="126" insertCount="7781" extractCount="7717" duration="1000000"/>
			<Sample nodeCount="127" insertCount="7840" extractCount="7781" duration="1000000"/>
		</SmallSetRandomOps>
		<LargeSetRandomOps>
		</LargeSetRandomOps>
		<SmallSetLinear>
			<Sample nodeCount="1" insertCount="10000" extractCount="10000" duration="0"/>
			<Sample nodeCount="2" insertCount="10000" extractCount="10000" duration="1000000"/>
			<Sample nodeCount="3" insertCount="10000" extractCount="10000" duration="1000000"/>
			<Sample nodeCount="4" insertCount="10000" extractCount="10000" duration="1000000"/>
			<Sample nodeCount="5" insertCount="10000" extractCount="10000" duration="2000000"/>
			<Sample nodeCount="6" insertCount="10000" extractCount="10000" duration="2000000"/>
			<Sample nodeCount="7" insertCount="10000" extractCount="10000" duration="3000000"/>
			<Sample nodeCount="8" insertCount="10000" extractCount="10000" duration="3000000"/>
			<Sample nodeCount="9" insertCount="10000" extractCount="10000" duration="4000000"/>
			<Sample nodeCount="10" insertCount="10000" extractCount="10000" duration="4000000"/>
			<Sample nodeCount="11" insertCount="10000" extractCount="10000" duration="5000000"/>
			<Sample nodeCount="12" insertCount="10000" extractCount="10000" duration="6000000"/>
			<Sample nodeCount="13" insertCount="10000" extractCount="10000" duration="6000000"/>
			<Sample nodeCount="14" insertCount="10000" extractCount="10000" duration="7000000"/>
			<Sample nodeCount="15" insertCount="10000" extractCount="10000" duration="8000000"/>
			<Sample nodeCount="16" insertCount="10000" extractCount="10000" duration="7000000"/>
			<Sample nodeCount="17" insertCount="10000" extractCount="10000" duration="9000000"/>
			<Sample nodeCount="18" insertCount="10000" extractCount="10000" duration="10000000"/>
			<Sample nodeCount="19" insertCount="10000" extractCount="10000" duration="11000000"/>
			<Sample nodeCount="20" insertCount="10000" extractCount="10000" duration="12000000"/>
			<Sample nodeCount="21" insertCount="10000" extractCount="10000" duration="12000000"/>
			<Sample nodeCount="22" insertCount="10000" extractCount="10000" duration="14000000"/>
			<Sample nodeCount="23" insertCount="10000" extractCount="10000" duration="13000000"/>
			<Sample nodeCount="24" insertCount="10000" extractCount="10000" duration="15000000"/>
			<Sample nodeCount="25" insertCount="10000" extractCount="10000" duration="15000000"/>
			<Sample nodeCount="26" insertCount="10000" extractCount="10000" duration="17000000"/>
			<Sample nodeCount="27" insertCount="10000" extractCount="10000" duration="17000000"/>
			<Sample nodeCount="28" insertCount="10000" extractCount="10000" duration="18000000"/>
			<Sample nodeCount="29" insertCount="10000" extractCount="10000" duration="19000000"/>
			<Sample nodeCount="30" insertCount="10000" extractCount="10000" duration="20000000"/>
			<Sample nodeCount="31" insertCount="10000" extractCount="10000" duration="20000000"/>
			<Sample nodeCount="32" insertCount="10000" extractCount="10000" duration="22000000"/>
			<Sample nodeCount="33" insertCount="10000" extractCount="10000" duration="22000000"/>
			<Sample nodeCount="34" insertCount="10000" extractCount="10000" duration="24000000"/>
			<Sample nodeCount="35" insertCount="10000" extractCount="10000" duration="24000000"/>
			<Sample nodeCount="36" insertCount="10000" extractCount="10000" duration="26000000"/>
			<Sample nodeCount="37" insertCount="10000" extractCount="10000" duration="26000000"/>
			<Sample nodeCount="38" insertCount="10000" extractCount="10000" duration="27000000"/>
			<Sample nodeCount="39" insertCount="10000" extractCount="10000" duration="28000000"/>
			<Sample nodeCount="40" insertCount="10000" extractCount="10000" duration="29000000"/>
			<Sample nodeCount="41" insertCount="10000" extractCount="10000" duration="30000000"/>
			<Sample nodeCount="42" insertCount="10000" extractCount="10000" duration="31000000"/>
			<Sample nodeCount="43" insertCount="10000" extractCount="10000" duration="32000000"/>
			<Sample nodeCount="44" insertCount="10000" extractCount="10000" duration="33000000"/>
			<Sample nodeCount="45" insertCount="10000" extractCount="10000" duration="34000000"/>
			<Sample nodeCount="46" insertCount="10000" extractCount="10000" duration="35000000"/>
			<Sample nodeCount="47" insertCount="10000" extractCount="10000" duration="36000000"/>
			<Sample nodeCount="48" insertCount="10000" extractCount="10000" duration="37000000"/>
			<Sample nodeCount="49" insertCount="10000" extractCount="10000" duration="38000000"/>
			<Sample nodeCount="50" insertCount="10000" extractCount="10000" duration="39000000"/>
			<Sample nodeCount="51" insertCount="10000" extractCount="10000" duration="41000000"/>
			<Sample nodeCount="52" insertCount="10000" extractCount="10000" duration="42000000"/>
			<Sample nodeCount="53" insertCount="10000" extractCount="10000" duration="42000000"/>
			<Sample nodeCount="54" insertCount="10000" extractCount="10000" duration="43000000"/>
			<Sample nodeCount="55" insertCount="10000" extractCount="10000" duration="44000000"/>
			<Sample nodeCount="56" insertCount="10000" extractCount="10000" duration="45000000"/>
			<Sample nodeCount="57" insertCount="10000" extractCount="10000" duration="46000000"/>
			<Sample nodeCount="58" insertCount="10000" extractCount="10000" duration="48000000"/>
			<Sample nodeCount="59" insertCount="10000" extractCount="10000" duration="48000000"/>
			<Sample nodeCount="60" insertCount="10000" extractCount="10000" duration="49000000"/>
			<Sample nodeCount="61" insertCount="10000" extractCount="10000" duration="51000000"/>
			<Sample nodeCount="62" insertCount="10000" extractCount="10000" duration="52000000"/>
			<Sample nodeCount="63" insertCount="10000" extractCount="10000" duration="52000000"/>
			<Sample nodeCount="64" insertCount="10000" extractCount="10000" duration="54000000"/>
			<Sample nodeCount="65" insertCount="10000" extractCount="10000" duration="56000000"/>
			<Sample nodeCount="66" insertCount="10000" extractCount="10000" duration="56000000"/>
			<Sample nodeCount="67" insertCount="10000" extractCount="10000" duration="57000000"/>
			<Sample nodeCount="68" insertCount="10000" extractCount="10000" duration="58000000"/>
			<Sample nodeCount="69" insertCount="10000" extractCount="10000" duration="60000000"/>
			<Sample nodeCount="70" insertCount="10000" extractCount="10000" duration="62000000"/>
			<Sample nodeCount="71" insertCount="10000" extractCount="10000" duration="66000000"/>
			<Sample nodeCount="72" insertCount="10000" extractCount="10000" duration="66000000"/>
			<Sample nodeCount="73" insertCount="10000" extractCount="10000" duration="66000000"/>
			<Sample nodeCount="74" insertCount="10000" extractCount="10000" duration="68000000"/>
			<Sample nodeCount="75" insertCount="10000" extractCount="10000" duration="69000000"/>
			<Sample nodeCount="76" insertCount="10000" extractCount="10000" duration="69000000"/>
			<Sample nodeCount="77" insertCount="10000" extractCount="10000" duration="70000000"/>
			<Sample nodeCount="78" insertCount="10000" extractCount="10000" duration="72000000"/>
			<Sample nodeCount="79" insertCount="10000" extractCount="10000" duration="73000000"/>
			<Sample nodeCount="80" insertCount="10000" extractCount="10000" duration="73000000"/>
			<Sample nodeCount="81" insertCount="10000" extractCount="10000" duration="75000000"/>
			<Sample nodeCount="82" insertCount="10000" extractCount="10000" duration="76000000"/>
			<Sample nodeCount="83" insertCount="10000" extractCount="10000" duration="77000000"/>
			<Sample nodeCount="84" insertCount="10000" extractCount="10000" duration="77000000"/>
			<Sample nodeCount="85" insertCount="10000" extractCount="10000" duration="79000000"/>
			<Sample nodeCount="86" insertCount="10000" extractCount="10000" duration="80000000"/>
			<Sample nodeCount="87" insertCount="10000" extractCount="10000" duration="82000000"/>
			<Sample nodeCount="88" insertCount="10000" extractCount="10000" duration="82000000"/>
			<Sample nodeCount="89" insertCount="10000" extractCount="10000" duration="83000000"/>
			<Sample nodeCount="90" insertCount="10000" extractCount="10000" duration="85000000"/>
			<Sample nodeCount="91" insertCount="10000" extractCount="10000" duration="86000000"/>
			<Sample nodeCount="92" insertCount="10000" extractCount="10000" duration="87000000"/>
			<Sample nodeCount="93" insertCount="10000" extractCount="10000" duration="87000000"/>
			<Sample nodeCount="94" insertCount="10000" extractCount="10000" duration="90000000"/>
			<Sample nodeCount="95" insertCount="10000" extractCount="10000" duration="91000000"/>
			<Sample nodeCount="96" insertCount="10000" extractCount="10000" duration="91000000"/>
			<Sample nodeCount="97" insertCount="10000" extractCount="10000" duration="93000000"/>
			<Sample nodeCount="98" insertCount="10000" extractCount="10000" duration="94000000"/>
			<Sample nodeCount="99" insertCount="10000" extractCount="10000" duration="96000000"/>
			<Sample nodeCount="100" insertCount="10000" extractCount="10000" duration="97000000"/>
			<Sample nodeCount="101" insertCount="10000" extractCount="10000" duration="97000000"/>
			<Sample nodeCount="102" insertCount="10000" extractCount="10000" duration="99000000"/>
			<Sample nodeCount="103" insertCount="10000" extractCount="10000" duration="101000000"/>
			<Sample nodeCount="104" insertCount="10000" extractCount="10000" duration="102000000"/>
			<Sample nodeCount="105" insertCount="10000" extractCount="10000" duration="103000000"/>
			<Sample nodeCount="106" insertCount="10000" extractCount="10000" duration="104000000"/>
			<Sample nodeCount="107" insertCount="10000" extractCount="10000" duration="106000000"/>
			<Sample nodeCount="108" insertCount="10000" extractCount="10000" duration="106000000"/>
			<Sample nodeCount="109" insertCount="10000" extractCount="10000" duration="108000000"/>
			<Sample nodeCount="110" insertCount="10000" extractCount="10000" duration="109000000"/>
			<Sample nodeCount="111" insertCount="10000" extractCount="10000" duration="110000000"/>
			<Sample nodeCount="112" insertCount="10000" extractCount="10000" duration="111000000"/>
			<Sample nodeCount="113" insertCount="10000" extractCount="10000" duration="112000000"/>
			<Sample nodeCount="114" insertCount="10000" extractCount="10000" duration="114000000"/>
			<Sample nodeCount="115" insertCount="10000" extractCount="10000" duration="116000000"/>
			<Sample nodeCount="116" insertCount="10000" extractCount="10000" duration="116000000"/>
			<Sample nodeCount="117" insertCount="10000" extractCount="10000" duration="117000000"/>
			<Sample nodeCount="118" insertCount="10000" extractCount="10000" duration="119000000"/>
			<Sample nodeCount="119" insertCount="10000" extractCount="10000" duration="119000000"/>
			<Sample nodeCount="120" insertCount="10000" extractCount="10000" duration="121000000"/>
			<Sample nodeCount="121" insertCount="10000" extractCount="10000" duration="121000000"/>
			<Sample nodeCount="122" insertCount="10000" extractCount="10000" duration="123000000"/>
			<Sample nodeCount="123" insertCount="10000" extractCount="10000" duration="126000000"/>
			<Sample nodeCount="124" insertCount="10000" extractCount="10000" duration="126000000"/>
			<Sample nodeCount="125" insertCount="10000" extractCount="10000" duration="127000000"/>
			<Sample nodeCount="126" insertCount="10000" extractCount="10000" duration="129000000"/>
			<Sample nodeCount="127" insertCount="10000" extractCount="10000" duration="130000000"/>
		</SmallSetLinear>
		<LargeSetLinear>
		</LargeSetLinear>
	</RBTest>
	<RBTest implementation="Boost" nodeSize="24">
		<SmallSetRandomOps>
			<Sample nodeCount="1" insertCount="62" extractCount="61" duration="0"/>
			<Sample nodeCount="2" insertCount="123" extractCount="123" duration="0"/>
			<Sample nodeCount="3" insertCount="186" extractCount="183" duration="0"/>
			<Sample nodeCount="4" insertCount="247" extractCount="245" duration="0"/>
			<Sample nodeCount="5" insertCount="309" extractCount="306" duration="0"/>
			<Sample nodeCount="6" insertCount="370" extractCount="368" duration="0"/>
			<Sample nodeCount="7" insertCount="433" extractCount="428" duration="0"/>
			<Sample nodeCount="8" insertCount="493" extractCount="491" duration="0"/>
			<Sample nodeCount="9" insertCount="557" extractCount="550" duration="1000000"/>
			<Sample nodeCount="10" insertCount="619" extractCount="611" duration="0"/>
			<Sample nodeCount="11" insertCount="680" extractCount="673" duration="0"/>
			<Sample nodeCount="12" insertCount="740" extractCount="736" duration="0"/>
			<Sample nodeCount="13" insertCount="803" extractCount="796" duration="0"/>
			<Sample nodeCount="14" insertCount="864" extractCount="858" duration="0"/>
			<Sample nodeCount="15" insertCount="927" extractCount="918" duration="0"/>
			<Sample nodeCount="16" insertCount="988" extractCount="980" duration="0"/>
			<Sample nodeCount="17" insertCount="1050" extractCount="1041" duration="0"/>
			<Sample nodeCount="18" insertCount="1113" extractCount="1101" duration="1000000"/>
			<Sample nodeCount="19" insertCount="1172" extractCount="1165" duration="0"/>
			<Sample nodeCount="20" insertCount="1237" extractCount="1223" duration="0"/>
			<Sample nodeCount="21" insertCount="1296" extractCount="1287" duration="0"/>
			<Sample nodeCount="22" insertCount="1359" extractCount="1347" duration="0"/>
			<Sample nodeCount="23" insertCount="1419" extractCount="1410" duration="0"/>
			<Sample nodeCount="24" insertCount="1484" extractCount="1468" duration="1000000"/>
			<Sample nodeCount="25" insertCount="1544" extractCount="1531" duration="0"/>
			<Sample nodeCount="26" insertCount="1604" extractCount="1594" duration="0"/>
			<Sample nodeCount="27" insertCount="1668" extractCount="1653" duration="0"/>
			<Sample nodeCount="28" insertCount="1729" extractCount="1715" duration="1000000"/>
			<Sample nodeCount="29" insertCount="1790" extractCount="1777" duration="0"/>
			<Sample nodeCount="30" insertCount="1851" extractCount="1839" duration="0"/>
			<Sample nodeCount="31" insertCount="1914" extractCount="1899" duration="0"/>
			<Sample nodeCount="32" insertCount="1977" extractCount="1959" duration="1000000"/>
			<Sample nodeCount="33" insertCount="2041" extractCount="2018" duration="0"/>
			<Sample nodeCount="34" insertCount="2097" extractCount="2085" duration="0"/>
			<Sample nodeCount="35" insertCount="2160" extractCount="2145" duration="1000000"/>
			<Sample nodeCount="36" insertCount="2221" extractCount="2207" duration="0"/>
			<Sample nodeCount="37" insertCount="2285" extractCount="2266" duration="0"/>
			<Sample nodeCount="38" insertCount="2346" extractCount="2328" duration="1000000"/>
			<Sample nodeCount="39" insertCount="2408" extractCount="2389" duration="0"/>
			<Sample nodeCount="40" insertCount="2471" extractCount="2449" duration="0"/>
			<Sample nodeCount="41" insertCount="2531" extractCount="2512" duration="1000000"/>
			<Sample nodeCount="42" insertCount="2593" extractCount="2573" duration="0"/>
			<Sample nodeCount="43" insertCount="2656" extractCount="2633" duration="0"/>
			<Sample nodeCount="44" insertCount="2717" extractCount="2695" duration="1000000"/>
			<Sample nodeCount="45" insertCount="2776" extractCount="2759" duration="0"/>
			<Sample nodeCount="46" insertCount="2840" extractCount="2818" duration="1000000"/>
			<Sample nodeCount="47" insertCount="2902" extractCount="2879" duration="0"/>
			<Sample nodeCount="48" insertCount="2966" extractCount="2938" duration="1000000"/>
			<Sample nodeCount="49" insertCount="3026" extractCount="3001" duration="0"/>
			<Sample nodeCount="50" insertCount="3084" extractCount="3066" duration="0"/>
			<Sample nodeCount="51" insertCount="3151" extractCount="3122" duration="1000000"/>
			<Sample nodeCount="52" insertCount="3209" extractCount="3187" duration="0"/>
			<Sample nodeCount="53" insertCount="3273" extractCount="3246" duration="1000000"/>
			<Sample nodeCount="54" insertCount="3337" extractCount="3305" duration="0"/>
			<Sample nodeCount="55" insertCount="3400" extractCount="3365" duration="1000000"/>
			<Sample nodeCount="56" insertCount="3458" extractCount="3430" duration="1000000"/>
			<Sample nodeCount="57" insertCount="3521" extractCount="3490" duration="0"/>
			<Sample nodeCount="58" insertCount="3580" extractCount="3554" duration="1000000"/>
			<Sample nodeCount="59" insertCount="3647" extractCount="3610" duration="0"/>
			<Sample nodeCount="60" insertCount="3706" extractCount="3674" duration="1000000"/>
			<Sample nodeCount="61" insertCount="3766" extractCount="3737" duration="0"/>
			<Sample nodeCount="62" insertCount="3828" extractCount="3798" duration="1000000"/>
			<Sample nodeCount="63" insertCount="3888" extractCount="3861" duration="1000000"/>
			<Sample nodeCount="64" insertCount="3952" extractCount="3920" duration="0"/>
			<Sample nodeCount="65" insertCount="4014" extractCount="3981" duration="1000000"/>
			<Sample nodeCount="66" insertCount="4077" extractCount="4041" duration="0"/>
			<Sample nodeCount="67" insertCount="4136" extractCount="4105" duration="1000000"/>
			<Sample nodeCount="68" insertCount="4200" extractCount="4164" duration="1000000"/>
			<Sample nodeCount="69" insertCount="4263" extractCount="4224" duration="0"/>
			<Sample nodeCount="70" insertCount="4325" extractCount="4285" duration="1000000"/>
			<Sample nodeCount="71" insertCount="4381" extractCount="4352" duration="1000000"/>
			<Sample nodeCount="72" insertCount="4448" extractCount="4408" duration="0"/>
			<Sample nodeCount="73" insertCount="4507" extractCount="4472" duration="1000000"/>
			<Sample nodeCount="74" insertCount="4571" extractCount="4531" duration="1000000"/>
			<Sample nodeCount="75" insertCount="4631" extractCount="4594" duration="0"/>
			<Sample nodeCount="76" insertCount="4693" extractCount="4655" duration="1000000"/>
			<Sample nodeCount="77" insertCount="4755" extractCount="4716" duration="1000000"/>
			<Sample nodeCount="78" insertCount="4817" extractCount="4777" duration="1000000"/>
			<Sample nodeCount="79" insertCount="4877" extractCount="4840" duration="0"/>
			<Sample nodeCount="80" insertCount="4942" extractCount="4898" duration="1000000"/>
			<Sample nodeCount="81" insertCount="5002" extractCount="4961" duration="1000000"/>
			<Sample nodeCount="82" insertCount="5063" extractCount="5023" duration="1000000"/>
			<Sample nodeCount="83" insertCount="5124" extractCount="5085" duration="1000000"/>
			<Sample nodeCount="84" insertCount="5187" extractCount="5145" duration="0"/>
			<Sample nodeCount="85" insertCount="5250" extractCount="5205" duration="1000000"/>
			<Sample nodeCount="86" insertCount="5314" extractCount="5264" duration="1000000"/>
			<Sample nodeCount="87" insertCount="5374" extractCount="5327" duration="1000000"/>
			<Sample nodeCount="88" insertCount="5432" extractCount="5392" duration="1000000"/>
			<Sample nodeCount="89" insertCount="5490" extractCount="5457" duration="1000000"/>
			<Sample nodeCount="90" insertCount="5559" extractCount="5511" duration="1000000"/>
			<Sample nodeCount="91" insertCount="5621" extractCount="5572" duration="1000000"/>
			<Sample nodeCount="92" insertCount="5680" extractCount="5636" duration="0"/>
			<Sample nodeCount="93" insertCount="5740" extractCount="5699" duration="1000000"/>
			<Sample nodeCount="94" insertCount="5803" extractCount="5759" duration="1000000"/>
			<Sample nodeCount="95" insertCount="5862" extractCount="5823" duration="1000000"/>
			<Sample nodeCount="96" insertCount="5929" extractCount="5879" duration="1000000"/>
			<Sample nodeCount="97" insertCount="5993" extractCount="5938" duration="1000000"/>
			<Sample nodeCount="98" insertCount="6055" extractCount="5999" duration="1000000"/>
			<Sample nodeCount="99" insertCount="6113" extractCount="6064" duration="1000000"/>
			<Sample nodeCount="100" insertCount="6172" extractCount="6128" duration="1000000"/>
			<Sample nodeCount="101" insertCount="6238" extractCount="6185" duration="1000000"/>
			<Sample nodeCount="102" insertCount="6299" extractCount="6247" duration="1000000"/>
			<Sample nodeCount="103" insertCount="6363" extractCount="6306" duration="1000000"/>
			<Sample nodeCount="104" insertCount="6426" extractCount="6366" duration="1000000"/>
			<Sample nodeCount="105" insertCount="6481" extractCount="6434" duration="1000000"/>
			<Sample nodeCount="106" insertCount="6544" extractCount="6494" duration="1000000"/>
			<Sample nodeCount="107" insertCount="6607" extractCount="6554" duration="1000000"/>
			<Sample nodeCount="108" insertCount="6669" extractCount="6615" duration="2000000"/>
			<Sample nodeCount="109" insertCount="6732" extractCount="6675" duration="1000000"/>
			<Sample nodeCount="110" insertCount="6794" extractCount="6736" duration="1000000"/>
			<Sample nodeCount="111" insertCount="6852" extractCount="6801" duration="1000000"/>
			<Sample nodeCount="112" insertCount="6918" extractCount="6858" duration="1000000"/>
			<Sample nodeCount="113" insertCount="6981" extractCount="6918" duration="1000000"/>
			<Sample nodeCount="114" insertCount="7041" extractCount="6981" duration="1000000"/>
			<Sample nodeCount="115" insertCount="7103" extractCount="7042" duration="2000000"/>
			<Sample nodeCount="116" insertCount="7164" extractCount="7104" duration="1000000"/>
			<Sample nodeCount="117" insertCount="7225" extractCount="7166" duration="1000000"/>
			<Sample nodeCount="118" insertCount="7291" extractCount="7223" duration="1000000"/>
			<Sample nodeCount="119" insertCount="7350" extractCount="7287" duration="1000000"/>
			<Sample nodeCount="120" insertCount="7410" extractCount="7350" duration="2000000"/>
			<Sample nodeCount="121" insertCount="7471" extractCount="7412" duration="1000000"/>
			<Sample nodeCount="122" insertCount="7537" extractCount="7469" duration="1000000"/>
			<Sample nodeCount="123" insertCount="7593" extractCount="7536" duration="1000000"/>
			<Sample nodeCount="124" insertCount="7658" extractCount="7594" duration="2000000"/>
			<Sample nodeCount="125" insertCount="7718" extractCount="7657" duration="1000000"/>
			<Sample nodeCount="126" insertCount="7781" extractCount="7717" duration="1000000"/>
			<Sample nodeCount="127" insertCount="7840" extractCount="7781" duration="1000000"/>
		</SmallSetRandomOps>
		<LargeSetRandomOps>
		</LargeSetRandomOps>
		<SmallSetLinear>
			<Sample nodeCount="1" insertCount="10000" extractCount="10000" duration="1000000"/>
			<Sample nodeCount="2" insertCount="10000" extractCount="10000" duration="0"/>
			<Sample nodeCount="3" insertCount="10000" extractCount="10000" duration="1000000"/>
			<Sample nodeCount="4" insertCount="10000" extractCount="10000" duration="1000000"/>
			<Sample nodeCount="5" insertCount="10000" extractCount="10000" duration="2000000"/>
			<Sample nodeCount="6" insertCount="10000" extractCount="10000" duration="2000000"/>
			<Sample nodeCount="7" insertCount="10000" extractCount="10000" duration="2000000"/>
			<Sample nodeCount="8" insertCount="10000" extractCount="10000" duration="3000000"/>
			<Sample nodeCount="9" insertCount="10000" extractCount="10000" duration="4000000"/>
			<Sample nodeCount="10" insertCount="10000" extractCount="10000" duration="4000000"/>
			<Sample nodeCount="11" insertCount="10000" extractCount="10000" duration="5000000"/>
			<Sample nodeCount="12" insertCount="10000" extractCount="10000" duration="5000000"/>
			<Sample nodeCount="13" insertCount="10000" extractCount="10000" duration="6000000"/>
			<Sample nodeCount="14" insertCount="10000" extractCount="10000" duration="6000000"/>
			<Sample nodeCount="15" insertCount="10000" extractCount="10000" duration="7000000"/>
			<Sample nodeCount="16" insertCount="10000" extractCount="10000" duration="8000000"/>
			<Sample nodeCount="17" insertCount="10000" extractCount="10000" duration="8000000"/>
			<Sample nodeCount="18" insertCount="10000" extractCount="10000" duration="9000000"/>
			<Sample nodeCount="19" insertCount="10000" extractCount="10000" duration="10000000"/>
			<Sample nodeCount="20" insertCount="10000" extractCount="10000" duration="10000000"/>
			<Sample nodeCount="21" insertCount="10000" extractCount="10000" duration="11000000"/>
			<Sample nodeCount="22" insertCount="10000" extractCount="10000" duration="11000000"/>
			<Sample nodeCount="23" insertCount="10000" extractCount="10000" duration="12000000"/>
			<Sample nodeCount="24" insertCount="10000" extractCount="10000" duration="13000000"/>
			<Sample nodeCount="25" insertCount="10000" extractCount="10000" duration="13000000"/>
			<Sample nodeCount="26" insertCount="10000" extractCount="10000" duration="14000000"/>
			<Sample nodeCount="27" insertCount="10000" extractCount="10000" duration="15000000"/>
			<Sample nodeCount="28" insertCount="10000" extractCount="10000" duration="16000000"/>
			<Sample nodeCount="29" insertCount="10000" extractCount="10000" duration="16000000"/>
			<Sample nodeCount="30" insertCount="10000" extractCount="10000" duration="18000000"/>
			<Sample nodeCount="31" insertCount="10000" extractCount="10000" duration="17000000"/>
			<Sample nodeCount="32" insertCount="10000" extractCount="10000" duration="19000000"/>
			<Sample nodeCount="33" insertCount="10000" extractCount="10000" duration="19000000"/>
			<Sample nodeCount="34" insertCount="10000" extractCount="10000" duration="21000000"/>
			<Sample nodeCount="35" insertCount="10000" extractCount="10000" duration="20000000"/>
			<Sample nodeCount="36" insertCount="10000" extractCount="10000" duration="22000000"/>
			<Sample nodeCount="37" insertCount="10000" extractCount="10000" duration="22000000"/>
			<Sample nodeCount="38" insertCount="10000" extractCount="10000" duration="23000000"/>
			<Sample nodeCount="39" insertCount="10000" extractCount="10000" duration="25000000"/>
			<Sample nodeCount="40" insertCount="10000" extractCount="10000" duration="24000000"/>
			<Sample nodeCount="41" insertCount="10000" extractCount="10000" duration="26000000"/>
			<Sample nodeCount="42" insertCount="10000" extractCount="10000" duration="27000000"/>
			<Sample nodeCount="43" insertCount="10000" extractCount="10000" duration="27000000"/>
			<Sample nodeCount="44" insertCount="10000" extractCount="10000" duration="27000000"/>
			<Sample nodeCount="45" insertCount="10000" extractCount="10000" duration="29000000"/>
			<Sample nodeCount="46" insertCount="10000" extractCount="10000" duration="30000000"/>
			<Sample nodeCount="47" insertCount="10000" extractCount="10000" duration="30000000"/>
			<Sample nodeCount="48" insertCount="10000" extractCount="10000" duration="31000000"/>
			<Sample nodeCount="49" insertCount="10000" extractCount="10000" duration="32000000"/>
			<Sample nodeCount="50" insertCount="10000" extractCount="10000" duration="33000000"/>
			<Sample nodeCount="51" insertCount="10000" extractCount="10000" duration="34000000"/>
			<Sample nodeCount="52" insertCount="10000" extractCount="10000" duration="34000000"/>
			<Sample nodeCount="53" insertCount="10000" extractCount="10000" duration="35000000"/>
			<Sample nodeCount="54" insertCount="10000" extractCount="10000" duration="36000000"/>
			<Sample nodeCount="55" insertCount="10000" extractCount="10000" duration="37000000"/>
			<Sample nodeCount="56" insertCount="10000" extractCount="10000" duration="38000000"/>
			<Sample nodeCount="57" insertCount="10000" extractCount="10000" duration="39000000"/>
			<Sample nodeCount="58" insertCount="10000" extractCount="10000" duration="40000000"/>
			<Sample nodeCount="59" insertCount="10000" extractCount="10000" duration="40000000"/>
			<Sample nodeCount="60" insertCount="10000" extractCount="10000" duration="41000000"/>
			<Sample nodeCount="61" insertCount="10000" extractCount="10000" duration="42000000"/>
			<Sample nodeCount="62" insertCount="10000" extractCount="10000" duration="44000000"/>
			<Sample nodeCount="63" insertCount="10000" extractCount="10000" duration="44000000"/>
			<Sample nodeCount="64" insertCount="10000" extractCount="10000" duration="46000000"/>
			<Sample nodeCount="65" insertCount="10000" extractCount="10000" duration="46000000"/>
			<Sample nodeCount="66" insertCount="10000" extractCount="10000" duration="49000000"/>
			<Sample nodeCount="67" insertCount="10000" extractCount="10000" duration="48000000"/>
			<Sample nodeCount="68" insertCount="10000" extractCount="10000" duration="50000000"/>
			<Sample nodeCount="69" insertCount="10000" extractCount="10000" duration="50000000"/>
			<Sample nodeCount="70" insertCount="10000" extractCount="10000" duration="51000000"/>
			<Sample nodeCount="71" insertCount="10000" extractCount="10000" duration="51000000"/>
			<Sample nodeCount="72" insertCount="10000" extractCount="10000" duration="53000000"/>
			<Sample nodeCount="73" insertCount="10000" extractCount="10000" duration="54000000"/>
			<Sample nodeCount="74" insertCount="10000" extractCount="10000" duration="55000000"/>
			<Sample nodeCount="75" insertCount="10000" extractCount="10000" duration="56000000"/>
			<Sample nodeCount="76" insertCount="10000" extractCount="10000" duration="57000000"/>
			<Sample nodeCount="77" insertCount="10000" extractCount="10000" duration="57000000"/>
			<Sample nodeCount="78" insertCount="10000" extractCount="10000" duration="59000000"/>
			<Sample nodeCount="79" insertCount="10000" extractCount="10000" duration="59000000"/>
			<Sample nodeCount="80" insertCount="10000" extractCount="10000" duration="59000000"/>
			<Sample nodeCount="81" insertCount="10000" extractCount="10000" duration="61000000"/>
			<Sample nodeCount="82" insertCount="10000" extractCount="10000" duration="60000000"/>
			<Sample nodeCount="83" insertCount="10000" extractCount="10000" duration="61000000"/>
			<Sample nodeCount="84" insertCount="10000" extractCount="10000" duration="62000000"/>
			<Sample nodeCount="85" insertCount="10000" extractCount="10000" duration="63000000"/>
			<Sample nodeCount="86" insertCount="10000" extractCount="10000" duration="64000000"/>
			<Sample nodeCount="87" insertCount="10000" extractCount="10000" duration="66000000"/>
			<Sample nodeCount="88" insertCount="10000" extractCount="10000" duration="67000000"/>
			<Sample nodeCount="89" insertCount="10000" extractCount="10000" duration="70000000"/>
			<Sample nodeCount="90" insertCount="10000" extractCount="10000" duration="67000000"/>
			<Sample nodeCount="91" insertCount="10000" extractCount="10000" duration="68000000"/>
			<Sample nodeCount="92" insertCount="10000" extractCount="10000" duration="69000000"/>
			<Sample nodeCount="93" insertCount="10000" extractCount="10000" duration="72000000"/>
			<Sample nodeCount="94" insertCount="10000" extractCount="10000" duration="75000000"/>
			<Sample nodeCount="95" insertCount="10000" extractCount="10000" duration="77000000"/>
			<Sample nodeCount="96" insertCount="10000" extractCount="10000" duration="76000000"/>
			<Sample nodeCount="97" insertCount="10000" extractCount="10000" duration="76000000"/>
			<Sample nodeCount="98" insertCount="10000" extractCount="10000" duration="78000000"/>
			<Sample nodeCount="99" insertCount="10000" extractCount="10000" duration="77000000"/>
			<Sample nodeCount="100" insertCount="10000" extractCount="10000" duration="78000000"/>
			<Sample nodeCount="101" insertCount="10000" extractCount="10000" duration="78000000"/>
			<Sample nodeCount="102" insertCount="10000" extractCount="10000" duration="80000000"/>
			<Sample nodeCount="103" insertCount="10000" extractCount="10000" duration="81000000"/>
			<Sample nodeCount="104" insertCount="10000" extractCount="10000" duration="83000000"/>
			<Sample nodeCount="105" insertCount="10000" extractCount="10000" duration="84000000"/>
			<Sample nodeCount="106" insertCount="10000" extractCount="10000" duration="85000000"/>
			<Sample nodeCount="107" insertCount="10000" extractCount="10000" duration="85000000"/>
			<Sample nodeCount="108" insertCount="10000" extractCount="10000" duration="86000000"/>
			<Sample nodeCount="109" insertCount="10000" extractCount="10000" duration="87000000"/>
			<Sample nodeCount="110" insertCount="10000" extractCount="10000" duration="88000000"/>
			<Sample nodeCount="111" insertCount="10000" extractCount="10000" duration="89000000"/>
			<Sample nodeCount="112" insertCount="10000" extractCount="10000" duration="91000000"/>
			<Sample nodeCount="113" insertCount="10000" extractCount="10000" duration="90000000"/>
			<Sample nodeCount="114" insertCount="10000" extractCount="10000" duration="91000000"/>
			<Sample nodeCount="115" insertCount="10000" extractCount="10000" duration="92000000"/>
			<Sample nodeCount="116" insertCount="10000" extractCount="10000" duration="92000000"/>
			<Sample nodeCount="117" insertCount="10000" extractCount="10000" duration="94000000"/>
			<Sample nodeCount="118" insertCount="10000" extractCount="10000" duration="94000000"/>
			<Sample nodeCount="119" insertCount="10000" extractCount="10000" duration="97000000"/>
			<Sample nodeCount="120" insertCount="10000" extractCount="10000" duration="96000000"/>
			<Sample nodeCount="121" insertCount="10000" extractCount="10000" duration="97000000"/>
			<Sample nodeCount="122" insertCount="10000" extractCount="10000" duration="99000000"/>
			<Sample nodeCount="123" insertCount="10000" extractCount="10000" duration="99000000"/>
			<Sample nodeCount="124" insertCount="10000" extractCount="10000" duration="101000000"/>
			<Sample nodeCount="125" insertCount="10000" extractCount="10000" duration="100000000"/>
			<Sample nodeCount="126" insertCount="10000" extractCount="10000" duration="102000000"/>
			<Sample nodeCount="127" insertCount="10000" extractCount="10000" duration="104000000"/>
		</SmallSetLinear>
		<LargeSetLinear>
		</LargeSetLinear>
	</RBTest>
	<RBTest implementation="RB Compact" nodeSize="16">
		<SmallSetRandomOps>
			<Sample nodeCount="1" insertCount="62" extractCount="61" duration="0"/>
			<Sample nodeCount="2" insertCount="123" extractCount="123" duration="0"/>
			<Sample nodeCount="3" insertCount="186" extractCount="183" duration="0"/>
			<Sample nodeCount="4" insertCount="247" extractCount="245" duration="0"/>
			<Sample nodeCount="5" insertCount="309" extractCount="306" duration="0"/>
			<Sample nodeCount="6" insertCount="370" extractCount="368" duration="0"/>
			<Sample nodeCount="7" insertCount="433" extractCount="428" duration="0"/>
			<Sample nodeCount="8" insertCount="493" extractCount="491" duration="0"/>
			<Sample nodeCount="9" insertCount="557" extractCount="550" duration="0"/>
			<Sample nodeCount="10" insertCount="619" extractCount="611" duration="0"/>
			<Sample nodeCount="11" insertCount="680" extractCount="673" duration="0"/>
			<Sample nodeCount="12" insertCount="740" extractCount="736" duration="0"/>
			<Sample nodeCount="13" insertCount="803" extractCount="796" duration="0"/>
			<Sample nodeCount="14" insertCount="864" extractCount="858" duration="0"/>
			<Sample nodeCount="15" insertCount="927" extractCount="918" duration="0"/>
			<Sample nodeCount="16" insertCount="988" extractCount="980" duration="0"/>
			<Sample nodeCount="17" insertCount="1050" extractCount="1041" duration="1000000"/>
			<Sample nodeCount="18" insertCount="1113" extractCount="1101" duration="0"/>
			<Sample nodeCount="19" insertCount="1172" extractCount="1165" duration="0"/>
			<Sample nodeCount="20" insertCount="1237" extractCount="1223" duration="0"/>
			<Sample nodeCount="21" insertCount="1296" extractCount="1287" duration="0"/>
			<Sample nodeCount="22" insertCount="1359" extractCount="1347" duration="0"/>
			<Sample nodeCount="23" insertCount="1419" extractCount="1410" duration="1000000"/>
			<Sample nodeCount="24" insertCount="1484" extractCount="1468" duration="0"/>
			<Sample nodeCount="25" insertCount="1544" extractCount="1531" duration="0"/>
			<Sample nodeCount="26" insertCount="1604" extractCount="1594" duration="0"/>
			<Sample nodeCount="27" insertCount="1668" extractCount="1653" duration="0"/>
			<Sample nodeCount="28" insertCount="1729" extractCount="1715" duration="1000000"/>
			<Sample nodeCount="29" insertCount="1790" extractCount="1777" duration="0"/>
			<Sample nodeCount="30" insertCount="1851" extractCount="1839" duration="0"/>
			<Sample nodeCount="31" insertCount="1914" extractCount="1899" duration="0"/>
			<Sample nodeCount="32" insertCount="1977" extractCount="1959" duration="1000000"/>
			<Sample nodeCount="33" insertCount="2041" extractCount="2018" duration="0"/>
			<Sample nodeCount="34" insertCount="2097" extractCount="2085" duration="0"/>
			<Sample nodeCount="35" insertCount="2160" extractCount="2145" duration="1000000"/>
			<Sample nodeCount="36" insertCount="2221" extractCount="2207" duration="0"/>
			<Sample nodeCount="37" insertCount="2285" extractCount="2266" duration="0"/>
			<Sample nodeCount="38" insertCount="2346" extractCount="2328" duration="1000000"/>
			<Sample nodeCount="39" insertCount="2408" extractCount="2389" duration="0"/>
			<Sample nodeCount="40" insertCount="2471" extractCount="2449" duration="0"/>
			<Sample nodeCount="41" insertCount="2531" extractCount="2512" duration="1000000"/>
			<Sample nodeCount="42" insertCount="2593" extractCount="2573" duration="0"/>
			<Sample nodeCount="43" insertCount="2656" extractCount="2633" duration="1000000"/>
			<Sample nodeCount="44" insertCount="2717" extractCount="2695" duration="0"/>
			<Sample nodeCount="45" insertCount="2776" extractCount="2759" duration="0"/>
			<Sample nodeCount="46" insertCount="2840" extractCount="2818" duration="1000000"/>
			<Sample nodeCount="47" insertCount="2902" extractCount="2879" duration="0"/>
			<Sample nodeCount="48" insertCount="2966" extractCount="2938" duration="1000000"/>
			<Sample nodeCount="49" insertCount="3026" extractCount="3001" duration="0"/>
			<Sample nodeCount="50" insertCount="3084" extractCount="3066" duration="1000000"/>
			<Sample nodeCount="51" insertCount="3151" extractCount="3122" duration="0"/>
			<Sample nodeCount="52" insertCount="3209" extractCount="3187" duration="1000000"/>
			<Sample nodeCount="53" insertCount="3273" extractCount="3246" duration="0"/>
			<Sample nodeCount="54" insertCount="3337" extractCount="3305" duration="1000000"/>
			<Sample nodeCount="55" insertCount="3400" extractCount="3365" duration="0"/>
			<Sample nodeCount="56" insertCount="3458" extractCount="3430" duration="1000000"/>
			<Sample nodeCount="57" insertCount="3521" extractCount="3490" duration="0"/>
			<Sample nodeCount="58" insertCount="3580" extractCount="3554" duration="1000000"/>
			<Sample nodeCount="59" insertCount="3647" extractCount="3610" duration="0"/>
			<Sample nodeCount="60" insertCount="3706" extractCount="3674" duration="1000000"/>
			<Sample nodeCount="61" insertCount="3766" extractCount="3737" duration="1000000"/>
			<Sample nodeCount="62" insertCount="3828" extractCount="3798" duration="0"/>
			<Sample nodeCount="63" insertCount="3888" extractCount="3861" duration="1000000"/>
			<Sample nodeCount="64" insertCount="3952" extractCount="3920" duration="0"/>
			<Sample nodeCount="65" insertCount="4014" extractCount="3981" duration="1000000"/>
			<Sample nodeCount="66" insertCount="4077" extractCount="4041" duration="1000000"/>
			<Sample nodeCount="67" insertCount="4136" extractCount="4105" duration="0"/>
			<Sample nodeCount="68" insertCount="4200" extractCount="4164" duration="1000000"/>
			<Sample nodeCount="69" insertCount="4263" extractCount="4224" duration="1000000"/>
			<Sample nodeCount="70" insertCount="4325" extractCount="4285" duration="0"/>
			<Sample nodeCount="71" insertCount="4381" extractCount="4352" duration="1000000"/>
			<Sample nodeCount="72" insertCount="4448" extractCount="4408" duration="1000000"/>
			<Sample nodeCount="73" insertCount="4507" extractCount="4472" duration="1000000"/>
			<Sample nodeCount="74" insertCount="4571" extractCount="4531" duration="0"/>
			<Sample nodeCount="75" insertCount="4631" extractCount="4594" duration="1000000"/>
			<Sample nodeCount="76" insertCount="4693" extractCount="4655" duration="1000000"/>
			<Sample nodeCount="77" insertCount="4755" extractCount="4716" duration="1000000"/>
			<Sample nodeCount="78" insertCount="4817" extractCount="4777" duration="0"/>
			<Sample nodeCount="79" insertCount="4877" extractCount="4840" duration="1000000"/>
			<Sample nodeCount="80" insertCount="4942" extractCount="4898" duration="1000000"/>
			<Sample nodeCount="81" insertCount="5002" extractCount="4961" duration="1000000"/>
			<Sample nodeCount="82" insertCount="5063" extractCount="5023" duration="1000000"/>
			<Sample nodeCount="83" insertCount="5124" extractCount="5085" duration="0"/>
			<Sample nodeCount="84" insertCount="5187" extractCount="5145" duration="1000000"/>
			<Sample nodeCount="85" insertCount="5250" extractCount="5205" duration="1000000"/>
			<Sample nodeCount="86" insertCount="5314" extractCount="5264" duration="1000000"/>
			<Sample nodeCount="87" insertCount="5374" extractCount="5327" duration="1000000"/>
			<Sample nodeCount="88" insertCount="5432" extractCount="5392" duration="1000000"/>
			<Sample nodeCount="89" insertCount="5490" extractCount="5457" duration="1000000"/>
			<Sample nodeCount="90" insertCount="5559" extractCount="5511" duration="1000000"/>
			<Sample nodeCount="91" insertCount="5621" extractCount="5572" duration="1000000"/>
			<Sample nodeCount="92" insertCount="5680" extractCount="5636" duration="0"/>
			<Sample nodeCount="93" insertCount="5740" extractCount="5699" duration="1000000"/>
			<Sample nodeCount="94" insertCount="5803" extractCount="5759" duration="1000000"/>
			<Sample nodeCount="95" insertCount="5862" extractCount="5823" duration="1000000"/>
			<Sample nodeCount="96" insertCount="5929" extractCount="5879" duration="1000000"/>
			<Sample nodeCount="97" insertCount="5993" extractCount="5938" duration="1000000"/>
			<Sample nodeCount="98" insertCount="6055" extractCount="5999" duration="1000000"/>
			<Sample nodeCount="99" insertCount="6113" extractCount="6064" duration="1000000"/>
			<Sample nodeCount="100" insertCount="6172" extractCount="6128" duration="2000000"/>
			<Sample nodeCount="101" insertCount="6238" extractCount="6185" duration="1000000"/>
			<Sample nodeCount="102" insertCount="6299" extractCount="6247" duration="1000000"/>
			<Sample nodeCount="103" insertCount="6363" extractCount="6306" duration="1000000"/>
			<Sample nodeCount="104" insertCount="6426" extractCount="6366" duration="1000000"/>
			<Sample nodeCount="105" insertCount="6481" extractCount="6434" duration="1000000"/>
			<Sample nodeCount="106" insertCount="6544" extractCount="6494" duration="1000000"/>
			<Sample nodeCount="107" insertCount="6607" extractCount="6554" duration="1000000"/>
			<Sample nodeCount="108" insertCount="6669" extractCount="6615" duration="1000000"/>
			<Sample nodeCount="109" insertCount="6732" extractCount="6675" duration="1000000"/>
			<Sample nodeCount="110" insertCount="6794" extractCount="6736" duration="1000000"/>
			<Sample nodeCount="111" insertCount="6852" extractCount="6801" duration="2000000"/>
			<Sample nodeCount="112" insertCount="6918" extractCount="6858" duration="1000000"/>
			<Sample nodeCount="113" insertCount="6981" extractCount="6918" duration="1000000"/>
			<Sample nodeCount="114" insertCount="7041" extractCount="6981" duration="1000000"/>
			<Sample nodeCount="115" insertCount="7103" extractCount="7042" duration="1000000"/>
			<Sample nodeCount="116" insertCount="7164" extractCount="7104" duration="2000000"/>
			<Sample nodeCount="117" insertCount="7225" extractCount="7166" duration="1000000"/>
			<Sample nodeCount="118" insertCount="7291" extractCount="7223" duration="1000000"/>
			<Sample nodeCount="119" insertCount="7350" extractCount="7287" duration="1000000"/>
			<Sample nodeCount="120" insertCount="7410" extractCount="7350" duration="2000000"/>
			<Sample nodeCount="121" insertCount="7471" extractCount="7412" duration="1000000"/>
			<Sample nodeCount="122" insertCount="7537" extractCount="7469" duration="1000000"/>
			<Sample nodeCount="123" insertCount="7593" extractCount="7536" duration="2000000"/>
			<Sample nodeCount="124" insertCount="7658" extractCount="7594" duration="1000000"/>
			<Sample nodeCount="125" insertCount="7718" extractCount="7657" duration="1000000"/>
			<Sample nodeCount="126" insertCount="7781" extractCount="7717" duration="2000000"/>
			<Sample nodeCount="127" insertCount="7840" extractCount="7781" duration="1000000"/>
		</SmallSetRandomOps>
		<LargeSetRandomOps>
		</LargeSetRandomOps>
		<SmallSetLinear>
			<Sample nodeCount="1" insertCount="10000" extractCount="10000" duration="0"/>
			<Sample nodeCount="2" insertCount="10000" extractCount="10000" duration="0"/>
			<Sample nodeCount="3" insertCount="10000" extractCount="10000" duration="1000000"/>
			<Sample nodeCount="4" insertCount="10000" extractCount="10000" duration="1000000"/>
			<Sample nodeCount="5" insertCount="10000" extractCount="10000" duration="1000000"/>
			<Sample nodeCount="6" insertCount="10000" extractCount="10000" duration="2000000"/>
			<Sample nodeCount="7" insertCount="10000" extractCount="10000" duration="1000000"/>
			<Sample nodeCount="8" insertCount="10000" extractCount="10000" duration="2000000"/>
			<Sample nodeCount="9" insertCount="10000" extractCount="10000" duration="3000000"/>
			<Sample nodeCount="10" insertCount="10000" extractCount="10000" duration="3000000"/>
			<Sample nodeCount="11" insertCount="10000" extractCount="10000" duration="3000000"/>
			<Sample nodeCount="12" insertCount="10000" extractCount="10000" duration="3000000"/>
			<Sample nodeCount="13" insertCount="10000" extractCount="10000" duration="4000000"/>
			<Sample nodeCount="14" insertCount="10000" extractCount="10000" duration="4000000"/>
			<Sample nodeCount="15" insertCount="10000" extractCount="10000" duration="4000000"/>
			<Sample nodeCount="16" insertCount="10000" extractCount="10000" duration="5000000"/>
			<Sample nodeCount="17" insertCount="10000" extractCount="10000" duration="5000000"/>
			<Sample nodeCount="18" insertCount="10000" extractCount="10000" duration="6000000"/>
			<Sample nodeCount="19" insertCount="10000" extractCount="10000" duration="5000000"/>
			<Sample nodeCount="20" insertCount="10000" extractCount="10000" duration="7000000"/>
			<Sample nodeCount="21" insertCount="10000" extractCount="10000" duration="6000000"/>
			<Sample nodeCount="22" insertCount="10000" extractCount="10000" duration="7000000"/>
			<Sample nodeCount="23" insertCount="10000" extractCount="10000" duration="8000000"/>
			<Sample nodeCount="24" insertCount="10000" extractCount="10000" duration="8000000"/>
			<Sample nodeCount="25" insertCount="10000" extractCount="10000" duration="8000000"/>
			<Sample nodeCount="26" insertCount="10000" extractCount="10000" duration="9000000"/>
			<Sample nodeCount="27" insertCount="10000" extractCount="10000" duration="9000000"/>
			<Sample nodeCount="28" insertCount="10000" extractCount="10000" duration="9000000"/>
			<Sample nodeCount="29" insertCount="10000" extractCount="10000" duration="10000000"/>
			<Sample nodeCount="30" insertCount="10000" extractCount="10000" duration="11000000"/>
			<Sample nodeCount="31" insertCount="10000" extractCount="10000" duration="11000000"/>
			<Sample nodeCount="32" insertCount="10000" extractCount="10000" duration="13000000"/>
			<Sample nodeCount="33" insertCount="10000" extractCount="10000" duration="13000000"/>
			<Sample nodeCount="34" insertCount="10000" extractCount="10000" duration="13000000"/>
			<Sample nodeCount="35" insertCount="10000" extractCount="10000" duration="14000000"/>
			<Sample nodeCount="36" insertCount="10000" extractCount="10000" duration="14000000"/>
			<Sample nodeCount="37" insertCount="10000" extractCount="10000" duration="14000000"/>
			<Sample nodeCount="38" insertCount="10000" extractCount="10000" duration="15000000"/>
			<Sample nodeCount="39" insertCount="10000" extractCount="10000" duration="16000000"/>
			<Sample nodeCount="40" insertCount="10000" extractCount="10000" duration="16000000"/>
			<Sample nodeCount="41" insertCount="10000" extractCount="10000" duration="16000000"/>
			<Sample nodeCount="42" insertCount="10000" extractCount="10000" duration="17000000"/>
			<Sample nodeCount="43" insertCount="10000" extractCount="10000" duration="17000000"/>
			<Sample nodeCount="44" insertCount="10000" extractCount="10000" duration="18000000"/>
			<Sample nodeCount="45" insertCount="10000" extractCount="10000" duration="18000000"/>
			<Sample nodeCount="46" insertCount="10000" extractCount="10000" duration="18000000"/>
			<Sample nodeCount="47" insertCount="10000" extractCount="10000" duration="20000000"/>
			<Sample nodeCount="48" insertCount="10000" extractCount="10000" duration="20000000"/>
			<Sample nodeCount="49" insertCount="10000" extractCount="10000" duration="20000000"/>
			<Sample nodeCount="50" insertCount="10000" extractCount="10000" duration="20000000"/>
			<Sample nodeCount="51" insertCount="10000" extractCount="10000" duration="21000000"/>
			<Sample nodeCount="52" insertCount="10000" extractCount="10000" duration="22000000"/>
			<Sample nodeCount="53" insertCount="10000" extractCount="10000" duration="21000000"/>
			<Sample nodeCount="54" insertCount="10000" extractCount="10000" duration="22000000"/>
			<Sample nodeCount="55" insertCount="10000" extractCount="10000" duration="23000000"/>
			<Sample nodeCount="56" insertCount="10000" extractCount="10000" duration="24000000"/>
			<Sample nodeCount="57" insertCount="10000" extractCount="10000" duration="23000000"/>
			<Sample nodeCount="58" insertCount="10000" extractCount="10000" duration="24000000"/>
			<Sample nodeCount="59" insertCount="10000" extractCount="10000" duration="25000000"/>
			<Sample nodeCount="60" insertCount="10000" extractCount="10000" duration="25000000"/>
			<Sample nodeCount="61" insertCount="10000" extractCount="10000" duration="26000000"/>
			<Sample nodeCount="62" insertCount="10000" extractCount="10000" duration="26000000"/>
			<Sample nodeCount="63" insertCount="10000" extractCount="10000" duration="26000000"/>
			<Sample nodeCount="64" insertCount="10000" extractCount="10000" duration="27000000"/>
			<Sample nodeCount="65" insertCount="10000" extractCount="10000" duration="27000000"/>
			<Sample nodeCount="66" insertCount="10000" extractCount="10000" duration="28000000"/>
			<Sample nodeCount="67" insertCount="10000" extractCount="10000" duration="29000000"/>
			<Sample nodeCount="68" insertCount="10000" extractCount="10000" duration="29000000"/>
			<Sample nodeCount="69" insertCount="10000" extractCount="10000" duration="28000000"/>
			<Sample nodeCount="70" insertCount="10000" extractCount="10000" duration="30000000"/>
			<Sample nodeCount="71" insertCount="10000" extractCount="10000" duration="31000000"/>
			<Sample nodeCount="72" insertCount="10000" extractCount="10000" duration="30000000"/>
			<Sample nodeCount="73" insertCount="10000" extractCount="10000" duration="31000000"/>
			<Sample nodeCount="74" insertCount="10000" extractCount="10000" duration="32000000"/>
			<Sample nodeCount="75" insertCount="10000" extractCount="10000" duration="32000000"/>
			<Sample nodeCount="76" insertCount="10000" extractCount="10000" duration="33000000"/>
			<Sample nodeCount="77" insertCount="10000" extractCount="10000" duration="33000000"/>
			<Sample nodeCount="78" insertCount="10000" extractCount="10000" duration="33000000"/>
			<Sample nodeCount="79" insertCount="10000" extractCount="10000" duration="35000000"/>
			<Sample nodeCount="80" insertCount="10000" extractCount="10000" duration="36000000"/>
			<Sample nodeCount="81" insertCount="10000" extractCount="10000" duration="35000000"/>
			<Sample nodeCount="82" insertCount="10000" extractCount="10000" duration="36000000"/>
			<Sample nodeCount="83" insertCount="10000" extractCount="10000" duration="36000000"/>
			<Sample nodeCount="84" insertCount="10000" extractCount="10000" duration="37000000"/>
			<Sample nodeCount="85" insertCount="10000" extractCount="10000" duration="38000000"/>
			<Sample nodeCount="86" insertCount="10000" extractCount="10000" duration="37000000"/>
			<Sample nodeCount="87" insertCount="10000" extractCount="10000" duration="39000000"/>
			<Sample nodeCount="88" insertCount="10000" extractCount="10000" duration="39000000"/>
			<Sample nodeCount="89" insertCount="10000" extractCount="10000" duration="39000000"/>
			<Sample nodeCount="90" insertCount="10000" extractCount="10000" duration="39000000"/>
			<Sample nodeCount="91" insertCount="10000" extractCount="10000" duration="41000000"/>
			<Sample nodeCount="92" insertCount="10000" extractCount="10000" duration="41000000"/>
			<Sample nodeCount="93" insertCount="10000" extractCount="10000" duration="41000000"/>
			<Sample nodeCount="94" insertCount="10000" extractCount="10000" duration="41000000"/>
			<Sample nodeCount="95" insertCount="10000" extractCount="10000" duration="43000000"/>
			<Sample nodeCount="96" insertCount="10000" extractCount="10000" duration="43000000"/>
			<Sample nodeCount="97" insertCount="10000" extractCount="10000" duration="43000000"/>
			<Sample nodeCount="98" insertCount="10000" extractCount="10000" duration="45000000"/>
			<Sample nodeCount="99" insertCount="10000" extractCount="10000" duration="44000000"/>
			<Sample nodeCount="100" insertCount="10000" extractCount="10000" duration="45000000"/>
			<Sample nodeCount="101" insertCount="10000" extractCount="10000" duration="45000000"/>
			<Sample nodeCount="102" insertCount="10000" extractCount="10000" duration="46000000"/>
			<Sample nodeCount="103" insertCount="10000" extractCount="10000" duration="46000000"/>
			<Sample nodeCount="104" insertCount="10000" extractCount="10000" duration="47000000"/>
			<Sample nodeCount="105" insertCount="10000" extractCount="10000" duration="48000000"/>
			<Sample nodeCount="106" insertCount="10000" extractCount="10000" duration="48000000"/>
			<Sample nodeCount="107" insertCount="10000" extractCount="10000" duration="49000000"/>
			<Sample nodeCount="108" insertCount="10000" extractCount="10000" duration="49000000"/>
			<Sample nodeCount="109" insertCount="10000" extractCount="10000" duration="49000000"/>
			<Sample nodeCount="110" insertCount="10000" extractCount="10000" duration="50000000"/>
			<Sample nodeCount="111" insertCount="10000" extractCount="10000" duration="51000000"/>
			<Sample nodeCount="112" insertCount="10000" extractCount="10000" duration="51000000"/>
			<Sample nodeCount="113" insertCount="10000" extractCount="10000" duration="52000000"/>
			<Sample nodeCount="114" insertCount="10000" extractCount="10000" duration="53000000"/>
			<Sample nodeCount="115" insertCount="10000" extractCount="10000" duration="53000000"/>
			<Sample nodeCount="116" insertCount="10000" extractCount="10000" duration="54000000"/>
			<Sample nodeCount="117" insertCount="10000" extractCount="10000" duration="54000000"/>
			<Sample nodeCount="118" insertCount="10000" extractCount="10000" duration="54000000"/>
			<Sample nodeCount="119" insertCount="10000" extractCount="10000" duration="56000000"/>
			<Sample nodeCount="120" insertCount="10000" extractCount="10000" duration="56000000"/>
			<Sample nodeCount="121" insertCount="10000" extractCount="10000" duration="56000000"/>
			<Sample nodeCount="122" insertCount="10000" extractCount="10000" duration="56000000"/>
			<Sample nodeCount="123" insertCount="10000" extractCount="10000" duration="57000000"/>
			<Sample nodeCount="124" insertCount="10000" extractCount="10000" duration="58000000"/>
			<Sample nodeCount="125" insertCount="10000" extractCount="10000" duration="59000000"/>
			<Sample nodeCount="126" insertCount="10000" extractCount="10000" duration="59000000"/>
			<Sample nodeCount="127" insertCount="10000" extractCount="10000" duration="60000000"/>
		</SmallSetLinear>
		<LargeSetLinear>
		</LargeSetLinear>
	</RBTest>
	<RBTest implementation="JFFS2" nodeSize="32">
		<SmallSetRandomOps>
			<Sample nodeCount="1" insertCount="62" extractCount="61" duration="0"/>
			<Sample nodeCount="2" insertCount="123" extractCount="123" duration="0"/>
			<Sample nodeCount="3" insertCount="186" extractCount="183" duration="0"/>
			<Sample nodeCount="4" insertCount="247" extractCount="245" duration="0"/>
			<Sample nodeCount="5" insertCount="309" extractCount="306" duration="0"/>
			<Sample nodeCount="6" insertCount="370" extractCount="368" duration="0"/>
			<Sample nodeCount="7" insertCount="433" extractCount="428" duration="0"/>
			<Sample nodeCount="8" insertCount="493" extractCount="491" duration="0"/>
			<Sample nodeCount="9" insertCount="557" extractCount="550" duration="0"/>
			<Sample nodeCount="10" insertCount="619" extractCount="611" duration="0"/>
			<Sample nodeCount="11" insertCount="680" extractCount="673" duration="0"/>
			<Sample nodeCount="12" insertCount="740" extractCount="736" duration="0"/>
			<Sample nodeCount="13" insertCount="803" extractCount="796" duration="0"/>
			<Sample nodeCount="14" insertCount="864" extractCount="858" duration="0"/>
			<Sample nodeCount="15" insertCount="927" extractCount="918" duration="0"/>
			<Sample nodeCount="16" insertCount="988" extractCount="980" duration="0"/>
			<Sample nodeCount="17" insertCount="1050" extractCount="1041" duration="0"/>
			<Sample nodeCount="18" insertCount="1113" extractCount="1101" duration="1000000"/>
			<Sample nodeCount="19" insertCount="1172" extractCount="1165" duration="0"/>
			<Sample nodeCount="20" insertCount="1237" extractCount="1223" duration="0"/>
			<Sample nodeCount="21" insertCount="1296" extractCount="1287" duration="0"/>
			<Sample nodeCount="22" insertCount="1359" extractCount="1347" duration="0"/>
			<Sample nodeCount="23" insertCount="1419" extractCount="1410" duration="0"/>
			<Sample nodeCount="24" insertCount="1484" extractCount="1468" duration="0"/>
			<Sample nodeCount="25" insertCount="1544" extractCount="1531" duration="1000000"/>
			<Sample nodeCount="26" insertCount="1604" extractCount="1594" duration="0"/>
			<Sample nodeCount="27" insertCount="1668" extractCount="1653" duration="0"/>
			<Sample nodeCount="28" insertCount="1729" extractCount="1715" duration="0"/>
			<Sample nodeCount="29" insertCount="1790" extractCount="1777" duration="0"/>
			<Sample nodeCount="30" insertCount="1851" extractCount="1839" duration="1000000"/>
			<Sample nodeCount="31" insertCount="1914" extractCount="1899" duration="0"/>
			<Sample nodeCount="32" insertCount="1977" extractCount="1959" duration="0"/>
			<Sample nodeCount="33" insertCount="2041" extractCount="2018" duration="0"/>
			<Sample nodeCount="34" insertCount="2097" extractCount="2085" duration="1000000"/>
			<Sample nodeCount="35" insertCount="2160" extractCount="2145" duration="0"/>
			<Sample nodeCount="36" insertCount="2221" extractCount="2207" duration="0"/>
			<Sample nodeCount="37" insertCount="2285" extractCount="2266" duration="0"/>
			<Sample nodeCount="38" insertCount="2346" extractCount="2328" duration="1000000"/>
			<Sample nodeCount="39" insertCount="2408" extractCount="2389" duration="0"/>
			<Sample nodeCount="40" insertCount="2471" extractCount="2449" duration="0"/>
			<Sample nodeCount="41" insertCount="2531" extractCount="2512" duration="0"/>
			<Sample nodeCount="42" insertCount="2593" extractCount="2573" duration="1000000"/>
			<Sample nodeCount="43" insertCount="2656" extractCount="2633" duration="0"/>
			<Sample nodeCount="44" insertCount="2717" extractCount="2695" duration="0"/>
			<Sample nodeCount="45" insertCount="2776" extractCount="2759" duration="1000000"/>
			<Sample nodeCount="46" insertCount="2840" extractCount="2818" duration="0"/>
			<Sample nodeCount="47" insertCount="2902" extractCount="2879" duration="0"/>
			<Sample nodeCount="48" insertCount="2966" extractCount="2938" duration="1000000"/>
			<Sample nodeCount="49" insertCount="3026" extractCount="3001" duration="0"/>
			<Sample nodeCount="50" insertCount="3084" extractCount="3066" duration="1000000"/>
			<Sample nodeCount="51" insertCount="3151" extractCount="3122" duration="0"/>
			<Sample nodeCount="52" insertCount="3209" extractCount="3187" duration="0"/>
			<Sample nodeCount="53" insertCount="3273" extractCount="3246" duration="1000000"/>
			<Sample nodeCount="54" insertCount="3337" extractCount="3305" duration="0"/>
			<Sample nodeCount="55" insertCount="3400" extractCount="3365" duration="1000000"/>
			<Sample nodeCount="56" insertCount="3458" extractCount="3430" duration="0"/>
			<Sample nodeCount="57" insertCount="3521" extractCount="3490" duration="0"/>
			<Sample nodeCount="58" insertCount="3580" extractCount="3554" duration="1000000"/>
			<Sample nodeCount="59" insertCount="3647" extractCount="3610" duration="0"/>
			<Sample nodeCount="60" insertCount="3706" extractCount="3674" duration="1000000"/>
			<Sample nodeCount="61" insertCount="3766" extractCount="3737" duration="0"/>
			<Sample nodeCount="62" insertCount="3828" extractCount="3798" duration="1000000"/>
			<Sample nodeCount="63" insertCount="3888" extractCount="3861" duration="0"/>
			<Sample nodeCount="64" insertCount="3952" extractCount="3920" duration="1000000"/>
			<Sample nodeCount="65" insertCount="4014" extractCount="3981" duration="0"/>
			<Sample nodeCount="66" insertCount="4077" extractCount="4041" duration="1000000"/>
			<Sample nodeCount="67" insertCount="4136" extractCount="4105" duration="0"/>
			<Sample nodeCount="68" insertCount="4200" extractCount="4164" duration="1000000"/>
			<Sample nodeCount="69" insertCount="4263" extractCount="4224" duration="0"/>
			<Sample nodeCount="70" insertCount="4325" extractCount="4285" duration="1000000"/>
			<Sample nodeCount="71" insertCount="4381" extractCount="4352" duration="0"/>
			<Sample nodeCount="72" insertCount="4448" extractCount="4408" duration="1000000"/>
			<Sample nodeCount="73" insertCount="4507" extractCount="4472" duration="1000000"/>
			<Sample nodeCount="74" insertCount="4571" extractCount="4531" duration="0"/>
			<Sample nodeCount="75" insertCount="4631" extractCount="4594" duration="1000000"/>
			<Sample nodeCount="76" insertCount="4693" extractCount="4655" duration="0"/>
			<Sample nodeCount="77" insertCount="4755" extractCount="4716" duration="1000000"/>
			<Sample nodeCount="78" insertCount="4817" extractCount="4777" duration="0"/>
			<Sample nodeCount="79" insertCount="4877" extractCount="4840" duration="1000000"/>
			<Sample nodeCount="80" insertCount="4942" extractCount="4898" duration="1000000"/>
			<Sample nodeCount="81" insertCount="5002" extractCount="4961" duration="0"/>
			<Sample nodeCount="82" insertCount="5063" extractCount="5023" duration="1000000"/>
			<Sample nodeCount="83" insertCount="5124" extractCount="5085" duration="1000000"/>
			<Sample nodeCount="84" insertCount="5187" extractCount="5145" duration="0"/>
			<Sample nodeCount="85" insertCount="5250" extractCount="5205" duration="1000000"/>
			<Sample nodeCount="86" insertCount="5314" extractCount="5264" duration="1000000"/>
			<Sample nodeCount="87" insertCount="5374" extractCount="5327" duration="0"/>
			<Sample nodeCount="88" insertCount="5432" extractCount="5392" duration="1000000"/>
			<Sample nodeCount="89" insertCount="5490" extractCount="5457" duration="1000000"/>
			<Sample nodeCount="90" insertCount="5559" extractCount="5511" duration="0"/>
			<Sample nodeCount="91" insertCount="5621" extractCount="5572" duration="1000000"/>
			<Sample nodeCount="92" insertCount="5680" extractCount="5636" duration="1000000"/>
			<Sample nodeCount="93" insertCount="5740" extractCount="5699" duration="1000000"/>
			<Sample nodeCount="94" insertCount="5803" extractCount="5759" duration="0"/>
			<Sample nodeCount="95" insertCount="5862" extractCount="5823" duration="1000000"/>
			<Sample nodeCount="96" insertCount="5929" extractCount="5879" duration="1000000"/>
			<Sample nodeCount="97" insertCount="5993" extractCount="5938" duration="1000000"/>
			<Sample nodeCount="98" insertCount="6055" extractCount="5999" duration="0"/>
			<Sample nodeCount="99" insertCount="6113" extractCount="6064" duration="1000000"/>
			<Sample nodeCount="100" insertCount="6172" extractCount="6128" duration="1000000"/>
			<Sample nodeCount="101" insertCount="6238" extractCount="6185" duration="1000000"/>
			<Sample nodeCount="102" insertCount="6299" extractCount="6247" duration="1000000"/>
			<Sample nodeCount="103" insertCount="6363" extractCount="6306" duration="1000000"/>
			<Sample nodeCount="104" insertCount="6426" extractCount="6366" duration="0"/>
			<Sample nodeCount="105" insertCount="6481" extractCount="6434" duration="1000000"/>
			<Sample nodeCount="106" insertCount="6544" extractCount="6494" duration="1000000"/>
			<Sample nodeCount="107" insertCount="6607" extractCount="6554" duration="1000000"/>
			<Sample nodeCount="108" insertCount="6669" extractCount="6615" duration="1000000"/>
			<Sample nodeCount="109" insertCount="6732" extractCount="6675" duration="1000000"/>
			<Sample nodeCount="110" insertCount="6794" extractCount="6736" duration="1000000"/>
			<Sample nodeCount="111" insertCount="6852" extractCount="6801" duration="1000000"/>
			<Sample nodeCount="112" insertCount="6918" extractCount="6858" duration="0"/>
			<Sample nodeCount="113" insertCount="6981" extractCount="6918" duration="1000000"/>
			<Sample nodeCount="114" insertCount="7041" extractCount="6981" duration="1000000"/>
			<Sample nodeCount="115" insertCount="7103" extractCount="7042" duration="1000000"/>
			<Sample nodeCount="116" insertCount="7164" extractCount="7104" duration="1000000"/>
			<Sample nodeCount="117" insertCount="7225" extractCount="7166" duration="1000000"/>
			<Sample nodeCount="118" insertCount="7291" extractCount="7223" duration="1000000"/>
			<Sample nodeCount="119" insertCount="7350" extractCount="7287" duration="1000000"/>
			<Sample nodeCount="120" insertCount="7410" extractCount="7350" duration="1000000"/>
			<Sample nodeCount="121" insertCount="7471" extractCount="7412" duration="1000000"/>
			<Sample nodeCount="122" insertCount="7537" extractCount="7469" duration="1000000"/>
			<Sample nodeCount="123" insertCount="7593" extractCount="7536" duration="1000000"/>
			<Sample nodeCount="124" insertCount="7658" extractCount="7594" duration="1000000"/>
			<Sample nodeCount="125" insertCount="7718" extractCount="7657" duration="1000000"/>
			<Sample nodeCount="126" insertCount="7781" extractCount="7717" duration="1000000"/>
			<Sample nodeCount="127" insertCount="7840" extractCount="7781" duration="1000000"/>
		</SmallSetRandomOps>
		<LargeSetRandomOps>
		</LargeSetRandomOps>
		<SmallSetLinear>
			<Sample nodeCount="1" insertCount="10000" extractCount="10000" duration="0"/>
			<Sample nodeCount="2" insertCount="10000" extractCount="10000" duration="1000000"/>
			<Sample nodeCount="3" insertCount="10000" extractCount="10000" duration="0"/>
			<Sample nodeCount="4" insertCount="10000" extractCount="10000" duration="1000000"/>
			<Sample nodeCount="5" insertCount="10000" extractCount="10000" duration="1000000"/>
			<Sample nodeCount="6" insertCount="10000" extractCount="10000" duration="1000000"/>
			<Sample nodeCount="7" insertCount="10000" extractCount="10000" duration="2000000"/>
			<Sample nodeCount="8" insertCount="10000" extractCount="10000" duration="2000000"/>
			<Sample nodeCount="9" insertCount="10000" extractCount="10000" duration="3000000"/>
			<Sample nodeCount="10" insertCount="10000" extractCount="10000" duration="3000000"/>
			<Sample nodeCount="11" insertCount="10000" extractCount="10000" duration="3000000"/>
			<Sample nodeCount="12" insertCount="10000" extractCount="10000" duration="4000000"/>
			<Sample nodeCount="13" insertCount="10000" extractCount="10000" duration="5000000"/>
			<Sample nodeCount="14" insertCount="10000" extractCount="10000" duration="5000000"/>
			<Sample nodeCount="15" insertCount="10000" extractCount="10000" duration="5000000"/>
			<Sample nodeCount="16" insertCount="10000" extractCount="10000" duration="7000000"/>
			<Sample nodeCount="17" insertCount="10000" extractCount="10000" duration="6000000"/>
			<Sample nodeCount="18" insertCount="10000" extractCount="10000" duration="7000000"/>
			<Sample nodeCount="19" insertCount="10000" extractCount="10000" duration="7000000"/>
			<Sample nodeCount="20" insertCount="10000" extractCount="10000" duration="9000000"/>
			<Sample nodeCount="21" insertCount="10000" extractCount="10000" duration="8000000"/>
			<Sample nodeCount="22" insertCount="10000" extractCount="10000" duration="9000000"/>
			<Sample nodeCount="23" insertCount="10000" extractCount="10000" duration="10000000"/>
			<Sample nodeCount="24" insertCount="10000" extractCount="10000" duration="10000000"/>
			<Sample nodeCount="25" insertCount="10000" extractCount="10000" duration="11000000"/>
			<Sample nodeCount="26" insertCount="10000" extractCount="10000" duration="12000000"/>
			<Sample nodeCount="27" insertCount="10000" extractCount="10000" duration="13000000"/>
			<Sample nodeCount="28" insertCount="10000" extractCount="10000" duration="12000000"/>
			<Sample nodeCount="29" insertCount="10000" extractCount="10000" duration="13000000"/>
			<Sample nodeCount="30" insertCount="10000" extractCount="10000" duration="14000000"/>
			<Sample nodeCount="31" insertCount="10000" extractCount="10000" duration="15000000"/>
			<Sample nodeCount="32" insertCount="10000" extractCount="10000" duration="16000000"/>
			<Sample nodeCount="33" insertCount="10000" extractCount="10000" duration="15000000"/>
			<Sample nodeCount="34" insertCount="10000" extractCount="10000" duration="17000000"/>
			<Sample nodeCount="35" insertCount="10000" extractCount="10000" duration="18000000"/>
			<Sample nodeCount="36" insertCount="10000" extractCount="10000" duration="18000000"/>
			<Sample nodeCount="37" insertCount="10000" extractCount="10000" duration="19000000"/>
			<Sample nodeCount="38" insertCount="10000" extractCount="10000" duration="19000000"/>
			<Sample nodeCount="39" insertCount="10000" extractCount="10000" duration="20000000"/>
			<Sample nodeCount="40" insertCount="10000" extractCount="10000" duration="21000000"/>
			<Sample nodeCount="41" insertCount="10000" extractCount="10000" duration="21000000"/>
			<Sample nodeCount="42" insertCount="10000" extractCount="10000" duration="22000000"/>
			<Sample nodeCount="43" insertCount="10000" extractCount="10000" duration="23000000"/>
			<Sample nodeCount="44" insertCount="10000" extractCount="10000" duration="24000000"/>
			<Sample nodeCount="45" insertCount="10000" extractCount="10000" duration="24000000"/>
			<Sample nodeCount="46" insertCount="10000" extractCount="10000" duration="24000000"/>
			<Sample nodeCount="47" insertCount="10000" extractCount="10000" duration="26000000"/>
			<Sample nodeCount="48" insertCount="10000" extractCount="10000" duration="26000000"/>
			<Sample nodeCount="49" insertCount="10000" extractCount="10000" duration="27000000"/>
			<Sample nodeCount="50" insertCount="10000" extractCount="10000" duration="29000000"/>
			<Sample nodeCount="51" insertCount="10000" extractCount="10000" duration="28000000"/>
			<Sample nodeCount="52" insertCount="10000" extractCount="10000" duration="29000000"/>
			<Sample nodeCount="53" insertCount="10000" extractCount="10000" duration="30000000"/>
			<Sample nodeCount="54" insertCount="10000" extractCount="10000" duration="31000000"/>
			<Sample nodeCount="55" insertCount="10000" extractCount="10000" duration="32000000"/>
			<Sample nodeCount="56" insertCount="10000" extractCount="10000" duration="33000000"/>
			<Sample nodeCount="57" insertCount="10000" extractCount="10000" duration="32000000"/>
			<Sample nodeCount="58" insertCount="10000" extractCount="10000" duration="35000000"/>
			<Sample nodeCount="59" insertCount="10000" extractCount="10000" duration="34000000"/>
			<Sample nodeCount="60" insertCount="10000" extractCount="10000" duration="36000000"/>
			<Sample nodeCount="61" insertCount="10000" extractCount="10000" duration="36000000"/>
			<Sample nodeCount="62" insertCount="10000" extractCount="10000" duration="37000000"/>
			<Sample nodeCount="63" insertCount="10000" extractCount="10000" duration="38000000"/>
			<Sample nodeCount="64" insertCount="10000" extractCount="10000" duration="39000000"/>
			<Sample nodeCount="65" insertCount="10000" extractCount="10000" duration="39000000"/>
			<Sample nodeCount="66" insertCount="10000" extractCount="10000" duration="40000000"/>
			<Sample nodeCount="67" insertCount="10000" extractCount="10000" duration="41000000"/>
			<Sample nodeCount="68" insertCount="10000" extractCount="10000" duration="42000000"/>
			<Sample nodeCount="69" insertCount="10000" extractCount="10000" duration="42000000"/>
			<Sample nodeCount="70" insertCount="10000" extractCount="10000" duration="44000000"/>
			<Sample nodeCount="71" insertCount="10000" extractCount="10000" duration="44000000"/>
			<Sample nodeCount="72" insertCount="10000" extractCount="10000" duration="44000000"/>
			<Sample nodeCount="73" insertCount="10000" extractCount="10000" duration="47000000"/>
			<Sample nodeCount="74" insertCount="10000" extractCount="10000" duration="46000000"/>
			<Sample nodeCount="75" insertCount="10000" extractCount="10000" duration="48000000"/>
			<Sample nodeCount="76" insertCount="10000" extractCount="10000" duration="48000000"/>
			<Sample nodeCount="77" insertCount="10000" extractCount="10000" duration="49000000"/>
			<Sample nodeCount="78" insertCount="10000" extractCount="10000" duration="50000000"/>
			<Sample nodeCount="79" insertCount="10000" extractCount="10000" duration="51000000"/>
			<Sample nodeCount="80" insertCount="10000" extractCount="10000" duration="51000000"/>
			<Sample nodeCount="81" insertCount="10000" extractCount="10000" duration="53000000"/>
			<Sample nodeCount="82" insertCount="10000" extractCount="10000" duration="53000000"/>
			<Sample nodeCount="83" insertCount="10000" extractCount="10000" duration="55000000"/>
			<Sample nodeCount="84" insertCount="10000" extractCount="10000" duration="55000000"/>
			<Sample nodeCount="85" insertCount="10000" extractCount="10000" duration="56000000"/>
			<Sample nodeCount="86" insertCount="10000" extractCount="10000" duration="57000000"/>
			<Sample nodeCount="87" insertCount="10000" extractCount="10000" duration="57000000"/>
			<Sample nodeCount="88" insertCount="10000" extractCount="10000" duration="59000000"/>
			<Sample nodeCount="89" insertCount="10000" extractCount="10000" duration="59000000"/>
			<Sample nodeCount="90" insertCount="10000" extractCount="10000" duration="61000000"/>
			<Sample nodeCount="91" insertCount="10000" extractCount="10000" duration="60000000"/>
			<Sample nodeCount="92" insertCount="10000" extractCount="10000" duration="62000000"/>
			<Sample nodeCount="93" insertCount="10000" extractCount="10000" duration="62000000"/>
			<Sample nodeCount="94" insertCount="10000" extractCount="10000" duration="64000000"/>
			<Sample nodeCount="95" insertCount="10000" extractCount="10000" duration="64000000"/>
			<Sample nodeCount="96" insertCount="10000" extractCount="10000" duration="65000000"/>
			<Sample nodeCount="97" insertCount="10000" extractCount="10000" duration="66000000"/>
			<Sample nodeCount="98" insertCount="10000" extractCount="10000" duration="68000000"/>
			<Sample nodeCount="99" insertCount="10000" extractCount="10000" duration="67000000"/>
			<Sample nodeCount="100" insertCount="10000" extractCount="10000" duration="69000000"/>
			<Sample nodeCount="101" insertCount="10000" extractCount="10000" duration="69000000"/>
			<Sample nodeCount="102" insertCount="10000" extractCount="10000" duration="70000000"/>
			<Sample nodeCount="103" insertCount="10000" extractCount="10000" duration="72000000"/>
			<Sample nodeCount="104" insertCount="10000" extractCount="10000" duration="72000000"/>
			<Sample nodeCount="105" insertCount="10000" extractCount="10000" duration="74000000"/>
			<Sample nodeCount="106" insertCount="10000" extractCount="10000" duration="73000000"/>
			<Sample nodeCount="107" insertCount="10000" extractCount="10000" duration="74000000"/>
			<Sample nodeCount="108" insertCount="10000" extractCount="10000" duration="76000000"/>
			<Sample nodeCount="109" insertCount="10000" extractCount="10000" duration="76000000"/>
			<Sample nodeCount="110" insertCount="10000" extractCount="10000" duration="78000000"/>
			<Sample nodeCount="111" insertCount="10000" extractCount="10000" duration="79000000"/>
			<Sample nodeCount="112" insertCount="10000" extractCount="10000" duration="79000000"/>
			<Sample nodeCount="113" insertCount="10000" extractCount="10000" duration="80000000"/>
			<Sample nodeCount="114" insertCount="10000" extractCount="10000" duration="81000000"/>
			<Sample nodeCount="115" insertCount="10000" extractCount="10000" duration="81000000"/>
			<Sample nodeCount="116" insertCount="10000" extractCount="10000" duration="83000000"/>
			<Sample nodeCount="117" insertCount="10000" extractCount="10000" duration="83000000"/>
			<Sample nodeCount="118" insertCount="10000" extractCount="10000" duration="85000000"/>
			<Sample nodeCount="119" insertCount="10000" extractCount="10000" duration="85000000"/>
			<Sample nodeCount="120" insertCount="10000" extractCount="10000" duration="86000000"/>
			<Sample nodeCount="121" insertCount="10000" extractCount="10000" duration="87000000"/>
			<Sample nodeCount="122" insertCount="10000" extractCount="10000" duration="88000000"/>
			<Sample nodeCount="123" insertCount="10000" extractCount="10000" duration="89000000"/>
			<Sample nodeCount="124" insertCount="10000" extractCount="10000" duration="90000000"/>
			<Sample nodeCount="125" insertCount="10000" extractCount="10000" duration="91000000"/>
			<Sample nodeCount="126" insertCount="10000" extractCount="10000" duration="91000000"/>
			<Sample nodeCount="127" insertCount="10000" extractCount="10000" duration="92000000"/>
		</SmallSetLinear>
		<LargeSetLinear>
		</LargeSetLinear>
	</RBTest>
	<RBTest implementation="BSD" nodeSize="32">
		<SmallSetRandomOps>
			<Sample nodeCount="1" insertCount="62" extractCount="61" duration="0"/>
			<Sample nodeCount="2" insertCount="123" extractCount="123" duration="0"/>
			<Sample nodeCount="3" insertCount="186" extractCount="183" duration="0"/>
			<Sample nodeCount="4" insertCount="247" extractCount="245" duration="0"/>
			<Sample nodeCount="5" insertCount="309" extractCount="306" duration="0"/>
			<Sample nodeCount="6" insertCount="370" extractCount="368" duration="0"/>
			<Sample nodeCount="7" insertCount="433" extractCount="428" duration="0"/>
			<Sample nodeCount="8" insertCount="493" extractCount="491" duration="0"/>
			<Sample nodeCount="9" insertCount="557" extractCount="550" duration="0"/>
			<Sample nodeCount="10" insertCount="619" extractCount="611" duration="0"/>
			<Sample nodeCount="11" insertCount="680" extractCount="673" duration="0"/>
			<Sample nodeCount="12" insertCount="740" extractCount="736" duration="0"/>
			<Sample nodeCount="13" insertCount="803" extractCount="796" duration="0"/>
			<Sample nodeCount="14" insertCount="864" extractCount="858" duration="0"/>
			<Sample nodeCount="15" insertCount="927" extractCount="918" duration="0"/>
			<Sample nodeCount="16" insertCount="988" extractCount="980" duration="0"/>
			<Sample nodeCount="17" insertCount="1050" extractCount="1041" duration="0"/>
			<Sample nodeCount="18" insertCount="1113" extractCount="1101" duration="1000000"/>
			<Sample nodeCount="19" insertCount="1172" extractCount="1165" duration="0"/>
			<Sample nodeCount="20" insertCount="1237" extractCount="1223" duration="0"/>
			<Sample nodeCount="21" insertCount="1296" extractCount="1287" duration="0"/>
			<Sample nodeCount="22" insertCount="1359" extractCount="1347" duration="0"/>
			<Sample nodeCount="23" insertCount="1419" extractCount="1410" duration="0"/>
			<Sample nodeCount="24" insertCount="1484" extractCount="1468" duration="1000000"/>
			<Sample nodeCount="25" insertCount="1544" extractCount="1531" duration="0"/>
			<Sample nodeCount="26" insertCount="1604" extractCount="1594" duration="0"/>
			<Sample nodeCount="27" insertCount="1668" extractCount="1653" duration="0"/>
			<Sample nodeCount="28" insertCount="1729" extractCount="1715" duration="0"/>
			<Sample nodeCount="29" insertCount="1790" extractCount="1777" duration="1000000"/>
			<Sample nodeCount="30" insertCount="1851" extractCount="1839" duration="0"/>
			<Sample nodeCount="31" insertCount="1914" extractCount="1899" duration="0"/>
			<Sample nodeCount="32" insertCount="1977" extractCount="1959" duration="0"/>
			<Sample nodeCount="33" insertCount="2041" extractCount="2018" duration="0"/>
			<Sample nodeCount="34" insertCount="2097" extractCount="2085" duration="1000000"/>
			<Sample nodeCount="35" insertCount="2160" extractCount="2145" duration="0"/>
			<Sample nodeCount="36" insertCount="2221" extractCount="2207" duration="0"/>
			<Sample nodeCount="37" insertCount="2285" extractCount="2266" duration="1000000"/>
			<Sample nodeCount="38" insertCount="2346" extractCount="2328" duration="0"/>
			<Sample nodeCount="39" insertCount="2408" extractCount="2389" duration="0"/>
			<Sample nodeCount="40" insertCount="2471" extractCount="2449" duration="0"/>
			<Sample nodeCount="41" insertCount="2531" extractCount="2512" duration="1000000"/>
			<Sample nodeCount="42" insertCount="2593" extractCount="2573" duration="0"/>
			<Sample nodeCount="43" insertCount="2656" extractCount="2633" duration="0"/>
			<Sample nodeCount="44" insertCount="2717" extractCount="2695" duration="1000000"/>
			<Sample nodeCount="45" insertCount="2776" extractCount="2759" duration="0"/>
			<Sample nodeCount="46" insertCount="2840" extractCount="2818" duration="0"/>
			<Sample nodeCount="47" insertCount="2902" extractCount="2879" duration="1000000"/>
			<Sample nodeCount="48" insertCount="2966" extractCount="2938" duration="0"/>
			<Sample nodeCount="49" insertCount="3026" extractCount="3001" duration="1000000"/>
			<Sample nodeCount="50" insertCount="3084" extractCount="3066" duration="0"/>
			<Sample nodeCount="51" insertCount="3151" extractCount="3122" duration="0"/>
			<Sample nodeCount="52" insertCount="3209" extractCount="3187" duration="1000000"/>
			<Sample nodeCount="53" insertCount="3273" extractCount="3246" duration="0"/>
			<Sample nodeCount="54" insertCount="3337" extractCount="3305" duration="1000000"/>
			<Sample nodeCount="55" insertCount="3400" extractCount="3365" duration="0"/>
			<Sample nodeCount="56" insertCount="3458" extractCount="3430" duration="0"/>
			<Sample nodeCount="57" insertCount="3521" extractCount="3490" duration="1000000"/>
			<Sample nodeCount="58" insertCount="3580" extractCount="3554" duration="0"/>
			<Sample nodeCount="59" insertCount="3647" extractCount="3610" duration="1000000"/>
			<Sample nodeCount="60" insertCount="3706" extractCount="3674" duration="0"/>
			<Sample nodeCount="61" insertCount="3766" extractCount="3737" duration="1000000"/>
			<Sample nodeCount="62" insertCount="3828" extractCount="3798" duration="0"/>
			<Sample nodeCount="63" insertCount="3888" extractCount="3861" duration="1000000"/>
			<Sample nodeCount="64" insertCount="3952" extractCount="3920" duration="0"/>
			<Sample nodeCount="65" insertCount="4014" extractCount="3981" duration="1000000"/>
			<Sample nodeCount="66" insertCount="4077" extractCount="4041" duration="0"/>
			<Sample nodeCount="67" insertCount="4136" extractCount="4105" duration="1000000"/>
			<Sample nodeCount="68" insertCount="4200" extractCount="4164" duration="0"/>
			<Sample nodeCount="69" insertCount="4263" extractCount="4224" duration="1000000"/>
			<Sample nodeCount="70" insertCount="4325" extractCount="4285" duration="1000000"/>
			<Sample nodeCount="71" insertCount="4381" extractCount="4352" duration="0"/>
			<Sample nodeCount="72" insertCount="4448" extractCount="4408" duration="1000000"/>
			<Sample nodeCount="73" insertCount="4507" extractCount="4472" duration="0"/>
			<Sample nodeCount="74" insertCount="4571" extractCount="4531" duration="1000000"/>
			<Sample nodeCount="75" insertCount="4631" extractCount="4594" duration="1000000"/>
			<Sample nodeCount="76" insertCount="4693" extractCount="4655" duration="0"/>
			<Sample nodeCount="77" insertCount="4755" extractCount="4716" duration="1000000"/>
			<Sample nodeCount="78" insertCount="4817" extractCount="4777" duration="0"/>
			<Sample nodeCount="79" insertCount="4877" extractCount="4840" duration="1000000"/>
			<Sample nodeCount="80" insertCount="4942" extractCount="4898" duration="1000000"/>
			<Sample nodeCount="81" insertCount="5002" extractCount="4961" duration="0"/>
			<Sample nodeCount="82" insertCount="5063" extractCount="5023" duration="1000000"/>
			<Sample nodeCount="83" insertCount="5124" extractCount="5085" duration="1000000"/>
			<Sample nodeCount="84" insertCount="5187" extractCount="5145" duration="0"/>
			<Sample nodeCount="85" insertCount="5250" extractCount="5205" duration="1000000"/>
			<Sample nodeCount="86" insertCount="5314" extractCount="5264" duration="1000000"/>
			<Sample nodeCount="87" insertCount="5374" extractCount="5327" duration="1000000"/>
			<Sample nodeCount="88" insertCount="5432" extractCount="5392" duration="0"/>
			<Sample nodeCount="89" insertCount="5490" extractCount="5457" duration="1000000"/>
			<Sample nodeCount="90" insertCount="5559" extractCount="5511" duration="1000000"/>
			<Sample nodeCount="91" insertCount="5621" extractCount="5572" duration="1000000"/>
			<Sample nodeCount="92" insertCount="5680" extractCount="5636" duration="0"/>
			<Sample nodeCount="93" insertCount="5740" extractCount="5699" duration="1000000"/>
			<Sample nodeCount="94" insertCount="5803" extractCount="5759" duration="1000000"/>
			<Sample nodeCount="95" insertCount="5862" extractCount="5823" duration="1000000"/>
			<Sample nodeCount="96" insertCount="5929" extractCount="5879" duration="0"/>
			<Sample nodeCount="97" insertCount="5993" extractCount="5938" duration="1000000"/>
			<Sample nodeCount="98" insertCount="6055" extractCount="5999" duration="1000000"/>
			<Sample nodeCount="99" insertCount="6113" extractCount="6064" duration="1000000"/>
			<Sample nodeCount="100" insertCount="6172" extractCount="6128" duration="1000000"/>
			<Sample nodeCount="101" insertCount="6238" extractCount="6185" duration="1000000"/>
			<Sample nodeCount="102" insertCount="6299" extractCount="6247" duration="0"/>
			<Sample nodeCount="103" insertCount="6363" extractCount="6306" duration="1000000"/>
			<Sample nodeCount="104" insertCount="6426" extractCount="6366" duration="1000000"/>
			<Sample nodeCount="105" insertCount="6481" extractCount="6434" duration="1000000"/>
			<Sample nodeCount="106" insertCount="6544" extractCount="6494" duration="1000000"/>
			<Sample nodeCount="107" insertCount="6607" extractCount="6554" duration="1000000"/>
			<Sample nodeCount="108" insertCount="6669" extractCount="6615" duration="1000000"/>
			<Sample nodeCount="109" insertCount="6732" extractCount="6675" duration="1000000"/>
			<Sample nodeCount="110" insertCount="6794" extractCount="6736" duration="1000000"/>
			<Sample nodeCount="111" insertCount="6852" extractCount="6801" duration="0"/>
			<Sample nodeCount="112" insertCount="6918" extractCount="6858" duration="1000000"/>
			<Sample nodeCount="113" insertCount="6981" extractCount="6918" duration="1000000"/>
			<Sample nodeCount="114" insertCount="7041" extractCount="6981" duration="1000000"/>
			<Sample nodeCount="115" insertCount="7103" extractCount="7042" duration="1000000"/>
			<Sample nodeCount="116" insertCount="7164" extractCount="7104" duration="1000000"/>
			<Sample nodeCount="117" insertCount="7225" extractCount="7166" duration="1000000"/>
			<Sample nodeCount="118" insertCount="7291" extractCount="7223" duration="1000000"/>
			<Sample nodeCount="119" insertCount="7350" extractCount="7287" duration="1000000"/>
			<Sample nodeCount="120" insertCount="7410" extractCount="7350" duration="1000000"/>
			<Sample nodeCount="121" insertCount="7471" extractCount="7412" duration="1000000"/>
			<Sample nodeCount="122" insertCount="7537" extractCount="7469" duration="1000000"/>
			<Sample nodeCount="123" insertCount="7593" extractCount="7536" duration="1000000"/>
			<Sample nodeCount="124" insertCount="7658" extractCount="7594" duration="2000000"/>
			<Sample nodeCount="125" insertCount="7718" extractCount="7657" duration="1000000"/>
			<Sample nodeCount="126" insertCount="7781" extractCount="7717" duration="1000000"/>
			<Sample nodeCount="127" insertCount="7840" extractCount="7781" duration="1000000"/>
		</SmallSetRandomOps>
		<LargeSetRandomOps>
		</LargeSetRandomOps>
		<SmallSetLinear>
			<Sample nodeCount="1" insertCount="10000" extractCount="10000" duration="0"/>
			<Sample nodeCount="2" insertCount="10000" extractCount="10000" duration="0"/>
			<Sample nodeCount="3" insertCount="10000" extractCount="10000" duration="1000000"/>
			<Sample nodeCount="4" insertCount="10000" extractCount="10000" duration="0"/>
			<Sample nodeCount="5" insertCount="10000" extractCount="10000" duration="2000000"/>
			<Sample nodeCount="6" insertCount="10000" extractCount="10000" duration="1000000"/>
			<Sample nodeCount="7" insertCount="10000" extractCount="10000" duration="1000000"/>
			<Sample nodeCount="8" insertCount="10000" extractCount="10000" duration="2000000"/>
			<Sample nodeCount="9" insertCount="10000" extractCount="10000" duration="2000000"/>
			<Sample nodeCount="10" insertCount="10000" extractCount="10000" duration="3000000"/>
			<Sample nodeCount="11" insertCount="10000" extractCount="10000" duration="2000000"/>
			<Sample nodeCount="12" insertCount="10000" extractCount="10000" duration="3000000"/>
			<Sample nodeCount="13" insertCount="10000" extractCount="10000" duration="4000000"/>
			<Sample nodeCount="14" insertCount="10000" extractCount="10000" duration="3000000"/>
			<Sample nodeCount="15" insertCount="10000" extractCount="10000" duration="4000000"/>
			<Sample nodeCount="16" insertCount="10000" extractCount="10000" duration="4000000"/>
			<Sample nodeCount="17" insertCount="10000" extractCount="10000" duration="5000000"/>
			<Sample nodeCount="18" insertCount="10000" extractCount="10000" duration="5000000"/>
			<Sample nodeCount="19" insertCount="10000" extractCount="10000" duration="5000000"/>
			<Sample nodeCount="20" insertCount="10000" extractCount="10000" duration="5000000"/>
			<Sample nodeCount="21" insertCount="10000" extractCount="10000" duration="6000000"/>
			<Sample nodeCount="22" insertCount="10000" extractCount="10000" duration="6000000"/>
			<Sample nodeCount="23" insertCount="10000" extractCount="10000" duration="7000000"/>
			<Sample nodeCount="24" insertCount="10000" extractCount="10000" duration="7000000"/>
			<Sample nodeCount="25" insertCount="10000" extractCount="10000" duration="7000000"/>
			<Sample nodeCount="26" insertCount="10000" extractCount="10000" duration="7000000"/>
			<Sample nodeCount="27" insertCount="10000" extractCount="10000" duration="8000000"/>
			<Sample nodeCount="28" insertCount="10000" extractCount="10000" duration="9000000"/>
			<Sample nodeCount="29" insertCount="10000" extractCount="10000" duration="8000000"/>
			<Sample nodeCount="30" insertCount="10000" extractCount="10000" duration="9000000"/>
			<Sample nodeCount="31" insertCount="10000" extractCount="10000" duration="10000000"/>
			<Sample nodeCount="32" insertCount="10000" extractCount="10000" duration="9000000"/>
			<Sample nodeCount="33" insertCount="10000" extractCount="10000" duration="11000000"/>
			<Sample nodeCount="34" insertCount="10000" extractCount="10000" duration="10000000"/>
			<Sample nodeCount="35" insertCount="10000" extractCount="10000" duration="11000000"/>
			<Sample nodeCount="36" insertCount="10000" extractCount="10000" duration="11000000"/>
			<Sample nodeCount="37" insertCount="10000" extractCount="10000" duration="12000000"/>
			<Sample nodeCount="38" insertCount="10000" extractCount="10000" duration="12000000"/>
			<Sample nodeCount="39" insertCount="10000" extractCount="10000" duration="13000000"/>
			<Sample nodeCount="40" insertCount="10000" extractCount="10000" duration="13000000"/>
			<Sample nodeCount="41" insertCount="10000" extractCount="10000" duration="13000000"/>
			<Sample nodeCount="42" insertCount="10000" extractCount="10000" duration="14000000"/>
			<Sample nodeCount="43" insertCount="10000" extractCount="10000" duration="14000000"/>
			<Sample nodeCount="44" insertCount="10000" extractCount="10000" duration="14000000"/>
			<Sample nodeCount="45" insertCount="10000" extractCount="10000" duration="15000000"/>
			<Sample nodeCount="46" insertCount="10000" extractCount="10000" duration="16000000"/>
			<Sample nodeCount="47" insertCount="10000" extractCount="10000" duration="16000000"/>
			<Sample nodeCount="48" insertCount="10000" extractCount="10000" duration="16000000"/>
			<Sample nodeCount="49" insertCount="10000" extractCount="10000" duration="17000000"/>
			<Sample nodeCount="50" insertCount="10000" extractCount="10000" duration="17000000"/>
			<Sample nodeCount="51" insertCount="10000" extractCount="10000" duration="18000000"/>
			<Sample nodeCount="52" insertCount="10000" extractCount="10000" duration="18000000"/>
			<Sample nodeCount="53" insertCount="10000" extractCount="10000" duration="19000000"/>
			<Sample nodeCount="54" insertCount="10000" extractCount="10000" duration="18000000"/>
			<Sample nodeCount="55" insertCount="10000" extractCount="10000" duration="20000000"/>
			<Sample nodeCount="56" insertCount="10000" extractCount="10000" duration="19000000"/>
			<Sample nodeCount="57" insertCount="10000" extractCount="10000" duration="20000000"/>
			<Sample nodeCount="58" insertCount="10000" extractCount="10000" duration="21000000"/>
			<Sample nodeCount="59" insertCount="10000" extractCount="10000" duration="21000000"/>
			<Sample nodeCount="60" insertCount="10000" extractCount="10000" duration="22000000"/>
			<Sample nodeCount="61" insertCount="10000" extractCount="10000" duration="22000000"/>
			<Sample nodeCount="62" insertCount="10000" extractCount="10000" duration="22000000"/>
			<Sample nodeCount="63" insertCount="10000" extractCount="10000" duration="23000000"/>
			<Sample nodeCount="64" insertCount="10000" extractCount="10000" duration="24000000"/>
			<Sample nodeCount="65" insertCount="10000" extractCount="10000" duration="24000000"/>
			<Sample nodeCount="66" insertCount="10000" extractCount="10000" duration="24000000"/>
			<Sample nodeCount="67" insertCount="10000" extractCount="10000" duration="25000000"/>
			<Sample nodeCount="68" insertCount="10000" extractCount="10000" duration="25000000"/>
			<Sample nodeCount="69" insertCount="10000" extractCount="10000" duration="25000000"/>
			<Sample nodeCount="70" insertCount="10000" extractCount="10000" duration="27000000"/>
			<Sample nodeCount="71" insertCount="10000" extractCount="10000" duration="26000000"/>
			<Sample nodeCount="72" insertCount="10000" extractCount="10000" duration="28000000"/>
			<Sample nodeCount="73" insertCount="10000" extractCount="10000" duration="27000000"/>
			<Sample nodeCount="74" insertCount="10000" extractCount="10000" duration="29000000"/>
			<Sample nodeCount="75" insertCount="10000" extractCount="10000" duration="28000000"/>
			<Sample nodeCount="76" insertCount="10000" extractCount="10000" duration="29000000"/>
			<Sample nodeCount="77" insertCount="10000" extractCount="10000" duration="30000000"/>
			<Sample nodeCount="78" insertCount="10000" extractCount="10000" duration="31000000"/>
			<Sample nodeCount="79" insertCount="10000" extractCount="10000" duration="30000000"/>
			<Sample nodeCount="80" insertCount="10000" extractCount="10000" duration="31000000"/>
			<Sample nodeCount="81" insertCount="10000" extractCount="10000" duration="32000000"/>
			<Sample nodeCount="82" insertCount="10000" extractCount="10000" duration="32000000"/>
			<Sample nodeCount="83" insertCount="10000" extractCount="10000" duration="33000000"/>
			<Sample nodeCount="84" insertCount="10000" extractCount="10000" duration="33000000"/>
			<Sample nodeCount="85" insertCount="10000" extractCount="10000" duration="34000000"/>
			<Sample nodeCount="86" insertCount="10000" extractCount="10000" duration="35000000"/>
			<Sample nodeCount="87" insertCount="10000" extractCount="10000" duration="36000000"/>
			<Sample nodeCount="88" insertCount="10000" extractCount="10000" duration="35000000"/>
			<Sample nodeCount="89" insertCount="10000" extractCount="10000" duration="36000000"/>
			<Sample nodeCount="90" insertCount="10000" extractCount="10000" duration="37000000"/>
			<Sample nodeCount="91" insertCount="10000" extractCount="10000" duration="37000000"/>
			<Sample nodeCount="92" insertCount="10000" extractCount="10000" duration="38000000"/>
			<Sample nodeCount="93" insertCount="10000" extractCount="10000" duration="38000000"/>
			<Sample nodeCount="94" insertCount="10000" extractCount="10000" duration="40000000"/>
			<Sample nodeCount="95" insertCount="10000" extractCount="10000" duration="39000000"/>
			<Sample nodeCount="96" insertCount="10000" extractCount="10000" duration="40000000"/>
			<Sample nodeCount="97" insertCount="10000" extractCount="10000" duration="40000000"/>
			<Sample nodeCount="98" insertCount="10000" extractCount="10000" duration="41000000"/>
			<Sample nodeCount="99" insertCount="10000" extractCount="10000" duration="41000000"/>
			<Sample nodeCount="100" insertCount="10000" extractCount="10000" duration="42000000"/>
			<Sample nodeCount="101" insertCount="10000" extractCount="10000" duration="42000000"/>
			<Sample nodeCount="102" insertCount="10000" extractCount="10000" duration="42000000"/>
			<Sample nodeCount="103" insertCount="10000" extractCount="10000" duration="44000000"/>
			<Sample nodeCount="104" insertCount="10000" extractCount="10000" duration="43000000"/>
			<Sample nodeCount="105" insertCount="10000" extractCount="10000" duration="44000000"/>
			<Sample nodeCount="106" insertCount="10000" extractCount="10000" duration="44000000"/>
			<Sample nodeCount="107" insertCount="10000" extractCount="10000" duration="45000000"/>
			<Sample nodeCount="108" insertCount="10000" extractCount="10000" duration="46000000"/>
			<Sample nodeCount="109" insertCount="10000" extractCount="10000" duration="46000000"/>
			<Sample nodeCount="110" insertCount="10000" extractCount="10000" duration="47000000"/>
			<Sample nodeCount="111" insertCount="10000" extractCount="10000" duration="47000000"/>
			<Sample nodeCount="112" insertCount="10000" extractCount="10000" duration="48000000"/>
			<Sample nodeCount="113" insertCount="10000" extractCount="10000" duration="49000000"/>
			<Sample nodeCount="114" insertCount="10000" extractCount="10000" duration="49000000"/>
			<Sample nodeCount="115" insertCount="10000" extractCount="10000" duration="49000000"/>
			<Sample nodeCount="116" insertCount="10000" extractCount="10000" duration="50000000"/>
			<Sample nodeCount="117" insertCount="10000" extractCount="10000" duration="50000000"/>
			<Sample nodeCount="118" insertCount="10000" extractCount="10000" duration="51000000"/>
			<Sample nodeCount="119" insertCount="10000" extractCount="10000" duration="52000000"/>
			<Sample nodeCount="120" insertCount="10000" extractCount="10000" duration="52000000"/>
			<Sample nodeCount="121" insertCount="10000" extractCount="10000" duration="53000000"/>
			<Sample nodeCount="122" insertCount="10000" extractCount="10000" duration="53000000"/>
			<Sample nodeCount="123" insertCount="10000" extractCount="10000" duration="53000000"/>
			<Sample nodeCount="124" insertCount="10000" extractCount="10000" duration="54000000"/>
			<Sample nodeCount="125" insertCount="10000" extractCount="10000" duration="54000000"/>
			<Sample nodeCount="126" insertCount="10000" extractCount="10000" duration="55000000"/>
			<Sample nodeCount="127" insertCount="10000" extractCount="10000" duration="56000000"/>
		</SmallSetLinear>
		<LargeSetLinear>
		</LargeSetLinear>
	</RBTest>
	<RBTest implementation="RB Old" nodeSize="32">
		<SmallSetRandomOps>
			<Sample nodeCount="1" insertCount="62" extractCount="61" duration="0"/>
			<Sample nodeCount="2" insertCount="123" extractCount="123" duration="0"/>
			<Sample nodeCount="3" insertCount="186" extractCount="183" duration="0"/>
			<Sample nodeCount="4" insertCount="247" extractCount="245" duration="0"/>
			<Sample nodeCount="5" insertCount="309" extractCount="306" duration="0"/>
			<Sample nodeCount="6" insertCount="370" extractCount="368" duration="1000000"/>
			<Sample nodeCount="7" insertCount="433" extractCount="428" duration="0"/>
			<Sample nodeCount="8" insertCount="493" extractCount="491" duration="0"/>
			<Sample nodeCount="9" insertCount="557" extractCount="550" duration="0"/>
			<Sample nodeCount="10" insertCount="619" extractCount="611" duration="0"/>
			<Sample nodeCount="11" insertCount="680" extractCount="673" duration="0"/>
			<Sample nodeCount="12" insertCount="740" extractCount="736" duration="0"/>
			<Sample nodeCount="13" insertCount="803" extractCount="796" duration="0"/>
			<Sample nodeCount="14" insertCount="864" extractCount="858" duration="0"/>
			<Sample nodeCount="15" insertCount="927" extractCount="918" duration="0"/>
			<Sample nodeCount="16" insertCount="988" extractCount="980" duration="0"/>
			<Sample nodeCount="17" insertCount="1050" extractCount="1041" duration="0"/>
			<Sample nodeCount="18" insertCount="1113" extractCount="1101" duration="1000000"/>
			<Sample nodeCount="19" insertCount="1172" extractCount="1165" duration="0"/>
			<Sample nodeCount="20" insertCount="1237" extractCount="1223" duration="0"/>
			<Sample nodeCount="21" insertCount="1296" extractCount="1287" duration="0"/>
			<Sample nodeCount="22" insertCount="1359" extractCount="1347" duration="0"/>
			<Sample nodeCount="23" insertCount="1419" extractCount="1410" duration="0"/>
			<Sample nodeCount="24" insertCount="1484" extractCount="1468" duration="0"/>
			<Sample nodeCount="25" insertCount="1544" extractCount="1531" duration="1000000"/>
			<Sample nodeCount="26" insertCount="1604" extractCount="1594" duration="0"/>
			<Sample nodeCount="27" insertCount="1668" extractCount="1653" duration="0"/>
			<Sample nodeCount="28" insertCount="1729" extractCount="1715" duration="0"/>
			<Sample nodeCount="29" insertCount="1790" extractCount="1777" duration="0"/>
			<Sample nodeCount="30" insertCount="1851" extractCount="1839" duration="1000000"/>
			<Sample nodeCount="31" insertCount="1914" extractCount="1899" duration="0"/>
			<Sample nodeCount="32" insertCount="1977" extractCount="1959" duration="0"/>
			<Sample nodeCount="33" insertCount="2041" extractCount="2018" duration="0"/>
			<Sample nodeCount="34" insertCount="2097" extractCount="2085" duration="1000000"/>
			<Sample nodeCount="35" insertCount="2160" extractCount="2145" duration="0"/>
			<Sample nodeCount="36" insertCount="2221" extractCount="2207" duration="0"/>
			<Sample nodeCount="37" insertCount="2285" extractCount="2266" duration="0"/>
			<Sample nodeCount="38" insertCount="2346" extractCount="2328" duration="1000000"/>
			<Sample nodeCount="39" insertCount="2408" extractCount="2389" duration="0"/>
			<Sample nodeCount="40" insertCount="2471" extractCount="2449" duration="0"/>
			<Sample nodeCount="41" insertCount="2531" extractCount="2512" duration="1000000"/>
			<Sample nodeCount="42" insertCount="2593" extractCount="2573" duration="0"/>
			<Sample nodeCount="43" insertCount="2656" extractCount="2633" duration="0"/>
			<Sample nodeCount="44" insertCount="2717" extractCount="2695" duration="1000000"/>
			<Sample nodeCount="45" insertCount="2776" extractCount="2759" duration="0"/>
			<Sample nodeCount="46" insertCount="2840" extractCount="2818" duration="0"/>
			<Sample nodeCount="47" insertCount="2902" extractCount="2879" duration="1000000"/>
			<Sample nodeCount="48" insertCount="2966" extractCount="2938" duration="0"/>
			<Sample nodeCount="49" insertCount="3026" extractCount="3001" duration="1000000"/>
			<Sample nodeCount="50" insertCount="3084" extractCount="3066" duration="0"/>
			<Sample nodeCount="51" insertCount="3151" extractCount="3122" duration="0"/>
			<Sample nodeCount="52" insertCount="3209" extractCount="3187" duration="1000000"/>
			<Sample nodeCount="53" insertCount="3273" extractCount="3246" duration="0"/>
			<Sample nodeCount="54" insertCount="3337" extractCount="3305" duration="1000000"/>
			<Sample nodeCount="55" insertCount="3400" extractCount="3365" duration="0"/>
			<Sample nodeCount="56" insertCount="3458" extractCount="3430" duration="0"/>
			<Sample nodeCount="57" insertCount="3521" extractCount="3490" duration="1000000"/>
			<Sample nodeCount="58" insertCount="3580" extractCount="3554" duration="0"/>
			<Sample nodeCount="59" insertCount="3647" extractCount="3610" duration="1000000"/>
			<Sample nodeCount="60" insertCount="3706" extractCount="3674" duration="0"/>
			<Sample nodeCount="61" insertCount="3766" extractCount="3737" duration="1000000"/>
			<Sample nodeCount="62" insertCount="3828" extractCount="3798" duration="0"/>
			<Sample nodeCount="63" insertCount="3888" extractCount="3861" duration="1000000"/>
			<Sample nodeCount="64" insertCount="3952" extractCount="3920" duration="0"/>
			<Sample nodeCount="65" insertCount="4014" extractCount="3981" duration="1000000"/>
			<Sample nodeCount="66" insertCount="4077" extractCount="4041" duration="0"/>
			<Sample nodeCount="67" insertCount="4136" extractCount="4105" duration="1000000"/>
			<Sample nodeCount="68" insertCount="4200" extractCount="4164" duration="0"/>
			<Sample nodeCount="69" insertCount="4263" extractCount="4224" duration="1000000"/>
			<Sample nodeCount="70" insertCount="4325" extractCount="4285" duration="0"/>
			<Sample nodeCount="71" insertCount="4381" extractCount="4352" duration="1000000"/>
			<Sample nodeCount="72" insertCount="4448" extractCount="4408" duration="1000000"/>
			<Sample nodeCount="73" insertCount="4507" extractCount="4472" duration="0"/>
			<Sample nodeCount="74" insertCount="4571" extractCount="4531" duration="1000000"/>
			<Sample nodeCount="75" insertCount="4631" extractCount="4594" duration="0"/>
			<Sample nodeCount="76" insertCount="4693" extractCount="4655" duration="1000000"/>
			<Sample nodeCount="77" insertCount="4755" extractCount="4716" duration="1000000"/>
			<Sample nodeCount="78" insertCount="4817" extractCount="4777" duration="0"/>
			<Sample nodeCount="79" insertCount="4877" extractCount="4840" duration="1000000"/>
			<Sample nodeCount="80" insertCount="4942" extractCount="4898" duration="0"/>
			<Sample nodeCount="81" insertCount="5002" extractCount="4961" duration="1000000"/>
			<Sample nodeCount="82" insertCount="5063" extractCount="5023" duration="1000000"/>
			<Sample nodeCount="83" insertCount="5124" extractCount="5085" duration="1000000"/>
			<Sample nodeCount="84" insertCount="5187" extractCount="5145" duration="0"/>
			<Sample nodeCount="85" insertCount="5250" extractCount="5205" duration="1000000"/>
			<Sample nodeCount="86" insertCount="5314" extractCount="5264" duration="1000000"/>
			<Sample nodeCount="87" insertCount="5374" extractCount="5327" duration="0"/>
			<Sample nodeCount="88" insertCount="5432" extractCount="5392" duration="1000000"/>
			<Sample nodeCount="89" insertCount="5490" extractCount="5457" duration="1000000"/>
			<Sample nodeCount="90" insertCount="5559" extractCount="5511" duration="1000000"/>
			<Sample nodeCount="91" insertCount="5621" extractCount="5572" duration="0"/>
			<Sample nodeCount="92" insertCount="5680" extractCount="5636" duration="1000000"/>
			<Sample nodeCount="93" insertCount="5740" extractCount="5699" duration="1000000"/>
			<Sample nodeCount="94" insertCount="5803" extractCount="5759" duration="1000000"/>
			<Sample nodeCount="95" insertCount="5862" extractCount="5823" duration="0"/>
			<Sample nodeCount="96" insertCount="5929" extractCount="5879" duration="1000000"/>
			<Sample nodeCount="97" insertCount="5993" extractCount="5938" duration="1000000"/>
			<Sample nodeCount="98" insertCount="6055" extractCount="5999" duration="1000000"/>
			<Sample nodeCount="99" insertCount="6113" extractCount="6064" duration="1000000"/>
			<Sample nodeCount="100" insertCount="6172" extractCount="6128" duration="0"/>
			<Sample nodeCount="101" insertCount="6238" extractCount="6185" duration="1000000"/>
			<Sample nodeCount="102" insertCount="6299" extractCount="6247" duration="1000000"/>
			<Sample nodeCount="103" insertCount="6363" extractCount="6306" duration="1000000"/>
			<Sample nodeCount="104" insertCount="6426" extractCount="6366" duration="1000000"/>
			<Sample nodeCount="105" insertCount="6481" extractCount="6434" duration="1000000"/>
			<Sample nodeCount="106" insertCount="6544" extractCount="6494" duration="0"/>
			<Sample nodeCount="107" insertCount="6607" extractCount="6554" duration="1000000"/>
			<Sample nodeCount="108" insertCount="6669" extractCount="6615" duration="1000000"/>
			<Sample nodeCount="109" insertCount="6732" extractCount="6675" duration="1000000"/>
			<Sample nodeCount="110" insertCount="6794" extractCount="6736" duration="1000000"/>
			<Sample nodeCount="111" insertCount="6852" extractCount="6801" duration="1000000"/>
			<Sample nodeCount="112" insertCount="6918" extractCount="6858" duration="1000000"/>
			<Sample nodeCount="113" insertCount="6981" extractCount="6918" duration="1000000"/>
			<Sample nodeCount="114" insertCount="7041" extractCount="6981" duration="1000000"/>
			<Sample nodeCount="115" insertCount="7103" extractCount="7042" duration="1000000"/>
			<Sample nodeCount="116" insertCount="7164" extractCount="7104" duration="1000000"/>
			<Sample nodeCount="117" insertCount="7225" extractCount="7166" duration="1000000"/>
			<Sample nodeCount="118" insertCount="7291" extractCount="7223" duration="1000000"/>
			<Sample nodeCount="119" insertCount="7350" extractCount="7287" duration="1000000"/>
			<Sample nodeCount="120" insertCount="7410" extractCount="7350" duration="1000000"/>
			<Sample nodeCount="121" insertCount="7471" extractCount="7412" duration="1000000"/>
			<Sample nodeCount="122" insertCount="7537" extractCount="7469" duration="1000000"/>
			<Sample nodeCount="123" insertCount="7593" extractCount="7536" duration="1000000"/>
			<Sample nodeCount="124" insertCount="7658" extractCount="7594" duration="1000000"/>
			<Sample nodeCount="125" insertCount="7718" extractCount="7657" duration="1000000"/>
			<Sample nodeCount="126" insertCount="7781" extractCount="7717" duration="1000000"/>
			<Sample nodeCount="127" insertCount="7840" extractCount="7781" duration="1000000"/>
		</SmallSetRandomOps>
		<LargeSetRandomOps>
		</LargeSetRandomOps>
		<SmallSetLinear>
			<Sample nodeCount="1" insertCount="10000" extractCount="10000" duration="0"/>
			<Sample nodeCount="2" insertCount="10000" extractCount="10000" duration="0"/>
			<Sample nodeCount="3" insertCount="10000" extractCount="10000" duration="1000000"/>
			<Sample nodeCount="4" insertCount="10000" extractCount="10000" duration="1000000"/>
			<Sample nodeCount="5" insertCount="10000" extractCount="10000" duration="1000000"/>
			<Sample nodeCount="6" insertCount="10000" extractCount="10000" duration="1000000"/>
			<Sample nodeCount="7" insertCount="10000" extractCount="10000" duration="2000000"/>
			<Sample nodeCount="8" insertCount="10000" extractCount="10000" duration="2000000"/>
			<Sample nodeCount="9" insertCount="10000" extractCount="10000" duration="3000000"/>
			<Sample nodeCount="10" insertCount="10000" extractCount="10000" duration="3000000"/>
			<Sample nodeCount="11" insertCount="10000" extractCount="10000" duration="3000000"/>
			<Sample nodeCount="12" insertCount="10000" extractCount="10000" duration="4000000"/>
			<Sample nodeCount="13" insertCount="10000" extractCount="10000" duration="5000000"/>
			<Sample nodeCount="14" insertCount="10000" extractCount="10000" duration="5000000"/>
			<Sample nodeCount="15" insertCount="10000" extractCount="10000" duration="5000000"/>
			<Sample nodeCount="16" insertCount="10000" extractCount="10000" duration="6000000"/>
			<Sample nodeCount="17" insertCount="10000" extractCount="10000" duration="7000000"/>
			<Sample nodeCount="18" insertCount="10000" extractCount="10000" duration="7000000"/>
			<Sample nodeCount="19" insertCount="10000" extractCount="10000" duration="8000000"/>
			<Sample nodeCount="20" insertCount="10000" extractCount="10000" duration="8000000"/>
			<Sample nodeCount="21" insertCount="10000" extractCount="10000" duration="8000000"/>
			<Sample nodeCount="22" insertCount="10000" extractCount="10000" duration="10000000"/>
			<Sample nodeCount="23" insertCount="10000" extractCount="10000" duration="10000000"/>
			<Sample nodeCount="24" insertCount="10000" extractCount="10000" duration="10000000"/>
			<Sample nodeCount="25" insertCount="10000" extractCount="10000" duration="11000000"/>
			<Sample nodeCount="26" insertCount="10000" extractCount="10000" duration="12000000"/>
			<Sample nodeCount="27" insertCount="10000" extractCount="10000" duration="12000000"/>
			<Sample nodeCount="28" insertCount="10000" extractCount="10000" duration="13000000"/>
			<Sample nodeCount="29" insertCount="10000" extractCount="10000" duration="14000000"/>
			<Sample nodeCount="30" insertCount="10000" extractCount="10000" duration="14000000"/>
			<Sample nodeCount="31" insertCount="10000" extractCount="10000" duration="14000000"/>
			<Sample nodeCount="32" insertCount="10000" extractCount="10000" duration="16000000"/>
			<Sample nodeCount="33" insertCount="10000" extractCount="10000" duration="16000000"/>
			<Sample nodeCount="34" insertCount="10000" extractCount="10000" duration="17000000"/>
			<Sample nodeCount="35" insertCount="10000" extractCount="10000" duration="18000000"/>
			<Sample nodeCount="36" insertCount="10000" extractCount="10000" duration="18000000"/>
			<Sample nodeCount="37" insertCount="10000" extractCount="10000" duration="19000000"/>
			<Sample nodeCount="38" insertCount="10000" extractCount="10000" duration="20000000"/>
			<Sample nodeCount="39" insertCount="10000" extractCount="10000" duration="20000000"/>
			<Sample nodeCount="40" insertCount="10000" extractCount="10000" duration="21000000"/>
			<Sample nodeCount="41" insertCount="10000" extractCount="10000" duration="22000000"/>
			<Sample nodeCount="42" insertCount="10000" extractCount="10000" duration="23000000"/>
			<Sample nodeCount="43" insertCount="10000" extractCount="10000" duration="23000000"/>
			<Sample nodeCount="44" insertCount="10000" extractCount="10000" duration="24000000"/>
			<Sample nodeCount="45" insertCount="10000" extractCount="10000" duration="25000000"/>
			<Sample nodeCount="46" insertCount="10000" extractCount="10000" duration="26000000"/>
			<Sample nodeCount="47" insertCount="10000" extractCount="10000" duration="26000000"/>
			<Sample nodeCount="48" insertCount="10000" extractCount="10000" duration="27000000"/>
			<Sample nodeCount="49" insertCount="10000" extractCount="10000" duration="28000000"/>
			<Sample nodeCount="50" insertCount="10000" extractCount="10000" duration="28000000"/>
			<Sample nodeCount="51" insertCount="10000" extractCount="10000" duration="30000000"/>
			<Sample nodeCount="52" insertCount="10000" extractCount="10000" duration="30000000"/>
			<Sample nodeCount="53" insertCount="10000" extractCount="10000" duration="31000000"/>
			<Sample nodeCount="54" insertCount="10000" extractCount="10000" duration="31000000"/>
			<Sample nodeCount="55" insertCount="10000" extractCount="10000" duration="33000000"/>
			<Sample nodeCount="56" insertCount="10000" extractCount="10000" duration="33000000"/>
			<Sample nodeCount="57" insertCount="10000" extractCount="10000" duration="34000000"/>
			<Sample nodeCount="58" insertCount="10000" extractCount="10000" duration="35000000"/>
			<Sample nodeCount="59" insertCount="10000" extractCount="10000" duration="35000000"/>
			<Sample nodeCount="60" insertCount="10000" extractCount="10000" duration="37000000"/>
			<Sample nodeCount="61" insertCount="10000" extractCount="10000" duration="37000000"/>
			<Sample nodeCount="62" insertCount="10000" extractCount="10000" duration="38000000"/>
			<Sample nodeCount="63" insertCount="10000" extractCount="10000" duration="38000000"/>
			<Sample nodeCount="64" insertCount="10000" extractCount="10000" duration="40000000"/>
			<Sample nodeCount="65" insertCount="10000" extractCount="10000" duration="40000000"/>
			<Sample nodeCount="66" insertCount="10000" extractCount="10000" duration="42000000"/>
			<Sample nodeCount="67" insertCount="10000" extractCount="10000" duration="42000000"/>
			<Sample nodeCount="68" insertCount="10000" extractCount="10000" duration="43000000"/>
			<Sample nodeCount="69" insertCount="10000" extractCount="10000" duration="44000000"/>
			<Sample nodeCount="70" insertCount="10000" extractCount="10000" duration="46000000"/>
			<Sample nodeCount="71" insertCount="10000" extractCount="10000" duration="46000000"/>
			<Sample nodeCount="72" insertCount="10000" extractCount="10000" duration="48000000"/>
			<Sample nodeCount="73" insertCount="10000" extractCount="10000" duration="47000000"/>
			<Sample nodeCount="74" insertCount="10000" extractCount="10000" duration="49000000"/>
			<Sample nodeCount="75" insertCount="10000" extractCount="10000" duration="49000000"/>
			<Sample nodeCount="76" insertCount="10000" extractCount="10000" duration="50000000"/>
			<Sample nodeCount="77" insertCount="10000" extractCount="10000" duration="51000000"/>
			<Sample nodeCount="78" insertCount="10000" extractCount="10000" duration="52000000"/>
			<Sample nodeCount="79" insertCount="10000" extractCount="10000" duration="53000000"/>
			<Sample nodeCount="80" insertCount="10000" extractCount="10000" duration="54000000"/>
			<Sample nodeCount="81" insertCount="10000" extractCount="10000" duration="54000000"/>
			<Sample nodeCount="82" insertCount="10000" extractCount="10000" duration="55000000"/>
			<Sample nodeCount="83" insertCount="10000" extractCount="10000" duration="56000000"/>
			<Sample nodeCount="84" insertCount="10000" extractCount="10000" duration="56000000"/>
			<Sample nodeCount="85" insertCount="10000" extractCount="10000" duration="57000000"/>
			<Sample nodeCount="86" insertCount="10000" extractCount="10000" duration="58000000"/>
			<Sample nodeCount="87" insertCount="10000" extractCount="10000" duration="60000000"/>
			<Sample nodeCount="88" insertCount="10000" extractCount="10000" duration="59000000"/>
			<Sample nodeCount="89" insertCount="10000" extractCount="10000" duration="62000000"/>
			<Sample nodeCount="90" insertCount="10000" extractCount="10000" duration="60000000"/>
			<Sample nodeCount="91" insertCount="10000" extractCount="10000" duration="62000000"/>
			<Sample nodeCount="92" insertCount="10000" extractCount="10000" duration="63000000"/>
			<Sample nodeCount="93" insertCount="10000" extractCount="10000" duration="63000000"/>
			<Sample nodeCount="94" insertCount="10000" extractCount="10000" duration="64000000"/>
			<Sample nodeCount="95" insertCount="10000" extractCount="10000" duration="66000000"/>
			<Sample nodeCount="96" insertCount="10000" extractCount="10000" duration="65000000"/>
			<Sample nodeCount="97" insertCount="10000" extractCount="10000" duration="67000000"/>
			<Sample nodeCount="98" insertCount="10000" extractCount="10000" duration="68000000"/>
			<Sample nodeCount="99" insertCount="10000" extractCount="10000" duration="69000000"/>
			<Sample nodeCount="100" insertCount="10000" extractCount="10000" duration="69000000"/>
			<Sample nodeCount="101" insertCount="10000" extractCount="10000" duration="71000000"/>
			<Sample nodeCount="102" insertCount="10000" extractCount="10000" duration="73000000"/>
			<Sample nodeCount="103" insertCount="10000" extractCount="10000" duration="73000000"/>
			<Sample nodeCount="104" insertCount="10000" extractCount="10000" duration="74000000"/>
			<Sample nodeCount="105" insertCount="10000" extractCount="10000" duration="74000000"/>
			<Sample nodeCount="106" insertCount="10000" extractCount="10000" duration="76000000"/>
			<Sample nodeCount="107" insertCount="10000" extractCount="10000" duration="76000000"/>
			<Sample nodeCount="108" insertCount="10000" extractCount="10000" duration="77000000"/>
			<Sample nodeCount="109" insertCount="10000" extractCount="10000" duration="78000000"/>
			<Sample nodeCount="110" insertCount="10000" extractCount="10000" duration="80000000"/>
			<Sample nodeCount="111" insertCount="10000" extractCount="10000" duration="79000000"/>
			<Sample nodeCount="112" insertCount="10000" extractCount="10000" duration="81000000"/>
			<Sample nodeCount="113" insertCount="10000" extractCount="10000" duration="82000000"/>
			<Sample nodeCount="114" insertCount="10000" extractCount="10000" duration="82000000"/>
			<Sample nodeCount="115" insertCount="10000" extractCount="10000" duration="83000000"/>
			<Sample nodeCount="116" insertCount="10000" extractCount="10000" duration="85000000"/>
			<Sample nodeCount="117" insertCount="10000" extractCount="10000" duration="84000000"/>
			<Sample nodeCount="118" insertCount="10000" extractCount="10000" duration="86000000"/>
			<Sample nodeCount="119" insertCount="10000" extractCount="10000" duration="87000000"/>
			<Sample nodeCount="120" insertCount="10000" extractCount="10000" duration="87000000"/>
			<Sample nodeCount="121" insertCount="10000" extractCount="10000" duration="89000000"/>
			<Sample nodeCount="122" insertCount="10000" extractCount="10000" duration="90000000"/>
			<Sample nodeCount="123" insertCount="10000" extractCount="10000" duration="91000000"/>
			<Sample nodeCount="124" insertCount="10000" extractCount="10000" duration="91000000"/>
			<Sample nodeCount="125" insertCount="10000" extractCount="10000" duration="92000000"/>
			<Sample nodeCount="126" insertCount="10000" extractCount="10000" duration="95000000"/>
			<Sample nodeCount="127" insertCount="10000" extractCount="10000" duration="95000000"/>
		</SmallSetLinear>
		<LargeSetLinear>
		</LargeSetLinear>
	</RBTest>
	<RBTest implementation="Linux" nodeSize="24">
		<SmallSetRandomOps>
			<Sample nodeCount="1" insertCount="62" extractCount="61" duration="0"/>
			<Sample nodeCount="2" insertCount="123" extractCount="123" duration="0"/>
			<Sample nodeCount="3" insertCount="186" extractCount="183" duration="0"/>
			<Sample nodeCount="4" insertCount="247" extractCount="245" duration="0"/>
			<Sample nodeCount="5" insertCount="309" extractCount="306" duration="0"/>
			<Sample nodeCount="6" insertCount="370" extractCount="368" duration="0"/>
			<Sample nodeCount="7" insertCount="433" extractCount="428" duration="0"/>
			<Sample nodeCount="8" insertCount="493" extractCount="491" duration="0"/>
			<Sample nodeCount="9" insertCount="557" extractCount="550" duration="0"/>
			<Sample nodeCount="10" insertCount="619" extractCount="611" duration="0"/>
			<Sample nodeCount="11" insertCount="680" extractCount="673" duration="0"/>
			<Sample nodeCount="12" insertCount="740" extractCount="736" duration="0"/>
			<Sample nodeCount="13" insertCount="803" extractCount="796" duration="0"/>
			<Sample nodeCount="14" insertCount="864" extractCount="858" duration="0"/>
			<Sample nodeCount="15" insertCount="927" extractCount="918" duration="0"/>
			<Sample nodeCount="16" insertCount="988" extractCount="980" duration="0"/>
			<Sample nodeCount="17" insertCount="1050" extractCount="1041" duration="0"/>
			<Sample nodeCount="18" insertCount="1113" extractCount="1101" duration="1000000"/>
			<Sample nodeCount="19" insertCount="1172" extractCount="1165" duration="0"/>
			<Sample nodeCount="20" insertCount="1237" extractCount="1223" duration="0"/>
			<Sample nodeCount="21" insertCount="1296" extractCount="1287" duration="0"/>
			<Sample nodeCount="22" insertCount="1359" extractCount="1347" duration="0"/>
			<Sample nodeCount="23" insertCount="1419" extractCount="1410" duration="0"/>
			<Sample nodeCount="24" insertCount="1484" extractCount="1468" duration="0"/>
			<Sample nodeCount="25" insertCount="1544" extractCount="1531" duration="1000000"/>
			<Sample nodeCount="26" insertCount="1604" extractCount="1594" duration="0"/>
			<Sample nodeCount="27" insertCount="1668" extractCount="1653" duration="0"/>
			<Sample nodeCount="28" insertCount="1729" extractCount="1715" duration="0"/>
			<Sample nodeCount="29" insertCount="1790" extractCount="1777" duration="0"/>
			<Sample nodeCount="30" insertCount="1851" extractCount="1839" duration="0"/>
			<Sample nodeCount="31" insertCount="1914" extractCount="1899" duration="1000000"/>
			<Sample nodeCount="32" insertCount="1977" extractCount="1959" duration="0"/>
			<Sample nodeCount="33" insertCount="2041" extractCount="2018" duration="0"/>
			<Sample nodeCount="34" insertCount="2097" extractCount="2085" duration="0"/>
			<Sample nodeCount="35" insertCount="2160" extractCount="2145" duration="1000000"/>
			<Sample nodeCount="36" insertCount="2221" extractCount="2207" duration="0"/>
			<Sample nodeCount="37" insertCount="2285" extractCount="2266" duration="0"/>
			<Sample nodeCount="38" insertCount="2346" extractCount="2328" duration="0"/>
			<Sample nodeCount="39" insertCount="2408" extractCount="2389" duration="1000000"/>
			<Sample nodeCount="40" insertCount="2471" extractCount="2449" duration="0"/>
			<Sample nodeCount="41" insertCount="2531" extractCount="2512" duration="0"/>
			<Sample nodeCount="42" insertCount="2593" extractCount="2573" duration="1000000"/>
			<Sample nodeCount="43" insertCount="2656" extractCount="2633" duration="0"/>
			<Sample nodeCount="44" insertCount="2717" extractCount="2695" duration="0"/>
			<Sample nodeCount="45" insertCount="2776" extractCount="2759" duration="0"/>
			<Sample nodeCount="46" insertCount="2840" extractCount="2818" duration="1000000"/>
			<Sample nodeCount="47" insertCount="2902" extractCount="2879" duration="0"/>
			<Sample nodeCount="48" insertCount="2966" extractCount="2938" duration="0"/>
			<Sample nodeCount="49" insertCount="3026" extractCount="3001" duration="1000000"/>
			<Sample nodeCount="50" insertCount="3084" extractCount="3066" duration="0"/>
			<Sample nodeCount="51" insertCount="3151" extractCount="3122" duration="0"/>
			<Sample nodeCount="52" insertCount="3209" extractCount="3187" duration="1000000"/>
			<Sample nodeCount="53" insertCount="3273" extractCount="3246" duration="0"/>
			<Sample nodeCount="54" insertCount="3337" extractCount="3305" duration="1000000"/>
			<Sample nodeCount="55" insertCount="3400" extractCount="3365" duration="0"/>
			<Sample nodeCount="56" insertCount="3458" extractCount="3430" duration="0"/>
			<Sample nodeCount="57" insertCount="3521" extractCount="3490" duration="1000000"/>
			<Sample nodeCount="58" insertCount="3580" extractCount="3554" duration="0"/>
			<Sample nodeCount="59" insertCount="3647" extractCount="3610" duration="1000000"/>
			<Sample nodeCount="60" insertCount="3706" extractCount="3674" duration="0"/>
			<Sample nodeCount="61" insertCount="3766" extractCount="3737" duration="0"/>
			<Sample nodeCount="62" insertCount="3828" extractCount="3798" duration="1000000"/>
			<Sample nodeCount="63" insertCount="3888" extractCount="3861" duration="0"/>
			<Sample nodeCount="64" insertCount="3952" extractCount="3920" duration="1000000"/>
			<Sample nodeCount="65" insertCount="4014" extractCount="3981" duration="0"/>
			<Sample nodeCount="66" insertCount="4077" extractCount="4041" duration="1000000"/>
			<Sample nodeCount="67" insertCount="4136" extractCount="4105" duration="0"/>
			<Sample nodeCount="68" insertCount="4200" extractCount="4164" duration="1000000"/>
			<Sample nodeCount="69" insertCount="4263" extractCount="4224" duration="0"/>
			<Sample nodeCount="70" insertCount="4325" extractCount="4285" duration="1000000"/>
			<Sample nodeCount="71" insertCount="4381" extractCount="4352" duration="0"/>
			<Sample nodeCount="72" insertCount="4448" extractCount="4408" duration="1000000"/>
			<Sample nodeCount="73" insertCount="4507" extractCount="4472" duration="0"/>
			<Sample nodeCount="74" insertCount="4571" extractCount="4531" duration="1000000"/>
			<Sample nodeCount="75" insertCount="4631" extractCount="4594" duration="1000000"/>
			<Sample nodeCount="76" insertCount="4693" extractCount="4655" duration="0"/>
			<Sample nodeCount="77" insertCount="4755" extractCount="4716" duration="1000000"/>
			<Sample nodeCount="78" insertCount="4817" extractCount="4777" duration="0"/>
			<Sample nodeCount="79" insertCount="4877" extractCount="4840" duration="1000000"/>
			<Sample nodeCount="80" insertCount="4942" extractCount="4898" duration="0"/>
			<Sample nodeCount="81" insertCount="5002" extractCount="4961" duration="1000000"/>
			<Sample nodeCount="82" insertCount="5063" extractCount="5023" duration="1000000"/>
			<Sample nodeCount="83" insertCount="5124" extractCount="5085" duration="0"/>
			<Sample nodeCount="84" insertCount="5187" extractCount="5145" duration="1000000"/>
			<Sample nodeCount="85" insertCount="5250" extractCount="5205" duration="0"/>
			<Sample nodeCount="86" insertCount="5314" extractCount="5264" duration="1000000"/>
			<Sample nodeCount="87" insertCount="5374" extractCount="5327" duration="1000000"/>
			<Sample nodeCount="88" insertCount="5432" extractCount="5392" duration="0"/>
			<Sample nodeCount="89" insertCount="5490" extractCount="5457" duration="1000000"/>
			<Sample nodeCount="90" insertCount="5559" extractCount="5511" duration="1000000"/>
			<Sample nodeCount="91" insertCount="5621" extractCount="5572" duration="0"/>
			<Sample nodeCount="92" insertCount="5680" extractCount="5636" duration="1000000"/>
			<Sample nodeCount="93" insertCount="5740" extractCount="5699" duration="1000000"/>
			<Sample nodeCount="94" insertCount="5803" extractCount="5759" duration="0"/>
			<Sample nodeCount="95" insertCount="5862" extractCount="5823" duration="1000000"/>
			<Sample nodeCount="96" insertCount="5929" extractCount="5879" duration="1000000"/>
			<Sample nodeCount="97" insertCount="5993" extractCount="5938" duration="1000000"/>
			<Sample nodeCount="98" insertCount="6055" extractCount="5999" duration="0"/>
			<Sample nodeCount="99" insertCount="6113" extractCount="6064" duration="1000000"/>
			<Sample nodeCount="100" insertCount="6172" extractCount="6128" duration="1000000"/>
			<Sample nodeCount="101" insertCount="6238" extractCount="6185" duration="1000000"/>
			<Sample nodeCount="102" insertCount="6299" extractCount="6247" duration="0"/>
			<Sample nodeCount="103" insertCount="6363" extractCount="6306" duration="1000000"/>
			<Sample nodeCount="104" insertCount="6426" extractCount="6366" duration="1000000"/>
			<Sample nodeCount="105" insertCount="6481" extractCount="6434" duration="1000000"/>
			<Sample nodeCount="106" insertCount="6544" extractCount="6494" duration="1000000"/>
			<Sample nodeCount="107" insertCount="6607" extractCount="6554" duration="0"/>
			<Sample nodeCount="108" insertCount="6669" extractCount="6615" duration="1000000"/>
			<Sample nodeCount="109" insertCount="6732" extractCount="6675" duration="1000000"/>
			<Sample nodeCount="110" insertCount="6794" extractCount="6736" duration="1000000"/>
			<Sample nodeCount="111" insertCount="6852" extractCount="6801" duration="1000000"/>
			<Sample nodeCount="112" insertCount="6918" extractCount="6858" duration="0"/>
			<Sample nodeCount="113" insertCount="6981" extractCount="6918" duration="1000000"/>
			<Sample nodeCount="114" insertCount="7041" extractCount="6981" duration="1000000"/>
			<Sample nodeCount="115" insertCount="7103" extractCount="7042" duration="1000000"/>
			<Sample nodeCount="116" insertCount="7164" extractCount="7104" duration="1000000"/>
			<Sample nodeCount="117" insertCount="7225" extractCount="7166" duration="1000000"/>
			<Sample nodeCount="118" insertCount="7291" extractCount="7223" duration="1000000"/>
			<Sample nodeCount="119" insertCount="7350" extractCount="7287" duration="1000000"/>
			<Sample nodeCount="120" insertCount="7410" extractCount="7350" duration="0"/>
			<Sample nodeCount="121" insertCount="7471" extractCount="7412" duration="1000000"/>
			<Sample nodeCount="122" insertCount="7537" extractCount="7469" duration="1000000"/>
			<Sample nodeCount="123" insertCount="7593" extractCount="7536" duration="1000000"/>
			<Sample nodeCount="124" insertCount="7658" extractCount="7594" duration="1000000"/>
			<Sample nodeCount="125" insertCount="7718" extractCount="7657" duration="1000000"/>
			<Sample nodeCount="126" insertCount="7781" extractCount="7717" duration="1000000"/>
			<Sample nodeCount="127" insertCount="7840" extractCount="7781" duration="1000000"/>
		</SmallSetRandomOps>
		<LargeSetRandomOps>
		</LargeSetRandomOps>
		<SmallSetLinear>
			<Sample nodeCount="1" insertCount="10000" extractCount="10000" duration="0"/>
			<Sample nodeCount="2" insertCount="10000" extractCount="10000" duration="0"/>
			<Sample nodeCount="3" insertCount="10000" extractCount="10000" duration="1000000"/>
			<Sample nodeCount="4" insertCount="10000" extractCount="10000" duration="0"/>
			<Sample nodeCount="5" insertCount="10000" extractCount="10000" duration="1000000"/>
			<Sample nodeCount="6" insertCount="10000" extractCount="10000" duration="2000000"/>
			<Sample nodeCount="7" insertCount="10000" extractCount="10000" duration="1000000"/>
			<Sample nodeCount="8" insertCount="10000" extractCount="10000" duration="2000000"/>
			<Sample nodeCount="9" insertCount="10000" extractCount="10000" duration="3000000"/>
			<Sample nodeCount="10" insertCount="10000" extractCount="10000" duration="2000000"/>
			<Sample nodeCount="11" insertCount="10000" extractCount="10000" duration="3000000"/>
			<Sample nodeCount="12" insertCount="10000" extractCount="10000" duration="4000000"/>
			<Sample nodeCount="13" insertCount="10000" extractCount="10000" duration="4000000"/>
			<Sample nodeCount="14" insertCount="10000" extractCount="10000" duration="4000000"/>
			<Sample nodeCount="15" insertCount="10000" extractCount="10000" duration="5000000"/>
			<Sample nodeCount="16" insertCount="10000" extractCount="10000" duration="5000000"/>
			<Sample nodeCount="17" insertCount="10000" extractCount="10000" duration="6000000"/>
			<Sample nodeCount="18" insertCount="10000" extractCount="10000" duration="6000000"/>
			<Sample nodeCount="19" insertCount="10000" extractCount="10000" duration="7000000"/>
			<Sample nodeCount="20" insertCount="10000" extractCount="10000" duration="8000000"/>
			<Sample nodeCount="21" insertCount="10000" extractCount="10000" duration="7000000"/>
			<Sample nodeCount="22" insertCount="10000" extractCount="10000" duration="9000000"/>
			<Sample nodeCount="23" insertCount="10000" extractCount="10000" duration="8000000"/>
			<Sample nodeCount="24" insertCount="10000" extractCount="10000" duration="10000000"/>
			<Sample nodeCount="25" insertCount="10000" extractCount="10000" duration="10000000"/>
			<Sample nodeCount="26" insertCount="10000" extractCount="10000" duration="11000000"/>
			<Sample nodeCount="27" insertCount="10000" extractCount="10000" duration="11000000"/>
			<Sample nodeCount="28" insertCount="10000" extractCount="10000" duration="11000000"/>
			<Sample nodeCount="29" insertCount="10000" extractCount="10000" duration="12000000"/>
			<Sample nodeCount="30" insertCount="10000" extractCount="10000" duration="13000000"/>
			<Sample nodeCount="31" insertCount="10000" extractCount="10000" duration="13000000"/>
			<Sample nodeCount="32" insertCount="10000" extractCount="10000" duration="14000000"/>
			<Sample nodeCount="33" insertCount="10000" extractCount="10000" duration="14000000"/>
			<Sample nodeCount="34" insertCount="10000" extractCount="10000" duration="15000000"/>
			<Sample nodeCount="35" insertCount="10000" extractCount="10000" duration="16000000"/>
			<Sample nodeCount="36" insertCount="10000" extractCount="10000" duration="16000000"/>
			<Sample nodeCount="37" insertCount="10000" extractCount="10000" duration="17000000"/>
			<Sample nodeCount="38" insertCount="10000" extractCount="10000" duration="17000000"/>
			<Sample nodeCount="39" insertCount="10000" extractCount="10000" duration="19000000"/>
			<Sample nodeCount="40" insertCount="10000" extractCount="10000" duration="18000000"/>
			<Sample nodeCount="41" insertCount="10000" extractCount="10000" duration="20000000"/>
			<Sample nodeCount="42" insertCount="10000" extractCount="10000" duration="19000000"/>
			<Sample nodeCount="43" insertCount="10000" extractCount="10000" duration="21000000"/>
			<Sample nodeCount="44" insertCount="10000" extractCount="10000" duration="21000000"/>
			<Sample nodeCount="45" insertCount="10000" extractCount="10000" duration="22000000"/>
			<Sample nodeCount="46" insertCount="10000" extractCount="10000" duration="22000000"/>
			<Sample nodeCount="47" insertCount="10000" extractCount="10000" duration="23000000"/>
			<Sample nodeCount="48" insertCount="10000" extractCount="10000" duration="24000000"/>
			<Sample nodeCount="49" insertCount="10000" extractCount="10000" duration="25000000"/>
			<Sample nodeCount="50" insertCount="10000" extractCount="10000" duration="25000000"/>
			<Sample nodeCount="51" insertCount="10000" extractCount="10000" duration="26000000"/>
			<Sample nodeCount="52" insertCount="10000" extractCount="10000" duration="26000000"/>
			<Sample nodeCount="53" insertCount="10000" extractCount="10000" duration="27000000"/>
			<Sample nodeCount="54" insertCount="10000" extractCount="10000" duration="27000000"/>
			<Sample nodeCount="55" insertCount="10000" extractCount="10000" duration="29000000"/>
			<Sample nodeCount="56" insertCount="10000" extractCount="10000" duration="29000000"/>
			<Sample nodeCount="57" insertCount="10000" extractCount="10000" duration="29000000"/>
			<Sample nodeCount="58" insertCount="10000" extractCount="10000" duration="30000000"/>
			<Sample nodeCount="59" insertCount="10000" extractCount="10000" duration="31000000"/>
			<Sample nodeCount="60" insertCount="10000" extractCount="10000" duration="32000000"/>
			<Sample nodeCount="61" insertCount="10000" extractCount="10000" duration="32000000"/>
			<Sample nodeCount="62" insertCount="10000" extractCount="10000" duration="33000000"/>
			<Sample nodeCount="63" insertCount="10000" extractCount="10000" duration="34000000"/>
			<Sample nodeCount="64" insertCount="10000" extractCount="10000" duration="34000000"/>
			<Sample nodeCount="65" insertCount="10000" extractCount="10000" duration="35000000"/>
			<Sample nodeCount="66" insertCount="10000" extractCount="10000" duration="36000000"/>
			<Sample nodeCount="67" insertCount="10000" extractCount="10000" duration="37000000"/>
			<Sample nodeCount="68" insertCount="10000" extractCount="10000" duration="37000000"/>
			<Sample nodeCount="69" insertCount="10000" extractCount="10000" duration="38000000"/>
			<Sample nodeCount="70" insertCount="10000" extractCount="10000" duration="39000000"/>
			<Sample nodeCount="71" insertCount="10000" extractCount="10000" duration="39000000"/>
			<Sample nodeCount="72" insertCount="10000" extractCount="10000" duration="41000000"/>
			<Sample nodeCount="73" insertCount="10000" extractCount="10000" duration="41000000"/>
			<Sample nodeCount="74" insertCount="10000" extractCount="10000" duration="42000000"/>
			<Sample nodeCount="75" insertCount="10000" extractCount="10000" duration="43000000"/>
			<Sample nodeCount="76" insertCount="10000" extractCount="10000" duration="43000000"/>
			<Sample nodeCount="77" insertCount="10000" extractCount="10000" duration="45000000"/>
			<Sample nodeCount="78" insertCount="10000" extractCount="10000" duration="45000000"/>
			<Sample nodeCount="79" insertCount="10000" extractCount="10000" duration="46000000"/>
			<Sample nodeCount="80" insertCount="10000" extractCount="10000" duration="46000000"/>
			<Sample nodeCount="81" insertCount="10000" extractCount="10000" duration="47000000"/>
			<Sample nodeCount="82" insertCount="10000" extractCount="10000" duration="48000000"/>
			<Sample nodeCount="83" insertCount="10000" extractCount="10000" duration="48000000"/>
			<Sample nodeCount="84" insertCount="10000" extractCount="10000" duration="50000000"/>
			<Sample nodeCount="85" insertCount="10000" extractCount="10000" duration="49000000"/>
			<Sample nodeCount="86" insertCount="10000" extractCount="10000" duration="52000000"/>
			<Sample nodeCount="87" insertCount="10000" extractCount="10000" duration="52000000"/>
			<Sample nodeCount="88" insertCount="10000" extractCount="10000" duration="52000000"/>
			<Sample nodeCount="89" insertCount="10000" extractCount="10000" duration="54000000"/>
			<Sample nodeCount="90" insertCount="10000" extractCount="10000" duration="54000000"/>
			<Sample nodeCount="91" insertCount="10000" extractCount="10000" duration="55000000"/>
			<Sample nodeCount="92" insertCount="10000" extractCount="10000" duration="55000000"/>
			<Sample nodeCount="93" insertCount="10000" extractCount="10000" duration="56000000"/>
			<Sample nodeCount="94" insertCount="10000" extractCount="10000" duration="57000000"/>
			<Sample nodeCount="95" insertCount="10000" extractCount="10000" duration="58000000"/>
			<Sample nodeCount="96" insertCount="10000" extractCount="10000" duration="59000000"/>
			<Sample nodeCount="97" insertCount="10000" extractCount="10000" duration="60000000"/>
			<Sample nodeCount="98" insertCount="10000" extractCount="10000" duration="60000000"/>
			<Sample nodeCount="99" insertCount="10000" extractCount="10000" duration="61000000"/>
			<Sample nodeCount="100" insertCount="10000" extractCount="10000" duration="62000000"/>
			<Sample nodeCount="101" insertCount="10000" extractCount="10000" duration="62000000"/>
			<Sample nodeCount="102" insertCount="10000" extractCount="10000" duration="64000000"/>
			<Sample nodeCount="103" insertCount="10000" extractCount="10000" duration="64000000"/>
			<Sample nodeCount="104" insertCount="10000" extractCount="10000" duration="65000000"/>
			<Sample nodeCount="105" insertCount="10000" extractCount="10000" duration="66000000"/>
			<Sample nodeCount="106" insertCount="10000" extractCount="10000" duration="66000000"/>
			<Sample nodeCount="107" insertCount="10000" extractCount="10000" duration="68000000"/>
			<Sample nodeCount="108" insertCount="10000" extractCount="10000" duration="68000000"/>
			<Sample nodeCount="109" insertCount="10000" extractCount="10000" duration="69000000"/>
			<Sample nodeCount="110" insertCount="10000" extractCount="10000" duration="70000000"/>
			<Sample nodeCount="111" insertCount="10000" extractCount="10000" duration="71000000"/>
			<Sample nodeCount="112" insertCount="10000" extractCount="10000" duration="72000000"/>
			<Sample nodeCount="113" insertCount="10000" extractCount="10000" duration="72000000"/>
			<Sample nodeCount="114" insertCount="10000" extractCount="10000" duration="73000000"/>
			<Sample nodeCount="115" insertCount="10000" extractCount="10000" duration="74000000"/>
			<Sample nodeCount="116" insertCount="10000" extractCount="10000" duration="74000000"/>
			<Sample nodeCount="117" insertCount="10000" extractCount="10000" duration="76000000"/>
			<Sample nodeCount="118" insertCount="10000" extractCount="10000" duration="77000000"/>
			<Sample nodeCount="119" insertCount="10000" extractCount="10000" duration="77000000"/>
			<Sample nodeCount="120" insertCount="10000" extractCount="10000" duration="79000000"/>
			<Sample nodeCount="121" insertCount="10000" extractCount="10000" duration="78000000"/>
			<Sample nodeCount="122" insertCount="10000" extractCount="10000" duration="80000000"/>
			<Sample nodeCount="123" insertCount="10000" extractCount="10000" duration="80000000"/>
			<Sample nodeCount="124" insertCount="10000" extractCount="10000" duration="81000000"/>
			<Sample nodeCount="125" insertCount="10000" extractCount="10000" duration="82000000"/>
			<Sample nodeCount="126" insertCount="10000" extractCount="10000" duration="83000000"/>
			<Sample nodeCount="127" insertCount="10000" extractCount="10000" duration="85000000"/>
		</SmallSetLinear>
		<LargeSetLinear>
		</LargeSetLinear>
	</RBTest>
</RBTestCollection>
