<RBTestCollection platform="Linux" compiler="GCC 7.4.1" timeUnit="ns">
	<RBTest implementation="LLRB" nodeSize="32">
		<SmallSetRandomOps>
			<Sample nodeCount="1" insertCount="62" extractCount="61" duration="5000"/>
			<Sample nodeCount="2" insertCount="123" extractCount="123" duration="9000"/>
			<Sample nodeCount="3" insertCount="186" extractCount="183" duration="15000"/>
			<Sample nodeCount="4" insertCount="247" extractCount="245" duration="22000"/>
			<Sample nodeCount="5" insertCount="309" extractCount="306" duration="33000"/>
			<Sample nodeCount="6" insertCount="370" extractCount="368" duration="44000"/>
			<Sample nodeCount="7" insertCount="433" extractCount="428" duration="61000"/>
			<Sample nodeCount="8" insertCount="493" extractCount="491" duration="77000"/>
			<Sample nodeCount="9" insertCount="557" extractCount="550" duration="92000"/>
			<Sample nodeCount="10" insertCount="619" extractCount="611" duration="87000"/>
			<Sample nodeCount="11" insertCount="680" extractCount="673" duration="99000"/>
			<Sample nodeCount="12" insertCount="740" extractCount="736" duration="117000"/>
			<Sample nodeCount="13" insertCount="803" extractCount="796" duration="135000"/>
			<Sample nodeCount="14" insertCount="864" extractCount="858" duration="142000"/>
			<Sample nodeCount="15" insertCount="927" extractCount="918" duration="150000"/>
			<Sample nodeCount="16" insertCount="988" extractCount="980" duration="169000"/>
			<Sample nodeCount="17" insertCount="1050" extractCount="1041" duration="211000"/>
			<Sample nodeCount="18" insertCount="1113" extractCount="1101" duration="196000"/>
			<Sample nodeCount="19" insertCount="1172" extractCount="1165" duration="206000"/>
			<Sample nodeCount="20" insertCount="1237" extractCount="1223" duration="224000"/>
			<Sample nodeCount="21" insertCount="1296" extractCount="1287" duration="232000"/>
			<Sample nodeCount="22" insertCount="1359" extractCount="1347" duration="252000"/>
			<Sample nodeCount="23" insertCount="1419" extractCount="1410" duration="260000"/>
			<Sample nodeCount="24" insertCount="1484" extractCount="1468" duration="274000"/>
			<Sample nodeCount="25" insertCount="1544" extractCount="1531" duration="291000"/>
			<Sample nodeCount="26" insertCount="1604" extractCount="1594" duration="333000"/>
			<Sample nodeCount="27" insertCount="1668" extractCount="1653" duration="349000"/>
			<Sample nodeCount="28" insertCount="1729" extractCount="1715" duration="341000"/>
			<Sample nodeCount="29" insertCount="1790" extractCount="1777" duration="355000"/>
			<Sample nodeCount="30" insertCount="1851" extractCount="1839" duration="378000"/>
			<Sample nodeCount="31" insertCount="1914" extractCount="1899" duration="397000"/>
			<Sample nodeCount="32" insertCount="1977" extractCount="1959" duration="405000"/>
			<Sample nodeCount="33" insertCount="2041" extractCount="2018" duration="419000"/>
			<Sample nodeCount="34" insertCount="2097" extractCount="2085" duration="438000"/>
			<Sample nodeCount="35" insertCount="2160" extractCount="2145" duration="462000"/>
			<Sample nodeCount="36" insertCount="2221" extractCount="2207" duration="497000"/>
			<Sample nodeCount="37" insertCount="2285" extractCount="2266" duration="490000"/>
			<Sample nodeCount="38" insertCount="2346" extractCount="2328" duration="512000"/>
			<Sample nodeCount="39" insertCount="2408" extractCount="2389" duration="592000"/>
			<Sample nodeCount="40" insertCount="2471" extractCount="2449" duration="564000"/>
			<Sample nodeCount="41" insertCount="2531" extractCount="2512" duration="593000"/>
			<Sample nodeCount="42" insertCount="2593" extractCount="2573" duration="611000"/>
			<Sample nodeCount="43" insertCount="2656" extractCount="2633" duration="612000"/>
			<Sample nodeCount="44" insertCount="2717" extractCount="2695" duration="621000"/>
			<Sample nodeCount="45" insertCount="2776" extractCount="2759" duration="640000"/>
			<Sample nodeCount="46" insertCount="2840" extractCount="2818" duration="657000"/>
			<Sample nodeCount="47" insertCount="2902" extractCount="2879" duration="672000"/>
			<Sample nodeCount="48" insertCount="2966" extractCount="2938" duration="691000"/>
			<Sample nodeCount="49" insertCount="3026" extractCount="3001" duration="751000"/>
			<Sample nodeCount="50" insertCount="3084" extractCount="3066" duration="727000"/>
			<Sample nodeCount="51" insertCount="3151" extractCount="3122" duration="807000"/>
			<Sample nodeCount="52" insertCount="3209" extractCount="3187" duration="799000"/>
			<Sample nodeCount="53" insertCount="3273" extractCount="3246" duration="881000"/>
			<Sample nodeCount="54" insertCount="3337" extractCount="3305" duration="797000"/>
			<Sample nodeCount="55" insertCount="3400" extractCount="3365" duration="852000"/>
			<Sample nodeCount="56" insertCount="3458" extractCount="3430" duration="895000"/>
			<Sample nodeCount="57" insertCount="3521" extractCount="3490" duration="853000"/>
			<Sample nodeCount="58" insertCount="3580" extractCount="3554" duration="876000"/>
			<Sample nodeCount="59" insertCount="3647" extractCount="3610" duration="900000"/>
			<Sample nodeCount="60" insertCount="3706" extractCount="3674" duration="915000"/>
			<Sample nodeCount="61" insertCount="3766" extractCount="3737" duration="963000"/>
			<Sample nodeCount="62" insertCount="3828" extractCount="3798" duration="1047000"/>
			<Sample nodeCount="63" insertCount="3888" extractCount="3861" duration="995000"/>
			<Sample nodeCount="64" insertCount="3952" extractCount="3920" duration="986000"/>
			<Sample nodeCount="65" insertCount="4014" extractCount="3981" duration="1049000"/>
			<Sample nodeCount="66" insertCount="4077" extractCount="4041" duration="1051000"/>
			<Sample nodeCount="67" insertCount="4136" extractCount="4105" duration="1092000"/>
			<Sample nodeCount="68" insertCount="4200" extractCount="4164" duration="1114000"/>
			<Sample nodeCount="69" insertCount="4263" extractCount="4224" duration="1118000"/>
			<Sample nodeCount="70" insertCount="4325" extractCount="4285" duration="1124000"/>
			<Sample nodeCount="71" insertCount="4381" extractCount="4352" duration="1136000"/>
			<Sample nodeCount="72" insertCount="4448" extractCount="4408" duration="1189000"/>
			<Sample nodeCount="73" insertCount="4507" extractCount="4472" duration="1169000"/>
			<Sample nodeCount="74" insertCount="4571" extractCount="4531" duration="1176000"/>
			<Sample nodeCount="75" insertCount="4631" extractCount="4594" duration="1248000"/>
			<Sample nodeCount="76" insertCount="4693" extractCount="4655" duration="1219000"/>
			<Sample nodeCount="77" insertCount="4755" extractCount="4716" duration="1310000"/>
			<Sample nodeCount="78" insertCount="4817" extractCount="4777" duration="1269000"/>
			<Sample nodeCount="79" insertCount="4877" extractCount="4840" duration="1289000"/>
			<Sample nodeCount="80" insertCount="4942" extractCount="4898" duration="1321000"/>
			<Sample nodeCount="81" insertCount="5002" extractCount="4961" duration="1372000"/>
			<Sample nodeCount="82" insertCount="5063" extractCount="5023" duration="1423000"/>
			<Sample nodeCount="83" insertCount="5124" extractCount="5085" duration="1378000"/>
			<Sample nodeCount="84" insertCount="5187" extractCount="5145" duration="1431000"/>
			<Sample nodeCount="85" insertCount="5250" extractCount="5205" duration="1424000"/>
			<Sample nodeCount="86" insertCount="5314" extractCount="5264" duration="1470000"/>
			<Sample nodeCount="87" insertCount="5374" extractCount="5327" duration="1557000"/>
			<Sample nodeCount="88" insertCount="5432" extractCount="5392" duration="1482000"/>
			<Sample nodeCount="89" insertCount="5490" extractCount="5457" duration="1598000"/>
			<Sample nodeCount="90" insertCount="5559" extractCount="5511" duration="1546000"/>
			<Sample nodeCount="91" insertCount="5621" extractCount="5572" duration="1535000"/>
			<Sample nodeCount="92" insertCount="5680" extractCount="5636" duration="1572000"/>
			<Sample nodeCount="93" insertCount="5740" extractCount="5699" duration="1647000"/>
			<Sample nodeCount="94" insertCount="5803" extractCount="5759" duration="1606000"/>
			<Sample nodeCount="95" insertCount="5862" extractCount="5823" duration="1671000"/>
			<Sample nodeCount="96" insertCount="5929" extractCount="5879" duration="1652000"/>
			<Sample nodeCount="97" insertCount="5993" extractCount="5938" duration="1734000"/>
			<Sample nodeCount="98" insertCount="6055" extractCount="5999" duration="1695000"/>
			<Sample nodeCount="99" insertCount="6113" extractCount="6064" duration="1787000"/>
			<Sample nodeCount="100" insertCount="6172" extractCount="6128" duration="1743000"/>
			<Sample nodeCount="101" insertCount="6238" extractCount="6185" duration="1767000"/>
			<Sample nodeCount="102" insertCount="6299" extractCount="6247" duration="1778000"/>
			<Sample nodeCount="103" insertCount="6363" extractCount="6306" duration="1836000"/>
			<Sample nodeCount="104" insertCount="6426" extractCount="6366" duration="1890000"/>
			<Sample nodeCount="105" insertCount="6481" extractCount="6434" duration="1886000"/>
			<Sample nodeCount="106" insertCount="6544" extractCount="6494" duration="1931000"/>
			<Sample nodeCount="107" insertCount="6607" extractCount="6554" duration="1937000"/>
			<Sample nodeCount="108" insertCount="6669" extractCount="6615" duration="2020000"/>
			<Sample nodeCount="109" insertCount="6732" extractCount="6675" duration="2076000"/>
			<Sample nodeCount="110" insertCount="6794" extractCount="6736" duration="2064000"/>
			<Sample nodeCount="111" insertCount="6852" extractCount="6801" duration="2086000"/>
			<Sample nodeCount="112" insertCount="6918" extractCount="6858" duration="2121000"/>
			<Sample nodeCount="113" insertCount="6981" extractCount="6918" duration="2211000"/>
			<Sample nodeCount="114" insertCount="7041" extractCount="6981" duration="2242000"/>
			<Sample nodeCount="115" insertCount="7103" extractCount="7042" duration="2213000"/>
			<Sample nodeCount="116" insertCount="7164" extractCount="7104" duration="2271000"/>
			<Sample nodeCount="117" insertCount="7225" extractCount="7166" duration="2168000"/>
			<Sample nodeCount="118" insertCount="7291" extractCount="7223" duration="2145000"/>
			<Sample nodeCount="119" insertCount="7350" extractCount="7287" duration="2209000"/>
			<Sample nodeCount="120" insertCount="7410" extractCount="7350" duration="2188000"/>
			<Sample nodeCount="121" insertCount="7471" extractCount="7412" duration="2348000"/>
			<Sample nodeCount="122" insertCount="7537" extractCount="7469" duration="2295000"/>
			<Sample nodeCount="123" insertCount="7593" extractCount="7536" duration="2367000"/>
			<Sample nodeCount="124" insertCount="7658" extractCount="7594" duration="2283000"/>
			<Sample nodeCount="125" insertCount="7718" extractCount="7657" duration="2361000"/>
			<Sample nodeCount="126" insertCount="7781" extractCount="7717" duration="2312000"/>
			<Sample nodeCount="127" insertCount="7840" extractCount="7781" duration="2325000"/>
		</SmallSetRandomOps>
		<LargeSetRandomOps>
		</LargeSetRandomOps>
		<SmallSetLinear>
			<Sample nodeCount="1" insertCount="10000" extractCount="10000" duration="126000"/>
			<Sample nodeCount="2" insertCount="10000" extractCount="10000" duration="390000"/>
			<Sample nodeCount="3" insertCount="10000" extractCount="10000" duration="719000"/>
			<Sample nodeCount="4" insertCount="10000" extractCount="10000" duration="1092000"/>
			<Sample nodeCount="5" insertCount="10000" extractCount="10000" duration="1733000"/>
			<Sample nodeCount="6" insertCount="10000" extractCount="10000" duration="1966000"/>
			<Sample nodeCount="7" insertCount="10000" extractCount="10000" duration="2753000"/>
			<Sample nodeCount="8" insertCount="10000" extractCount="10000" duration="3150000"/>
			<Sample nodeCount="9" insertCount="10000" extractCount="10000" duration="3911000"/>
			<Sample nodeCount="10" insertCount="10000" extractCount="10000" duration="4280000"/>
			<Sample nodeCount="11" insertCount="10000" extractCount="10000" duration="5296000"/>
			<Sample nodeCount="12" insertCount="10000" extractCount="10000" duration="5653000"/>
			<Sample nodeCount="13" insertCount="10000" extractCount="10000" duration="6585000"/>
			<Sample nodeCount="14" insertCount="10000" extractCount="10000" duration="6997000"/>
			<Sample nodeCount="15" insertCount="10000" extractCount="10000" duration="8591000"/>
			<Sample nodeCount="16" insertCount="10000" extractCount="10000" duration="8882000"/>
			<Sample nodeCount="17" insertCount="10000" extractCount="10000" duration="9741000"/>
			<Sample nodeCount="18" insertCount="10000" extractCount="10000" duration="10203000"/>
			<Sample nodeCount="19" insertCount="10000" extractCount="10000" duration="11930000"/>
			<Sample nodeCount="20" insertCount="10000" extractCount="10000" duration="12301000"/>
			<Sample nodeCount="21" insertCount="10000" extractCount="10000" duration="13611000"/>
			<Sample nodeCount="22" insertCount="10000" extractCount="10000" duration="13417000"/>
			<Sample nodeCount="23" insertCount="10000" extractCount="10000" duration="15180000"/>
			<Sample nodeCount="24" insertCount="10000" extractCount="10000" duration="15698000"/>
			<Sample nodeCount="25" insertCount="10000" extractCount="10000" duration="16680000"/>
			<Sample nodeCount="26" insertCount="10000" extractCount="10000" duration="17019000"/>
			<Sample nodeCount="27" insertCount="10000" extractCount="10000" duration="18929000"/>
			<Sample nodeCount="28" insertCount="10000" extractCount="10000" duration="19354000"/>
			<Sample nodeCount="29" insertCount="10000" extractCount="10000" duration="20336000"/>
			<Sample nodeCount="30" insertCount="10000" extractCount="10000" duration="21051000"/>
			<Sample nodeCount="31" insertCount="10000" extractCount="10000" duration="23817000"/>
			<Sample nodeCount="32" insertCount="10000" extractCount="10000" duration="23903000"/>
			<Sample nodeCount="33" insertCount="10000" extractCount="10000" duration="24599000"/>
			<Sample nodeCount="34" insertCount="10000" extractCount="10000" duration="24965000"/>
			<Sample nodeCount="35" insertCount="10000" extractCount="10000" duration="27081000"/>
			<Sample nodeCount="36" insertCount="10000" extractCount="10000" duration="27372000"/>
			<Sample nodeCount="37" insertCount="10000" extractCount="10000" duration="28309000"/>
			<Sample nodeCount="38" insertCount="10000" extractCount="10000" duration="29561000"/>
			<Sample nodeCount="39" insertCount="10000" extractCount="10000" duration="31843000"/>
			<Sample nodeCount="40" insertCount="10000" extractCount="10000" duration="31833000"/>
			<Sample nodeCount="41" insertCount="10000" extractCount="10000" duration="32833000"/>
			<Sample nodeCount="42" insertCount="10000" extractCount="10000" duration="33480000"/>
			<Sample nodeCount="43" insertCount="10000" extractCount="10000" duration="35182000"/>
			<Sample nodeCount="44" insertCount="10000" extractCount="10000" duration="35854000"/>
			<Sample nodeCount="45" insertCount="10000" extractCount="10000" duration="36620000"/>
			<Sample nodeCount="46" insertCount="10000" extractCount="10000" duration="37283000"/>
			<Sample nodeCount="47" insertCount="10000" extractCount="10000" duration="41605000"/>
			<Sample nodeCount="48" insertCount="10000" extractCount="10000" duration="41406000"/>
			<Sample nodeCount="49" insertCount="10000" extractCount="10000" duration="42187000"/>
			<Sample nodeCount="50" insertCount="10000" extractCount="10000" duration="43225000"/>
			<Sample nodeCount="51" insertCount="10000" extractCount="10000" duration="45692000"/>
			<Sample nodeCount="52" insertCount="10000" extractCount="10000" duration="45142000"/>
			<Sample nodeCount="53" insertCount="10000" extractCount="10000" duration="45772000"/>
			<Sample nodeCount="54" insertCount="10000" extractCount="10000" duration="46244000"/>
			<Sample nodeCount="55" insertCount="10000" extractCount="10000" duration="49873000"/>
			<Sample nodeCount="56" insertCount="10000" extractCount="10000" duration="50325000"/>
			<Sample nodeCount="57" insertCount="10000" extractCount="10000" duration="51161000"/>
			<Sample nodeCount="58" insertCount="10000" extractCount="10000" duration="52792000"/>
			<Sample nodeCount="59" insertCount="10000" extractCount="10000" duration="53656000"/>
			<Sample nodeCount="60" insertCount="10000" extractCount="10000" duration="54081000"/>
			<Sample nodeCount="61" insertCount="10000" extractCount="10000" duration="56245000"/>
			<Sample nodeCount="62" insertCount="10000" extractCount="10000" duration="56635000"/>
			<Sample nodeCount="63" insertCount="10000" extractCount="10000" duration="62072000"/>
			<Sample nodeCount="64" insertCount="10000" extractCount="10000" duration="62620000"/>
			<Sample nodeCount="65" insertCount="10000" extractCount="10000" duration="64008000"/>
			<Sample nodeCount="66" insertCount="10000" extractCount="10000" duration="63144000"/>
			<Sample nodeCount="67" insertCount="10000" extractCount="10000" duration="65480000"/>
			<Sample nodeCount="68" insertCount="10000" extractCount="10000" duration="66484000"/>
			<Sample nodeCount="69" insertCount="10000" extractCount="10000" duration="67647000"/>
			<Sample nodeCount="70" insertCount="10000" extractCount="10000" duration="67410000"/>
			<Sample nodeCount="71" insertCount="10000" extractCount="10000" duration="70539000"/>
			<Sample nodeCount="72" insertCount="10000" extractCount="10000" duration="70688000"/>
			<Sample nodeCount="73" insertCount="10000" extractCount="10000" duration="71628000"/>
			<Sample nodeCount="74" insertCount="10000" extractCount="10000" duration="72083000"/>
			<Sample nodeCount="75" insertCount="10000" extractCount="10000" duration="74418000"/>
			<Sample nodeCount="76" insertCount="10000" extractCount="10000" duration="76041000"/>
			<Sample nodeCount="77" insertCount="10000" extractCount="10000" duration="75905000"/>
			<Sample nodeCount="78" insertCount="10000" extractCount="10000" duration="76223000"/>
			<Sample nodeCount="79" insertCount="10000" extractCount="10000" duration="82967000"/>
			<Sample nodeCount="80" insertCount="10000" extractCount="10000" duration="82955000"/>
			<Sample nodeCount="81" insertCount="10000" extractCount="10000" duration="84414000"/>
			<Sample nodeCount="82" insertCount="10000" extractCount="10000" duration="85848000"/>
			<Sample nodeCount="83" insertCount="10000" extractCount="10000" duration="87133000"/>
			<Sample nodeCount="84" insertCount="10000" extractCount="10000" duration="87461000"/>
			<Sample nodeCount="85" insertCount="10000" extractCount="10000" duration="92307000"/>
			<Sample nodeCount="86" insertCount="10000" extractCount="10000" duration="90104000"/>
			<Sample nodeCount="87" insertCount="10000" extractCount="10000" duration="93038000"/>
			<Sample nodeCount="88" insertCount="10000" extractCount="10000" duration="93798000"/>
			<Sample nodeCount="89" insertCount="10000" extractCount="10000" duration="94161000"/>
			<Sample nodeCount="90" insertCount="10000" extractCount="10000" duration="94553000"/>
			<Sample nodeCount="91" insertCount="10000" extractCount="10000" duration="96793000"/>
			<Sample nodeCount="92" insertCount="10000" extractCount="10000" duration="97283000"/>
			<Sample nodeCount="93" insertCount="10000" extractCount="10000" duration="99690000"/>
			<Sample nodeCount="94" insertCount="10000" extractCount="10000" duration="99401000"/>
			<Sample nodeCount="95" insertCount="10000" extractCount="10000" duration="109250000"/>
			<Sample nodeCount="96" insertCount="10000" extractCount="10000" duration="108891000"/>
			<Sample nodeCount="97" insertCount="10000" extractCount="10000" duration="111001000"/>
			<Sample nodeCount="98" insertCount="10000" extractCount="10000" duration="112144000"/>
			<Sample nodeCount="99" insertCount="10000" extractCount="10000" duration="113247000"/>
			<Sample nodeCount="100" insertCount="10000" extractCount="10000" duration="112800000"/>
			<Sample nodeCount="101" insertCount="10000" extractCount="10000" duration="115172000"/>
			<Sample nodeCount="102" insertCount="10000" extractCount="10000" duration="116570000"/>
			<Sample nodeCount="103" insertCount="10000" extractCount="10000" duration="118190000"/>
			<Sample nodeCount="104" insertCount="10000" extractCount="10000" duration="118163000"/>
			<Sample nodeCount="105" insertCount="10000" extractCount="10000" duration="121679000"/>
			<Sample nodeCount="106" insertCount="10000" extractCount="10000" duration="121886000"/>
			<Sample nodeCount="107" insertCount="10000" extractCount="10000" duration="123433000"/>
			<Sample nodeCount="108" insertCount="10000" extractCount="10000" duration="123612000"/>
			<Sample nodeCount="109" insertCount="10000" extractCount="10000" duration="125034000"/>
			<Sample nodeCount="110" insertCount="10000" extractCount="10000" duration="126310000"/>
			<Sample nodeCount="111" insertCount="10000" extractCount="10000" duration="129871000"/>
			<Sample nodeCount="112" insertCount="10000" extractCount="10000" duration="130279000"/>
			<Sample nodeCount="113" insertCount="10000" extractCount="10000" duration="131977000"/>
			<Sample nodeCount="114" insertCount="10000" extractCount="10000" duration="133201000"/>
			<Sample nodeCount="115" insertCount="10000" extractCount="10000" duration="134528000"/>
			<Sample nodeCount="116" insertCount="10000" extractCount="10000" duration="135474000"/>
			<Sample nodeCount="117" insertCount="10000" extractCount="10000" duration="136698000"/>
			<Sample nodeCount="118" insertCount="10000" extractCount="10000" duration="137787000"/>
			<Sample nodeCount="119" insertCount="10000" extractCount="10000" duration="139707000"/>
			<Sample nodeCount="120" insertCount="10000" extractCount="10000" duration="140514000"/>
			<Sample nodeCount="121" insertCount="10000" extractCount="10000" duration="141740000"/>
			<Sample nodeCount="122" insertCount="10000" extractCount="10000" duration="141503000"/>
			<Sample nodeCount="123" insertCount="10000" extractCount="10000" duration="144268000"/>
			<Sample nodeCount="124" insertCount="10000" extractCount="10000" duration="145301000"/>
			<Sample nodeCount="125" insertCount="10000" extractCount="10000" duration="148091000"/>
			<Sample nodeCount="126" insertCount="10000" extractCount="10000" duration="147485000"/>
			<Sample nodeCount="127" insertCount="10000" extractCount="10000" duration="173132000"/>
		</SmallSetLinear>
		<LargeSetLinear>
		</LargeSetLinear>
	</RBTest>
	<RBTest implementation="Eternally Confuzzled" nodeSize="24">
		<SmallSetRandomOps>
			<Sample nodeCount="1" insertCount="62" extractCount="61" duration="4000"/>
			<Sample nodeCount="2" insertCount="123" extractCount="123" duration="7000"/>
			<Sample nodeCount="3" insertCount="185" extractCount="184" duration="13000"/>
			<Sample nodeCount="4" insertCount="247" extractCount="245" duration="19000"/>
			<Sample nodeCount="5" insertCount="309" extractCount="306" duration="26000"/>
			<Sample nodeCount="6" insertCount="371" extractCount="367" duration="32000"/>
			<Sample nodeCount="7" insertCount="432" extractCount="429" duration="40000"/>
			<Sample nodeCount="8" insertCount="494" extractCount="490" duration="46000"/>
			<Sample nodeCount="9" insertCount="554" extractCount="553" duration="56000"/>
			<Sample nodeCount="10" insertCount="619" extractCount="611" duration="64000"/>
			<Sample nodeCount="11" insertCount="680" extractCount="673" duration="73000"/>
			<Sample nodeCount="12" insertCount="741" extractCount="735" duration="84000"/>
			<Sample nodeCount="13" insertCount="803" extractCount="796" duration="90000"/>
			<Sample nodeCount="14" insertCount="866" extractCount="856" duration="120000"/>
			<Sample nodeCount="15" insertCount="927" extractCount="918" duration="116000"/>
			<Sample nodeCount="16" insertCount="987" extractCount="981" duration="119000"/>
			<Sample nodeCount="17" insertCount="1050" extractCount="1041" duration="131000"/>
			<Sample nodeCount="18" insertCount="1113" extractCount="1101" duration="137000"/>
			<Sample nodeCount="19" insertCount="1173" extractCount="1164" duration="147000"/>
			<Sample nodeCount="20" insertCount="1235" extractCount="1225" duration="158000"/>
			<Sample nodeCount="21" insertCount="1295" extractCount="1288" duration="180000"/>
			<Sample nodeCount="22" insertCount="1359" extractCount="1347" duration="176000"/>
			<Sample nodeCount="23" insertCount="1421" extractCount="1408" duration="193000"/>
			<Sample nodeCount="24" insertCount="1482" extractCount="1470" duration="211000"/>
			<Sample nodeCount="25" insertCount="1544" extractCount="1531" duration="212000"/>
			<Sample nodeCount="26" insertCount="1606" extractCount="1592" duration="255000"/>
			<Sample nodeCount="27" insertCount="1667" extractCount="1654" duration="245000"/>
			<Sample nodeCount="28" insertCount="1730" extractCount="1714" duration="251000"/>
			<Sample nodeCount="29" insertCount="1790" extractCount="1777" duration="268000"/>
			<Sample nodeCount="30" insertCount="1853" extractCount="1837" duration="264000"/>
			<Sample nodeCount="31" insertCount="1915" extractCount="1898" duration="292000"/>
			<Sample nodeCount="32" insertCount="1976" extractCount="1960" duration="293000"/>
			<Sample nodeCount="33" insertCount="2035" extractCount="2024" duration="332000"/>
			<Sample nodeCount="34" insertCount="2099" extractCount="2083" duration="316000"/>
			<Sample nodeCount="35" insertCount="2163" extractCount="2142" duration="328000"/>
			<Sample nodeCount="36" insertCount="2221" extractCount="2207" duration="337000"/>
			<Sample nodeCount="37" insertCount="2285" extractCount="2266" duration="356000"/>
			<Sample nodeCount="38" insertCount="2348" extractCount="2326" duration="369000"/>
			<Sample nodeCount="39" insertCount="2407" extractCount="2390" duration="381000"/>
			<Sample nodeCount="40" insertCount="2469" extractCount="2451" duration="419000"/>
			<Sample nodeCount="41" insertCount="2531" extractCount="2512" duration="403000"/>
			<Sample nodeCount="42" insertCount="2594" extractCount="2572" duration="414000"/>
			<Sample nodeCount="43" insertCount="2655" extractCount="2634" duration="425000"/>
			<Sample nodeCount="44" insertCount="2717" extractCount="2695" duration="440000"/>
			<Sample nodeCount="45" insertCount="2778" extractCount="2757" duration="446000"/>
			<Sample nodeCount="46" insertCount="2842" extractCount="2816" duration="460000"/>
			<Sample nodeCount="47" insertCount="2903" extractCount="2878" duration="466000"/>
			<Sample nodeCount="48" insertCount="2963" extractCount="2941" duration="477000"/>
			<Sample nodeCount="49" insertCount="3027" extractCount="3000" duration="492000"/>
			<Sample nodeCount="50" insertCount="3085" extractCount="3065" duration="500000"/>
			<Sample nodeCount="51" insertCount="3148" extractCount="3125" duration="538000"/>
			<Sample nodeCount="52" insertCount="3210" extractCount="3186" duration="550000"/>
			<Sample nodeCount="53" insertCount="3270" extractCount="3249" duration="538000"/>
			<Sample nodeCount="54" insertCount="3333" extractCount="3309" duration="591000"/>
			<Sample nodeCount="55" insertCount="3394" extractCount="3371" duration="618000"/>
			<Sample nodeCount="56" insertCount="3457" extractCount="3431" duration="570000"/>
			<Sample nodeCount="57" insertCount="3521" extractCount="3490" duration="588000"/>
			<Sample nodeCount="58" insertCount="3583" extractCount="3551" duration="594000"/>
			<Sample nodeCount="59" insertCount="3645" extractCount="3612" duration="620000"/>
			<Sample nodeCount="60" insertCount="3706" extractCount="3674" duration="625000"/>
			<Sample nodeCount="61" insertCount="3768" extractCount="3735" duration="642000"/>
			<Sample nodeCount="62" insertCount="3827" extractCount="3799" duration="654000"/>
			<Sample nodeCount="63" insertCount="3893" extractCount="3856" duration="669000"/>
			<Sample nodeCount="64" insertCount="3953" extractCount="3919" duration="682000"/>
			<Sample nodeCount="65" insertCount="4013" extractCount="3982" duration="716000"/>
			<Sample nodeCount="66" insertCount="4076" extractCount="4042" duration="728000"/>
			<Sample nodeCount="67" insertCount="4138" extractCount="4103" duration="726000"/>
			<Sample nodeCount="68" insertCount="4195" extractCount="4169" duration="743000"/>
			<Sample nodeCount="69" insertCount="4261" extractCount="4226" duration="745000"/>
			<Sample nodeCount="70" insertCount="4321" extractCount="4289" duration="767000"/>
			<Sample nodeCount="71" insertCount="4387" extractCount="4346" duration="784000"/>
			<Sample nodeCount="72" insertCount="4451" extractCount="4405" duration="803000"/>
			<Sample nodeCount="73" insertCount="4507" extractCount="4472" duration="815000"/>
			<Sample nodeCount="74" insertCount="4569" extractCount="4533" duration="880000"/>
			<Sample nodeCount="75" insertCount="4633" extractCount="4592" duration="893000"/>
			<Sample nodeCount="76" insertCount="4693" extractCount="4655" duration="894000"/>
			<Sample nodeCount="77" insertCount="4754" extractCount="4717" duration="902000"/>
			<Sample nodeCount="78" insertCount="4814" extractCount="4780" duration="976000"/>
			<Sample nodeCount="79" insertCount="4878" extractCount="4839" duration="946000"/>
			<Sample nodeCount="80" insertCount="4940" extractCount="4900" duration="940000"/>
			<Sample nodeCount="81" insertCount="5003" extractCount="4960" duration="963000"/>
			<Sample nodeCount="82" insertCount="5065" extractCount="5021" duration="982000"/>
			<Sample nodeCount="83" insertCount="5126" extractCount="5083" duration="1024000"/>
			<Sample nodeCount="84" insertCount="5190" extractCount="5142" duration="1013000"/>
			<Sample nodeCount="85" insertCount="5246" extractCount="5209" duration="983000"/>
			<Sample nodeCount="86" insertCount="5311" extractCount="5267" duration="1043000"/>
			<Sample nodeCount="87" insertCount="5372" extractCount="5329" duration="1023000"/>
			<Sample nodeCount="88" insertCount="5432" extractCount="5392" duration="1043000"/>
			<Sample nodeCount="89" insertCount="5494" extractCount="5453" duration="1047000"/>
			<Sample nodeCount="90" insertCount="5561" extractCount="5509" duration="1072000"/>
			<Sample nodeCount="91" insertCount="5619" extractCount="5574" duration="1110000"/>
			<Sample nodeCount="92" insertCount="5682" extractCount="5634" duration="1129000"/>
			<Sample nodeCount="93" insertCount="5743" extractCount="5696" duration="1258000"/>
			<Sample nodeCount="94" insertCount="5802" extractCount="5760" duration="1153000"/>
			<Sample nodeCount="95" insertCount="5865" extractCount="5820" duration="1172000"/>
			<Sample nodeCount="96" insertCount="5931" extractCount="5877" duration="1182000"/>
			<Sample nodeCount="97" insertCount="5988" extractCount="5943" duration="1190000"/>
			<Sample nodeCount="98" insertCount="6054" extractCount="6000" duration="1236000"/>
			<Sample nodeCount="99" insertCount="6113" extractCount="6064" duration="1217000"/>
			<Sample nodeCount="100" insertCount="6177" extractCount="6123" duration="1252000"/>
			<Sample nodeCount="101" insertCount="6235" extractCount="6188" duration="1286000"/>
			<Sample nodeCount="102" insertCount="6299" extractCount="6247" duration="1299000"/>
			<Sample nodeCount="103" insertCount="6360" extractCount="6309" duration="1292000"/>
			<Sample nodeCount="104" insertCount="6426" extractCount="6366" duration="1315000"/>
			<Sample nodeCount="105" insertCount="6484" extractCount="6431" duration="1374000"/>
			<Sample nodeCount="106" insertCount="6548" extractCount="6490" duration="1328000"/>
			<Sample nodeCount="107" insertCount="6610" extractCount="6551" duration="1402000"/>
			<Sample nodeCount="108" insertCount="6668" extractCount="6616" duration="1372000"/>
			<Sample nodeCount="109" insertCount="6732" extractCount="6675" duration="1378000"/>
			<Sample nodeCount="110" insertCount="6793" extractCount="6737" duration="1401000"/>
			<Sample nodeCount="111" insertCount="6853" extractCount="6800" duration="1423000"/>
			<Sample nodeCount="112" insertCount="6916" extractCount="6860" duration="1473000"/>
			<Sample nodeCount="113" insertCount="6976" extractCount="6923" duration="1452000"/>
			<Sample nodeCount="114" insertCount="7037" extractCount="6985" duration="1458000"/>
			<Sample nodeCount="115" insertCount="7102" extractCount="7043" duration="1481000"/>
			<Sample nodeCount="116" insertCount="7162" extractCount="7106" duration="1588000"/>
			<Sample nodeCount="117" insertCount="7223" extractCount="7168" duration="1547000"/>
			<Sample nodeCount="118" insertCount="7287" extractCount="7227" duration="1600000"/>
			<Sample nodeCount="119" insertCount="7350" extractCount="7287" duration="1634000"/>
			<Sample nodeCount="120" insertCount="7407" extractCount="7353" duration="1651000"/>
			<Sample nodeCount="121" insertCount="7472" extractCount="7411" duration="1622000"/>
			<Sample nodeCount="122" insertCount="7532" extractCount="7474" duration="1659000"/>
			<Sample nodeCount="123" insertCount="7596" extractCount="7533" duration="1654000"/>
			<Sample nodeCount="124" insertCount="7659" extractCount="7593" duration="1663000"/>
			<Sample nodeCount="125" insertCount="7721" extractCount="7654" duration="1719000"/>
			<Sample nodeCount="126" insertCount="7778" extractCount="7720" duration="1686000"/>
			<Sample nodeCount="127" insertCount="7839" extractCount="7782" duration="1853000"/>
		</SmallSetRandomOps>
		<LargeSetRandomOps>
		</LargeSetRandomOps>
		<SmallSetLinear>
			<Sample nodeCount="1" insertCount="10000" extractCount="10000" duration="144000"/>
			<Sample nodeCount="2" insertCount="10000" extractCount="10000" duration="420000"/>
			<Sample nodeCount="3" insertCount="10000" extractCount="10000" duration="875000"/>
			<Sample nodeCount="4" insertCount="10000" extractCount="10000" duration="1270000"/>
			<Sample nodeCount="5" insertCount="10000" extractCount="10000" duration="1898000"/>
			<Sample nodeCount="6" insertCount="10000" extractCount="10000" duration="2029000"/>
			<Sample nodeCount="7" insertCount="10000" extractCount="10000" duration="2594000"/>
			<Sample nodeCount="8" insertCount="10000" extractCount="10000" duration="3051000"/>
			<Sample nodeCount="9" insertCount="10000" extractCount="10000" duration="3802000"/>
			<Sample nodeCount="10" insertCount="10000" extractCount="10000" duration="4409000"/>
			<Sample nodeCount="11" insertCount="10000" extractCount="10000" duration="5232000"/>
			<Sample nodeCount="12" insertCount="10000" extractCount="10000" duration="6724000"/>
			<Sample nodeCount="13" insertCount="10000" extractCount="10000" duration="5860000"/>
			<Sample nodeCount="14" insertCount="10000" extractCount="10000" duration="7121000"/>
			<Sample nodeCount="15" insertCount="10000" extractCount="10000" duration="9662000"/>
			<Sample nodeCount="16" insertCount="10000" extractCount="10000" duration="8746000"/>
			<Sample nodeCount="17" insertCount="10000" extractCount="10000" duration="9947000"/>
			<Sample nodeCount="18" insertCount="10000" extractCount="10000" duration="11918000"/>
			<Sample nodeCount="19" insertCount="10000" extractCount="10000" duration="11008000"/>
			<Sample nodeCount="20" insertCount="10000" extractCount="10000" duration="12922000"/>
			<Sample nodeCount="21" insertCount="10000" extractCount="10000" duration="13284000"/>
			<Sample nodeCount="22" insertCount="10000" extractCount="10000" duration="14275000"/>
			<Sample nodeCount="23" insertCount="10000" extractCount="10000" duration="15214000"/>
			<Sample nodeCount="24" insertCount="10000" extractCount="10000" duration="15461000"/>
			<Sample nodeCount="25" insertCount="10000" extractCount="10000" duration="22125000"/>
			<Sample nodeCount="26" insertCount="10000" extractCount="10000" duration="18458000"/>
			<Sample nodeCount="27" insertCount="10000" extractCount="10000" duration="21357000"/>
			<Sample nodeCount="28" insertCount="10000" extractCount="10000" duration="21325000"/>
			<Sample nodeCount="29" insertCount="10000" extractCount="10000" duration="23439000"/>
			<Sample nodeCount="30" insertCount="10000" extractCount="10000" duration="31799000"/>
			<Sample nodeCount="31" insertCount="10000" extractCount="10000" duration="31077000"/>
			<Sample nodeCount="32" insertCount="10000" extractCount="10000" duration="32544000"/>
			<Sample nodeCount="33" insertCount="10000" extractCount="10000" duration="34619000"/>
			<Sample nodeCount="34" insertCount="10000" extractCount="10000" duration="38394000"/>
			<Sample nodeCount="35" insertCount="10000" extractCount="10000" duration="38736000"/>
			<Sample nodeCount="36" insertCount="10000" extractCount="10000" duration="41375000"/>
			<Sample nodeCount="37" insertCount="10000" extractCount="10000" duration="42247000"/>
			<Sample nodeCount="38" insertCount="10000" extractCount="10000" duration="40451000"/>
			<Sample nodeCount="39" insertCount="10000" extractCount="10000" duration="42287000"/>
			<Sample nodeCount="40" insertCount="10000" extractCount="10000" duration="45611000"/>
			<Sample nodeCount="41" insertCount="10000" extractCount="10000" duration="49434000"/>
			<Sample nodeCount="42" insertCount="10000" extractCount="10000" duration="51189000"/>
			<Sample nodeCount="43" insertCount="10000" extractCount="10000" duration="53786000"/>
			<Sample nodeCount="44" insertCount="10000" extractCount="10000" duration="54732000"/>
			<Sample nodeCount="45" insertCount="10000" extractCount="10000" duration="56290000"/>
			<Sample nodeCount="46" insertCount="10000" extractCount="10000" duration="59971000"/>
			<Sample nodeCount="47" insertCount="10000" extractCount="10000" duration="57998000"/>
			<Sample nodeCount="48" insertCount="10000" extractCount="10000" duration="61325000"/>
			<Sample nodeCount="49" insertCount="10000" extractCount="10000" duration="64012000"/>
			<Sample nodeCount="50" insertCount="10000" extractCount="10000" duration="65191000"/>
			<Sample nodeCount="51" insertCount="10000" extractCount="10000" duration="65794000"/>
			<Sample nodeCount="52" insertCount="10000" extractCount="10000" duration="67760000"/>
			<Sample nodeCount="53" insertCount="10000" extractCount="10000" duration="71103000"/>
			<Sample nodeCount="54" insertCount="10000" extractCount="10000" duration="73186000"/>
			<Sample nodeCount="55" insertCount="10000" extractCount="10000" duration="74695000"/>
			<Sample nodeCount="56" insertCount="10000" extractCount="10000" duration="75732000"/>
			<Sample nodeCount="57" insertCount="10000" extractCount="10000" duration="78322000"/>
			<Sample nodeCount="58" insertCount="10000" extractCount="10000" duration="79591000"/>
			<Sample nodeCount="59" insertCount="10000" extractCount="10000" duration="80193000"/>
			<Sample nodeCount="60" insertCount="10000" extractCount="10000" duration="84681000"/>
			<Sample nodeCount="61" insertCount="10000" extractCount="10000" duration="84790000"/>
			<Sample nodeCount="62" insertCount="10000" extractCount="10000" duration="85983000"/>
			<Sample nodeCount="63" insertCount="10000" extractCount="10000" duration="88181000"/>
			<Sample nodeCount="64" insertCount="10000" extractCount="10000" duration="89048000"/>
			<Sample nodeCount="65" insertCount="10000" extractCount="10000" duration="92140000"/>
			<Sample nodeCount="66" insertCount="10000" extractCount="10000" duration="94262000"/>
			<Sample nodeCount="67" insertCount="10000" extractCount="10000" duration="95797000"/>
			<Sample nodeCount="68" insertCount="10000" extractCount="10000" duration="98247000"/>
			<Sample nodeCount="69" insertCount="10000" extractCount="10000" duration="100892000"/>
			<Sample nodeCount="70" insertCount="10000" extractCount="10000" duration="101758000"/>
			<Sample nodeCount="71" insertCount="10000" extractCount="10000" duration="103208000"/>
			<Sample nodeCount="72" insertCount="10000" extractCount="10000" duration="104339000"/>
			<Sample nodeCount="73" insertCount="10000" extractCount="10000" duration="106370000"/>
			<Sample nodeCount="74" insertCount="10000" extractCount="10000" duration="108528000"/>
			<Sample nodeCount="75" insertCount="10000" extractCount="10000" duration="110459000"/>
			<Sample nodeCount="76" insertCount="10000" extractCount="10000" duration="113826000"/>
			<Sample nodeCount="77" insertCount="10000" extractCount="10000" duration="114084000"/>
			<Sample nodeCount="78" insertCount="10000" extractCount="10000" duration="115360000"/>
			<Sample nodeCount="79" insertCount="10000" extractCount="10000" duration="117474000"/>
			<Sample nodeCount="80" insertCount="10000" extractCount="10000" duration="119732000"/>
			<Sample nodeCount="81" insertCount="10000" extractCount="10000" duration="122098000"/>
			<Sample nodeCount="82" insertCount="10000" extractCount="10000" duration="123228000"/>
			<Sample nodeCount="83" insertCount="10000" extractCount="10000" duration="124762000"/>
			<Sample nodeCount="84" insertCount="10000" extractCount="10000" duration="127814000"/>
			<Sample nodeCount="85" insertCount="10000" extractCount="10000" duration="128829000"/>
			<Sample nodeCount="86" insertCount="10000" extractCount="10000" duration="131415000"/>
			<Sample nodeCount="87" insertCount="10000" extractCount="10000" duration="131520000"/>
			<Sample nodeCount="88" insertCount="10000" extractCount="10000" duration="135079000"/>
			<Sample nodeCount="89" insertCount="10000" extractCount="10000" duration="131094000"/>
			<Sample nodeCount="90" insertCount="10000" extractCount="10000" duration="138422000"/>
			<Sample nodeCount="91" insertCount="10000" extractCount="10000" duration="140895000"/>
			<Sample nodeCount="92" insertCount="10000" extractCount="10000" duration="142680000"/>
			<Sample nodeCount="93" insertCount="10000" extractCount="10000" duration="144037000"/>
			<Sample nodeCount="94" insertCount="10000" extractCount="10000" duration="145714000"/>
			<Sample nodeCount="95" insertCount="10000" extractCount="10000" duration="149294000"/>
			<Sample nodeCount="96" insertCount="10000" extractCount="10000" duration="148953000"/>
			<Sample nodeCount="97" insertCount="10000" extractCount="10000" duration="151394000"/>
			<Sample nodeCount="98" insertCount="10000" extractCount="10000" duration="155177000"/>
			<Sample nodeCount="99" insertCount="10000" extractCount="10000" duration="154227000"/>
			<Sample nodeCount="100" insertCount="10000" extractCount="10000" duration="156143000"/>
			<Sample nodeCount="101" insertCount="10000" extractCount="10000" duration="158634000"/>
			<Sample nodeCount="102" insertCount="10000" extractCount="10000" duration="159873000"/>
			<Sample nodeCount="103" insertCount="10000" extractCount="10000" duration="161075000"/>
			<Sample nodeCount="104" insertCount="10000" extractCount="10000" duration="163633000"/>
			<Sample nodeCount="105" insertCount="10000" extractCount="10000" duration="165751000"/>
			<Sample nodeCount="106" insertCount="10000" extractCount="10000" duration="167075000"/>
			<Sample nodeCount="107" insertCount="10000" extractCount="10000" duration="169352000"/>
			<Sample nodeCount="108" insertCount="10000" extractCount="10000" duration="171381000"/>
			<Sample nodeCount="109" insertCount="10000" extractCount="10000" duration="173402000"/>
			<Sample nodeCount="110" insertCount="10000" extractCount="10000" duration="174516000"/>
			<Sample nodeCount="111" insertCount="10000" extractCount="10000" duration="177657000"/>
			<Sample nodeCount="112" insertCount="10000" extractCount="10000" duration="179942000"/>
			<Sample nodeCount="113" insertCount="10000" extractCount="10000" duration="181682000"/>
			<Sample nodeCount="114" insertCount="10000" extractCount="10000" duration="183272000"/>
			<Sample nodeCount="115" insertCount="10000" extractCount="10000" duration="186408000"/>
			<Sample nodeCount="116" insertCount="10000" extractCount="10000" duration="190417000"/>
			<Sample nodeCount="117" insertCount="10000" extractCount="10000" duration="191467000"/>
			<Sample nodeCount="118" insertCount="10000" extractCount="10000" duration="193195000"/>
			<Sample nodeCount="119" insertCount="10000" extractCount="10000" duration="194329000"/>
			<Sample nodeCount="120" insertCount="10000" extractCount="10000" duration="199845000"/>
			<Sample nodeCount="121" insertCount="10000" extractCount="10000" duration="198305000"/>
			<Sample nodeCount="122" insertCount="10000" extractCount="10000" duration="200527000"/>
			<Sample nodeCount="123" insertCount="10000" extractCount="10000" duration="199840000"/>
			<Sample nodeCount="124" insertCount="10000" extractCount="10000" duration="208354000"/>
			<Sample nodeCount="125" insertCount="10000" extractCount="10000" duration="212584000"/>
			<Sample nodeCount="126" insertCount="10000" extractCount="10000" duration="216601000"/>
			<Sample nodeCount="127" insertCount="10000" extractCount="10000" duration="222033000"/>
		</SmallSetLinear>
		<LargeSetLinear>
		</LargeSetLinear>
	</RBTest>
	<RBTest implementation="RTEMS Compact" nodeSize="24">
		<SmallSetRandomOps>
			<Sample nodeCount="1" insertCount="62" extractCount="61" duration="4000"/>
			<Sample nodeCount="2" insertCount="123" extractCount="123" duration="9000"/>
			<Sample nodeCount="3" insertCount="186" extractCount="183" duration="16000"/>
			<Sample nodeCount="4" insertCount="247" extractCount="245" duration="23000"/>
			<Sample nodeCount="5" insertCount="309" extractCount="306" duration="45000"/>
			<Sample nodeCount="6" insertCount="370" extractCount="368" duration="53000"/>
			<Sample nodeCount="7" insertCount="433" extractCount="428" duration="64000"/>
			<Sample nodeCount="8" insertCount="493" extractCount="491" duration="58000"/>
			<Sample nodeCount="9" insertCount="557" extractCount="550" duration="72000"/>
			<Sample nodeCount="10" insertCount="619" extractCount="611" duration="76000"/>
			<Sample nodeCount="11" insertCount="680" extractCount="673" duration="85000"/>
			<Sample nodeCount="12" insertCount="740" extractCount="736" duration="101000"/>
			<Sample nodeCount="13" insertCount="803" extractCount="796" duration="103000"/>
			<Sample nodeCount="14" insertCount="864" extractCount="858" duration="122000"/>
			<Sample nodeCount="15" insertCount="927" extractCount="918" duration="114000"/>
			<Sample nodeCount="16" insertCount="988" extractCount="980" duration="122000"/>
			<Sample nodeCount="17" insertCount="1050" extractCount="1041" duration="131000"/>
			<Sample nodeCount="18" insertCount="1113" extractCount="1101" duration="152000"/>
			<Sample nodeCount="19" insertCount="1172" extractCount="1165" duration="151000"/>
			<Sample nodeCount="20" insertCount="1237" extractCount="1223" duration="157000"/>
			<Sample nodeCount="21" insertCount="1296" extractCount="1287" duration="164000"/>
			<Sample nodeCount="22" insertCount="1359" extractCount="1347" duration="173000"/>
			<Sample nodeCount="23" insertCount="1419" extractCount="1410" duration="180000"/>
			<Sample nodeCount="24" insertCount="1484" extractCount="1468" duration="204000"/>
			<Sample nodeCount="25" insertCount="1544" extractCount="1531" duration="200000"/>
			<Sample nodeCount="26" insertCount="1604" extractCount="1594" duration="207000"/>
			<Sample nodeCount="27" insertCount="1668" extractCount="1653" duration="215000"/>
			<Sample nodeCount="28" insertCount="1729" extractCount="1715" duration="225000"/>
			<Sample nodeCount="29" insertCount="1790" extractCount="1777" duration="245000"/>
			<Sample nodeCount="30" insertCount="1851" extractCount="1839" duration="239000"/>
			<Sample nodeCount="31" insertCount="1914" extractCount="1899" duration="252000"/>
			<Sample nodeCount="32" insertCount="1977" extractCount="1959" duration="261000"/>
			<Sample nodeCount="33" insertCount="2041" extractCount="2018" duration="280000"/>
			<Sample nodeCount="34" insertCount="2097" extractCount="2085" duration="289000"/>
			<Sample nodeCount="35" insertCount="2160" extractCount="2145" duration="298000"/>
			<Sample nodeCount="36" insertCount="2221" extractCount="2207" duration="307000"/>
			<Sample nodeCount="37" insertCount="2285" extractCount="2266" duration="317000"/>
			<Sample nodeCount="38" insertCount="2346" extractCount="2328" duration="321000"/>
			<Sample nodeCount="39" insertCount="2408" extractCount="2389" duration="328000"/>
			<Sample nodeCount="40" insertCount="2471" extractCount="2449" duration="342000"/>
			<Sample nodeCount="41" insertCount="2531" extractCount="2512" duration="350000"/>
			<Sample nodeCount="42" insertCount="2593" extractCount="2573" duration="359000"/>
			<Sample nodeCount="43" insertCount="2656" extractCount="2633" duration="371000"/>
			<Sample nodeCount="44" insertCount="2717" extractCount="2695" duration="374000"/>
			<Sample nodeCount="45" insertCount="2776" extractCount="2759" duration="386000"/>
			<Sample nodeCount="46" insertCount="2840" extractCount="2818" duration="393000"/>
			<Sample nodeCount="47" insertCount="2902" extractCount="2879" duration="405000"/>
			<Sample nodeCount="48" insertCount="2966" extractCount="2938" duration="411000"/>
			<Sample nodeCount="49" insertCount="3026" extractCount="3001" duration="423000"/>
			<Sample nodeCount="50" insertCount="3084" extractCount="3066" duration="446000"/>
			<Sample nodeCount="51" insertCount="3151" extractCount="3122" duration="457000"/>
			<Sample nodeCount="52" insertCount="3209" extractCount="3187" duration="534000"/>
			<Sample nodeCount="53" insertCount="3273" extractCount="3246" duration="509000"/>
			<Sample nodeCount="54" insertCount="3337" extractCount="3305" duration="496000"/>
			<Sample nodeCount="55" insertCount="3400" extractCount="3365" duration="497000"/>
			<Sample nodeCount="56" insertCount="3458" extractCount="3430" duration="506000"/>
			<Sample nodeCount="57" insertCount="3521" extractCount="3490" duration="518000"/>
			<Sample nodeCount="58" insertCount="3580" extractCount="3554" duration="521000"/>
			<Sample nodeCount="59" insertCount="3647" extractCount="3610" duration="534000"/>
			<Sample nodeCount="60" insertCount="3706" extractCount="3674" duration="568000"/>
			<Sample nodeCount="61" insertCount="3766" extractCount="3737" duration="610000"/>
			<Sample nodeCount="62" insertCount="3828" extractCount="3798" duration="565000"/>
			<Sample nodeCount="63" insertCount="3888" extractCount="3861" duration="568000"/>
			<Sample nodeCount="64" insertCount="3952" extractCount="3920" duration="579000"/>
			<Sample nodeCount="65" insertCount="4014" extractCount="3981" duration="592000"/>
			<Sample nodeCount="66" insertCount="4077" extractCount="4041" duration="603000"/>
			<Sample nodeCount="67" insertCount="4136" extractCount="4105" duration="607000"/>
			<Sample nodeCount="68" insertCount="4200" extractCount="4164" duration="623000"/>
			<Sample nodeCount="69" insertCount="4263" extractCount="4224" duration="605000"/>
			<Sample nodeCount="70" insertCount="4325" extractCount="4285" duration="609000"/>
			<Sample nodeCount="71" insertCount="4381" extractCount="4352" duration="628000"/>
			<Sample nodeCount="72" insertCount="4448" extractCount="4408" duration="632000"/>
			<Sample nodeCount="73" insertCount="4507" extractCount="4472" duration="675000"/>
			<Sample nodeCount="74" insertCount="4571" extractCount="4531" duration="648000"/>
			<Sample nodeCount="75" insertCount="4631" extractCount="4594" duration="692000"/>
			<Sample nodeCount="76" insertCount="4693" extractCount="4655" duration="669000"/>
			<Sample nodeCount="77" insertCount="4755" extractCount="4716" duration="683000"/>
			<Sample nodeCount="78" insertCount="4817" extractCount="4777" duration="724000"/>
			<Sample nodeCount="79" insertCount="4877" extractCount="4840" duration="699000"/>
			<Sample nodeCount="80" insertCount="4942" extractCount="4898" duration="775000"/>
			<Sample nodeCount="81" insertCount="5002" extractCount="4961" duration="719000"/>
			<Sample nodeCount="82" insertCount="5063" extractCount="5023" duration="727000"/>
			<Sample nodeCount="83" insertCount="5124" extractCount="5085" duration="741000"/>
			<Sample nodeCount="84" insertCount="5187" extractCount="5145" duration="756000"/>
			<Sample nodeCount="85" insertCount="5250" extractCount="5205" duration="777000"/>
			<Sample nodeCount="86" insertCount="5314" extractCount="5264" duration="801000"/>
			<Sample nodeCount="87" insertCount="5374" extractCount="5327" duration="822000"/>
			<Sample nodeCount="88" insertCount="5432" extractCount="5392" duration="804000"/>
			<Sample nodeCount="89" insertCount="5490" extractCount="5457" duration="800000"/>
			<Sample nodeCount="90" insertCount="5559" extractCount="5511" duration="804000"/>
			<Sample nodeCount="91" insertCount="5621" extractCount="5572" duration="860000"/>
			<Sample nodeCount="92" insertCount="5680" extractCount="5636" duration="828000"/>
			<Sample nodeCount="93" insertCount="5740" extractCount="5699" duration="865000"/>
			<Sample nodeCount="94" insertCount="5803" extractCount="5759" duration="866000"/>
			<Sample nodeCount="95" insertCount="5862" extractCount="5823" duration="888000"/>
			<Sample nodeCount="96" insertCount="5929" extractCount="5879" duration="866000"/>
			<Sample nodeCount="97" insertCount="5993" extractCount="5938" duration="879000"/>
			<Sample nodeCount="98" insertCount="6055" extractCount="5999" duration="934000"/>
			<Sample nodeCount="99" insertCount="6113" extractCount="6064" duration="900000"/>
			<Sample nodeCount="100" insertCount="6172" extractCount="6128" duration="1017000"/>
			<Sample nodeCount="101" insertCount="6238" extractCount="6185" duration="951000"/>
			<Sample nodeCount="102" insertCount="6299" extractCount="6247" duration="958000"/>
			<Sample nodeCount="103" insertCount="6363" extractCount="6306" duration="973000"/>
			<Sample nodeCount="104" insertCount="6426" extractCount="6366" duration="994000"/>
			<Sample nodeCount="105" insertCount="6481" extractCount="6434" duration="1049000"/>
			<Sample nodeCount="106" insertCount="6544" extractCount="6494" duration="999000"/>
			<Sample nodeCount="107" insertCount="6607" extractCount="6554" duration="1010000"/>
			<Sample nodeCount="108" insertCount="6669" extractCount="6615" duration="1023000"/>
			<Sample nodeCount="109" insertCount="6732" extractCount="6675" duration="1024000"/>
			<Sample nodeCount="110" insertCount="6794" extractCount="6736" duration="1033000"/>
			<Sample nodeCount="111" insertCount="6852" extractCount="6801" duration="1046000"/>
			<Sample nodeCount="112" insertCount="6918" extractCount="6858" duration="1038000"/>
			<Sample nodeCount="113" insertCount="6981" extractCount="6918" duration="1054000"/>
			<Sample nodeCount="114" insertCount="7041" extractCount="6981" duration="1055000"/>
			<Sample nodeCount="115" insertCount="7103" extractCount="7042" duration="1101000"/>
			<Sample nodeCount="116" insertCount="7164" extractCount="7104" duration="1087000"/>
			<Sample nodeCount="117" insertCount="7225" extractCount="7166" duration="1071000"/>
			<Sample nodeCount="118" insertCount="7291" extractCount="7223" duration="1074000"/>
			<Sample nodeCount="119" insertCount="7350" extractCount="7287" duration="1120000"/>
			<Sample nodeCount="120" insertCount="7410" extractCount="7350" duration="1093000"/>
			<Sample nodeCount="121" insertCount="7471" extractCount="7412" duration="1213000"/>
			<Sample nodeCount="122" insertCount="7537" extractCount="7469" duration="1110000"/>
			<Sample nodeCount="123" insertCount="7593" extractCount="7536" duration="1166000"/>
			<Sample nodeCount="124" insertCount="7658" extractCount="7594" duration="1129000"/>
			<Sample nodeCount="125" insertCount="7718" extractCount="7657" duration="1140000"/>
			<Sample nodeCount="126" insertCount="7781" extractCount="7717" duration="1147000"/>
			<Sample nodeCount="127" insertCount="7840" extractCount="7781" duration="1161000"/>
		</SmallSetRandomOps>
		<LargeSetRandomOps>
		</LargeSetRandomOps>
		<SmallSetLinear>
			<Sample nodeCount="1" insertCount="10000" extractCount="10000" duration="237000"/>
			<Sample nodeCount="2" insertCount="10000" extractCount="10000" duration="500000"/>
			<Sample nodeCount="3" insertCount="10000" extractCount="10000" duration="835000"/>
			<Sample nodeCount="4" insertCount="10000" extractCount="10000" duration="1585000"/>
			<Sample nodeCount="5" insertCount="10000" extractCount="10000" duration="1838000"/>
			<Sample nodeCount="6" insertCount="10000" extractCount="10000" duration="2278000"/>
			<Sample nodeCount="7" insertCount="10000" extractCount="10000" duration="2872000"/>
			<Sample nodeCount="8" insertCount="10000" extractCount="10000" duration="3523000"/>
			<Sample nodeCount="9" insertCount="10000" extractCount="10000" duration="4115000"/>
			<Sample nodeCount="10" insertCount="10000" extractCount="10000" duration="4886000"/>
			<Sample nodeCount="11" insertCount="10000" extractCount="10000" duration="5580000"/>
			<Sample nodeCount="12" insertCount="10000" extractCount="10000" duration="6288000"/>
			<Sample nodeCount="13" insertCount="10000" extractCount="10000" duration="6959000"/>
			<Sample nodeCount="14" insertCount="10000" extractCount="10000" duration="7757000"/>
			<Sample nodeCount="15" insertCount="10000" extractCount="10000" duration="8423000"/>
			<Sample nodeCount="16" insertCount="10000" extractCount="10000" duration="11315000"/>
			<Sample nodeCount="17" insertCount="10000" extractCount="10000" duration="10172000"/>
			<Sample nodeCount="18" insertCount="10000" extractCount="10000" duration="11045000"/>
			<Sample nodeCount="19" insertCount="10000" extractCount="10000" duration="11826000"/>
			<Sample nodeCount="20" insertCount="10000" extractCount="10000" duration="12801000"/>
			<Sample nodeCount="21" insertCount="10000" extractCount="10000" duration="13620000"/>
			<Sample nodeCount="22" insertCount="10000" extractCount="10000" duration="14636000"/>
			<Sample nodeCount="23" insertCount="10000" extractCount="10000" duration="16164000"/>
			<Sample nodeCount="24" insertCount="10000" extractCount="10000" duration="16319000"/>
			<Sample nodeCount="25" insertCount="10000" extractCount="10000" duration="17162000"/>
			<Sample nodeCount="26" insertCount="10000" extractCount="10000" duration="18670000"/>
			<Sample nodeCount="27" insertCount="10000" extractCount="10000" duration="19224000"/>
			<Sample nodeCount="28" insertCount="10000" extractCount="10000" duration="22743000"/>
			<Sample nodeCount="29" insertCount="10000" extractCount="10000" duration="21400000"/>
			<Sample nodeCount="30" insertCount="10000" extractCount="10000" duration="22222000"/>
			<Sample nodeCount="31" insertCount="10000" extractCount="10000" duration="23820000"/>
			<Sample nodeCount="32" insertCount="10000" extractCount="10000" duration="27436000"/>
			<Sample nodeCount="33" insertCount="10000" extractCount="10000" duration="25427000"/>
			<Sample nodeCount="34" insertCount="10000" extractCount="10000" duration="27655000"/>
			<Sample nodeCount="35" insertCount="10000" extractCount="10000" duration="27631000"/>
			<Sample nodeCount="36" insertCount="10000" extractCount="10000" duration="29678000"/>
			<Sample nodeCount="37" insertCount="10000" extractCount="10000" duration="31077000"/>
			<Sample nodeCount="38" insertCount="10000" extractCount="10000" duration="31322000"/>
			<Sample nodeCount="39" insertCount="10000" extractCount="10000" duration="31965000"/>
			<Sample nodeCount="40" insertCount="10000" extractCount="10000" duration="33725000"/>
			<Sample nodeCount="41" insertCount="10000" extractCount="10000" duration="35837000"/>
			<Sample nodeCount="42" insertCount="10000" extractCount="10000" duration="36011000"/>
			<Sample nodeCount="43" insertCount="10000" extractCount="10000" duration="36727000"/>
			<Sample nodeCount="44" insertCount="10000" extractCount="10000" duration="37504000"/>
			<Sample nodeCount="45" insertCount="10000" extractCount="10000" duration="38475000"/>
			<Sample nodeCount="46" insertCount="10000" extractCount="10000" duration="39667000"/>
			<Sample nodeCount="47" insertCount="10000" extractCount="10000" duration="40243000"/>
			<Sample nodeCount="48" insertCount="10000" extractCount="10000" duration="41993000"/>
			<Sample nodeCount="49" insertCount="10000" extractCount="10000" duration="42314000"/>
			<Sample nodeCount="50" insertCount="10000" extractCount="10000" duration="44457000"/>
			<Sample nodeCount="51" insertCount="10000" extractCount="10000" duration="46167000"/>
			<Sample nodeCount="52" insertCount="10000" extractCount="10000" duration="49317000"/>
			<Sample nodeCount="53" insertCount="10000" extractCount="10000" duration="50614000"/>
			<Sample nodeCount="54" insertCount="10000" extractCount="10000" duration="50199000"/>
			<Sample nodeCount="55" insertCount="10000" extractCount="10000" duration="50954000"/>
			<Sample nodeCount="56" insertCount="10000" extractCount="10000" duration="52156000"/>
			<Sample nodeCount="57" insertCount="10000" extractCount="10000" duration="52732000"/>
			<Sample nodeCount="58" insertCount="10000" extractCount="10000" duration="54534000"/>
			<Sample nodeCount="59" insertCount="10000" extractCount="10000" duration="55611000"/>
			<Sample nodeCount="60" insertCount="10000" extractCount="10000" duration="56910000"/>
			<Sample nodeCount="61" insertCount="10000" extractCount="10000" duration="58954000"/>
			<Sample nodeCount="62" insertCount="10000" extractCount="10000" duration="61405000"/>
			<Sample nodeCount="63" insertCount="10000" extractCount="10000" duration="61544000"/>
			<Sample nodeCount="64" insertCount="10000" extractCount="10000" duration="63193000"/>
			<Sample nodeCount="65" insertCount="10000" extractCount="10000" duration="63688000"/>
			<Sample nodeCount="66" insertCount="10000" extractCount="10000" duration="66459000"/>
			<Sample nodeCount="67" insertCount="10000" extractCount="10000" duration="66463000"/>
			<Sample nodeCount="68" insertCount="10000" extractCount="10000" duration="66434000"/>
			<Sample nodeCount="69" insertCount="10000" extractCount="10000" duration="68214000"/>
			<Sample nodeCount="70" insertCount="10000" extractCount="10000" duration="69429000"/>
			<Sample nodeCount="71" insertCount="10000" extractCount="10000" duration="70145000"/>
			<Sample nodeCount="72" insertCount="10000" extractCount="10000" duration="72188000"/>
			<Sample nodeCount="73" insertCount="10000" extractCount="10000" duration="73311000"/>
			<Sample nodeCount="74" insertCount="10000" extractCount="10000" duration="75487000"/>
			<Sample nodeCount="75" insertCount="10000" extractCount="10000" duration="75534000"/>
			<Sample nodeCount="76" insertCount="10000" extractCount="10000" duration="76275000"/>
			<Sample nodeCount="77" insertCount="10000" extractCount="10000" duration="78405000"/>
			<Sample nodeCount="78" insertCount="10000" extractCount="10000" duration="81571000"/>
			<Sample nodeCount="79" insertCount="10000" extractCount="10000" duration="82333000"/>
			<Sample nodeCount="80" insertCount="10000" extractCount="10000" duration="87268000"/>
			<Sample nodeCount="81" insertCount="10000" extractCount="10000" duration="87967000"/>
			<Sample nodeCount="82" insertCount="10000" extractCount="10000" duration="88476000"/>
			<Sample nodeCount="83" insertCount="10000" extractCount="10000" duration="85153000"/>
			<Sample nodeCount="84" insertCount="10000" extractCount="10000" duration="85849000"/>
			<Sample nodeCount="85" insertCount="10000" extractCount="10000" duration="88194000"/>
			<Sample nodeCount="86" insertCount="10000" extractCount="10000" duration="90991000"/>
			<Sample nodeCount="87" insertCount="10000" extractCount="10000" duration="91155000"/>
			<Sample nodeCount="88" insertCount="10000" extractCount="10000" duration="91695000"/>
			<Sample nodeCount="89" insertCount="10000" extractCount="10000" duration="92860000"/>
			<Sample nodeCount="90" insertCount="10000" extractCount="10000" duration="95156000"/>
			<Sample nodeCount="91" insertCount="10000" extractCount="10000" duration="93728000"/>
			<Sample nodeCount="92" insertCount="10000" extractCount="10000" duration="94888000"/>
			<Sample nodeCount="93" insertCount="10000" extractCount="10000" duration="97641000"/>
			<Sample nodeCount="94" insertCount="10000" extractCount="10000" duration="98970000"/>
			<Sample nodeCount="95" insertCount="10000" extractCount="10000" duration="99755000"/>
			<Sample nodeCount="96" insertCount="10000" extractCount="10000" duration="100420000"/>
			<Sample nodeCount="97" insertCount="10000" extractCount="10000" duration="101170000"/>
			<Sample nodeCount="98" insertCount="10000" extractCount="10000" duration="104039000"/>
			<Sample nodeCount="99" insertCount="10000" extractCount="10000" duration="104377000"/>
			<Sample nodeCount="100" insertCount="10000" extractCount="10000" duration="105918000"/>
			<Sample nodeCount="101" insertCount="10000" extractCount="10000" duration="107429000"/>
			<Sample nodeCount="102" insertCount="10000" extractCount="10000" duration="108251000"/>
			<Sample nodeCount="103" insertCount="10000" extractCount="10000" duration="110938000"/>
			<Sample nodeCount="104" insertCount="10000" extractCount="10000" duration="111444000"/>
			<Sample nodeCount="105" insertCount="10000" extractCount="10000" duration="114115000"/>
			<Sample nodeCount="106" insertCount="10000" extractCount="10000" duration="117394000"/>
			<Sample nodeCount="107" insertCount="10000" extractCount="10000" duration="118698000"/>
			<Sample nodeCount="108" insertCount="10000" extractCount="10000" duration="119164000"/>
			<Sample nodeCount="109" insertCount="10000" extractCount="10000" duration="119393000"/>
			<Sample nodeCount="110" insertCount="10000" extractCount="10000" duration="121077000"/>
			<Sample nodeCount="111" insertCount="10000" extractCount="10000" duration="123965000"/>
			<Sample nodeCount="112" insertCount="10000" extractCount="10000" duration="123923000"/>
			<Sample nodeCount="113" insertCount="10000" extractCount="10000" duration="125744000"/>
			<Sample nodeCount="114" insertCount="10000" extractCount="10000" duration="127007000"/>
			<Sample nodeCount="115" insertCount="10000" extractCount="10000" duration="129039000"/>
			<Sample nodeCount="116" insertCount="10000" extractCount="10000" duration="129874000"/>
			<Sample nodeCount="117" insertCount="10000" extractCount="10000" duration="130921000"/>
			<Sample nodeCount="118" insertCount="10000" extractCount="10000" duration="132009000"/>
			<Sample nodeCount="119" insertCount="10000" extractCount="10000" duration="135117000"/>
			<Sample nodeCount="120" insertCount="10000" extractCount="10000" duration="134212000"/>
			<Sample nodeCount="121" insertCount="10000" extractCount="10000" duration="136324000"/>
			<Sample nodeCount="122" insertCount="10000" extractCount="10000" duration="138289000"/>
			<Sample nodeCount="123" insertCount="10000" extractCount="10000" duration="139824000"/>
			<Sample nodeCount="124" insertCount="10000" extractCount="10000" duration="140114000"/>
			<Sample nodeCount="125" insertCount="10000" extractCount="10000" duration="141012000"/>
			<Sample nodeCount="126" insertCount="10000" extractCount="10000" duration="144908000"/>
			<Sample nodeCount="127" insertCount="10000" extractCount="10000" duration="144104000"/>
		</SmallSetLinear>
		<LargeSetLinear>
		</LargeSetLinear>
	</RBTest>
	<RBTest implementation="RB New Compact" nodeSize="16">
		<SmallSetRandomOps>
			<Sample nodeCount="1" insertCount="62" extractCount="61" duration="3000"/>
			<Sample nodeCount="2" insertCount="123" extractCount="123" duration="8000"/>
			<Sample nodeCount="3" insertCount="186" extractCount="183" duration="13000"/>
			<Sample nodeCount="4" insertCount="247" extractCount="245" duration="19000"/>
			<Sample nodeCount="5" insertCount="309" extractCount="306" duration="26000"/>
			<Sample nodeCount="6" insertCount="370" extractCount="368" duration="33000"/>
			<Sample nodeCount="7" insertCount="433" extractCount="428" duration="41000"/>
			<Sample nodeCount="8" insertCount="493" extractCount="491" duration="50000"/>
			<Sample nodeCount="9" insertCount="557" extractCount="550" duration="59000"/>
			<Sample nodeCount="10" insertCount="619" extractCount="611" duration="67000"/>
			<Sample nodeCount="11" insertCount="680" extractCount="673" duration="77000"/>
			<Sample nodeCount="12" insertCount="740" extractCount="736" duration="89000"/>
			<Sample nodeCount="13" insertCount="803" extractCount="796" duration="98000"/>
			<Sample nodeCount="14" insertCount="864" extractCount="858" duration="112000"/>
			<Sample nodeCount="15" insertCount="927" extractCount="918" duration="117000"/>
			<Sample nodeCount="16" insertCount="988" extractCount="980" duration="132000"/>
			<Sample nodeCount="17" insertCount="1050" extractCount="1041" duration="142000"/>
			<Sample nodeCount="18" insertCount="1113" extractCount="1101" duration="155000"/>
			<Sample nodeCount="19" insertCount="1172" extractCount="1165" duration="181000"/>
			<Sample nodeCount="20" insertCount="1237" extractCount="1223" duration="193000"/>
			<Sample nodeCount="21" insertCount="1296" extractCount="1287" duration="220000"/>
			<Sample nodeCount="22" insertCount="1359" extractCount="1347" duration="202000"/>
			<Sample nodeCount="23" insertCount="1419" extractCount="1410" duration="211000"/>
			<Sample nodeCount="24" insertCount="1484" extractCount="1468" duration="225000"/>
			<Sample nodeCount="25" insertCount="1544" extractCount="1531" duration="231000"/>
			<Sample nodeCount="26" insertCount="1604" extractCount="1594" duration="243000"/>
			<Sample nodeCount="27" insertCount="1668" extractCount="1653" duration="256000"/>
			<Sample nodeCount="28" insertCount="1729" extractCount="1715" duration="264000"/>
			<Sample nodeCount="29" insertCount="1790" extractCount="1777" duration="308000"/>
			<Sample nodeCount="30" insertCount="1851" extractCount="1839" duration="290000"/>
			<Sample nodeCount="31" insertCount="1914" extractCount="1899" duration="306000"/>
			<Sample nodeCount="32" insertCount="1977" extractCount="1959" duration="319000"/>
			<Sample nodeCount="33" insertCount="2041" extractCount="2018" duration="327000"/>
			<Sample nodeCount="34" insertCount="2097" extractCount="2085" duration="341000"/>
			<Sample nodeCount="35" insertCount="2160" extractCount="2145" duration="386000"/>
			<Sample nodeCount="36" insertCount="2221" extractCount="2207" duration="369000"/>
			<Sample nodeCount="37" insertCount="2285" extractCount="2266" duration="376000"/>
			<Sample nodeCount="38" insertCount="2346" extractCount="2328" duration="395000"/>
			<Sample nodeCount="39" insertCount="2408" extractCount="2389" duration="404000"/>
			<Sample nodeCount="40" insertCount="2471" extractCount="2449" duration="420000"/>
			<Sample nodeCount="41" insertCount="2531" extractCount="2512" duration="425000"/>
			<Sample nodeCount="42" insertCount="2593" extractCount="2573" duration="438000"/>
			<Sample nodeCount="43" insertCount="2656" extractCount="2633" duration="463000"/>
			<Sample nodeCount="44" insertCount="2717" extractCount="2695" duration="501000"/>
			<Sample nodeCount="45" insertCount="2776" extractCount="2759" duration="487000"/>
			<Sample nodeCount="46" insertCount="2840" extractCount="2818" duration="507000"/>
			<Sample nodeCount="47" insertCount="2902" extractCount="2879" duration="515000"/>
			<Sample nodeCount="48" insertCount="2966" extractCount="2938" duration="528000"/>
			<Sample nodeCount="49" insertCount="3026" extractCount="3001" duration="549000"/>
			<Sample nodeCount="50" insertCount="3084" extractCount="3066" duration="565000"/>
			<Sample nodeCount="51" insertCount="3151" extractCount="3122" duration="574000"/>
			<Sample nodeCount="52" insertCount="3209" extractCount="3187" duration="593000"/>
			<Sample nodeCount="53" insertCount="3273" extractCount="3246" duration="609000"/>
			<Sample nodeCount="54" insertCount="3337" extractCount="3305" duration="641000"/>
			<Sample nodeCount="55" insertCount="3400" extractCount="3365" duration="630000"/>
			<Sample nodeCount="56" insertCount="3458" extractCount="3430" duration="648000"/>
			<Sample nodeCount="57" insertCount="3521" extractCount="3490" duration="658000"/>
			<Sample nodeCount="58" insertCount="3580" extractCount="3554" duration="711000"/>
			<Sample nodeCount="59" insertCount="3647" extractCount="3610" duration="731000"/>
			<Sample nodeCount="60" insertCount="3706" extractCount="3674" duration="720000"/>
			<Sample nodeCount="61" insertCount="3766" extractCount="3737" duration="729000"/>
			<Sample nodeCount="62" insertCount="3828" extractCount="3798" duration="736000"/>
			<Sample nodeCount="63" insertCount="3888" extractCount="3861" duration="748000"/>
			<Sample nodeCount="64" insertCount="3952" extractCount="3920" duration="796000"/>
			<Sample nodeCount="65" insertCount="4014" extractCount="3981" duration="786000"/>
			<Sample nodeCount="66" insertCount="4077" extractCount="4041" duration="797000"/>
			<Sample nodeCount="67" insertCount="4136" extractCount="4105" duration="812000"/>
			<Sample nodeCount="68" insertCount="4200" extractCount="4164" duration="820000"/>
			<Sample nodeCount="69" insertCount="4263" extractCount="4224" duration="869000"/>
			<Sample nodeCount="70" insertCount="4325" extractCount="4285" duration="881000"/>
			<Sample nodeCount="71" insertCount="4381" extractCount="4352" duration="862000"/>
			<Sample nodeCount="72" insertCount="4448" extractCount="4408" duration="879000"/>
			<Sample nodeCount="73" insertCount="4507" extractCount="4472" duration="919000"/>
			<Sample nodeCount="74" insertCount="4571" extractCount="4531" duration="927000"/>
			<Sample nodeCount="75" insertCount="4631" extractCount="4594" duration="909000"/>
			<Sample nodeCount="76" insertCount="4693" extractCount="4655" duration="926000"/>
			<Sample nodeCount="77" insertCount="4755" extractCount="4716" duration="972000"/>
			<Sample nodeCount="78" insertCount="4817" extractCount="4777" duration="1045000"/>
			<Sample nodeCount="79" insertCount="4877" extractCount="4840" duration="1027000"/>
			<Sample nodeCount="80" insertCount="4942" extractCount="4898" duration="1020000"/>
			<Sample nodeCount="81" insertCount="5002" extractCount="4961" duration="1047000"/>
			<Sample nodeCount="82" insertCount="5063" extractCount="5023" duration="1052000"/>
			<Sample nodeCount="83" insertCount="5124" extractCount="5085" duration="1075000"/>
			<Sample nodeCount="84" insertCount="5187" extractCount="5145" duration="1107000"/>
			<Sample nodeCount="85" insertCount="5250" extractCount="5205" duration="1090000"/>
			<Sample nodeCount="86" insertCount="5314" extractCount="5264" duration="1070000"/>
			<Sample nodeCount="87" insertCount="5374" extractCount="5327" duration="1110000"/>
			<Sample nodeCount="88" insertCount="5432" extractCount="5392" duration="1098000"/>
			<Sample nodeCount="89" insertCount="5490" extractCount="5457" duration="1171000"/>
			<Sample nodeCount="90" insertCount="5559" extractCount="5511" duration="1155000"/>
			<Sample nodeCount="91" insertCount="5621" extractCount="5572" duration="1146000"/>
			<Sample nodeCount="92" insertCount="5680" extractCount="5636" duration="1228000"/>
			<Sample nodeCount="93" insertCount="5740" extractCount="5699" duration="1253000"/>
			<Sample nodeCount="94" insertCount="5803" extractCount="5759" duration="1182000"/>
			<Sample nodeCount="95" insertCount="5862" extractCount="5823" duration="1257000"/>
			<Sample nodeCount="96" insertCount="5929" extractCount="5879" duration="1225000"/>
			<Sample nodeCount="97" insertCount="5993" extractCount="5938" duration="1240000"/>
			<Sample nodeCount="98" insertCount="6055" extractCount="5999" duration="1262000"/>
			<Sample nodeCount="99" insertCount="6113" extractCount="6064" duration="1320000"/>
			<Sample nodeCount="100" insertCount="6172" extractCount="6128" duration="1323000"/>
			<Sample nodeCount="101" insertCount="6238" extractCount="6185" duration="1316000"/>
			<Sample nodeCount="102" insertCount="6299" extractCount="6247" duration="1415000"/>
			<Sample nodeCount="103" insertCount="6363" extractCount="6306" duration="1336000"/>
			<Sample nodeCount="104" insertCount="6426" extractCount="6366" duration="1392000"/>
			<Sample nodeCount="105" insertCount="6481" extractCount="6434" duration="1374000"/>
			<Sample nodeCount="106" insertCount="6544" extractCount="6494" duration="1426000"/>
			<Sample nodeCount="107" insertCount="6607" extractCount="6554" duration="1483000"/>
			<Sample nodeCount="108" insertCount="6669" extractCount="6615" duration="1447000"/>
			<Sample nodeCount="109" insertCount="6732" extractCount="6675" duration="1462000"/>
			<Sample nodeCount="110" insertCount="6794" extractCount="6736" duration="1480000"/>
			<Sample nodeCount="111" insertCount="6852" extractCount="6801" duration="1450000"/>
			<Sample nodeCount="112" insertCount="6918" extractCount="6858" duration="1483000"/>
			<Sample nodeCount="113" insertCount="6981" extractCount="6918" duration="1557000"/>
			<Sample nodeCount="114" insertCount="7041" extractCount="6981" duration="1512000"/>
			<Sample nodeCount="115" insertCount="7103" extractCount="7042" duration="1532000"/>
			<Sample nodeCount="116" insertCount="7164" extractCount="7104" duration="1549000"/>
			<Sample nodeCount="117" insertCount="7225" extractCount="7166" duration="1581000"/>
			<Sample nodeCount="118" insertCount="7291" extractCount="7223" duration="1601000"/>
			<Sample nodeCount="119" insertCount="7350" extractCount="7287" duration="1601000"/>
			<Sample nodeCount="120" insertCount="7410" extractCount="7350" duration="1610000"/>
			<Sample nodeCount="121" insertCount="7471" extractCount="7412" duration="1623000"/>
			<Sample nodeCount="122" insertCount="7537" extractCount="7469" duration="1643000"/>
			<Sample nodeCount="123" insertCount="7593" extractCount="7536" duration="1646000"/>
			<Sample nodeCount="124" insertCount="7658" extractCount="7594" duration="1667000"/>
			<Sample nodeCount="125" insertCount="7718" extractCount="7657" duration="1797000"/>
			<Sample nodeCount="126" insertCount="7781" extractCount="7717" duration="1703000"/>
			<Sample nodeCount="127" insertCount="7840" extractCount="7781" duration="1820000"/>
		</SmallSetRandomOps>
		<LargeSetRandomOps>
		</LargeSetRandomOps>
		<SmallSetLinear>
			<Sample nodeCount="1" insertCount="10000" extractCount="10000" duration="94000"/>
			<Sample nodeCount="2" insertCount="10000" extractCount="10000" duration="261000"/>
			<Sample nodeCount="3" insertCount="10000" extractCount="10000" duration="477000"/>
			<Sample nodeCount="4" insertCount="10000" extractCount="10000" duration="902000"/>
			<Sample nodeCount="5" insertCount="10000" extractCount="10000" duration="1252000"/>
			<Sample nodeCount="6" insertCount="10000" extractCount="10000" duration="1606000"/>
			<Sample nodeCount="7" insertCount="10000" extractCount="10000" duration="2066000"/>
			<Sample nodeCount="8" insertCount="10000" extractCount="10000" duration="2558000"/>
			<Sample nodeCount="9" insertCount="10000" extractCount="10000" duration="3069000"/>
			<Sample nodeCount="10" insertCount="10000" extractCount="10000" duration="3462000"/>
			<Sample nodeCount="11" insertCount="10000" extractCount="10000" duration="3853000"/>
			<Sample nodeCount="12" insertCount="10000" extractCount="10000" duration="4251000"/>
			<Sample nodeCount="13" insertCount="10000" extractCount="10000" duration="4572000"/>
			<Sample nodeCount="14" insertCount="10000" extractCount="10000" duration="5356000"/>
			<Sample nodeCount="15" insertCount="10000" extractCount="10000" duration="5533000"/>
			<Sample nodeCount="16" insertCount="10000" extractCount="10000" duration="6040000"/>
			<Sample nodeCount="17" insertCount="10000" extractCount="10000" duration="6531000"/>
			<Sample nodeCount="18" insertCount="10000" extractCount="10000" duration="7460000"/>
			<Sample nodeCount="19" insertCount="10000" extractCount="10000" duration="7628000"/>
			<Sample nodeCount="20" insertCount="10000" extractCount="10000" duration="8161000"/>
			<Sample nodeCount="21" insertCount="10000" extractCount="10000" duration="8773000"/>
			<Sample nodeCount="22" insertCount="10000" extractCount="10000" duration="9687000"/>
			<Sample nodeCount="23" insertCount="10000" extractCount="10000" duration="9746000"/>
			<Sample nodeCount="24" insertCount="10000" extractCount="10000" duration="10278000"/>
			<Sample nodeCount="25" insertCount="10000" extractCount="10000" duration="11426000"/>
			<Sample nodeCount="26" insertCount="10000" extractCount="10000" duration="11747000"/>
			<Sample nodeCount="27" insertCount="10000" extractCount="10000" duration="11994000"/>
			<Sample nodeCount="28" insertCount="10000" extractCount="10000" duration="12808000"/>
			<Sample nodeCount="29" insertCount="10000" extractCount="10000" duration="13769000"/>
			<Sample nodeCount="30" insertCount="10000" extractCount="10000" duration="14402000"/>
			<Sample nodeCount="31" insertCount="10000" extractCount="10000" duration="14501000"/>
			<Sample nodeCount="32" insertCount="10000" extractCount="10000" duration="15391000"/>
			<Sample nodeCount="33" insertCount="10000" extractCount="10000" duration="16519000"/>
			<Sample nodeCount="34" insertCount="10000" extractCount="10000" duration="16741000"/>
			<Sample nodeCount="35" insertCount="10000" extractCount="10000" duration="17208000"/>
			<Sample nodeCount="36" insertCount="10000" extractCount="10000" duration="17962000"/>
			<Sample nodeCount="37" insertCount="10000" extractCount="10000" duration="18782000"/>
			<Sample nodeCount="38" insertCount="10000" extractCount="10000" duration="19444000"/>
			<Sample nodeCount="39" insertCount="10000" extractCount="10000" duration="19810000"/>
			<Sample nodeCount="40" insertCount="10000" extractCount="10000" duration="20865000"/>
			<Sample nodeCount="41" insertCount="10000" extractCount="10000" duration="21233000"/>
			<Sample nodeCount="42" insertCount="10000" extractCount="10000" duration="22198000"/>
			<Sample nodeCount="43" insertCount="10000" extractCount="10000" duration="22639000"/>
			<Sample nodeCount="44" insertCount="10000" extractCount="10000" duration="23513000"/>
			<Sample nodeCount="45" insertCount="10000" extractCount="10000" duration="23930000"/>
			<Sample nodeCount="46" insertCount="10000" extractCount="10000" duration="24402000"/>
			<Sample nodeCount="47" insertCount="10000" extractCount="10000" duration="25040000"/>
			<Sample nodeCount="48" insertCount="10000" extractCount="10000" duration="26387000"/>
			<Sample nodeCount="49" insertCount="10000" extractCount="10000" duration="25930000"/>
			<Sample nodeCount="50" insertCount="10000" extractCount="10000" duration="27820000"/>
			<Sample nodeCount="51" insertCount="10000" extractCount="10000" duration="28537000"/>
			<Sample nodeCount="52" insertCount="10000" extractCount="10000" duration="29255000"/>
			<Sample nodeCount="53" insertCount="10000" extractCount="10000" duration="30066000"/>
			<Sample nodeCount="54" insertCount="10000" extractCount="10000" duration="31104000"/>
			<Sample nodeCount="55" insertCount="10000" extractCount="10000" duration="30712000"/>
			<Sample nodeCount="56" insertCount="10000" extractCount="10000" duration="31980000"/>
			<Sample nodeCount="57" insertCount="10000" extractCount="10000" duration="32063000"/>
			<Sample nodeCount="58" insertCount="10000" extractCount="10000" duration="34099000"/>
			<Sample nodeCount="59" insertCount="10000" extractCount="10000" duration="33935000"/>
			<Sample nodeCount="60" insertCount="10000" extractCount="10000" duration="35803000"/>
			<Sample nodeCount="61" insertCount="10000" extractCount="10000" duration="36121000"/>
			<Sample nodeCount="62" insertCount="10000" extractCount="10000" duration="36539000"/>
			<Sample nodeCount="63" insertCount="10000" extractCount="10000" duration="37022000"/>
			<Sample nodeCount="64" insertCount="10000" extractCount="10000" duration="38189000"/>
			<Sample nodeCount="65" insertCount="10000" extractCount="10000" duration="38061000"/>
			<Sample nodeCount="66" insertCount="10000" extractCount="10000" duration="39642000"/>
			<Sample nodeCount="67" insertCount="10000" extractCount="10000" duration="40086000"/>
			<Sample nodeCount="68" insertCount="10000" extractCount="10000" duration="42244000"/>
			<Sample nodeCount="69" insertCount="10000" extractCount="10000" duration="41906000"/>
			<Sample nodeCount="70" insertCount="10000" extractCount="10000" duration="42742000"/>
			<Sample nodeCount="71" insertCount="10000" extractCount="10000" duration="42636000"/>
			<Sample nodeCount="72" insertCount="10000" extractCount="10000" duration="44054000"/>
			<Sample nodeCount="73" insertCount="10000" extractCount="10000" duration="44675000"/>
			<Sample nodeCount="74" insertCount="10000" extractCount="10000" duration="45657000"/>
			<Sample nodeCount="75" insertCount="10000" extractCount="10000" duration="46256000"/>
			<Sample nodeCount="76" insertCount="10000" extractCount="10000" duration="47134000"/>
			<Sample nodeCount="77" insertCount="10000" extractCount="10000" duration="48339000"/>
			<Sample nodeCount="78" insertCount="10000" extractCount="10000" duration="47947000"/>
			<Sample nodeCount="79" insertCount="10000" extractCount="10000" duration="49397000"/>
			<Sample nodeCount="80" insertCount="10000" extractCount="10000" duration="49946000"/>
			<Sample nodeCount="81" insertCount="10000" extractCount="10000" duration="50505000"/>
			<Sample nodeCount="82" insertCount="10000" extractCount="10000" duration="51733000"/>
			<Sample nodeCount="83" insertCount="10000" extractCount="10000" duration="53847000"/>
			<Sample nodeCount="84" insertCount="10000" extractCount="10000" duration="54279000"/>
			<Sample nodeCount="85" insertCount="10000" extractCount="10000" duration="55420000"/>
			<Sample nodeCount="86" insertCount="10000" extractCount="10000" duration="54889000"/>
			<Sample nodeCount="87" insertCount="10000" extractCount="10000" duration="55900000"/>
			<Sample nodeCount="88" insertCount="10000" extractCount="10000" duration="56886000"/>
			<Sample nodeCount="89" insertCount="10000" extractCount="10000" duration="58315000"/>
			<Sample nodeCount="90" insertCount="10000" extractCount="10000" duration="59124000"/>
			<Sample nodeCount="91" insertCount="10000" extractCount="10000" duration="59096000"/>
			<Sample nodeCount="92" insertCount="10000" extractCount="10000" duration="59997000"/>
			<Sample nodeCount="93" insertCount="10000" extractCount="10000" duration="60376000"/>
			<Sample nodeCount="94" insertCount="10000" extractCount="10000" duration="61574000"/>
			<Sample nodeCount="95" insertCount="10000" extractCount="10000" duration="61590000"/>
			<Sample nodeCount="96" insertCount="10000" extractCount="10000" duration="62543000"/>
			<Sample nodeCount="97" insertCount="10000" extractCount="10000" duration="64816000"/>
			<Sample nodeCount="98" insertCount="10000" extractCount="10000" duration="64985000"/>
			<Sample nodeCount="99" insertCount="10000" extractCount="10000" duration="68693000"/>
			<Sample nodeCount="100" insertCount="10000" extractCount="10000" duration="69919000"/>
			<Sample nodeCount="101" insertCount="10000" extractCount="10000" duration="70488000"/>
			<Sample nodeCount="102" insertCount="10000" extractCount="10000" duration="70760000"/>
			<Sample nodeCount="103" insertCount="10000" extractCount="10000" duration="70863000"/>
			<Sample nodeCount="104" insertCount="10000" extractCount="10000" duration="73405000"/>
			<Sample nodeCount="105" insertCount="10000" extractCount="10000" duration="73707000"/>
			<Sample nodeCount="106" insertCount="10000" extractCount="10000" duration="73798000"/>
			<Sample nodeCount="107" insertCount="10000" extractCount="10000" duration="74418000"/>
			<Sample nodeCount="108" insertCount="10000" extractCount="10000" duration="75984000"/>
			<Sample nodeCount="109" insertCount="10000" extractCount="10000" duration="76748000"/>
			<Sample nodeCount="110" insertCount="10000" extractCount="10000" duration="76538000"/>
			<Sample nodeCount="111" insertCount="10000" extractCount="10000" duration="78307000"/>
			<Sample nodeCount="112" insertCount="10000" extractCount="10000" duration="78203000"/>
			<Sample nodeCount="113" insertCount="10000" extractCount="10000" duration="78897000"/>
			<Sample nodeCount="114" insertCount="10000" extractCount="10000" duration="79395000"/>
			<Sample nodeCount="115" insertCount="10000" extractCount="10000" duration="83370000"/>
			<Sample nodeCount="116" insertCount="10000" extractCount="10000" duration="84640000"/>
			<Sample nodeCount="117" insertCount="10000" extractCount="10000" duration="86135000"/>
			<Sample nodeCount="118" insertCount="10000" extractCount="10000" duration="85809000"/>
			<Sample nodeCount="119" insertCount="10000" extractCount="10000" duration="86228000"/>
			<Sample nodeCount="120" insertCount="10000" extractCount="10000" duration="88115000"/>
			<Sample nodeCount="121" insertCount="10000" extractCount="10000" duration="88008000"/>
			<Sample nodeCount="122" insertCount="10000" extractCount="10000" duration="88490000"/>
			<Sample nodeCount="123" insertCount="10000" extractCount="10000" duration="89771000"/>
			<Sample nodeCount="124" insertCount="10000" extractCount="10000" duration="90071000"/>
			<Sample nodeCount="125" insertCount="10000" extractCount="10000" duration="90816000"/>
			<Sample nodeCount="126" insertCount="10000" extractCount="10000" duration="90857000"/>
			<Sample nodeCount="127" insertCount="10000" extractCount="10000" duration="91351000"/>
		</SmallSetLinear>
		<LargeSetLinear>
		</LargeSetLinear>
	</RBTest>
	<RBTest implementation="RTEMS" nodeSize="32">
		<SmallSetRandomOps>
			<Sample nodeCount="1" insertCount="62" extractCount="61" duration="4000"/>
			<Sample nodeCount="2" insertCount="123" extractCount="123" duration="9000"/>
			<Sample nodeCount="3" insertCount="186" extractCount="183" duration="27000"/>
			<Sample nodeCount="4" insertCount="247" extractCount="245" duration="22000"/>
			<Sample nodeCount="5" insertCount="309" extractCount="306" duration="31000"/>
			<Sample nodeCount="6" insertCount="370" extractCount="368" duration="49000"/>
			<Sample nodeCount="7" insertCount="433" extractCount="428" duration="59000"/>
			<Sample nodeCount="8" insertCount="493" extractCount="491" duration="70000"/>
			<Sample nodeCount="9" insertCount="557" extractCount="550" duration="77000"/>
			<Sample nodeCount="10" insertCount="619" extractCount="611" duration="85000"/>
			<Sample nodeCount="11" insertCount="680" extractCount="673" duration="104000"/>
			<Sample nodeCount="12" insertCount="740" extractCount="736" duration="95000"/>
			<Sample nodeCount="13" insertCount="803" extractCount="796" duration="103000"/>
			<Sample nodeCount="14" insertCount="864" extractCount="858" duration="104000"/>
			<Sample nodeCount="15" insertCount="927" extractCount="918" duration="112000"/>
			<Sample nodeCount="16" insertCount="988" extractCount="980" duration="120000"/>
			<Sample nodeCount="17" insertCount="1050" extractCount="1041" duration="129000"/>
			<Sample nodeCount="18" insertCount="1113" extractCount="1101" duration="136000"/>
			<Sample nodeCount="19" insertCount="1172" extractCount="1165" duration="151000"/>
			<Sample nodeCount="20" insertCount="1237" extractCount="1223" duration="153000"/>
			<Sample nodeCount="21" insertCount="1296" extractCount="1287" duration="171000"/>
			<Sample nodeCount="22" insertCount="1359" extractCount="1347" duration="182000"/>
			<Sample nodeCount="23" insertCount="1419" extractCount="1410" duration="179000"/>
			<Sample nodeCount="24" insertCount="1484" extractCount="1468" duration="190000"/>
			<Sample nodeCount="25" insertCount="1544" extractCount="1531" duration="198000"/>
			<Sample nodeCount="26" insertCount="1604" extractCount="1594" duration="205000"/>
			<Sample nodeCount="27" insertCount="1668" extractCount="1653" duration="213000"/>
			<Sample nodeCount="28" insertCount="1729" extractCount="1715" duration="224000"/>
			<Sample nodeCount="29" insertCount="1790" extractCount="1777" duration="233000"/>
			<Sample nodeCount="30" insertCount="1851" extractCount="1839" duration="238000"/>
			<Sample nodeCount="31" insertCount="1914" extractCount="1899" duration="250000"/>
			<Sample nodeCount="32" insertCount="1977" extractCount="1959" duration="259000"/>
			<Sample nodeCount="33" insertCount="2041" extractCount="2018" duration="268000"/>
			<Sample nodeCount="34" insertCount="2097" extractCount="2085" duration="274000"/>
			<Sample nodeCount="35" insertCount="2160" extractCount="2145" duration="286000"/>
			<Sample nodeCount="36" insertCount="2221" extractCount="2207" duration="297000"/>
			<Sample nodeCount="37" insertCount="2285" extractCount="2266" duration="308000"/>
			<Sample nodeCount="38" insertCount="2346" extractCount="2328" duration="312000"/>
			<Sample nodeCount="39" insertCount="2408" extractCount="2389" duration="319000"/>
			<Sample nodeCount="40" insertCount="2471" extractCount="2449" duration="333000"/>
			<Sample nodeCount="41" insertCount="2531" extractCount="2512" duration="342000"/>
			<Sample nodeCount="42" insertCount="2593" extractCount="2573" duration="354000"/>
			<Sample nodeCount="43" insertCount="2656" extractCount="2633" duration="367000"/>
			<Sample nodeCount="44" insertCount="2717" extractCount="2695" duration="372000"/>
			<Sample nodeCount="45" insertCount="2776" extractCount="2759" duration="381000"/>
			<Sample nodeCount="46" insertCount="2840" extractCount="2818" duration="384000"/>
			<Sample nodeCount="47" insertCount="2902" extractCount="2879" duration="400000"/>
			<Sample nodeCount="48" insertCount="2966" extractCount="2938" duration="408000"/>
			<Sample nodeCount="49" insertCount="3026" extractCount="3001" duration="418000"/>
			<Sample nodeCount="50" insertCount="3084" extractCount="3066" duration="426000"/>
			<Sample nodeCount="51" insertCount="3151" extractCount="3122" duration="433000"/>
			<Sample nodeCount="52" insertCount="3209" extractCount="3187" duration="443000"/>
			<Sample nodeCount="53" insertCount="3273" extractCount="3246" duration="479000"/>
			<Sample nodeCount="54" insertCount="3337" extractCount="3305" duration="463000"/>
			<Sample nodeCount="55" insertCount="3400" extractCount="3365" duration="470000"/>
			<Sample nodeCount="56" insertCount="3458" extractCount="3430" duration="537000"/>
			<Sample nodeCount="57" insertCount="3521" extractCount="3490" duration="525000"/>
			<Sample nodeCount="58" insertCount="3580" extractCount="3554" duration="493000"/>
			<Sample nodeCount="59" insertCount="3647" extractCount="3610" duration="507000"/>
			<Sample nodeCount="60" insertCount="3706" extractCount="3674" duration="510000"/>
			<Sample nodeCount="61" insertCount="3766" extractCount="3737" duration="523000"/>
			<Sample nodeCount="62" insertCount="3828" extractCount="3798" duration="568000"/>
			<Sample nodeCount="63" insertCount="3888" extractCount="3861" duration="541000"/>
			<Sample nodeCount="64" insertCount="3952" extractCount="3920" duration="574000"/>
			<Sample nodeCount="65" insertCount="4014" extractCount="3981" duration="576000"/>
			<Sample nodeCount="66" insertCount="4077" extractCount="4041" duration="573000"/>
			<Sample nodeCount="67" insertCount="4136" extractCount="4105" duration="580000"/>
			<Sample nodeCount="68" insertCount="4200" extractCount="4164" duration="586000"/>
			<Sample nodeCount="69" insertCount="4263" extractCount="4224" duration="600000"/>
			<Sample nodeCount="70" insertCount="4325" extractCount="4285" duration="605000"/>
			<Sample nodeCount="71" insertCount="4381" extractCount="4352" duration="628000"/>
			<Sample nodeCount="72" insertCount="4448" extractCount="4408" duration="629000"/>
			<Sample nodeCount="73" insertCount="4507" extractCount="4472" duration="640000"/>
			<Sample nodeCount="74" insertCount="4571" extractCount="4531" duration="642000"/>
			<Sample nodeCount="75" insertCount="4631" extractCount="4594" duration="657000"/>
			<Sample nodeCount="76" insertCount="4693" extractCount="4655" duration="664000"/>
			<Sample nodeCount="77" insertCount="4755" extractCount="4716" duration="705000"/>
			<Sample nodeCount="78" insertCount="4817" extractCount="4777" duration="685000"/>
			<Sample nodeCount="79" insertCount="4877" extractCount="4840" duration="695000"/>
			<Sample nodeCount="80" insertCount="4942" extractCount="4898" duration="708000"/>
			<Sample nodeCount="81" insertCount="5002" extractCount="4961" duration="743000"/>
			<Sample nodeCount="82" insertCount="5063" extractCount="5023" duration="719000"/>
			<Sample nodeCount="83" insertCount="5124" extractCount="5085" duration="741000"/>
			<Sample nodeCount="84" insertCount="5187" extractCount="5145" duration="744000"/>
			<Sample nodeCount="85" insertCount="5250" extractCount="5205" duration="755000"/>
			<Sample nodeCount="86" insertCount="5314" extractCount="5264" duration="763000"/>
			<Sample nodeCount="87" insertCount="5374" extractCount="5327" duration="778000"/>
			<Sample nodeCount="88" insertCount="5432" extractCount="5392" duration="890000"/>
			<Sample nodeCount="89" insertCount="5490" extractCount="5457" duration="790000"/>
			<Sample nodeCount="90" insertCount="5559" extractCount="5511" duration="797000"/>
			<Sample nodeCount="91" insertCount="5621" extractCount="5572" duration="806000"/>
			<Sample nodeCount="92" insertCount="5680" extractCount="5636" duration="871000"/>
			<Sample nodeCount="93" insertCount="5740" extractCount="5699" duration="833000"/>
			<Sample nodeCount="94" insertCount="5803" extractCount="5759" duration="833000"/>
			<Sample nodeCount="95" insertCount="5862" extractCount="5823" duration="844000"/>
			<Sample nodeCount="96" insertCount="5929" extractCount="5879" duration="856000"/>
			<Sample nodeCount="97" insertCount="5993" extractCount="5938" duration="872000"/>
			<Sample nodeCount="98" insertCount="6055" extractCount="5999" duration="903000"/>
			<Sample nodeCount="99" insertCount="6113" extractCount="6064" duration="920000"/>
			<Sample nodeCount="100" insertCount="6172" extractCount="6128" duration="921000"/>
			<Sample nodeCount="101" insertCount="6238" extractCount="6185" duration="931000"/>
			<Sample nodeCount="102" insertCount="6299" extractCount="6247" duration="974000"/>
			<Sample nodeCount="103" insertCount="6363" extractCount="6306" duration="925000"/>
			<Sample nodeCount="104" insertCount="6426" extractCount="6366" duration="997000"/>
			<Sample nodeCount="105" insertCount="6481" extractCount="6434" duration="942000"/>
			<Sample nodeCount="106" insertCount="6544" extractCount="6494" duration="998000"/>
			<Sample nodeCount="107" insertCount="6607" extractCount="6554" duration="1043000"/>
			<Sample nodeCount="108" insertCount="6669" extractCount="6615" duration="1081000"/>
			<Sample nodeCount="109" insertCount="6732" extractCount="6675" duration="1016000"/>
			<Sample nodeCount="110" insertCount="6794" extractCount="6736" duration="1086000"/>
			<Sample nodeCount="111" insertCount="6852" extractCount="6801" duration="1040000"/>
			<Sample nodeCount="112" insertCount="6918" extractCount="6858" duration="1108000"/>
			<Sample nodeCount="113" insertCount="6981" extractCount="6918" duration="1092000"/>
			<Sample nodeCount="114" insertCount="7041" extractCount="6981" duration="1102000"/>
			<Sample nodeCount="115" insertCount="7103" extractCount="7042" duration="1088000"/>
			<Sample nodeCount="116" insertCount="7164" extractCount="7104" duration="1146000"/>
			<Sample nodeCount="117" insertCount="7225" extractCount="7166" duration="1131000"/>
			<Sample nodeCount="118" insertCount="7291" extractCount="7223" duration="1102000"/>
			<Sample nodeCount="119" insertCount="7350" extractCount="7287" duration="1107000"/>
			<Sample nodeCount="120" insertCount="7410" extractCount="7350" duration="1083000"/>
			<Sample nodeCount="121" insertCount="7471" extractCount="7412" duration="1142000"/>
			<Sample nodeCount="122" insertCount="7537" extractCount="7469" duration="1179000"/>
			<Sample nodeCount="123" insertCount="7593" extractCount="7536" duration="1131000"/>
			<Sample nodeCount="124" insertCount="7658" extractCount="7594" duration="1191000"/>
			<Sample nodeCount="125" insertCount="7718" extractCount="7657" duration="1126000"/>
			<Sample nodeCount="126" insertCount="7781" extractCount="7717" duration="1298000"/>
			<Sample nodeCount="127" insertCount="7840" extractCount="7781" duration="1213000"/>
		</SmallSetRandomOps>
		<LargeSetRandomOps>
		</LargeSetRandomOps>
		<SmallSetLinear>
			<Sample nodeCount="1" insertCount="10000" extractCount="10000" duration="263000"/>
			<Sample nodeCount="2" insertCount="10000" extractCount="10000" duration="462000"/>
			<Sample nodeCount="3" insertCount="10000" extractCount="10000" duration="886000"/>
			<Sample nodeCount="4" insertCount="10000" extractCount="10000" duration="1263000"/>
			<Sample nodeCount="5" insertCount="10000" extractCount="10000" duration="1833000"/>
			<Sample nodeCount="6" insertCount="10000" extractCount="10000" duration="2236000"/>
			<Sample nodeCount="7" insertCount="10000" extractCount="10000" duration="2795000"/>
			<Sample nodeCount="8" insertCount="10000" extractCount="10000" duration="3486000"/>
			<Sample nodeCount="9" insertCount="10000" extractCount="10000" duration="3925000"/>
			<Sample nodeCount="10" insertCount="10000" extractCount="10000" duration="4685000"/>
			<Sample nodeCount="11" insertCount="10000" extractCount="10000" duration="6399000"/>
			<Sample nodeCount="12" insertCount="10000" extractCount="10000" duration="5870000"/>
			<Sample nodeCount="13" insertCount="10000" extractCount="10000" duration="6746000"/>
			<Sample nodeCount="14" insertCount="10000" extractCount="10000" duration="7348000"/>
			<Sample nodeCount="15" insertCount="10000" extractCount="10000" duration="7815000"/>
			<Sample nodeCount="16" insertCount="10000" extractCount="10000" duration="8707000"/>
			<Sample nodeCount="17" insertCount="10000" extractCount="10000" duration="9479000"/>
			<Sample nodeCount="18" insertCount="10000" extractCount="10000" duration="10294000"/>
			<Sample nodeCount="19" insertCount="10000" extractCount="10000" duration="10960000"/>
			<Sample nodeCount="20" insertCount="10000" extractCount="10000" duration="11726000"/>
			<Sample nodeCount="21" insertCount="10000" extractCount="10000" duration="12597000"/>
			<Sample nodeCount="22" insertCount="10000" extractCount="10000" duration="13748000"/>
			<Sample nodeCount="23" insertCount="10000" extractCount="10000" duration="15204000"/>
			<Sample nodeCount="24" insertCount="10000" extractCount="10000" duration="15422000"/>
			<Sample nodeCount="25" insertCount="10000" extractCount="10000" duration="16149000"/>
			<Sample nodeCount="26" insertCount="10000" extractCount="10000" duration="17274000"/>
			<Sample nodeCount="27" insertCount="10000" extractCount="10000" duration="18163000"/>
			<Sample nodeCount="28" insertCount="10000" extractCount="10000" duration="18729000"/>
			<Sample nodeCount="29" insertCount="10000" extractCount="10000" duration="19558000"/>
			<Sample nodeCount="30" insertCount="10000" extractCount="10000" duration="20465000"/>
			<Sample nodeCount="31" insertCount="10000" extractCount="10000" duration="21294000"/>
			<Sample nodeCount="32" insertCount="10000" extractCount="10000" duration="22387000"/>
			<Sample nodeCount="33" insertCount="10000" extractCount="10000" duration="23076000"/>
			<Sample nodeCount="34" insertCount="10000" extractCount="10000" duration="24460000"/>
			<Sample nodeCount="35" insertCount="10000" extractCount="10000" duration="25201000"/>
			<Sample nodeCount="36" insertCount="10000" extractCount="10000" duration="26360000"/>
			<Sample nodeCount="37" insertCount="10000" extractCount="10000" duration="27223000"/>
			<Sample nodeCount="38" insertCount="10000" extractCount="10000" duration="28422000"/>
			<Sample nodeCount="39" insertCount="10000" extractCount="10000" duration="29744000"/>
			<Sample nodeCount="40" insertCount="10000" extractCount="10000" duration="30105000"/>
			<Sample nodeCount="41" insertCount="10000" extractCount="10000" duration="30719000"/>
			<Sample nodeCount="42" insertCount="10000" extractCount="10000" duration="32575000"/>
			<Sample nodeCount="43" insertCount="10000" extractCount="10000" duration="32920000"/>
			<Sample nodeCount="44" insertCount="10000" extractCount="10000" duration="33827000"/>
			<Sample nodeCount="45" insertCount="10000" extractCount="10000" duration="34600000"/>
			<Sample nodeCount="46" insertCount="10000" extractCount="10000" duration="36114000"/>
			<Sample nodeCount="47" insertCount="10000" extractCount="10000" duration="36580000"/>
			<Sample nodeCount="48" insertCount="10000" extractCount="10000" duration="37737000"/>
			<Sample nodeCount="49" insertCount="10000" extractCount="10000" duration="38822000"/>
			<Sample nodeCount="50" insertCount="10000" extractCount="10000" duration="40547000"/>
			<Sample nodeCount="51" insertCount="10000" extractCount="10000" duration="41626000"/>
			<Sample nodeCount="52" insertCount="10000" extractCount="10000" duration="42632000"/>
			<Sample nodeCount="53" insertCount="10000" extractCount="10000" duration="44261000"/>
			<Sample nodeCount="54" insertCount="10000" extractCount="10000" duration="44742000"/>
			<Sample nodeCount="55" insertCount="10000" extractCount="10000" duration="45330000"/>
			<Sample nodeCount="56" insertCount="10000" extractCount="10000" duration="46871000"/>
			<Sample nodeCount="57" insertCount="10000" extractCount="10000" duration="48589000"/>
			<Sample nodeCount="58" insertCount="10000" extractCount="10000" duration="49120000"/>
			<Sample nodeCount="59" insertCount="10000" extractCount="10000" duration="50032000"/>
			<Sample nodeCount="60" insertCount="10000" extractCount="10000" duration="51861000"/>
			<Sample nodeCount="61" insertCount="10000" extractCount="10000" duration="52480000"/>
			<Sample nodeCount="62" insertCount="10000" extractCount="10000" duration="54248000"/>
			<Sample nodeCount="63" insertCount="10000" extractCount="10000" duration="55249000"/>
			<Sample nodeCount="64" insertCount="10000" extractCount="10000" duration="55923000"/>
			<Sample nodeCount="65" insertCount="10000" extractCount="10000" duration="56522000"/>
			<Sample nodeCount="66" insertCount="10000" extractCount="10000" duration="57814000"/>
			<Sample nodeCount="67" insertCount="10000" extractCount="10000" duration="58780000"/>
			<Sample nodeCount="68" insertCount="10000" extractCount="10000" duration="60240000"/>
			<Sample nodeCount="69" insertCount="10000" extractCount="10000" duration="62484000"/>
			<Sample nodeCount="70" insertCount="10000" extractCount="10000" duration="62539000"/>
			<Sample nodeCount="71" insertCount="10000" extractCount="10000" duration="64697000"/>
			<Sample nodeCount="72" insertCount="10000" extractCount="10000" duration="64986000"/>
			<Sample nodeCount="73" insertCount="10000" extractCount="10000" duration="65835000"/>
			<Sample nodeCount="74" insertCount="10000" extractCount="10000" duration="67048000"/>
			<Sample nodeCount="75" insertCount="10000" extractCount="10000" duration="68600000"/>
			<Sample nodeCount="76" insertCount="10000" extractCount="10000" duration="69509000"/>
			<Sample nodeCount="77" insertCount="10000" extractCount="10000" duration="70601000"/>
			<Sample nodeCount="78" insertCount="10000" extractCount="10000" duration="71767000"/>
			<Sample nodeCount="79" insertCount="10000" extractCount="10000" duration="73658000"/>
			<Sample nodeCount="80" insertCount="10000" extractCount="10000" duration="74904000"/>
			<Sample nodeCount="81" insertCount="10000" extractCount="10000" duration="75587000"/>
			<Sample nodeCount="82" insertCount="10000" extractCount="10000" duration="76890000"/>
			<Sample nodeCount="83" insertCount="10000" extractCount="10000" duration="77947000"/>
			<Sample nodeCount="84" insertCount="10000" extractCount="10000" duration="79038000"/>
			<Sample nodeCount="85" insertCount="10000" extractCount="10000" duration="81178000"/>
			<Sample nodeCount="86" insertCount="10000" extractCount="10000" duration="81982000"/>
			<Sample nodeCount="87" insertCount="10000" extractCount="10000" duration="83116000"/>
			<Sample nodeCount="88" insertCount="10000" extractCount="10000" duration="84445000"/>
			<Sample nodeCount="89" insertCount="10000" extractCount="10000" duration="85236000"/>
			<Sample nodeCount="90" insertCount="10000" extractCount="10000" duration="86438000"/>
			<Sample nodeCount="91" insertCount="10000" extractCount="10000" duration="88635000"/>
			<Sample nodeCount="92" insertCount="10000" extractCount="10000" duration="89473000"/>
			<Sample nodeCount="93" insertCount="10000" extractCount="10000" duration="94111000"/>
			<Sample nodeCount="94" insertCount="10000" extractCount="10000" duration="93826000"/>
			<Sample nodeCount="95" insertCount="10000" extractCount="10000" duration="95547000"/>
			<Sample nodeCount="96" insertCount="10000" extractCount="10000" duration="96418000"/>
			<Sample nodeCount="97" insertCount="10000" extractCount="10000" duration="97428000"/>
			<Sample nodeCount="98" insertCount="10000" extractCount="10000" duration="99230000"/>
			<Sample nodeCount="99" insertCount="10000" extractCount="10000" duration="100164000"/>
			<Sample nodeCount="100" insertCount="10000" extractCount="10000" duration="101869000"/>
			<Sample nodeCount="101" insertCount="10000" extractCount="10000" duration="103359000"/>
			<Sample nodeCount="102" insertCount="10000" extractCount="10000" duration="103932000"/>
			<Sample nodeCount="103" insertCount="10000" extractCount="10000" duration="105006000"/>
			<Sample nodeCount="104" insertCount="10000" extractCount="10000" duration="106793000"/>
			<Sample nodeCount="105" insertCount="10000" extractCount="10000" duration="108324000"/>
			<Sample nodeCount="106" insertCount="10000" extractCount="10000" duration="109868000"/>
			<Sample nodeCount="107" insertCount="10000" extractCount="10000" duration="109679000"/>
			<Sample nodeCount="108" insertCount="10000" extractCount="10000" duration="110819000"/>
			<Sample nodeCount="109" insertCount="10000" extractCount="10000" duration="111886000"/>
			<Sample nodeCount="110" insertCount="10000" extractCount="10000" duration="114563000"/>
			<Sample nodeCount="111" insertCount="10000" extractCount="10000" duration="115534000"/>
			<Sample nodeCount="112" insertCount="10000" extractCount="10000" duration="116479000"/>
			<Sample nodeCount="113" insertCount="10000" extractCount="10000" duration="116855000"/>
			<Sample nodeCount="114" insertCount="10000" extractCount="10000" duration="118602000"/>
			<Sample nodeCount="115" insertCount="10000" extractCount="10000" duration="120684000"/>
			<Sample nodeCount="116" insertCount="10000" extractCount="10000" duration="121710000"/>
			<Sample nodeCount="117" insertCount="10000" extractCount="10000" duration="123057000"/>
			<Sample nodeCount="118" insertCount="10000" extractCount="10000" duration="124190000"/>
			<Sample nodeCount="119" insertCount="10000" extractCount="10000" duration="125556000"/>
			<Sample nodeCount="120" insertCount="10000" extractCount="10000" duration="125794000"/>
			<Sample nodeCount="121" insertCount="10000" extractCount="10000" duration="126513000"/>
			<Sample nodeCount="122" insertCount="10000" extractCount="10000" duration="129348000"/>
			<Sample nodeCount="123" insertCount="10000" extractCount="10000" duration="130218000"/>
			<Sample nodeCount="124" insertCount="10000" extractCount="10000" duration="130890000"/>
			<Sample nodeCount="125" insertCount="10000" extractCount="10000" duration="132947000"/>
			<Sample nodeCount="126" insertCount="10000" extractCount="10000" duration="135087000"/>
			<Sample nodeCount="127" insertCount="10000" extractCount="10000" duration="136458000"/>
		</SmallSetLinear>
		<LargeSetLinear>
		</LargeSetLinear>
	</RBTest>
	<RBTest implementation="Boost" nodeSize="24">
		<SmallSetRandomOps>
			<Sample nodeCount="1" insertCount="62" extractCount="61" duration="5000"/>
			<Sample nodeCount="2" insertCount="123" extractCount="123" duration="10000"/>
			<Sample nodeCount="3" insertCount="186" extractCount="183" duration="15000"/>
			<Sample nodeCount="4" insertCount="247" extractCount="245" duration="21000"/>
			<Sample nodeCount="5" insertCount="309" extractCount="306" duration="30000"/>
			<Sample nodeCount="6" insertCount="370" extractCount="368" duration="36000"/>
			<Sample nodeCount="7" insertCount="433" extractCount="428" duration="46000"/>
			<Sample nodeCount="8" insertCount="493" extractCount="491" duration="54000"/>
			<Sample nodeCount="9" insertCount="557" extractCount="550" duration="64000"/>
			<Sample nodeCount="10" insertCount="619" extractCount="611" duration="72000"/>
			<Sample nodeCount="11" insertCount="680" extractCount="673" duration="82000"/>
			<Sample nodeCount="12" insertCount="740" extractCount="736" duration="92000"/>
			<Sample nodeCount="13" insertCount="803" extractCount="796" duration="101000"/>
			<Sample nodeCount="14" insertCount="864" extractCount="858" duration="112000"/>
			<Sample nodeCount="15" insertCount="927" extractCount="918" duration="117000"/>
			<Sample nodeCount="16" insertCount="988" extractCount="980" duration="125000"/>
			<Sample nodeCount="17" insertCount="1050" extractCount="1041" duration="136000"/>
			<Sample nodeCount="18" insertCount="1113" extractCount="1101" duration="146000"/>
			<Sample nodeCount="19" insertCount="1172" extractCount="1165" duration="158000"/>
			<Sample nodeCount="20" insertCount="1237" extractCount="1223" duration="167000"/>
			<Sample nodeCount="21" insertCount="1296" extractCount="1287" duration="177000"/>
			<Sample nodeCount="22" insertCount="1359" extractCount="1347" duration="186000"/>
			<Sample nodeCount="23" insertCount="1419" extractCount="1410" duration="194000"/>
			<Sample nodeCount="24" insertCount="1484" extractCount="1468" duration="205000"/>
			<Sample nodeCount="25" insertCount="1544" extractCount="1531" duration="210000"/>
			<Sample nodeCount="26" insertCount="1604" extractCount="1594" duration="220000"/>
			<Sample nodeCount="27" insertCount="1668" extractCount="1653" duration="233000"/>
			<Sample nodeCount="28" insertCount="1729" extractCount="1715" duration="257000"/>
			<Sample nodeCount="29" insertCount="1790" extractCount="1777" duration="263000"/>
			<Sample nodeCount="30" insertCount="1851" extractCount="1839" duration="258000"/>
			<Sample nodeCount="31" insertCount="1914" extractCount="1899" duration="267000"/>
			<Sample nodeCount="32" insertCount="1977" extractCount="1959" duration="280000"/>
			<Sample nodeCount="33" insertCount="2041" extractCount="2018" duration="294000"/>
			<Sample nodeCount="34" insertCount="2097" extractCount="2085" duration="349000"/>
			<Sample nodeCount="35" insertCount="2160" extractCount="2145" duration="328000"/>
			<Sample nodeCount="36" insertCount="2221" extractCount="2207" duration="336000"/>
			<Sample nodeCount="37" insertCount="2285" extractCount="2266" duration="328000"/>
			<Sample nodeCount="38" insertCount="2346" extractCount="2328" duration="359000"/>
			<Sample nodeCount="39" insertCount="2408" extractCount="2389" duration="373000"/>
			<Sample nodeCount="40" insertCount="2471" extractCount="2449" duration="360000"/>
			<Sample nodeCount="41" insertCount="2531" extractCount="2512" duration="372000"/>
			<Sample nodeCount="42" insertCount="2593" extractCount="2573" duration="380000"/>
			<Sample nodeCount="43" insertCount="2656" extractCount="2633" duration="395000"/>
			<Sample nodeCount="44" insertCount="2717" extractCount="2695" duration="404000"/>
			<Sample nodeCount="45" insertCount="2776" extractCount="2759" duration="409000"/>
			<Sample nodeCount="46" insertCount="2840" extractCount="2818" duration="420000"/>
			<Sample nodeCount="47" insertCount="2902" extractCount="2879" duration="430000"/>
			<Sample nodeCount="48" insertCount="2966" extractCount="2938" duration="443000"/>
			<Sample nodeCount="49" insertCount="3026" extractCount="3001" duration="453000"/>
			<Sample nodeCount="50" insertCount="3084" extractCount="3066" duration="462000"/>
			<Sample nodeCount="51" insertCount="3151" extractCount="3122" duration="473000"/>
			<Sample nodeCount="52" insertCount="3209" extractCount="3187" duration="483000"/>
			<Sample nodeCount="53" insertCount="3273" extractCount="3246" duration="496000"/>
			<Sample nodeCount="54" insertCount="3337" extractCount="3305" duration="506000"/>
			<Sample nodeCount="55" insertCount="3400" extractCount="3365" duration="510000"/>
			<Sample nodeCount="56" insertCount="3458" extractCount="3430" duration="560000"/>
			<Sample nodeCount="57" insertCount="3521" extractCount="3490" duration="548000"/>
			<Sample nodeCount="58" insertCount="3580" extractCount="3554" duration="569000"/>
			<Sample nodeCount="59" insertCount="3647" extractCount="3610" duration="589000"/>
			<Sample nodeCount="60" insertCount="3706" extractCount="3674" duration="590000"/>
			<Sample nodeCount="61" insertCount="3766" extractCount="3737" duration="585000"/>
			<Sample nodeCount="62" insertCount="3828" extractCount="3798" duration="584000"/>
			<Sample nodeCount="63" insertCount="3888" extractCount="3861" duration="594000"/>
			<Sample nodeCount="64" insertCount="3952" extractCount="3920" duration="603000"/>
			<Sample nodeCount="65" insertCount="4014" extractCount="3981" duration="615000"/>
			<Sample nodeCount="66" insertCount="4077" extractCount="4041" duration="625000"/>
			<Sample nodeCount="67" insertCount="4136" extractCount="4105" duration="646000"/>
			<Sample nodeCount="68" insertCount="4200" extractCount="4164" duration="649000"/>
			<Sample nodeCount="69" insertCount="4263" extractCount="4224" duration="660000"/>
			<Sample nodeCount="70" insertCount="4325" extractCount="4285" duration="672000"/>
			<Sample nodeCount="71" insertCount="4381" extractCount="4352" duration="706000"/>
			<Sample nodeCount="72" insertCount="4448" extractCount="4408" duration="704000"/>
			<Sample nodeCount="73" insertCount="4507" extractCount="4472" duration="709000"/>
			<Sample nodeCount="74" insertCount="4571" extractCount="4531" duration="711000"/>
			<Sample nodeCount="75" insertCount="4631" extractCount="4594" duration="723000"/>
			<Sample nodeCount="76" insertCount="4693" extractCount="4655" duration="734000"/>
			<Sample nodeCount="77" insertCount="4755" extractCount="4716" duration="752000"/>
			<Sample nodeCount="78" insertCount="4817" extractCount="4777" duration="765000"/>
			<Sample nodeCount="79" insertCount="4877" extractCount="4840" duration="776000"/>
			<Sample nodeCount="80" insertCount="4942" extractCount="4898" duration="772000"/>
			<Sample nodeCount="81" insertCount="5002" extractCount="4961" duration="818000"/>
			<Sample nodeCount="82" insertCount="5063" extractCount="5023" duration="858000"/>
			<Sample nodeCount="83" insertCount="5124" extractCount="5085" duration="851000"/>
			<Sample nodeCount="84" insertCount="5187" extractCount="5145" duration="826000"/>
			<Sample nodeCount="85" insertCount="5250" extractCount="5205" duration="895000"/>
			<Sample nodeCount="86" insertCount="5314" extractCount="5264" duration="847000"/>
			<Sample nodeCount="87" insertCount="5374" extractCount="5327" duration="861000"/>
			<Sample nodeCount="88" insertCount="5432" extractCount="5392" duration="905000"/>
			<Sample nodeCount="89" insertCount="5490" extractCount="5457" duration="926000"/>
			<Sample nodeCount="90" insertCount="5559" extractCount="5511" duration="884000"/>
			<Sample nodeCount="91" insertCount="5621" extractCount="5572" duration="940000"/>
			<Sample nodeCount="92" insertCount="5680" extractCount="5636" duration="936000"/>
			<Sample nodeCount="93" insertCount="5740" extractCount="5699" duration="965000"/>
			<Sample nodeCount="94" insertCount="5803" extractCount="5759" duration="937000"/>
			<Sample nodeCount="95" insertCount="5862" extractCount="5823" duration="946000"/>
			<Sample nodeCount="96" insertCount="5929" extractCount="5879" duration="964000"/>
			<Sample nodeCount="97" insertCount="5993" extractCount="5938" duration="962000"/>
			<Sample nodeCount="98" insertCount="6055" extractCount="5999" duration="973000"/>
			<Sample nodeCount="99" insertCount="6113" extractCount="6064" duration="1022000"/>
			<Sample nodeCount="100" insertCount="6172" extractCount="6128" duration="1031000"/>
			<Sample nodeCount="101" insertCount="6238" extractCount="6185" duration="1043000"/>
			<Sample nodeCount="102" insertCount="6299" extractCount="6247" duration="1024000"/>
			<Sample nodeCount="103" insertCount="6363" extractCount="6306" duration="1068000"/>
			<Sample nodeCount="104" insertCount="6426" extractCount="6366" duration="1076000"/>
			<Sample nodeCount="105" insertCount="6481" extractCount="6434" duration="1052000"/>
			<Sample nodeCount="106" insertCount="6544" extractCount="6494" duration="1065000"/>
			<Sample nodeCount="107" insertCount="6607" extractCount="6554" duration="1069000"/>
			<Sample nodeCount="108" insertCount="6669" extractCount="6615" duration="1134000"/>
			<Sample nodeCount="109" insertCount="6732" extractCount="6675" duration="1098000"/>
			<Sample nodeCount="110" insertCount="6794" extractCount="6736" duration="1109000"/>
			<Sample nodeCount="111" insertCount="6852" extractCount="6801" duration="1119000"/>
			<Sample nodeCount="112" insertCount="6918" extractCount="6858" duration="1136000"/>
			<Sample nodeCount="113" insertCount="6981" extractCount="6918" duration="1144000"/>
			<Sample nodeCount="114" insertCount="7041" extractCount="6981" duration="1203000"/>
			<Sample nodeCount="115" insertCount="7103" extractCount="7042" duration="1201000"/>
			<Sample nodeCount="116" insertCount="7164" extractCount="7104" duration="1174000"/>
			<Sample nodeCount="117" insertCount="7225" extractCount="7166" duration="1191000"/>
			<Sample nodeCount="118" insertCount="7291" extractCount="7223" duration="1204000"/>
			<Sample nodeCount="119" insertCount="7350" extractCount="7287" duration="1244000"/>
			<Sample nodeCount="120" insertCount="7410" extractCount="7350" duration="1258000"/>
			<Sample nodeCount="121" insertCount="7471" extractCount="7412" duration="1279000"/>
			<Sample nodeCount="122" insertCount="7537" extractCount="7469" duration="1283000"/>
			<Sample nodeCount="123" insertCount="7593" extractCount="7536" duration="1247000"/>
			<Sample nodeCount="124" insertCount="7658" extractCount="7594" duration="1257000"/>
			<Sample nodeCount="125" insertCount="7718" extractCount="7657" duration="1278000"/>
			<Sample nodeCount="126" insertCount="7781" extractCount="7717" duration="1305000"/>
			<Sample nodeCount="127" insertCount="7840" extractCount="7781" duration="1294000"/>
		</SmallSetRandomOps>
		<LargeSetRandomOps>
		</LargeSetRandomOps>
		<SmallSetLinear>
			<Sample nodeCount="1" insertCount="10000" extractCount="10000" duration="267000"/>
			<Sample nodeCount="2" insertCount="10000" extractCount="10000" duration="615000"/>
			<Sample nodeCount="3" insertCount="10000" extractCount="10000" duration="904000"/>
			<Sample nodeCount="4" insertCount="10000" extractCount="10000" duration="1377000"/>
			<Sample nodeCount="5" insertCount="10000" extractCount="10000" duration="1743000"/>
			<Sample nodeCount="6" insertCount="10000" extractCount="10000" duration="2259000"/>
			<Sample nodeCount="7" insertCount="10000" extractCount="10000" duration="2729000"/>
			<Sample nodeCount="8" insertCount="10000" extractCount="10000" duration="3370000"/>
			<Sample nodeCount="9" insertCount="10000" extractCount="10000" duration="3834000"/>
			<Sample nodeCount="10" insertCount="10000" extractCount="10000" duration="4431000"/>
			<Sample nodeCount="11" insertCount="10000" extractCount="10000" duration="5018000"/>
			<Sample nodeCount="12" insertCount="10000" extractCount="10000" duration="5617000"/>
			<Sample nodeCount="13" insertCount="10000" extractCount="10000" duration="6212000"/>
			<Sample nodeCount="14" insertCount="10000" extractCount="10000" duration="6912000"/>
			<Sample nodeCount="15" insertCount="10000" extractCount="10000" duration="7309000"/>
			<Sample nodeCount="16" insertCount="10000" extractCount="10000" duration="8329000"/>
			<Sample nodeCount="17" insertCount="10000" extractCount="10000" duration="8731000"/>
			<Sample nodeCount="18" insertCount="10000" extractCount="10000" duration="9677000"/>
			<Sample nodeCount="19" insertCount="10000" extractCount="10000" duration="10172000"/>
			<Sample nodeCount="20" insertCount="10000" extractCount="10000" duration="10980000"/>
			<Sample nodeCount="21" insertCount="10000" extractCount="10000" duration="11497000"/>
			<Sample nodeCount="22" insertCount="10000" extractCount="10000" duration="12283000"/>
			<Sample nodeCount="23" insertCount="10000" extractCount="10000" duration="12904000"/>
			<Sample nodeCount="24" insertCount="10000" extractCount="10000" duration="13818000"/>
			<Sample nodeCount="25" insertCount="10000" extractCount="10000" duration="14517000"/>
			<Sample nodeCount="26" insertCount="10000" extractCount="10000" duration="15437000"/>
			<Sample nodeCount="27" insertCount="10000" extractCount="10000" duration="16008000"/>
			<Sample nodeCount="28" insertCount="10000" extractCount="10000" duration="16854000"/>
			<Sample nodeCount="29" insertCount="10000" extractCount="10000" duration="17483000"/>
			<Sample nodeCount="30" insertCount="10000" extractCount="10000" duration="18526000"/>
			<Sample nodeCount="31" insertCount="10000" extractCount="10000" duration="19144000"/>
			<Sample nodeCount="32" insertCount="10000" extractCount="10000" duration="19964000"/>
			<Sample nodeCount="33" insertCount="10000" extractCount="10000" duration="21080000"/>
			<Sample nodeCount="34" insertCount="10000" extractCount="10000" duration="21529000"/>
			<Sample nodeCount="35" insertCount="10000" extractCount="10000" duration="22133000"/>
			<Sample nodeCount="36" insertCount="10000" extractCount="10000" duration="23203000"/>
			<Sample nodeCount="37" insertCount="10000" extractCount="10000" duration="23828000"/>
			<Sample nodeCount="38" insertCount="10000" extractCount="10000" duration="24716000"/>
			<Sample nodeCount="39" insertCount="10000" extractCount="10000" duration="25417000"/>
			<Sample nodeCount="40" insertCount="10000" extractCount="10000" duration="26361000"/>
			<Sample nodeCount="41" insertCount="10000" extractCount="10000" duration="26905000"/>
			<Sample nodeCount="42" insertCount="10000" extractCount="10000" duration="28049000"/>
			<Sample nodeCount="43" insertCount="10000" extractCount="10000" duration="28725000"/>
			<Sample nodeCount="44" insertCount="10000" extractCount="10000" duration="29591000"/>
			<Sample nodeCount="45" insertCount="10000" extractCount="10000" duration="30271000"/>
			<Sample nodeCount="46" insertCount="10000" extractCount="10000" duration="31493000"/>
			<Sample nodeCount="47" insertCount="10000" extractCount="10000" duration="32240000"/>
			<Sample nodeCount="48" insertCount="10000" extractCount="10000" duration="34146000"/>
			<Sample nodeCount="49" insertCount="10000" extractCount="10000" duration="33905000"/>
			<Sample nodeCount="50" insertCount="10000" extractCount="10000" duration="34937000"/>
			<Sample nodeCount="51" insertCount="10000" extractCount="10000" duration="35969000"/>
			<Sample nodeCount="52" insertCount="10000" extractCount="10000" duration="36572000"/>
			<Sample nodeCount="53" insertCount="10000" extractCount="10000" duration="36888000"/>
			<Sample nodeCount="54" insertCount="10000" extractCount="10000" duration="38466000"/>
			<Sample nodeCount="55" insertCount="10000" extractCount="10000" duration="38889000"/>
			<Sample nodeCount="56" insertCount="10000" extractCount="10000" duration="40157000"/>
			<Sample nodeCount="57" insertCount="10000" extractCount="10000" duration="40821000"/>
			<Sample nodeCount="58" insertCount="10000" extractCount="10000" duration="41749000"/>
			<Sample nodeCount="59" insertCount="10000" extractCount="10000" duration="42312000"/>
			<Sample nodeCount="60" insertCount="10000" extractCount="10000" duration="43554000"/>
			<Sample nodeCount="61" insertCount="10000" extractCount="10000" duration="43968000"/>
			<Sample nodeCount="62" insertCount="10000" extractCount="10000" duration="45405000"/>
			<Sample nodeCount="63" insertCount="10000" extractCount="10000" duration="46534000"/>
			<Sample nodeCount="64" insertCount="10000" extractCount="10000" duration="47127000"/>
			<Sample nodeCount="65" insertCount="10000" extractCount="10000" duration="47789000"/>
			<Sample nodeCount="66" insertCount="10000" extractCount="10000" duration="49287000"/>
			<Sample nodeCount="67" insertCount="10000" extractCount="10000" duration="49781000"/>
			<Sample nodeCount="68" insertCount="10000" extractCount="10000" duration="51122000"/>
			<Sample nodeCount="69" insertCount="10000" extractCount="10000" duration="51085000"/>
			<Sample nodeCount="70" insertCount="10000" extractCount="10000" duration="53344000"/>
			<Sample nodeCount="71" insertCount="10000" extractCount="10000" duration="53513000"/>
			<Sample nodeCount="72" insertCount="10000" extractCount="10000" duration="54272000"/>
			<Sample nodeCount="73" insertCount="10000" extractCount="10000" duration="55740000"/>
			<Sample nodeCount="74" insertCount="10000" extractCount="10000" duration="55949000"/>
			<Sample nodeCount="75" insertCount="10000" extractCount="10000" duration="57131000"/>
			<Sample nodeCount="76" insertCount="10000" extractCount="10000" duration="58368000"/>
			<Sample nodeCount="77" insertCount="10000" extractCount="10000" duration="59381000"/>
			<Sample nodeCount="78" insertCount="10000" extractCount="10000" duration="60437000"/>
			<Sample nodeCount="79" insertCount="10000" extractCount="10000" duration="61139000"/>
			<Sample nodeCount="80" insertCount="10000" extractCount="10000" duration="62033000"/>
			<Sample nodeCount="81" insertCount="10000" extractCount="10000" duration="63238000"/>
			<Sample nodeCount="82" insertCount="10000" extractCount="10000" duration="63879000"/>
			<Sample nodeCount="83" insertCount="10000" extractCount="10000" duration="64928000"/>
			<Sample nodeCount="84" insertCount="10000" extractCount="10000" duration="65735000"/>
			<Sample nodeCount="85" insertCount="10000" extractCount="10000" duration="66753000"/>
			<Sample nodeCount="86" insertCount="10000" extractCount="10000" duration="67385000"/>
			<Sample nodeCount="87" insertCount="10000" extractCount="10000" duration="68041000"/>
			<Sample nodeCount="88" insertCount="10000" extractCount="10000" duration="68866000"/>
			<Sample nodeCount="89" insertCount="10000" extractCount="10000" duration="70672000"/>
			<Sample nodeCount="90" insertCount="10000" extractCount="10000" duration="71609000"/>
			<Sample nodeCount="91" insertCount="10000" extractCount="10000" duration="72066000"/>
			<Sample nodeCount="92" insertCount="10000" extractCount="10000" duration="72860000"/>
			<Sample nodeCount="93" insertCount="10000" extractCount="10000" duration="73638000"/>
			<Sample nodeCount="94" insertCount="10000" extractCount="10000" duration="75508000"/>
			<Sample nodeCount="95" insertCount="10000" extractCount="10000" duration="76172000"/>
			<Sample nodeCount="96" insertCount="10000" extractCount="10000" duration="78027000"/>
			<Sample nodeCount="97" insertCount="10000" extractCount="10000" duration="78023000"/>
			<Sample nodeCount="98" insertCount="10000" extractCount="10000" duration="79733000"/>
			<Sample nodeCount="99" insertCount="10000" extractCount="10000" duration="80546000"/>
			<Sample nodeCount="100" insertCount="10000" extractCount="10000" duration="81583000"/>
			<Sample nodeCount="101" insertCount="10000" extractCount="10000" duration="81712000"/>
			<Sample nodeCount="102" insertCount="10000" extractCount="10000" duration="83534000"/>
			<Sample nodeCount="103" insertCount="10000" extractCount="10000" duration="83115000"/>
			<Sample nodeCount="104" insertCount="10000" extractCount="10000" duration="84653000"/>
			<Sample nodeCount="105" insertCount="10000" extractCount="10000" duration="85697000"/>
			<Sample nodeCount="106" insertCount="10000" extractCount="10000" duration="86961000"/>
			<Sample nodeCount="107" insertCount="10000" extractCount="10000" duration="88146000"/>
			<Sample nodeCount="108" insertCount="10000" extractCount="10000" duration="89386000"/>
			<Sample nodeCount="109" insertCount="10000" extractCount="10000" duration="89369000"/>
			<Sample nodeCount="110" insertCount="10000" extractCount="10000" duration="91464000"/>
			<Sample nodeCount="111" insertCount="10000" extractCount="10000" duration="91747000"/>
			<Sample nodeCount="112" insertCount="10000" extractCount="10000" duration="92554000"/>
			<Sample nodeCount="113" insertCount="10000" extractCount="10000" duration="93904000"/>
			<Sample nodeCount="114" insertCount="10000" extractCount="10000" duration="94517000"/>
			<Sample nodeCount="115" insertCount="10000" extractCount="10000" duration="96200000"/>
			<Sample nodeCount="116" insertCount="10000" extractCount="10000" duration="96759000"/>
			<Sample nodeCount="117" insertCount="10000" extractCount="10000" duration="97435000"/>
			<Sample nodeCount="118" insertCount="10000" extractCount="10000" duration="100078000"/>
			<Sample nodeCount="119" insertCount="10000" extractCount="10000" duration="99702000"/>
			<Sample nodeCount="120" insertCount="10000" extractCount="10000" duration="101084000"/>
			<Sample nodeCount="121" insertCount="10000" extractCount="10000" duration="101041000"/>
			<Sample nodeCount="122" insertCount="10000" extractCount="10000" duration="102900000"/>
			<Sample nodeCount="123" insertCount="10000" extractCount="10000" duration="103962000"/>
			<Sample nodeCount="124" insertCount="10000" extractCount="10000" duration="104587000"/>
			<Sample nodeCount="125" insertCount="10000" extractCount="10000" duration="105247000"/>
			<Sample nodeCount="126" insertCount="10000" extractCount="10000" duration="106672000"/>
			<Sample nodeCount="127" insertCount="10000" extractCount="10000" duration="106966000"/>
		</SmallSetLinear>
		<LargeSetLinear>
		</LargeSetLinear>
	</RBTest>
	<RBTest implementation="RB Compact" nodeSize="16">
		<SmallSetRandomOps>
			<Sample nodeCount="1" insertCount="62" extractCount="61" duration="3000"/>
			<Sample nodeCount="2" insertCount="123" extractCount="123" duration="8000"/>
			<Sample nodeCount="3" insertCount="186" extractCount="183" duration="14000"/>
			<Sample nodeCount="4" insertCount="247" extractCount="245" duration="18000"/>
			<Sample nodeCount="5" insertCount="309" extractCount="306" duration="26000"/>
			<Sample nodeCount="6" insertCount="370" extractCount="368" duration="32000"/>
			<Sample nodeCount="7" insertCount="433" extractCount="428" duration="43000"/>
			<Sample nodeCount="8" insertCount="493" extractCount="491" duration="52000"/>
			<Sample nodeCount="9" insertCount="557" extractCount="550" duration="60000"/>
			<Sample nodeCount="10" insertCount="619" extractCount="611" duration="64000"/>
			<Sample nodeCount="11" insertCount="680" extractCount="673" duration="73000"/>
			<Sample nodeCount="12" insertCount="740" extractCount="736" duration="97000"/>
			<Sample nodeCount="13" insertCount="803" extractCount="796" duration="124000"/>
			<Sample nodeCount="14" insertCount="864" extractCount="858" duration="120000"/>
			<Sample nodeCount="15" insertCount="927" extractCount="918" duration="110000"/>
			<Sample nodeCount="16" insertCount="988" extractCount="980" duration="121000"/>
			<Sample nodeCount="17" insertCount="1050" extractCount="1041" duration="133000"/>
			<Sample nodeCount="18" insertCount="1113" extractCount="1101" duration="166000"/>
			<Sample nodeCount="19" insertCount="1172" extractCount="1165" duration="150000"/>
			<Sample nodeCount="20" insertCount="1237" extractCount="1223" duration="158000"/>
			<Sample nodeCount="21" insertCount="1296" extractCount="1287" duration="164000"/>
			<Sample nodeCount="22" insertCount="1359" extractCount="1347" duration="179000"/>
			<Sample nodeCount="23" insertCount="1419" extractCount="1410" duration="186000"/>
			<Sample nodeCount="24" insertCount="1484" extractCount="1468" duration="196000"/>
			<Sample nodeCount="25" insertCount="1544" extractCount="1531" duration="206000"/>
			<Sample nodeCount="26" insertCount="1604" extractCount="1594" duration="221000"/>
			<Sample nodeCount="27" insertCount="1668" extractCount="1653" duration="226000"/>
			<Sample nodeCount="28" insertCount="1729" extractCount="1715" duration="240000"/>
			<Sample nodeCount="29" insertCount="1790" extractCount="1777" duration="244000"/>
			<Sample nodeCount="30" insertCount="1851" extractCount="1839" duration="259000"/>
			<Sample nodeCount="31" insertCount="1914" extractCount="1899" duration="283000"/>
			<Sample nodeCount="32" insertCount="1977" extractCount="1959" duration="278000"/>
			<Sample nodeCount="33" insertCount="2041" extractCount="2018" duration="287000"/>
			<Sample nodeCount="34" insertCount="2097" extractCount="2085" duration="298000"/>
			<Sample nodeCount="35" insertCount="2160" extractCount="2145" duration="310000"/>
			<Sample nodeCount="36" insertCount="2221" extractCount="2207" duration="319000"/>
			<Sample nodeCount="37" insertCount="2285" extractCount="2266" duration="329000"/>
			<Sample nodeCount="38" insertCount="2346" extractCount="2328" duration="342000"/>
			<Sample nodeCount="39" insertCount="2408" extractCount="2389" duration="348000"/>
			<Sample nodeCount="40" insertCount="2471" extractCount="2449" duration="357000"/>
			<Sample nodeCount="41" insertCount="2531" extractCount="2512" duration="370000"/>
			<Sample nodeCount="42" insertCount="2593" extractCount="2573" duration="379000"/>
			<Sample nodeCount="43" insertCount="2656" extractCount="2633" duration="390000"/>
			<Sample nodeCount="44" insertCount="2717" extractCount="2695" duration="403000"/>
			<Sample nodeCount="45" insertCount="2776" extractCount="2759" duration="404000"/>
			<Sample nodeCount="46" insertCount="2840" extractCount="2818" duration="420000"/>
			<Sample nodeCount="47" insertCount="2902" extractCount="2879" duration="430000"/>
			<Sample nodeCount="48" insertCount="2966" extractCount="2938" duration="442000"/>
			<Sample nodeCount="49" insertCount="3026" extractCount="3001" duration="459000"/>
			<Sample nodeCount="50" insertCount="3084" extractCount="3066" duration="467000"/>
			<Sample nodeCount="51" insertCount="3151" extractCount="3122" duration="478000"/>
			<Sample nodeCount="52" insertCount="3209" extractCount="3187" duration="516000"/>
			<Sample nodeCount="53" insertCount="3273" extractCount="3246" duration="499000"/>
			<Sample nodeCount="54" insertCount="3337" extractCount="3305" duration="513000"/>
			<Sample nodeCount="55" insertCount="3400" extractCount="3365" duration="527000"/>
			<Sample nodeCount="56" insertCount="3458" extractCount="3430" duration="591000"/>
			<Sample nodeCount="57" insertCount="3521" extractCount="3490" duration="560000"/>
			<Sample nodeCount="58" insertCount="3580" extractCount="3554" duration="570000"/>
			<Sample nodeCount="59" insertCount="3647" extractCount="3610" duration="575000"/>
			<Sample nodeCount="60" insertCount="3706" extractCount="3674" duration="640000"/>
			<Sample nodeCount="61" insertCount="3766" extractCount="3737" duration="611000"/>
			<Sample nodeCount="62" insertCount="3828" extractCount="3798" duration="627000"/>
			<Sample nodeCount="63" insertCount="3888" extractCount="3861" duration="637000"/>
			<Sample nodeCount="64" insertCount="3952" extractCount="3920" duration="665000"/>
			<Sample nodeCount="65" insertCount="4014" extractCount="3981" duration="673000"/>
			<Sample nodeCount="66" insertCount="4077" extractCount="4041" duration="672000"/>
			<Sample nodeCount="67" insertCount="4136" extractCount="4105" duration="690000"/>
			<Sample nodeCount="68" insertCount="4200" extractCount="4164" duration="697000"/>
			<Sample nodeCount="69" insertCount="4263" extractCount="4224" duration="705000"/>
			<Sample nodeCount="70" insertCount="4325" extractCount="4285" duration="725000"/>
			<Sample nodeCount="71" insertCount="4381" extractCount="4352" duration="731000"/>
			<Sample nodeCount="72" insertCount="4448" extractCount="4408" duration="747000"/>
			<Sample nodeCount="73" insertCount="4507" extractCount="4472" duration="755000"/>
			<Sample nodeCount="74" insertCount="4571" extractCount="4531" duration="766000"/>
			<Sample nodeCount="75" insertCount="4631" extractCount="4594" duration="776000"/>
			<Sample nodeCount="76" insertCount="4693" extractCount="4655" duration="786000"/>
			<Sample nodeCount="77" insertCount="4755" extractCount="4716" duration="804000"/>
			<Sample nodeCount="78" insertCount="4817" extractCount="4777" duration="781000"/>
			<Sample nodeCount="79" insertCount="4877" extractCount="4840" duration="790000"/>
			<Sample nodeCount="80" insertCount="4942" extractCount="4898" duration="820000"/>
			<Sample nodeCount="81" insertCount="5002" extractCount="4961" duration="875000"/>
			<Sample nodeCount="82" insertCount="5063" extractCount="5023" duration="828000"/>
			<Sample nodeCount="83" insertCount="5124" extractCount="5085" duration="849000"/>
			<Sample nodeCount="84" insertCount="5187" extractCount="5145" duration="902000"/>
			<Sample nodeCount="85" insertCount="5250" extractCount="5205" duration="902000"/>
			<Sample nodeCount="86" insertCount="5314" extractCount="5264" duration="877000"/>
			<Sample nodeCount="87" insertCount="5374" extractCount="5327" duration="945000"/>
			<Sample nodeCount="88" insertCount="5432" extractCount="5392" duration="905000"/>
			<Sample nodeCount="89" insertCount="5490" extractCount="5457" duration="909000"/>
			<Sample nodeCount="90" insertCount="5559" extractCount="5511" duration="954000"/>
			<Sample nodeCount="91" insertCount="5621" extractCount="5572" duration="936000"/>
			<Sample nodeCount="92" insertCount="5680" extractCount="5636" duration="948000"/>
			<Sample nodeCount="93" insertCount="5740" extractCount="5699" duration="960000"/>
			<Sample nodeCount="94" insertCount="5803" extractCount="5759" duration="1006000"/>
			<Sample nodeCount="95" insertCount="5862" extractCount="5823" duration="1002000"/>
			<Sample nodeCount="96" insertCount="5929" extractCount="5879" duration="1006000"/>
			<Sample nodeCount="97" insertCount="5993" extractCount="5938" duration="1010000"/>
			<Sample nodeCount="98" insertCount="6055" extractCount="5999" duration="1066000"/>
			<Sample nodeCount="99" insertCount="6113" extractCount="6064" duration="1105000"/>
			<Sample nodeCount="100" insertCount="6172" extractCount="6128" duration="1143000"/>
			<Sample nodeCount="101" insertCount="6238" extractCount="6185" duration="1163000"/>
			<Sample nodeCount="102" insertCount="6299" extractCount="6247" duration="1129000"/>
			<Sample nodeCount="103" insertCount="6363" extractCount="6306" duration="1154000"/>
			<Sample nodeCount="104" insertCount="6426" extractCount="6366" duration="1161000"/>
			<Sample nodeCount="105" insertCount="6481" extractCount="6434" duration="1159000"/>
			<Sample nodeCount="106" insertCount="6544" extractCount="6494" duration="1167000"/>
			<Sample nodeCount="107" insertCount="6607" extractCount="6554" duration="1168000"/>
			<Sample nodeCount="108" insertCount="6669" extractCount="6615" duration="1264000"/>
			<Sample nodeCount="109" insertCount="6732" extractCount="6675" duration="1256000"/>
			<Sample nodeCount="110" insertCount="6794" extractCount="6736" duration="1219000"/>
			<Sample nodeCount="111" insertCount="6852" extractCount="6801" duration="1257000"/>
			<Sample nodeCount="112" insertCount="6918" extractCount="6858" duration="1263000"/>
			<Sample nodeCount="113" insertCount="6981" extractCount="6918" duration="1256000"/>
			<Sample nodeCount="114" insertCount="7041" extractCount="6981" duration="1300000"/>
			<Sample nodeCount="115" insertCount="7103" extractCount="7042" duration="1277000"/>
			<Sample nodeCount="116" insertCount="7164" extractCount="7104" duration="1264000"/>
			<Sample nodeCount="117" insertCount="7225" extractCount="7166" duration="1254000"/>
			<Sample nodeCount="118" insertCount="7291" extractCount="7223" duration="1296000"/>
			<Sample nodeCount="119" insertCount="7350" extractCount="7287" duration="1281000"/>
			<Sample nodeCount="120" insertCount="7410" extractCount="7350" duration="1288000"/>
			<Sample nodeCount="121" insertCount="7471" extractCount="7412" duration="1330000"/>
			<Sample nodeCount="122" insertCount="7537" extractCount="7469" duration="1344000"/>
			<Sample nodeCount="123" insertCount="7593" extractCount="7536" duration="1346000"/>
			<Sample nodeCount="124" insertCount="7658" extractCount="7594" duration="1343000"/>
			<Sample nodeCount="125" insertCount="7718" extractCount="7657" duration="1394000"/>
			<Sample nodeCount="126" insertCount="7781" extractCount="7717" duration="1357000"/>
			<Sample nodeCount="127" insertCount="7840" extractCount="7781" duration="1387000"/>
		</SmallSetRandomOps>
		<LargeSetRandomOps>
		</LargeSetRandomOps>
		<SmallSetLinear>
			<Sample nodeCount="1" insertCount="10000" extractCount="10000" duration="141000"/>
			<Sample nodeCount="2" insertCount="10000" extractCount="10000" duration="294000"/>
			<Sample nodeCount="3" insertCount="10000" extractCount="10000" duration="558000"/>
			<Sample nodeCount="4" insertCount="10000" extractCount="10000" duration="803000"/>
			<Sample nodeCount="5" insertCount="10000" extractCount="10000" duration="1064000"/>
			<Sample nodeCount="6" insertCount="10000" extractCount="10000" duration="1369000"/>
			<Sample nodeCount="7" insertCount="10000" extractCount="10000" duration="1771000"/>
			<Sample nodeCount="8" insertCount="10000" extractCount="10000" duration="1965000"/>
			<Sample nodeCount="9" insertCount="10000" extractCount="10000" duration="2260000"/>
			<Sample nodeCount="10" insertCount="10000" extractCount="10000" duration="2510000"/>
			<Sample nodeCount="11" insertCount="10000" extractCount="10000" duration="3016000"/>
			<Sample nodeCount="12" insertCount="10000" extractCount="10000" duration="3224000"/>
			<Sample nodeCount="13" insertCount="10000" extractCount="10000" duration="3476000"/>
			<Sample nodeCount="14" insertCount="10000" extractCount="10000" duration="4584000"/>
			<Sample nodeCount="15" insertCount="10000" extractCount="10000" duration="4267000"/>
			<Sample nodeCount="16" insertCount="10000" extractCount="10000" duration="4419000"/>
			<Sample nodeCount="17" insertCount="10000" extractCount="10000" duration="4971000"/>
			<Sample nodeCount="18" insertCount="10000" extractCount="10000" duration="5145000"/>
			<Sample nodeCount="19" insertCount="10000" extractCount="10000" duration="5733000"/>
			<Sample nodeCount="20" insertCount="10000" extractCount="10000" duration="5878000"/>
			<Sample nodeCount="21" insertCount="10000" extractCount="10000" duration="6122000"/>
			<Sample nodeCount="22" insertCount="10000" extractCount="10000" duration="6432000"/>
			<Sample nodeCount="23" insertCount="10000" extractCount="10000" duration="7063000"/>
			<Sample nodeCount="24" insertCount="10000" extractCount="10000" duration="7392000"/>
			<Sample nodeCount="25" insertCount="10000" extractCount="10000" duration="7813000"/>
			<Sample nodeCount="26" insertCount="10000" extractCount="10000" duration="8094000"/>
			<Sample nodeCount="27" insertCount="10000" extractCount="10000" duration="8592000"/>
			<Sample nodeCount="28" insertCount="10000" extractCount="10000" duration="8893000"/>
			<Sample nodeCount="29" insertCount="10000" extractCount="10000" duration="9280000"/>
			<Sample nodeCount="30" insertCount="10000" extractCount="10000" duration="9769000"/>
			<Sample nodeCount="31" insertCount="10000" extractCount="10000" duration="10548000"/>
			<Sample nodeCount="32" insertCount="10000" extractCount="10000" duration="10696000"/>
			<Sample nodeCount="33" insertCount="10000" extractCount="10000" duration="11076000"/>
			<Sample nodeCount="34" insertCount="10000" extractCount="10000" duration="11715000"/>
			<Sample nodeCount="35" insertCount="10000" extractCount="10000" duration="11658000"/>
			<Sample nodeCount="36" insertCount="10000" extractCount="10000" duration="12124000"/>
			<Sample nodeCount="37" insertCount="10000" extractCount="10000" duration="12622000"/>
			<Sample nodeCount="38" insertCount="10000" extractCount="10000" duration="12967000"/>
			<Sample nodeCount="39" insertCount="10000" extractCount="10000" duration="13622000"/>
			<Sample nodeCount="40" insertCount="10000" extractCount="10000" duration="14223000"/>
			<Sample nodeCount="41" insertCount="10000" extractCount="10000" duration="14480000"/>
			<Sample nodeCount="42" insertCount="10000" extractCount="10000" duration="14525000"/>
			<Sample nodeCount="43" insertCount="10000" extractCount="10000" duration="15238000"/>
			<Sample nodeCount="44" insertCount="10000" extractCount="10000" duration="15449000"/>
			<Sample nodeCount="45" insertCount="10000" extractCount="10000" duration="16012000"/>
			<Sample nodeCount="46" insertCount="10000" extractCount="10000" duration="16021000"/>
			<Sample nodeCount="47" insertCount="10000" extractCount="10000" duration="17364000"/>
			<Sample nodeCount="48" insertCount="10000" extractCount="10000" duration="17816000"/>
			<Sample nodeCount="49" insertCount="10000" extractCount="10000" duration="17966000"/>
			<Sample nodeCount="50" insertCount="10000" extractCount="10000" duration="18136000"/>
			<Sample nodeCount="51" insertCount="10000" extractCount="10000" duration="18767000"/>
			<Sample nodeCount="52" insertCount="10000" extractCount="10000" duration="19119000"/>
			<Sample nodeCount="53" insertCount="10000" extractCount="10000" duration="20158000"/>
			<Sample nodeCount="54" insertCount="10000" extractCount="10000" duration="20047000"/>
			<Sample nodeCount="55" insertCount="10000" extractCount="10000" duration="20743000"/>
			<Sample nodeCount="56" insertCount="10000" extractCount="10000" duration="21331000"/>
			<Sample nodeCount="57" insertCount="10000" extractCount="10000" duration="21682000"/>
			<Sample nodeCount="58" insertCount="10000" extractCount="10000" duration="21666000"/>
			<Sample nodeCount="59" insertCount="10000" extractCount="10000" duration="22832000"/>
			<Sample nodeCount="60" insertCount="10000" extractCount="10000" duration="22964000"/>
			<Sample nodeCount="61" insertCount="10000" extractCount="10000" duration="23209000"/>
			<Sample nodeCount="62" insertCount="10000" extractCount="10000" duration="23532000"/>
			<Sample nodeCount="63" insertCount="10000" extractCount="10000" duration="24576000"/>
			<Sample nodeCount="64" insertCount="10000" extractCount="10000" duration="24621000"/>
			<Sample nodeCount="65" insertCount="10000" extractCount="10000" duration="25121000"/>
			<Sample nodeCount="66" insertCount="10000" extractCount="10000" duration="25511000"/>
			<Sample nodeCount="67" insertCount="10000" extractCount="10000" duration="26207000"/>
			<Sample nodeCount="68" insertCount="10000" extractCount="10000" duration="26223000"/>
			<Sample nodeCount="69" insertCount="10000" extractCount="10000" duration="26533000"/>
			<Sample nodeCount="70" insertCount="10000" extractCount="10000" duration="26785000"/>
			<Sample nodeCount="71" insertCount="10000" extractCount="10000" duration="27332000"/>
			<Sample nodeCount="72" insertCount="10000" extractCount="10000" duration="28435000"/>
			<Sample nodeCount="73" insertCount="10000" extractCount="10000" duration="29679000"/>
			<Sample nodeCount="74" insertCount="10000" extractCount="10000" duration="30079000"/>
			<Sample nodeCount="75" insertCount="10000" extractCount="10000" duration="29530000"/>
			<Sample nodeCount="76" insertCount="10000" extractCount="10000" duration="29876000"/>
			<Sample nodeCount="77" insertCount="10000" extractCount="10000" duration="30171000"/>
			<Sample nodeCount="78" insertCount="10000" extractCount="10000" duration="30367000"/>
			<Sample nodeCount="79" insertCount="10000" extractCount="10000" duration="31707000"/>
			<Sample nodeCount="80" insertCount="10000" extractCount="10000" duration="32074000"/>
			<Sample nodeCount="81" insertCount="10000" extractCount="10000" duration="32111000"/>
			<Sample nodeCount="82" insertCount="10000" extractCount="10000" duration="32664000"/>
			<Sample nodeCount="83" insertCount="10000" extractCount="10000" duration="33319000"/>
			<Sample nodeCount="84" insertCount="10000" extractCount="10000" duration="33977000"/>
			<Sample nodeCount="85" insertCount="10000" extractCount="10000" duration="34151000"/>
			<Sample nodeCount="86" insertCount="10000" extractCount="10000" duration="34417000"/>
			<Sample nodeCount="87" insertCount="10000" extractCount="10000" duration="34964000"/>
			<Sample nodeCount="88" insertCount="10000" extractCount="10000" duration="35320000"/>
			<Sample nodeCount="89" insertCount="10000" extractCount="10000" duration="37366000"/>
			<Sample nodeCount="90" insertCount="10000" extractCount="10000" duration="37507000"/>
			<Sample nodeCount="91" insertCount="10000" extractCount="10000" duration="38011000"/>
			<Sample nodeCount="92" insertCount="10000" extractCount="10000" duration="38968000"/>
			<Sample nodeCount="93" insertCount="10000" extractCount="10000" duration="39257000"/>
			<Sample nodeCount="94" insertCount="10000" extractCount="10000" duration="40191000"/>
			<Sample nodeCount="95" insertCount="10000" extractCount="10000" duration="41072000"/>
			<Sample nodeCount="96" insertCount="10000" extractCount="10000" duration="40919000"/>
			<Sample nodeCount="97" insertCount="10000" extractCount="10000" duration="40938000"/>
			<Sample nodeCount="98" insertCount="10000" extractCount="10000" duration="42195000"/>
			<Sample nodeCount="99" insertCount="10000" extractCount="10000" duration="42461000"/>
			<Sample nodeCount="100" insertCount="10000" extractCount="10000" duration="43141000"/>
			<Sample nodeCount="101" insertCount="10000" extractCount="10000" duration="43128000"/>
			<Sample nodeCount="102" insertCount="10000" extractCount="10000" duration="43904000"/>
			<Sample nodeCount="103" insertCount="10000" extractCount="10000" duration="44240000"/>
			<Sample nodeCount="104" insertCount="10000" extractCount="10000" duration="44460000"/>
			<Sample nodeCount="105" insertCount="10000" extractCount="10000" duration="44933000"/>
			<Sample nodeCount="106" insertCount="10000" extractCount="10000" duration="45610000"/>
			<Sample nodeCount="107" insertCount="10000" extractCount="10000" duration="45988000"/>
			<Sample nodeCount="108" insertCount="10000" extractCount="10000" duration="46401000"/>
			<Sample nodeCount="109" insertCount="10000" extractCount="10000" duration="46567000"/>
			<Sample nodeCount="110" insertCount="10000" extractCount="10000" duration="47241000"/>
			<Sample nodeCount="111" insertCount="10000" extractCount="10000" duration="48334000"/>
			<Sample nodeCount="112" insertCount="10000" extractCount="10000" duration="49734000"/>
			<Sample nodeCount="113" insertCount="10000" extractCount="10000" duration="48853000"/>
			<Sample nodeCount="114" insertCount="10000" extractCount="10000" duration="48836000"/>
			<Sample nodeCount="115" insertCount="10000" extractCount="10000" duration="49556000"/>
			<Sample nodeCount="116" insertCount="10000" extractCount="10000" duration="50098000"/>
			<Sample nodeCount="117" insertCount="10000" extractCount="10000" duration="50560000"/>
			<Sample nodeCount="118" insertCount="10000" extractCount="10000" duration="50859000"/>
			<Sample nodeCount="119" insertCount="10000" extractCount="10000" duration="52092000"/>
			<Sample nodeCount="120" insertCount="10000" extractCount="10000" duration="52253000"/>
			<Sample nodeCount="121" insertCount="10000" extractCount="10000" duration="52290000"/>
			<Sample nodeCount="122" insertCount="10000" extractCount="10000" duration="54087000"/>
			<Sample nodeCount="123" insertCount="10000" extractCount="10000" duration="53797000"/>
			<Sample nodeCount="124" insertCount="10000" extractCount="10000" duration="54240000"/>
			<Sample nodeCount="125" insertCount="10000" extractCount="10000" duration="54749000"/>
			<Sample nodeCount="126" insertCount="10000" extractCount="10000" duration="54833000"/>
			<Sample nodeCount="127" insertCount="10000" extractCount="10000" duration="56072000"/>
		</SmallSetLinear>
		<LargeSetLinear>
		</LargeSetLinear>
	</RBTest>
	<RBTest implementation="bheap" nodeSize="24">
		<SmallSetRandomOps>
			<Sample nodeCount="1" insertCount="62" extractCount="61" duration="4000"/>
			<Sample nodeCount="2" insertCount="123" extractCount="123" duration="9000"/>
			<Sample nodeCount="3" insertCount="186" extractCount="183" duration="12000"/>
			<Sample nodeCount="4" insertCount="247" extractCount="245" duration="27000"/>
			<Sample nodeCount="5" insertCount="309" extractCount="306" duration="21000"/>
			<Sample nodeCount="6" insertCount="370" extractCount="368" duration="26000"/>
			<Sample nodeCount="7" insertCount="433" extractCount="428" duration="32000"/>
			<Sample nodeCount="8" insertCount="493" extractCount="491" duration="36000"/>
			<Sample nodeCount="9" insertCount="557" extractCount="550" duration="42000"/>
			<Sample nodeCount="10" insertCount="619" extractCount="611" duration="47000"/>
			<Sample nodeCount="11" insertCount="680" extractCount="673" duration="53000"/>
			<Sample nodeCount="12" insertCount="740" extractCount="736" duration="60000"/>
			<Sample nodeCount="13" insertCount="803" extractCount="796" duration="66000"/>
			<Sample nodeCount="14" insertCount="864" extractCount="858" duration="73000"/>
			<Sample nodeCount="15" insertCount="927" extractCount="918" duration="78000"/>
			<Sample nodeCount="16" insertCount="988" extractCount="980" duration="83000"/>
			<Sample nodeCount="17" insertCount="1050" extractCount="1041" duration="90000"/>
			<Sample nodeCount="18" insertCount="1113" extractCount="1101" duration="97000"/>
			<Sample nodeCount="19" insertCount="1172" extractCount="1165" duration="100000"/>
			<Sample nodeCount="20" insertCount="1237" extractCount="1223" duration="107000"/>
			<Sample nodeCount="21" insertCount="1296" extractCount="1287" duration="109000"/>
			<Sample nodeCount="22" insertCount="1359" extractCount="1347" duration="117000"/>
			<Sample nodeCount="23" insertCount="1419" extractCount="1410" duration="124000"/>
			<Sample nodeCount="24" insertCount="1484" extractCount="1468" duration="127000"/>
			<Sample nodeCount="25" insertCount="1544" extractCount="1531" duration="139000"/>
			<Sample nodeCount="26" insertCount="1604" extractCount="1594" duration="141000"/>
			<Sample nodeCount="27" insertCount="1668" extractCount="1653" duration="147000"/>
			<Sample nodeCount="28" insertCount="1729" extractCount="1715" duration="154000"/>
			<Sample nodeCount="29" insertCount="1790" extractCount="1777" duration="163000"/>
			<Sample nodeCount="30" insertCount="1851" extractCount="1839" duration="170000"/>
			<Sample nodeCount="31" insertCount="1914" extractCount="1899" duration="178000"/>
			<Sample nodeCount="32" insertCount="1977" extractCount="1959" duration="182000"/>
			<Sample nodeCount="33" insertCount="2041" extractCount="2018" duration="187000"/>
			<Sample nodeCount="34" insertCount="2097" extractCount="2085" duration="192000"/>
			<Sample nodeCount="35" insertCount="2160" extractCount="2145" duration="200000"/>
			<Sample nodeCount="36" insertCount="2221" extractCount="2207" duration="206000"/>
			<Sample nodeCount="37" insertCount="2285" extractCount="2266" duration="211000"/>
			<Sample nodeCount="38" insertCount="2346" extractCount="2328" duration="216000"/>
			<Sample nodeCount="39" insertCount="2408" extractCount="2389" duration="266000"/>
			<Sample nodeCount="40" insertCount="2471" extractCount="2449" duration="236000"/>
			<Sample nodeCount="41" insertCount="2531" extractCount="2512" duration="241000"/>
			<Sample nodeCount="42" insertCount="2593" extractCount="2573" duration="253000"/>
			<Sample nodeCount="43" insertCount="2656" extractCount="2633" duration="245000"/>
			<Sample nodeCount="44" insertCount="2717" extractCount="2695" duration="252000"/>
			<Sample nodeCount="45" insertCount="2776" extractCount="2759" duration="261000"/>
			<Sample nodeCount="46" insertCount="2840" extractCount="2818" duration="262000"/>
			<Sample nodeCount="47" insertCount="2902" extractCount="2879" duration="270000"/>
			<Sample nodeCount="48" insertCount="2966" extractCount="2938" duration="278000"/>
			<Sample nodeCount="49" insertCount="3026" extractCount="3001" duration="285000"/>
			<Sample nodeCount="50" insertCount="3084" extractCount="3066" duration="289000"/>
			<Sample nodeCount="51" insertCount="3151" extractCount="3122" duration="295000"/>
			<Sample nodeCount="52" insertCount="3209" extractCount="3187" duration="303000"/>
			<Sample nodeCount="53" insertCount="3273" extractCount="3246" duration="335000"/>
			<Sample nodeCount="54" insertCount="3337" extractCount="3305" duration="316000"/>
			<Sample nodeCount="55" insertCount="3400" extractCount="3365" duration="318000"/>
			<Sample nodeCount="56" insertCount="3458" extractCount="3430" duration="328000"/>
			<Sample nodeCount="57" insertCount="3521" extractCount="3490" duration="335000"/>
			<Sample nodeCount="58" insertCount="3580" extractCount="3554" duration="343000"/>
			<Sample nodeCount="59" insertCount="3647" extractCount="3610" duration="351000"/>
			<Sample nodeCount="60" insertCount="3706" extractCount="3674" duration="392000"/>
			<Sample nodeCount="61" insertCount="3766" extractCount="3737" duration="375000"/>
			<Sample nodeCount="62" insertCount="3828" extractCount="3798" duration="368000"/>
			<Sample nodeCount="63" insertCount="3888" extractCount="3861" duration="375000"/>
			<Sample nodeCount="64" insertCount="3952" extractCount="3920" duration="380000"/>
			<Sample nodeCount="65" insertCount="4014" extractCount="3981" duration="388000"/>
			<Sample nodeCount="66" insertCount="4077" extractCount="4041" duration="394000"/>
			<Sample nodeCount="67" insertCount="4136" extractCount="4105" duration="400000"/>
			<Sample nodeCount="68" insertCount="4200" extractCount="4164" duration="403000"/>
			<Sample nodeCount="69" insertCount="4263" extractCount="4224" duration="413000"/>
			<Sample nodeCount="70" insertCount="4325" extractCount="4285" duration="415000"/>
			<Sample nodeCount="71" insertCount="4381" extractCount="4352" duration="420000"/>
			<Sample nodeCount="72" insertCount="4448" extractCount="4408" duration="426000"/>
			<Sample nodeCount="73" insertCount="4507" extractCount="4472" duration="455000"/>
			<Sample nodeCount="74" insertCount="4571" extractCount="4531" duration="435000"/>
			<Sample nodeCount="75" insertCount="4631" extractCount="4594" duration="444000"/>
			<Sample nodeCount="76" insertCount="4693" extractCount="4655" duration="465000"/>
			<Sample nodeCount="77" insertCount="4755" extractCount="4716" duration="466000"/>
			<Sample nodeCount="78" insertCount="4817" extractCount="4777" duration="498000"/>
			<Sample nodeCount="79" insertCount="4877" extractCount="4840" duration="465000"/>
			<Sample nodeCount="80" insertCount="4942" extractCount="4898" duration="472000"/>
			<Sample nodeCount="81" insertCount="5002" extractCount="4961" duration="480000"/>
			<Sample nodeCount="82" insertCount="5063" extractCount="5023" duration="485000"/>
			<Sample nodeCount="83" insertCount="5124" extractCount="5085" duration="492000"/>
			<Sample nodeCount="84" insertCount="5187" extractCount="5145" duration="495000"/>
			<Sample nodeCount="85" insertCount="5250" extractCount="5205" duration="506000"/>
			<Sample nodeCount="86" insertCount="5314" extractCount="5264" duration="540000"/>
			<Sample nodeCount="87" insertCount="5374" extractCount="5327" duration="581000"/>
			<Sample nodeCount="88" insertCount="5432" extractCount="5392" duration="543000"/>
			<Sample nodeCount="89" insertCount="5490" extractCount="5457" duration="551000"/>
			<Sample nodeCount="90" insertCount="5559" extractCount="5511" duration="556000"/>
			<Sample nodeCount="91" insertCount="5621" extractCount="5572" duration="563000"/>
			<Sample nodeCount="92" insertCount="5680" extractCount="5636" duration="570000"/>
			<Sample nodeCount="93" insertCount="5740" extractCount="5699" duration="611000"/>
			<Sample nodeCount="94" insertCount="5803" extractCount="5759" duration="583000"/>
			<Sample nodeCount="95" insertCount="5862" extractCount="5823" duration="594000"/>
			<Sample nodeCount="96" insertCount="5929" extractCount="5879" duration="649000"/>
			<Sample nodeCount="97" insertCount="5993" extractCount="5938" duration="605000"/>
			<Sample nodeCount="98" insertCount="6055" extractCount="5999" duration="613000"/>
			<Sample nodeCount="99" insertCount="6113" extractCount="6064" duration="626000"/>
			<Sample nodeCount="100" insertCount="6172" extractCount="6128" duration="624000"/>
			<Sample nodeCount="101" insertCount="6238" extractCount="6185" duration="628000"/>
			<Sample nodeCount="102" insertCount="6299" extractCount="6247" duration="636000"/>
			<Sample nodeCount="103" insertCount="6363" extractCount="6306" duration="640000"/>
			<Sample nodeCount="104" insertCount="6426" extractCount="6366" duration="646000"/>
			<Sample nodeCount="105" insertCount="6481" extractCount="6434" duration="660000"/>
			<Sample nodeCount="106" insertCount="6544" extractCount="6494" duration="659000"/>
			<Sample nodeCount="107" insertCount="6607" extractCount="6554" duration="639000"/>
			<Sample nodeCount="108" insertCount="6669" extractCount="6615" duration="644000"/>
			<Sample nodeCount="109" insertCount="6732" extractCount="6675" duration="651000"/>
			<Sample nodeCount="110" insertCount="6794" extractCount="6736" duration="659000"/>
			<Sample nodeCount="111" insertCount="6852" extractCount="6801" duration="685000"/>
			<Sample nodeCount="112" insertCount="6918" extractCount="6858" duration="791000"/>
			<Sample nodeCount="113" insertCount="6981" extractCount="6918" duration="811000"/>
			<Sample nodeCount="114" insertCount="7041" extractCount="6981" duration="824000"/>
			<Sample nodeCount="115" insertCount="7103" extractCount="7042" duration="865000"/>
			<Sample nodeCount="116" insertCount="7164" extractCount="7104" duration="720000"/>
			<Sample nodeCount="117" insertCount="7225" extractCount="7166" duration="712000"/>
			<Sample nodeCount="118" insertCount="7291" extractCount="7223" duration="713000"/>
			<Sample nodeCount="119" insertCount="7350" extractCount="7287" duration="788000"/>
			<Sample nodeCount="120" insertCount="7410" extractCount="7350" duration="854000"/>
			<Sample nodeCount="121" insertCount="7471" extractCount="7412" duration="827000"/>
			<Sample nodeCount="122" insertCount="7537" extractCount="7469" duration="744000"/>
			<Sample nodeCount="123" insertCount="7593" extractCount="7536" duration="797000"/>
			<Sample nodeCount="124" insertCount="7658" extractCount="7594" duration="782000"/>
			<Sample nodeCount="125" insertCount="7718" extractCount="7657" duration="820000"/>
			<Sample nodeCount="126" insertCount="7781" extractCount="7717" duration="769000"/>
			<Sample nodeCount="127" insertCount="7840" extractCount="7781" duration="786000"/>
		</SmallSetRandomOps>
		<LargeSetRandomOps>
		</LargeSetRandomOps>
		<SmallSetLinear>
			<Sample nodeCount="1" insertCount="10000" extractCount="10000" duration="86000"/>
			<Sample nodeCount="2" insertCount="10000" extractCount="10000" duration="191000"/>
			<Sample nodeCount="3" insertCount="10000" extractCount="10000" duration="340000"/>
			<Sample nodeCount="4" insertCount="10000" extractCount="10000" duration="572000"/>
			<Sample nodeCount="5" insertCount="10000" extractCount="10000" duration="940000"/>
			<Sample nodeCount="6" insertCount="10000" extractCount="10000" duration="1220000"/>
			<Sample nodeCount="7" insertCount="10000" extractCount="10000" duration="1559000"/>
			<Sample nodeCount="8" insertCount="10000" extractCount="10000" duration="1971000"/>
			<Sample nodeCount="9" insertCount="10000" extractCount="10000" duration="2536000"/>
			<Sample nodeCount="10" insertCount="10000" extractCount="10000" duration="2933000"/>
			<Sample nodeCount="11" insertCount="10000" extractCount="10000" duration="3149000"/>
			<Sample nodeCount="12" insertCount="10000" extractCount="10000" duration="3745000"/>
			<Sample nodeCount="13" insertCount="10000" extractCount="10000" duration="4285000"/>
			<Sample nodeCount="14" insertCount="10000" extractCount="10000" duration="4709000"/>
			<Sample nodeCount="15" insertCount="10000" extractCount="10000" duration="5105000"/>
			<Sample nodeCount="16" insertCount="10000" extractCount="10000" duration="5679000"/>
			<Sample nodeCount="17" insertCount="10000" extractCount="10000" duration="6001000"/>
			<Sample nodeCount="18" insertCount="10000" extractCount="10000" duration="6848000"/>
			<Sample nodeCount="19" insertCount="10000" extractCount="10000" duration="7564000"/>
			<Sample nodeCount="20" insertCount="10000" extractCount="10000" duration="8450000"/>
			<Sample nodeCount="21" insertCount="10000" extractCount="10000" duration="8690000"/>
			<Sample nodeCount="22" insertCount="10000" extractCount="10000" duration="10023000"/>
			<Sample nodeCount="23" insertCount="10000" extractCount="10000" duration="10155000"/>
			<Sample nodeCount="24" insertCount="10000" extractCount="10000" duration="10734000"/>
			<Sample nodeCount="25" insertCount="10000" extractCount="10000" duration="11402000"/>
			<Sample nodeCount="26" insertCount="10000" extractCount="10000" duration="13778000"/>
			<Sample nodeCount="27" insertCount="10000" extractCount="10000" duration="14792000"/>
			<Sample nodeCount="28" insertCount="10000" extractCount="10000" duration="15882000"/>
			<Sample nodeCount="29" insertCount="10000" extractCount="10000" duration="16160000"/>
			<Sample nodeCount="30" insertCount="10000" extractCount="10000" duration="16960000"/>
			<Sample nodeCount="31" insertCount="10000" extractCount="10000" duration="17724000"/>
			<Sample nodeCount="32" insertCount="10000" extractCount="10000" duration="17736000"/>
			<Sample nodeCount="33" insertCount="10000" extractCount="10000" duration="17884000"/>
			<Sample nodeCount="34" insertCount="10000" extractCount="10000" duration="19762000"/>
			<Sample nodeCount="35" insertCount="10000" extractCount="10000" duration="20809000"/>
			<Sample nodeCount="36" insertCount="10000" extractCount="10000" duration="21396000"/>
			<Sample nodeCount="37" insertCount="10000" extractCount="10000" duration="22136000"/>
			<Sample nodeCount="38" insertCount="10000" extractCount="10000" duration="23257000"/>
			<Sample nodeCount="39" insertCount="10000" extractCount="10000" duration="24165000"/>
			<Sample nodeCount="40" insertCount="10000" extractCount="10000" duration="24523000"/>
			<Sample nodeCount="41" insertCount="10000" extractCount="10000" duration="25444000"/>
			<Sample nodeCount="42" insertCount="10000" extractCount="10000" duration="26289000"/>
			<Sample nodeCount="43" insertCount="10000" extractCount="10000" duration="27733000"/>
			<Sample nodeCount="44" insertCount="10000" extractCount="10000" duration="28006000"/>
			<Sample nodeCount="45" insertCount="10000" extractCount="10000" duration="27424000"/>
			<Sample nodeCount="46" insertCount="10000" extractCount="10000" duration="28827000"/>
			<Sample nodeCount="47" insertCount="10000" extractCount="10000" duration="29225000"/>
			<Sample nodeCount="48" insertCount="10000" extractCount="10000" duration="30484000"/>
			<Sample nodeCount="49" insertCount="10000" extractCount="10000" duration="31888000"/>
			<Sample nodeCount="50" insertCount="10000" extractCount="10000" duration="31227000"/>
			<Sample nodeCount="51" insertCount="10000" extractCount="10000" duration="32585000"/>
			<Sample nodeCount="52" insertCount="10000" extractCount="10000" duration="33709000"/>
			<Sample nodeCount="53" insertCount="10000" extractCount="10000" duration="33512000"/>
			<Sample nodeCount="54" insertCount="10000" extractCount="10000" duration="34256000"/>
			<Sample nodeCount="55" insertCount="10000" extractCount="10000" duration="34577000"/>
			<Sample nodeCount="56" insertCount="10000" extractCount="10000" duration="35795000"/>
			<Sample nodeCount="57" insertCount="10000" extractCount="10000" duration="35972000"/>
			<Sample nodeCount="58" insertCount="10000" extractCount="10000" duration="37280000"/>
			<Sample nodeCount="59" insertCount="10000" extractCount="10000" duration="37223000"/>
			<Sample nodeCount="60" insertCount="10000" extractCount="10000" duration="38030000"/>
			<Sample nodeCount="61" insertCount="10000" extractCount="10000" duration="38996000"/>
			<Sample nodeCount="62" insertCount="10000" extractCount="10000" duration="39478000"/>
			<Sample nodeCount="63" insertCount="10000" extractCount="10000" duration="41261000"/>
			<Sample nodeCount="64" insertCount="10000" extractCount="10000" duration="41114000"/>
			<Sample nodeCount="65" insertCount="10000" extractCount="10000" duration="42309000"/>
			<Sample nodeCount="66" insertCount="10000" extractCount="10000" duration="43405000"/>
			<Sample nodeCount="67" insertCount="10000" extractCount="10000" duration="43892000"/>
			<Sample nodeCount="68" insertCount="10000" extractCount="10000" duration="45579000"/>
			<Sample nodeCount="69" insertCount="10000" extractCount="10000" duration="45969000"/>
			<Sample nodeCount="70" insertCount="10000" extractCount="10000" duration="47277000"/>
			<Sample nodeCount="71" insertCount="10000" extractCount="10000" duration="47515000"/>
			<Sample nodeCount="72" insertCount="10000" extractCount="10000" duration="49006000"/>
			<Sample nodeCount="73" insertCount="10000" extractCount="10000" duration="49260000"/>
			<Sample nodeCount="74" insertCount="10000" extractCount="10000" duration="51368000"/>
			<Sample nodeCount="75" insertCount="10000" extractCount="10000" duration="51118000"/>
			<Sample nodeCount="76" insertCount="10000" extractCount="10000" duration="51858000"/>
			<Sample nodeCount="77" insertCount="10000" extractCount="10000" duration="52778000"/>
			<Sample nodeCount="78" insertCount="10000" extractCount="10000" duration="54161000"/>
			<Sample nodeCount="79" insertCount="10000" extractCount="10000" duration="53892000"/>
			<Sample nodeCount="80" insertCount="10000" extractCount="10000" duration="55834000"/>
			<Sample nodeCount="81" insertCount="10000" extractCount="10000" duration="56153000"/>
			<Sample nodeCount="82" insertCount="10000" extractCount="10000" duration="57439000"/>
			<Sample nodeCount="83" insertCount="10000" extractCount="10000" duration="58591000"/>
			<Sample nodeCount="84" insertCount="10000" extractCount="10000" duration="58895000"/>
			<Sample nodeCount="85" insertCount="10000" extractCount="10000" duration="59703000"/>
			<Sample nodeCount="86" insertCount="10000" extractCount="10000" duration="60611000"/>
			<Sample nodeCount="87" insertCount="10000" extractCount="10000" duration="61763000"/>
			<Sample nodeCount="88" insertCount="10000" extractCount="10000" duration="63019000"/>
			<Sample nodeCount="89" insertCount="10000" extractCount="10000" duration="63790000"/>
			<Sample nodeCount="90" insertCount="10000" extractCount="10000" duration="64539000"/>
			<Sample nodeCount="91" insertCount="10000" extractCount="10000" duration="66193000"/>
			<Sample nodeCount="92" insertCount="10000" extractCount="10000" duration="67114000"/>
			<Sample nodeCount="93" insertCount="10000" extractCount="10000" duration="66917000"/>
			<Sample nodeCount="94" insertCount="10000" extractCount="10000" duration="68611000"/>
			<Sample nodeCount="95" insertCount="10000" extractCount="10000" duration="68675000"/>
			<Sample nodeCount="96" insertCount="10000" extractCount="10000" duration="69957000"/>
			<Sample nodeCount="97" insertCount="10000" extractCount="10000" duration="70002000"/>
			<Sample nodeCount="98" insertCount="10000" extractCount="10000" duration="72140000"/>
			<Sample nodeCount="99" insertCount="10000" extractCount="10000" duration="73061000"/>
			<Sample nodeCount="100" insertCount="10000" extractCount="10000" duration="73764000"/>
			<Sample nodeCount="101" insertCount="10000" extractCount="10000" duration="73585000"/>
			<Sample nodeCount="102" insertCount="10000" extractCount="10000" duration="75284000"/>
			<Sample nodeCount="103" insertCount="10000" extractCount="10000" duration="74904000"/>
			<Sample nodeCount="104" insertCount="10000" extractCount="10000" duration="77382000"/>
			<Sample nodeCount="105" insertCount="10000" extractCount="10000" duration="78780000"/>
			<Sample nodeCount="106" insertCount="10000" extractCount="10000" duration="79065000"/>
			<Sample nodeCount="107" insertCount="10000" extractCount="10000" duration="79010000"/>
			<Sample nodeCount="108" insertCount="10000" extractCount="10000" duration="81339000"/>
			<Sample nodeCount="109" insertCount="10000" extractCount="10000" duration="81861000"/>
			<Sample nodeCount="110" insertCount="10000" extractCount="10000" duration="82711000"/>
			<Sample nodeCount="111" insertCount="10000" extractCount="10000" duration="83616000"/>
			<Sample nodeCount="112" insertCount="10000" extractCount="10000" duration="85375000"/>
			<Sample nodeCount="113" insertCount="10000" extractCount="10000" duration="86381000"/>
			<Sample nodeCount="114" insertCount="10000" extractCount="10000" duration="87103000"/>
			<Sample nodeCount="115" insertCount="10000" extractCount="10000" duration="88334000"/>
			<Sample nodeCount="116" insertCount="10000" extractCount="10000" duration="88982000"/>
			<Sample nodeCount="117" insertCount="10000" extractCount="10000" duration="90696000"/>
			<Sample nodeCount="118" insertCount="10000" extractCount="10000" duration="90197000"/>
			<Sample nodeCount="119" insertCount="10000" extractCount="10000" duration="91522000"/>
			<Sample nodeCount="120" insertCount="10000" extractCount="10000" duration="92267000"/>
			<Sample nodeCount="121" insertCount="10000" extractCount="10000" duration="92416000"/>
			<Sample nodeCount="122" insertCount="10000" extractCount="10000" duration="93862000"/>
			<Sample nodeCount="123" insertCount="10000" extractCount="10000" duration="94772000"/>
			<Sample nodeCount="124" insertCount="10000" extractCount="10000" duration="96842000"/>
			<Sample nodeCount="125" insertCount="10000" extractCount="10000" duration="97689000"/>
			<Sample nodeCount="126" insertCount="10000" extractCount="10000" duration="97257000"/>
			<Sample nodeCount="127" insertCount="10000" extractCount="10000" duration="98256000"/>
		</SmallSetLinear>
		<LargeSetLinear>
		</LargeSetLinear>
	</RBTest>
	<RBTest implementation="JFFS2" nodeSize="32">
		<SmallSetRandomOps>
			<Sample nodeCount="1" insertCount="62" extractCount="61" duration="3000"/>
			<Sample nodeCount="2" insertCount="123" extractCount="123" duration="7000"/>
			<Sample nodeCount="3" insertCount="186" extractCount="183" duration="12000"/>
			<Sample nodeCount="4" insertCount="247" extractCount="245" duration="18000"/>
			<Sample nodeCount="5" insertCount="309" extractCount="306" duration="24000"/>
			<Sample nodeCount="6" insertCount="370" extractCount="368" duration="30000"/>
			<Sample nodeCount="7" insertCount="433" extractCount="428" duration="37000"/>
			<Sample nodeCount="8" insertCount="493" extractCount="491" duration="43000"/>
			<Sample nodeCount="9" insertCount="557" extractCount="550" duration="52000"/>
			<Sample nodeCount="10" insertCount="619" extractCount="611" duration="57000"/>
			<Sample nodeCount="11" insertCount="680" extractCount="673" duration="67000"/>
			<Sample nodeCount="12" insertCount="740" extractCount="736" duration="74000"/>
			<Sample nodeCount="13" insertCount="803" extractCount="796" duration="82000"/>
			<Sample nodeCount="14" insertCount="864" extractCount="858" duration="89000"/>
			<Sample nodeCount="15" insertCount="927" extractCount="918" duration="96000"/>
			<Sample nodeCount="16" insertCount="988" extractCount="980" duration="103000"/>
			<Sample nodeCount="17" insertCount="1050" extractCount="1041" duration="112000"/>
			<Sample nodeCount="18" insertCount="1113" extractCount="1101" duration="147000"/>
			<Sample nodeCount="19" insertCount="1172" extractCount="1165" duration="147000"/>
			<Sample nodeCount="20" insertCount="1237" extractCount="1223" duration="139000"/>
			<Sample nodeCount="21" insertCount="1296" extractCount="1287" duration="147000"/>
			<Sample nodeCount="22" insertCount="1359" extractCount="1347" duration="154000"/>
			<Sample nodeCount="23" insertCount="1419" extractCount="1410" duration="173000"/>
			<Sample nodeCount="24" insertCount="1484" extractCount="1468" duration="166000"/>
			<Sample nodeCount="25" insertCount="1544" extractCount="1531" duration="173000"/>
			<Sample nodeCount="26" insertCount="1604" extractCount="1594" duration="180000"/>
			<Sample nodeCount="27" insertCount="1668" extractCount="1653" duration="189000"/>
			<Sample nodeCount="28" insertCount="1729" extractCount="1715" duration="196000"/>
			<Sample nodeCount="29" insertCount="1790" extractCount="1777" duration="202000"/>
			<Sample nodeCount="30" insertCount="1851" extractCount="1839" duration="207000"/>
			<Sample nodeCount="31" insertCount="1914" extractCount="1899" duration="244000"/>
			<Sample nodeCount="32" insertCount="1977" extractCount="1959" duration="223000"/>
			<Sample nodeCount="33" insertCount="2041" extractCount="2018" duration="233000"/>
			<Sample nodeCount="34" insertCount="2097" extractCount="2085" duration="238000"/>
			<Sample nodeCount="35" insertCount="2160" extractCount="2145" duration="250000"/>
			<Sample nodeCount="36" insertCount="2221" extractCount="2207" duration="258000"/>
			<Sample nodeCount="37" insertCount="2285" extractCount="2266" duration="262000"/>
			<Sample nodeCount="38" insertCount="2346" extractCount="2328" duration="272000"/>
			<Sample nodeCount="39" insertCount="2408" extractCount="2389" duration="282000"/>
			<Sample nodeCount="40" insertCount="2471" extractCount="2449" duration="286000"/>
			<Sample nodeCount="41" insertCount="2531" extractCount="2512" duration="297000"/>
			<Sample nodeCount="42" insertCount="2593" extractCount="2573" duration="301000"/>
			<Sample nodeCount="43" insertCount="2656" extractCount="2633" duration="317000"/>
			<Sample nodeCount="44" insertCount="2717" extractCount="2695" duration="318000"/>
			<Sample nodeCount="45" insertCount="2776" extractCount="2759" duration="342000"/>
			<Sample nodeCount="46" insertCount="2840" extractCount="2818" duration="349000"/>
			<Sample nodeCount="47" insertCount="2902" extractCount="2879" duration="344000"/>
			<Sample nodeCount="48" insertCount="2966" extractCount="2938" duration="356000"/>
			<Sample nodeCount="49" insertCount="3026" extractCount="3001" duration="360000"/>
			<Sample nodeCount="50" insertCount="3084" extractCount="3066" duration="371000"/>
			<Sample nodeCount="51" insertCount="3151" extractCount="3122" duration="379000"/>
			<Sample nodeCount="52" insertCount="3209" extractCount="3187" duration="384000"/>
			<Sample nodeCount="53" insertCount="3273" extractCount="3246" duration="421000"/>
			<Sample nodeCount="54" insertCount="3337" extractCount="3305" duration="470000"/>
			<Sample nodeCount="55" insertCount="3400" extractCount="3365" duration="474000"/>
			<Sample nodeCount="56" insertCount="3458" extractCount="3430" duration="465000"/>
			<Sample nodeCount="57" insertCount="3521" extractCount="3490" duration="471000"/>
			<Sample nodeCount="58" insertCount="3580" extractCount="3554" duration="469000"/>
			<Sample nodeCount="59" insertCount="3647" extractCount="3610" duration="456000"/>
			<Sample nodeCount="60" insertCount="3706" extractCount="3674" duration="487000"/>
			<Sample nodeCount="61" insertCount="3766" extractCount="3737" duration="506000"/>
			<Sample nodeCount="62" insertCount="3828" extractCount="3798" duration="505000"/>
			<Sample nodeCount="63" insertCount="3888" extractCount="3861" duration="514000"/>
			<Sample nodeCount="64" insertCount="3952" extractCount="3920" duration="525000"/>
			<Sample nodeCount="65" insertCount="4014" extractCount="3981" duration="500000"/>
			<Sample nodeCount="66" insertCount="4077" extractCount="4041" duration="544000"/>
			<Sample nodeCount="67" insertCount="4136" extractCount="4105" duration="551000"/>
			<Sample nodeCount="68" insertCount="4200" extractCount="4164" duration="552000"/>
			<Sample nodeCount="69" insertCount="4263" extractCount="4224" duration="558000"/>
			<Sample nodeCount="70" insertCount="4325" extractCount="4285" duration="576000"/>
			<Sample nodeCount="71" insertCount="4381" extractCount="4352" duration="595000"/>
			<Sample nodeCount="72" insertCount="4448" extractCount="4408" duration="560000"/>
			<Sample nodeCount="73" insertCount="4507" extractCount="4472" duration="575000"/>
			<Sample nodeCount="74" insertCount="4571" extractCount="4531" duration="582000"/>
			<Sample nodeCount="75" insertCount="4631" extractCount="4594" duration="597000"/>
			<Sample nodeCount="76" insertCount="4693" extractCount="4655" duration="670000"/>
			<Sample nodeCount="77" insertCount="4755" extractCount="4716" duration="667000"/>
			<Sample nodeCount="78" insertCount="4817" extractCount="4777" duration="657000"/>
			<Sample nodeCount="79" insertCount="4877" extractCount="4840" duration="636000"/>
			<Sample nodeCount="80" insertCount="4942" extractCount="4898" duration="632000"/>
			<Sample nodeCount="81" insertCount="5002" extractCount="4961" duration="650000"/>
			<Sample nodeCount="82" insertCount="5063" extractCount="5023" duration="657000"/>
			<Sample nodeCount="83" insertCount="5124" extractCount="5085" duration="679000"/>
			<Sample nodeCount="84" insertCount="5187" extractCount="5145" duration="718000"/>
			<Sample nodeCount="85" insertCount="5250" extractCount="5205" duration="705000"/>
			<Sample nodeCount="86" insertCount="5314" extractCount="5264" duration="718000"/>
			<Sample nodeCount="87" insertCount="5374" extractCount="5327" duration="681000"/>
			<Sample nodeCount="88" insertCount="5432" extractCount="5392" duration="694000"/>
			<Sample nodeCount="89" insertCount="5490" extractCount="5457" duration="730000"/>
			<Sample nodeCount="90" insertCount="5559" extractCount="5511" duration="704000"/>
			<Sample nodeCount="91" insertCount="5621" extractCount="5572" duration="713000"/>
			<Sample nodeCount="92" insertCount="5680" extractCount="5636" duration="723000"/>
			<Sample nodeCount="93" insertCount="5740" extractCount="5699" duration="728000"/>
			<Sample nodeCount="94" insertCount="5803" extractCount="5759" duration="752000"/>
			<Sample nodeCount="95" insertCount="5862" extractCount="5823" duration="815000"/>
			<Sample nodeCount="96" insertCount="5929" extractCount="5879" duration="774000"/>
			<Sample nodeCount="97" insertCount="5993" extractCount="5938" duration="787000"/>
			<Sample nodeCount="98" insertCount="6055" extractCount="5999" duration="769000"/>
			<Sample nodeCount="99" insertCount="6113" extractCount="6064" duration="839000"/>
			<Sample nodeCount="100" insertCount="6172" extractCount="6128" duration="793000"/>
			<Sample nodeCount="101" insertCount="6238" extractCount="6185" duration="799000"/>
			<Sample nodeCount="102" insertCount="6299" extractCount="6247" duration="809000"/>
			<Sample nodeCount="103" insertCount="6363" extractCount="6306" duration="823000"/>
			<Sample nodeCount="104" insertCount="6426" extractCount="6366" duration="820000"/>
			<Sample nodeCount="105" insertCount="6481" extractCount="6434" duration="832000"/>
			<Sample nodeCount="106" insertCount="6544" extractCount="6494" duration="894000"/>
			<Sample nodeCount="107" insertCount="6607" extractCount="6554" duration="890000"/>
			<Sample nodeCount="108" insertCount="6669" extractCount="6615" duration="916000"/>
			<Sample nodeCount="109" insertCount="6732" extractCount="6675" duration="868000"/>
			<Sample nodeCount="110" insertCount="6794" extractCount="6736" duration="867000"/>
			<Sample nodeCount="111" insertCount="6852" extractCount="6801" duration="877000"/>
			<Sample nodeCount="112" insertCount="6918" extractCount="6858" duration="891000"/>
			<Sample nodeCount="113" insertCount="6981" extractCount="6918" duration="895000"/>
			<Sample nodeCount="114" insertCount="7041" extractCount="6981" duration="985000"/>
			<Sample nodeCount="115" insertCount="7103" extractCount="7042" duration="951000"/>
			<Sample nodeCount="116" insertCount="7164" extractCount="7104" duration="958000"/>
			<Sample nodeCount="117" insertCount="7225" extractCount="7166" duration="979000"/>
			<Sample nodeCount="118" insertCount="7291" extractCount="7223" duration="975000"/>
			<Sample nodeCount="119" insertCount="7350" extractCount="7287" duration="945000"/>
			<Sample nodeCount="120" insertCount="7410" extractCount="7350" duration="950000"/>
			<Sample nodeCount="121" insertCount="7471" extractCount="7412" duration="965000"/>
			<Sample nodeCount="122" insertCount="7537" extractCount="7469" duration="995000"/>
			<Sample nodeCount="123" insertCount="7593" extractCount="7536" duration="975000"/>
			<Sample nodeCount="124" insertCount="7658" extractCount="7594" duration="1104000"/>
			<Sample nodeCount="125" insertCount="7718" extractCount="7657" duration="1102000"/>
			<Sample nodeCount="126" insertCount="7781" extractCount="7717" duration="1001000"/>
			<Sample nodeCount="127" insertCount="7840" extractCount="7781" duration="1016000"/>
		</SmallSetRandomOps>
		<LargeSetRandomOps>
		</LargeSetRandomOps>
		<SmallSetLinear>
			<Sample nodeCount="1" insertCount="10000" extractCount="10000" duration="149000"/>
			<Sample nodeCount="2" insertCount="10000" extractCount="10000" duration="285000"/>
			<Sample nodeCount="3" insertCount="10000" extractCount="10000" duration="478000"/>
			<Sample nodeCount="4" insertCount="10000" extractCount="10000" duration="763000"/>
			<Sample nodeCount="5" insertCount="10000" extractCount="10000" duration="991000"/>
			<Sample nodeCount="6" insertCount="10000" extractCount="10000" duration="1302000"/>
			<Sample nodeCount="7" insertCount="10000" extractCount="10000" duration="1628000"/>
			<Sample nodeCount="8" insertCount="10000" extractCount="10000" duration="2095000"/>
			<Sample nodeCount="9" insertCount="10000" extractCount="10000" duration="2428000"/>
			<Sample nodeCount="10" insertCount="10000" extractCount="10000" duration="2919000"/>
			<Sample nodeCount="11" insertCount="10000" extractCount="10000" duration="3401000"/>
			<Sample nodeCount="12" insertCount="10000" extractCount="10000" duration="3924000"/>
			<Sample nodeCount="13" insertCount="10000" extractCount="10000" duration="4372000"/>
			<Sample nodeCount="14" insertCount="10000" extractCount="10000" duration="5065000"/>
			<Sample nodeCount="15" insertCount="10000" extractCount="10000" duration="5418000"/>
			<Sample nodeCount="16" insertCount="10000" extractCount="10000" duration="5964000"/>
			<Sample nodeCount="17" insertCount="10000" extractCount="10000" duration="6592000"/>
			<Sample nodeCount="18" insertCount="10000" extractCount="10000" duration="6889000"/>
			<Sample nodeCount="19" insertCount="10000" extractCount="10000" duration="7626000"/>
			<Sample nodeCount="20" insertCount="10000" extractCount="10000" duration="8073000"/>
			<Sample nodeCount="21" insertCount="10000" extractCount="10000" duration="8545000"/>
			<Sample nodeCount="22" insertCount="10000" extractCount="10000" duration="9214000"/>
			<Sample nodeCount="23" insertCount="10000" extractCount="10000" duration="9729000"/>
			<Sample nodeCount="24" insertCount="10000" extractCount="10000" duration="10066000"/>
			<Sample nodeCount="25" insertCount="10000" extractCount="10000" duration="10675000"/>
			<Sample nodeCount="26" insertCount="10000" extractCount="10000" duration="11685000"/>
			<Sample nodeCount="27" insertCount="10000" extractCount="10000" duration="12090000"/>
			<Sample nodeCount="28" insertCount="10000" extractCount="10000" duration="12918000"/>
			<Sample nodeCount="29" insertCount="10000" extractCount="10000" duration="13351000"/>
			<Sample nodeCount="30" insertCount="10000" extractCount="10000" duration="13852000"/>
			<Sample nodeCount="31" insertCount="10000" extractCount="10000" duration="14449000"/>
			<Sample nodeCount="32" insertCount="10000" extractCount="10000" duration="15002000"/>
			<Sample nodeCount="33" insertCount="10000" extractCount="10000" duration="15792000"/>
			<Sample nodeCount="34" insertCount="10000" extractCount="10000" duration="16506000"/>
			<Sample nodeCount="35" insertCount="10000" extractCount="10000" duration="17236000"/>
			<Sample nodeCount="36" insertCount="10000" extractCount="10000" duration="18322000"/>
			<Sample nodeCount="37" insertCount="10000" extractCount="10000" duration="18326000"/>
			<Sample nodeCount="38" insertCount="10000" extractCount="10000" duration="18913000"/>
			<Sample nodeCount="39" insertCount="10000" extractCount="10000" duration="20056000"/>
			<Sample nodeCount="40" insertCount="10000" extractCount="10000" duration="20512000"/>
			<Sample nodeCount="41" insertCount="10000" extractCount="10000" duration="21127000"/>
			<Sample nodeCount="42" insertCount="10000" extractCount="10000" duration="21799000"/>
			<Sample nodeCount="43" insertCount="10000" extractCount="10000" duration="21813000"/>
			<Sample nodeCount="44" insertCount="10000" extractCount="10000" duration="22607000"/>
			<Sample nodeCount="45" insertCount="10000" extractCount="10000" duration="24371000"/>
			<Sample nodeCount="46" insertCount="10000" extractCount="10000" duration="24469000"/>
			<Sample nodeCount="47" insertCount="10000" extractCount="10000" duration="25025000"/>
			<Sample nodeCount="48" insertCount="10000" extractCount="10000" duration="25876000"/>
			<Sample nodeCount="49" insertCount="10000" extractCount="10000" duration="26908000"/>
			<Sample nodeCount="50" insertCount="10000" extractCount="10000" duration="27344000"/>
			<Sample nodeCount="51" insertCount="10000" extractCount="10000" duration="27774000"/>
			<Sample nodeCount="52" insertCount="10000" extractCount="10000" duration="30026000"/>
			<Sample nodeCount="53" insertCount="10000" extractCount="10000" duration="30750000"/>
			<Sample nodeCount="54" insertCount="10000" extractCount="10000" duration="31227000"/>
			<Sample nodeCount="55" insertCount="10000" extractCount="10000" duration="31571000"/>
			<Sample nodeCount="56" insertCount="10000" extractCount="10000" duration="32501000"/>
			<Sample nodeCount="57" insertCount="10000" extractCount="10000" duration="33313000"/>
			<Sample nodeCount="58" insertCount="10000" extractCount="10000" duration="34008000"/>
			<Sample nodeCount="59" insertCount="10000" extractCount="10000" duration="34455000"/>
			<Sample nodeCount="60" insertCount="10000" extractCount="10000" duration="35155000"/>
			<Sample nodeCount="61" insertCount="10000" extractCount="10000" duration="36259000"/>
			<Sample nodeCount="62" insertCount="10000" extractCount="10000" duration="36983000"/>
			<Sample nodeCount="63" insertCount="10000" extractCount="10000" duration="37464000"/>
			<Sample nodeCount="64" insertCount="10000" extractCount="10000" duration="38226000"/>
			<Sample nodeCount="65" insertCount="10000" extractCount="10000" duration="39038000"/>
			<Sample nodeCount="66" insertCount="10000" extractCount="10000" duration="40528000"/>
			<Sample nodeCount="67" insertCount="10000" extractCount="10000" duration="41301000"/>
			<Sample nodeCount="68" insertCount="10000" extractCount="10000" duration="42486000"/>
			<Sample nodeCount="69" insertCount="10000" extractCount="10000" duration="42587000"/>
			<Sample nodeCount="70" insertCount="10000" extractCount="10000" duration="43810000"/>
			<Sample nodeCount="71" insertCount="10000" extractCount="10000" duration="43963000"/>
			<Sample nodeCount="72" insertCount="10000" extractCount="10000" duration="45282000"/>
			<Sample nodeCount="73" insertCount="10000" extractCount="10000" duration="46213000"/>
			<Sample nodeCount="74" insertCount="10000" extractCount="10000" duration="47407000"/>
			<Sample nodeCount="75" insertCount="10000" extractCount="10000" duration="47669000"/>
			<Sample nodeCount="76" insertCount="10000" extractCount="10000" duration="47999000"/>
			<Sample nodeCount="77" insertCount="10000" extractCount="10000" duration="49007000"/>
			<Sample nodeCount="78" insertCount="10000" extractCount="10000" duration="50368000"/>
			<Sample nodeCount="79" insertCount="10000" extractCount="10000" duration="51207000"/>
			<Sample nodeCount="80" insertCount="10000" extractCount="10000" duration="51571000"/>
			<Sample nodeCount="81" insertCount="10000" extractCount="10000" duration="52278000"/>
			<Sample nodeCount="82" insertCount="10000" extractCount="10000" duration="53405000"/>
			<Sample nodeCount="83" insertCount="10000" extractCount="10000" duration="54684000"/>
			<Sample nodeCount="84" insertCount="10000" extractCount="10000" duration="54867000"/>
			<Sample nodeCount="85" insertCount="10000" extractCount="10000" duration="56122000"/>
			<Sample nodeCount="86" insertCount="10000" extractCount="10000" duration="56880000"/>
			<Sample nodeCount="87" insertCount="10000" extractCount="10000" duration="57623000"/>
			<Sample nodeCount="88" insertCount="10000" extractCount="10000" duration="58487000"/>
			<Sample nodeCount="89" insertCount="10000" extractCount="10000" duration="59374000"/>
			<Sample nodeCount="90" insertCount="10000" extractCount="10000" duration="60251000"/>
			<Sample nodeCount="91" insertCount="10000" extractCount="10000" duration="61329000"/>
			<Sample nodeCount="92" insertCount="10000" extractCount="10000" duration="62328000"/>
			<Sample nodeCount="93" insertCount="10000" extractCount="10000" duration="62691000"/>
			<Sample nodeCount="94" insertCount="10000" extractCount="10000" duration="63125000"/>
			<Sample nodeCount="95" insertCount="10000" extractCount="10000" duration="64204000"/>
			<Sample nodeCount="96" insertCount="10000" extractCount="10000" duration="64596000"/>
			<Sample nodeCount="97" insertCount="10000" extractCount="10000" duration="65801000"/>
			<Sample nodeCount="98" insertCount="10000" extractCount="10000" duration="66462000"/>
			<Sample nodeCount="99" insertCount="10000" extractCount="10000" duration="67233000"/>
			<Sample nodeCount="100" insertCount="10000" extractCount="10000" duration="69029000"/>
			<Sample nodeCount="101" insertCount="10000" extractCount="10000" duration="69107000"/>
			<Sample nodeCount="102" insertCount="10000" extractCount="10000" duration="70377000"/>
			<Sample nodeCount="103" insertCount="10000" extractCount="10000" duration="70821000"/>
			<Sample nodeCount="104" insertCount="10000" extractCount="10000" duration="72086000"/>
			<Sample nodeCount="105" insertCount="10000" extractCount="10000" duration="71634000"/>
			<Sample nodeCount="106" insertCount="10000" extractCount="10000" duration="72998000"/>
			<Sample nodeCount="107" insertCount="10000" extractCount="10000" duration="75705000"/>
			<Sample nodeCount="108" insertCount="10000" extractCount="10000" duration="75512000"/>
			<Sample nodeCount="109" insertCount="10000" extractCount="10000" duration="76304000"/>
			<Sample nodeCount="110" insertCount="10000" extractCount="10000" duration="77350000"/>
			<Sample nodeCount="111" insertCount="10000" extractCount="10000" duration="78084000"/>
			<Sample nodeCount="112" insertCount="10000" extractCount="10000" duration="78908000"/>
			<Sample nodeCount="113" insertCount="10000" extractCount="10000" duration="80393000"/>
			<Sample nodeCount="114" insertCount="10000" extractCount="10000" duration="80630000"/>
			<Sample nodeCount="115" insertCount="10000" extractCount="10000" duration="81840000"/>
			<Sample nodeCount="116" insertCount="10000" extractCount="10000" duration="82464000"/>
			<Sample nodeCount="117" insertCount="10000" extractCount="10000" duration="83133000"/>
			<Sample nodeCount="118" insertCount="10000" extractCount="10000" duration="83750000"/>
			<Sample nodeCount="119" insertCount="10000" extractCount="10000" duration="86334000"/>
			<Sample nodeCount="120" insertCount="10000" extractCount="10000" duration="85445000"/>
			<Sample nodeCount="121" insertCount="10000" extractCount="10000" duration="86135000"/>
			<Sample nodeCount="122" insertCount="10000" extractCount="10000" duration="86832000"/>
			<Sample nodeCount="123" insertCount="10000" extractCount="10000" duration="87905000"/>
			<Sample nodeCount="124" insertCount="10000" extractCount="10000" duration="88944000"/>
			<Sample nodeCount="125" insertCount="10000" extractCount="10000" duration="90164000"/>
			<Sample nodeCount="126" insertCount="10000" extractCount="10000" duration="90741000"/>
			<Sample nodeCount="127" insertCount="10000" extractCount="10000" duration="91597000"/>
		</SmallSetLinear>
		<LargeSetLinear>
		</LargeSetLinear>
	</RBTest>
	<RBTest implementation="BSD" nodeSize="32">
		<SmallSetRandomOps>
			<Sample nodeCount="1" insertCount="62" extractCount="61" duration="3000"/>
			<Sample nodeCount="2" insertCount="123" extractCount="123" duration="7000"/>
			<Sample nodeCount="3" insertCount="186" extractCount="183" duration="13000"/>
			<Sample nodeCount="4" insertCount="247" extractCount="245" duration="18000"/>
			<Sample nodeCount="5" insertCount="309" extractCount="306" duration="25000"/>
			<Sample nodeCount="6" insertCount="370" extractCount="368" duration="30000"/>
			<Sample nodeCount="7" insertCount="433" extractCount="428" duration="38000"/>
			<Sample nodeCount="8" insertCount="493" extractCount="491" duration="46000"/>
			<Sample nodeCount="9" insertCount="557" extractCount="550" duration="54000"/>
			<Sample nodeCount="10" insertCount="619" extractCount="611" duration="60000"/>
			<Sample nodeCount="11" insertCount="680" extractCount="673" duration="68000"/>
			<Sample nodeCount="12" insertCount="740" extractCount="736" duration="76000"/>
			<Sample nodeCount="13" insertCount="803" extractCount="796" duration="86000"/>
			<Sample nodeCount="14" insertCount="864" extractCount="858" duration="94000"/>
			<Sample nodeCount="15" insertCount="927" extractCount="918" duration="100000"/>
			<Sample nodeCount="16" insertCount="988" extractCount="980" duration="110000"/>
			<Sample nodeCount="17" insertCount="1050" extractCount="1041" duration="123000"/>
			<Sample nodeCount="18" insertCount="1113" extractCount="1101" duration="128000"/>
			<Sample nodeCount="19" insertCount="1172" extractCount="1165" duration="138000"/>
			<Sample nodeCount="20" insertCount="1237" extractCount="1223" duration="145000"/>
			<Sample nodeCount="21" insertCount="1296" extractCount="1287" duration="151000"/>
			<Sample nodeCount="22" insertCount="1359" extractCount="1347" duration="160000"/>
			<Sample nodeCount="23" insertCount="1419" extractCount="1410" duration="167000"/>
			<Sample nodeCount="24" insertCount="1484" extractCount="1468" duration="178000"/>
			<Sample nodeCount="25" insertCount="1544" extractCount="1531" duration="182000"/>
			<Sample nodeCount="26" insertCount="1604" extractCount="1594" duration="189000"/>
			<Sample nodeCount="27" insertCount="1668" extractCount="1653" duration="199000"/>
			<Sample nodeCount="28" insertCount="1729" extractCount="1715" duration="210000"/>
			<Sample nodeCount="29" insertCount="1790" extractCount="1777" duration="220000"/>
			<Sample nodeCount="30" insertCount="1851" extractCount="1839" duration="224000"/>
			<Sample nodeCount="31" insertCount="1914" extractCount="1899" duration="235000"/>
			<Sample nodeCount="32" insertCount="1977" extractCount="1959" duration="244000"/>
			<Sample nodeCount="33" insertCount="2041" extractCount="2018" duration="248000"/>
			<Sample nodeCount="34" insertCount="2097" extractCount="2085" duration="256000"/>
			<Sample nodeCount="35" insertCount="2160" extractCount="2145" duration="269000"/>
			<Sample nodeCount="36" insertCount="2221" extractCount="2207" duration="277000"/>
			<Sample nodeCount="37" insertCount="2285" extractCount="2266" duration="314000"/>
			<Sample nodeCount="38" insertCount="2346" extractCount="2328" duration="292000"/>
			<Sample nodeCount="39" insertCount="2408" extractCount="2389" duration="299000"/>
			<Sample nodeCount="40" insertCount="2471" extractCount="2449" duration="310000"/>
			<Sample nodeCount="41" insertCount="2531" extractCount="2512" duration="316000"/>
			<Sample nodeCount="42" insertCount="2593" extractCount="2573" duration="326000"/>
			<Sample nodeCount="43" insertCount="2656" extractCount="2633" duration="335000"/>
			<Sample nodeCount="44" insertCount="2717" extractCount="2695" duration="401000"/>
			<Sample nodeCount="45" insertCount="2776" extractCount="2759" duration="364000"/>
			<Sample nodeCount="46" insertCount="2840" extractCount="2818" duration="366000"/>
			<Sample nodeCount="47" insertCount="2902" extractCount="2879" duration="370000"/>
			<Sample nodeCount="48" insertCount="2966" extractCount="2938" duration="374000"/>
			<Sample nodeCount="49" insertCount="3026" extractCount="3001" duration="431000"/>
			<Sample nodeCount="50" insertCount="3084" extractCount="3066" duration="422000"/>
			<Sample nodeCount="51" insertCount="3151" extractCount="3122" duration="426000"/>
			<Sample nodeCount="52" insertCount="3209" extractCount="3187" duration="414000"/>
			<Sample nodeCount="53" insertCount="3273" extractCount="3246" duration="462000"/>
			<Sample nodeCount="54" insertCount="3337" extractCount="3305" duration="444000"/>
			<Sample nodeCount="55" insertCount="3400" extractCount="3365" duration="455000"/>
			<Sample nodeCount="56" insertCount="3458" extractCount="3430" duration="448000"/>
			<Sample nodeCount="57" insertCount="3521" extractCount="3490" duration="461000"/>
			<Sample nodeCount="58" insertCount="3580" extractCount="3554" duration="495000"/>
			<Sample nodeCount="59" insertCount="3647" extractCount="3610" duration="473000"/>
			<Sample nodeCount="60" insertCount="3706" extractCount="3674" duration="480000"/>
			<Sample nodeCount="61" insertCount="3766" extractCount="3737" duration="490000"/>
			<Sample nodeCount="62" insertCount="3828" extractCount="3798" duration="495000"/>
			<Sample nodeCount="63" insertCount="3888" extractCount="3861" duration="508000"/>
			<Sample nodeCount="64" insertCount="3952" extractCount="3920" duration="516000"/>
			<Sample nodeCount="65" insertCount="4014" extractCount="3981" duration="530000"/>
			<Sample nodeCount="66" insertCount="4077" extractCount="4041" duration="614000"/>
			<Sample nodeCount="67" insertCount="4136" extractCount="4105" duration="543000"/>
			<Sample nodeCount="68" insertCount="4200" extractCount="4164" duration="579000"/>
			<Sample nodeCount="69" insertCount="4263" extractCount="4224" duration="567000"/>
			<Sample nodeCount="70" insertCount="4325" extractCount="4285" duration="570000"/>
			<Sample nodeCount="71" insertCount="4381" extractCount="4352" duration="585000"/>
			<Sample nodeCount="72" insertCount="4448" extractCount="4408" duration="596000"/>
			<Sample nodeCount="73" insertCount="4507" extractCount="4472" duration="605000"/>
			<Sample nodeCount="74" insertCount="4571" extractCount="4531" duration="601000"/>
			<Sample nodeCount="75" insertCount="4631" extractCount="4594" duration="614000"/>
			<Sample nodeCount="76" insertCount="4693" extractCount="4655" duration="625000"/>
			<Sample nodeCount="77" insertCount="4755" extractCount="4716" duration="634000"/>
			<Sample nodeCount="78" insertCount="4817" extractCount="4777" duration="643000"/>
			<Sample nodeCount="79" insertCount="4877" extractCount="4840" duration="673000"/>
			<Sample nodeCount="80" insertCount="4942" extractCount="4898" duration="680000"/>
			<Sample nodeCount="81" insertCount="5002" extractCount="4961" duration="694000"/>
			<Sample nodeCount="82" insertCount="5063" extractCount="5023" duration="679000"/>
			<Sample nodeCount="83" insertCount="5124" extractCount="5085" duration="731000"/>
			<Sample nodeCount="84" insertCount="5187" extractCount="5145" duration="703000"/>
			<Sample nodeCount="85" insertCount="5250" extractCount="5205" duration="714000"/>
			<Sample nodeCount="86" insertCount="5314" extractCount="5264" duration="724000"/>
			<Sample nodeCount="87" insertCount="5374" extractCount="5327" duration="735000"/>
			<Sample nodeCount="88" insertCount="5432" extractCount="5392" duration="737000"/>
			<Sample nodeCount="89" insertCount="5490" extractCount="5457" duration="751000"/>
			<Sample nodeCount="90" insertCount="5559" extractCount="5511" duration="757000"/>
			<Sample nodeCount="91" insertCount="5621" extractCount="5572" duration="757000"/>
			<Sample nodeCount="92" insertCount="5680" extractCount="5636" duration="771000"/>
			<Sample nodeCount="93" insertCount="5740" extractCount="5699" duration="844000"/>
			<Sample nodeCount="94" insertCount="5803" extractCount="5759" duration="787000"/>
			<Sample nodeCount="95" insertCount="5862" extractCount="5823" duration="834000"/>
			<Sample nodeCount="96" insertCount="5929" extractCount="5879" duration="810000"/>
			<Sample nodeCount="97" insertCount="5993" extractCount="5938" duration="823000"/>
			<Sample nodeCount="98" insertCount="6055" extractCount="5999" duration="860000"/>
			<Sample nodeCount="99" insertCount="6113" extractCount="6064" duration="888000"/>
			<Sample nodeCount="100" insertCount="6172" extractCount="6128" duration="871000"/>
			<Sample nodeCount="101" insertCount="6238" extractCount="6185" duration="873000"/>
			<Sample nodeCount="102" insertCount="6299" extractCount="6247" duration="865000"/>
			<Sample nodeCount="103" insertCount="6363" extractCount="6306" duration="929000"/>
			<Sample nodeCount="104" insertCount="6426" extractCount="6366" duration="943000"/>
			<Sample nodeCount="105" insertCount="6481" extractCount="6434" duration="896000"/>
			<Sample nodeCount="106" insertCount="6544" extractCount="6494" duration="905000"/>
			<Sample nodeCount="107" insertCount="6607" extractCount="6554" duration="911000"/>
			<Sample nodeCount="108" insertCount="6669" extractCount="6615" duration="918000"/>
			<Sample nodeCount="109" insertCount="6732" extractCount="6675" duration="946000"/>
			<Sample nodeCount="110" insertCount="6794" extractCount="6736" duration="989000"/>
			<Sample nodeCount="111" insertCount="6852" extractCount="6801" duration="979000"/>
			<Sample nodeCount="112" insertCount="6918" extractCount="6858" duration="960000"/>
			<Sample nodeCount="113" insertCount="6981" extractCount="6918" duration="983000"/>
			<Sample nodeCount="114" insertCount="7041" extractCount="6981" duration="980000"/>
			<Sample nodeCount="115" insertCount="7103" extractCount="7042" duration="1001000"/>
			<Sample nodeCount="116" insertCount="7164" extractCount="7104" duration="1009000"/>
			<Sample nodeCount="117" insertCount="7225" extractCount="7166" duration="1037000"/>
			<Sample nodeCount="118" insertCount="7291" extractCount="7223" duration="1030000"/>
			<Sample nodeCount="119" insertCount="7350" extractCount="7287" duration="1035000"/>
			<Sample nodeCount="120" insertCount="7410" extractCount="7350" duration="1034000"/>
			<Sample nodeCount="121" insertCount="7471" extractCount="7412" duration="1094000"/>
			<Sample nodeCount="122" insertCount="7537" extractCount="7469" duration="1050000"/>
			<Sample nodeCount="123" insertCount="7593" extractCount="7536" duration="1065000"/>
			<Sample nodeCount="124" insertCount="7658" extractCount="7594" duration="1078000"/>
			<Sample nodeCount="125" insertCount="7718" extractCount="7657" duration="1107000"/>
			<Sample nodeCount="126" insertCount="7781" extractCount="7717" duration="1085000"/>
			<Sample nodeCount="127" insertCount="7840" extractCount="7781" duration="1101000"/>
		</SmallSetRandomOps>
		<LargeSetRandomOps>
		</LargeSetRandomOps>
		<SmallSetLinear>
			<Sample nodeCount="1" insertCount="10000" extractCount="10000" duration="125000"/>
			<Sample nodeCount="2" insertCount="10000" extractCount="10000" duration="261000"/>
			<Sample nodeCount="3" insertCount="10000" extractCount="10000" duration="456000"/>
			<Sample nodeCount="4" insertCount="10000" extractCount="10000" duration="763000"/>
			<Sample nodeCount="5" insertCount="10000" extractCount="10000" duration="963000"/>
			<Sample nodeCount="6" insertCount="10000" extractCount="10000" duration="1239000"/>
			<Sample nodeCount="7" insertCount="10000" extractCount="10000" duration="1484000"/>
			<Sample nodeCount="8" insertCount="10000" extractCount="10000" duration="1827000"/>
			<Sample nodeCount="9" insertCount="10000" extractCount="10000" duration="1955000"/>
			<Sample nodeCount="10" insertCount="10000" extractCount="10000" duration="2354000"/>
			<Sample nodeCount="11" insertCount="10000" extractCount="10000" duration="2665000"/>
			<Sample nodeCount="12" insertCount="10000" extractCount="10000" duration="2958000"/>
			<Sample nodeCount="13" insertCount="10000" extractCount="10000" duration="3156000"/>
			<Sample nodeCount="14" insertCount="10000" extractCount="10000" duration="3561000"/>
			<Sample nodeCount="15" insertCount="10000" extractCount="10000" duration="3875000"/>
			<Sample nodeCount="16" insertCount="10000" extractCount="10000" duration="4186000"/>
			<Sample nodeCount="17" insertCount="10000" extractCount="10000" duration="4456000"/>
			<Sample nodeCount="18" insertCount="10000" extractCount="10000" duration="4786000"/>
			<Sample nodeCount="19" insertCount="10000" extractCount="10000" duration="5106000"/>
			<Sample nodeCount="20" insertCount="10000" extractCount="10000" duration="5602000"/>
			<Sample nodeCount="21" insertCount="10000" extractCount="10000" duration="5766000"/>
			<Sample nodeCount="22" insertCount="10000" extractCount="10000" duration="6355000"/>
			<Sample nodeCount="23" insertCount="10000" extractCount="10000" duration="6604000"/>
			<Sample nodeCount="24" insertCount="10000" extractCount="10000" duration="7053000"/>
			<Sample nodeCount="25" insertCount="10000" extractCount="10000" duration="7284000"/>
			<Sample nodeCount="26" insertCount="10000" extractCount="10000" duration="7793000"/>
			<Sample nodeCount="27" insertCount="10000" extractCount="10000" duration="8063000"/>
			<Sample nodeCount="28" insertCount="10000" extractCount="10000" duration="8515000"/>
			<Sample nodeCount="29" insertCount="10000" extractCount="10000" duration="8769000"/>
			<Sample nodeCount="30" insertCount="10000" extractCount="10000" duration="9155000"/>
			<Sample nodeCount="31" insertCount="10000" extractCount="10000" duration="9643000"/>
			<Sample nodeCount="32" insertCount="10000" extractCount="10000" duration="9986000"/>
			<Sample nodeCount="33" insertCount="10000" extractCount="10000" duration="9941000"/>
			<Sample nodeCount="34" insertCount="10000" extractCount="10000" duration="10753000"/>
			<Sample nodeCount="35" insertCount="10000" extractCount="10000" duration="10899000"/>
			<Sample nodeCount="36" insertCount="10000" extractCount="10000" duration="11370000"/>
			<Sample nodeCount="37" insertCount="10000" extractCount="10000" duration="12229000"/>
			<Sample nodeCount="38" insertCount="10000" extractCount="10000" duration="12466000"/>
			<Sample nodeCount="39" insertCount="10000" extractCount="10000" duration="12743000"/>
			<Sample nodeCount="40" insertCount="10000" extractCount="10000" duration="13000000"/>
			<Sample nodeCount="41" insertCount="10000" extractCount="10000" duration="13435000"/>
			<Sample nodeCount="42" insertCount="10000" extractCount="10000" duration="13848000"/>
			<Sample nodeCount="43" insertCount="10000" extractCount="10000" duration="14280000"/>
			<Sample nodeCount="44" insertCount="10000" extractCount="10000" duration="14657000"/>
			<Sample nodeCount="45" insertCount="10000" extractCount="10000" duration="15015000"/>
			<Sample nodeCount="46" insertCount="10000" extractCount="10000" duration="15636000"/>
			<Sample nodeCount="47" insertCount="10000" extractCount="10000" duration="16055000"/>
			<Sample nodeCount="48" insertCount="10000" extractCount="10000" duration="16391000"/>
			<Sample nodeCount="49" insertCount="10000" extractCount="10000" duration="16725000"/>
			<Sample nodeCount="50" insertCount="10000" extractCount="10000" duration="17510000"/>
			<Sample nodeCount="51" insertCount="10000" extractCount="10000" duration="17296000"/>
			<Sample nodeCount="52" insertCount="10000" extractCount="10000" duration="18267000"/>
			<Sample nodeCount="53" insertCount="10000" extractCount="10000" duration="18494000"/>
			<Sample nodeCount="54" insertCount="10000" extractCount="10000" duration="19154000"/>
			<Sample nodeCount="55" insertCount="10000" extractCount="10000" duration="19262000"/>
			<Sample nodeCount="56" insertCount="10000" extractCount="10000" duration="19688000"/>
			<Sample nodeCount="57" insertCount="10000" extractCount="10000" duration="20119000"/>
			<Sample nodeCount="58" insertCount="10000" extractCount="10000" duration="20962000"/>
			<Sample nodeCount="59" insertCount="10000" extractCount="10000" duration="21294000"/>
			<Sample nodeCount="60" insertCount="10000" extractCount="10000" duration="21648000"/>
			<Sample nodeCount="61" insertCount="10000" extractCount="10000" duration="21925000"/>
			<Sample nodeCount="62" insertCount="10000" extractCount="10000" duration="22734000"/>
			<Sample nodeCount="63" insertCount="10000" extractCount="10000" duration="22899000"/>
			<Sample nodeCount="64" insertCount="10000" extractCount="10000" duration="23151000"/>
			<Sample nodeCount="65" insertCount="10000" extractCount="10000" duration="24358000"/>
			<Sample nodeCount="66" insertCount="10000" extractCount="10000" duration="24939000"/>
			<Sample nodeCount="67" insertCount="10000" extractCount="10000" duration="24842000"/>
			<Sample nodeCount="68" insertCount="10000" extractCount="10000" duration="25269000"/>
			<Sample nodeCount="69" insertCount="10000" extractCount="10000" duration="25519000"/>
			<Sample nodeCount="70" insertCount="10000" extractCount="10000" duration="26599000"/>
			<Sample nodeCount="71" insertCount="10000" extractCount="10000" duration="26630000"/>
			<Sample nodeCount="72" insertCount="10000" extractCount="10000" duration="27537000"/>
			<Sample nodeCount="73" insertCount="10000" extractCount="10000" duration="27751000"/>
			<Sample nodeCount="74" insertCount="10000" extractCount="10000" duration="27996000"/>
			<Sample nodeCount="75" insertCount="10000" extractCount="10000" duration="28282000"/>
			<Sample nodeCount="76" insertCount="10000" extractCount="10000" duration="28829000"/>
			<Sample nodeCount="77" insertCount="10000" extractCount="10000" duration="29203000"/>
			<Sample nodeCount="78" insertCount="10000" extractCount="10000" duration="30721000"/>
			<Sample nodeCount="79" insertCount="10000" extractCount="10000" duration="30974000"/>
			<Sample nodeCount="80" insertCount="10000" extractCount="10000" duration="31088000"/>
			<Sample nodeCount="81" insertCount="10000" extractCount="10000" duration="31597000"/>
			<Sample nodeCount="82" insertCount="10000" extractCount="10000" duration="32056000"/>
			<Sample nodeCount="83" insertCount="10000" extractCount="10000" duration="33323000"/>
			<Sample nodeCount="84" insertCount="10000" extractCount="10000" duration="35235000"/>
			<Sample nodeCount="85" insertCount="10000" extractCount="10000" duration="33258000"/>
			<Sample nodeCount="86" insertCount="10000" extractCount="10000" duration="33379000"/>
			<Sample nodeCount="87" insertCount="10000" extractCount="10000" duration="34362000"/>
			<Sample nodeCount="88" insertCount="10000" extractCount="10000" duration="35022000"/>
			<Sample nodeCount="89" insertCount="10000" extractCount="10000" duration="34981000"/>
			<Sample nodeCount="90" insertCount="10000" extractCount="10000" duration="36181000"/>
			<Sample nodeCount="91" insertCount="10000" extractCount="10000" duration="35528000"/>
			<Sample nodeCount="92" insertCount="10000" extractCount="10000" duration="36565000"/>
			<Sample nodeCount="93" insertCount="10000" extractCount="10000" duration="36885000"/>
			<Sample nodeCount="94" insertCount="10000" extractCount="10000" duration="37617000"/>
			<Sample nodeCount="95" insertCount="10000" extractCount="10000" duration="38397000"/>
			<Sample nodeCount="96" insertCount="10000" extractCount="10000" duration="38553000"/>
			<Sample nodeCount="97" insertCount="10000" extractCount="10000" duration="39559000"/>
			<Sample nodeCount="98" insertCount="10000" extractCount="10000" duration="40139000"/>
			<Sample nodeCount="99" insertCount="10000" extractCount="10000" duration="41162000"/>
			<Sample nodeCount="100" insertCount="10000" extractCount="10000" duration="41091000"/>
			<Sample nodeCount="101" insertCount="10000" extractCount="10000" duration="41154000"/>
			<Sample nodeCount="102" insertCount="10000" extractCount="10000" duration="42005000"/>
			<Sample nodeCount="103" insertCount="10000" extractCount="10000" duration="42599000"/>
			<Sample nodeCount="104" insertCount="10000" extractCount="10000" duration="43337000"/>
			<Sample nodeCount="105" insertCount="10000" extractCount="10000" duration="43449000"/>
			<Sample nodeCount="106" insertCount="10000" extractCount="10000" duration="43943000"/>
			<Sample nodeCount="107" insertCount="10000" extractCount="10000" duration="44836000"/>
			<Sample nodeCount="108" insertCount="10000" extractCount="10000" duration="45257000"/>
			<Sample nodeCount="109" insertCount="10000" extractCount="10000" duration="46227000"/>
			<Sample nodeCount="110" insertCount="10000" extractCount="10000" duration="46643000"/>
			<Sample nodeCount="111" insertCount="10000" extractCount="10000" duration="46743000"/>
			<Sample nodeCount="112" insertCount="10000" extractCount="10000" duration="47209000"/>
			<Sample nodeCount="113" insertCount="10000" extractCount="10000" duration="48068000"/>
			<Sample nodeCount="114" insertCount="10000" extractCount="10000" duration="48446000"/>
			<Sample nodeCount="115" insertCount="10000" extractCount="10000" duration="48504000"/>
			<Sample nodeCount="116" insertCount="10000" extractCount="10000" duration="49413000"/>
			<Sample nodeCount="117" insertCount="10000" extractCount="10000" duration="49794000"/>
			<Sample nodeCount="118" insertCount="10000" extractCount="10000" duration="50576000"/>
			<Sample nodeCount="119" insertCount="10000" extractCount="10000" duration="51823000"/>
			<Sample nodeCount="120" insertCount="10000" extractCount="10000" duration="51106000"/>
			<Sample nodeCount="121" insertCount="10000" extractCount="10000" duration="51935000"/>
			<Sample nodeCount="122" insertCount="10000" extractCount="10000" duration="52913000"/>
			<Sample nodeCount="123" insertCount="10000" extractCount="10000" duration="52518000"/>
			<Sample nodeCount="124" insertCount="10000" extractCount="10000" duration="53289000"/>
			<Sample nodeCount="125" insertCount="10000" extractCount="10000" duration="53731000"/>
			<Sample nodeCount="126" insertCount="10000" extractCount="10000" duration="54474000"/>
			<Sample nodeCount="127" insertCount="10000" extractCount="10000" duration="55287000"/>
		</SmallSetLinear>
		<LargeSetLinear>
		</LargeSetLinear>
	</RBTest>
	<RBTest implementation="BSD for RTEMS" nodeSize="32">
		<SmallSetRandomOps>
			<Sample nodeCount="1" insertCount="62" extractCount="61" duration="3000"/>
			<Sample nodeCount="2" insertCount="123" extractCount="123" duration="7000"/>
			<Sample nodeCount="3" insertCount="186" extractCount="183" duration="13000"/>
			<Sample nodeCount="4" insertCount="247" extractCount="245" duration="19000"/>
			<Sample nodeCount="5" insertCount="309" extractCount="306" duration="25000"/>
			<Sample nodeCount="6" insertCount="370" extractCount="368" duration="30000"/>
			<Sample nodeCount="7" insertCount="433" extractCount="428" duration="38000"/>
			<Sample nodeCount="8" insertCount="493" extractCount="491" duration="45000"/>
			<Sample nodeCount="9" insertCount="557" extractCount="550" duration="52000"/>
			<Sample nodeCount="10" insertCount="619" extractCount="611" duration="57000"/>
			<Sample nodeCount="11" insertCount="680" extractCount="673" duration="66000"/>
			<Sample nodeCount="12" insertCount="740" extractCount="736" duration="74000"/>
			<Sample nodeCount="13" insertCount="803" extractCount="796" duration="84000"/>
			<Sample nodeCount="14" insertCount="864" extractCount="858" duration="89000"/>
			<Sample nodeCount="15" insertCount="927" extractCount="918" duration="95000"/>
			<Sample nodeCount="16" insertCount="988" extractCount="980" duration="103000"/>
			<Sample nodeCount="17" insertCount="1050" extractCount="1041" duration="116000"/>
			<Sample nodeCount="18" insertCount="1113" extractCount="1101" duration="121000"/>
			<Sample nodeCount="19" insertCount="1172" extractCount="1165" duration="129000"/>
			<Sample nodeCount="20" insertCount="1237" extractCount="1223" duration="135000"/>
			<Sample nodeCount="21" insertCount="1296" extractCount="1287" duration="141000"/>
			<Sample nodeCount="22" insertCount="1359" extractCount="1347" duration="150000"/>
			<Sample nodeCount="23" insertCount="1419" extractCount="1410" duration="188000"/>
			<Sample nodeCount="24" insertCount="1484" extractCount="1468" duration="182000"/>
			<Sample nodeCount="25" insertCount="1544" extractCount="1531" duration="204000"/>
			<Sample nodeCount="26" insertCount="1604" extractCount="1594" duration="200000"/>
			<Sample nodeCount="27" insertCount="1668" extractCount="1653" duration="204000"/>
			<Sample nodeCount="28" insertCount="1729" extractCount="1715" duration="220000"/>
			<Sample nodeCount="29" insertCount="1790" extractCount="1777" duration="204000"/>
			<Sample nodeCount="30" insertCount="1851" extractCount="1839" duration="205000"/>
			<Sample nodeCount="31" insertCount="1914" extractCount="1899" duration="213000"/>
			<Sample nodeCount="32" insertCount="1977" extractCount="1959" duration="223000"/>
			<Sample nodeCount="33" insertCount="2041" extractCount="2018" duration="234000"/>
			<Sample nodeCount="34" insertCount="2097" extractCount="2085" duration="237000"/>
			<Sample nodeCount="35" insertCount="2160" extractCount="2145" duration="251000"/>
			<Sample nodeCount="36" insertCount="2221" extractCount="2207" duration="258000"/>
			<Sample nodeCount="37" insertCount="2285" extractCount="2266" duration="273000"/>
			<Sample nodeCount="38" insertCount="2346" extractCount="2328" duration="273000"/>
			<Sample nodeCount="39" insertCount="2408" extractCount="2389" duration="281000"/>
			<Sample nodeCount="40" insertCount="2471" extractCount="2449" duration="286000"/>
			<Sample nodeCount="41" insertCount="2531" extractCount="2512" duration="297000"/>
			<Sample nodeCount="42" insertCount="2593" extractCount="2573" duration="302000"/>
			<Sample nodeCount="43" insertCount="2656" extractCount="2633" duration="315000"/>
			<Sample nodeCount="44" insertCount="2717" extractCount="2695" duration="321000"/>
			<Sample nodeCount="45" insertCount="2776" extractCount="2759" duration="327000"/>
			<Sample nodeCount="46" insertCount="2840" extractCount="2818" duration="337000"/>
			<Sample nodeCount="47" insertCount="2902" extractCount="2879" duration="376000"/>
			<Sample nodeCount="48" insertCount="2966" extractCount="2938" duration="356000"/>
			<Sample nodeCount="49" insertCount="3026" extractCount="3001" duration="362000"/>
			<Sample nodeCount="50" insertCount="3084" extractCount="3066" duration="403000"/>
			<Sample nodeCount="51" insertCount="3151" extractCount="3122" duration="434000"/>
			<Sample nodeCount="52" insertCount="3209" extractCount="3187" duration="413000"/>
			<Sample nodeCount="53" insertCount="3273" extractCount="3246" duration="392000"/>
			<Sample nodeCount="54" insertCount="3337" extractCount="3305" duration="403000"/>
			<Sample nodeCount="55" insertCount="3400" extractCount="3365" duration="411000"/>
			<Sample nodeCount="56" insertCount="3458" extractCount="3430" duration="417000"/>
			<Sample nodeCount="57" insertCount="3521" extractCount="3490" duration="430000"/>
			<Sample nodeCount="58" insertCount="3580" extractCount="3554" duration="456000"/>
			<Sample nodeCount="59" insertCount="3647" extractCount="3610" duration="483000"/>
			<Sample nodeCount="60" insertCount="3706" extractCount="3674" duration="455000"/>
			<Sample nodeCount="61" insertCount="3766" extractCount="3737" duration="454000"/>
			<Sample nodeCount="62" insertCount="3828" extractCount="3798" duration="462000"/>
			<Sample nodeCount="63" insertCount="3888" extractCount="3861" duration="471000"/>
			<Sample nodeCount="64" insertCount="3952" extractCount="3920" duration="476000"/>
			<Sample nodeCount="65" insertCount="4014" extractCount="3981" duration="483000"/>
			<Sample nodeCount="66" insertCount="4077" extractCount="4041" duration="495000"/>
			<Sample nodeCount="67" insertCount="4136" extractCount="4105" duration="519000"/>
			<Sample nodeCount="68" insertCount="4200" extractCount="4164" duration="522000"/>
			<Sample nodeCount="69" insertCount="4263" extractCount="4224" duration="514000"/>
			<Sample nodeCount="70" insertCount="4325" extractCount="4285" duration="557000"/>
			<Sample nodeCount="71" insertCount="4381" extractCount="4352" duration="591000"/>
			<Sample nodeCount="72" insertCount="4448" extractCount="4408" duration="591000"/>
			<Sample nodeCount="73" insertCount="4507" extractCount="4472" duration="575000"/>
			<Sample nodeCount="74" insertCount="4571" extractCount="4531" duration="582000"/>
			<Sample nodeCount="75" insertCount="4631" extractCount="4594" duration="603000"/>
			<Sample nodeCount="76" insertCount="4693" extractCount="4655" duration="611000"/>
			<Sample nodeCount="77" insertCount="4755" extractCount="4716" duration="614000"/>
			<Sample nodeCount="78" insertCount="4817" extractCount="4777" duration="624000"/>
			<Sample nodeCount="79" insertCount="4877" extractCount="4840" duration="634000"/>
			<Sample nodeCount="80" insertCount="4942" extractCount="4898" duration="634000"/>
			<Sample nodeCount="81" insertCount="5002" extractCount="4961" duration="682000"/>
			<Sample nodeCount="82" insertCount="5063" extractCount="5023" duration="654000"/>
			<Sample nodeCount="83" insertCount="5124" extractCount="5085" duration="678000"/>
			<Sample nodeCount="84" insertCount="5187" extractCount="5145" duration="678000"/>
			<Sample nodeCount="85" insertCount="5250" extractCount="5205" duration="692000"/>
			<Sample nodeCount="86" insertCount="5314" extractCount="5264" duration="702000"/>
			<Sample nodeCount="87" insertCount="5374" extractCount="5327" duration="713000"/>
			<Sample nodeCount="88" insertCount="5432" extractCount="5392" duration="718000"/>
			<Sample nodeCount="89" insertCount="5490" extractCount="5457" duration="726000"/>
			<Sample nodeCount="90" insertCount="5559" extractCount="5511" duration="733000"/>
			<Sample nodeCount="91" insertCount="5621" extractCount="5572" duration="739000"/>
			<Sample nodeCount="92" insertCount="5680" extractCount="5636" duration="752000"/>
			<Sample nodeCount="93" insertCount="5740" extractCount="5699" duration="756000"/>
			<Sample nodeCount="94" insertCount="5803" extractCount="5759" duration="765000"/>
			<Sample nodeCount="95" insertCount="5862" extractCount="5823" duration="795000"/>
			<Sample nodeCount="96" insertCount="5929" extractCount="5879" duration="812000"/>
			<Sample nodeCount="97" insertCount="5993" extractCount="5938" duration="818000"/>
			<Sample nodeCount="98" insertCount="6055" extractCount="5999" duration="766000"/>
			<Sample nodeCount="99" insertCount="6113" extractCount="6064" duration="800000"/>
			<Sample nodeCount="100" insertCount="6172" extractCount="6128" duration="803000"/>
			<Sample nodeCount="101" insertCount="6238" extractCount="6185" duration="796000"/>
			<Sample nodeCount="102" insertCount="6299" extractCount="6247" duration="834000"/>
			<Sample nodeCount="103" insertCount="6363" extractCount="6306" duration="920000"/>
			<Sample nodeCount="104" insertCount="6426" extractCount="6366" duration="857000"/>
			<Sample nodeCount="105" insertCount="6481" extractCount="6434" duration="978000"/>
			<Sample nodeCount="106" insertCount="6544" extractCount="6494" duration="881000"/>
			<Sample nodeCount="107" insertCount="6607" extractCount="6554" duration="938000"/>
			<Sample nodeCount="108" insertCount="6669" extractCount="6615" duration="934000"/>
			<Sample nodeCount="109" insertCount="6732" extractCount="6675" duration="948000"/>
			<Sample nodeCount="110" insertCount="6794" extractCount="6736" duration="904000"/>
			<Sample nodeCount="111" insertCount="6852" extractCount="6801" duration="944000"/>
			<Sample nodeCount="112" insertCount="6918" extractCount="6858" duration="929000"/>
			<Sample nodeCount="113" insertCount="6981" extractCount="6918" duration="950000"/>
			<Sample nodeCount="114" insertCount="7041" extractCount="6981" duration="904000"/>
			<Sample nodeCount="115" insertCount="7103" extractCount="7042" duration="1006000"/>
			<Sample nodeCount="116" insertCount="7164" extractCount="7104" duration="944000"/>
			<Sample nodeCount="117" insertCount="7225" extractCount="7166" duration="940000"/>
			<Sample nodeCount="118" insertCount="7291" extractCount="7223" duration="940000"/>
			<Sample nodeCount="119" insertCount="7350" extractCount="7287" duration="1048000"/>
			<Sample nodeCount="120" insertCount="7410" extractCount="7350" duration="994000"/>
			<Sample nodeCount="121" insertCount="7471" extractCount="7412" duration="1036000"/>
			<Sample nodeCount="122" insertCount="7537" extractCount="7469" duration="1004000"/>
			<Sample nodeCount="123" insertCount="7593" extractCount="7536" duration="1047000"/>
			<Sample nodeCount="124" insertCount="7658" extractCount="7594" duration="1020000"/>
			<Sample nodeCount="125" insertCount="7718" extractCount="7657" duration="1000000"/>
			<Sample nodeCount="126" insertCount="7781" extractCount="7717" duration="997000"/>
			<Sample nodeCount="127" insertCount="7840" extractCount="7781" duration="1055000"/>
		</SmallSetRandomOps>
		<LargeSetRandomOps>
		</LargeSetRandomOps>
		<SmallSetLinear>
			<Sample nodeCount="1" insertCount="10000" extractCount="10000" duration="129000"/>
			<Sample nodeCount="2" insertCount="10000" extractCount="10000" duration="269000"/>
			<Sample nodeCount="3" insertCount="10000" extractCount="10000" duration="450000"/>
			<Sample nodeCount="4" insertCount="10000" extractCount="10000" duration="745000"/>
			<Sample nodeCount="5" insertCount="10000" extractCount="10000" duration="956000"/>
			<Sample nodeCount="6" insertCount="10000" extractCount="10000" duration="1320000"/>
			<Sample nodeCount="7" insertCount="10000" extractCount="10000" duration="1622000"/>
			<Sample nodeCount="8" insertCount="10000" extractCount="10000" duration="2106000"/>
			<Sample nodeCount="9" insertCount="10000" extractCount="10000" duration="2546000"/>
			<Sample nodeCount="10" insertCount="10000" extractCount="10000" duration="3260000"/>
			<Sample nodeCount="11" insertCount="10000" extractCount="10000" duration="3331000"/>
			<Sample nodeCount="12" insertCount="10000" extractCount="10000" duration="4025000"/>
			<Sample nodeCount="13" insertCount="10000" extractCount="10000" duration="5008000"/>
			<Sample nodeCount="14" insertCount="10000" extractCount="10000" duration="5507000"/>
			<Sample nodeCount="15" insertCount="10000" extractCount="10000" duration="6070000"/>
			<Sample nodeCount="16" insertCount="10000" extractCount="10000" duration="6687000"/>
			<Sample nodeCount="17" insertCount="10000" extractCount="10000" duration="7315000"/>
			<Sample nodeCount="18" insertCount="10000" extractCount="10000" duration="7801000"/>
			<Sample nodeCount="19" insertCount="10000" extractCount="10000" duration="8393000"/>
			<Sample nodeCount="20" insertCount="10000" extractCount="10000" duration="8953000"/>
			<Sample nodeCount="21" insertCount="10000" extractCount="10000" duration="9660000"/>
			<Sample nodeCount="22" insertCount="10000" extractCount="10000" duration="10404000"/>
			<Sample nodeCount="23" insertCount="10000" extractCount="10000" duration="10286000"/>
			<Sample nodeCount="24" insertCount="10000" extractCount="10000" duration="11718000"/>
			<Sample nodeCount="25" insertCount="10000" extractCount="10000" duration="11924000"/>
			<Sample nodeCount="26" insertCount="10000" extractCount="10000" duration="12585000"/>
			<Sample nodeCount="27" insertCount="10000" extractCount="10000" duration="13099000"/>
			<Sample nodeCount="28" insertCount="10000" extractCount="10000" duration="14282000"/>
			<Sample nodeCount="29" insertCount="10000" extractCount="10000" duration="14410000"/>
			<Sample nodeCount="30" insertCount="10000" extractCount="10000" duration="14975000"/>
			<Sample nodeCount="31" insertCount="10000" extractCount="10000" duration="14940000"/>
			<Sample nodeCount="32" insertCount="10000" extractCount="10000" duration="16086000"/>
			<Sample nodeCount="33" insertCount="10000" extractCount="10000" duration="16728000"/>
			<Sample nodeCount="34" insertCount="10000" extractCount="10000" duration="17746000"/>
			<Sample nodeCount="35" insertCount="10000" extractCount="10000" duration="18061000"/>
			<Sample nodeCount="36" insertCount="10000" extractCount="10000" duration="18789000"/>
			<Sample nodeCount="37" insertCount="10000" extractCount="10000" duration="19366000"/>
			<Sample nodeCount="38" insertCount="10000" extractCount="10000" duration="20668000"/>
			<Sample nodeCount="39" insertCount="10000" extractCount="10000" duration="20586000"/>
			<Sample nodeCount="40" insertCount="10000" extractCount="10000" duration="21474000"/>
			<Sample nodeCount="41" insertCount="10000" extractCount="10000" duration="21794000"/>
			<Sample nodeCount="42" insertCount="10000" extractCount="10000" duration="22678000"/>
			<Sample nodeCount="43" insertCount="10000" extractCount="10000" duration="23215000"/>
			<Sample nodeCount="44" insertCount="10000" extractCount="10000" duration="24359000"/>
			<Sample nodeCount="45" insertCount="10000" extractCount="10000" duration="24999000"/>
			<Sample nodeCount="46" insertCount="10000" extractCount="10000" duration="26007000"/>
			<Sample nodeCount="47" insertCount="10000" extractCount="10000" duration="26086000"/>
			<Sample nodeCount="48" insertCount="10000" extractCount="10000" duration="27570000"/>
			<Sample nodeCount="49" insertCount="10000" extractCount="10000" duration="27637000"/>
			<Sample nodeCount="50" insertCount="10000" extractCount="10000" duration="28539000"/>
			<Sample nodeCount="51" insertCount="10000" extractCount="10000" duration="29511000"/>
			<Sample nodeCount="52" insertCount="10000" extractCount="10000" duration="30394000"/>
			<Sample nodeCount="53" insertCount="10000" extractCount="10000" duration="30712000"/>
			<Sample nodeCount="54" insertCount="10000" extractCount="10000" duration="31686000"/>
			<Sample nodeCount="55" insertCount="10000" extractCount="10000" duration="32042000"/>
			<Sample nodeCount="56" insertCount="10000" extractCount="10000" duration="33048000"/>
			<Sample nodeCount="57" insertCount="10000" extractCount="10000" duration="33842000"/>
			<Sample nodeCount="58" insertCount="10000" extractCount="10000" duration="34770000"/>
			<Sample nodeCount="59" insertCount="10000" extractCount="10000" duration="35204000"/>
			<Sample nodeCount="60" insertCount="10000" extractCount="10000" duration="36658000"/>
			<Sample nodeCount="61" insertCount="10000" extractCount="10000" duration="37468000"/>
			<Sample nodeCount="62" insertCount="10000" extractCount="10000" duration="37655000"/>
			<Sample nodeCount="63" insertCount="10000" extractCount="10000" duration="38279000"/>
			<Sample nodeCount="64" insertCount="10000" extractCount="10000" duration="39670000"/>
			<Sample nodeCount="65" insertCount="10000" extractCount="10000" duration="40513000"/>
			<Sample nodeCount="66" insertCount="10000" extractCount="10000" duration="41103000"/>
			<Sample nodeCount="67" insertCount="10000" extractCount="10000" duration="41943000"/>
			<Sample nodeCount="68" insertCount="10000" extractCount="10000" duration="42773000"/>
			<Sample nodeCount="69" insertCount="10000" extractCount="10000" duration="43489000"/>
			<Sample nodeCount="70" insertCount="10000" extractCount="10000" duration="44393000"/>
			<Sample nodeCount="71" insertCount="10000" extractCount="10000" duration="45089000"/>
			<Sample nodeCount="72" insertCount="10000" extractCount="10000" duration="46302000"/>
			<Sample nodeCount="73" insertCount="10000" extractCount="10000" duration="47023000"/>
			<Sample nodeCount="74" insertCount="10000" extractCount="10000" duration="47731000"/>
			<Sample nodeCount="75" insertCount="10000" extractCount="10000" duration="48482000"/>
			<Sample nodeCount="76" insertCount="10000" extractCount="10000" duration="49352000"/>
			<Sample nodeCount="77" insertCount="10000" extractCount="10000" duration="49705000"/>
			<Sample nodeCount="78" insertCount="10000" extractCount="10000" duration="50918000"/>
			<Sample nodeCount="79" insertCount="10000" extractCount="10000" duration="51729000"/>
			<Sample nodeCount="80" insertCount="10000" extractCount="10000" duration="52285000"/>
			<Sample nodeCount="81" insertCount="10000" extractCount="10000" duration="53359000"/>
			<Sample nodeCount="82" insertCount="10000" extractCount="10000" duration="53988000"/>
			<Sample nodeCount="83" insertCount="10000" extractCount="10000" duration="54741000"/>
			<Sample nodeCount="84" insertCount="10000" extractCount="10000" duration="55937000"/>
			<Sample nodeCount="85" insertCount="10000" extractCount="10000" duration="56169000"/>
			<Sample nodeCount="86" insertCount="10000" extractCount="10000" duration="57214000"/>
			<Sample nodeCount="87" insertCount="10000" extractCount="10000" duration="58616000"/>
			<Sample nodeCount="88" insertCount="10000" extractCount="10000" duration="58872000"/>
			<Sample nodeCount="89" insertCount="10000" extractCount="10000" duration="59903000"/>
			<Sample nodeCount="90" insertCount="10000" extractCount="10000" duration="61404000"/>
			<Sample nodeCount="91" insertCount="10000" extractCount="10000" duration="61753000"/>
			<Sample nodeCount="92" insertCount="10000" extractCount="10000" duration="62123000"/>
			<Sample nodeCount="93" insertCount="10000" extractCount="10000" duration="63157000"/>
			<Sample nodeCount="94" insertCount="10000" extractCount="10000" duration="64539000"/>
			<Sample nodeCount="95" insertCount="10000" extractCount="10000" duration="64784000"/>
			<Sample nodeCount="96" insertCount="10000" extractCount="10000" duration="65927000"/>
			<Sample nodeCount="97" insertCount="10000" extractCount="10000" duration="66630000"/>
			<Sample nodeCount="98" insertCount="10000" extractCount="10000" duration="67361000"/>
			<Sample nodeCount="99" insertCount="10000" extractCount="10000" duration="69117000"/>
			<Sample nodeCount="100" insertCount="10000" extractCount="10000" duration="69056000"/>
			<Sample nodeCount="101" insertCount="10000" extractCount="10000" duration="70005000"/>
			<Sample nodeCount="102" insertCount="10000" extractCount="10000" duration="70365000"/>
			<Sample nodeCount="103" insertCount="10000" extractCount="10000" duration="71084000"/>
			<Sample nodeCount="104" insertCount="10000" extractCount="10000" duration="72361000"/>
			<Sample nodeCount="105" insertCount="10000" extractCount="10000" duration="73132000"/>
			<Sample nodeCount="106" insertCount="10000" extractCount="10000" duration="75723000"/>
			<Sample nodeCount="107" insertCount="10000" extractCount="10000" duration="75943000"/>
			<Sample nodeCount="108" insertCount="10000" extractCount="10000" duration="76512000"/>
			<Sample nodeCount="109" insertCount="10000" extractCount="10000" duration="76920000"/>
			<Sample nodeCount="110" insertCount="10000" extractCount="10000" duration="78295000"/>
			<Sample nodeCount="111" insertCount="10000" extractCount="10000" duration="78947000"/>
			<Sample nodeCount="112" insertCount="10000" extractCount="10000" duration="80545000"/>
			<Sample nodeCount="113" insertCount="10000" extractCount="10000" duration="81193000"/>
			<Sample nodeCount="114" insertCount="10000" extractCount="10000" duration="81650000"/>
			<Sample nodeCount="115" insertCount="10000" extractCount="10000" duration="82185000"/>
			<Sample nodeCount="116" insertCount="10000" extractCount="10000" duration="82910000"/>
			<Sample nodeCount="117" insertCount="10000" extractCount="10000" duration="83760000"/>
			<Sample nodeCount="118" insertCount="10000" extractCount="10000" duration="85152000"/>
			<Sample nodeCount="119" insertCount="10000" extractCount="10000" duration="86008000"/>
			<Sample nodeCount="120" insertCount="10000" extractCount="10000" duration="87113000"/>
			<Sample nodeCount="121" insertCount="10000" extractCount="10000" duration="87982000"/>
			<Sample nodeCount="122" insertCount="10000" extractCount="10000" duration="88992000"/>
			<Sample nodeCount="123" insertCount="10000" extractCount="10000" duration="89453000"/>
			<Sample nodeCount="124" insertCount="10000" extractCount="10000" duration="90971000"/>
			<Sample nodeCount="125" insertCount="10000" extractCount="10000" duration="90817000"/>
			<Sample nodeCount="126" insertCount="10000" extractCount="10000" duration="92385000"/>
			<Sample nodeCount="127" insertCount="10000" extractCount="10000" duration="93796000"/>
		</SmallSetLinear>
		<LargeSetLinear>
		</LargeSetLinear>
	</RBTest>
	<RBTest implementation="RB Old" nodeSize="32">
		<SmallSetRandomOps>
			<Sample nodeCount="1" insertCount="62" extractCount="61" duration="3000"/>
			<Sample nodeCount="2" insertCount="123" extractCount="123" duration="7000"/>
			<Sample nodeCount="3" insertCount="186" extractCount="183" duration="13000"/>
			<Sample nodeCount="4" insertCount="247" extractCount="245" duration="19000"/>
			<Sample nodeCount="5" insertCount="309" extractCount="306" duration="39000"/>
			<Sample nodeCount="6" insertCount="370" extractCount="368" duration="34000"/>
			<Sample nodeCount="7" insertCount="433" extractCount="428" duration="43000"/>
			<Sample nodeCount="8" insertCount="493" extractCount="491" duration="51000"/>
			<Sample nodeCount="9" insertCount="557" extractCount="550" duration="59000"/>
			<Sample nodeCount="10" insertCount="619" extractCount="611" duration="67000"/>
			<Sample nodeCount="11" insertCount="680" extractCount="673" duration="76000"/>
			<Sample nodeCount="12" insertCount="740" extractCount="736" duration="84000"/>
			<Sample nodeCount="13" insertCount="803" extractCount="796" duration="92000"/>
			<Sample nodeCount="14" insertCount="864" extractCount="858" duration="98000"/>
			<Sample nodeCount="15" insertCount="927" extractCount="918" duration="117000"/>
			<Sample nodeCount="16" insertCount="988" extractCount="980" duration="109000"/>
			<Sample nodeCount="17" insertCount="1050" extractCount="1041" duration="119000"/>
			<Sample nodeCount="18" insertCount="1113" extractCount="1101" duration="128000"/>
			<Sample nodeCount="19" insertCount="1172" extractCount="1165" duration="137000"/>
			<Sample nodeCount="20" insertCount="1237" extractCount="1223" duration="148000"/>
			<Sample nodeCount="21" insertCount="1296" extractCount="1287" duration="152000"/>
			<Sample nodeCount="22" insertCount="1359" extractCount="1347" duration="173000"/>
			<Sample nodeCount="23" insertCount="1419" extractCount="1410" duration="180000"/>
			<Sample nodeCount="24" insertCount="1484" extractCount="1468" duration="189000"/>
			<Sample nodeCount="25" insertCount="1544" extractCount="1531" duration="213000"/>
			<Sample nodeCount="26" insertCount="1604" extractCount="1594" duration="206000"/>
			<Sample nodeCount="27" insertCount="1668" extractCount="1653" duration="225000"/>
			<Sample nodeCount="28" insertCount="1729" extractCount="1715" duration="207000"/>
			<Sample nodeCount="29" insertCount="1790" extractCount="1777" duration="228000"/>
			<Sample nodeCount="30" insertCount="1851" extractCount="1839" duration="232000"/>
			<Sample nodeCount="31" insertCount="1914" extractCount="1899" duration="228000"/>
			<Sample nodeCount="32" insertCount="1977" extractCount="1959" duration="239000"/>
			<Sample nodeCount="33" insertCount="2041" extractCount="2018" duration="248000"/>
			<Sample nodeCount="34" insertCount="2097" extractCount="2085" duration="253000"/>
			<Sample nodeCount="35" insertCount="2160" extractCount="2145" duration="265000"/>
			<Sample nodeCount="36" insertCount="2221" extractCount="2207" duration="271000"/>
			<Sample nodeCount="37" insertCount="2285" extractCount="2266" duration="278000"/>
			<Sample nodeCount="38" insertCount="2346" extractCount="2328" duration="291000"/>
			<Sample nodeCount="39" insertCount="2408" extractCount="2389" duration="297000"/>
			<Sample nodeCount="40" insertCount="2471" extractCount="2449" duration="302000"/>
			<Sample nodeCount="41" insertCount="2531" extractCount="2512" duration="313000"/>
			<Sample nodeCount="42" insertCount="2593" extractCount="2573" duration="320000"/>
			<Sample nodeCount="43" insertCount="2656" extractCount="2633" duration="332000"/>
			<Sample nodeCount="44" insertCount="2717" extractCount="2695" duration="336000"/>
			<Sample nodeCount="45" insertCount="2776" extractCount="2759" duration="344000"/>
			<Sample nodeCount="46" insertCount="2840" extractCount="2818" duration="353000"/>
			<Sample nodeCount="47" insertCount="2902" extractCount="2879" duration="362000"/>
			<Sample nodeCount="48" insertCount="2966" extractCount="2938" duration="372000"/>
			<Sample nodeCount="49" insertCount="3026" extractCount="3001" duration="380000"/>
			<Sample nodeCount="50" insertCount="3084" extractCount="3066" duration="455000"/>
			<Sample nodeCount="51" insertCount="3151" extractCount="3122" duration="395000"/>
			<Sample nodeCount="52" insertCount="3209" extractCount="3187" duration="405000"/>
			<Sample nodeCount="53" insertCount="3273" extractCount="3246" duration="411000"/>
			<Sample nodeCount="54" insertCount="3337" extractCount="3305" duration="423000"/>
			<Sample nodeCount="55" insertCount="3400" extractCount="3365" duration="428000"/>
			<Sample nodeCount="56" insertCount="3458" extractCount="3430" duration="436000"/>
			<Sample nodeCount="57" insertCount="3521" extractCount="3490" duration="446000"/>
			<Sample nodeCount="58" insertCount="3580" extractCount="3554" duration="450000"/>
			<Sample nodeCount="59" insertCount="3647" extractCount="3610" duration="463000"/>
			<Sample nodeCount="60" insertCount="3706" extractCount="3674" duration="465000"/>
			<Sample nodeCount="61" insertCount="3766" extractCount="3737" duration="478000"/>
			<Sample nodeCount="62" insertCount="3828" extractCount="3798" duration="484000"/>
			<Sample nodeCount="63" insertCount="3888" extractCount="3861" duration="493000"/>
			<Sample nodeCount="64" insertCount="3952" extractCount="3920" duration="500000"/>
			<Sample nodeCount="65" insertCount="4014" extractCount="3981" duration="509000"/>
			<Sample nodeCount="66" insertCount="4077" extractCount="4041" duration="515000"/>
			<Sample nodeCount="67" insertCount="4136" extractCount="4105" duration="531000"/>
			<Sample nodeCount="68" insertCount="4200" extractCount="4164" duration="536000"/>
			<Sample nodeCount="69" insertCount="4263" extractCount="4224" duration="549000"/>
			<Sample nodeCount="70" insertCount="4325" extractCount="4285" duration="578000"/>
			<Sample nodeCount="71" insertCount="4381" extractCount="4352" duration="600000"/>
			<Sample nodeCount="72" insertCount="4448" extractCount="4408" duration="593000"/>
			<Sample nodeCount="73" insertCount="4507" extractCount="4472" duration="601000"/>
			<Sample nodeCount="74" insertCount="4571" extractCount="4531" duration="612000"/>
			<Sample nodeCount="75" insertCount="4631" extractCount="4594" duration="595000"/>
			<Sample nodeCount="76" insertCount="4693" extractCount="4655" duration="608000"/>
			<Sample nodeCount="77" insertCount="4755" extractCount="4716" duration="616000"/>
			<Sample nodeCount="78" insertCount="4817" extractCount="4777" duration="624000"/>
			<Sample nodeCount="79" insertCount="4877" extractCount="4840" duration="632000"/>
			<Sample nodeCount="80" insertCount="4942" extractCount="4898" duration="649000"/>
			<Sample nodeCount="81" insertCount="5002" extractCount="4961" duration="664000"/>
			<Sample nodeCount="82" insertCount="5063" extractCount="5023" duration="654000"/>
			<Sample nodeCount="83" insertCount="5124" extractCount="5085" duration="672000"/>
			<Sample nodeCount="84" insertCount="5187" extractCount="5145" duration="677000"/>
			<Sample nodeCount="85" insertCount="5250" extractCount="5205" duration="687000"/>
			<Sample nodeCount="86" insertCount="5314" extractCount="5264" duration="722000"/>
			<Sample nodeCount="87" insertCount="5374" extractCount="5327" duration="707000"/>
			<Sample nodeCount="88" insertCount="5432" extractCount="5392" duration="716000"/>
			<Sample nodeCount="89" insertCount="5490" extractCount="5457" duration="720000"/>
			<Sample nodeCount="90" insertCount="5559" extractCount="5511" duration="727000"/>
			<Sample nodeCount="91" insertCount="5621" extractCount="5572" duration="735000"/>
			<Sample nodeCount="92" insertCount="5680" extractCount="5636" duration="773000"/>
			<Sample nodeCount="93" insertCount="5740" extractCount="5699" duration="755000"/>
			<Sample nodeCount="94" insertCount="5803" extractCount="5759" duration="779000"/>
			<Sample nodeCount="95" insertCount="5862" extractCount="5823" duration="794000"/>
			<Sample nodeCount="96" insertCount="5929" extractCount="5879" duration="783000"/>
			<Sample nodeCount="97" insertCount="5993" extractCount="5938" duration="842000"/>
			<Sample nodeCount="98" insertCount="6055" extractCount="5999" duration="857000"/>
			<Sample nodeCount="99" insertCount="6113" extractCount="6064" duration="808000"/>
			<Sample nodeCount="100" insertCount="6172" extractCount="6128" duration="819000"/>
			<Sample nodeCount="101" insertCount="6238" extractCount="6185" duration="823000"/>
			<Sample nodeCount="102" insertCount="6299" extractCount="6247" duration="863000"/>
			<Sample nodeCount="103" insertCount="6363" extractCount="6306" duration="927000"/>
			<Sample nodeCount="104" insertCount="6426" extractCount="6366" duration="851000"/>
			<Sample nodeCount="105" insertCount="6481" extractCount="6434" duration="860000"/>
			<Sample nodeCount="106" insertCount="6544" extractCount="6494" duration="906000"/>
			<Sample nodeCount="107" insertCount="6607" extractCount="6554" duration="907000"/>
			<Sample nodeCount="108" insertCount="6669" extractCount="6615" duration="888000"/>
			<Sample nodeCount="109" insertCount="6732" extractCount="6675" duration="896000"/>
			<Sample nodeCount="110" insertCount="6794" extractCount="6736" duration="899000"/>
			<Sample nodeCount="111" insertCount="6852" extractCount="6801" duration="915000"/>
			<Sample nodeCount="112" insertCount="6918" extractCount="6858" duration="925000"/>
			<Sample nodeCount="113" insertCount="6981" extractCount="6918" duration="970000"/>
			<Sample nodeCount="114" insertCount="7041" extractCount="6981" duration="1010000"/>
			<Sample nodeCount="115" insertCount="7103" extractCount="7042" duration="1024000"/>
			<Sample nodeCount="116" insertCount="7164" extractCount="7104" duration="1016000"/>
			<Sample nodeCount="117" insertCount="7225" extractCount="7166" duration="971000"/>
			<Sample nodeCount="118" insertCount="7291" extractCount="7223" duration="978000"/>
			<Sample nodeCount="119" insertCount="7350" extractCount="7287" duration="1014000"/>
			<Sample nodeCount="120" insertCount="7410" extractCount="7350" duration="1044000"/>
			<Sample nodeCount="121" insertCount="7471" extractCount="7412" duration="997000"/>
			<Sample nodeCount="122" insertCount="7537" extractCount="7469" duration="999000"/>
			<Sample nodeCount="123" insertCount="7593" extractCount="7536" duration="1045000"/>
			<Sample nodeCount="124" insertCount="7658" extractCount="7594" duration="1019000"/>
			<Sample nodeCount="125" insertCount="7718" extractCount="7657" duration="1032000"/>
			<Sample nodeCount="126" insertCount="7781" extractCount="7717" duration="1032000"/>
			<Sample nodeCount="127" insertCount="7840" extractCount="7781" duration="1080000"/>
		</SmallSetRandomOps>
		<LargeSetRandomOps>
		</LargeSetRandomOps>
		<SmallSetLinear>
			<Sample nodeCount="1" insertCount="10000" extractCount="10000" duration="125000"/>
			<Sample nodeCount="2" insertCount="10000" extractCount="10000" duration="254000"/>
			<Sample nodeCount="3" insertCount="10000" extractCount="10000" duration="438000"/>
			<Sample nodeCount="4" insertCount="10000" extractCount="10000" duration="751000"/>
			<Sample nodeCount="5" insertCount="10000" extractCount="10000" duration="1275000"/>
			<Sample nodeCount="6" insertCount="10000" extractCount="10000" duration="1558000"/>
			<Sample nodeCount="7" insertCount="10000" extractCount="10000" duration="2002000"/>
			<Sample nodeCount="8" insertCount="10000" extractCount="10000" duration="2555000"/>
			<Sample nodeCount="9" insertCount="10000" extractCount="10000" duration="3023000"/>
			<Sample nodeCount="10" insertCount="10000" extractCount="10000" duration="3429000"/>
			<Sample nodeCount="11" insertCount="10000" extractCount="10000" duration="4023000"/>
			<Sample nodeCount="12" insertCount="10000" extractCount="10000" duration="4471000"/>
			<Sample nodeCount="13" insertCount="10000" extractCount="10000" duration="4918000"/>
			<Sample nodeCount="14" insertCount="10000" extractCount="10000" duration="5247000"/>
			<Sample nodeCount="15" insertCount="10000" extractCount="10000" duration="6107000"/>
			<Sample nodeCount="16" insertCount="10000" extractCount="10000" duration="6517000"/>
			<Sample nodeCount="17" insertCount="10000" extractCount="10000" duration="7137000"/>
			<Sample nodeCount="18" insertCount="10000" extractCount="10000" duration="7967000"/>
			<Sample nodeCount="19" insertCount="10000" extractCount="10000" duration="8720000"/>
			<Sample nodeCount="20" insertCount="10000" extractCount="10000" duration="9197000"/>
			<Sample nodeCount="21" insertCount="10000" extractCount="10000" duration="10027000"/>
			<Sample nodeCount="22" insertCount="10000" extractCount="10000" duration="10216000"/>
			<Sample nodeCount="23" insertCount="10000" extractCount="10000" duration="10671000"/>
			<Sample nodeCount="24" insertCount="10000" extractCount="10000" duration="11545000"/>
			<Sample nodeCount="25" insertCount="10000" extractCount="10000" duration="12320000"/>
			<Sample nodeCount="26" insertCount="10000" extractCount="10000" duration="12602000"/>
			<Sample nodeCount="27" insertCount="10000" extractCount="10000" duration="13166000"/>
			<Sample nodeCount="28" insertCount="10000" extractCount="10000" duration="13648000"/>
			<Sample nodeCount="29" insertCount="10000" extractCount="10000" duration="14223000"/>
			<Sample nodeCount="30" insertCount="10000" extractCount="10000" duration="14781000"/>
			<Sample nodeCount="31" insertCount="10000" extractCount="10000" duration="15557000"/>
			<Sample nodeCount="32" insertCount="10000" extractCount="10000" duration="16235000"/>
			<Sample nodeCount="33" insertCount="10000" extractCount="10000" duration="16860000"/>
			<Sample nodeCount="34" insertCount="10000" extractCount="10000" duration="17487000"/>
			<Sample nodeCount="35" insertCount="10000" extractCount="10000" duration="18318000"/>
			<Sample nodeCount="36" insertCount="10000" extractCount="10000" duration="18821000"/>
			<Sample nodeCount="37" insertCount="10000" extractCount="10000" duration="19450000"/>
			<Sample nodeCount="38" insertCount="10000" extractCount="10000" duration="20007000"/>
			<Sample nodeCount="39" insertCount="10000" extractCount="10000" duration="20712000"/>
			<Sample nodeCount="40" insertCount="10000" extractCount="10000" duration="21341000"/>
			<Sample nodeCount="41" insertCount="10000" extractCount="10000" duration="21898000"/>
			<Sample nodeCount="42" insertCount="10000" extractCount="10000" duration="22917000"/>
			<Sample nodeCount="43" insertCount="10000" extractCount="10000" duration="23218000"/>
			<Sample nodeCount="44" insertCount="10000" extractCount="10000" duration="24085000"/>
			<Sample nodeCount="45" insertCount="10000" extractCount="10000" duration="24589000"/>
			<Sample nodeCount="46" insertCount="10000" extractCount="10000" duration="25742000"/>
			<Sample nodeCount="47" insertCount="10000" extractCount="10000" duration="26434000"/>
			<Sample nodeCount="48" insertCount="10000" extractCount="10000" duration="27293000"/>
			<Sample nodeCount="49" insertCount="10000" extractCount="10000" duration="28079000"/>
			<Sample nodeCount="50" insertCount="10000" extractCount="10000" duration="29318000"/>
			<Sample nodeCount="51" insertCount="10000" extractCount="10000" duration="29415000"/>
			<Sample nodeCount="52" insertCount="10000" extractCount="10000" duration="30158000"/>
			<Sample nodeCount="53" insertCount="10000" extractCount="10000" duration="30458000"/>
			<Sample nodeCount="54" insertCount="10000" extractCount="10000" duration="31579000"/>
			<Sample nodeCount="55" insertCount="10000" extractCount="10000" duration="32060000"/>
			<Sample nodeCount="56" insertCount="10000" extractCount="10000" duration="33251000"/>
			<Sample nodeCount="57" insertCount="10000" extractCount="10000" duration="33655000"/>
			<Sample nodeCount="58" insertCount="10000" extractCount="10000" duration="34612000"/>
			<Sample nodeCount="59" insertCount="10000" extractCount="10000" duration="34989000"/>
			<Sample nodeCount="60" insertCount="10000" extractCount="10000" duration="35945000"/>
			<Sample nodeCount="61" insertCount="10000" extractCount="10000" duration="36661000"/>
			<Sample nodeCount="62" insertCount="10000" extractCount="10000" duration="37627000"/>
			<Sample nodeCount="63" insertCount="10000" extractCount="10000" duration="38481000"/>
			<Sample nodeCount="64" insertCount="10000" extractCount="10000" duration="39672000"/>
			<Sample nodeCount="65" insertCount="10000" extractCount="10000" duration="40253000"/>
			<Sample nodeCount="66" insertCount="10000" extractCount="10000" duration="40784000"/>
			<Sample nodeCount="67" insertCount="10000" extractCount="10000" duration="41300000"/>
			<Sample nodeCount="68" insertCount="10000" extractCount="10000" duration="41757000"/>
			<Sample nodeCount="69" insertCount="10000" extractCount="10000" duration="42084000"/>
			<Sample nodeCount="70" insertCount="10000" extractCount="10000" duration="43046000"/>
			<Sample nodeCount="71" insertCount="10000" extractCount="10000" duration="44078000"/>
			<Sample nodeCount="72" insertCount="10000" extractCount="10000" duration="44904000"/>
			<Sample nodeCount="73" insertCount="10000" extractCount="10000" duration="45537000"/>
			<Sample nodeCount="74" insertCount="10000" extractCount="10000" duration="46891000"/>
			<Sample nodeCount="75" insertCount="10000" extractCount="10000" duration="46759000"/>
			<Sample nodeCount="76" insertCount="10000" extractCount="10000" duration="48502000"/>
			<Sample nodeCount="77" insertCount="10000" extractCount="10000" duration="48861000"/>
			<Sample nodeCount="78" insertCount="10000" extractCount="10000" duration="49402000"/>
			<Sample nodeCount="79" insertCount="10000" extractCount="10000" duration="50368000"/>
			<Sample nodeCount="80" insertCount="10000" extractCount="10000" duration="50971000"/>
			<Sample nodeCount="81" insertCount="10000" extractCount="10000" duration="51889000"/>
			<Sample nodeCount="82" insertCount="10000" extractCount="10000" duration="52187000"/>
			<Sample nodeCount="83" insertCount="10000" extractCount="10000" duration="53088000"/>
			<Sample nodeCount="84" insertCount="10000" extractCount="10000" duration="53896000"/>
			<Sample nodeCount="85" insertCount="10000" extractCount="10000" duration="54657000"/>
			<Sample nodeCount="86" insertCount="10000" extractCount="10000" duration="56415000"/>
			<Sample nodeCount="87" insertCount="10000" extractCount="10000" duration="56325000"/>
			<Sample nodeCount="88" insertCount="10000" extractCount="10000" duration="57322000"/>
			<Sample nodeCount="89" insertCount="10000" extractCount="10000" duration="58068000"/>
			<Sample nodeCount="90" insertCount="10000" extractCount="10000" duration="58956000"/>
			<Sample nodeCount="91" insertCount="10000" extractCount="10000" duration="59670000"/>
			<Sample nodeCount="92" insertCount="10000" extractCount="10000" duration="60280000"/>
			<Sample nodeCount="93" insertCount="10000" extractCount="10000" duration="60945000"/>
			<Sample nodeCount="94" insertCount="10000" extractCount="10000" duration="62833000"/>
			<Sample nodeCount="95" insertCount="10000" extractCount="10000" duration="62731000"/>
			<Sample nodeCount="96" insertCount="10000" extractCount="10000" duration="63491000"/>
			<Sample nodeCount="97" insertCount="10000" extractCount="10000" duration="64050000"/>
			<Sample nodeCount="98" insertCount="10000" extractCount="10000" duration="65064000"/>
			<Sample nodeCount="99" insertCount="10000" extractCount="10000" duration="66305000"/>
			<Sample nodeCount="100" insertCount="10000" extractCount="10000" duration="66741000"/>
			<Sample nodeCount="101" insertCount="10000" extractCount="10000" duration="67259000"/>
			<Sample nodeCount="102" insertCount="10000" extractCount="10000" duration="68976000"/>
			<Sample nodeCount="103" insertCount="10000" extractCount="10000" duration="69433000"/>
			<Sample nodeCount="104" insertCount="10000" extractCount="10000" duration="69999000"/>
			<Sample nodeCount="105" insertCount="10000" extractCount="10000" duration="71334000"/>
			<Sample nodeCount="106" insertCount="10000" extractCount="10000" duration="72838000"/>
			<Sample nodeCount="107" insertCount="10000" extractCount="10000" duration="72643000"/>
			<Sample nodeCount="108" insertCount="10000" extractCount="10000" duration="74574000"/>
			<Sample nodeCount="109" insertCount="10000" extractCount="10000" duration="76804000"/>
			<Sample nodeCount="110" insertCount="10000" extractCount="10000" duration="76518000"/>
			<Sample nodeCount="111" insertCount="10000" extractCount="10000" duration="77124000"/>
			<Sample nodeCount="112" insertCount="10000" extractCount="10000" duration="78265000"/>
			<Sample nodeCount="113" insertCount="10000" extractCount="10000" duration="78572000"/>
			<Sample nodeCount="114" insertCount="10000" extractCount="10000" duration="80190000"/>
			<Sample nodeCount="115" insertCount="10000" extractCount="10000" duration="81315000"/>
			<Sample nodeCount="116" insertCount="10000" extractCount="10000" duration="81963000"/>
			<Sample nodeCount="117" insertCount="10000" extractCount="10000" duration="82232000"/>
			<Sample nodeCount="118" insertCount="10000" extractCount="10000" duration="83410000"/>
			<Sample nodeCount="119" insertCount="10000" extractCount="10000" duration="84233000"/>
			<Sample nodeCount="120" insertCount="10000" extractCount="10000" duration="85450000"/>
			<Sample nodeCount="121" insertCount="10000" extractCount="10000" duration="86891000"/>
			<Sample nodeCount="122" insertCount="10000" extractCount="10000" duration="86612000"/>
			<Sample nodeCount="123" insertCount="10000" extractCount="10000" duration="87423000"/>
			<Sample nodeCount="124" insertCount="10000" extractCount="10000" duration="89162000"/>
			<Sample nodeCount="125" insertCount="10000" extractCount="10000" duration="89425000"/>
			<Sample nodeCount="126" insertCount="10000" extractCount="10000" duration="90658000"/>
			<Sample nodeCount="127" insertCount="10000" extractCount="10000" duration="91938000"/>
		</SmallSetLinear>
		<LargeSetLinear>
		</LargeSetLinear>
	</RBTest>
	<RBTest implementation="Linux" nodeSize="24">
		<SmallSetRandomOps>
			<Sample nodeCount="1" insertCount="62" extractCount="61" duration="3000"/>
			<Sample nodeCount="2" insertCount="123" extractCount="123" duration="7000"/>
			<Sample nodeCount="3" insertCount="186" extractCount="183" duration="12000"/>
			<Sample nodeCount="4" insertCount="247" extractCount="245" duration="17000"/>
			<Sample nodeCount="5" insertCount="309" extractCount="306" duration="23000"/>
			<Sample nodeCount="6" insertCount="370" extractCount="368" duration="30000"/>
			<Sample nodeCount="7" insertCount="433" extractCount="428" duration="37000"/>
			<Sample nodeCount="8" insertCount="493" extractCount="491" duration="44000"/>
			<Sample nodeCount="9" insertCount="557" extractCount="550" duration="50000"/>
			<Sample nodeCount="10" insertCount="619" extractCount="611" duration="56000"/>
			<Sample nodeCount="11" insertCount="680" extractCount="673" duration="66000"/>
			<Sample nodeCount="12" insertCount="740" extractCount="736" duration="85000"/>
			<Sample nodeCount="13" insertCount="803" extractCount="796" duration="95000"/>
			<Sample nodeCount="14" insertCount="864" extractCount="858" duration="102000"/>
			<Sample nodeCount="15" insertCount="927" extractCount="918" duration="106000"/>
			<Sample nodeCount="16" insertCount="988" extractCount="980" duration="103000"/>
			<Sample nodeCount="17" insertCount="1050" extractCount="1041" duration="112000"/>
			<Sample nodeCount="18" insertCount="1113" extractCount="1101" duration="124000"/>
			<Sample nodeCount="19" insertCount="1172" extractCount="1165" duration="130000"/>
			<Sample nodeCount="20" insertCount="1237" extractCount="1223" duration="134000"/>
			<Sample nodeCount="21" insertCount="1296" extractCount="1287" duration="142000"/>
			<Sample nodeCount="22" insertCount="1359" extractCount="1347" duration="150000"/>
			<Sample nodeCount="23" insertCount="1419" extractCount="1410" duration="158000"/>
			<Sample nodeCount="24" insertCount="1484" extractCount="1468" duration="166000"/>
			<Sample nodeCount="25" insertCount="1544" extractCount="1531" duration="172000"/>
			<Sample nodeCount="26" insertCount="1604" extractCount="1594" duration="177000"/>
			<Sample nodeCount="27" insertCount="1668" extractCount="1653" duration="186000"/>
			<Sample nodeCount="28" insertCount="1729" extractCount="1715" duration="194000"/>
			<Sample nodeCount="29" insertCount="1790" extractCount="1777" duration="219000"/>
			<Sample nodeCount="30" insertCount="1851" extractCount="1839" duration="217000"/>
			<Sample nodeCount="31" insertCount="1914" extractCount="1899" duration="225000"/>
			<Sample nodeCount="32" insertCount="1977" extractCount="1959" duration="238000"/>
			<Sample nodeCount="33" insertCount="2041" extractCount="2018" duration="234000"/>
			<Sample nodeCount="34" insertCount="2097" extractCount="2085" duration="239000"/>
			<Sample nodeCount="35" insertCount="2160" extractCount="2145" duration="249000"/>
			<Sample nodeCount="36" insertCount="2221" extractCount="2207" duration="254000"/>
			<Sample nodeCount="37" insertCount="2285" extractCount="2266" duration="260000"/>
			<Sample nodeCount="38" insertCount="2346" extractCount="2328" duration="298000"/>
			<Sample nodeCount="39" insertCount="2408" extractCount="2389" duration="278000"/>
			<Sample nodeCount="40" insertCount="2471" extractCount="2449" duration="284000"/>
			<Sample nodeCount="41" insertCount="2531" extractCount="2512" duration="293000"/>
			<Sample nodeCount="42" insertCount="2593" extractCount="2573" duration="298000"/>
			<Sample nodeCount="43" insertCount="2656" extractCount="2633" duration="310000"/>
			<Sample nodeCount="44" insertCount="2717" extractCount="2695" duration="315000"/>
			<Sample nodeCount="45" insertCount="2776" extractCount="2759" duration="320000"/>
			<Sample nodeCount="46" insertCount="2840" extractCount="2818" duration="331000"/>
			<Sample nodeCount="47" insertCount="2902" extractCount="2879" duration="339000"/>
			<Sample nodeCount="48" insertCount="2966" extractCount="2938" duration="346000"/>
			<Sample nodeCount="49" insertCount="3026" extractCount="3001" duration="356000"/>
			<Sample nodeCount="50" insertCount="3084" extractCount="3066" duration="365000"/>
			<Sample nodeCount="51" insertCount="3151" extractCount="3122" duration="401000"/>
			<Sample nodeCount="52" insertCount="3209" extractCount="3187" duration="379000"/>
			<Sample nodeCount="53" insertCount="3273" extractCount="3246" duration="388000"/>
			<Sample nodeCount="54" insertCount="3337" extractCount="3305" duration="400000"/>
			<Sample nodeCount="55" insertCount="3400" extractCount="3365" duration="404000"/>
			<Sample nodeCount="56" insertCount="3458" extractCount="3430" duration="414000"/>
			<Sample nodeCount="57" insertCount="3521" extractCount="3490" duration="420000"/>
			<Sample nodeCount="58" insertCount="3580" extractCount="3554" duration="427000"/>
			<Sample nodeCount="59" insertCount="3647" extractCount="3610" duration="440000"/>
			<Sample nodeCount="60" insertCount="3706" extractCount="3674" duration="498000"/>
			<Sample nodeCount="61" insertCount="3766" extractCount="3737" duration="453000"/>
			<Sample nodeCount="62" insertCount="3828" extractCount="3798" duration="483000"/>
			<Sample nodeCount="63" insertCount="3888" extractCount="3861" duration="467000"/>
			<Sample nodeCount="64" insertCount="3952" extractCount="3920" duration="474000"/>
			<Sample nodeCount="65" insertCount="4014" extractCount="3981" duration="482000"/>
			<Sample nodeCount="66" insertCount="4077" extractCount="4041" duration="491000"/>
			<Sample nodeCount="67" insertCount="4136" extractCount="4105" duration="520000"/>
			<Sample nodeCount="68" insertCount="4200" extractCount="4164" duration="537000"/>
			<Sample nodeCount="69" insertCount="4263" extractCount="4224" duration="528000"/>
			<Sample nodeCount="70" insertCount="4325" extractCount="4285" duration="527000"/>
			<Sample nodeCount="71" insertCount="4381" extractCount="4352" duration="534000"/>
			<Sample nodeCount="72" insertCount="4448" extractCount="4408" duration="541000"/>
			<Sample nodeCount="73" insertCount="4507" extractCount="4472" duration="548000"/>
			<Sample nodeCount="74" insertCount="4571" extractCount="4531" duration="556000"/>
			<Sample nodeCount="75" insertCount="4631" extractCount="4594" duration="566000"/>
			<Sample nodeCount="76" insertCount="4693" extractCount="4655" duration="606000"/>
			<Sample nodeCount="77" insertCount="4755" extractCount="4716" duration="617000"/>
			<Sample nodeCount="78" insertCount="4817" extractCount="4777" duration="614000"/>
			<Sample nodeCount="79" insertCount="4877" extractCount="4840" duration="625000"/>
			<Sample nodeCount="80" insertCount="4942" extractCount="4898" duration="628000"/>
			<Sample nodeCount="81" insertCount="5002" extractCount="4961" duration="640000"/>
			<Sample nodeCount="82" insertCount="5063" extractCount="5023" duration="679000"/>
			<Sample nodeCount="83" insertCount="5124" extractCount="5085" duration="662000"/>
			<Sample nodeCount="84" insertCount="5187" extractCount="5145" duration="668000"/>
			<Sample nodeCount="85" insertCount="5250" extractCount="5205" duration="679000"/>
			<Sample nodeCount="86" insertCount="5314" extractCount="5264" duration="688000"/>
			<Sample nodeCount="87" insertCount="5374" extractCount="5327" duration="699000"/>
			<Sample nodeCount="88" insertCount="5432" extractCount="5392" duration="739000"/>
			<Sample nodeCount="89" insertCount="5490" extractCount="5457" duration="713000"/>
			<Sample nodeCount="90" insertCount="5559" extractCount="5511" duration="750000"/>
			<Sample nodeCount="91" insertCount="5621" extractCount="5572" duration="729000"/>
			<Sample nodeCount="92" insertCount="5680" extractCount="5636" duration="727000"/>
			<Sample nodeCount="93" insertCount="5740" extractCount="5699" duration="746000"/>
			<Sample nodeCount="94" insertCount="5803" extractCount="5759" duration="757000"/>
			<Sample nodeCount="95" insertCount="5862" extractCount="5823" duration="733000"/>
			<Sample nodeCount="96" insertCount="5929" extractCount="5879" duration="744000"/>
			<Sample nodeCount="97" insertCount="5993" extractCount="5938" duration="747000"/>
			<Sample nodeCount="98" insertCount="6055" extractCount="5999" duration="807000"/>
			<Sample nodeCount="99" insertCount="6113" extractCount="6064" duration="801000"/>
			<Sample nodeCount="100" insertCount="6172" extractCount="6128" duration="780000"/>
			<Sample nodeCount="101" insertCount="6238" extractCount="6185" duration="809000"/>
			<Sample nodeCount="102" insertCount="6299" extractCount="6247" duration="848000"/>
			<Sample nodeCount="103" insertCount="6363" extractCount="6306" duration="855000"/>
			<Sample nodeCount="104" insertCount="6426" extractCount="6366" duration="838000"/>
			<Sample nodeCount="105" insertCount="6481" extractCount="6434" duration="820000"/>
			<Sample nodeCount="106" insertCount="6544" extractCount="6494" duration="829000"/>
			<Sample nodeCount="107" insertCount="6607" extractCount="6554" duration="844000"/>
			<Sample nodeCount="108" insertCount="6669" extractCount="6615" duration="853000"/>
			<Sample nodeCount="109" insertCount="6732" extractCount="6675" duration="878000"/>
			<Sample nodeCount="110" insertCount="6794" extractCount="6736" duration="879000"/>
			<Sample nodeCount="111" insertCount="6852" extractCount="6801" duration="955000"/>
			<Sample nodeCount="112" insertCount="6918" extractCount="6858" duration="907000"/>
			<Sample nodeCount="113" insertCount="6981" extractCount="6918" duration="938000"/>
			<Sample nodeCount="114" insertCount="7041" extractCount="6981" duration="906000"/>
			<Sample nodeCount="115" insertCount="7103" extractCount="7042" duration="903000"/>
			<Sample nodeCount="116" insertCount="7164" extractCount="7104" duration="912000"/>
			<Sample nodeCount="117" insertCount="7225" extractCount="7166" duration="950000"/>
			<Sample nodeCount="118" insertCount="7291" extractCount="7223" duration="933000"/>
			<Sample nodeCount="119" insertCount="7350" extractCount="7287" duration="944000"/>
			<Sample nodeCount="120" insertCount="7410" extractCount="7350" duration="952000"/>
			<Sample nodeCount="121" insertCount="7471" extractCount="7412" duration="983000"/>
			<Sample nodeCount="122" insertCount="7537" extractCount="7469" duration="957000"/>
			<Sample nodeCount="123" insertCount="7593" extractCount="7536" duration="974000"/>
			<Sample nodeCount="124" insertCount="7658" extractCount="7594" duration="981000"/>
			<Sample nodeCount="125" insertCount="7718" extractCount="7657" duration="1047000"/>
			<Sample nodeCount="126" insertCount="7781" extractCount="7717" duration="1031000"/>
			<Sample nodeCount="127" insertCount="7840" extractCount="7781" duration="1045000"/>
		</SmallSetRandomOps>
		<LargeSetRandomOps>
		</LargeSetRandomOps>
		<SmallSetLinear>
			<Sample nodeCount="1" insertCount="10000" extractCount="10000" duration="135000"/>
			<Sample nodeCount="2" insertCount="10000" extractCount="10000" duration="252000"/>
			<Sample nodeCount="3" insertCount="10000" extractCount="10000" duration="419000"/>
			<Sample nodeCount="4" insertCount="10000" extractCount="10000" duration="677000"/>
			<Sample nodeCount="5" insertCount="10000" extractCount="10000" duration="899000"/>
			<Sample nodeCount="6" insertCount="10000" extractCount="10000" duration="1126000"/>
			<Sample nodeCount="7" insertCount="10000" extractCount="10000" duration="1296000"/>
			<Sample nodeCount="8" insertCount="10000" extractCount="10000" duration="1688000"/>
			<Sample nodeCount="9" insertCount="10000" extractCount="10000" duration="1875000"/>
			<Sample nodeCount="10" insertCount="10000" extractCount="10000" duration="2161000"/>
			<Sample nodeCount="11" insertCount="10000" extractCount="10000" duration="2594000"/>
			<Sample nodeCount="12" insertCount="10000" extractCount="10000" duration="2937000"/>
			<Sample nodeCount="13" insertCount="10000" extractCount="10000" duration="3292000"/>
			<Sample nodeCount="14" insertCount="10000" extractCount="10000" duration="3717000"/>
			<Sample nodeCount="15" insertCount="10000" extractCount="10000" duration="3892000"/>
			<Sample nodeCount="16" insertCount="10000" extractCount="10000" duration="4285000"/>
			<Sample nodeCount="17" insertCount="10000" extractCount="10000" duration="4582000"/>
			<Sample nodeCount="18" insertCount="10000" extractCount="10000" duration="5143000"/>
			<Sample nodeCount="19" insertCount="10000" extractCount="10000" duration="5374000"/>
			<Sample nodeCount="20" insertCount="10000" extractCount="10000" duration="5758000"/>
			<Sample nodeCount="21" insertCount="10000" extractCount="10000" duration="6000000"/>
			<Sample nodeCount="22" insertCount="10000" extractCount="10000" duration="6607000"/>
			<Sample nodeCount="23" insertCount="10000" extractCount="10000" duration="7077000"/>
			<Sample nodeCount="24" insertCount="10000" extractCount="10000" duration="7558000"/>
			<Sample nodeCount="25" insertCount="10000" extractCount="10000" duration="7875000"/>
			<Sample nodeCount="26" insertCount="10000" extractCount="10000" duration="8185000"/>
			<Sample nodeCount="27" insertCount="10000" extractCount="10000" duration="8884000"/>
			<Sample nodeCount="28" insertCount="10000" extractCount="10000" duration="9209000"/>
			<Sample nodeCount="29" insertCount="10000" extractCount="10000" duration="9421000"/>
			<Sample nodeCount="30" insertCount="10000" extractCount="10000" duration="10072000"/>
			<Sample nodeCount="31" insertCount="10000" extractCount="10000" duration="10574000"/>
			<Sample nodeCount="32" insertCount="10000" extractCount="10000" duration="10774000"/>
			<Sample nodeCount="33" insertCount="10000" extractCount="10000" duration="11072000"/>
			<Sample nodeCount="34" insertCount="10000" extractCount="10000" duration="11547000"/>
			<Sample nodeCount="35" insertCount="10000" extractCount="10000" duration="11976000"/>
			<Sample nodeCount="36" insertCount="10000" extractCount="10000" duration="12269000"/>
			<Sample nodeCount="37" insertCount="10000" extractCount="10000" duration="12685000"/>
			<Sample nodeCount="38" insertCount="10000" extractCount="10000" duration="13354000"/>
			<Sample nodeCount="39" insertCount="10000" extractCount="10000" duration="13697000"/>
			<Sample nodeCount="40" insertCount="10000" extractCount="10000" duration="14026000"/>
			<Sample nodeCount="41" insertCount="10000" extractCount="10000" duration="14255000"/>
			<Sample nodeCount="42" insertCount="10000" extractCount="10000" duration="14762000"/>
			<Sample nodeCount="43" insertCount="10000" extractCount="10000" duration="15171000"/>
			<Sample nodeCount="44" insertCount="10000" extractCount="10000" duration="15626000"/>
			<Sample nodeCount="45" insertCount="10000" extractCount="10000" duration="15893000"/>
			<Sample nodeCount="46" insertCount="10000" extractCount="10000" duration="16517000"/>
			<Sample nodeCount="47" insertCount="10000" extractCount="10000" duration="16954000"/>
			<Sample nodeCount="48" insertCount="10000" extractCount="10000" duration="18033000"/>
			<Sample nodeCount="49" insertCount="10000" extractCount="10000" duration="17853000"/>
			<Sample nodeCount="50" insertCount="10000" extractCount="10000" duration="17965000"/>
			<Sample nodeCount="51" insertCount="10000" extractCount="10000" duration="18680000"/>
			<Sample nodeCount="52" insertCount="10000" extractCount="10000" duration="19134000"/>
			<Sample nodeCount="53" insertCount="10000" extractCount="10000" duration="19722000"/>
			<Sample nodeCount="54" insertCount="10000" extractCount="10000" duration="20268000"/>
			<Sample nodeCount="55" insertCount="10000" extractCount="10000" duration="20297000"/>
			<Sample nodeCount="56" insertCount="10000" extractCount="10000" duration="20921000"/>
			<Sample nodeCount="57" insertCount="10000" extractCount="10000" duration="21265000"/>
			<Sample nodeCount="58" insertCount="10000" extractCount="10000" duration="21707000"/>
			<Sample nodeCount="59" insertCount="10000" extractCount="10000" duration="22266000"/>
			<Sample nodeCount="60" insertCount="10000" extractCount="10000" duration="22932000"/>
			<Sample nodeCount="61" insertCount="10000" extractCount="10000" duration="22933000"/>
			<Sample nodeCount="62" insertCount="10000" extractCount="10000" duration="23877000"/>
			<Sample nodeCount="63" insertCount="10000" extractCount="10000" duration="24273000"/>
			<Sample nodeCount="64" insertCount="10000" extractCount="10000" duration="24598000"/>
			<Sample nodeCount="65" insertCount="10000" extractCount="10000" duration="25087000"/>
			<Sample nodeCount="66" insertCount="10000" extractCount="10000" duration="25745000"/>
			<Sample nodeCount="67" insertCount="10000" extractCount="10000" duration="26205000"/>
			<Sample nodeCount="68" insertCount="10000" extractCount="10000" duration="26728000"/>
			<Sample nodeCount="69" insertCount="10000" extractCount="10000" duration="26968000"/>
			<Sample nodeCount="70" insertCount="10000" extractCount="10000" duration="28262000"/>
			<Sample nodeCount="71" insertCount="10000" extractCount="10000" duration="28432000"/>
			<Sample nodeCount="72" insertCount="10000" extractCount="10000" duration="29356000"/>
			<Sample nodeCount="73" insertCount="10000" extractCount="10000" duration="29687000"/>
			<Sample nodeCount="74" insertCount="10000" extractCount="10000" duration="30015000"/>
			<Sample nodeCount="75" insertCount="10000" extractCount="10000" duration="30359000"/>
			<Sample nodeCount="76" insertCount="10000" extractCount="10000" duration="30681000"/>
			<Sample nodeCount="77" insertCount="10000" extractCount="10000" duration="31222000"/>
			<Sample nodeCount="78" insertCount="10000" extractCount="10000" duration="32277000"/>
			<Sample nodeCount="79" insertCount="10000" extractCount="10000" duration="32600000"/>
			<Sample nodeCount="80" insertCount="10000" extractCount="10000" duration="32980000"/>
			<Sample nodeCount="81" insertCount="10000" extractCount="10000" duration="33037000"/>
			<Sample nodeCount="82" insertCount="10000" extractCount="10000" duration="33341000"/>
			<Sample nodeCount="83" insertCount="10000" extractCount="10000" duration="33976000"/>
			<Sample nodeCount="84" insertCount="10000" extractCount="10000" duration="34558000"/>
			<Sample nodeCount="85" insertCount="10000" extractCount="10000" duration="34562000"/>
			<Sample nodeCount="86" insertCount="10000" extractCount="10000" duration="36521000"/>
			<Sample nodeCount="87" insertCount="10000" extractCount="10000" duration="35928000"/>
			<Sample nodeCount="88" insertCount="10000" extractCount="10000" duration="36265000"/>
			<Sample nodeCount="89" insertCount="10000" extractCount="10000" duration="37009000"/>
			<Sample nodeCount="90" insertCount="10000" extractCount="10000" duration="37024000"/>
			<Sample nodeCount="91" insertCount="10000" extractCount="10000" duration="37380000"/>
			<Sample nodeCount="92" insertCount="10000" extractCount="10000" duration="38016000"/>
			<Sample nodeCount="93" insertCount="10000" extractCount="10000" duration="38487000"/>
			<Sample nodeCount="94" insertCount="10000" extractCount="10000" duration="39451000"/>
			<Sample nodeCount="95" insertCount="10000" extractCount="10000" duration="40194000"/>
			<Sample nodeCount="96" insertCount="10000" extractCount="10000" duration="40573000"/>
			<Sample nodeCount="97" insertCount="10000" extractCount="10000" duration="40747000"/>
			<Sample nodeCount="98" insertCount="10000" extractCount="10000" duration="41332000"/>
			<Sample nodeCount="99" insertCount="10000" extractCount="10000" duration="42737000"/>
			<Sample nodeCount="100" insertCount="10000" extractCount="10000" duration="42486000"/>
			<Sample nodeCount="101" insertCount="10000" extractCount="10000" duration="42460000"/>
			<Sample nodeCount="102" insertCount="10000" extractCount="10000" duration="43760000"/>
			<Sample nodeCount="103" insertCount="10000" extractCount="10000" duration="43882000"/>
			<Sample nodeCount="104" insertCount="10000" extractCount="10000" duration="44513000"/>
			<Sample nodeCount="105" insertCount="10000" extractCount="10000" duration="44644000"/>
			<Sample nodeCount="106" insertCount="10000" extractCount="10000" duration="45591000"/>
			<Sample nodeCount="107" insertCount="10000" extractCount="10000" duration="45547000"/>
			<Sample nodeCount="108" insertCount="10000" extractCount="10000" duration="46333000"/>
			<Sample nodeCount="109" insertCount="10000" extractCount="10000" duration="46235000"/>
			<Sample nodeCount="110" insertCount="10000" extractCount="10000" duration="48580000"/>
			<Sample nodeCount="111" insertCount="10000" extractCount="10000" duration="48169000"/>
			<Sample nodeCount="112" insertCount="10000" extractCount="10000" duration="48690000"/>
			<Sample nodeCount="113" insertCount="10000" extractCount="10000" duration="49504000"/>
			<Sample nodeCount="114" insertCount="10000" extractCount="10000" duration="49902000"/>
			<Sample nodeCount="115" insertCount="10000" extractCount="10000" duration="50138000"/>
			<Sample nodeCount="116" insertCount="10000" extractCount="10000" duration="50448000"/>
			<Sample nodeCount="117" insertCount="10000" extractCount="10000" duration="50740000"/>
			<Sample nodeCount="118" insertCount="10000" extractCount="10000" duration="51744000"/>
			<Sample nodeCount="119" insertCount="10000" extractCount="10000" duration="52004000"/>
			<Sample nodeCount="120" insertCount="10000" extractCount="10000" duration="53260000"/>
			<Sample nodeCount="121" insertCount="10000" extractCount="10000" duration="52654000"/>
			<Sample nodeCount="122" insertCount="10000" extractCount="10000" duration="54316000"/>
			<Sample nodeCount="123" insertCount="10000" extractCount="10000" duration="54373000"/>
			<Sample nodeCount="124" insertCount="10000" extractCount="10000" duration="54717000"/>
			<Sample nodeCount="125" insertCount="10000" extractCount="10000" duration="54992000"/>
			<Sample nodeCount="126" insertCount="10000" extractCount="10000" duration="56413000"/>
			<Sample nodeCount="127" insertCount="10000" extractCount="10000" duration="56361000"/>
		</SmallSetLinear>
		<LargeSetLinear>
		</LargeSetLinear>
	</RBTest>
	<RBTest implementation="Chain" nodeSize="16">
		<SmallSetRandomOps>
			<Sample nodeCount="1" insertCount="62" extractCount="61" duration="3000"/>
			<Sample nodeCount="2" insertCount="123" extractCount="123" duration="5000"/>
			<Sample nodeCount="3" insertCount="186" extractCount="183" duration="10000"/>
			<Sample nodeCount="4" insertCount="247" extractCount="245" duration="12000"/>
			<Sample nodeCount="5" insertCount="309" extractCount="306" duration="16000"/>
			<Sample nodeCount="6" insertCount="370" extractCount="368" duration="20000"/>
			<Sample nodeCount="7" insertCount="433" extractCount="428" duration="25000"/>
			<Sample nodeCount="8" insertCount="493" extractCount="491" duration="40000"/>
			<Sample nodeCount="9" insertCount="557" extractCount="550" duration="33000"/>
			<Sample nodeCount="10" insertCount="619" extractCount="611" duration="50000"/>
			<Sample nodeCount="11" insertCount="680" extractCount="673" duration="54000"/>
			<Sample nodeCount="12" insertCount="740" extractCount="736" duration="47000"/>
			<Sample nodeCount="13" insertCount="803" extractCount="796" duration="60000"/>
			<Sample nodeCount="14" insertCount="864" extractCount="858" duration="52000"/>
			<Sample nodeCount="15" insertCount="927" extractCount="918" duration="55000"/>
			<Sample nodeCount="16" insertCount="988" extractCount="980" duration="59000"/>
			<Sample nodeCount="17" insertCount="1050" extractCount="1041" duration="64000"/>
			<Sample nodeCount="18" insertCount="1113" extractCount="1101" duration="68000"/>
			<Sample nodeCount="19" insertCount="1172" extractCount="1165" duration="72000"/>
			<Sample nodeCount="20" insertCount="1237" extractCount="1223" duration="75000"/>
			<Sample nodeCount="21" insertCount="1296" extractCount="1287" duration="80000"/>
			<Sample nodeCount="22" insertCount="1359" extractCount="1347" duration="85000"/>
			<Sample nodeCount="23" insertCount="1419" extractCount="1410" duration="89000"/>
			<Sample nodeCount="24" insertCount="1484" extractCount="1468" duration="94000"/>
			<Sample nodeCount="25" insertCount="1544" extractCount="1531" duration="98000"/>
			<Sample nodeCount="26" insertCount="1604" extractCount="1594" duration="103000"/>
			<Sample nodeCount="27" insertCount="1668" extractCount="1653" duration="107000"/>
			<Sample nodeCount="28" insertCount="1729" extractCount="1715" duration="113000"/>
			<Sample nodeCount="29" insertCount="1790" extractCount="1777" duration="117000"/>
			<Sample nodeCount="30" insertCount="1851" extractCount="1839" duration="122000"/>
			<Sample nodeCount="31" insertCount="1914" extractCount="1899" duration="126000"/>
			<Sample nodeCount="32" insertCount="1977" extractCount="1959" duration="132000"/>
			<Sample nodeCount="33" insertCount="2041" extractCount="2018" duration="136000"/>
			<Sample nodeCount="34" insertCount="2097" extractCount="2085" duration="140000"/>
			<Sample nodeCount="35" insertCount="2160" extractCount="2145" duration="146000"/>
			<Sample nodeCount="36" insertCount="2221" extractCount="2207" duration="150000"/>
			<Sample nodeCount="37" insertCount="2285" extractCount="2266" duration="155000"/>
			<Sample nodeCount="38" insertCount="2346" extractCount="2328" duration="160000"/>
			<Sample nodeCount="39" insertCount="2408" extractCount="2389" duration="166000"/>
			<Sample nodeCount="40" insertCount="2471" extractCount="2449" duration="172000"/>
			<Sample nodeCount="41" insertCount="2531" extractCount="2512" duration="202000"/>
			<Sample nodeCount="42" insertCount="2593" extractCount="2573" duration="182000"/>
			<Sample nodeCount="43" insertCount="2656" extractCount="2633" duration="191000"/>
			<Sample nodeCount="44" insertCount="2717" extractCount="2695" duration="201000"/>
			<Sample nodeCount="45" insertCount="2776" extractCount="2759" duration="203000"/>
			<Sample nodeCount="46" insertCount="2840" extractCount="2818" duration="204000"/>
			<Sample nodeCount="47" insertCount="2902" extractCount="2879" duration="208000"/>
			<Sample nodeCount="48" insertCount="2966" extractCount="2938" duration="216000"/>
			<Sample nodeCount="49" insertCount="3026" extractCount="3001" duration="264000"/>
			<Sample nodeCount="50" insertCount="3084" extractCount="3066" duration="241000"/>
			<Sample nodeCount="51" insertCount="3151" extractCount="3122" duration="235000"/>
			<Sample nodeCount="52" insertCount="3209" extractCount="3187" duration="242000"/>
			<Sample nodeCount="53" insertCount="3273" extractCount="3246" duration="247000"/>
			<Sample nodeCount="54" insertCount="3337" extractCount="3305" duration="253000"/>
			<Sample nodeCount="55" insertCount="3400" extractCount="3365" duration="260000"/>
			<Sample nodeCount="56" insertCount="3458" extractCount="3430" duration="312000"/>
			<Sample nodeCount="57" insertCount="3521" extractCount="3490" duration="281000"/>
			<Sample nodeCount="58" insertCount="3580" extractCount="3554" duration="293000"/>
			<Sample nodeCount="59" insertCount="3647" extractCount="3610" duration="284000"/>
			<Sample nodeCount="60" insertCount="3706" extractCount="3674" duration="287000"/>
			<Sample nodeCount="61" insertCount="3766" extractCount="3737" duration="299000"/>
			<Sample nodeCount="62" insertCount="3828" extractCount="3798" duration="303000"/>
			<Sample nodeCount="63" insertCount="3888" extractCount="3861" duration="309000"/>
			<Sample nodeCount="64" insertCount="3952" extractCount="3920" duration="313000"/>
			<Sample nodeCount="65" insertCount="4014" extractCount="3981" duration="323000"/>
			<Sample nodeCount="66" insertCount="4077" extractCount="4041" duration="326000"/>
			<Sample nodeCount="67" insertCount="4136" extractCount="4105" duration="338000"/>
			<Sample nodeCount="68" insertCount="4200" extractCount="4164" duration="346000"/>
			<Sample nodeCount="69" insertCount="4263" extractCount="4224" duration="348000"/>
			<Sample nodeCount="70" insertCount="4325" extractCount="4285" duration="356000"/>
			<Sample nodeCount="71" insertCount="4381" extractCount="4352" duration="359000"/>
			<Sample nodeCount="72" insertCount="4448" extractCount="4408" duration="371000"/>
			<Sample nodeCount="73" insertCount="4507" extractCount="4472" duration="377000"/>
			<Sample nodeCount="74" insertCount="4571" extractCount="4531" duration="383000"/>
			<Sample nodeCount="75" insertCount="4631" extractCount="4594" duration="388000"/>
			<Sample nodeCount="76" insertCount="4693" extractCount="4655" duration="437000"/>
			<Sample nodeCount="77" insertCount="4755" extractCount="4716" duration="415000"/>
			<Sample nodeCount="78" insertCount="4817" extractCount="4777" duration="404000"/>
			<Sample nodeCount="79" insertCount="4877" extractCount="4840" duration="416000"/>
			<Sample nodeCount="80" insertCount="4942" extractCount="4898" duration="426000"/>
			<Sample nodeCount="81" insertCount="5002" extractCount="4961" duration="434000"/>
			<Sample nodeCount="82" insertCount="5063" extractCount="5023" duration="442000"/>
			<Sample nodeCount="83" insertCount="5124" extractCount="5085" duration="448000"/>
			<Sample nodeCount="84" insertCount="5187" extractCount="5145" duration="455000"/>
			<Sample nodeCount="85" insertCount="5250" extractCount="5205" duration="459000"/>
			<Sample nodeCount="86" insertCount="5314" extractCount="5264" duration="498000"/>
			<Sample nodeCount="87" insertCount="5374" extractCount="5327" duration="475000"/>
			<Sample nodeCount="88" insertCount="5432" extractCount="5392" duration="484000"/>
			<Sample nodeCount="89" insertCount="5490" extractCount="5457" duration="493000"/>
			<Sample nodeCount="90" insertCount="5559" extractCount="5511" duration="500000"/>
			<Sample nodeCount="91" insertCount="5621" extractCount="5572" duration="510000"/>
			<Sample nodeCount="92" insertCount="5680" extractCount="5636" duration="514000"/>
			<Sample nodeCount="93" insertCount="5740" extractCount="5699" duration="525000"/>
			<Sample nodeCount="94" insertCount="5803" extractCount="5759" duration="552000"/>
			<Sample nodeCount="95" insertCount="5862" extractCount="5823" duration="556000"/>
			<Sample nodeCount="96" insertCount="5929" extractCount="5879" duration="550000"/>
			<Sample nodeCount="97" insertCount="5993" extractCount="5938" duration="582000"/>
			<Sample nodeCount="98" insertCount="6055" extractCount="5999" duration="561000"/>
			<Sample nodeCount="99" insertCount="6113" extractCount="6064" duration="571000"/>
			<Sample nodeCount="100" insertCount="6172" extractCount="6128" duration="579000"/>
			<Sample nodeCount="101" insertCount="6238" extractCount="6185" duration="589000"/>
			<Sample nodeCount="102" insertCount="6299" extractCount="6247" duration="591000"/>
			<Sample nodeCount="103" insertCount="6363" extractCount="6306" duration="604000"/>
			<Sample nodeCount="104" insertCount="6426" extractCount="6366" duration="672000"/>
			<Sample nodeCount="105" insertCount="6481" extractCount="6434" duration="649000"/>
			<Sample nodeCount="106" insertCount="6544" extractCount="6494" duration="629000"/>
			<Sample nodeCount="107" insertCount="6607" extractCount="6554" duration="688000"/>
			<Sample nodeCount="108" insertCount="6669" extractCount="6615" duration="646000"/>
			<Sample nodeCount="109" insertCount="6732" extractCount="6675" duration="653000"/>
			<Sample nodeCount="110" insertCount="6794" extractCount="6736" duration="668000"/>
			<Sample nodeCount="111" insertCount="6852" extractCount="6801" duration="698000"/>
			<Sample nodeCount="112" insertCount="6918" extractCount="6858" duration="682000"/>
			<Sample nodeCount="113" insertCount="6981" extractCount="6918" duration="688000"/>
			<Sample nodeCount="114" insertCount="7041" extractCount="6981" duration="699000"/>
			<Sample nodeCount="115" insertCount="7103" extractCount="7042" duration="703000"/>
			<Sample nodeCount="116" insertCount="7164" extractCount="7104" duration="712000"/>
			<Sample nodeCount="117" insertCount="7225" extractCount="7166" duration="754000"/>
			<Sample nodeCount="118" insertCount="7291" extractCount="7223" duration="730000"/>
			<Sample nodeCount="119" insertCount="7350" extractCount="7287" duration="781000"/>
			<Sample nodeCount="120" insertCount="7410" extractCount="7350" duration="749000"/>
			<Sample nodeCount="121" insertCount="7471" extractCount="7412" duration="793000"/>
			<Sample nodeCount="122" insertCount="7537" extractCount="7469" duration="771000"/>
			<Sample nodeCount="123" insertCount="7593" extractCount="7536" duration="802000"/>
			<Sample nodeCount="124" insertCount="7658" extractCount="7594" duration="786000"/>
			<Sample nodeCount="125" insertCount="7718" extractCount="7657" duration="849000"/>
			<Sample nodeCount="126" insertCount="7781" extractCount="7717" duration="801000"/>
			<Sample nodeCount="127" insertCount="7840" extractCount="7781" duration="819000"/>
		</SmallSetRandomOps>
		<LargeSetRandomOps>
		</LargeSetRandomOps>
		<SmallSetLinear>
			<Sample nodeCount="1" insertCount="10000" extractCount="10000" duration="88000"/>
			<Sample nodeCount="2" insertCount="10000" extractCount="10000" duration="173000"/>
			<Sample nodeCount="3" insertCount="10000" extractCount="10000" duration="304000"/>
			<Sample nodeCount="4" insertCount="10000" extractCount="10000" duration="358000"/>
			<Sample nodeCount="5" insertCount="10000" extractCount="10000" duration="443000"/>
			<Sample nodeCount="6" insertCount="10000" extractCount="10000" duration="486000"/>
			<Sample nodeCount="7" insertCount="10000" extractCount="10000" duration="607000"/>
			<Sample nodeCount="8" insertCount="10000" extractCount="10000" duration="744000"/>
			<Sample nodeCount="9" insertCount="10000" extractCount="10000" duration="894000"/>
			<Sample nodeCount="10" insertCount="10000" extractCount="10000" duration="1110000"/>
			<Sample nodeCount="11" insertCount="10000" extractCount="10000" duration="1255000"/>
			<Sample nodeCount="12" insertCount="10000" extractCount="10000" duration="1421000"/>
			<Sample nodeCount="13" insertCount="10000" extractCount="10000" duration="1669000"/>
			<Sample nodeCount="14" insertCount="10000" extractCount="10000" duration="1978000"/>
			<Sample nodeCount="15" insertCount="10000" extractCount="10000" duration="2062000"/>
			<Sample nodeCount="16" insertCount="10000" extractCount="10000" duration="2376000"/>
			<Sample nodeCount="17" insertCount="10000" extractCount="10000" duration="2583000"/>
			<Sample nodeCount="18" insertCount="10000" extractCount="10000" duration="2866000"/>
			<Sample nodeCount="19" insertCount="10000" extractCount="10000" duration="3119000"/>
			<Sample nodeCount="20" insertCount="10000" extractCount="10000" duration="3453000"/>
			<Sample nodeCount="21" insertCount="10000" extractCount="10000" duration="3790000"/>
			<Sample nodeCount="22" insertCount="10000" extractCount="10000" duration="4013000"/>
			<Sample nodeCount="23" insertCount="10000" extractCount="10000" duration="4426000"/>
			<Sample nodeCount="24" insertCount="10000" extractCount="10000" duration="4878000"/>
			<Sample nodeCount="25" insertCount="10000" extractCount="10000" duration="5440000"/>
			<Sample nodeCount="26" insertCount="10000" extractCount="10000" duration="6098000"/>
			<Sample nodeCount="27" insertCount="10000" extractCount="10000" duration="6348000"/>
			<Sample nodeCount="28" insertCount="10000" extractCount="10000" duration="6749000"/>
			<Sample nodeCount="29" insertCount="10000" extractCount="10000" duration="7426000"/>
			<Sample nodeCount="30" insertCount="10000" extractCount="10000" duration="7541000"/>
			<Sample nodeCount="31" insertCount="10000" extractCount="10000" duration="8019000"/>
			<Sample nodeCount="32" insertCount="10000" extractCount="10000" duration="8566000"/>
			<Sample nodeCount="33" insertCount="10000" extractCount="10000" duration="9108000"/>
			<Sample nodeCount="34" insertCount="10000" extractCount="10000" duration="9756000"/>
			<Sample nodeCount="35" insertCount="10000" extractCount="10000" duration="10403000"/>
			<Sample nodeCount="36" insertCount="10000" extractCount="10000" duration="11206000"/>
			<Sample nodeCount="37" insertCount="10000" extractCount="10000" duration="12581000"/>
			<Sample nodeCount="38" insertCount="10000" extractCount="10000" duration="13818000"/>
			<Sample nodeCount="39" insertCount="10000" extractCount="10000" duration="14245000"/>
			<Sample nodeCount="40" insertCount="10000" extractCount="10000" duration="15150000"/>
			<Sample nodeCount="41" insertCount="10000" extractCount="10000" duration="16034000"/>
			<Sample nodeCount="42" insertCount="10000" extractCount="10000" duration="16548000"/>
			<Sample nodeCount="43" insertCount="10000" extractCount="10000" duration="17636000"/>
			<Sample nodeCount="44" insertCount="10000" extractCount="10000" duration="18433000"/>
			<Sample nodeCount="45" insertCount="10000" extractCount="10000" duration="19098000"/>
			<Sample nodeCount="46" insertCount="10000" extractCount="10000" duration="20053000"/>
			<Sample nodeCount="47" insertCount="10000" extractCount="10000" duration="21037000"/>
			<Sample nodeCount="48" insertCount="10000" extractCount="10000" duration="21887000"/>
			<Sample nodeCount="49" insertCount="10000" extractCount="10000" duration="22818000"/>
			<Sample nodeCount="50" insertCount="10000" extractCount="10000" duration="24074000"/>
			<Sample nodeCount="51" insertCount="10000" extractCount="10000" duration="24499000"/>
			<Sample nodeCount="52" insertCount="10000" extractCount="10000" duration="25688000"/>
			<Sample nodeCount="53" insertCount="10000" extractCount="10000" duration="26701000"/>
			<Sample nodeCount="54" insertCount="10000" extractCount="10000" duration="27651000"/>
			<Sample nodeCount="55" insertCount="10000" extractCount="10000" duration="28607000"/>
			<Sample nodeCount="56" insertCount="10000" extractCount="10000" duration="30326000"/>
			<Sample nodeCount="57" insertCount="10000" extractCount="10000" duration="30912000"/>
			<Sample nodeCount="58" insertCount="10000" extractCount="10000" duration="31779000"/>
			<Sample nodeCount="59" insertCount="10000" extractCount="10000" duration="32997000"/>
			<Sample nodeCount="60" insertCount="10000" extractCount="10000" duration="34094000"/>
			<Sample nodeCount="61" insertCount="10000" extractCount="10000" duration="35380000"/>
			<Sample nodeCount="62" insertCount="10000" extractCount="10000" duration="36699000"/>
			<Sample nodeCount="63" insertCount="10000" extractCount="10000" duration="37576000"/>
			<Sample nodeCount="64" insertCount="10000" extractCount="10000" duration="38613000"/>
			<Sample nodeCount="65" insertCount="10000" extractCount="10000" duration="39693000"/>
			<Sample nodeCount="66" insertCount="10000" extractCount="10000" duration="41122000"/>
			<Sample nodeCount="67" insertCount="10000" extractCount="10000" duration="42617000"/>
			<Sample nodeCount="68" insertCount="10000" extractCount="10000" duration="43900000"/>
			<Sample nodeCount="69" insertCount="10000" extractCount="10000" duration="45834000"/>
			<Sample nodeCount="70" insertCount="10000" extractCount="10000" duration="46630000"/>
			<Sample nodeCount="71" insertCount="10000" extractCount="10000" duration="47502000"/>
			<Sample nodeCount="72" insertCount="10000" extractCount="10000" duration="48835000"/>
			<Sample nodeCount="73" insertCount="10000" extractCount="10000" duration="50172000"/>
			<Sample nodeCount="74" insertCount="10000" extractCount="10000" duration="51558000"/>
			<Sample nodeCount="75" insertCount="10000" extractCount="10000" duration="52641000"/>
			<Sample nodeCount="76" insertCount="10000" extractCount="10000" duration="54204000"/>
			<Sample nodeCount="77" insertCount="10000" extractCount="10000" duration="55599000"/>
			<Sample nodeCount="78" insertCount="10000" extractCount="10000" duration="56823000"/>
			<Sample nodeCount="79" insertCount="10000" extractCount="10000" duration="58895000"/>
			<Sample nodeCount="80" insertCount="10000" extractCount="10000" duration="60116000"/>
			<Sample nodeCount="81" insertCount="10000" extractCount="10000" duration="61729000"/>
			<Sample nodeCount="82" insertCount="10000" extractCount="10000" duration="62761000"/>
			<Sample nodeCount="83" insertCount="10000" extractCount="10000" duration="64789000"/>
			<Sample nodeCount="84" insertCount="10000" extractCount="10000" duration="65787000"/>
			<Sample nodeCount="85" insertCount="10000" extractCount="10000" duration="67164000"/>
			<Sample nodeCount="86" insertCount="10000" extractCount="10000" duration="68613000"/>
			<Sample nodeCount="87" insertCount="10000" extractCount="10000" duration="71561000"/>
			<Sample nodeCount="88" insertCount="10000" extractCount="10000" duration="72521000"/>
			<Sample nodeCount="89" insertCount="10000" extractCount="10000" duration="73466000"/>
			<Sample nodeCount="90" insertCount="10000" extractCount="10000" duration="75124000"/>
			<Sample nodeCount="91" insertCount="10000" extractCount="10000" duration="77042000"/>
			<Sample nodeCount="92" insertCount="10000" extractCount="10000" duration="78734000"/>
			<Sample nodeCount="93" insertCount="10000" extractCount="10000" duration="81475000"/>
			<Sample nodeCount="94" insertCount="10000" extractCount="10000" duration="82338000"/>
			<Sample nodeCount="95" insertCount="10000" extractCount="10000" duration="84031000"/>
			<Sample nodeCount="96" insertCount="10000" extractCount="10000" duration="85901000"/>
			<Sample nodeCount="97" insertCount="10000" extractCount="10000" duration="87618000"/>
			<Sample nodeCount="98" insertCount="10000" extractCount="10000" duration="89183000"/>
			<Sample nodeCount="99" insertCount="10000" extractCount="10000" duration="91128000"/>
			<Sample nodeCount="100" insertCount="10000" extractCount="10000" duration="92137000"/>
			<Sample nodeCount="101" insertCount="10000" extractCount="10000" duration="93809000"/>
			<Sample nodeCount="102" insertCount="10000" extractCount="10000" duration="95855000"/>
			<Sample nodeCount="103" insertCount="10000" extractCount="10000" duration="97481000"/>
			<Sample nodeCount="104" insertCount="10000" extractCount="10000" duration="100015000"/>
			<Sample nodeCount="105" insertCount="10000" extractCount="10000" duration="101745000"/>
			<Sample nodeCount="106" insertCount="10000" extractCount="10000" duration="103024000"/>
			<Sample nodeCount="107" insertCount="10000" extractCount="10000" duration="105016000"/>
			<Sample nodeCount="108" insertCount="10000" extractCount="10000" duration="106945000"/>
			<Sample nodeCount="109" insertCount="10000" extractCount="10000" duration="109908000"/>
			<Sample nodeCount="110" insertCount="10000" extractCount="10000" duration="110723000"/>
			<Sample nodeCount="111" insertCount="10000" extractCount="10000" duration="112602000"/>
			<Sample nodeCount="112" insertCount="10000" extractCount="10000" duration="114333000"/>
			<Sample nodeCount="113" insertCount="10000" extractCount="10000" duration="116351000"/>
			<Sample nodeCount="114" insertCount="10000" extractCount="10000" duration="119192000"/>
			<Sample nodeCount="115" insertCount="10000" extractCount="10000" duration="121177000"/>
			<Sample nodeCount="116" insertCount="10000" extractCount="10000" duration="122690000"/>
			<Sample nodeCount="117" insertCount="10000" extractCount="10000" duration="124695000"/>
			<Sample nodeCount="118" insertCount="10000" extractCount="10000" duration="127367000"/>
			<Sample nodeCount="119" insertCount="10000" extractCount="10000" duration="128806000"/>
			<Sample nodeCount="120" insertCount="10000" extractCount="10000" duration="130655000"/>
			<Sample nodeCount="121" insertCount="10000" extractCount="10000" duration="132386000"/>
			<Sample nodeCount="122" insertCount="10000" extractCount="10000" duration="135765000"/>
			<Sample nodeCount="123" insertCount="10000" extractCount="10000" duration="137159000"/>
			<Sample nodeCount="124" insertCount="10000" extractCount="10000" duration="139345000"/>
			<Sample nodeCount="125" insertCount="10000" extractCount="10000" duration="143225000"/>
			<Sample nodeCount="126" insertCount="10000" extractCount="10000" duration="148522000"/>
			<Sample nodeCount="127" insertCount="10000" extractCount="10000" duration="146117000"/>
		</SmallSetLinear>
		<LargeSetLinear>
		</LargeSetLinear>
	</RBTest>
	<RBTest implementation="TAILQ" nodeSize="16">
		<SmallSetRandomOps>
			<Sample nodeCount="1" insertCount="62" extractCount="61" duration="2000"/>
			<Sample nodeCount="2" insertCount="123" extractCount="123" duration="6000"/>
			<Sample nodeCount="3" insertCount="186" extractCount="183" duration="10000"/>
			<Sample nodeCount="4" insertCount="247" extractCount="245" duration="14000"/>
			<Sample nodeCount="5" insertCount="309" extractCount="306" duration="18000"/>
			<Sample nodeCount="6" insertCount="370" extractCount="368" duration="22000"/>
			<Sample nodeCount="7" insertCount="433" extractCount="428" duration="26000"/>
			<Sample nodeCount="8" insertCount="493" extractCount="491" duration="32000"/>
			<Sample nodeCount="9" insertCount="557" extractCount="550" duration="34000"/>
			<Sample nodeCount="10" insertCount="619" extractCount="611" duration="38000"/>
			<Sample nodeCount="11" insertCount="680" extractCount="673" duration="41000"/>
			<Sample nodeCount="12" insertCount="740" extractCount="736" duration="45000"/>
			<Sample nodeCount="13" insertCount="803" extractCount="796" duration="50000"/>
			<Sample nodeCount="14" insertCount="864" extractCount="858" duration="53000"/>
			<Sample nodeCount="15" insertCount="927" extractCount="918" duration="58000"/>
			<Sample nodeCount="16" insertCount="988" extractCount="980" duration="61000"/>
			<Sample nodeCount="17" insertCount="1050" extractCount="1041" duration="66000"/>
			<Sample nodeCount="18" insertCount="1113" extractCount="1101" duration="69000"/>
			<Sample nodeCount="19" insertCount="1172" extractCount="1165" duration="74000"/>
			<Sample nodeCount="20" insertCount="1237" extractCount="1223" duration="78000"/>
			<Sample nodeCount="21" insertCount="1296" extractCount="1287" duration="82000"/>
			<Sample nodeCount="22" insertCount="1359" extractCount="1347" duration="89000"/>
			<Sample nodeCount="23" insertCount="1419" extractCount="1410" duration="91000"/>
			<Sample nodeCount="24" insertCount="1484" extractCount="1468" duration="96000"/>
			<Sample nodeCount="25" insertCount="1544" extractCount="1531" duration="126000"/>
			<Sample nodeCount="26" insertCount="1604" extractCount="1594" duration="105000"/>
			<Sample nodeCount="27" insertCount="1668" extractCount="1653" duration="110000"/>
			<Sample nodeCount="28" insertCount="1729" extractCount="1715" duration="115000"/>
			<Sample nodeCount="29" insertCount="1790" extractCount="1777" duration="119000"/>
			<Sample nodeCount="30" insertCount="1851" extractCount="1839" duration="124000"/>
			<Sample nodeCount="31" insertCount="1914" extractCount="1899" duration="154000"/>
			<Sample nodeCount="32" insertCount="1977" extractCount="1959" duration="133000"/>
			<Sample nodeCount="33" insertCount="2041" extractCount="2018" duration="137000"/>
			<Sample nodeCount="34" insertCount="2097" extractCount="2085" duration="163000"/>
			<Sample nodeCount="35" insertCount="2160" extractCount="2145" duration="168000"/>
			<Sample nodeCount="36" insertCount="2221" extractCount="2207" duration="186000"/>
			<Sample nodeCount="37" insertCount="2285" extractCount="2266" duration="166000"/>
			<Sample nodeCount="38" insertCount="2346" extractCount="2328" duration="181000"/>
			<Sample nodeCount="39" insertCount="2408" extractCount="2389" duration="170000"/>
			<Sample nodeCount="40" insertCount="2471" extractCount="2449" duration="201000"/>
			<Sample nodeCount="41" insertCount="2531" extractCount="2512" duration="181000"/>
			<Sample nodeCount="42" insertCount="2593" extractCount="2573" duration="185000"/>
			<Sample nodeCount="43" insertCount="2656" extractCount="2633" duration="220000"/>
			<Sample nodeCount="44" insertCount="2717" extractCount="2695" duration="196000"/>
			<Sample nodeCount="45" insertCount="2776" extractCount="2759" duration="200000"/>
			<Sample nodeCount="46" insertCount="2840" extractCount="2818" duration="206000"/>
			<Sample nodeCount="47" insertCount="2902" extractCount="2879" duration="211000"/>
			<Sample nodeCount="48" insertCount="2966" extractCount="2938" duration="218000"/>
			<Sample nodeCount="49" insertCount="3026" extractCount="3001" duration="223000"/>
			<Sample nodeCount="50" insertCount="3084" extractCount="3066" duration="227000"/>
			<Sample nodeCount="51" insertCount="3151" extractCount="3122" duration="235000"/>
			<Sample nodeCount="52" insertCount="3209" extractCount="3187" duration="240000"/>
			<Sample nodeCount="53" insertCount="3273" extractCount="3246" duration="246000"/>
			<Sample nodeCount="54" insertCount="3337" extractCount="3305" duration="252000"/>
			<Sample nodeCount="55" insertCount="3400" extractCount="3365" duration="259000"/>
			<Sample nodeCount="56" insertCount="3458" extractCount="3430" duration="265000"/>
			<Sample nodeCount="57" insertCount="3521" extractCount="3490" duration="270000"/>
			<Sample nodeCount="58" insertCount="3580" extractCount="3554" duration="276000"/>
			<Sample nodeCount="59" insertCount="3647" extractCount="3610" duration="283000"/>
			<Sample nodeCount="60" insertCount="3706" extractCount="3674" duration="314000"/>
			<Sample nodeCount="61" insertCount="3766" extractCount="3737" duration="294000"/>
			<Sample nodeCount="62" insertCount="3828" extractCount="3798" duration="302000"/>
			<Sample nodeCount="63" insertCount="3888" extractCount="3861" duration="308000"/>
			<Sample nodeCount="64" insertCount="3952" extractCount="3920" duration="313000"/>
			<Sample nodeCount="65" insertCount="4014" extractCount="3981" duration="320000"/>
			<Sample nodeCount="66" insertCount="4077" extractCount="4041" duration="326000"/>
			<Sample nodeCount="67" insertCount="4136" extractCount="4105" duration="334000"/>
			<Sample nodeCount="68" insertCount="4200" extractCount="4164" duration="343000"/>
			<Sample nodeCount="69" insertCount="4263" extractCount="4224" duration="348000"/>
			<Sample nodeCount="70" insertCount="4325" extractCount="4285" duration="356000"/>
			<Sample nodeCount="71" insertCount="4381" extractCount="4352" duration="360000"/>
			<Sample nodeCount="72" insertCount="4448" extractCount="4408" duration="397000"/>
			<Sample nodeCount="73" insertCount="4507" extractCount="4472" duration="375000"/>
			<Sample nodeCount="74" insertCount="4571" extractCount="4531" duration="381000"/>
			<Sample nodeCount="75" insertCount="4631" extractCount="4594" duration="385000"/>
			<Sample nodeCount="76" insertCount="4693" extractCount="4655" duration="435000"/>
			<Sample nodeCount="77" insertCount="4755" extractCount="4716" duration="423000"/>
			<Sample nodeCount="78" insertCount="4817" extractCount="4777" duration="403000"/>
			<Sample nodeCount="79" insertCount="4877" extractCount="4840" duration="415000"/>
			<Sample nodeCount="80" insertCount="4942" extractCount="4898" duration="425000"/>
			<Sample nodeCount="81" insertCount="5002" extractCount="4961" duration="432000"/>
			<Sample nodeCount="82" insertCount="5063" extractCount="5023" duration="466000"/>
			<Sample nodeCount="83" insertCount="5124" extractCount="5085" duration="507000"/>
			<Sample nodeCount="84" insertCount="5187" extractCount="5145" duration="475000"/>
			<Sample nodeCount="85" insertCount="5250" extractCount="5205" duration="479000"/>
			<Sample nodeCount="86" insertCount="5314" extractCount="5264" duration="490000"/>
			<Sample nodeCount="87" insertCount="5374" extractCount="5327" duration="498000"/>
			<Sample nodeCount="88" insertCount="5432" extractCount="5392" duration="507000"/>
			<Sample nodeCount="89" insertCount="5490" extractCount="5457" duration="542000"/>
			<Sample nodeCount="90" insertCount="5559" extractCount="5511" duration="522000"/>
			<Sample nodeCount="91" insertCount="5621" extractCount="5572" duration="510000"/>
			<Sample nodeCount="92" insertCount="5680" extractCount="5636" duration="516000"/>
			<Sample nodeCount="93" insertCount="5740" extractCount="5699" duration="526000"/>
			<Sample nodeCount="94" insertCount="5803" extractCount="5759" duration="531000"/>
			<Sample nodeCount="95" insertCount="5862" extractCount="5823" duration="539000"/>
			<Sample nodeCount="96" insertCount="5929" extractCount="5879" duration="551000"/>
			<Sample nodeCount="97" insertCount="5993" extractCount="5938" duration="582000"/>
			<Sample nodeCount="98" insertCount="6055" extractCount="5999" duration="560000"/>
			<Sample nodeCount="99" insertCount="6113" extractCount="6064" duration="570000"/>
			<Sample nodeCount="100" insertCount="6172" extractCount="6128" duration="580000"/>
			<Sample nodeCount="101" insertCount="6238" extractCount="6185" duration="588000"/>
			<Sample nodeCount="102" insertCount="6299" extractCount="6247" duration="590000"/>
			<Sample nodeCount="103" insertCount="6363" extractCount="6306" duration="633000"/>
			<Sample nodeCount="104" insertCount="6426" extractCount="6366" duration="617000"/>
			<Sample nodeCount="105" insertCount="6481" extractCount="6434" duration="620000"/>
			<Sample nodeCount="106" insertCount="6544" extractCount="6494" duration="628000"/>
			<Sample nodeCount="107" insertCount="6607" extractCount="6554" duration="661000"/>
			<Sample nodeCount="108" insertCount="6669" extractCount="6615" duration="645000"/>
			<Sample nodeCount="109" insertCount="6732" extractCount="6675" duration="651000"/>
			<Sample nodeCount="110" insertCount="6794" extractCount="6736" duration="669000"/>
			<Sample nodeCount="111" insertCount="6852" extractCount="6801" duration="672000"/>
			<Sample nodeCount="112" insertCount="6918" extractCount="6858" duration="684000"/>
			<Sample nodeCount="113" insertCount="6981" extractCount="6918" duration="688000"/>
			<Sample nodeCount="114" insertCount="7041" extractCount="6981" duration="702000"/>
			<Sample nodeCount="115" insertCount="7103" extractCount="7042" duration="729000"/>
			<Sample nodeCount="116" insertCount="7164" extractCount="7104" duration="800000"/>
			<Sample nodeCount="117" insertCount="7225" extractCount="7166" duration="755000"/>
			<Sample nodeCount="118" insertCount="7291" extractCount="7223" duration="735000"/>
			<Sample nodeCount="119" insertCount="7350" extractCount="7287" duration="749000"/>
			<Sample nodeCount="120" insertCount="7410" extractCount="7350" duration="804000"/>
			<Sample nodeCount="121" insertCount="7471" extractCount="7412" duration="772000"/>
			<Sample nodeCount="122" insertCount="7537" extractCount="7469" duration="771000"/>
			<Sample nodeCount="123" insertCount="7593" extractCount="7536" duration="776000"/>
			<Sample nodeCount="124" insertCount="7658" extractCount="7594" duration="789000"/>
			<Sample nodeCount="125" insertCount="7718" extractCount="7657" duration="801000"/>
			<Sample nodeCount="126" insertCount="7781" extractCount="7717" duration="881000"/>
			<Sample nodeCount="127" insertCount="7840" extractCount="7781" duration="831000"/>
		</SmallSetRandomOps>
		<LargeSetRandomOps>
		</LargeSetRandomOps>
		<SmallSetLinear>
			<Sample nodeCount="1" insertCount="10000" extractCount="10000" duration="68000"/>
			<Sample nodeCount="2" insertCount="10000" extractCount="10000" duration="150000"/>
			<Sample nodeCount="3" insertCount="10000" extractCount="10000" duration="285000"/>
			<Sample nodeCount="4" insertCount="10000" extractCount="10000" duration="338000"/>
			<Sample nodeCount="5" insertCount="10000" extractCount="10000" duration="468000"/>
			<Sample nodeCount="6" insertCount="10000" extractCount="10000" duration="546000"/>
			<Sample nodeCount="7" insertCount="10000" extractCount="10000" duration="679000"/>
			<Sample nodeCount="8" insertCount="10000" extractCount="10000" duration="850000"/>
			<Sample nodeCount="9" insertCount="10000" extractCount="10000" duration="979000"/>
			<Sample nodeCount="10" insertCount="10000" extractCount="10000" duration="1148000"/>
			<Sample nodeCount="11" insertCount="10000" extractCount="10000" duration="1402000"/>
			<Sample nodeCount="12" insertCount="10000" extractCount="10000" duration="1574000"/>
			<Sample nodeCount="13" insertCount="10000" extractCount="10000" duration="1725000"/>
			<Sample nodeCount="14" insertCount="10000" extractCount="10000" duration="1970000"/>
			<Sample nodeCount="15" insertCount="10000" extractCount="10000" duration="2170000"/>
			<Sample nodeCount="16" insertCount="10000" extractCount="10000" duration="2445000"/>
			<Sample nodeCount="17" insertCount="10000" extractCount="10000" duration="2706000"/>
			<Sample nodeCount="18" insertCount="10000" extractCount="10000" duration="2928000"/>
			<Sample nodeCount="19" insertCount="10000" extractCount="10000" duration="3282000"/>
			<Sample nodeCount="20" insertCount="10000" extractCount="10000" duration="3900000"/>
			<Sample nodeCount="21" insertCount="10000" extractCount="10000" duration="4511000"/>
			<Sample nodeCount="22" insertCount="10000" extractCount="10000" duration="4627000"/>
			<Sample nodeCount="23" insertCount="10000" extractCount="10000" duration="5032000"/>
			<Sample nodeCount="24" insertCount="10000" extractCount="10000" duration="5415000"/>
			<Sample nodeCount="25" insertCount="10000" extractCount="10000" duration="5814000"/>
			<Sample nodeCount="26" insertCount="10000" extractCount="10000" duration="6136000"/>
			<Sample nodeCount="27" insertCount="10000" extractCount="10000" duration="6673000"/>
			<Sample nodeCount="28" insertCount="10000" extractCount="10000" duration="7196000"/>
			<Sample nodeCount="29" insertCount="10000" extractCount="10000" duration="7909000"/>
			<Sample nodeCount="30" insertCount="10000" extractCount="10000" duration="8512000"/>
			<Sample nodeCount="31" insertCount="10000" extractCount="10000" duration="9003000"/>
			<Sample nodeCount="32" insertCount="10000" extractCount="10000" duration="9802000"/>
			<Sample nodeCount="33" insertCount="10000" extractCount="10000" duration="10621000"/>
			<Sample nodeCount="34" insertCount="10000" extractCount="10000" duration="11076000"/>
			<Sample nodeCount="35" insertCount="10000" extractCount="10000" duration="11619000"/>
			<Sample nodeCount="36" insertCount="10000" extractCount="10000" duration="12255000"/>
			<Sample nodeCount="37" insertCount="10000" extractCount="10000" duration="12884000"/>
			<Sample nodeCount="38" insertCount="10000" extractCount="10000" duration="13549000"/>
			<Sample nodeCount="39" insertCount="10000" extractCount="10000" duration="14260000"/>
			<Sample nodeCount="40" insertCount="10000" extractCount="10000" duration="15059000"/>
			<Sample nodeCount="41" insertCount="10000" extractCount="10000" duration="15810000"/>
			<Sample nodeCount="42" insertCount="10000" extractCount="10000" duration="16353000"/>
			<Sample nodeCount="43" insertCount="10000" extractCount="10000" duration="17046000"/>
			<Sample nodeCount="44" insertCount="10000" extractCount="10000" duration="17716000"/>
			<Sample nodeCount="45" insertCount="10000" extractCount="10000" duration="18509000"/>
			<Sample nodeCount="46" insertCount="10000" extractCount="10000" duration="19439000"/>
			<Sample nodeCount="47" insertCount="10000" extractCount="10000" duration="20318000"/>
			<Sample nodeCount="48" insertCount="10000" extractCount="10000" duration="22210000"/>
			<Sample nodeCount="49" insertCount="10000" extractCount="10000" duration="22738000"/>
			<Sample nodeCount="50" insertCount="10000" extractCount="10000" duration="23530000"/>
			<Sample nodeCount="51" insertCount="10000" extractCount="10000" duration="24018000"/>
			<Sample nodeCount="52" insertCount="10000" extractCount="10000" duration="25357000"/>
			<Sample nodeCount="53" insertCount="10000" extractCount="10000" duration="26302000"/>
			<Sample nodeCount="54" insertCount="10000" extractCount="10000" duration="26951000"/>
			<Sample nodeCount="55" insertCount="10000" extractCount="10000" duration="27967000"/>
			<Sample nodeCount="56" insertCount="10000" extractCount="10000" duration="29280000"/>
			<Sample nodeCount="57" insertCount="10000" extractCount="10000" duration="30464000"/>
			<Sample nodeCount="58" insertCount="10000" extractCount="10000" duration="32292000"/>
			<Sample nodeCount="59" insertCount="10000" extractCount="10000" duration="32416000"/>
			<Sample nodeCount="60" insertCount="10000" extractCount="10000" duration="33162000"/>
			<Sample nodeCount="61" insertCount="10000" extractCount="10000" duration="34334000"/>
			<Sample nodeCount="62" insertCount="10000" extractCount="10000" duration="35572000"/>
			<Sample nodeCount="63" insertCount="10000" extractCount="10000" duration="36709000"/>
			<Sample nodeCount="64" insertCount="10000" extractCount="10000" duration="37853000"/>
			<Sample nodeCount="65" insertCount="10000" extractCount="10000" duration="39707000"/>
			<Sample nodeCount="66" insertCount="10000" extractCount="10000" duration="40173000"/>
			<Sample nodeCount="67" insertCount="10000" extractCount="10000" duration="42110000"/>
			<Sample nodeCount="68" insertCount="10000" extractCount="10000" duration="42727000"/>
			<Sample nodeCount="69" insertCount="10000" extractCount="10000" duration="43936000"/>
			<Sample nodeCount="70" insertCount="10000" extractCount="10000" duration="45476000"/>
			<Sample nodeCount="71" insertCount="10000" extractCount="10000" duration="47199000"/>
			<Sample nodeCount="72" insertCount="10000" extractCount="10000" duration="48387000"/>
			<Sample nodeCount="73" insertCount="10000" extractCount="10000" duration="49525000"/>
			<Sample nodeCount="74" insertCount="10000" extractCount="10000" duration="50791000"/>
			<Sample nodeCount="75" insertCount="10000" extractCount="10000" duration="52038000"/>
			<Sample nodeCount="76" insertCount="10000" extractCount="10000" duration="53755000"/>
			<Sample nodeCount="77" insertCount="10000" extractCount="10000" duration="54393000"/>
			<Sample nodeCount="78" insertCount="10000" extractCount="10000" duration="55931000"/>
			<Sample nodeCount="79" insertCount="10000" extractCount="10000" duration="57857000"/>
			<Sample nodeCount="80" insertCount="10000" extractCount="10000" duration="59132000"/>
			<Sample nodeCount="81" insertCount="10000" extractCount="10000" duration="61543000"/>
			<Sample nodeCount="82" insertCount="10000" extractCount="10000" duration="61586000"/>
			<Sample nodeCount="83" insertCount="10000" extractCount="10000" duration="63251000"/>
			<Sample nodeCount="84" insertCount="10000" extractCount="10000" duration="67971000"/>
			<Sample nodeCount="85" insertCount="10000" extractCount="10000" duration="68176000"/>
			<Sample nodeCount="86" insertCount="10000" extractCount="10000" duration="68438000"/>
			<Sample nodeCount="87" insertCount="10000" extractCount="10000" duration="69540000"/>
			<Sample nodeCount="88" insertCount="10000" extractCount="10000" duration="74215000"/>
			<Sample nodeCount="89" insertCount="10000" extractCount="10000" duration="72206000"/>
			<Sample nodeCount="90" insertCount="10000" extractCount="10000" duration="74535000"/>
			<Sample nodeCount="91" insertCount="10000" extractCount="10000" duration="76122000"/>
			<Sample nodeCount="92" insertCount="10000" extractCount="10000" duration="77374000"/>
			<Sample nodeCount="93" insertCount="10000" extractCount="10000" duration="79473000"/>
			<Sample nodeCount="94" insertCount="10000" extractCount="10000" duration="81492000"/>
			<Sample nodeCount="95" insertCount="10000" extractCount="10000" duration="83619000"/>
			<Sample nodeCount="96" insertCount="10000" extractCount="10000" duration="84660000"/>
			<Sample nodeCount="97" insertCount="10000" extractCount="10000" duration="86064000"/>
			<Sample nodeCount="98" insertCount="10000" extractCount="10000" duration="87587000"/>
			<Sample nodeCount="99" insertCount="10000" extractCount="10000" duration="89063000"/>
			<Sample nodeCount="100" insertCount="10000" extractCount="10000" duration="91852000"/>
			<Sample nodeCount="101" insertCount="10000" extractCount="10000" duration="93264000"/>
			<Sample nodeCount="102" insertCount="10000" extractCount="10000" duration="94474000"/>
			<Sample nodeCount="103" insertCount="10000" extractCount="10000" duration="97003000"/>
			<Sample nodeCount="104" insertCount="10000" extractCount="10000" duration="97545000"/>
			<Sample nodeCount="105" insertCount="10000" extractCount="10000" duration="100463000"/>
			<Sample nodeCount="106" insertCount="10000" extractCount="10000" duration="101792000"/>
			<Sample nodeCount="107" insertCount="10000" extractCount="10000" duration="103604000"/>
			<Sample nodeCount="108" insertCount="10000" extractCount="10000" duration="104844000"/>
			<Sample nodeCount="109" insertCount="10000" extractCount="10000" duration="106538000"/>
			<Sample nodeCount="110" insertCount="10000" extractCount="10000" duration="109141000"/>
			<Sample nodeCount="111" insertCount="10000" extractCount="10000" duration="110562000"/>
			<Sample nodeCount="112" insertCount="10000" extractCount="10000" duration="113114000"/>
			<Sample nodeCount="113" insertCount="10000" extractCount="10000" duration="114838000"/>
			<Sample nodeCount="114" insertCount="10000" extractCount="10000" duration="116531000"/>
			<Sample nodeCount="115" insertCount="10000" extractCount="10000" duration="119645000"/>
			<Sample nodeCount="116" insertCount="10000" extractCount="10000" duration="121321000"/>
			<Sample nodeCount="117" insertCount="10000" extractCount="10000" duration="122896000"/>
			<Sample nodeCount="118" insertCount="10000" extractCount="10000" duration="125041000"/>
			<Sample nodeCount="119" insertCount="10000" extractCount="10000" duration="127691000"/>
			<Sample nodeCount="120" insertCount="10000" extractCount="10000" duration="128823000"/>
			<Sample nodeCount="121" insertCount="10000" extractCount="10000" duration="131016000"/>
			<Sample nodeCount="122" insertCount="10000" extractCount="10000" duration="133221000"/>
			<Sample nodeCount="123" insertCount="10000" extractCount="10000" duration="136007000"/>
			<Sample nodeCount="124" insertCount="10000" extractCount="10000" duration="136873000"/>
			<Sample nodeCount="125" insertCount="10000" extractCount="10000" duration="139442000"/>
			<Sample nodeCount="126" insertCount="10000" extractCount="10000" duration="142384000"/>
			<Sample nodeCount="127" insertCount="10000" extractCount="10000" duration="144228000"/>
		</SmallSetLinear>
		<LargeSetLinear>
		</LargeSetLinear>
	</RBTest>
</RBTestCollection>
