<RBTestCollection platform="Xilinx Zynq, Cortex-A9 MPCore" compiler="GCC 4.9.3" timeUnit="ns">
	<RBTest implementation="LLRB" nodeSize="16">
		<SmallSetRandomOps>
			<Sample nodeCount="1" insertCount="62" extractCount="61" duration="10038"/>
			<Sample nodeCount="2" insertCount="123" extractCount="123" duration="35079"/>
			<Sample nodeCount="3" insertCount="186" extractCount="183" duration="134622"/>
			<Sample nodeCount="4" insertCount="247" extractCount="245" duration="113082"/>
			<Sample nodeCount="5" insertCount="309" extractCount="306" duration="262818"/>
			<Sample nodeCount="6" insertCount="370" extractCount="368" duration="328068"/>
			<Sample nodeCount="7" insertCount="433" extractCount="428" duration="428106"/>
			<Sample nodeCount="8" insertCount="493" extractCount="491" duration="372331"/>
			<Sample nodeCount="9" insertCount="557" extractCount="550" duration="621319"/>
			<Sample nodeCount="10" insertCount="619" extractCount="611" duration="695235"/>
			<Sample nodeCount="11" insertCount="680" extractCount="673" duration="796504"/>
			<Sample nodeCount="12" insertCount="740" extractCount="736" duration="910864"/>
			<Sample nodeCount="13" insertCount="803" extractCount="796" duration="1009105"/>
			<Sample nodeCount="14" insertCount="864" extractCount="858" duration="1117093"/>
			<Sample nodeCount="15" insertCount="927" extractCount="918" duration="1193872"/>
			<Sample nodeCount="16" insertCount="988" extractCount="980" duration="1017400"/>
			<Sample nodeCount="17" insertCount="1050" extractCount="1041" duration="1413652"/>
			<Sample nodeCount="18" insertCount="1113" extractCount="1101" duration="1526759"/>
			<Sample nodeCount="19" insertCount="1172" extractCount="1165" duration="1623929"/>
			<Sample nodeCount="20" insertCount="1237" extractCount="1223" duration="1743490"/>
			<Sample nodeCount="21" insertCount="1296" extractCount="1287" duration="1844528"/>
			<Sample nodeCount="22" insertCount="1359" extractCount="1347" duration="1975856"/>
			<Sample nodeCount="23" insertCount="1419" extractCount="1410" duration="2077730"/>
			<Sample nodeCount="24" insertCount="1484" extractCount="1468" duration="2197613"/>
			<Sample nodeCount="25" insertCount="1544" extractCount="1531" duration="2337426"/>
			<Sample nodeCount="26" insertCount="1604" extractCount="1594" duration="2436545"/>
			<Sample nodeCount="27" insertCount="1668" extractCount="1653" duration="2571063"/>
			<Sample nodeCount="28" insertCount="1729" extractCount="1715" duration="2701581"/>
			<Sample nodeCount="29" insertCount="1790" extractCount="1777" duration="2815991"/>
			<Sample nodeCount="30" insertCount="1851" extractCount="1839" duration="2953107"/>
			<Sample nodeCount="31" insertCount="1914" extractCount="1899" duration="3077520"/>
			<Sample nodeCount="32" insertCount="1977" extractCount="1959" duration="2597832"/>
			<Sample nodeCount="33" insertCount="2041" extractCount="2018" duration="3277719"/>
			<Sample nodeCount="34" insertCount="2097" extractCount="2085" duration="3409822"/>
			<Sample nodeCount="35" insertCount="2160" extractCount="2145" duration="3519516"/>
			<Sample nodeCount="36" insertCount="2221" extractCount="2207" duration="3611716"/>
			<Sample nodeCount="37" insertCount="2285" extractCount="2266" duration="3751624"/>
			<Sample nodeCount="38" insertCount="2346" extractCount="2328" duration="3891759"/>
			<Sample nodeCount="39" insertCount="2408" extractCount="2389" duration="3959653"/>
			<Sample nodeCount="40" insertCount="2471" extractCount="2449" duration="4111639"/>
			<Sample nodeCount="41" insertCount="2531" extractCount="2512" duration="4235152"/>
			<Sample nodeCount="42" insertCount="2593" extractCount="2573" duration="4351918"/>
			<Sample nodeCount="43" insertCount="2656" extractCount="2633" duration="4522541"/>
			<Sample nodeCount="44" insertCount="2717" extractCount="2695" duration="4600273"/>
			<Sample nodeCount="45" insertCount="2776" extractCount="2759" duration="4738823"/>
			<Sample nodeCount="46" insertCount="2840" extractCount="2818" duration="4852748"/>
			<Sample nodeCount="47" insertCount="2902" extractCount="2879" duration="4994348"/>
			<Sample nodeCount="48" insertCount="2966" extractCount="2938" duration="5124368"/>
			<Sample nodeCount="49" insertCount="3026" extractCount="3001" duration="5346440"/>
			<Sample nodeCount="50" insertCount="3084" extractCount="3066" duration="5405994"/>
			<Sample nodeCount="51" insertCount="3151" extractCount="3122" duration="5561615"/>
			<Sample nodeCount="52" insertCount="3209" extractCount="3187" duration="5743752"/>
			<Sample nodeCount="53" insertCount="3273" extractCount="3246" duration="5812437"/>
			<Sample nodeCount="54" insertCount="3337" extractCount="3305" duration="5968473"/>
			<Sample nodeCount="55" insertCount="3400" extractCount="3365" duration="6091845"/>
			<Sample nodeCount="56" insertCount="3458" extractCount="3430" duration="6304368"/>
			<Sample nodeCount="57" insertCount="3521" extractCount="3490" duration="6359085"/>
			<Sample nodeCount="58" insertCount="3580" extractCount="3554" duration="6505957"/>
			<Sample nodeCount="59" insertCount="3647" extractCount="3610" duration="6711985"/>
			<Sample nodeCount="60" insertCount="3706" extractCount="3674" duration="6815137"/>
			<Sample nodeCount="61" insertCount="3766" extractCount="3737" duration="6919921"/>
			<Sample nodeCount="62" insertCount="3828" extractCount="3798" duration="7051834"/>
			<Sample nodeCount="63" insertCount="3888" extractCount="3861" duration="7188433"/>
			<Sample nodeCount="64" insertCount="3952" extractCount="3920" duration="6240648"/>
			<Sample nodeCount="65" insertCount="4014" extractCount="3981" duration="7466842"/>
			<Sample nodeCount="66" insertCount="4077" extractCount="4041" duration="7593878"/>
			<Sample nodeCount="67" insertCount="4136" extractCount="4105" duration="7721465"/>
			<Sample nodeCount="68" insertCount="4200" extractCount="4164" duration="7880648"/>
			<Sample nodeCount="69" insertCount="4263" extractCount="4224" duration="8010455"/>
			<Sample nodeCount="70" insertCount="4325" extractCount="4285" duration="8190203"/>
			<Sample nodeCount="71" insertCount="4381" extractCount="4352" duration="8263077"/>
			<Sample nodeCount="72" insertCount="4448" extractCount="4408" duration="8502816"/>
			<Sample nodeCount="73" insertCount="4507" extractCount="4472" duration="8540897"/>
			<Sample nodeCount="74" insertCount="4571" extractCount="4531" duration="8639625"/>
			<Sample nodeCount="75" insertCount="4631" extractCount="4594" duration="8852505"/>
			<Sample nodeCount="76" insertCount="4693" extractCount="4655" duration="8968794"/>
			<Sample nodeCount="77" insertCount="4755" extractCount="4716" duration="9100965"/>
			<Sample nodeCount="78" insertCount="4817" extractCount="4777" duration="9206772"/>
			<Sample nodeCount="79" insertCount="4877" extractCount="4840" duration="9330450"/>
			<Sample nodeCount="80" insertCount="4942" extractCount="4898" duration="9504477"/>
			<Sample nodeCount="81" insertCount="5002" extractCount="4961" duration="9642802"/>
			<Sample nodeCount="82" insertCount="5063" extractCount="5023" duration="9747601"/>
			<Sample nodeCount="83" insertCount="5124" extractCount="5085" duration="9939466"/>
			<Sample nodeCount="84" insertCount="5187" extractCount="5145" duration="10050647"/>
			<Sample nodeCount="85" insertCount="5250" extractCount="5205" duration="10168678"/>
			<Sample nodeCount="86" insertCount="5314" extractCount="5264" duration="10289461"/>
			<Sample nodeCount="87" insertCount="5374" extractCount="5327" duration="10364563"/>
			<Sample nodeCount="88" insertCount="5432" extractCount="5392" duration="10483385"/>
			<Sample nodeCount="89" insertCount="5490" extractCount="5457" duration="10618921"/>
			<Sample nodeCount="90" insertCount="5559" extractCount="5511" duration="10799588"/>
			<Sample nodeCount="91" insertCount="5621" extractCount="5572" duration="10913534"/>
			<Sample nodeCount="92" insertCount="5680" extractCount="5636" duration="11103416"/>
			<Sample nodeCount="93" insertCount="5740" extractCount="5699" duration="11193209"/>
			<Sample nodeCount="94" insertCount="5803" extractCount="5759" duration="11345589"/>
			<Sample nodeCount="95" insertCount="5862" extractCount="5823" duration="11474402"/>
			<Sample nodeCount="96" insertCount="5929" extractCount="5879" duration="11614371"/>
			<Sample nodeCount="97" insertCount="5993" extractCount="5938" duration="11742456"/>
			<Sample nodeCount="98" insertCount="6055" extractCount="5999" duration="11848158"/>
			<Sample nodeCount="99" insertCount="6113" extractCount="6064" duration="12092103"/>
			<Sample nodeCount="100" insertCount="6172" extractCount="6128" duration="12168696"/>
			<Sample nodeCount="101" insertCount="6238" extractCount="6185" duration="12332505"/>
			<Sample nodeCount="102" insertCount="6299" extractCount="6247" duration="12456658"/>
			<Sample nodeCount="103" insertCount="6363" extractCount="6306" duration="12669379"/>
			<Sample nodeCount="104" insertCount="6426" extractCount="6366" duration="12780468"/>
			<Sample nodeCount="105" insertCount="6481" extractCount="6434" duration="12953956"/>
			<Sample nodeCount="106" insertCount="6544" extractCount="6494" duration="13101586"/>
			<Sample nodeCount="107" insertCount="6607" extractCount="6554" duration="13221247"/>
			<Sample nodeCount="108" insertCount="6669" extractCount="6615" duration="13335460"/>
			<Sample nodeCount="109" insertCount="6732" extractCount="6675" duration="13565945"/>
			<Sample nodeCount="110" insertCount="6794" extractCount="6736" duration="13771703"/>
			<Sample nodeCount="111" insertCount="6852" extractCount="6801" duration="13912373"/>
			<Sample nodeCount="112" insertCount="6918" extractCount="6858" duration="14040491"/>
			<Sample nodeCount="113" insertCount="6981" extractCount="6918" duration="14212616"/>
			<Sample nodeCount="114" insertCount="7041" extractCount="6981" duration="14373378"/>
			<Sample nodeCount="115" insertCount="7103" extractCount="7042" duration="14448758"/>
			<Sample nodeCount="116" insertCount="7164" extractCount="7104" duration="14669004"/>
			<Sample nodeCount="117" insertCount="7225" extractCount="7166" duration="14861550"/>
			<Sample nodeCount="118" insertCount="7291" extractCount="7223" duration="14930775"/>
			<Sample nodeCount="119" insertCount="7350" extractCount="7287" duration="15192903"/>
			<Sample nodeCount="120" insertCount="7410" extractCount="7350" duration="15222709"/>
			<Sample nodeCount="121" insertCount="7471" extractCount="7412" duration="15463170"/>
			<Sample nodeCount="122" insertCount="7537" extractCount="7469" duration="15574387"/>
			<Sample nodeCount="123" insertCount="7593" extractCount="7536" duration="15648985"/>
			<Sample nodeCount="124" insertCount="7658" extractCount="7594" duration="15863791"/>
			<Sample nodeCount="125" insertCount="7718" extractCount="7657" duration="16114975"/>
			<Sample nodeCount="126" insertCount="7781" extractCount="7717" duration="16153717"/>
			<Sample nodeCount="127" insertCount="7840" extractCount="7781" duration="16337434"/>
		</SmallSetRandomOps>
		<LargeSetRandomOps>
		</LargeSetRandomOps>
		<SmallSetLinear>
			<Sample nodeCount="1" insertCount="10000" extractCount="10000" duration="661399"/>
			<Sample nodeCount="2" insertCount="10000" extractCount="10000" duration="3547060"/>
			<Sample nodeCount="3" insertCount="10000" extractCount="10000" duration="7079974"/>
			<Sample nodeCount="4" insertCount="10000" extractCount="10000" duration="10577188"/>
			<Sample nodeCount="5" insertCount="10000" extractCount="10000" duration="17518551"/>
			<Sample nodeCount="6" insertCount="10000" extractCount="10000" duration="21842731"/>
			<Sample nodeCount="7" insertCount="10000" extractCount="10000" duration="34403539"/>
			<Sample nodeCount="8" insertCount="10000" extractCount="10000" duration="38687148"/>
			<Sample nodeCount="9" insertCount="10000" extractCount="10000" duration="49395098"/>
			<Sample nodeCount="10" insertCount="10000" extractCount="10000" duration="53971563"/>
			<Sample nodeCount="11" insertCount="10000" extractCount="10000" duration="70928774"/>
			<Sample nodeCount="12" insertCount="10000" extractCount="10000" duration="76065385"/>
			<Sample nodeCount="13" insertCount="10000" extractCount="10000" duration="91363943"/>
			<Sample nodeCount="14" insertCount="10000" extractCount="10000" duration="95364365"/>
			<Sample nodeCount="15" insertCount="10000" extractCount="10000" duration="116446728"/>
			<Sample nodeCount="16" insertCount="10000" extractCount="10000" duration="121215547"/>
			<Sample nodeCount="17" insertCount="10000" extractCount="10000" duration="135100513"/>
			<Sample nodeCount="18" insertCount="10000" extractCount="10000" duration="140024414"/>
			<Sample nodeCount="19" insertCount="10000" extractCount="10000" duration="160686482"/>
			<Sample nodeCount="20" insertCount="10000" extractCount="10000" duration="165931708"/>
			<Sample nodeCount="21" insertCount="10000" extractCount="10000" duration="180197880"/>
			<Sample nodeCount="22" insertCount="10000" extractCount="10000" duration="185001866"/>
			<Sample nodeCount="23" insertCount="10000" extractCount="10000" duration="213411573"/>
			<Sample nodeCount="24" insertCount="10000" extractCount="10000" duration="219095913"/>
			<Sample nodeCount="25" insertCount="10000" extractCount="10000" duration="233032460"/>
			<Sample nodeCount="26" insertCount="10000" extractCount="10000" duration="237395032"/>
			<Sample nodeCount="27" insertCount="10000" extractCount="10000" duration="263272985"/>
			<Sample nodeCount="28" insertCount="10000" extractCount="10000" duration="268384171"/>
			<Sample nodeCount="29" insertCount="10000" extractCount="10000" duration="283287769"/>
			<Sample nodeCount="30" insertCount="10000" extractCount="10000" duration="288299709"/>
			<Sample nodeCount="31" insertCount="10000" extractCount="10000" duration="324015105"/>
			<Sample nodeCount="32" insertCount="10000" extractCount="10000" duration="329433845"/>
			<Sample nodeCount="33" insertCount="10000" extractCount="10000" duration="342882487"/>
			<Sample nodeCount="34" insertCount="10000" extractCount="10000" duration="349266278"/>
			<Sample nodeCount="35" insertCount="10000" extractCount="10000" duration="374929608"/>
			<Sample nodeCount="36" insertCount="10000" extractCount="10000" duration="379190806"/>
			<Sample nodeCount="37" insertCount="10000" extractCount="10000" duration="393293295"/>
			<Sample nodeCount="38" insertCount="10000" extractCount="10000" duration="400193395"/>
			<Sample nodeCount="39" insertCount="10000" extractCount="10000" duration="436090936"/>
			<Sample nodeCount="40" insertCount="10000" extractCount="10000" duration="440556099"/>
			<Sample nodeCount="41" insertCount="10000" extractCount="10000" duration="455218994"/>
			<Sample nodeCount="42" insertCount="10000" extractCount="10000" duration="460985735"/>
			<Sample nodeCount="43" insertCount="10000" extractCount="10000" duration="486965571"/>
			<Sample nodeCount="44" insertCount="10000" extractCount="10000" duration="491755466"/>
			<Sample nodeCount="45" insertCount="10000" extractCount="10000" duration="505439713"/>
			<Sample nodeCount="46" insertCount="10000" extractCount="10000" duration="513017091"/>
			<Sample nodeCount="47" insertCount="10000" extractCount="10000" duration="557348774"/>
			<Sample nodeCount="48" insertCount="10000" extractCount="10000" duration="562422704"/>
			<Sample nodeCount="49" insertCount="10000" extractCount="10000" duration="578622060"/>
			<Sample nodeCount="50" insertCount="10000" extractCount="10000" duration="583167019"/>
			<Sample nodeCount="51" insertCount="10000" extractCount="10000" duration="608106422"/>
			<Sample nodeCount="52" insertCount="10000" extractCount="10000" duration="613934174"/>
			<Sample nodeCount="53" insertCount="10000" extractCount="10000" duration="628945331"/>
			<Sample nodeCount="54" insertCount="10000" extractCount="10000" duration="634107289"/>
			<Sample nodeCount="55" insertCount="10000" extractCount="10000" duration="676531855"/>
			<Sample nodeCount="56" insertCount="10000" extractCount="10000" duration="682089109"/>
			<Sample nodeCount="57" insertCount="10000" extractCount="10000" duration="696776550"/>
			<Sample nodeCount="58" insertCount="10000" extractCount="10000" duration="700142449"/>
			<Sample nodeCount="59" insertCount="10000" extractCount="10000" duration="726940684"/>
			<Sample nodeCount="60" insertCount="10000" extractCount="10000" duration="732726691"/>
			<Sample nodeCount="61" insertCount="10000" extractCount="10000" duration="745935563"/>
			<Sample nodeCount="62" insertCount="10000" extractCount="10000" duration="751208254"/>
			<Sample nodeCount="63" insertCount="10000" extractCount="10000" duration="816225612"/>
			<Sample nodeCount="64" insertCount="10000" extractCount="10000" duration="820633892"/>
			<Sample nodeCount="65" insertCount="10000" extractCount="10000" duration="834132733"/>
			<Sample nodeCount="66" insertCount="10000" extractCount="10000" duration="841629100"/>
			<Sample nodeCount="67" insertCount="10000" extractCount="10000" duration="866609639"/>
			<Sample nodeCount="68" insertCount="10000" extractCount="10000" duration="872961003"/>
			<Sample nodeCount="69" insertCount="10000" extractCount="10000" duration="885165651"/>
			<Sample nodeCount="70" insertCount="10000" extractCount="10000" duration="891108741"/>
			<Sample nodeCount="71" insertCount="10000" extractCount="10000" duration="933177372"/>
			<Sample nodeCount="72" insertCount="10000" extractCount="10000" duration="938771988"/>
			<Sample nodeCount="73" insertCount="10000" extractCount="10000" duration="952401106"/>
			<Sample nodeCount="74" insertCount="10000" extractCount="10000" duration="958710589"/>
			<Sample nodeCount="75" insertCount="10000" extractCount="10000" duration="985381288"/>
			<Sample nodeCount="76" insertCount="10000" extractCount="10000" duration="989744034"/>
			<Sample nodeCount="77" insertCount="10000" extractCount="10000" duration="1003726949"/>
			<Sample nodeCount="78" insertCount="10000" extractCount="10000" duration="1012600703"/>
			<Sample nodeCount="79" insertCount="10000" extractCount="10000" duration="1074881860"/>
			<Sample nodeCount="80" insertCount="10000" extractCount="10000" duration="1082007020"/>
			<Sample nodeCount="81" insertCount="10000" extractCount="10000" duration="1095554026"/>
			<Sample nodeCount="82" insertCount="10000" extractCount="10000" duration="1101429930"/>
			<Sample nodeCount="83" insertCount="10000" extractCount="10000" duration="1125779424"/>
			<Sample nodeCount="84" insertCount="10000" extractCount="10000" duration="1133584232"/>
			<Sample nodeCount="85" insertCount="10000" extractCount="10000" duration="1145703083"/>
			<Sample nodeCount="86" insertCount="10000" extractCount="10000" duration="1152005793"/>
			<Sample nodeCount="87" insertCount="10000" extractCount="10000" duration="1193696676"/>
			<Sample nodeCount="88" insertCount="10000" extractCount="10000" duration="1200178920"/>
			<Sample nodeCount="89" insertCount="10000" extractCount="10000" duration="1215719286"/>
			<Sample nodeCount="90" insertCount="10000" extractCount="10000" duration="1222064917"/>
			<Sample nodeCount="91" insertCount="10000" extractCount="10000" duration="1245763468"/>
			<Sample nodeCount="92" insertCount="10000" extractCount="10000" duration="1251437089"/>
			<Sample nodeCount="93" insertCount="10000" extractCount="10000" duration="1265197625"/>
			<Sample nodeCount="94" insertCount="10000" extractCount="10000" duration="1274145107"/>
			<Sample nodeCount="95" insertCount="10000" extractCount="10000" duration="1349082674"/>
			<Sample nodeCount="96" insertCount="10000" extractCount="10000" duration="1357501645"/>
			<Sample nodeCount="97" insertCount="10000" extractCount="10000" duration="1372659950"/>
			<Sample nodeCount="98" insertCount="10000" extractCount="10000" duration="1374594223"/>
			<Sample nodeCount="99" insertCount="10000" extractCount="10000" duration="1400394840"/>
			<Sample nodeCount="100" insertCount="10000" extractCount="10000" duration="1408915349"/>
			<Sample nodeCount="101" insertCount="10000" extractCount="10000" duration="1424028134"/>
			<Sample nodeCount="102" insertCount="10000" extractCount="10000" duration="1429361452"/>
			<Sample nodeCount="103" insertCount="10000" extractCount="10000" duration="1471412902"/>
			<Sample nodeCount="104" insertCount="10000" extractCount="10000" duration="1474741501"/>
			<Sample nodeCount="105" insertCount="10000" extractCount="10000" duration="1492728902"/>
			<Sample nodeCount="106" insertCount="10000" extractCount="10000" duration="1494581755"/>
			<Sample nodeCount="107" insertCount="10000" extractCount="10000" duration="1520014202"/>
			<Sample nodeCount="108" insertCount="10000" extractCount="10000" duration="1526431005"/>
			<Sample nodeCount="109" insertCount="10000" extractCount="10000" duration="1541243217"/>
			<Sample nodeCount="110" insertCount="10000" extractCount="10000" duration="1549488253"/>
			<Sample nodeCount="111" insertCount="10000" extractCount="10000" duration="1622616498"/>
			<Sample nodeCount="112" insertCount="10000" extractCount="10000" duration="1631448056"/>
			<Sample nodeCount="113" insertCount="10000" extractCount="10000" duration="1646645406"/>
			<Sample nodeCount="114" insertCount="10000" extractCount="10000" duration="1651151170"/>
			<Sample nodeCount="115" insertCount="10000" extractCount="10000" duration="1674564342"/>
			<Sample nodeCount="116" insertCount="10000" extractCount="10000" duration="1680401670"/>
			<Sample nodeCount="117" insertCount="10000" extractCount="10000" duration="1698331735"/>
			<Sample nodeCount="118" insertCount="10000" extractCount="10000" duration="1704041376"/>
			<Sample nodeCount="119" insertCount="10000" extractCount="10000" duration="1746302631"/>
			<Sample nodeCount="120" insertCount="10000" extractCount="10000" duration="1752420502"/>
			<Sample nodeCount="121" insertCount="10000" extractCount="10000" duration="1767515095"/>
			<Sample nodeCount="122" insertCount="10000" extractCount="10000" duration="1773121611"/>
			<Sample nodeCount="123" insertCount="10000" extractCount="10000" duration="1795735162"/>
			<Sample nodeCount="124" insertCount="10000" extractCount="10000" duration="1802405603"/>
			<Sample nodeCount="125" insertCount="10000" extractCount="10000" duration="1817836713"/>
			<Sample nodeCount="126" insertCount="10000" extractCount="10000" duration="1826405123"/>
			<Sample nodeCount="127" insertCount="10000" extractCount="10000" duration="1936550209"/>
		</SmallSetLinear>
		<LargeSetLinear>
		</LargeSetLinear>
	</RBTest>
	<RBTest implementation="Eternally Confuzzled" nodeSize="12">
		<SmallSetRandomOps>
			<Sample nodeCount="1" insertCount="62" extractCount="61" duration="15126"/>
			<Sample nodeCount="2" insertCount="123" extractCount="123" duration="39672"/>
			<Sample nodeCount="3" insertCount="185" extractCount="184" duration="137058"/>
			<Sample nodeCount="4" insertCount="247" extractCount="245" duration="109707"/>
			<Sample nodeCount="5" insertCount="309" extractCount="306" duration="247503"/>
			<Sample nodeCount="6" insertCount="371" extractCount="367" duration="300145"/>
			<Sample nodeCount="7" insertCount="432" extractCount="429" duration="362304"/>
			<Sample nodeCount="8" insertCount="494" extractCount="490" duration="276861"/>
			<Sample nodeCount="9" insertCount="554" extractCount="553" duration="491014"/>
			<Sample nodeCount="10" insertCount="619" extractCount="611" duration="545215"/>
			<Sample nodeCount="11" insertCount="680" extractCount="673" duration="611742"/>
			<Sample nodeCount="12" insertCount="741" extractCount="735" duration="682519"/>
			<Sample nodeCount="13" insertCount="803" extractCount="796" duration="735787"/>
			<Sample nodeCount="14" insertCount="866" extractCount="856" duration="821245"/>
			<Sample nodeCount="15" insertCount="927" extractCount="918" duration="884119"/>
			<Sample nodeCount="16" insertCount="987" extractCount="981" duration="669181"/>
			<Sample nodeCount="17" insertCount="1050" extractCount="1041" duration="1023403"/>
			<Sample nodeCount="18" insertCount="1113" extractCount="1101" duration="1075828"/>
			<Sample nodeCount="19" insertCount="1173" extractCount="1164" duration="1154048"/>
			<Sample nodeCount="20" insertCount="1235" extractCount="1225" duration="1225261"/>
			<Sample nodeCount="21" insertCount="1295" extractCount="1288" duration="1293301"/>
			<Sample nodeCount="22" insertCount="1359" extractCount="1347" duration="1366570"/>
			<Sample nodeCount="23" insertCount="1421" extractCount="1408" duration="1442479"/>
			<Sample nodeCount="24" insertCount="1482" extractCount="1470" duration="1524923"/>
			<Sample nodeCount="25" insertCount="1544" extractCount="1531" duration="1596919"/>
			<Sample nodeCount="26" insertCount="1606" extractCount="1592" duration="1661954"/>
			<Sample nodeCount="27" insertCount="1667" extractCount="1654" duration="1743077"/>
			<Sample nodeCount="28" insertCount="1730" extractCount="1714" duration="1809620"/>
			<Sample nodeCount="29" insertCount="1790" extractCount="1777" duration="1904903"/>
			<Sample nodeCount="30" insertCount="1853" extractCount="1837" duration="1958438"/>
			<Sample nodeCount="31" insertCount="1915" extractCount="1898" duration="2033834"/>
			<Sample nodeCount="32" insertCount="1976" extractCount="1960" duration="1586737"/>
			<Sample nodeCount="33" insertCount="2035" extractCount="2024" duration="2185460"/>
			<Sample nodeCount="34" insertCount="2099" extractCount="2083" duration="2264162"/>
			<Sample nodeCount="35" insertCount="2163" extractCount="2142" duration="2339439"/>
			<Sample nodeCount="36" insertCount="2221" extractCount="2207" duration="2405405"/>
			<Sample nodeCount="37" insertCount="2285" extractCount="2266" duration="2507109"/>
			<Sample nodeCount="38" insertCount="2348" extractCount="2326" duration="2590064"/>
			<Sample nodeCount="39" insertCount="2407" extractCount="2390" duration="2680581"/>
			<Sample nodeCount="40" insertCount="2469" extractCount="2451" duration="2756928"/>
			<Sample nodeCount="41" insertCount="2531" extractCount="2512" duration="2836538"/>
			<Sample nodeCount="42" insertCount="2594" extractCount="2572" duration="2916651"/>
			<Sample nodeCount="43" insertCount="2655" extractCount="2634" duration="2993067"/>
			<Sample nodeCount="44" insertCount="2717" extractCount="2695" duration="3069501"/>
			<Sample nodeCount="45" insertCount="2778" extractCount="2757" duration="3146790"/>
			<Sample nodeCount="46" insertCount="2842" extractCount="2816" duration="3243475"/>
			<Sample nodeCount="47" insertCount="2903" extractCount="2878" duration="3288738"/>
			<Sample nodeCount="48" insertCount="2963" extractCount="2941" duration="3376144"/>
			<Sample nodeCount="49" insertCount="3027" extractCount="3000" duration="3476370"/>
			<Sample nodeCount="50" insertCount="3085" extractCount="3065" duration="3551223"/>
			<Sample nodeCount="51" insertCount="3148" extractCount="3125" duration="3627418"/>
			<Sample nodeCount="52" insertCount="3210" extractCount="3186" duration="3698028"/>
			<Sample nodeCount="53" insertCount="3270" extractCount="3249" duration="3798451"/>
			<Sample nodeCount="54" insertCount="3333" extractCount="3309" duration="3886525"/>
			<Sample nodeCount="55" insertCount="3394" extractCount="3371" duration="3967363"/>
			<Sample nodeCount="56" insertCount="3457" extractCount="3431" duration="4034557"/>
			<Sample nodeCount="57" insertCount="3521" extractCount="3490" duration="4140812"/>
			<Sample nodeCount="58" insertCount="3583" extractCount="3551" duration="4190488"/>
			<Sample nodeCount="59" insertCount="3645" extractCount="3612" duration="4280726"/>
			<Sample nodeCount="60" insertCount="3706" extractCount="3674" duration="4399738"/>
			<Sample nodeCount="61" insertCount="3768" extractCount="3735" duration="4492837"/>
			<Sample nodeCount="62" insertCount="3827" extractCount="3799" duration="4532942"/>
			<Sample nodeCount="63" insertCount="3893" extractCount="3856" duration="4646272"/>
			<Sample nodeCount="64" insertCount="3953" extractCount="3919" duration="3700621"/>
			<Sample nodeCount="65" insertCount="4013" extractCount="3982" duration="4756211"/>
			<Sample nodeCount="66" insertCount="4076" extractCount="4042" duration="4852841"/>
			<Sample nodeCount="67" insertCount="4138" extractCount="4103" duration="4923971"/>
			<Sample nodeCount="68" insertCount="4195" extractCount="4169" duration="5016302"/>
			<Sample nodeCount="69" insertCount="4261" extractCount="4226" duration="5098547"/>
			<Sample nodeCount="70" insertCount="4321" extractCount="4289" duration="5193347"/>
			<Sample nodeCount="71" insertCount="4387" extractCount="4346" duration="5292227"/>
			<Sample nodeCount="72" insertCount="4451" extractCount="4405" duration="5361584"/>
			<Sample nodeCount="73" insertCount="4507" extractCount="4472" duration="5444172"/>
			<Sample nodeCount="74" insertCount="4569" extractCount="4533" duration="5544677"/>
			<Sample nodeCount="75" insertCount="4633" extractCount="4592" duration="5618793"/>
			<Sample nodeCount="76" insertCount="4693" extractCount="4655" duration="5707002"/>
			<Sample nodeCount="77" insertCount="4754" extractCount="4717" duration="5775936"/>
			<Sample nodeCount="78" insertCount="4814" extractCount="4780" duration="5869866"/>
			<Sample nodeCount="79" insertCount="4878" extractCount="4839" duration="5941563"/>
			<Sample nodeCount="80" insertCount="4940" extractCount="4900" duration="5984322"/>
			<Sample nodeCount="81" insertCount="5003" extractCount="4960" duration="6126228"/>
			<Sample nodeCount="82" insertCount="5065" extractCount="5021" duration="6201090"/>
			<Sample nodeCount="83" insertCount="5126" extractCount="5083" duration="6283101"/>
			<Sample nodeCount="84" insertCount="5190" extractCount="5142" duration="6425778"/>
			<Sample nodeCount="85" insertCount="5246" extractCount="5209" duration="6460162"/>
			<Sample nodeCount="86" insertCount="5311" extractCount="5267" duration="6576939"/>
			<Sample nodeCount="87" insertCount="5372" extractCount="5329" duration="6652462"/>
			<Sample nodeCount="88" insertCount="5432" extractCount="5392" duration="6784603"/>
			<Sample nodeCount="89" insertCount="5494" extractCount="5453" duration="6842331"/>
			<Sample nodeCount="90" insertCount="5561" extractCount="5509" duration="6933085"/>
			<Sample nodeCount="91" insertCount="5619" extractCount="5574" duration="7015579"/>
			<Sample nodeCount="92" insertCount="5682" extractCount="5634" duration="7114081"/>
			<Sample nodeCount="93" insertCount="5743" extractCount="5696" duration="7224424"/>
			<Sample nodeCount="94" insertCount="5802" extractCount="5760" duration="7305002"/>
			<Sample nodeCount="95" insertCount="5865" extractCount="5820" duration="7349587"/>
			<Sample nodeCount="96" insertCount="5931" extractCount="5877" duration="7474543"/>
			<Sample nodeCount="97" insertCount="5988" extractCount="5943" duration="7600646"/>
			<Sample nodeCount="98" insertCount="6054" extractCount="6000" duration="7675648"/>
			<Sample nodeCount="99" insertCount="6113" extractCount="6064" duration="7771007"/>
			<Sample nodeCount="100" insertCount="6177" extractCount="6123" duration="7914458"/>
			<Sample nodeCount="101" insertCount="6235" extractCount="6188" duration="7964792"/>
			<Sample nodeCount="102" insertCount="6299" extractCount="6247" duration="8073074"/>
			<Sample nodeCount="103" insertCount="6360" extractCount="6309" duration="8180726"/>
			<Sample nodeCount="104" insertCount="6426" extractCount="6366" duration="8267885"/>
			<Sample nodeCount="105" insertCount="6484" extractCount="6431" duration="8388243"/>
			<Sample nodeCount="106" insertCount="6548" extractCount="6490" duration="8449199"/>
			<Sample nodeCount="107" insertCount="6610" extractCount="6551" duration="8574600"/>
			<Sample nodeCount="108" insertCount="6668" extractCount="6616" duration="8665406"/>
			<Sample nodeCount="109" insertCount="6732" extractCount="6675" duration="8724996"/>
			<Sample nodeCount="110" insertCount="6793" extractCount="6737" duration="8810772"/>
			<Sample nodeCount="111" insertCount="6853" extractCount="6800" duration="8956449"/>
			<Sample nodeCount="112" insertCount="6916" extractCount="6860" duration="9011550"/>
			<Sample nodeCount="113" insertCount="6976" extractCount="6923" duration="9107175"/>
			<Sample nodeCount="114" insertCount="7037" extractCount="6985" duration="9199539"/>
			<Sample nodeCount="115" insertCount="7102" extractCount="7043" duration="9317953"/>
			<Sample nodeCount="116" insertCount="7162" extractCount="7106" duration="9377121"/>
			<Sample nodeCount="117" insertCount="7223" extractCount="7168" duration="9462993"/>
			<Sample nodeCount="118" insertCount="7287" extractCount="7227" duration="9551203"/>
			<Sample nodeCount="119" insertCount="7350" extractCount="7287" duration="9680497"/>
			<Sample nodeCount="120" insertCount="7407" extractCount="7353" duration="9759627"/>
			<Sample nodeCount="121" insertCount="7472" extractCount="7411" duration="9840994"/>
			<Sample nodeCount="122" insertCount="7532" extractCount="7474" duration="9930532"/>
			<Sample nodeCount="123" insertCount="7596" extractCount="7533" duration="10055749"/>
			<Sample nodeCount="124" insertCount="7659" extractCount="7593" duration="10095329"/>
			<Sample nodeCount="125" insertCount="7721" extractCount="7654" duration="10200505"/>
			<Sample nodeCount="126" insertCount="7778" extractCount="7720" duration="10272223"/>
			<Sample nodeCount="127" insertCount="7839" extractCount="7782" duration="10385201"/>
		</SmallSetRandomOps>
		<LargeSetRandomOps>
		</LargeSetRandomOps>
		<SmallSetLinear>
			<Sample nodeCount="1" insertCount="10000" extractCount="10000" duration="1431370"/>
			<Sample nodeCount="2" insertCount="10000" extractCount="10000" duration="4106788"/>
			<Sample nodeCount="3" insertCount="10000" extractCount="10000" duration="8419526"/>
			<Sample nodeCount="4" insertCount="10000" extractCount="10000" duration="12525661"/>
			<Sample nodeCount="5" insertCount="10000" extractCount="10000" duration="17489459"/>
			<Sample nodeCount="6" insertCount="10000" extractCount="10000" duration="21728421"/>
			<Sample nodeCount="7" insertCount="10000" extractCount="10000" duration="26423421"/>
			<Sample nodeCount="8" insertCount="10000" extractCount="10000" duration="31686824"/>
			<Sample nodeCount="9" insertCount="10000" extractCount="10000" duration="37782652"/>
			<Sample nodeCount="10" insertCount="10000" extractCount="10000" duration="45399738"/>
			<Sample nodeCount="11" insertCount="10000" extractCount="10000" duration="49543379"/>
			<Sample nodeCount="12" insertCount="10000" extractCount="10000" duration="59274626"/>
			<Sample nodeCount="13" insertCount="10000" extractCount="10000" duration="60435322"/>
			<Sample nodeCount="14" insertCount="10000" extractCount="10000" duration="75324348"/>
			<Sample nodeCount="15" insertCount="10000" extractCount="10000" duration="83441784"/>
			<Sample nodeCount="16" insertCount="10000" extractCount="10000" duration="86933442"/>
			<Sample nodeCount="17" insertCount="10000" extractCount="10000" duration="93416554"/>
			<Sample nodeCount="18" insertCount="10000" extractCount="10000" duration="106470088"/>
			<Sample nodeCount="19" insertCount="10000" extractCount="10000" duration="110846121"/>
			<Sample nodeCount="20" insertCount="10000" extractCount="10000" duration="118841809"/>
			<Sample nodeCount="21" insertCount="10000" extractCount="10000" duration="124478119"/>
			<Sample nodeCount="22" insertCount="10000" extractCount="10000" duration="134179932"/>
			<Sample nodeCount="23" insertCount="10000" extractCount="10000" duration="144276495"/>
			<Sample nodeCount="24" insertCount="10000" extractCount="10000" duration="149686005"/>
			<Sample nodeCount="25" insertCount="10000" extractCount="10000" duration="163370852"/>
			<Sample nodeCount="26" insertCount="10000" extractCount="10000" duration="168747682"/>
			<Sample nodeCount="27" insertCount="10000" extractCount="10000" duration="177281883"/>
			<Sample nodeCount="28" insertCount="10000" extractCount="10000" duration="187569286"/>
			<Sample nodeCount="29" insertCount="10000" extractCount="10000" duration="197129555"/>
			<Sample nodeCount="30" insertCount="10000" extractCount="10000" duration="204363345"/>
			<Sample nodeCount="31" insertCount="10000" extractCount="10000" duration="213228547"/>
			<Sample nodeCount="32" insertCount="10000" extractCount="10000" duration="222146598"/>
			<Sample nodeCount="33" insertCount="10000" extractCount="10000" duration="230319099"/>
			<Sample nodeCount="34" insertCount="10000" extractCount="10000" duration="235912691"/>
			<Sample nodeCount="35" insertCount="10000" extractCount="10000" duration="248349773"/>
			<Sample nodeCount="36" insertCount="10000" extractCount="10000" duration="256408669"/>
			<Sample nodeCount="37" insertCount="10000" extractCount="10000" duration="264044466"/>
			<Sample nodeCount="38" insertCount="10000" extractCount="10000" duration="274516762"/>
			<Sample nodeCount="39" insertCount="10000" extractCount="10000" duration="287491851"/>
			<Sample nodeCount="40" insertCount="10000" extractCount="10000" duration="295227007"/>
			<Sample nodeCount="41" insertCount="10000" extractCount="10000" duration="300777750"/>
			<Sample nodeCount="42" insertCount="10000" extractCount="10000" duration="310001104"/>
			<Sample nodeCount="43" insertCount="10000" extractCount="10000" duration="316383418"/>
			<Sample nodeCount="44" insertCount="10000" extractCount="10000" duration="325942406"/>
			<Sample nodeCount="45" insertCount="10000" extractCount="10000" duration="334627780"/>
			<Sample nodeCount="46" insertCount="10000" extractCount="10000" duration="341626526"/>
			<Sample nodeCount="47" insertCount="10000" extractCount="10000" duration="359559146"/>
			<Sample nodeCount="48" insertCount="10000" extractCount="10000" duration="362316507"/>
			<Sample nodeCount="49" insertCount="10000" extractCount="10000" duration="367795781"/>
			<Sample nodeCount="50" insertCount="10000" extractCount="10000" duration="379229815"/>
			<Sample nodeCount="51" insertCount="10000" extractCount="10000" duration="392290322"/>
			<Sample nodeCount="52" insertCount="10000" extractCount="10000" duration="400263613"/>
			<Sample nodeCount="53" insertCount="10000" extractCount="10000" duration="403147180"/>
			<Sample nodeCount="54" insertCount="10000" extractCount="10000" duration="416758926"/>
			<Sample nodeCount="55" insertCount="10000" extractCount="10000" duration="427646201"/>
			<Sample nodeCount="56" insertCount="10000" extractCount="10000" duration="436728119"/>
			<Sample nodeCount="57" insertCount="10000" extractCount="10000" duration="443079842"/>
			<Sample nodeCount="58" insertCount="10000" extractCount="10000" duration="453814582"/>
			<Sample nodeCount="59" insertCount="10000" extractCount="10000" duration="464781279"/>
			<Sample nodeCount="60" insertCount="10000" extractCount="10000" duration="469995824"/>
			<Sample nodeCount="61" insertCount="10000" extractCount="10000" duration="482568875"/>
			<Sample nodeCount="62" insertCount="10000" extractCount="10000" duration="491474834"/>
			<Sample nodeCount="63" insertCount="10000" extractCount="10000" duration="502524812"/>
			<Sample nodeCount="64" insertCount="10000" extractCount="10000" duration="512074328"/>
			<Sample nodeCount="65" insertCount="10000" extractCount="10000" duration="521440551"/>
			<Sample nodeCount="66" insertCount="10000" extractCount="10000" duration="531356233"/>
			<Sample nodeCount="67" insertCount="10000" extractCount="10000" duration="538114183"/>
			<Sample nodeCount="68" insertCount="10000" extractCount="10000" duration="546333651"/>
			<Sample nodeCount="69" insertCount="10000" extractCount="10000" duration="553597144"/>
			<Sample nodeCount="70" insertCount="10000" extractCount="10000" duration="565615579"/>
			<Sample nodeCount="71" insertCount="10000" extractCount="10000" duration="581112507"/>
			<Sample nodeCount="72" insertCount="10000" extractCount="10000" duration="589479001"/>
			<Sample nodeCount="73" insertCount="10000" extractCount="10000" duration="594789669"/>
			<Sample nodeCount="74" insertCount="10000" extractCount="10000" duration="603476634"/>
			<Sample nodeCount="75" insertCount="10000" extractCount="10000" duration="612952582"/>
			<Sample nodeCount="76" insertCount="10000" extractCount="10000" duration="622008916"/>
			<Sample nodeCount="77" insertCount="10000" extractCount="10000" duration="633960130"/>
			<Sample nodeCount="78" insertCount="10000" extractCount="10000" duration="646874450"/>
			<Sample nodeCount="79" insertCount="10000" extractCount="10000" duration="655166119"/>
			<Sample nodeCount="80" insertCount="10000" extractCount="10000" duration="662854917"/>
			<Sample nodeCount="81" insertCount="10000" extractCount="10000" duration="673305190"/>
			<Sample nodeCount="82" insertCount="10000" extractCount="10000" duration="681177265"/>
			<Sample nodeCount="83" insertCount="10000" extractCount="10000" duration="692756595"/>
			<Sample nodeCount="84" insertCount="10000" extractCount="10000" duration="703315495"/>
			<Sample nodeCount="85" insertCount="10000" extractCount="10000" duration="708368716"/>
			<Sample nodeCount="86" insertCount="10000" extractCount="10000" duration="720549988"/>
			<Sample nodeCount="87" insertCount="10000" extractCount="10000" duration="736089439"/>
			<Sample nodeCount="88" insertCount="10000" extractCount="10000" duration="740058902"/>
			<Sample nodeCount="89" insertCount="10000" extractCount="10000" duration="754015939"/>
			<Sample nodeCount="90" insertCount="10000" extractCount="10000" duration="760059412"/>
			<Sample nodeCount="91" insertCount="10000" extractCount="10000" duration="770603346"/>
			<Sample nodeCount="92" insertCount="10000" extractCount="10000" duration="782861991"/>
			<Sample nodeCount="93" insertCount="10000" extractCount="10000" duration="795761488"/>
			<Sample nodeCount="94" insertCount="10000" extractCount="10000" duration="797673162"/>
			<Sample nodeCount="95" insertCount="10000" extractCount="10000" duration="814428785"/>
			<Sample nodeCount="96" insertCount="10000" extractCount="10000" duration="822932794"/>
			<Sample nodeCount="97" insertCount="10000" extractCount="10000" duration="831691015"/>
			<Sample nodeCount="98" insertCount="10000" extractCount="10000" duration="839202221"/>
			<Sample nodeCount="99" insertCount="10000" extractCount="10000" duration="847369799"/>
			<Sample nodeCount="100" insertCount="10000" extractCount="10000" duration="863688051"/>
			<Sample nodeCount="101" insertCount="10000" extractCount="10000" duration="868401947"/>
			<Sample nodeCount="102" insertCount="10000" extractCount="10000" duration="883108102"/>
			<Sample nodeCount="103" insertCount="10000" extractCount="10000" duration="891782854"/>
			<Sample nodeCount="104" insertCount="10000" extractCount="10000" duration="899579925"/>
			<Sample nodeCount="105" insertCount="10000" extractCount="10000" duration="912845152"/>
			<Sample nodeCount="106" insertCount="10000" extractCount="10000" duration="922802611"/>
			<Sample nodeCount="107" insertCount="10000" extractCount="10000" duration="930070686"/>
			<Sample nodeCount="108" insertCount="10000" extractCount="10000" duration="943712354"/>
			<Sample nodeCount="109" insertCount="10000" extractCount="10000" duration="948063621"/>
			<Sample nodeCount="110" insertCount="10000" extractCount="10000" duration="967729447"/>
			<Sample nodeCount="111" insertCount="10000" extractCount="10000" duration="969472533"/>
			<Sample nodeCount="112" insertCount="10000" extractCount="10000" duration="981905778"/>
			<Sample nodeCount="113" insertCount="10000" extractCount="10000" duration="988932077"/>
			<Sample nodeCount="114" insertCount="10000" extractCount="10000" duration="1002039501"/>
			<Sample nodeCount="115" insertCount="10000" extractCount="10000" duration="1014267732"/>
			<Sample nodeCount="116" insertCount="10000" extractCount="10000" duration="1025183765"/>
			<Sample nodeCount="117" insertCount="10000" extractCount="10000" duration="1035464076"/>
			<Sample nodeCount="118" insertCount="10000" extractCount="10000" duration="1047484320"/>
			<Sample nodeCount="119" insertCount="10000" extractCount="10000" duration="1049439299"/>
			<Sample nodeCount="120" insertCount="10000" extractCount="10000" duration="1068195693"/>
			<Sample nodeCount="121" insertCount="10000" extractCount="10000" duration="1067658564"/>
			<Sample nodeCount="122" insertCount="10000" extractCount="10000" duration="1079091029"/>
			<Sample nodeCount="123" insertCount="10000" extractCount="10000" duration="1098560511"/>
			<Sample nodeCount="124" insertCount="10000" extractCount="10000" duration="1106790486"/>
			<Sample nodeCount="125" insertCount="10000" extractCount="10000" duration="1114111591"/>
			<Sample nodeCount="126" insertCount="10000" extractCount="10000" duration="1123465264"/>
			<Sample nodeCount="127" insertCount="10000" extractCount="10000" duration="1135499539"/>
		</SmallSetLinear>
		<LargeSetLinear>
		</LargeSetLinear>
	</RBTest>
	<RBTest implementation="RTEMS Compact" nodeSize="12">
		<SmallSetRandomOps>
			<Sample nodeCount="1" insertCount="62" extractCount="61" duration="20766"/>
			<Sample nodeCount="2" insertCount="123" extractCount="123" duration="48450"/>
			<Sample nodeCount="3" insertCount="186" extractCount="183" duration="143157"/>
			<Sample nodeCount="4" insertCount="247" extractCount="245" duration="114276"/>
			<Sample nodeCount="5" insertCount="309" extractCount="306" duration="254125"/>
			<Sample nodeCount="6" insertCount="370" extractCount="368" duration="309577"/>
			<Sample nodeCount="7" insertCount="433" extractCount="428" duration="364635"/>
			<Sample nodeCount="8" insertCount="493" extractCount="491" duration="258807"/>
			<Sample nodeCount="9" insertCount="557" extractCount="550" duration="467491"/>
			<Sample nodeCount="10" insertCount="619" extractCount="611" duration="510904"/>
			<Sample nodeCount="11" insertCount="680" extractCount="673" duration="561744"/>
			<Sample nodeCount="12" insertCount="740" extractCount="736" duration="610695"/>
			<Sample nodeCount="13" insertCount="803" extractCount="796" duration="671113"/>
			<Sample nodeCount="14" insertCount="864" extractCount="858" duration="725752"/>
			<Sample nodeCount="15" insertCount="927" extractCount="918" duration="775894"/>
			<Sample nodeCount="16" insertCount="988" extractCount="980" duration="539719"/>
			<Sample nodeCount="17" insertCount="1050" extractCount="1041" duration="895441"/>
			<Sample nodeCount="18" insertCount="1113" extractCount="1101" duration="929239"/>
			<Sample nodeCount="19" insertCount="1172" extractCount="1165" duration="1001758"/>
			<Sample nodeCount="20" insertCount="1237" extractCount="1223" duration="1047136"/>
			<Sample nodeCount="21" insertCount="1296" extractCount="1287" duration="1095922"/>
			<Sample nodeCount="22" insertCount="1359" extractCount="1347" duration="1151254"/>
			<Sample nodeCount="23" insertCount="1419" extractCount="1410" duration="1188983"/>
			<Sample nodeCount="24" insertCount="1484" extractCount="1468" duration="1254973"/>
			<Sample nodeCount="25" insertCount="1544" extractCount="1531" duration="1302511"/>
			<Sample nodeCount="26" insertCount="1604" extractCount="1594" duration="1361509"/>
			<Sample nodeCount="27" insertCount="1668" extractCount="1653" duration="1415743"/>
			<Sample nodeCount="28" insertCount="1729" extractCount="1715" duration="1482266"/>
			<Sample nodeCount="29" insertCount="1790" extractCount="1777" duration="1527286"/>
			<Sample nodeCount="30" insertCount="1851" extractCount="1839" duration="1573898"/>
			<Sample nodeCount="31" insertCount="1914" extractCount="1899" duration="1634225"/>
			<Sample nodeCount="32" insertCount="1977" extractCount="1959" duration="1119503"/>
			<Sample nodeCount="33" insertCount="2041" extractCount="2018" duration="1733189"/>
			<Sample nodeCount="34" insertCount="2097" extractCount="2085" duration="1758826"/>
			<Sample nodeCount="35" insertCount="2160" extractCount="2145" duration="1831532"/>
			<Sample nodeCount="36" insertCount="2221" extractCount="2207" duration="1882847"/>
			<Sample nodeCount="37" insertCount="2285" extractCount="2266" duration="1934927"/>
			<Sample nodeCount="38" insertCount="2346" extractCount="2328" duration="1970498"/>
			<Sample nodeCount="39" insertCount="2408" extractCount="2389" duration="2012096"/>
			<Sample nodeCount="40" insertCount="2471" extractCount="2449" duration="2075897"/>
			<Sample nodeCount="41" insertCount="2531" extractCount="2512" duration="2154945"/>
			<Sample nodeCount="42" insertCount="2593" extractCount="2573" duration="2183846"/>
			<Sample nodeCount="43" insertCount="2656" extractCount="2633" duration="2247494"/>
			<Sample nodeCount="44" insertCount="2717" extractCount="2695" duration="2321177"/>
			<Sample nodeCount="45" insertCount="2776" extractCount="2759" duration="2356130"/>
			<Sample nodeCount="46" insertCount="2840" extractCount="2818" duration="2406891"/>
			<Sample nodeCount="47" insertCount="2902" extractCount="2879" duration="2499623"/>
			<Sample nodeCount="48" insertCount="2966" extractCount="2938" duration="2502906"/>
			<Sample nodeCount="49" insertCount="3026" extractCount="3001" duration="2568239"/>
			<Sample nodeCount="50" insertCount="3084" extractCount="3066" duration="2621928"/>
			<Sample nodeCount="51" insertCount="3151" extractCount="3122" duration="2661999"/>
			<Sample nodeCount="52" insertCount="3209" extractCount="3187" duration="2731233"/>
			<Sample nodeCount="53" insertCount="3273" extractCount="3246" duration="2795232"/>
			<Sample nodeCount="54" insertCount="3337" extractCount="3305" duration="2845580"/>
			<Sample nodeCount="55" insertCount="3400" extractCount="3365" duration="2885949"/>
			<Sample nodeCount="56" insertCount="3458" extractCount="3430" duration="2944683"/>
			<Sample nodeCount="57" insertCount="3521" extractCount="3490" duration="3053055"/>
			<Sample nodeCount="58" insertCount="3580" extractCount="3554" duration="3078120"/>
			<Sample nodeCount="59" insertCount="3647" extractCount="3610" duration="3138672"/>
			<Sample nodeCount="60" insertCount="3706" extractCount="3674" duration="3172665"/>
			<Sample nodeCount="61" insertCount="3766" extractCount="3737" duration="3213220"/>
			<Sample nodeCount="62" insertCount="3828" extractCount="3798" duration="3243582"/>
			<Sample nodeCount="63" insertCount="3888" extractCount="3861" duration="3297474"/>
			<Sample nodeCount="64" insertCount="3952" extractCount="3920" duration="2270864"/>
			<Sample nodeCount="65" insertCount="4014" extractCount="3981" duration="3431712"/>
			<Sample nodeCount="66" insertCount="4077" extractCount="4041" duration="3467746"/>
			<Sample nodeCount="67" insertCount="4136" extractCount="4105" duration="3476313"/>
			<Sample nodeCount="68" insertCount="4200" extractCount="4164" duration="3515827"/>
			<Sample nodeCount="69" insertCount="4263" extractCount="4224" duration="3590463"/>
			<Sample nodeCount="70" insertCount="4325" extractCount="4285" duration="3620242"/>
			<Sample nodeCount="71" insertCount="4381" extractCount="4352" duration="3757729"/>
			<Sample nodeCount="72" insertCount="4448" extractCount="4408" duration="3782520"/>
			<Sample nodeCount="73" insertCount="4507" extractCount="4472" duration="3845869"/>
			<Sample nodeCount="74" insertCount="4571" extractCount="4531" duration="3869019"/>
			<Sample nodeCount="75" insertCount="4631" extractCount="4594" duration="3935923"/>
			<Sample nodeCount="76" insertCount="4693" extractCount="4655" duration="3998329"/>
			<Sample nodeCount="77" insertCount="4755" extractCount="4716" duration="4054096"/>
			<Sample nodeCount="78" insertCount="4817" extractCount="4777" duration="4122559"/>
			<Sample nodeCount="79" insertCount="4877" extractCount="4840" duration="4158362"/>
			<Sample nodeCount="80" insertCount="4942" extractCount="4898" duration="4219174"/>
			<Sample nodeCount="81" insertCount="5002" extractCount="4961" duration="4254821"/>
			<Sample nodeCount="82" insertCount="5063" extractCount="5023" duration="4309609"/>
			<Sample nodeCount="83" insertCount="5124" extractCount="5085" duration="4390171"/>
			<Sample nodeCount="84" insertCount="5187" extractCount="5145" duration="4459439"/>
			<Sample nodeCount="85" insertCount="5250" extractCount="5205" duration="4490752"/>
			<Sample nodeCount="86" insertCount="5314" extractCount="5264" duration="4557929"/>
			<Sample nodeCount="87" insertCount="5374" extractCount="5327" duration="4575682"/>
			<Sample nodeCount="88" insertCount="5432" extractCount="5392" duration="4608788"/>
			<Sample nodeCount="89" insertCount="5490" extractCount="5457" duration="4666820"/>
			<Sample nodeCount="90" insertCount="5559" extractCount="5511" duration="4701614"/>
			<Sample nodeCount="91" insertCount="5621" extractCount="5572" duration="4745351"/>
			<Sample nodeCount="92" insertCount="5680" extractCount="5636" duration="4813234"/>
			<Sample nodeCount="93" insertCount="5740" extractCount="5699" duration="4874297"/>
			<Sample nodeCount="94" insertCount="5803" extractCount="5759" duration="4972628"/>
			<Sample nodeCount="95" insertCount="5862" extractCount="5823" duration="5032733"/>
			<Sample nodeCount="96" insertCount="5929" extractCount="5879" duration="5048957"/>
			<Sample nodeCount="97" insertCount="5993" extractCount="5938" duration="5120891"/>
			<Sample nodeCount="98" insertCount="6055" extractCount="5999" duration="5211962"/>
			<Sample nodeCount="99" insertCount="6113" extractCount="6064" duration="5283267"/>
			<Sample nodeCount="100" insertCount="6172" extractCount="6128" duration="5305142"/>
			<Sample nodeCount="101" insertCount="6238" extractCount="6185" duration="5380562"/>
			<Sample nodeCount="102" insertCount="6299" extractCount="6247" duration="5417478"/>
			<Sample nodeCount="103" insertCount="6363" extractCount="6306" duration="5479124"/>
			<Sample nodeCount="104" insertCount="6426" extractCount="6366" duration="5542337"/>
			<Sample nodeCount="105" insertCount="6481" extractCount="6434" duration="5584704"/>
			<Sample nodeCount="106" insertCount="6544" extractCount="6494" duration="5640239"/>
			<Sample nodeCount="107" insertCount="6607" extractCount="6554" duration="5641941"/>
			<Sample nodeCount="108" insertCount="6669" extractCount="6615" duration="5740185"/>
			<Sample nodeCount="109" insertCount="6732" extractCount="6675" duration="5793555"/>
			<Sample nodeCount="110" insertCount="6794" extractCount="6736" duration="5844101"/>
			<Sample nodeCount="111" insertCount="6852" extractCount="6801" duration="5906007"/>
			<Sample nodeCount="112" insertCount="6918" extractCount="6858" duration="5920020"/>
			<Sample nodeCount="113" insertCount="6981" extractCount="6918" duration="6034077"/>
			<Sample nodeCount="114" insertCount="7041" extractCount="6981" duration="6014520"/>
			<Sample nodeCount="115" insertCount="7103" extractCount="7042" duration="6090093"/>
			<Sample nodeCount="116" insertCount="7164" extractCount="7104" duration="6137293"/>
			<Sample nodeCount="117" insertCount="7225" extractCount="7166" duration="6284001"/>
			<Sample nodeCount="118" insertCount="7291" extractCount="7223" duration="6237387"/>
			<Sample nodeCount="119" insertCount="7350" extractCount="7287" duration="6304128"/>
			<Sample nodeCount="120" insertCount="7410" extractCount="7350" duration="6350362"/>
			<Sample nodeCount="121" insertCount="7471" extractCount="7412" duration="6413931"/>
			<Sample nodeCount="122" insertCount="7537" extractCount="7469" duration="6431836"/>
			<Sample nodeCount="123" insertCount="7593" extractCount="7536" duration="6586770"/>
			<Sample nodeCount="124" insertCount="7658" extractCount="7594" duration="6536611"/>
			<Sample nodeCount="125" insertCount="7718" extractCount="7657" duration="6597342"/>
			<Sample nodeCount="126" insertCount="7781" extractCount="7717" duration="6632665"/>
			<Sample nodeCount="127" insertCount="7840" extractCount="7781" duration="6733048"/>
		</SmallSetRandomOps>
		<LargeSetRandomOps>
		</LargeSetRandomOps>
		<SmallSetLinear>
			<Sample nodeCount="1" insertCount="10000" extractCount="10000" duration="2249564"/>
			<Sample nodeCount="2" insertCount="10000" extractCount="10000" duration="5424855"/>
			<Sample nodeCount="3" insertCount="10000" extractCount="10000" duration="8614770"/>
			<Sample nodeCount="4" insertCount="10000" extractCount="10000" duration="12897180"/>
			<Sample nodeCount="5" insertCount="10000" extractCount="10000" duration="15739212"/>
			<Sample nodeCount="6" insertCount="10000" extractCount="10000" duration="19825109"/>
			<Sample nodeCount="7" insertCount="10000" extractCount="10000" duration="22861019"/>
			<Sample nodeCount="8" insertCount="10000" extractCount="10000" duration="27701824"/>
			<Sample nodeCount="9" insertCount="10000" extractCount="10000" duration="31062703"/>
			<Sample nodeCount="10" insertCount="10000" extractCount="10000" duration="37536977"/>
			<Sample nodeCount="11" insertCount="10000" extractCount="10000" duration="40797539"/>
			<Sample nodeCount="12" insertCount="10000" extractCount="10000" duration="46892903"/>
			<Sample nodeCount="13" insertCount="10000" extractCount="10000" duration="50560502"/>
			<Sample nodeCount="14" insertCount="10000" extractCount="10000" duration="57209691"/>
			<Sample nodeCount="15" insertCount="10000" extractCount="10000" duration="61042369"/>
			<Sample nodeCount="16" insertCount="10000" extractCount="10000" duration="67564457"/>
			<Sample nodeCount="17" insertCount="10000" extractCount="10000" duration="70888664"/>
			<Sample nodeCount="18" insertCount="10000" extractCount="10000" duration="77732502"/>
			<Sample nodeCount="19" insertCount="10000" extractCount="10000" duration="81742048"/>
			<Sample nodeCount="20" insertCount="10000" extractCount="10000" duration="87285738"/>
			<Sample nodeCount="21" insertCount="10000" extractCount="10000" duration="91099087"/>
			<Sample nodeCount="22" insertCount="10000" extractCount="10000" duration="98799932"/>
			<Sample nodeCount="23" insertCount="10000" extractCount="10000" duration="103113943"/>
			<Sample nodeCount="24" insertCount="10000" extractCount="10000" duration="109376038"/>
			<Sample nodeCount="25" insertCount="10000" extractCount="10000" duration="113467886"/>
			<Sample nodeCount="26" insertCount="10000" extractCount="10000" duration="120465826"/>
			<Sample nodeCount="27" insertCount="10000" extractCount="10000" duration="124707752"/>
			<Sample nodeCount="28" insertCount="10000" extractCount="10000" duration="130427132"/>
			<Sample nodeCount="29" insertCount="10000" extractCount="10000" duration="134421164"/>
			<Sample nodeCount="30" insertCount="10000" extractCount="10000" duration="141767911"/>
			<Sample nodeCount="31" insertCount="10000" extractCount="10000" duration="146466393"/>
			<Sample nodeCount="32" insertCount="10000" extractCount="10000" duration="153303589"/>
			<Sample nodeCount="33" insertCount="10000" extractCount="10000" duration="157641397"/>
			<Sample nodeCount="34" insertCount="10000" extractCount="10000" duration="164576921"/>
			<Sample nodeCount="35" insertCount="10000" extractCount="10000" duration="169071730"/>
			<Sample nodeCount="36" insertCount="10000" extractCount="10000" duration="175555849"/>
			<Sample nodeCount="37" insertCount="10000" extractCount="10000" duration="179458778"/>
			<Sample nodeCount="38" insertCount="10000" extractCount="10000" duration="186556717"/>
			<Sample nodeCount="39" insertCount="10000" extractCount="10000" duration="190995230"/>
			<Sample nodeCount="40" insertCount="10000" extractCount="10000" duration="197141289"/>
			<Sample nodeCount="41" insertCount="10000" extractCount="10000" duration="201072465"/>
			<Sample nodeCount="42" insertCount="10000" extractCount="10000" duration="207936403"/>
			<Sample nodeCount="43" insertCount="10000" extractCount="10000" duration="212050037"/>
			<Sample nodeCount="44" insertCount="10000" extractCount="10000" duration="218381774"/>
			<Sample nodeCount="45" insertCount="10000" extractCount="10000" duration="221805912"/>
			<Sample nodeCount="46" insertCount="10000" extractCount="10000" duration="230577501"/>
			<Sample nodeCount="47" insertCount="10000" extractCount="10000" duration="235803032"/>
			<Sample nodeCount="48" insertCount="10000" extractCount="10000" duration="243041229"/>
			<Sample nodeCount="49" insertCount="10000" extractCount="10000" duration="247029541"/>
			<Sample nodeCount="50" insertCount="10000" extractCount="10000" duration="254181887"/>
			<Sample nodeCount="51" insertCount="10000" extractCount="10000" duration="258511558"/>
			<Sample nodeCount="52" insertCount="10000" extractCount="10000" duration="264981817"/>
			<Sample nodeCount="53" insertCount="10000" extractCount="10000" duration="269040698"/>
			<Sample nodeCount="54" insertCount="10000" extractCount="10000" duration="277773278"/>
			<Sample nodeCount="55" insertCount="10000" extractCount="10000" duration="281713083"/>
			<Sample nodeCount="56" insertCount="10000" extractCount="10000" duration="288368670"/>
			<Sample nodeCount="57" insertCount="10000" extractCount="10000" duration="291926446"/>
			<Sample nodeCount="58" insertCount="10000" extractCount="10000" duration="299125586"/>
			<Sample nodeCount="59" insertCount="10000" extractCount="10000" duration="302981712"/>
			<Sample nodeCount="60" insertCount="10000" extractCount="10000" duration="310675328"/>
			<Sample nodeCount="61" insertCount="10000" extractCount="10000" duration="313874024"/>
			<Sample nodeCount="62" insertCount="10000" extractCount="10000" duration="323814393"/>
			<Sample nodeCount="63" insertCount="10000" extractCount="10000" duration="328271357"/>
			<Sample nodeCount="64" insertCount="10000" extractCount="10000" duration="334810364"/>
			<Sample nodeCount="65" insertCount="10000" extractCount="10000" duration="340043662"/>
			<Sample nodeCount="66" insertCount="10000" extractCount="10000" duration="347213991"/>
			<Sample nodeCount="67" insertCount="10000" extractCount="10000" duration="352138285"/>
			<Sample nodeCount="68" insertCount="10000" extractCount="10000" duration="359174141"/>
			<Sample nodeCount="69" insertCount="10000" extractCount="10000" duration="363459090"/>
			<Sample nodeCount="70" insertCount="10000" extractCount="10000" duration="373250747"/>
			<Sample nodeCount="71" insertCount="10000" extractCount="10000" duration="377275088"/>
			<Sample nodeCount="72" insertCount="10000" extractCount="10000" duration="385970438"/>
			<Sample nodeCount="73" insertCount="10000" extractCount="10000" duration="390017313"/>
			<Sample nodeCount="74" insertCount="10000" extractCount="10000" duration="397532977"/>
			<Sample nodeCount="75" insertCount="10000" extractCount="10000" duration="402275739"/>
			<Sample nodeCount="76" insertCount="10000" extractCount="10000" duration="410340294"/>
			<Sample nodeCount="77" insertCount="10000" extractCount="10000" duration="413369966"/>
			<Sample nodeCount="78" insertCount="10000" extractCount="10000" duration="424088483"/>
			<Sample nodeCount="79" insertCount="10000" extractCount="10000" duration="427804943"/>
			<Sample nodeCount="80" insertCount="10000" extractCount="10000" duration="436756232"/>
			<Sample nodeCount="81" insertCount="10000" extractCount="10000" duration="440780586"/>
			<Sample nodeCount="82" insertCount="10000" extractCount="10000" duration="447562495"/>
			<Sample nodeCount="83" insertCount="10000" extractCount="10000" duration="451724498"/>
			<Sample nodeCount="84" insertCount="10000" extractCount="10000" duration="460359697"/>
			<Sample nodeCount="85" insertCount="10000" extractCount="10000" duration="463783514"/>
			<Sample nodeCount="86" insertCount="10000" extractCount="10000" duration="473661558"/>
			<Sample nodeCount="87" insertCount="10000" extractCount="10000" duration="477307219"/>
			<Sample nodeCount="88" insertCount="10000" extractCount="10000" duration="486358305"/>
			<Sample nodeCount="89" insertCount="10000" extractCount="10000" duration="489816309"/>
			<Sample nodeCount="90" insertCount="10000" extractCount="10000" duration="497512061"/>
			<Sample nodeCount="91" insertCount="10000" extractCount="10000" duration="501557620"/>
			<Sample nodeCount="92" insertCount="10000" extractCount="10000" duration="510276058"/>
			<Sample nodeCount="93" insertCount="10000" extractCount="10000" duration="514292965"/>
			<Sample nodeCount="94" insertCount="10000" extractCount="10000" duration="525920524"/>
			<Sample nodeCount="95" insertCount="10000" extractCount="10000" duration="529532122"/>
			<Sample nodeCount="96" insertCount="10000" extractCount="10000" duration="539400108"/>
			<Sample nodeCount="97" insertCount="10000" extractCount="10000" duration="542643072"/>
			<Sample nodeCount="98" insertCount="10000" extractCount="10000" duration="550809674"/>
			<Sample nodeCount="99" insertCount="10000" extractCount="10000" duration="555862621"/>
			<Sample nodeCount="100" insertCount="10000" extractCount="10000" duration="564316722"/>
			<Sample nodeCount="101" insertCount="10000" extractCount="10000" duration="568181230"/>
			<Sample nodeCount="102" insertCount="10000" extractCount="10000" duration="578010632"/>
			<Sample nodeCount="103" insertCount="10000" extractCount="10000" duration="582877948"/>
			<Sample nodeCount="104" insertCount="10000" extractCount="10000" duration="592785452"/>
			<Sample nodeCount="105" insertCount="10000" extractCount="10000" duration="596400167"/>
			<Sample nodeCount="106" insertCount="10000" extractCount="10000" duration="603646737"/>
			<Sample nodeCount="107" insertCount="10000" extractCount="10000" duration="607519222"/>
			<Sample nodeCount="108" insertCount="10000" extractCount="10000" duration="617139446"/>
			<Sample nodeCount="109" insertCount="10000" extractCount="10000" duration="621342481"/>
			<Sample nodeCount="110" insertCount="10000" extractCount="10000" duration="632813031"/>
			<Sample nodeCount="111" insertCount="10000" extractCount="10000" duration="636089457"/>
			<Sample nodeCount="112" insertCount="10000" extractCount="10000" duration="645840664"/>
			<Sample nodeCount="113" insertCount="10000" extractCount="10000" duration="649486723"/>
			<Sample nodeCount="114" insertCount="10000" extractCount="10000" duration="657856917"/>
			<Sample nodeCount="115" insertCount="10000" extractCount="10000" duration="662652101"/>
			<Sample nodeCount="116" insertCount="10000" extractCount="10000" duration="672208323"/>
			<Sample nodeCount="117" insertCount="10000" extractCount="10000" duration="675418195"/>
			<Sample nodeCount="118" insertCount="10000" extractCount="10000" duration="684726490"/>
			<Sample nodeCount="119" insertCount="10000" extractCount="10000" duration="689786673"/>
			<Sample nodeCount="120" insertCount="10000" extractCount="10000" duration="698616414"/>
			<Sample nodeCount="121" insertCount="10000" extractCount="10000" duration="703379096"/>
			<Sample nodeCount="122" insertCount="10000" extractCount="10000" duration="710511410"/>
			<Sample nodeCount="123" insertCount="10000" extractCount="10000" duration="713653688"/>
			<Sample nodeCount="124" insertCount="10000" extractCount="10000" duration="723839362"/>
			<Sample nodeCount="125" insertCount="10000" extractCount="10000" duration="726869134"/>
			<Sample nodeCount="126" insertCount="10000" extractCount="10000" duration="740390049"/>
			<Sample nodeCount="127" insertCount="10000" extractCount="10000" duration="744651373"/>
		</SmallSetLinear>
		<LargeSetLinear>
		</LargeSetLinear>
	</RBTest>
	<RBTest implementation="RB New Compact" nodeSize="8">
		<SmallSetRandomOps>
			<Sample nodeCount="1" insertCount="62" extractCount="61" duration="11136"/>
			<Sample nodeCount="2" insertCount="123" extractCount="123" duration="30252"/>
			<Sample nodeCount="3" insertCount="186" extractCount="183" duration="117954"/>
			<Sample nodeCount="4" insertCount="247" extractCount="245" duration="89988"/>
			<Sample nodeCount="5" insertCount="309" extractCount="306" duration="224961"/>
			<Sample nodeCount="6" insertCount="370" extractCount="368" duration="271647"/>
			<Sample nodeCount="7" insertCount="433" extractCount="428" duration="327129"/>
			<Sample nodeCount="8" insertCount="493" extractCount="491" duration="237045"/>
			<Sample nodeCount="9" insertCount="557" extractCount="550" duration="441862"/>
			<Sample nodeCount="10" insertCount="619" extractCount="611" duration="486981"/>
			<Sample nodeCount="11" insertCount="680" extractCount="673" duration="558022"/>
			<Sample nodeCount="12" insertCount="740" extractCount="736" duration="622489"/>
			<Sample nodeCount="13" insertCount="803" extractCount="796" duration="693330"/>
			<Sample nodeCount="14" insertCount="864" extractCount="858" duration="765316"/>
			<Sample nodeCount="15" insertCount="927" extractCount="918" duration="810616"/>
			<Sample nodeCount="16" insertCount="988" extractCount="980" duration="600721"/>
			<Sample nodeCount="17" insertCount="1050" extractCount="1041" duration="952609"/>
			<Sample nodeCount="18" insertCount="1113" extractCount="1101" duration="1022635"/>
			<Sample nodeCount="19" insertCount="1172" extractCount="1165" duration="1086838"/>
			<Sample nodeCount="20" insertCount="1237" extractCount="1223" duration="1147675"/>
			<Sample nodeCount="21" insertCount="1296" extractCount="1287" duration="1220956"/>
			<Sample nodeCount="22" insertCount="1359" extractCount="1347" duration="1293023"/>
			<Sample nodeCount="23" insertCount="1419" extractCount="1410" duration="1353559"/>
			<Sample nodeCount="24" insertCount="1484" extractCount="1468" duration="1418207"/>
			<Sample nodeCount="25" insertCount="1544" extractCount="1531" duration="1476824"/>
			<Sample nodeCount="26" insertCount="1604" extractCount="1594" duration="1548382"/>
			<Sample nodeCount="27" insertCount="1668" extractCount="1653" duration="1620029"/>
			<Sample nodeCount="28" insertCount="1729" extractCount="1715" duration="1682656"/>
			<Sample nodeCount="29" insertCount="1790" extractCount="1777" duration="1764488"/>
			<Sample nodeCount="30" insertCount="1851" extractCount="1839" duration="1829840"/>
			<Sample nodeCount="31" insertCount="1914" extractCount="1899" duration="1920806"/>
			<Sample nodeCount="32" insertCount="1977" extractCount="1959" duration="1434355"/>
			<Sample nodeCount="33" insertCount="2041" extractCount="2018" duration="2042492"/>
			<Sample nodeCount="34" insertCount="2097" extractCount="2085" duration="2106197"/>
			<Sample nodeCount="35" insertCount="2160" extractCount="2145" duration="2193422"/>
			<Sample nodeCount="36" insertCount="2221" extractCount="2207" duration="2265305"/>
			<Sample nodeCount="37" insertCount="2285" extractCount="2266" duration="2329118"/>
			<Sample nodeCount="38" insertCount="2346" extractCount="2328" duration="2439084"/>
			<Sample nodeCount="39" insertCount="2408" extractCount="2389" duration="2516663"/>
			<Sample nodeCount="40" insertCount="2471" extractCount="2449" duration="2583915"/>
			<Sample nodeCount="41" insertCount="2531" extractCount="2512" duration="2637887"/>
			<Sample nodeCount="42" insertCount="2593" extractCount="2573" duration="2703183"/>
			<Sample nodeCount="43" insertCount="2656" extractCount="2633" duration="2832786"/>
			<Sample nodeCount="44" insertCount="2717" extractCount="2695" duration="2906279"/>
			<Sample nodeCount="45" insertCount="2776" extractCount="2759" duration="2963592"/>
			<Sample nodeCount="46" insertCount="2840" extractCount="2818" duration="3055107"/>
			<Sample nodeCount="47" insertCount="2902" extractCount="2879" duration="3113025"/>
			<Sample nodeCount="48" insertCount="2966" extractCount="2938" duration="3201738"/>
			<Sample nodeCount="49" insertCount="3026" extractCount="3001" duration="3294154"/>
			<Sample nodeCount="50" insertCount="3084" extractCount="3066" duration="3405129"/>
			<Sample nodeCount="51" insertCount="3151" extractCount="3122" duration="3459655"/>
			<Sample nodeCount="52" insertCount="3209" extractCount="3187" duration="3539442"/>
			<Sample nodeCount="53" insertCount="3273" extractCount="3246" duration="3626404"/>
			<Sample nodeCount="54" insertCount="3337" extractCount="3305" duration="3690124"/>
			<Sample nodeCount="55" insertCount="3400" extractCount="3365" duration="3807612"/>
			<Sample nodeCount="56" insertCount="3458" extractCount="3430" duration="3877702"/>
			<Sample nodeCount="57" insertCount="3521" extractCount="3490" duration="3960487"/>
			<Sample nodeCount="58" insertCount="3580" extractCount="3554" duration="4054342"/>
			<Sample nodeCount="59" insertCount="3647" extractCount="3610" duration="4154431"/>
			<Sample nodeCount="60" insertCount="3706" extractCount="3674" duration="4193426"/>
			<Sample nodeCount="61" insertCount="3766" extractCount="3737" duration="4310926"/>
			<Sample nodeCount="62" insertCount="3828" extractCount="3798" duration="4351652"/>
			<Sample nodeCount="63" insertCount="3888" extractCount="3861" duration="4418284"/>
			<Sample nodeCount="64" insertCount="3952" extractCount="3920" duration="3434208"/>
			<Sample nodeCount="65" insertCount="4014" extractCount="3981" duration="4555253"/>
			<Sample nodeCount="66" insertCount="4077" extractCount="4041" duration="4637377"/>
			<Sample nodeCount="67" insertCount="4136" extractCount="4105" duration="4706621"/>
			<Sample nodeCount="68" insertCount="4200" extractCount="4164" duration="4755257"/>
			<Sample nodeCount="69" insertCount="4263" extractCount="4224" duration="4854599"/>
			<Sample nodeCount="70" insertCount="4325" extractCount="4285" duration="4946876"/>
			<Sample nodeCount="71" insertCount="4381" extractCount="4352" duration="5018147"/>
			<Sample nodeCount="72" insertCount="4448" extractCount="4408" duration="5096075"/>
			<Sample nodeCount="73" insertCount="4507" extractCount="4472" duration="5168945"/>
			<Sample nodeCount="74" insertCount="4571" extractCount="4531" duration="5222756"/>
			<Sample nodeCount="75" insertCount="4631" extractCount="4594" duration="5294252"/>
			<Sample nodeCount="76" insertCount="4693" extractCount="4655" duration="5395218"/>
			<Sample nodeCount="77" insertCount="4755" extractCount="4716" duration="5455115"/>
			<Sample nodeCount="78" insertCount="4817" extractCount="4777" duration="5511030"/>
			<Sample nodeCount="79" insertCount="4877" extractCount="4840" duration="5608547"/>
			<Sample nodeCount="80" insertCount="4942" extractCount="4898" duration="5713077"/>
			<Sample nodeCount="81" insertCount="5002" extractCount="4961" duration="5788440"/>
			<Sample nodeCount="82" insertCount="5063" extractCount="5023" duration="5842440"/>
			<Sample nodeCount="83" insertCount="5124" extractCount="5085" duration="5943198"/>
			<Sample nodeCount="84" insertCount="5187" extractCount="5145" duration="6013065"/>
			<Sample nodeCount="85" insertCount="5250" extractCount="5205" duration="6106356"/>
			<Sample nodeCount="86" insertCount="5314" extractCount="5264" duration="6191697"/>
			<Sample nodeCount="87" insertCount="5374" extractCount="5327" duration="6282043"/>
			<Sample nodeCount="88" insertCount="5432" extractCount="5392" duration="6342642"/>
			<Sample nodeCount="89" insertCount="5490" extractCount="5457" duration="6409023"/>
			<Sample nodeCount="90" insertCount="5559" extractCount="5511" duration="6521506"/>
			<Sample nodeCount="91" insertCount="5621" extractCount="5572" duration="6596232"/>
			<Sample nodeCount="92" insertCount="5680" extractCount="5636" duration="6723892"/>
			<Sample nodeCount="93" insertCount="5740" extractCount="5699" duration="6827407"/>
			<Sample nodeCount="94" insertCount="5803" extractCount="5759" duration="6855075"/>
			<Sample nodeCount="95" insertCount="5862" extractCount="5823" duration="7033351"/>
			<Sample nodeCount="96" insertCount="5929" extractCount="5879" duration="7021471"/>
			<Sample nodeCount="97" insertCount="5993" extractCount="5938" duration="7112383"/>
			<Sample nodeCount="98" insertCount="6055" extractCount="5999" duration="7214164"/>
			<Sample nodeCount="99" insertCount="6113" extractCount="6064" duration="7343777"/>
			<Sample nodeCount="100" insertCount="6172" extractCount="6128" duration="7411381"/>
			<Sample nodeCount="101" insertCount="6238" extractCount="6185" duration="7528256"/>
			<Sample nodeCount="102" insertCount="6299" extractCount="6247" duration="7582153"/>
			<Sample nodeCount="103" insertCount="6363" extractCount="6306" duration="7635266"/>
			<Sample nodeCount="104" insertCount="6426" extractCount="6366" duration="7752263"/>
			<Sample nodeCount="105" insertCount="6481" extractCount="6434" duration="7891219"/>
			<Sample nodeCount="106" insertCount="6544" extractCount="6494" duration="8010251"/>
			<Sample nodeCount="107" insertCount="6607" extractCount="6554" duration="7984844"/>
			<Sample nodeCount="108" insertCount="6669" extractCount="6615" duration="8141616"/>
			<Sample nodeCount="109" insertCount="6732" extractCount="6675" duration="8220335"/>
			<Sample nodeCount="110" insertCount="6794" extractCount="6736" duration="8359901"/>
			<Sample nodeCount="111" insertCount="6852" extractCount="6801" duration="8361855"/>
			<Sample nodeCount="112" insertCount="6918" extractCount="6858" duration="8499722"/>
			<Sample nodeCount="113" insertCount="6981" extractCount="6918" duration="8592336"/>
			<Sample nodeCount="114" insertCount="7041" extractCount="6981" duration="8701757"/>
			<Sample nodeCount="115" insertCount="7103" extractCount="7042" duration="8737248"/>
			<Sample nodeCount="116" insertCount="7164" extractCount="7104" duration="8898099"/>
			<Sample nodeCount="117" insertCount="7225" extractCount="7166" duration="8992755"/>
			<Sample nodeCount="118" insertCount="7291" extractCount="7223" duration="9064005"/>
			<Sample nodeCount="119" insertCount="7350" extractCount="7287" duration="9221793"/>
			<Sample nodeCount="120" insertCount="7410" extractCount="7350" duration="9267046"/>
			<Sample nodeCount="121" insertCount="7471" extractCount="7412" duration="9280692"/>
			<Sample nodeCount="122" insertCount="7537" extractCount="7469" duration="9392457"/>
			<Sample nodeCount="123" insertCount="7593" extractCount="7536" duration="9459604"/>
			<Sample nodeCount="124" insertCount="7658" extractCount="7594" duration="9516165"/>
			<Sample nodeCount="125" insertCount="7718" extractCount="7657" duration="9664279"/>
			<Sample nodeCount="126" insertCount="7781" extractCount="7717" duration="9731995"/>
			<Sample nodeCount="127" insertCount="7840" extractCount="7781" duration="9907447"/>
		</SmallSetRandomOps>
		<LargeSetRandomOps>
		</LargeSetRandomOps>
		<SmallSetLinear>
			<Sample nodeCount="1" insertCount="10000" extractCount="10000" duration="729037"/>
			<Sample nodeCount="2" insertCount="10000" extractCount="10000" duration="2824731"/>
			<Sample nodeCount="3" insertCount="10000" extractCount="10000" duration="4812481"/>
			<Sample nodeCount="4" insertCount="10000" extractCount="10000" duration="8934243"/>
			<Sample nodeCount="5" insertCount="10000" extractCount="10000" duration="11711808"/>
			<Sample nodeCount="6" insertCount="10000" extractCount="10000" duration="14971617"/>
			<Sample nodeCount="7" insertCount="10000" extractCount="10000" duration="18095655"/>
			<Sample nodeCount="8" insertCount="10000" extractCount="10000" duration="21647686"/>
			<Sample nodeCount="9" insertCount="10000" extractCount="10000" duration="25972127"/>
			<Sample nodeCount="10" insertCount="10000" extractCount="10000" duration="31505036"/>
			<Sample nodeCount="11" insertCount="10000" extractCount="10000" duration="35267999"/>
			<Sample nodeCount="12" insertCount="10000" extractCount="10000" duration="40051975"/>
			<Sample nodeCount="13" insertCount="10000" extractCount="10000" duration="45019098"/>
			<Sample nodeCount="14" insertCount="10000" extractCount="10000" duration="50760716"/>
			<Sample nodeCount="15" insertCount="10000" extractCount="10000" duration="54560025"/>
			<Sample nodeCount="16" insertCount="10000" extractCount="10000" duration="59433282"/>
			<Sample nodeCount="17" insertCount="10000" extractCount="10000" duration="66836404"/>
			<Sample nodeCount="18" insertCount="10000" extractCount="10000" duration="74031665"/>
			<Sample nodeCount="19" insertCount="10000" extractCount="10000" duration="78504760"/>
			<Sample nodeCount="20" insertCount="10000" extractCount="10000" duration="83246951"/>
			<Sample nodeCount="21" insertCount="10000" extractCount="10000" duration="91383683"/>
			<Sample nodeCount="22" insertCount="10000" extractCount="10000" duration="97860476"/>
			<Sample nodeCount="23" insertCount="10000" extractCount="10000" duration="101327237"/>
			<Sample nodeCount="24" insertCount="10000" extractCount="10000" duration="108025908"/>
			<Sample nodeCount="25" insertCount="10000" extractCount="10000" duration="116468774"/>
			<Sample nodeCount="26" insertCount="10000" extractCount="10000" duration="123201991"/>
			<Sample nodeCount="27" insertCount="10000" extractCount="10000" duration="126508176"/>
			<Sample nodeCount="28" insertCount="10000" extractCount="10000" duration="131643362"/>
			<Sample nodeCount="29" insertCount="10000" extractCount="10000" duration="139502281"/>
			<Sample nodeCount="30" insertCount="10000" extractCount="10000" duration="146403135"/>
			<Sample nodeCount="31" insertCount="10000" extractCount="10000" duration="152501610"/>
			<Sample nodeCount="32" insertCount="10000" extractCount="10000" duration="158886549"/>
			<Sample nodeCount="33" insertCount="10000" extractCount="10000" duration="167720955"/>
			<Sample nodeCount="34" insertCount="10000" extractCount="10000" duration="174022485"/>
			<Sample nodeCount="35" insertCount="10000" extractCount="10000" duration="183062067"/>
			<Sample nodeCount="36" insertCount="10000" extractCount="10000" duration="186167373"/>
			<Sample nodeCount="37" insertCount="10000" extractCount="10000" duration="197912577"/>
			<Sample nodeCount="38" insertCount="10000" extractCount="10000" duration="203206529"/>
			<Sample nodeCount="39" insertCount="10000" extractCount="10000" duration="207719826"/>
			<Sample nodeCount="40" insertCount="10000" extractCount="10000" duration="212706371"/>
			<Sample nodeCount="41" insertCount="10000" extractCount="10000" duration="221645576"/>
			<Sample nodeCount="42" insertCount="10000" extractCount="10000" duration="239438009"/>
			<Sample nodeCount="43" insertCount="10000" extractCount="10000" duration="239680827"/>
			<Sample nodeCount="44" insertCount="10000" extractCount="10000" duration="248300249"/>
			<Sample nodeCount="45" insertCount="10000" extractCount="10000" duration="255744675"/>
			<Sample nodeCount="46" insertCount="10000" extractCount="10000" duration="260777487"/>
			<Sample nodeCount="47" insertCount="10000" extractCount="10000" duration="267922168"/>
			<Sample nodeCount="48" insertCount="10000" extractCount="10000" duration="278055131"/>
			<Sample nodeCount="49" insertCount="10000" extractCount="10000" duration="285135831"/>
			<Sample nodeCount="50" insertCount="10000" extractCount="10000" duration="297912439"/>
			<Sample nodeCount="51" insertCount="10000" extractCount="10000" duration="304273045"/>
			<Sample nodeCount="52" insertCount="10000" extractCount="10000" duration="312143353"/>
			<Sample nodeCount="53" insertCount="10000" extractCount="10000" duration="315959620"/>
			<Sample nodeCount="54" insertCount="10000" extractCount="10000" duration="322462453"/>
			<Sample nodeCount="55" insertCount="10000" extractCount="10000" duration="328048039"/>
			<Sample nodeCount="56" insertCount="10000" extractCount="10000" duration="338545482"/>
			<Sample nodeCount="57" insertCount="10000" extractCount="10000" duration="344803944"/>
			<Sample nodeCount="58" insertCount="10000" extractCount="10000" duration="357930517"/>
			<Sample nodeCount="59" insertCount="10000" extractCount="10000" duration="362668956"/>
			<Sample nodeCount="60" insertCount="10000" extractCount="10000" duration="366010296"/>
			<Sample nodeCount="61" insertCount="10000" extractCount="10000" duration="378617353"/>
			<Sample nodeCount="62" insertCount="10000" extractCount="10000" duration="387339907"/>
			<Sample nodeCount="63" insertCount="10000" extractCount="10000" duration="389128940"/>
			<Sample nodeCount="64" insertCount="10000" extractCount="10000" duration="395559072"/>
			<Sample nodeCount="65" insertCount="10000" extractCount="10000" duration="408828787"/>
			<Sample nodeCount="66" insertCount="10000" extractCount="10000" duration="422883576"/>
			<Sample nodeCount="67" insertCount="10000" extractCount="10000" duration="424882637"/>
			<Sample nodeCount="68" insertCount="10000" extractCount="10000" duration="439470518"/>
			<Sample nodeCount="69" insertCount="10000" extractCount="10000" duration="448790660"/>
			<Sample nodeCount="70" insertCount="10000" extractCount="10000" duration="456543523"/>
			<Sample nodeCount="71" insertCount="10000" extractCount="10000" duration="463032823"/>
			<Sample nodeCount="72" insertCount="10000" extractCount="10000" duration="462289522"/>
			<Sample nodeCount="73" insertCount="10000" extractCount="10000" duration="469822331"/>
			<Sample nodeCount="74" insertCount="10000" extractCount="10000" duration="487384702"/>
			<Sample nodeCount="75" insertCount="10000" extractCount="10000" duration="490711651"/>
			<Sample nodeCount="76" insertCount="10000" extractCount="10000" duration="497667287"/>
			<Sample nodeCount="77" insertCount="10000" extractCount="10000" duration="511039222"/>
			<Sample nodeCount="78" insertCount="10000" extractCount="10000" duration="514329331"/>
			<Sample nodeCount="79" insertCount="10000" extractCount="10000" duration="518263599"/>
			<Sample nodeCount="80" insertCount="10000" extractCount="10000" duration="528523248"/>
			<Sample nodeCount="81" insertCount="10000" extractCount="10000" duration="542529401"/>
			<Sample nodeCount="82" insertCount="10000" extractCount="10000" duration="553492681"/>
			<Sample nodeCount="83" insertCount="10000" extractCount="10000" duration="567423157"/>
			<Sample nodeCount="84" insertCount="10000" extractCount="10000" duration="575347217"/>
			<Sample nodeCount="85" insertCount="10000" extractCount="10000" duration="581459495"/>
			<Sample nodeCount="86" insertCount="10000" extractCount="10000" duration="595994141"/>
			<Sample nodeCount="87" insertCount="10000" extractCount="10000" duration="601730464"/>
			<Sample nodeCount="88" insertCount="10000" extractCount="10000" duration="609765678"/>
			<Sample nodeCount="89" insertCount="10000" extractCount="10000" duration="616907660"/>
			<Sample nodeCount="90" insertCount="10000" extractCount="10000" duration="625450393"/>
			<Sample nodeCount="91" insertCount="10000" extractCount="10000" duration="636746485"/>
			<Sample nodeCount="92" insertCount="10000" extractCount="10000" duration="646200905"/>
			<Sample nodeCount="93" insertCount="10000" extractCount="10000" duration="654345129"/>
			<Sample nodeCount="94" insertCount="10000" extractCount="10000" duration="663192774"/>
			<Sample nodeCount="95" insertCount="10000" extractCount="10000" duration="668089388"/>
			<Sample nodeCount="96" insertCount="10000" extractCount="10000" duration="672771880"/>
			<Sample nodeCount="97" insertCount="10000" extractCount="10000" duration="681445471"/>
			<Sample nodeCount="98" insertCount="10000" extractCount="10000" duration="691950923"/>
			<Sample nodeCount="99" insertCount="10000" extractCount="10000" duration="715536377"/>
			<Sample nodeCount="100" insertCount="10000" extractCount="10000" duration="722833332"/>
			<Sample nodeCount="101" insertCount="10000" extractCount="10000" duration="731062544"/>
			<Sample nodeCount="102" insertCount="10000" extractCount="10000" duration="731666786"/>
			<Sample nodeCount="103" insertCount="10000" extractCount="10000" duration="745322578"/>
			<Sample nodeCount="104" insertCount="10000" extractCount="10000" duration="753932107"/>
			<Sample nodeCount="105" insertCount="10000" extractCount="10000" duration="761609453"/>
			<Sample nodeCount="106" insertCount="10000" extractCount="10000" duration="776665445"/>
			<Sample nodeCount="107" insertCount="10000" extractCount="10000" duration="778776490"/>
			<Sample nodeCount="108" insertCount="10000" extractCount="10000" duration="778609597"/>
			<Sample nodeCount="109" insertCount="10000" extractCount="10000" duration="788086943"/>
			<Sample nodeCount="110" insertCount="10000" extractCount="10000" duration="809097107"/>
			<Sample nodeCount="111" insertCount="10000" extractCount="10000" duration="804776235"/>
			<Sample nodeCount="112" insertCount="10000" extractCount="10000" duration="807164850"/>
			<Sample nodeCount="113" insertCount="10000" extractCount="10000" duration="825401830"/>
			<Sample nodeCount="114" insertCount="10000" extractCount="10000" duration="843621577"/>
			<Sample nodeCount="115" insertCount="10000" extractCount="10000" duration="850572938"/>
			<Sample nodeCount="116" insertCount="10000" extractCount="10000" duration="869278328"/>
			<Sample nodeCount="117" insertCount="10000" extractCount="10000" duration="877982798"/>
			<Sample nodeCount="118" insertCount="10000" extractCount="10000" duration="876188115"/>
			<Sample nodeCount="119" insertCount="10000" extractCount="10000" duration="884662974"/>
			<Sample nodeCount="120" insertCount="10000" extractCount="10000" duration="891448711"/>
			<Sample nodeCount="121" insertCount="10000" extractCount="10000" duration="909098073"/>
			<Sample nodeCount="122" insertCount="10000" extractCount="10000" duration="925369096"/>
			<Sample nodeCount="123" insertCount="10000" extractCount="10000" duration="920291865"/>
			<Sample nodeCount="124" insertCount="10000" extractCount="10000" duration="926740557"/>
			<Sample nodeCount="125" insertCount="10000" extractCount="10000" duration="939029649"/>
			<Sample nodeCount="126" insertCount="10000" extractCount="10000" duration="943784557"/>
			<Sample nodeCount="127" insertCount="10000" extractCount="10000" duration="959558735"/>
		</SmallSetLinear>
		<LargeSetLinear>
		</LargeSetLinear>
	</RBTest>
	<RBTest implementation="RTEMS" nodeSize="16">
		<SmallSetRandomOps>
			<Sample nodeCount="1" insertCount="62" extractCount="61" duration="21048"/>
			<Sample nodeCount="2" insertCount="123" extractCount="123" duration="45687"/>
			<Sample nodeCount="3" insertCount="186" extractCount="183" duration="140640"/>
			<Sample nodeCount="4" insertCount="247" extractCount="245" duration="110344"/>
			<Sample nodeCount="5" insertCount="309" extractCount="306" duration="254595"/>
			<Sample nodeCount="6" insertCount="370" extractCount="368" duration="302829"/>
			<Sample nodeCount="7" insertCount="433" extractCount="428" duration="366999"/>
			<Sample nodeCount="8" insertCount="493" extractCount="491" duration="265204"/>
			<Sample nodeCount="9" insertCount="557" extractCount="550" duration="465934"/>
			<Sample nodeCount="10" insertCount="619" extractCount="611" duration="504561"/>
			<Sample nodeCount="11" insertCount="680" extractCount="673" duration="562951"/>
			<Sample nodeCount="12" insertCount="740" extractCount="736" duration="614065"/>
			<Sample nodeCount="13" insertCount="803" extractCount="796" duration="667203"/>
			<Sample nodeCount="14" insertCount="864" extractCount="858" duration="711280"/>
			<Sample nodeCount="15" insertCount="927" extractCount="918" duration="756265"/>
			<Sample nodeCount="16" insertCount="988" extractCount="980" duration="531766"/>
			<Sample nodeCount="17" insertCount="1050" extractCount="1041" duration="886984"/>
			<Sample nodeCount="18" insertCount="1113" extractCount="1101" duration="938653"/>
			<Sample nodeCount="19" insertCount="1172" extractCount="1165" duration="978103"/>
			<Sample nodeCount="20" insertCount="1237" extractCount="1223" duration="1031650"/>
			<Sample nodeCount="21" insertCount="1296" extractCount="1287" duration="1085164"/>
			<Sample nodeCount="22" insertCount="1359" extractCount="1347" duration="1125739"/>
			<Sample nodeCount="23" insertCount="1419" extractCount="1410" duration="1189291"/>
			<Sample nodeCount="24" insertCount="1484" extractCount="1468" duration="1245812"/>
			<Sample nodeCount="25" insertCount="1544" extractCount="1531" duration="1279939"/>
			<Sample nodeCount="26" insertCount="1604" extractCount="1594" duration="1329233"/>
			<Sample nodeCount="27" insertCount="1668" extractCount="1653" duration="1375576"/>
			<Sample nodeCount="28" insertCount="1729" extractCount="1715" duration="1465732"/>
			<Sample nodeCount="29" insertCount="1790" extractCount="1777" duration="1493093"/>
			<Sample nodeCount="30" insertCount="1851" extractCount="1839" duration="1540192"/>
			<Sample nodeCount="31" insertCount="1914" extractCount="1899" duration="1601081"/>
			<Sample nodeCount="32" insertCount="1977" extractCount="1959" duration="1086649"/>
			<Sample nodeCount="33" insertCount="2041" extractCount="2018" duration="1690181"/>
			<Sample nodeCount="34" insertCount="2097" extractCount="2085" duration="1720061"/>
			<Sample nodeCount="35" insertCount="2160" extractCount="2145" duration="1769921"/>
			<Sample nodeCount="36" insertCount="2221" extractCount="2207" duration="1811735"/>
			<Sample nodeCount="37" insertCount="2285" extractCount="2266" duration="1871917"/>
			<Sample nodeCount="38" insertCount="2346" extractCount="2328" duration="1950359"/>
			<Sample nodeCount="39" insertCount="2408" extractCount="2389" duration="2003522"/>
			<Sample nodeCount="40" insertCount="2471" extractCount="2449" duration="2041091"/>
			<Sample nodeCount="41" insertCount="2531" extractCount="2512" duration="2101418"/>
			<Sample nodeCount="42" insertCount="2593" extractCount="2573" duration="2162906"/>
			<Sample nodeCount="43" insertCount="2656" extractCount="2633" duration="2192489"/>
			<Sample nodeCount="44" insertCount="2717" extractCount="2695" duration="2218692"/>
			<Sample nodeCount="45" insertCount="2776" extractCount="2759" duration="2309666"/>
			<Sample nodeCount="46" insertCount="2840" extractCount="2818" duration="2366766"/>
			<Sample nodeCount="47" insertCount="2902" extractCount="2879" duration="2448425"/>
			<Sample nodeCount="48" insertCount="2966" extractCount="2938" duration="2478041"/>
			<Sample nodeCount="49" insertCount="3026" extractCount="3001" duration="2544468"/>
			<Sample nodeCount="50" insertCount="3084" extractCount="3066" duration="2585111"/>
			<Sample nodeCount="51" insertCount="3151" extractCount="3122" duration="2647362"/>
			<Sample nodeCount="52" insertCount="3209" extractCount="3187" duration="2704307"/>
			<Sample nodeCount="53" insertCount="3273" extractCount="3246" duration="2759088"/>
			<Sample nodeCount="54" insertCount="3337" extractCount="3305" duration="2809899"/>
			<Sample nodeCount="55" insertCount="3400" extractCount="3365" duration="2839503"/>
			<Sample nodeCount="56" insertCount="3458" extractCount="3430" duration="2864502"/>
			<Sample nodeCount="57" insertCount="3521" extractCount="3490" duration="2982354"/>
			<Sample nodeCount="58" insertCount="3580" extractCount="3554" duration="2959311"/>
			<Sample nodeCount="59" insertCount="3647" extractCount="3610" duration="3052035"/>
			<Sample nodeCount="60" insertCount="3706" extractCount="3674" duration="3102825"/>
			<Sample nodeCount="61" insertCount="3766" extractCount="3737" duration="3167001"/>
			<Sample nodeCount="62" insertCount="3828" extractCount="3798" duration="3215461"/>
			<Sample nodeCount="63" insertCount="3888" extractCount="3861" duration="3285909"/>
			<Sample nodeCount="64" insertCount="3952" extractCount="3920" duration="2199240"/>
			<Sample nodeCount="65" insertCount="4014" extractCount="3981" duration="3352488"/>
			<Sample nodeCount="66" insertCount="4077" extractCount="4041" duration="3387612"/>
			<Sample nodeCount="67" insertCount="4136" extractCount="4105" duration="3397809"/>
			<Sample nodeCount="68" insertCount="4200" extractCount="4164" duration="3409131"/>
			<Sample nodeCount="69" insertCount="4263" extractCount="4224" duration="3537673"/>
			<Sample nodeCount="70" insertCount="4325" extractCount="4285" duration="3508644"/>
			<Sample nodeCount="71" insertCount="4381" extractCount="4352" duration="3632146"/>
			<Sample nodeCount="72" insertCount="4448" extractCount="4408" duration="3656412"/>
			<Sample nodeCount="73" insertCount="4507" extractCount="4472" duration="3748024"/>
			<Sample nodeCount="74" insertCount="4571" extractCount="4531" duration="3728719"/>
			<Sample nodeCount="75" insertCount="4631" extractCount="4594" duration="3809938"/>
			<Sample nodeCount="76" insertCount="4693" extractCount="4655" duration="3834517"/>
			<Sample nodeCount="77" insertCount="4755" extractCount="4716" duration="3951352"/>
			<Sample nodeCount="78" insertCount="4817" extractCount="4777" duration="4031464"/>
			<Sample nodeCount="79" insertCount="4877" extractCount="4840" duration="4024495"/>
			<Sample nodeCount="80" insertCount="4942" extractCount="4898" duration="4072213"/>
			<Sample nodeCount="81" insertCount="5002" extractCount="4961" duration="4116391"/>
			<Sample nodeCount="82" insertCount="5063" extractCount="5023" duration="4222823"/>
			<Sample nodeCount="83" insertCount="5124" extractCount="5085" duration="4273861"/>
			<Sample nodeCount="84" insertCount="5187" extractCount="5145" duration="4324364"/>
			<Sample nodeCount="85" insertCount="5250" extractCount="5205" duration="4409770"/>
			<Sample nodeCount="86" insertCount="5314" extractCount="5264" duration="4480195"/>
			<Sample nodeCount="87" insertCount="5374" extractCount="5327" duration="4463732"/>
			<Sample nodeCount="88" insertCount="5432" extractCount="5392" duration="4551925"/>
			<Sample nodeCount="89" insertCount="5490" extractCount="5457" duration="4560509"/>
			<Sample nodeCount="90" insertCount="5559" extractCount="5511" duration="4548541"/>
			<Sample nodeCount="91" insertCount="5621" extractCount="5572" duration="4613015"/>
			<Sample nodeCount="92" insertCount="5680" extractCount="5636" duration="4676438"/>
			<Sample nodeCount="93" insertCount="5740" extractCount="5699" duration="4745276"/>
			<Sample nodeCount="94" insertCount="5803" extractCount="5759" duration="4775120"/>
			<Sample nodeCount="95" insertCount="5862" extractCount="5823" duration="4865152"/>
			<Sample nodeCount="96" insertCount="5929" extractCount="5879" duration="4980674"/>
			<Sample nodeCount="97" insertCount="5993" extractCount="5938" duration="5048648"/>
			<Sample nodeCount="98" insertCount="6055" extractCount="5999" duration="5062301"/>
			<Sample nodeCount="99" insertCount="6113" extractCount="6064" duration="5197667"/>
			<Sample nodeCount="100" insertCount="6172" extractCount="6128" duration="5122727"/>
			<Sample nodeCount="101" insertCount="6238" extractCount="6185" duration="5273498"/>
			<Sample nodeCount="102" insertCount="6299" extractCount="6247" duration="5239088"/>
			<Sample nodeCount="103" insertCount="6363" extractCount="6306" duration="5271761"/>
			<Sample nodeCount="104" insertCount="6426" extractCount="6366" duration="5412602"/>
			<Sample nodeCount="105" insertCount="6481" extractCount="6434" duration="5496669"/>
			<Sample nodeCount="106" insertCount="6544" extractCount="6494" duration="5513574"/>
			<Sample nodeCount="107" insertCount="6607" extractCount="6554" duration="5592011"/>
			<Sample nodeCount="108" insertCount="6669" extractCount="6615" duration="5621481"/>
			<Sample nodeCount="109" insertCount="6732" extractCount="6675" duration="5586438"/>
			<Sample nodeCount="110" insertCount="6794" extractCount="6736" duration="5703047"/>
			<Sample nodeCount="111" insertCount="6852" extractCount="6801" duration="5698239"/>
			<Sample nodeCount="112" insertCount="6918" extractCount="6858" duration="5740608"/>
			<Sample nodeCount="113" insertCount="6981" extractCount="6918" duration="5789970"/>
			<Sample nodeCount="114" insertCount="7041" extractCount="6981" duration="5869349"/>
			<Sample nodeCount="115" insertCount="7103" extractCount="7042" duration="6048103"/>
			<Sample nodeCount="116" insertCount="7164" extractCount="7104" duration="6101241"/>
			<Sample nodeCount="117" insertCount="7225" extractCount="7166" duration="6126897"/>
			<Sample nodeCount="118" insertCount="7291" extractCount="7223" duration="6078702"/>
			<Sample nodeCount="119" insertCount="7350" extractCount="7287" duration="6213372"/>
			<Sample nodeCount="120" insertCount="7410" extractCount="7350" duration="6313347"/>
			<Sample nodeCount="121" insertCount="7471" extractCount="7412" duration="6324775"/>
			<Sample nodeCount="122" insertCount="7537" extractCount="7469" duration="6340413"/>
			<Sample nodeCount="123" insertCount="7593" extractCount="7536" duration="6496654"/>
			<Sample nodeCount="124" insertCount="7658" extractCount="7594" duration="6491715"/>
			<Sample nodeCount="125" insertCount="7718" extractCount="7657" duration="6527299"/>
			<Sample nodeCount="126" insertCount="7781" extractCount="7717" duration="6582141"/>
			<Sample nodeCount="127" insertCount="7840" extractCount="7781" duration="6678373"/>
		</SmallSetRandomOps>
		<LargeSetRandomOps>
		</LargeSetRandomOps>
		<SmallSetLinear>
			<Sample nodeCount="1" insertCount="10000" extractCount="10000" duration="2343935"/>
			<Sample nodeCount="2" insertCount="10000" extractCount="10000" duration="4485872"/>
			<Sample nodeCount="3" insertCount="10000" extractCount="10000" duration="7193536"/>
			<Sample nodeCount="4" insertCount="10000" extractCount="10000" duration="10637561"/>
			<Sample nodeCount="5" insertCount="10000" extractCount="10000" duration="13381483"/>
			<Sample nodeCount="6" insertCount="10000" extractCount="10000" duration="17660241"/>
			<Sample nodeCount="7" insertCount="10000" extractCount="10000" duration="20594619"/>
			<Sample nodeCount="8" insertCount="10000" extractCount="10000" duration="25130035"/>
			<Sample nodeCount="9" insertCount="10000" extractCount="10000" duration="28060840"/>
			<Sample nodeCount="10" insertCount="10000" extractCount="10000" duration="33597022"/>
			<Sample nodeCount="11" insertCount="10000" extractCount="10000" duration="36997603"/>
			<Sample nodeCount="12" insertCount="10000" extractCount="10000" duration="42765004"/>
			<Sample nodeCount="13" insertCount="10000" extractCount="10000" duration="45952714"/>
			<Sample nodeCount="14" insertCount="10000" extractCount="10000" duration="51595657"/>
			<Sample nodeCount="15" insertCount="10000" extractCount="10000" duration="54947959"/>
			<Sample nodeCount="16" insertCount="10000" extractCount="10000" duration="61030255"/>
			<Sample nodeCount="17" insertCount="10000" extractCount="10000" duration="63933328"/>
			<Sample nodeCount="18" insertCount="10000" extractCount="10000" duration="70039118"/>
			<Sample nodeCount="19" insertCount="10000" extractCount="10000" duration="73536064"/>
			<Sample nodeCount="20" insertCount="10000" extractCount="10000" duration="79287407"/>
			<Sample nodeCount="21" insertCount="10000" extractCount="10000" duration="82189804"/>
			<Sample nodeCount="22" insertCount="10000" extractCount="10000" duration="90009876"/>
			<Sample nodeCount="23" insertCount="10000" extractCount="10000" duration="94628678"/>
			<Sample nodeCount="24" insertCount="10000" extractCount="10000" duration="100481342"/>
			<Sample nodeCount="25" insertCount="10000" extractCount="10000" duration="103464145"/>
			<Sample nodeCount="26" insertCount="10000" extractCount="10000" duration="111255303"/>
			<Sample nodeCount="27" insertCount="10000" extractCount="10000" duration="114410125"/>
			<Sample nodeCount="28" insertCount="10000" extractCount="10000" duration="120225090"/>
			<Sample nodeCount="29" insertCount="10000" extractCount="10000" duration="123464020"/>
			<Sample nodeCount="30" insertCount="10000" extractCount="10000" duration="131648136"/>
			<Sample nodeCount="31" insertCount="10000" extractCount="10000" duration="135068502"/>
			<Sample nodeCount="32" insertCount="10000" extractCount="10000" duration="141735082"/>
			<Sample nodeCount="33" insertCount="10000" extractCount="10000" duration="145009588"/>
			<Sample nodeCount="34" insertCount="10000" extractCount="10000" duration="153188460"/>
			<Sample nodeCount="35" insertCount="10000" extractCount="10000" duration="156142620"/>
			<Sample nodeCount="36" insertCount="10000" extractCount="10000" duration="162815856"/>
			<Sample nodeCount="37" insertCount="10000" extractCount="10000" duration="165652335"/>
			<Sample nodeCount="38" insertCount="10000" extractCount="10000" duration="173510646"/>
			<Sample nodeCount="39" insertCount="10000" extractCount="10000" duration="177535744"/>
			<Sample nodeCount="40" insertCount="10000" extractCount="10000" duration="183440122"/>
			<Sample nodeCount="41" insertCount="10000" extractCount="10000" duration="186404037"/>
			<Sample nodeCount="42" insertCount="10000" extractCount="10000" duration="193612574"/>
			<Sample nodeCount="43" insertCount="10000" extractCount="10000" duration="196934429"/>
			<Sample nodeCount="44" insertCount="10000" extractCount="10000" duration="202981655"/>
			<Sample nodeCount="45" insertCount="10000" extractCount="10000" duration="205431754"/>
			<Sample nodeCount="46" insertCount="10000" extractCount="10000" duration="215790909"/>
			<Sample nodeCount="47" insertCount="10000" extractCount="10000" duration="219969648"/>
			<Sample nodeCount="48" insertCount="10000" extractCount="10000" duration="226955741"/>
			<Sample nodeCount="49" insertCount="10000" extractCount="10000" duration="230117531"/>
			<Sample nodeCount="50" insertCount="10000" extractCount="10000" duration="238374440"/>
			<Sample nodeCount="51" insertCount="10000" extractCount="10000" duration="241338280"/>
			<Sample nodeCount="52" insertCount="10000" extractCount="10000" duration="247783117"/>
			<Sample nodeCount="53" insertCount="10000" extractCount="10000" duration="250209559"/>
			<Sample nodeCount="54" insertCount="10000" extractCount="10000" duration="260101289"/>
			<Sample nodeCount="55" insertCount="10000" extractCount="10000" duration="264526327"/>
			<Sample nodeCount="56" insertCount="10000" extractCount="10000" duration="269796315"/>
			<Sample nodeCount="57" insertCount="10000" extractCount="10000" duration="273382153"/>
			<Sample nodeCount="58" insertCount="10000" extractCount="10000" duration="280796375"/>
			<Sample nodeCount="59" insertCount="10000" extractCount="10000" duration="284843619"/>
			<Sample nodeCount="60" insertCount="10000" extractCount="10000" duration="290149427"/>
			<Sample nodeCount="61" insertCount="10000" extractCount="10000" duration="293756351"/>
			<Sample nodeCount="62" insertCount="10000" extractCount="10000" duration="303236334"/>
			<Sample nodeCount="63" insertCount="10000" extractCount="10000" duration="307352350"/>
			<Sample nodeCount="64" insertCount="10000" extractCount="10000" duration="314002742"/>
			<Sample nodeCount="65" insertCount="10000" extractCount="10000" duration="318087849"/>
			<Sample nodeCount="66" insertCount="10000" extractCount="10000" duration="326119334"/>
			<Sample nodeCount="67" insertCount="10000" extractCount="10000" duration="330332442"/>
			<Sample nodeCount="68" insertCount="10000" extractCount="10000" duration="336233590"/>
			<Sample nodeCount="69" insertCount="10000" extractCount="10000" duration="340274395"/>
			<Sample nodeCount="70" insertCount="10000" extractCount="10000" duration="348551008"/>
			<Sample nodeCount="71" insertCount="10000" extractCount="10000" duration="354135852"/>
			<Sample nodeCount="72" insertCount="10000" extractCount="10000" duration="359830652"/>
			<Sample nodeCount="73" insertCount="10000" extractCount="10000" duration="364557421"/>
			<Sample nodeCount="74" insertCount="10000" extractCount="10000" duration="371820507"/>
			<Sample nodeCount="75" insertCount="10000" extractCount="10000" duration="376190524"/>
			<Sample nodeCount="76" insertCount="10000" extractCount="10000" duration="382154245"/>
			<Sample nodeCount="77" insertCount="10000" extractCount="10000" duration="386810979"/>
			<Sample nodeCount="78" insertCount="10000" extractCount="10000" duration="396212775"/>
			<Sample nodeCount="79" insertCount="10000" extractCount="10000" duration="401325683"/>
			<Sample nodeCount="80" insertCount="10000" extractCount="10000" duration="407116946"/>
			<Sample nodeCount="81" insertCount="10000" extractCount="10000" duration="411875923"/>
			<Sample nodeCount="82" insertCount="10000" extractCount="10000" duration="418872782"/>
			<Sample nodeCount="83" insertCount="10000" extractCount="10000" duration="423581137"/>
			<Sample nodeCount="84" insertCount="10000" extractCount="10000" duration="429214113"/>
			<Sample nodeCount="85" insertCount="10000" extractCount="10000" duration="434723774"/>
			<Sample nodeCount="86" insertCount="10000" extractCount="10000" duration="442268263"/>
			<Sample nodeCount="87" insertCount="10000" extractCount="10000" duration="447370152"/>
			<Sample nodeCount="88" insertCount="10000" extractCount="10000" duration="452950512"/>
			<Sample nodeCount="89" insertCount="10000" extractCount="10000" duration="457859402"/>
			<Sample nodeCount="90" insertCount="10000" extractCount="10000" duration="464789097"/>
			<Sample nodeCount="91" insertCount="10000" extractCount="10000" duration="469219258"/>
			<Sample nodeCount="92" insertCount="10000" extractCount="10000" duration="474971923"/>
			<Sample nodeCount="93" insertCount="10000" extractCount="10000" duration="479864550"/>
			<Sample nodeCount="94" insertCount="10000" extractCount="10000" duration="490971269"/>
			<Sample nodeCount="95" insertCount="10000" extractCount="10000" duration="497662575"/>
			<Sample nodeCount="96" insertCount="10000" extractCount="10000" duration="503202929"/>
			<Sample nodeCount="97" insertCount="10000" extractCount="10000" duration="508498765"/>
			<Sample nodeCount="98" insertCount="10000" extractCount="10000" duration="515230866"/>
			<Sample nodeCount="99" insertCount="10000" extractCount="10000" duration="520866422"/>
			<Sample nodeCount="100" insertCount="10000" extractCount="10000" duration="527467034"/>
			<Sample nodeCount="101" insertCount="10000" extractCount="10000" duration="532545403"/>
			<Sample nodeCount="102" insertCount="10000" extractCount="10000" duration="541348159"/>
			<Sample nodeCount="103" insertCount="10000" extractCount="10000" duration="547591055"/>
			<Sample nodeCount="104" insertCount="10000" extractCount="10000" duration="553373870"/>
			<Sample nodeCount="105" insertCount="10000" extractCount="10000" duration="559096714"/>
			<Sample nodeCount="106" insertCount="10000" extractCount="10000" duration="565057930"/>
			<Sample nodeCount="107" insertCount="10000" extractCount="10000" duration="570990025"/>
			<Sample nodeCount="108" insertCount="10000" extractCount="10000" duration="577245236"/>
			<Sample nodeCount="109" insertCount="10000" extractCount="10000" duration="583228180"/>
			<Sample nodeCount="110" insertCount="10000" extractCount="10000" duration="591570475"/>
			<Sample nodeCount="111" insertCount="10000" extractCount="10000" duration="598697126"/>
			<Sample nodeCount="112" insertCount="10000" extractCount="10000" duration="605372079"/>
			<Sample nodeCount="113" insertCount="10000" extractCount="10000" duration="611248292"/>
			<Sample nodeCount="114" insertCount="10000" extractCount="10000" duration="615676134"/>
			<Sample nodeCount="115" insertCount="10000" extractCount="10000" duration="621757537"/>
			<Sample nodeCount="116" insertCount="10000" extractCount="10000" duration="628710263"/>
			<Sample nodeCount="117" insertCount="10000" extractCount="10000" duration="634528954"/>
			<Sample nodeCount="118" insertCount="10000" extractCount="10000" duration="643341127"/>
			<Sample nodeCount="119" insertCount="10000" extractCount="10000" duration="649559674"/>
			<Sample nodeCount="120" insertCount="10000" extractCount="10000" duration="655241777"/>
			<Sample nodeCount="121" insertCount="10000" extractCount="10000" duration="660853717"/>
			<Sample nodeCount="122" insertCount="10000" extractCount="10000" duration="665796615"/>
			<Sample nodeCount="123" insertCount="10000" extractCount="10000" duration="672818317"/>
			<Sample nodeCount="124" insertCount="10000" extractCount="10000" duration="679100623"/>
			<Sample nodeCount="125" insertCount="10000" extractCount="10000" duration="684871984"/>
			<Sample nodeCount="126" insertCount="10000" extractCount="10000" duration="695881587"/>
			<Sample nodeCount="127" insertCount="10000" extractCount="10000" duration="701505402"/>
		</SmallSetLinear>
		<LargeSetLinear>
		</LargeSetLinear>
	</RBTest>
	<RBTest implementation="Boost" nodeSize="12">
		<SmallSetRandomOps>
			<Sample nodeCount="1" insertCount="62" extractCount="61" duration="15702"/>
			<Sample nodeCount="2" insertCount="123" extractCount="123" duration="40440"/>
			<Sample nodeCount="3" insertCount="186" extractCount="183" duration="134580"/>
			<Sample nodeCount="4" insertCount="247" extractCount="245" duration="105852"/>
			<Sample nodeCount="5" insertCount="309" extractCount="306" duration="249328"/>
			<Sample nodeCount="6" insertCount="370" extractCount="368" duration="294252"/>
			<Sample nodeCount="7" insertCount="433" extractCount="428" duration="353301"/>
			<Sample nodeCount="8" insertCount="493" extractCount="491" duration="258597"/>
			<Sample nodeCount="9" insertCount="557" extractCount="550" duration="463648"/>
			<Sample nodeCount="10" insertCount="619" extractCount="611" duration="507580"/>
			<Sample nodeCount="11" insertCount="680" extractCount="673" duration="580254"/>
			<Sample nodeCount="12" insertCount="740" extractCount="736" duration="633778"/>
			<Sample nodeCount="13" insertCount="803" extractCount="796" duration="691408"/>
			<Sample nodeCount="14" insertCount="864" extractCount="858" duration="753120"/>
			<Sample nodeCount="15" insertCount="927" extractCount="918" duration="804745"/>
			<Sample nodeCount="16" insertCount="988" extractCount="980" duration="578197"/>
			<Sample nodeCount="17" insertCount="1050" extractCount="1041" duration="928888"/>
			<Sample nodeCount="18" insertCount="1113" extractCount="1101" duration="982126"/>
			<Sample nodeCount="19" insertCount="1172" extractCount="1165" duration="1048459"/>
			<Sample nodeCount="20" insertCount="1237" extractCount="1223" duration="1091206"/>
			<Sample nodeCount="21" insertCount="1296" extractCount="1287" duration="1152851"/>
			<Sample nodeCount="22" insertCount="1359" extractCount="1347" duration="1205221"/>
			<Sample nodeCount="23" insertCount="1419" extractCount="1410" duration="1269094"/>
			<Sample nodeCount="24" insertCount="1484" extractCount="1468" duration="1325755"/>
			<Sample nodeCount="25" insertCount="1544" extractCount="1531" duration="1372150"/>
			<Sample nodeCount="26" insertCount="1604" extractCount="1594" duration="1430996"/>
			<Sample nodeCount="27" insertCount="1668" extractCount="1653" duration="1497340"/>
			<Sample nodeCount="28" insertCount="1729" extractCount="1715" duration="1553252"/>
			<Sample nodeCount="29" insertCount="1790" extractCount="1777" duration="1617935"/>
			<Sample nodeCount="30" insertCount="1851" extractCount="1839" duration="1661729"/>
			<Sample nodeCount="31" insertCount="1914" extractCount="1899" duration="1722623"/>
			<Sample nodeCount="32" insertCount="1977" extractCount="1959" duration="1231084"/>
			<Sample nodeCount="33" insertCount="2041" extractCount="2018" duration="1850249"/>
			<Sample nodeCount="34" insertCount="2097" extractCount="2085" duration="1880081"/>
			<Sample nodeCount="35" insertCount="2160" extractCount="2145" duration="1950146"/>
			<Sample nodeCount="36" insertCount="2221" extractCount="2207" duration="1997723"/>
			<Sample nodeCount="37" insertCount="2285" extractCount="2266" duration="2042396"/>
			<Sample nodeCount="38" insertCount="2346" extractCount="2328" duration="2115098"/>
			<Sample nodeCount="39" insertCount="2408" extractCount="2389" duration="2186583"/>
			<Sample nodeCount="40" insertCount="2471" extractCount="2449" duration="2215964"/>
			<Sample nodeCount="41" insertCount="2531" extractCount="2512" duration="2294225"/>
			<Sample nodeCount="42" insertCount="2593" extractCount="2573" duration="2348393"/>
			<Sample nodeCount="43" insertCount="2656" extractCount="2633" duration="2432147"/>
			<Sample nodeCount="44" insertCount="2717" extractCount="2695" duration="2468670"/>
			<Sample nodeCount="45" insertCount="2776" extractCount="2759" duration="2517092"/>
			<Sample nodeCount="46" insertCount="2840" extractCount="2818" duration="2587674"/>
			<Sample nodeCount="47" insertCount="2902" extractCount="2879" duration="2652215"/>
			<Sample nodeCount="48" insertCount="2966" extractCount="2938" duration="2735070"/>
			<Sample nodeCount="49" insertCount="3026" extractCount="3001" duration="2765988"/>
			<Sample nodeCount="50" insertCount="3084" extractCount="3066" duration="2842272"/>
			<Sample nodeCount="51" insertCount="3151" extractCount="3122" duration="2896182"/>
			<Sample nodeCount="52" insertCount="3209" extractCount="3187" duration="2950836"/>
			<Sample nodeCount="53" insertCount="3273" extractCount="3246" duration="2999139"/>
			<Sample nodeCount="54" insertCount="3337" extractCount="3305" duration="3094902"/>
			<Sample nodeCount="55" insertCount="3400" extractCount="3365" duration="3115875"/>
			<Sample nodeCount="56" insertCount="3458" extractCount="3430" duration="3202947"/>
			<Sample nodeCount="57" insertCount="3521" extractCount="3490" duration="3260209"/>
			<Sample nodeCount="58" insertCount="3580" extractCount="3554" duration="3284397"/>
			<Sample nodeCount="59" insertCount="3647" extractCount="3610" duration="3368050"/>
			<Sample nodeCount="60" insertCount="3706" extractCount="3674" duration="3396171"/>
			<Sample nodeCount="61" insertCount="3766" extractCount="3737" duration="3503760"/>
			<Sample nodeCount="62" insertCount="3828" extractCount="3798" duration="3536032"/>
			<Sample nodeCount="63" insertCount="3888" extractCount="3861" duration="3595875"/>
			<Sample nodeCount="64" insertCount="3952" extractCount="3920" duration="2550963"/>
			<Sample nodeCount="65" insertCount="4014" extractCount="3981" duration="3687186"/>
			<Sample nodeCount="66" insertCount="4077" extractCount="4041" duration="3718813"/>
			<Sample nodeCount="67" insertCount="4136" extractCount="4105" duration="3801613"/>
			<Sample nodeCount="68" insertCount="4200" extractCount="4164" duration="3820843"/>
			<Sample nodeCount="69" insertCount="4263" extractCount="4224" duration="3905842"/>
			<Sample nodeCount="70" insertCount="4325" extractCount="4285" duration="3987859"/>
			<Sample nodeCount="71" insertCount="4381" extractCount="4352" duration="4033759"/>
			<Sample nodeCount="72" insertCount="4448" extractCount="4408" duration="4086175"/>
			<Sample nodeCount="73" insertCount="4507" extractCount="4472" duration="4165630"/>
			<Sample nodeCount="74" insertCount="4571" extractCount="4531" duration="4216024"/>
			<Sample nodeCount="75" insertCount="4631" extractCount="4594" duration="4291169"/>
			<Sample nodeCount="76" insertCount="4693" extractCount="4655" duration="4312009"/>
			<Sample nodeCount="77" insertCount="4755" extractCount="4716" duration="4382441"/>
			<Sample nodeCount="78" insertCount="4817" extractCount="4777" duration="4427770"/>
			<Sample nodeCount="79" insertCount="4877" extractCount="4840" duration="4533890"/>
			<Sample nodeCount="80" insertCount="4942" extractCount="4898" duration="4550561"/>
			<Sample nodeCount="81" insertCount="5002" extractCount="4961" duration="4632178"/>
			<Sample nodeCount="82" insertCount="5063" extractCount="5023" duration="4685576"/>
			<Sample nodeCount="83" insertCount="5124" extractCount="5085" duration="4793941"/>
			<Sample nodeCount="84" insertCount="5187" extractCount="5145" duration="4843298"/>
			<Sample nodeCount="85" insertCount="5250" extractCount="5205" duration="4891415"/>
			<Sample nodeCount="86" insertCount="5314" extractCount="5264" duration="4954238"/>
			<Sample nodeCount="87" insertCount="5374" extractCount="5327" duration="5026466"/>
			<Sample nodeCount="88" insertCount="5432" extractCount="5392" duration="5068665"/>
			<Sample nodeCount="89" insertCount="5490" extractCount="5457" duration="5121161"/>
			<Sample nodeCount="90" insertCount="5559" extractCount="5511" duration="5171603"/>
			<Sample nodeCount="91" insertCount="5621" extractCount="5572" duration="5255144"/>
			<Sample nodeCount="92" insertCount="5680" extractCount="5636" duration="5332304"/>
			<Sample nodeCount="93" insertCount="5740" extractCount="5699" duration="5394534"/>
			<Sample nodeCount="94" insertCount="5803" extractCount="5759" duration="5431250"/>
			<Sample nodeCount="95" insertCount="5862" extractCount="5823" duration="5536188"/>
			<Sample nodeCount="96" insertCount="5929" extractCount="5879" duration="5545709"/>
			<Sample nodeCount="97" insertCount="5993" extractCount="5938" duration="5638950"/>
			<Sample nodeCount="98" insertCount="6055" extractCount="5999" duration="5679663"/>
			<Sample nodeCount="99" insertCount="6113" extractCount="6064" duration="5798558"/>
			<Sample nodeCount="100" insertCount="6172" extractCount="6128" duration="5815071"/>
			<Sample nodeCount="101" insertCount="6238" extractCount="6185" duration="5890767"/>
			<Sample nodeCount="102" insertCount="6299" extractCount="6247" duration="5953323"/>
			<Sample nodeCount="103" insertCount="6363" extractCount="6306" duration="6025890"/>
			<Sample nodeCount="104" insertCount="6426" extractCount="6366" duration="6050526"/>
			<Sample nodeCount="105" insertCount="6481" extractCount="6434" duration="6122391"/>
			<Sample nodeCount="106" insertCount="6544" extractCount="6494" duration="6225570"/>
			<Sample nodeCount="107" insertCount="6607" extractCount="6554" duration="6222991"/>
			<Sample nodeCount="108" insertCount="6669" extractCount="6615" duration="6307947"/>
			<Sample nodeCount="109" insertCount="6732" extractCount="6675" duration="6373047"/>
			<Sample nodeCount="110" insertCount="6794" extractCount="6736" duration="6413278"/>
			<Sample nodeCount="111" insertCount="6852" extractCount="6801" duration="6465858"/>
			<Sample nodeCount="112" insertCount="6918" extractCount="6858" duration="6545446"/>
			<Sample nodeCount="113" insertCount="6981" extractCount="6918" duration="6607227"/>
			<Sample nodeCount="114" insertCount="7041" extractCount="6981" duration="6682069"/>
			<Sample nodeCount="115" insertCount="7103" extractCount="7042" duration="6748783"/>
			<Sample nodeCount="116" insertCount="7164" extractCount="7104" duration="6779311"/>
			<Sample nodeCount="117" insertCount="7225" extractCount="7166" duration="6871272"/>
			<Sample nodeCount="118" insertCount="7291" extractCount="7223" duration="6886522"/>
			<Sample nodeCount="119" insertCount="7350" extractCount="7287" duration="6987280"/>
			<Sample nodeCount="120" insertCount="7410" extractCount="7350" duration="6991507"/>
			<Sample nodeCount="121" insertCount="7471" extractCount="7412" duration="7091479"/>
			<Sample nodeCount="122" insertCount="7537" extractCount="7469" duration="7135796"/>
			<Sample nodeCount="123" insertCount="7593" extractCount="7536" duration="7208560"/>
			<Sample nodeCount="124" insertCount="7658" extractCount="7594" duration="7270780"/>
			<Sample nodeCount="125" insertCount="7718" extractCount="7657" duration="7378045"/>
			<Sample nodeCount="126" insertCount="7781" extractCount="7717" duration="7369763"/>
			<Sample nodeCount="127" insertCount="7840" extractCount="7781" duration="7454638"/>
		</SmallSetRandomOps>
		<LargeSetRandomOps>
		</LargeSetRandomOps>
		<SmallSetLinear>
			<Sample nodeCount="1" insertCount="10000" extractCount="10000" duration="1443419"/>
			<Sample nodeCount="2" insertCount="10000" extractCount="10000" duration="2976450"/>
			<Sample nodeCount="3" insertCount="10000" extractCount="10000" duration="5421315"/>
			<Sample nodeCount="4" insertCount="10000" extractCount="10000" duration="8412159"/>
			<Sample nodeCount="5" insertCount="10000" extractCount="10000" duration="11736347"/>
			<Sample nodeCount="6" insertCount="10000" extractCount="10000" duration="14464491"/>
			<Sample nodeCount="7" insertCount="10000" extractCount="10000" duration="17910540"/>
			<Sample nodeCount="8" insertCount="10000" extractCount="10000" duration="21007713"/>
			<Sample nodeCount="9" insertCount="10000" extractCount="10000" duration="24850798"/>
			<Sample nodeCount="10" insertCount="10000" extractCount="10000" duration="28839392"/>
			<Sample nodeCount="11" insertCount="10000" extractCount="10000" duration="33336039"/>
			<Sample nodeCount="12" insertCount="10000" extractCount="10000" duration="38368143"/>
			<Sample nodeCount="13" insertCount="10000" extractCount="10000" duration="43919045"/>
			<Sample nodeCount="14" insertCount="10000" extractCount="10000" duration="46823354"/>
			<Sample nodeCount="15" insertCount="10000" extractCount="10000" duration="51505345"/>
			<Sample nodeCount="16" insertCount="10000" extractCount="10000" duration="55286518"/>
			<Sample nodeCount="17" insertCount="10000" extractCount="10000" duration="60174393"/>
			<Sample nodeCount="18" insertCount="10000" extractCount="10000" duration="63362223"/>
			<Sample nodeCount="19" insertCount="10000" extractCount="10000" duration="68937963"/>
			<Sample nodeCount="20" insertCount="10000" extractCount="10000" duration="72065244"/>
			<Sample nodeCount="21" insertCount="10000" extractCount="10000" duration="76955557"/>
			<Sample nodeCount="22" insertCount="10000" extractCount="10000" duration="82539463"/>
			<Sample nodeCount="23" insertCount="10000" extractCount="10000" duration="87084042"/>
			<Sample nodeCount="24" insertCount="10000" extractCount="10000" duration="90135033"/>
			<Sample nodeCount="25" insertCount="10000" extractCount="10000" duration="95002544"/>
			<Sample nodeCount="26" insertCount="10000" extractCount="10000" duration="102027411"/>
			<Sample nodeCount="27" insertCount="10000" extractCount="10000" duration="106844930"/>
			<Sample nodeCount="28" insertCount="10000" extractCount="10000" duration="110508239"/>
			<Sample nodeCount="29" insertCount="10000" extractCount="10000" duration="114785887"/>
			<Sample nodeCount="30" insertCount="10000" extractCount="10000" duration="119942886"/>
			<Sample nodeCount="31" insertCount="10000" extractCount="10000" duration="123409170"/>
			<Sample nodeCount="32" insertCount="10000" extractCount="10000" duration="128087840"/>
			<Sample nodeCount="33" insertCount="10000" extractCount="10000" duration="132252555"/>
			<Sample nodeCount="34" insertCount="10000" extractCount="10000" duration="137794077"/>
			<Sample nodeCount="35" insertCount="10000" extractCount="10000" duration="142040287"/>
			<Sample nodeCount="36" insertCount="10000" extractCount="10000" duration="146052228"/>
			<Sample nodeCount="37" insertCount="10000" extractCount="10000" duration="150849022"/>
			<Sample nodeCount="38" insertCount="10000" extractCount="10000" duration="156305169"/>
			<Sample nodeCount="39" insertCount="10000" extractCount="10000" duration="162006846"/>
			<Sample nodeCount="40" insertCount="10000" extractCount="10000" duration="165992893"/>
			<Sample nodeCount="41" insertCount="10000" extractCount="10000" duration="169429222"/>
			<Sample nodeCount="42" insertCount="10000" extractCount="10000" duration="174859159"/>
			<Sample nodeCount="43" insertCount="10000" extractCount="10000" duration="179398436"/>
			<Sample nodeCount="44" insertCount="10000" extractCount="10000" duration="182948673"/>
			<Sample nodeCount="45" insertCount="10000" extractCount="10000" duration="187350010"/>
			<Sample nodeCount="46" insertCount="10000" extractCount="10000" duration="193686209"/>
			<Sample nodeCount="47" insertCount="10000" extractCount="10000" duration="199457792"/>
			<Sample nodeCount="48" insertCount="10000" extractCount="10000" duration="203723379"/>
			<Sample nodeCount="49" insertCount="10000" extractCount="10000" duration="209290760"/>
			<Sample nodeCount="50" insertCount="10000" extractCount="10000" duration="214127425"/>
			<Sample nodeCount="51" insertCount="10000" extractCount="10000" duration="218580360"/>
			<Sample nodeCount="52" insertCount="10000" extractCount="10000" duration="222713892"/>
			<Sample nodeCount="53" insertCount="10000" extractCount="10000" duration="226809362"/>
			<Sample nodeCount="54" insertCount="10000" extractCount="10000" duration="233560745"/>
			<Sample nodeCount="55" insertCount="10000" extractCount="10000" duration="239222000"/>
			<Sample nodeCount="56" insertCount="10000" extractCount="10000" duration="242334683"/>
			<Sample nodeCount="57" insertCount="10000" extractCount="10000" duration="248367962"/>
			<Sample nodeCount="58" insertCount="10000" extractCount="10000" duration="252807208"/>
			<Sample nodeCount="59" insertCount="10000" extractCount="10000" duration="257425683"/>
			<Sample nodeCount="60" insertCount="10000" extractCount="10000" duration="260003486"/>
			<Sample nodeCount="61" insertCount="10000" extractCount="10000" duration="265110650"/>
			<Sample nodeCount="62" insertCount="10000" extractCount="10000" duration="269901108"/>
			<Sample nodeCount="63" insertCount="10000" extractCount="10000" duration="276156534"/>
			<Sample nodeCount="64" insertCount="10000" extractCount="10000" duration="278909427"/>
			<Sample nodeCount="65" insertCount="10000" extractCount="10000" duration="284525813"/>
			<Sample nodeCount="66" insertCount="10000" extractCount="10000" duration="290666079"/>
			<Sample nodeCount="67" insertCount="10000" extractCount="10000" duration="295740503"/>
			<Sample nodeCount="68" insertCount="10000" extractCount="10000" duration="299774955"/>
			<Sample nodeCount="69" insertCount="10000" extractCount="10000" duration="304242440"/>
			<Sample nodeCount="70" insertCount="10000" extractCount="10000" duration="311671364"/>
			<Sample nodeCount="71" insertCount="10000" extractCount="10000" duration="315260757"/>
			<Sample nodeCount="72" insertCount="10000" extractCount="10000" duration="318550753"/>
			<Sample nodeCount="73" insertCount="10000" extractCount="10000" duration="323370764"/>
			<Sample nodeCount="74" insertCount="10000" extractCount="10000" duration="329724302"/>
			<Sample nodeCount="75" insertCount="10000" extractCount="10000" duration="333562071"/>
			<Sample nodeCount="76" insertCount="10000" extractCount="10000" duration="337228459"/>
			<Sample nodeCount="77" insertCount="10000" extractCount="10000" duration="342364239"/>
			<Sample nodeCount="78" insertCount="10000" extractCount="10000" duration="348890860"/>
			<Sample nodeCount="79" insertCount="10000" extractCount="10000" duration="354262779"/>
			<Sample nodeCount="80" insertCount="10000" extractCount="10000" duration="357683119"/>
			<Sample nodeCount="81" insertCount="10000" extractCount="10000" duration="362782017"/>
			<Sample nodeCount="82" insertCount="10000" extractCount="10000" duration="368465160"/>
			<Sample nodeCount="83" insertCount="10000" extractCount="10000" duration="372591766"/>
			<Sample nodeCount="84" insertCount="10000" extractCount="10000" duration="375801781"/>
			<Sample nodeCount="85" insertCount="10000" extractCount="10000" duration="381215250"/>
			<Sample nodeCount="86" insertCount="10000" extractCount="10000" duration="387449371"/>
			<Sample nodeCount="87" insertCount="10000" extractCount="10000" duration="392625282"/>
			<Sample nodeCount="88" insertCount="10000" extractCount="10000" duration="394726235"/>
			<Sample nodeCount="89" insertCount="10000" extractCount="10000" duration="400377223"/>
			<Sample nodeCount="90" insertCount="10000" extractCount="10000" duration="405929164"/>
			<Sample nodeCount="91" insertCount="10000" extractCount="10000" duration="409326877"/>
			<Sample nodeCount="92" insertCount="10000" extractCount="10000" duration="411949308"/>
			<Sample nodeCount="93" insertCount="10000" extractCount="10000" duration="416431547"/>
			<Sample nodeCount="94" insertCount="10000" extractCount="10000" duration="426954934"/>
			<Sample nodeCount="95" insertCount="10000" extractCount="10000" duration="433368859"/>
			<Sample nodeCount="96" insertCount="10000" extractCount="10000" duration="436002505"/>
			<Sample nodeCount="97" insertCount="10000" extractCount="10000" duration="441788640"/>
			<Sample nodeCount="98" insertCount="10000" extractCount="10000" duration="447488781"/>
			<Sample nodeCount="99" insertCount="10000" extractCount="10000" duration="452514045"/>
			<Sample nodeCount="100" insertCount="10000" extractCount="10000" duration="456065706"/>
			<Sample nodeCount="101" insertCount="10000" extractCount="10000" duration="460760872"/>
			<Sample nodeCount="102" insertCount="10000" extractCount="10000" duration="468817101"/>
			<Sample nodeCount="103" insertCount="10000" extractCount="10000" duration="474288633"/>
			<Sample nodeCount="104" insertCount="10000" extractCount="10000" duration="476847954"/>
			<Sample nodeCount="105" insertCount="10000" extractCount="10000" duration="481774849"/>
			<Sample nodeCount="106" insertCount="10000" extractCount="10000" duration="488293313"/>
			<Sample nodeCount="107" insertCount="10000" extractCount="10000" duration="493080299"/>
			<Sample nodeCount="108" insertCount="10000" extractCount="10000" duration="493773209"/>
			<Sample nodeCount="109" insertCount="10000" extractCount="10000" duration="499543712"/>
			<Sample nodeCount="110" insertCount="10000" extractCount="10000" duration="510307965"/>
			<Sample nodeCount="111" insertCount="10000" extractCount="10000" duration="514474114"/>
			<Sample nodeCount="112" insertCount="10000" extractCount="10000" duration="518233554"/>
			<Sample nodeCount="113" insertCount="10000" extractCount="10000" duration="522059871"/>
			<Sample nodeCount="114" insertCount="10000" extractCount="10000" duration="529167323"/>
			<Sample nodeCount="115" insertCount="10000" extractCount="10000" duration="534267933"/>
			<Sample nodeCount="116" insertCount="10000" extractCount="10000" duration="536231069"/>
			<Sample nodeCount="117" insertCount="10000" extractCount="10000" duration="540400111"/>
			<Sample nodeCount="118" insertCount="10000" extractCount="10000" duration="548300375"/>
			<Sample nodeCount="119" insertCount="10000" extractCount="10000" duration="555347913"/>
			<Sample nodeCount="120" insertCount="10000" extractCount="10000" duration="557073437"/>
			<Sample nodeCount="121" insertCount="10000" extractCount="10000" duration="560242619"/>
			<Sample nodeCount="122" insertCount="10000" extractCount="10000" duration="566122760"/>
			<Sample nodeCount="123" insertCount="10000" extractCount="10000" duration="571621471"/>
			<Sample nodeCount="124" insertCount="10000" extractCount="10000" duration="573471747"/>
			<Sample nodeCount="125" insertCount="10000" extractCount="10000" duration="579406683"/>
			<Sample nodeCount="126" insertCount="10000" extractCount="10000" duration="588917011"/>
			<Sample nodeCount="127" insertCount="10000" extractCount="10000" duration="595174225"/>
		</SmallSetLinear>
		<LargeSetLinear>
		</LargeSetLinear>
	</RBTest>
	<RBTest implementation="RB Compact" nodeSize="8">
		<SmallSetRandomOps>
			<Sample nodeCount="1" insertCount="62" extractCount="61" duration="10701"/>
			<Sample nodeCount="2" insertCount="123" extractCount="123" duration="28872"/>
			<Sample nodeCount="3" insertCount="186" extractCount="183" duration="118683"/>
			<Sample nodeCount="4" insertCount="247" extractCount="245" duration="83970"/>
			<Sample nodeCount="5" insertCount="309" extractCount="306" duration="221053"/>
			<Sample nodeCount="6" insertCount="370" extractCount="368" duration="261597"/>
			<Sample nodeCount="7" insertCount="433" extractCount="428" duration="317853"/>
			<Sample nodeCount="8" insertCount="493" extractCount="491" duration="223767"/>
			<Sample nodeCount="9" insertCount="557" extractCount="550" duration="425707"/>
			<Sample nodeCount="10" insertCount="619" extractCount="611" duration="469525"/>
			<Sample nodeCount="11" insertCount="680" extractCount="673" duration="522231"/>
			<Sample nodeCount="12" insertCount="740" extractCount="736" duration="585241"/>
			<Sample nodeCount="13" insertCount="803" extractCount="796" duration="645157"/>
			<Sample nodeCount="14" insertCount="864" extractCount="858" duration="701334"/>
			<Sample nodeCount="15" insertCount="927" extractCount="918" duration="744241"/>
			<Sample nodeCount="16" insertCount="988" extractCount="980" duration="525958"/>
			<Sample nodeCount="17" insertCount="1050" extractCount="1041" duration="863311"/>
			<Sample nodeCount="18" insertCount="1113" extractCount="1101" duration="902320"/>
			<Sample nodeCount="19" insertCount="1172" extractCount="1165" duration="959251"/>
			<Sample nodeCount="20" insertCount="1237" extractCount="1223" duration="1011562"/>
			<Sample nodeCount="21" insertCount="1296" extractCount="1287" duration="1064155"/>
			<Sample nodeCount="22" insertCount="1359" extractCount="1347" duration="1140310"/>
			<Sample nodeCount="23" insertCount="1419" extractCount="1410" duration="1185499"/>
			<Sample nodeCount="24" insertCount="1484" extractCount="1468" duration="1252915"/>
			<Sample nodeCount="25" insertCount="1544" extractCount="1531" duration="1305829"/>
			<Sample nodeCount="26" insertCount="1604" extractCount="1594" duration="1365635"/>
			<Sample nodeCount="27" insertCount="1668" extractCount="1653" duration="1423546"/>
			<Sample nodeCount="28" insertCount="1729" extractCount="1715" duration="1489379"/>
			<Sample nodeCount="29" insertCount="1790" extractCount="1777" duration="1543660"/>
			<Sample nodeCount="30" insertCount="1851" extractCount="1839" duration="1606256"/>
			<Sample nodeCount="31" insertCount="1914" extractCount="1899" duration="1662521"/>
			<Sample nodeCount="32" insertCount="1977" extractCount="1959" duration="1169081"/>
			<Sample nodeCount="33" insertCount="2041" extractCount="2018" duration="1760000"/>
			<Sample nodeCount="34" insertCount="2097" extractCount="2085" duration="1797115"/>
			<Sample nodeCount="35" insertCount="2160" extractCount="2145" duration="1867997"/>
			<Sample nodeCount="36" insertCount="2221" extractCount="2207" duration="1921568"/>
			<Sample nodeCount="37" insertCount="2285" extractCount="2266" duration="1995398"/>
			<Sample nodeCount="38" insertCount="2346" extractCount="2328" duration="2044010"/>
			<Sample nodeCount="39" insertCount="2408" extractCount="2389" duration="2085485"/>
			<Sample nodeCount="40" insertCount="2471" extractCount="2449" duration="2156105"/>
			<Sample nodeCount="41" insertCount="2531" extractCount="2512" duration="2206899"/>
			<Sample nodeCount="42" insertCount="2593" extractCount="2573" duration="2260850"/>
			<Sample nodeCount="43" insertCount="2656" extractCount="2633" duration="2343155"/>
			<Sample nodeCount="44" insertCount="2717" extractCount="2695" duration="2382431"/>
			<Sample nodeCount="45" insertCount="2776" extractCount="2759" duration="2423078"/>
			<Sample nodeCount="46" insertCount="2840" extractCount="2818" duration="2501127"/>
			<Sample nodeCount="47" insertCount="2902" extractCount="2879" duration="2550650"/>
			<Sample nodeCount="48" insertCount="2966" extractCount="2938" duration="2620443"/>
			<Sample nodeCount="49" insertCount="3026" extractCount="3001" duration="2699616"/>
			<Sample nodeCount="50" insertCount="3084" extractCount="3066" duration="2764539"/>
			<Sample nodeCount="51" insertCount="3151" extractCount="3122" duration="2806815"/>
			<Sample nodeCount="52" insertCount="3209" extractCount="3187" duration="2876957"/>
			<Sample nodeCount="53" insertCount="3273" extractCount="3246" duration="2929146"/>
			<Sample nodeCount="54" insertCount="3337" extractCount="3305" duration="2994957"/>
			<Sample nodeCount="55" insertCount="3400" extractCount="3365" duration="3060828"/>
			<Sample nodeCount="56" insertCount="3458" extractCount="3430" duration="3109239"/>
			<Sample nodeCount="57" insertCount="3521" extractCount="3490" duration="3170865"/>
			<Sample nodeCount="58" insertCount="3580" extractCount="3554" duration="3258165"/>
			<Sample nodeCount="59" insertCount="3647" extractCount="3610" duration="3334651"/>
			<Sample nodeCount="60" insertCount="3706" extractCount="3674" duration="3342564"/>
			<Sample nodeCount="61" insertCount="3766" extractCount="3737" duration="3419392"/>
			<Sample nodeCount="62" insertCount="3828" extractCount="3798" duration="3482056"/>
			<Sample nodeCount="63" insertCount="3888" extractCount="3861" duration="3524685"/>
			<Sample nodeCount="64" insertCount="3952" extractCount="3920" duration="2556690"/>
			<Sample nodeCount="65" insertCount="4014" extractCount="3981" duration="3593505"/>
			<Sample nodeCount="66" insertCount="4077" extractCount="4041" duration="3629584"/>
			<Sample nodeCount="67" insertCount="4136" extractCount="4105" duration="3737740"/>
			<Sample nodeCount="68" insertCount="4200" extractCount="4164" duration="3788182"/>
			<Sample nodeCount="69" insertCount="4263" extractCount="4224" duration="3834094"/>
			<Sample nodeCount="70" insertCount="4325" extractCount="4285" duration="3924847"/>
			<Sample nodeCount="71" insertCount="4381" extractCount="4352" duration="3968545"/>
			<Sample nodeCount="72" insertCount="4448" extractCount="4408" duration="4027144"/>
			<Sample nodeCount="73" insertCount="4507" extractCount="4472" duration="4089268"/>
			<Sample nodeCount="74" insertCount="4571" extractCount="4531" duration="4134706"/>
			<Sample nodeCount="75" insertCount="4631" extractCount="4594" duration="4201390"/>
			<Sample nodeCount="76" insertCount="4693" extractCount="4655" duration="4288390"/>
			<Sample nodeCount="77" insertCount="4755" extractCount="4716" duration="4340039"/>
			<Sample nodeCount="78" insertCount="4817" extractCount="4777" duration="4375048"/>
			<Sample nodeCount="79" insertCount="4877" extractCount="4840" duration="4435208"/>
			<Sample nodeCount="80" insertCount="4942" extractCount="4898" duration="4528207"/>
			<Sample nodeCount="81" insertCount="5002" extractCount="4961" duration="4588735"/>
			<Sample nodeCount="82" insertCount="5063" extractCount="5023" duration="4621445"/>
			<Sample nodeCount="83" insertCount="5124" extractCount="5085" duration="4686574"/>
			<Sample nodeCount="84" insertCount="5187" extractCount="5145" duration="4758179"/>
			<Sample nodeCount="85" insertCount="5250" extractCount="5205" duration="4816577"/>
			<Sample nodeCount="86" insertCount="5314" extractCount="5264" duration="4863002"/>
			<Sample nodeCount="87" insertCount="5374" extractCount="5327" duration="4924487"/>
			<Sample nodeCount="88" insertCount="5432" extractCount="5392" duration="4978730"/>
			<Sample nodeCount="89" insertCount="5490" extractCount="5457" duration="5029703"/>
			<Sample nodeCount="90" insertCount="5559" extractCount="5511" duration="5105172"/>
			<Sample nodeCount="91" insertCount="5621" extractCount="5572" duration="5168813"/>
			<Sample nodeCount="92" insertCount="5680" extractCount="5636" duration="5255351"/>
			<Sample nodeCount="93" insertCount="5740" extractCount="5699" duration="5289314"/>
			<Sample nodeCount="94" insertCount="5803" extractCount="5759" duration="5333423"/>
			<Sample nodeCount="95" insertCount="5862" extractCount="5823" duration="5362425"/>
			<Sample nodeCount="96" insertCount="5929" extractCount="5879" duration="5405843"/>
			<Sample nodeCount="97" insertCount="5993" extractCount="5938" duration="5499537"/>
			<Sample nodeCount="98" insertCount="6055" extractCount="5999" duration="5563898"/>
			<Sample nodeCount="99" insertCount="6113" extractCount="6064" duration="5628237"/>
			<Sample nodeCount="100" insertCount="6172" extractCount="6128" duration="5696631"/>
			<Sample nodeCount="101" insertCount="6238" extractCount="6185" duration="5747492"/>
			<Sample nodeCount="102" insertCount="6299" extractCount="6247" duration="5793441"/>
			<Sample nodeCount="103" insertCount="6363" extractCount="6306" duration="5884071"/>
			<Sample nodeCount="104" insertCount="6426" extractCount="6366" duration="5941773"/>
			<Sample nodeCount="105" insertCount="6481" extractCount="6434" duration="5986428"/>
			<Sample nodeCount="106" insertCount="6544" extractCount="6494" duration="6073662"/>
			<Sample nodeCount="107" insertCount="6607" extractCount="6554" duration="6100974"/>
			<Sample nodeCount="108" insertCount="6669" extractCount="6615" duration="6172314"/>
			<Sample nodeCount="109" insertCount="6732" extractCount="6675" duration="6233554"/>
			<Sample nodeCount="110" insertCount="6794" extractCount="6736" duration="6297972"/>
			<Sample nodeCount="111" insertCount="6852" extractCount="6801" duration="6353742"/>
			<Sample nodeCount="112" insertCount="6918" extractCount="6858" duration="6441994"/>
			<Sample nodeCount="113" insertCount="6981" extractCount="6918" duration="6481626"/>
			<Sample nodeCount="114" insertCount="7041" extractCount="6981" duration="6525307"/>
			<Sample nodeCount="115" insertCount="7103" extractCount="7042" duration="6542796"/>
			<Sample nodeCount="116" insertCount="7164" extractCount="7104" duration="6705850"/>
			<Sample nodeCount="117" insertCount="7225" extractCount="7166" duration="6769876"/>
			<Sample nodeCount="118" insertCount="7291" extractCount="7223" duration="6779389"/>
			<Sample nodeCount="119" insertCount="7350" extractCount="7287" duration="6877522"/>
			<Sample nodeCount="120" insertCount="7410" extractCount="7350" duration="6911961"/>
			<Sample nodeCount="121" insertCount="7471" extractCount="7412" duration="6954106"/>
			<Sample nodeCount="122" insertCount="7537" extractCount="7469" duration="7017370"/>
			<Sample nodeCount="123" insertCount="7593" extractCount="7536" duration="7055347"/>
			<Sample nodeCount="124" insertCount="7658" extractCount="7594" duration="7150133"/>
			<Sample nodeCount="125" insertCount="7718" extractCount="7657" duration="7241638"/>
			<Sample nodeCount="126" insertCount="7781" extractCount="7717" duration="7263742"/>
			<Sample nodeCount="127" insertCount="7840" extractCount="7781" duration="7365718"/>
		</SmallSetRandomOps>
		<LargeSetRandomOps>
		</LargeSetRandomOps>
		<SmallSetLinear>
			<Sample nodeCount="1" insertCount="10000" extractCount="10000" duration="841156"/>
			<Sample nodeCount="2" insertCount="10000" extractCount="10000" duration="2735898"/>
			<Sample nodeCount="3" insertCount="10000" extractCount="10000" duration="5145332"/>
			<Sample nodeCount="4" insertCount="10000" extractCount="10000" duration="6992032"/>
			<Sample nodeCount="5" insertCount="10000" extractCount="10000" duration="10678250"/>
			<Sample nodeCount="6" insertCount="10000" extractCount="10000" duration="12813757"/>
			<Sample nodeCount="7" insertCount="10000" extractCount="10000" duration="16566307"/>
			<Sample nodeCount="8" insertCount="10000" extractCount="10000" duration="18752709"/>
			<Sample nodeCount="9" insertCount="10000" extractCount="10000" duration="22168574"/>
			<Sample nodeCount="10" insertCount="10000" extractCount="10000" duration="24930277"/>
			<Sample nodeCount="11" insertCount="10000" extractCount="10000" duration="29603027"/>
			<Sample nodeCount="12" insertCount="10000" extractCount="10000" duration="32873060"/>
			<Sample nodeCount="13" insertCount="10000" extractCount="10000" duration="36869214"/>
			<Sample nodeCount="14" insertCount="10000" extractCount="10000" duration="40168906"/>
			<Sample nodeCount="15" insertCount="10000" extractCount="10000" duration="45730648"/>
			<Sample nodeCount="16" insertCount="10000" extractCount="10000" duration="48617202"/>
			<Sample nodeCount="17" insertCount="10000" extractCount="10000" duration="53339768"/>
			<Sample nodeCount="18" insertCount="10000" extractCount="10000" duration="56643426"/>
			<Sample nodeCount="19" insertCount="10000" extractCount="10000" duration="63700978"/>
			<Sample nodeCount="20" insertCount="10000" extractCount="10000" duration="67082479"/>
			<Sample nodeCount="21" insertCount="10000" extractCount="10000" duration="72117825"/>
			<Sample nodeCount="22" insertCount="10000" extractCount="10000" duration="75788800"/>
			<Sample nodeCount="23" insertCount="10000" extractCount="10000" duration="81912316"/>
			<Sample nodeCount="24" insertCount="10000" extractCount="10000" duration="84365715"/>
			<Sample nodeCount="25" insertCount="10000" extractCount="10000" duration="88449844"/>
			<Sample nodeCount="26" insertCount="10000" extractCount="10000" duration="92387006"/>
			<Sample nodeCount="27" insertCount="10000" extractCount="10000" duration="98097245"/>
			<Sample nodeCount="28" insertCount="10000" extractCount="10000" duration="101534468"/>
			<Sample nodeCount="29" insertCount="10000" extractCount="10000" duration="106835507"/>
			<Sample nodeCount="30" insertCount="10000" extractCount="10000" duration="109856612"/>
			<Sample nodeCount="31" insertCount="10000" extractCount="10000" duration="116459375"/>
			<Sample nodeCount="32" insertCount="10000" extractCount="10000" duration="119648307"/>
			<Sample nodeCount="33" insertCount="10000" extractCount="10000" duration="124346164"/>
			<Sample nodeCount="34" insertCount="10000" extractCount="10000" duration="127662415"/>
			<Sample nodeCount="35" insertCount="10000" extractCount="10000" duration="133082710"/>
			<Sample nodeCount="36" insertCount="10000" extractCount="10000" duration="135845113"/>
			<Sample nodeCount="37" insertCount="10000" extractCount="10000" duration="141498928"/>
			<Sample nodeCount="38" insertCount="10000" extractCount="10000" duration="144132684"/>
			<Sample nodeCount="39" insertCount="10000" extractCount="10000" duration="153146883"/>
			<Sample nodeCount="40" insertCount="10000" extractCount="10000" duration="155990265"/>
			<Sample nodeCount="41" insertCount="10000" extractCount="10000" duration="161795304"/>
			<Sample nodeCount="42" insertCount="10000" extractCount="10000" duration="163104139"/>
			<Sample nodeCount="43" insertCount="10000" extractCount="10000" duration="171518620"/>
			<Sample nodeCount="44" insertCount="10000" extractCount="10000" duration="174348064"/>
			<Sample nodeCount="45" insertCount="10000" extractCount="10000" duration="180273126"/>
			<Sample nodeCount="46" insertCount="10000" extractCount="10000" duration="183648892"/>
			<Sample nodeCount="47" insertCount="10000" extractCount="10000" duration="191567331"/>
			<Sample nodeCount="48" insertCount="10000" extractCount="10000" duration="195503155"/>
			<Sample nodeCount="49" insertCount="10000" extractCount="10000" duration="201280179"/>
			<Sample nodeCount="50" insertCount="10000" extractCount="10000" duration="203783196"/>
			<Sample nodeCount="51" insertCount="10000" extractCount="10000" duration="209826369"/>
			<Sample nodeCount="52" insertCount="10000" extractCount="10000" duration="212645489"/>
			<Sample nodeCount="53" insertCount="10000" extractCount="10000" duration="218398758"/>
			<Sample nodeCount="54" insertCount="10000" extractCount="10000" duration="220067878"/>
			<Sample nodeCount="55" insertCount="10000" extractCount="10000" duration="228206320"/>
			<Sample nodeCount="56" insertCount="10000" extractCount="10000" duration="231347376"/>
			<Sample nodeCount="57" insertCount="10000" extractCount="10000" duration="237020928"/>
			<Sample nodeCount="58" insertCount="10000" extractCount="10000" duration="240444525"/>
			<Sample nodeCount="59" insertCount="10000" extractCount="10000" duration="245890859"/>
			<Sample nodeCount="60" insertCount="10000" extractCount="10000" duration="248439029"/>
			<Sample nodeCount="61" insertCount="10000" extractCount="10000" duration="255883798"/>
			<Sample nodeCount="62" insertCount="10000" extractCount="10000" duration="258995215"/>
			<Sample nodeCount="63" insertCount="10000" extractCount="10000" duration="267201798"/>
			<Sample nodeCount="64" insertCount="10000" extractCount="10000" duration="270061773"/>
			<Sample nodeCount="65" insertCount="10000" extractCount="10000" duration="275774546"/>
			<Sample nodeCount="66" insertCount="10000" extractCount="10000" duration="277986194"/>
			<Sample nodeCount="67" insertCount="10000" extractCount="10000" duration="284262395"/>
			<Sample nodeCount="68" insertCount="10000" extractCount="10000" duration="287696004"/>
			<Sample nodeCount="69" insertCount="10000" extractCount="10000" duration="293454843"/>
			<Sample nodeCount="70" insertCount="10000" extractCount="10000" duration="296562165"/>
			<Sample nodeCount="71" insertCount="10000" extractCount="10000" duration="304351633"/>
			<Sample nodeCount="72" insertCount="10000" extractCount="10000" duration="307172458"/>
			<Sample nodeCount="73" insertCount="10000" extractCount="10000" duration="309689560"/>
			<Sample nodeCount="74" insertCount="10000" extractCount="10000" duration="314664474"/>
			<Sample nodeCount="75" insertCount="10000" extractCount="10000" duration="319960817"/>
			<Sample nodeCount="76" insertCount="10000" extractCount="10000" duration="322000435"/>
			<Sample nodeCount="77" insertCount="10000" extractCount="10000" duration="327528460"/>
			<Sample nodeCount="78" insertCount="10000" extractCount="10000" duration="331634102"/>
			<Sample nodeCount="79" insertCount="10000" extractCount="10000" duration="345398361"/>
			<Sample nodeCount="80" insertCount="10000" extractCount="10000" duration="349364098"/>
			<Sample nodeCount="81" insertCount="10000" extractCount="10000" duration="353786982"/>
			<Sample nodeCount="82" insertCount="10000" extractCount="10000" duration="357727381"/>
			<Sample nodeCount="83" insertCount="10000" extractCount="10000" duration="363227188"/>
			<Sample nodeCount="84" insertCount="10000" extractCount="10000" duration="366362889"/>
			<Sample nodeCount="85" insertCount="10000" extractCount="10000" duration="371668185"/>
			<Sample nodeCount="86" insertCount="10000" extractCount="10000" duration="375125764"/>
			<Sample nodeCount="87" insertCount="10000" extractCount="10000" duration="382378750"/>
			<Sample nodeCount="88" insertCount="10000" extractCount="10000" duration="385915472"/>
			<Sample nodeCount="89" insertCount="10000" extractCount="10000" duration="390789834"/>
			<Sample nodeCount="90" insertCount="10000" extractCount="10000" duration="394835732"/>
			<Sample nodeCount="91" insertCount="10000" extractCount="10000" duration="401155679"/>
			<Sample nodeCount="92" insertCount="10000" extractCount="10000" duration="404339814"/>
			<Sample nodeCount="93" insertCount="10000" extractCount="10000" duration="409454857"/>
			<Sample nodeCount="94" insertCount="10000" extractCount="10000" duration="414833442"/>
			<Sample nodeCount="95" insertCount="10000" extractCount="10000" duration="426244572"/>
			<Sample nodeCount="96" insertCount="10000" extractCount="10000" duration="429373459"/>
			<Sample nodeCount="97" insertCount="10000" extractCount="10000" duration="434538476"/>
			<Sample nodeCount="98" insertCount="10000" extractCount="10000" duration="439241530"/>
			<Sample nodeCount="99" insertCount="10000" extractCount="10000" duration="443816490"/>
			<Sample nodeCount="100" insertCount="10000" extractCount="10000" duration="445607975"/>
			<Sample nodeCount="101" insertCount="10000" extractCount="10000" duration="450246567"/>
			<Sample nodeCount="102" insertCount="10000" extractCount="10000" duration="454449160"/>
			<Sample nodeCount="103" insertCount="10000" extractCount="10000" duration="464219075"/>
			<Sample nodeCount="104" insertCount="10000" extractCount="10000" duration="466393984"/>
			<Sample nodeCount="105" insertCount="10000" extractCount="10000" duration="471083316"/>
			<Sample nodeCount="106" insertCount="10000" extractCount="10000" duration="475330163"/>
			<Sample nodeCount="107" insertCount="10000" extractCount="10000" duration="481278472"/>
			<Sample nodeCount="108" insertCount="10000" extractCount="10000" duration="485265785"/>
			<Sample nodeCount="109" insertCount="10000" extractCount="10000" duration="490832924"/>
			<Sample nodeCount="110" insertCount="10000" extractCount="10000" duration="495953821"/>
			<Sample nodeCount="111" insertCount="10000" extractCount="10000" duration="507925804"/>
			<Sample nodeCount="112" insertCount="10000" extractCount="10000" duration="510972181"/>
			<Sample nodeCount="113" insertCount="10000" extractCount="10000" duration="515040602"/>
			<Sample nodeCount="114" insertCount="10000" extractCount="10000" duration="518487353"/>
			<Sample nodeCount="115" insertCount="10000" extractCount="10000" duration="524828219"/>
			<Sample nodeCount="116" insertCount="10000" extractCount="10000" duration="529196923"/>
			<Sample nodeCount="117" insertCount="10000" extractCount="10000" duration="535063753"/>
			<Sample nodeCount="118" insertCount="10000" extractCount="10000" duration="537499008"/>
			<Sample nodeCount="119" insertCount="10000" extractCount="10000" duration="545374232"/>
			<Sample nodeCount="120" insertCount="10000" extractCount="10000" duration="548275506"/>
			<Sample nodeCount="121" insertCount="10000" extractCount="10000" duration="555795631"/>
			<Sample nodeCount="122" insertCount="10000" extractCount="10000" duration="558028053"/>
			<Sample nodeCount="123" insertCount="10000" extractCount="10000" duration="564975337"/>
			<Sample nodeCount="124" insertCount="10000" extractCount="10000" duration="567330933"/>
			<Sample nodeCount="125" insertCount="10000" extractCount="10000" duration="574926941"/>
			<Sample nodeCount="126" insertCount="10000" extractCount="10000" duration="578281280"/>
			<Sample nodeCount="127" insertCount="10000" extractCount="10000" duration="591418630"/>
		</SmallSetLinear>
		<LargeSetLinear>
		</LargeSetLinear>
	</RBTest>
	<RBTest implementation="JFFS2" nodeSize="16">
		<SmallSetRandomOps>
			<Sample nodeCount="1" insertCount="62" extractCount="61" duration="10473"/>
			<Sample nodeCount="2" insertCount="123" extractCount="123" duration="30837"/>
			<Sample nodeCount="3" insertCount="186" extractCount="183" duration="119157"/>
			<Sample nodeCount="4" insertCount="247" extractCount="245" duration="81588"/>
			<Sample nodeCount="5" insertCount="309" extractCount="306" duration="214131"/>
			<Sample nodeCount="6" insertCount="370" extractCount="368" duration="256063"/>
			<Sample nodeCount="7" insertCount="433" extractCount="428" duration="315439"/>
			<Sample nodeCount="8" insertCount="493" extractCount="491" duration="197571"/>
			<Sample nodeCount="9" insertCount="557" extractCount="550" duration="398871"/>
			<Sample nodeCount="10" insertCount="619" extractCount="611" duration="431929"/>
			<Sample nodeCount="11" insertCount="680" extractCount="673" duration="486706"/>
			<Sample nodeCount="12" insertCount="740" extractCount="736" duration="524925"/>
			<Sample nodeCount="13" insertCount="803" extractCount="796" duration="581728"/>
			<Sample nodeCount="14" insertCount="864" extractCount="858" duration="638719"/>
			<Sample nodeCount="15" insertCount="927" extractCount="918" duration="671379"/>
			<Sample nodeCount="16" insertCount="988" extractCount="980" duration="438417"/>
			<Sample nodeCount="17" insertCount="1050" extractCount="1041" duration="773224"/>
			<Sample nodeCount="18" insertCount="1113" extractCount="1101" duration="810177"/>
			<Sample nodeCount="19" insertCount="1172" extractCount="1165" duration="861067"/>
			<Sample nodeCount="20" insertCount="1237" extractCount="1223" duration="889455"/>
			<Sample nodeCount="21" insertCount="1296" extractCount="1287" duration="951412"/>
			<Sample nodeCount="22" insertCount="1359" extractCount="1347" duration="993556"/>
			<Sample nodeCount="23" insertCount="1419" extractCount="1410" duration="1044589"/>
			<Sample nodeCount="24" insertCount="1484" extractCount="1468" duration="1095917"/>
			<Sample nodeCount="25" insertCount="1544" extractCount="1531" duration="1141141"/>
			<Sample nodeCount="26" insertCount="1604" extractCount="1594" duration="1193923"/>
			<Sample nodeCount="27" insertCount="1668" extractCount="1653" duration="1232689"/>
			<Sample nodeCount="28" insertCount="1729" extractCount="1715" duration="1280884"/>
			<Sample nodeCount="29" insertCount="1790" extractCount="1777" duration="1336907"/>
			<Sample nodeCount="30" insertCount="1851" extractCount="1839" duration="1377769"/>
			<Sample nodeCount="31" insertCount="1914" extractCount="1899" duration="1423109"/>
			<Sample nodeCount="32" insertCount="1977" extractCount="1959" duration="914026"/>
			<Sample nodeCount="33" insertCount="2041" extractCount="2018" duration="1530782"/>
			<Sample nodeCount="34" insertCount="2097" extractCount="2085" duration="1542757"/>
			<Sample nodeCount="35" insertCount="2160" extractCount="2145" duration="1606952"/>
			<Sample nodeCount="36" insertCount="2221" extractCount="2207" duration="1651664"/>
			<Sample nodeCount="37" insertCount="2285" extractCount="2266" duration="1685437"/>
			<Sample nodeCount="38" insertCount="2346" extractCount="2328" duration="1741424"/>
			<Sample nodeCount="39" insertCount="2408" extractCount="2389" duration="1782109"/>
			<Sample nodeCount="40" insertCount="2471" extractCount="2449" duration="1812722"/>
			<Sample nodeCount="41" insertCount="2531" extractCount="2512" duration="1874654"/>
			<Sample nodeCount="42" insertCount="2593" extractCount="2573" duration="1925072"/>
			<Sample nodeCount="43" insertCount="2656" extractCount="2633" duration="1993541"/>
			<Sample nodeCount="44" insertCount="2717" extractCount="2695" duration="2017418"/>
			<Sample nodeCount="45" insertCount="2776" extractCount="2759" duration="2064923"/>
			<Sample nodeCount="46" insertCount="2840" extractCount="2818" duration="2104775"/>
			<Sample nodeCount="47" insertCount="2902" extractCount="2879" duration="2163425"/>
			<Sample nodeCount="48" insertCount="2966" extractCount="2938" duration="2230736"/>
			<Sample nodeCount="49" insertCount="3026" extractCount="3001" duration="2255303"/>
			<Sample nodeCount="50" insertCount="3084" extractCount="3066" duration="2319872"/>
			<Sample nodeCount="51" insertCount="3151" extractCount="3122" duration="2376585"/>
			<Sample nodeCount="52" insertCount="3209" extractCount="3187" duration="2407988"/>
			<Sample nodeCount="53" insertCount="3273" extractCount="3246" duration="2452872"/>
			<Sample nodeCount="54" insertCount="3337" extractCount="3305" duration="2511893"/>
			<Sample nodeCount="55" insertCount="3400" extractCount="3365" duration="2558733"/>
			<Sample nodeCount="56" insertCount="3458" extractCount="3430" duration="2612655"/>
			<Sample nodeCount="57" insertCount="3521" extractCount="3490" duration="2655272"/>
			<Sample nodeCount="58" insertCount="3580" extractCount="3554" duration="2687643"/>
			<Sample nodeCount="59" insertCount="3647" extractCount="3610" duration="2726138"/>
			<Sample nodeCount="60" insertCount="3706" extractCount="3674" duration="2791287"/>
			<Sample nodeCount="61" insertCount="3766" extractCount="3737" duration="2847645"/>
			<Sample nodeCount="62" insertCount="3828" extractCount="3798" duration="2875362"/>
			<Sample nodeCount="63" insertCount="3888" extractCount="3861" duration="2941707"/>
			<Sample nodeCount="64" insertCount="3952" extractCount="3920" duration="1890188"/>
			<Sample nodeCount="65" insertCount="4014" extractCount="3981" duration="2995959"/>
			<Sample nodeCount="66" insertCount="4077" extractCount="4041" duration="3024813"/>
			<Sample nodeCount="67" insertCount="4136" extractCount="4105" duration="3091536"/>
			<Sample nodeCount="68" insertCount="4200" extractCount="4164" duration="3109494"/>
			<Sample nodeCount="69" insertCount="4263" extractCount="4224" duration="3165981"/>
			<Sample nodeCount="70" insertCount="4325" extractCount="4285" duration="3232911"/>
			<Sample nodeCount="71" insertCount="4381" extractCount="4352" duration="3271861"/>
			<Sample nodeCount="72" insertCount="4448" extractCount="4408" duration="3291489"/>
			<Sample nodeCount="73" insertCount="4507" extractCount="4472" duration="3348919"/>
			<Sample nodeCount="74" insertCount="4571" extractCount="4531" duration="3418926"/>
			<Sample nodeCount="75" insertCount="4631" extractCount="4594" duration="3462738"/>
			<Sample nodeCount="76" insertCount="4693" extractCount="4655" duration="3506947"/>
			<Sample nodeCount="77" insertCount="4755" extractCount="4716" duration="3549210"/>
			<Sample nodeCount="78" insertCount="4817" extractCount="4777" duration="3592969"/>
			<Sample nodeCount="79" insertCount="4877" extractCount="4840" duration="3668835"/>
			<Sample nodeCount="80" insertCount="4942" extractCount="4898" duration="3674059"/>
			<Sample nodeCount="81" insertCount="5002" extractCount="4961" duration="3742480"/>
			<Sample nodeCount="82" insertCount="5063" extractCount="5023" duration="3780475"/>
			<Sample nodeCount="83" insertCount="5124" extractCount="5085" duration="3863896"/>
			<Sample nodeCount="84" insertCount="5187" extractCount="5145" duration="3893131"/>
			<Sample nodeCount="85" insertCount="5250" extractCount="5205" duration="3930970"/>
			<Sample nodeCount="86" insertCount="5314" extractCount="5264" duration="3998014"/>
			<Sample nodeCount="87" insertCount="5374" extractCount="5327" duration="4045096"/>
			<Sample nodeCount="88" insertCount="5432" extractCount="5392" duration="4107436"/>
			<Sample nodeCount="89" insertCount="5490" extractCount="5457" duration="4142077"/>
			<Sample nodeCount="90" insertCount="5559" extractCount="5511" duration="4174804"/>
			<Sample nodeCount="91" insertCount="5621" extractCount="5572" duration="4212980"/>
			<Sample nodeCount="92" insertCount="5680" extractCount="5636" duration="4278046"/>
			<Sample nodeCount="93" insertCount="5740" extractCount="5699" duration="4321106"/>
			<Sample nodeCount="94" insertCount="5803" extractCount="5759" duration="4367338"/>
			<Sample nodeCount="95" insertCount="5862" extractCount="5823" duration="4427002"/>
			<Sample nodeCount="96" insertCount="5929" extractCount="5879" duration="4447877"/>
			<Sample nodeCount="97" insertCount="5993" extractCount="5938" duration="4491379"/>
			<Sample nodeCount="98" insertCount="6055" extractCount="5999" duration="4552274"/>
			<Sample nodeCount="99" insertCount="6113" extractCount="6064" duration="4628179"/>
			<Sample nodeCount="100" insertCount="6172" extractCount="6128" duration="4669679"/>
			<Sample nodeCount="101" insertCount="6238" extractCount="6185" duration="4714667"/>
			<Sample nodeCount="102" insertCount="6299" extractCount="6247" duration="4750579"/>
			<Sample nodeCount="103" insertCount="6363" extractCount="6306" duration="4821800"/>
			<Sample nodeCount="104" insertCount="6426" extractCount="6366" duration="4847003"/>
			<Sample nodeCount="105" insertCount="6481" extractCount="6434" duration="4897472"/>
			<Sample nodeCount="106" insertCount="6544" extractCount="6494" duration="4971041"/>
			<Sample nodeCount="107" insertCount="6607" extractCount="6554" duration="4969442"/>
			<Sample nodeCount="108" insertCount="6669" extractCount="6615" duration="5048672"/>
			<Sample nodeCount="109" insertCount="6732" extractCount="6675" duration="5078363"/>
			<Sample nodeCount="110" insertCount="6794" extractCount="6736" duration="5132390"/>
			<Sample nodeCount="111" insertCount="6852" extractCount="6801" duration="5180031"/>
			<Sample nodeCount="112" insertCount="6918" extractCount="6858" duration="5241629"/>
			<Sample nodeCount="113" insertCount="6981" extractCount="6918" duration="5307137"/>
			<Sample nodeCount="114" insertCount="7041" extractCount="6981" duration="5341518"/>
			<Sample nodeCount="115" insertCount="7103" extractCount="7042" duration="5384519"/>
			<Sample nodeCount="116" insertCount="7164" extractCount="7104" duration="5421926"/>
			<Sample nodeCount="117" insertCount="7225" extractCount="7166" duration="5512215"/>
			<Sample nodeCount="118" insertCount="7291" extractCount="7223" duration="5562479"/>
			<Sample nodeCount="119" insertCount="7350" extractCount="7287" duration="5587365"/>
			<Sample nodeCount="120" insertCount="7410" extractCount="7350" duration="5646609"/>
			<Sample nodeCount="121" insertCount="7471" extractCount="7412" duration="5687570"/>
			<Sample nodeCount="122" insertCount="7537" extractCount="7469" duration="5701287"/>
			<Sample nodeCount="123" insertCount="7593" extractCount="7536" duration="5780154"/>
			<Sample nodeCount="124" insertCount="7658" extractCount="7594" duration="5816679"/>
			<Sample nodeCount="125" insertCount="7718" extractCount="7657" duration="5881677"/>
			<Sample nodeCount="126" insertCount="7781" extractCount="7717" duration="5893671"/>
			<Sample nodeCount="127" insertCount="7840" extractCount="7781" duration="5987631"/>
		</SmallSetRandomOps>
		<LargeSetRandomOps>
		</LargeSetRandomOps>
		<SmallSetLinear>
			<Sample nodeCount="1" insertCount="10000" extractCount="10000" duration="871390"/>
			<Sample nodeCount="2" insertCount="10000" extractCount="10000" duration="2424692"/>
			<Sample nodeCount="3" insertCount="10000" extractCount="10000" duration="4732948"/>
			<Sample nodeCount="4" insertCount="10000" extractCount="10000" duration="6739090"/>
			<Sample nodeCount="5" insertCount="10000" extractCount="10000" duration="8489033"/>
			<Sample nodeCount="6" insertCount="10000" extractCount="10000" duration="10752803"/>
			<Sample nodeCount="7" insertCount="10000" extractCount="10000" duration="12963109"/>
			<Sample nodeCount="8" insertCount="10000" extractCount="10000" duration="15809611"/>
			<Sample nodeCount="9" insertCount="10000" extractCount="10000" duration="18159123"/>
			<Sample nodeCount="10" insertCount="10000" extractCount="10000" duration="21116919"/>
			<Sample nodeCount="11" insertCount="10000" extractCount="10000" duration="24106437"/>
			<Sample nodeCount="12" insertCount="10000" extractCount="10000" duration="27014511"/>
			<Sample nodeCount="13" insertCount="10000" extractCount="10000" duration="30141267"/>
			<Sample nodeCount="14" insertCount="10000" extractCount="10000" duration="33711450"/>
			<Sample nodeCount="15" insertCount="10000" extractCount="10000" duration="36362881"/>
			<Sample nodeCount="16" insertCount="10000" extractCount="10000" duration="39441693"/>
			<Sample nodeCount="17" insertCount="10000" extractCount="10000" duration="42718425"/>
			<Sample nodeCount="18" insertCount="10000" extractCount="10000" duration="46891018"/>
			<Sample nodeCount="19" insertCount="10000" extractCount="10000" duration="49829791"/>
			<Sample nodeCount="20" insertCount="10000" extractCount="10000" duration="52504429"/>
			<Sample nodeCount="21" insertCount="10000" extractCount="10000" duration="55871252"/>
			<Sample nodeCount="22" insertCount="10000" extractCount="10000" duration="59074106"/>
			<Sample nodeCount="23" insertCount="10000" extractCount="10000" duration="63241674"/>
			<Sample nodeCount="24" insertCount="10000" extractCount="10000" duration="65562765"/>
			<Sample nodeCount="25" insertCount="10000" extractCount="10000" duration="68870391"/>
			<Sample nodeCount="26" insertCount="10000" extractCount="10000" duration="73685393"/>
			<Sample nodeCount="27" insertCount="10000" extractCount="10000" duration="77548295"/>
			<Sample nodeCount="28" insertCount="10000" extractCount="10000" duration="79654808"/>
			<Sample nodeCount="29" insertCount="10000" extractCount="10000" duration="83159561"/>
			<Sample nodeCount="30" insertCount="10000" extractCount="10000" duration="87709521"/>
			<Sample nodeCount="31" insertCount="10000" extractCount="10000" duration="91602779"/>
			<Sample nodeCount="32" insertCount="10000" extractCount="10000" duration="93739147"/>
			<Sample nodeCount="33" insertCount="10000" extractCount="10000" duration="97587935"/>
			<Sample nodeCount="34" insertCount="10000" extractCount="10000" duration="101523602"/>
			<Sample nodeCount="35" insertCount="10000" extractCount="10000" duration="106117012"/>
			<Sample nodeCount="36" insertCount="10000" extractCount="10000" duration="108418822"/>
			<Sample nodeCount="37" insertCount="10000" extractCount="10000" duration="112812245"/>
			<Sample nodeCount="38" insertCount="10000" extractCount="10000" duration="117201159"/>
			<Sample nodeCount="39" insertCount="10000" extractCount="10000" duration="121608770"/>
			<Sample nodeCount="40" insertCount="10000" extractCount="10000" duration="123854482"/>
			<Sample nodeCount="41" insertCount="10000" extractCount="10000" duration="127462250"/>
			<Sample nodeCount="42" insertCount="10000" extractCount="10000" duration="131468313"/>
			<Sample nodeCount="43" insertCount="10000" extractCount="10000" duration="134905251"/>
			<Sample nodeCount="44" insertCount="10000" extractCount="10000" duration="137003261"/>
			<Sample nodeCount="45" insertCount="10000" extractCount="10000" duration="140688504"/>
			<Sample nodeCount="46" insertCount="10000" extractCount="10000" duration="146271182"/>
			<Sample nodeCount="47" insertCount="10000" extractCount="10000" duration="150425058"/>
			<Sample nodeCount="48" insertCount="10000" extractCount="10000" duration="152570235"/>
			<Sample nodeCount="49" insertCount="10000" extractCount="10000" duration="156417247"/>
			<Sample nodeCount="50" insertCount="10000" extractCount="10000" duration="161081417"/>
			<Sample nodeCount="51" insertCount="10000" extractCount="10000" duration="165015930"/>
			<Sample nodeCount="52" insertCount="10000" extractCount="10000" duration="167801015"/>
			<Sample nodeCount="53" insertCount="10000" extractCount="10000" duration="172257325"/>
			<Sample nodeCount="54" insertCount="10000" extractCount="10000" duration="177569710"/>
			<Sample nodeCount="55" insertCount="10000" extractCount="10000" duration="181309285"/>
			<Sample nodeCount="56" insertCount="10000" extractCount="10000" duration="183598923"/>
			<Sample nodeCount="57" insertCount="10000" extractCount="10000" duration="187299125"/>
			<Sample nodeCount="58" insertCount="10000" extractCount="10000" duration="191358839"/>
			<Sample nodeCount="59" insertCount="10000" extractCount="10000" duration="194629247"/>
			<Sample nodeCount="60" insertCount="10000" extractCount="10000" duration="196680458"/>
			<Sample nodeCount="61" insertCount="10000" extractCount="10000" duration="200828325"/>
			<Sample nodeCount="62" insertCount="10000" extractCount="10000" duration="206747237"/>
			<Sample nodeCount="63" insertCount="10000" extractCount="10000" duration="210822867"/>
			<Sample nodeCount="64" insertCount="10000" extractCount="10000" duration="213648612"/>
			<Sample nodeCount="65" insertCount="10000" extractCount="10000" duration="217424998"/>
			<Sample nodeCount="66" insertCount="10000" extractCount="10000" duration="222145419"/>
			<Sample nodeCount="67" insertCount="10000" extractCount="10000" duration="226084888"/>
			<Sample nodeCount="68" insertCount="10000" extractCount="10000" duration="229096828"/>
			<Sample nodeCount="69" insertCount="10000" extractCount="10000" duration="233302311"/>
			<Sample nodeCount="70" insertCount="10000" extractCount="10000" duration="238035232"/>
			<Sample nodeCount="71" insertCount="10000" extractCount="10000" duration="241850603"/>
			<Sample nodeCount="72" insertCount="10000" extractCount="10000" duration="244117615"/>
			<Sample nodeCount="73" insertCount="10000" extractCount="10000" duration="248756561"/>
			<Sample nodeCount="74" insertCount="10000" extractCount="10000" duration="253531885"/>
			<Sample nodeCount="75" insertCount="10000" extractCount="10000" duration="257462015"/>
			<Sample nodeCount="76" insertCount="10000" extractCount="10000" duration="258940411"/>
			<Sample nodeCount="77" insertCount="10000" extractCount="10000" duration="262810211"/>
			<Sample nodeCount="78" insertCount="10000" extractCount="10000" duration="268988075"/>
			<Sample nodeCount="79" insertCount="10000" extractCount="10000" duration="273333189"/>
			<Sample nodeCount="80" insertCount="10000" extractCount="10000" duration="275676564"/>
			<Sample nodeCount="81" insertCount="10000" extractCount="10000" duration="279684064"/>
			<Sample nodeCount="82" insertCount="10000" extractCount="10000" duration="284001503"/>
			<Sample nodeCount="83" insertCount="10000" extractCount="10000" duration="287648882"/>
			<Sample nodeCount="84" insertCount="10000" extractCount="10000" duration="290201169"/>
			<Sample nodeCount="85" insertCount="10000" extractCount="10000" duration="293942055"/>
			<Sample nodeCount="86" insertCount="10000" extractCount="10000" duration="299450724"/>
			<Sample nodeCount="87" insertCount="10000" extractCount="10000" duration="303115080"/>
			<Sample nodeCount="88" insertCount="10000" extractCount="10000" duration="305632560"/>
			<Sample nodeCount="89" insertCount="10000" extractCount="10000" duration="309537787"/>
			<Sample nodeCount="90" insertCount="10000" extractCount="10000" duration="313997021"/>
			<Sample nodeCount="91" insertCount="10000" extractCount="10000" duration="317645091"/>
			<Sample nodeCount="92" insertCount="10000" extractCount="10000" duration="320118956"/>
			<Sample nodeCount="93" insertCount="10000" extractCount="10000" duration="323321394"/>
			<Sample nodeCount="94" insertCount="10000" extractCount="10000" duration="330084126"/>
			<Sample nodeCount="95" insertCount="10000" extractCount="10000" duration="334280813"/>
			<Sample nodeCount="96" insertCount="10000" extractCount="10000" duration="337541180"/>
			<Sample nodeCount="97" insertCount="10000" extractCount="10000" duration="341541962"/>
			<Sample nodeCount="98" insertCount="10000" extractCount="10000" duration="346856896"/>
			<Sample nodeCount="99" insertCount="10000" extractCount="10000" duration="350760596"/>
			<Sample nodeCount="100" insertCount="10000" extractCount="10000" duration="353890800"/>
			<Sample nodeCount="101" insertCount="10000" extractCount="10000" duration="357640975"/>
			<Sample nodeCount="102" insertCount="10000" extractCount="10000" duration="363473247"/>
			<Sample nodeCount="103" insertCount="10000" extractCount="10000" duration="367570042"/>
			<Sample nodeCount="104" insertCount="10000" extractCount="10000" duration="370200529"/>
			<Sample nodeCount="105" insertCount="10000" extractCount="10000" duration="374314824"/>
			<Sample nodeCount="106" insertCount="10000" extractCount="10000" duration="379465111"/>
			<Sample nodeCount="107" insertCount="10000" extractCount="10000" duration="382871405"/>
			<Sample nodeCount="108" insertCount="10000" extractCount="10000" duration="385882784"/>
			<Sample nodeCount="109" insertCount="10000" extractCount="10000" duration="389198984"/>
			<Sample nodeCount="110" insertCount="10000" extractCount="10000" duration="397041940"/>
			<Sample nodeCount="111" insertCount="10000" extractCount="10000" duration="400332878"/>
			<Sample nodeCount="112" insertCount="10000" extractCount="10000" duration="403396159"/>
			<Sample nodeCount="113" insertCount="10000" extractCount="10000" duration="407168435"/>
			<Sample nodeCount="114" insertCount="10000" extractCount="10000" duration="411758512"/>
			<Sample nodeCount="115" insertCount="10000" extractCount="10000" duration="415620173"/>
			<Sample nodeCount="116" insertCount="10000" extractCount="10000" duration="418364990"/>
			<Sample nodeCount="117" insertCount="10000" extractCount="10000" duration="422555270"/>
			<Sample nodeCount="118" insertCount="10000" extractCount="10000" duration="428077718"/>
			<Sample nodeCount="119" insertCount="10000" extractCount="10000" duration="432819931"/>
			<Sample nodeCount="120" insertCount="10000" extractCount="10000" duration="434799222"/>
			<Sample nodeCount="121" insertCount="10000" extractCount="10000" duration="438872577"/>
			<Sample nodeCount="122" insertCount="10000" extractCount="10000" duration="444634938"/>
			<Sample nodeCount="123" insertCount="10000" extractCount="10000" duration="448199029"/>
			<Sample nodeCount="124" insertCount="10000" extractCount="10000" duration="450602233"/>
			<Sample nodeCount="125" insertCount="10000" extractCount="10000" duration="454833953"/>
			<Sample nodeCount="126" insertCount="10000" extractCount="10000" duration="462319366"/>
			<Sample nodeCount="127" insertCount="10000" extractCount="10000" duration="466341062"/>
		</SmallSetLinear>
		<LargeSetLinear>
		</LargeSetLinear>
	</RBTest>
	<RBTest implementation="BSD" nodeSize="16">
		<SmallSetRandomOps>
			<Sample nodeCount="1" insertCount="62" extractCount="61" duration="10593"/>
			<Sample nodeCount="2" insertCount="123" extractCount="123" duration="27399"/>
			<Sample nodeCount="3" insertCount="186" extractCount="183" duration="115266"/>
			<Sample nodeCount="4" insertCount="247" extractCount="245" duration="75261"/>
			<Sample nodeCount="5" insertCount="309" extractCount="306" duration="208797"/>
			<Sample nodeCount="6" insertCount="370" extractCount="368" duration="250572"/>
			<Sample nodeCount="7" insertCount="433" extractCount="428" duration="299475"/>
			<Sample nodeCount="8" insertCount="493" extractCount="491" duration="196158"/>
			<Sample nodeCount="9" insertCount="557" extractCount="550" duration="399130"/>
			<Sample nodeCount="10" insertCount="619" extractCount="611" duration="436362"/>
			<Sample nodeCount="11" insertCount="680" extractCount="673" duration="481215"/>
			<Sample nodeCount="12" insertCount="740" extractCount="736" duration="525190"/>
			<Sample nodeCount="13" insertCount="803" extractCount="796" duration="582306"/>
			<Sample nodeCount="14" insertCount="864" extractCount="858" duration="631866"/>
			<Sample nodeCount="15" insertCount="927" extractCount="918" duration="678952"/>
			<Sample nodeCount="16" insertCount="988" extractCount="980" duration="435160"/>
			<Sample nodeCount="17" insertCount="1050" extractCount="1041" duration="777345"/>
			<Sample nodeCount="18" insertCount="1113" extractCount="1101" duration="815872"/>
			<Sample nodeCount="19" insertCount="1172" extractCount="1165" duration="870229"/>
			<Sample nodeCount="20" insertCount="1237" extractCount="1223" duration="915922"/>
			<Sample nodeCount="21" insertCount="1296" extractCount="1287" duration="962233"/>
			<Sample nodeCount="22" insertCount="1359" extractCount="1347" duration="1007206"/>
			<Sample nodeCount="23" insertCount="1419" extractCount="1410" duration="1052137"/>
			<Sample nodeCount="24" insertCount="1484" extractCount="1468" duration="1109836"/>
			<Sample nodeCount="25" insertCount="1544" extractCount="1531" duration="1155187"/>
			<Sample nodeCount="26" insertCount="1604" extractCount="1594" duration="1199602"/>
			<Sample nodeCount="27" insertCount="1668" extractCount="1653" duration="1253803"/>
			<Sample nodeCount="28" insertCount="1729" extractCount="1715" duration="1317836"/>
			<Sample nodeCount="29" insertCount="1790" extractCount="1777" duration="1366858"/>
			<Sample nodeCount="30" insertCount="1851" extractCount="1839" duration="1398905"/>
			<Sample nodeCount="31" insertCount="1914" extractCount="1899" duration="1461919"/>
			<Sample nodeCount="32" insertCount="1977" extractCount="1959" duration="936924"/>
			<Sample nodeCount="33" insertCount="2041" extractCount="2018" duration="1537667"/>
			<Sample nodeCount="34" insertCount="2097" extractCount="2085" duration="1570546"/>
			<Sample nodeCount="35" insertCount="2160" extractCount="2145" duration="1632005"/>
			<Sample nodeCount="36" insertCount="2221" extractCount="2207" duration="1674244"/>
			<Sample nodeCount="37" insertCount="2285" extractCount="2266" duration="1738679"/>
			<Sample nodeCount="38" insertCount="2346" extractCount="2328" duration="1769726"/>
			<Sample nodeCount="39" insertCount="2408" extractCount="2389" duration="1826723"/>
			<Sample nodeCount="40" insertCount="2471" extractCount="2449" duration="1880378"/>
			<Sample nodeCount="41" insertCount="2531" extractCount="2512" duration="1923842"/>
			<Sample nodeCount="42" insertCount="2593" extractCount="2573" duration="1976798"/>
			<Sample nodeCount="43" insertCount="2656" extractCount="2633" duration="2037470"/>
			<Sample nodeCount="44" insertCount="2717" extractCount="2695" duration="2081366"/>
			<Sample nodeCount="45" insertCount="2776" extractCount="2759" duration="2119520"/>
			<Sample nodeCount="46" insertCount="2840" extractCount="2818" duration="2161553"/>
			<Sample nodeCount="47" insertCount="2902" extractCount="2879" duration="2243570"/>
			<Sample nodeCount="48" insertCount="2966" extractCount="2938" duration="2263881"/>
			<Sample nodeCount="49" insertCount="3026" extractCount="3001" duration="2329466"/>
			<Sample nodeCount="50" insertCount="3084" extractCount="3066" duration="2386716"/>
			<Sample nodeCount="51" insertCount="3151" extractCount="3122" duration="2422097"/>
			<Sample nodeCount="52" insertCount="3209" extractCount="3187" duration="2490524"/>
			<Sample nodeCount="53" insertCount="3273" extractCount="3246" duration="2534784"/>
			<Sample nodeCount="54" insertCount="3337" extractCount="3305" duration="2582576"/>
			<Sample nodeCount="55" insertCount="3400" extractCount="3365" duration="2628210"/>
			<Sample nodeCount="56" insertCount="3458" extractCount="3430" duration="2684879"/>
			<Sample nodeCount="57" insertCount="3521" extractCount="3490" duration="2736741"/>
			<Sample nodeCount="58" insertCount="3580" extractCount="3554" duration="2774520"/>
			<Sample nodeCount="59" insertCount="3647" extractCount="3610" duration="2819103"/>
			<Sample nodeCount="60" insertCount="3706" extractCount="3674" duration="2851692"/>
			<Sample nodeCount="61" insertCount="3766" extractCount="3737" duration="2910108"/>
			<Sample nodeCount="62" insertCount="3828" extractCount="3798" duration="2947989"/>
			<Sample nodeCount="63" insertCount="3888" extractCount="3861" duration="3020379"/>
			<Sample nodeCount="64" insertCount="3952" extractCount="3920" duration="1961693"/>
			<Sample nodeCount="65" insertCount="4014" extractCount="3981" duration="3084651"/>
			<Sample nodeCount="66" insertCount="4077" extractCount="4041" duration="3125922"/>
			<Sample nodeCount="67" insertCount="4136" extractCount="4105" duration="3165231"/>
			<Sample nodeCount="68" insertCount="4200" extractCount="4164" duration="3210943"/>
			<Sample nodeCount="69" insertCount="4263" extractCount="4224" duration="3269178"/>
			<Sample nodeCount="70" insertCount="4325" extractCount="4285" duration="3297100"/>
			<Sample nodeCount="71" insertCount="4381" extractCount="4352" duration="3369681"/>
			<Sample nodeCount="72" insertCount="4448" extractCount="4408" duration="3405525"/>
			<Sample nodeCount="73" insertCount="4507" extractCount="4472" duration="3461719"/>
			<Sample nodeCount="74" insertCount="4571" extractCount="4531" duration="3491889"/>
			<Sample nodeCount="75" insertCount="4631" extractCount="4594" duration="3550960"/>
			<Sample nodeCount="76" insertCount="4693" extractCount="4655" duration="3598269"/>
			<Sample nodeCount="77" insertCount="4755" extractCount="4716" duration="3659941"/>
			<Sample nodeCount="78" insertCount="4817" extractCount="4777" duration="3729109"/>
			<Sample nodeCount="79" insertCount="4877" extractCount="4840" duration="3770572"/>
			<Sample nodeCount="80" insertCount="4942" extractCount="4898" duration="3821140"/>
			<Sample nodeCount="81" insertCount="5002" extractCount="4961" duration="3869032"/>
			<Sample nodeCount="82" insertCount="5063" extractCount="5023" duration="3914743"/>
			<Sample nodeCount="83" insertCount="5124" extractCount="5085" duration="3973108"/>
			<Sample nodeCount="84" insertCount="5187" extractCount="5145" duration="4038631"/>
			<Sample nodeCount="85" insertCount="5250" extractCount="5205" duration="4067491"/>
			<Sample nodeCount="86" insertCount="5314" extractCount="5264" duration="4134364"/>
			<Sample nodeCount="87" insertCount="5374" extractCount="5327" duration="4206547"/>
			<Sample nodeCount="88" insertCount="5432" extractCount="5392" duration="4218887"/>
			<Sample nodeCount="89" insertCount="5490" extractCount="5457" duration="4285393"/>
			<Sample nodeCount="90" insertCount="5559" extractCount="5511" duration="4306295"/>
			<Sample nodeCount="91" insertCount="5621" extractCount="5572" duration="4347145"/>
			<Sample nodeCount="92" insertCount="5680" extractCount="5636" duration="4412446"/>
			<Sample nodeCount="93" insertCount="5740" extractCount="5699" duration="4475396"/>
			<Sample nodeCount="94" insertCount="5803" extractCount="5759" duration="4504756"/>
			<Sample nodeCount="95" insertCount="5862" extractCount="5823" duration="4571981"/>
			<Sample nodeCount="96" insertCount="5929" extractCount="5879" duration="4637971"/>
			<Sample nodeCount="97" insertCount="5993" extractCount="5938" duration="4690805"/>
			<Sample nodeCount="98" insertCount="6055" extractCount="5999" duration="4736291"/>
			<Sample nodeCount="99" insertCount="6113" extractCount="6064" duration="4806779"/>
			<Sample nodeCount="100" insertCount="6172" extractCount="6128" duration="4840496"/>
			<Sample nodeCount="101" insertCount="6238" extractCount="6185" duration="4889987"/>
			<Sample nodeCount="102" insertCount="6299" extractCount="6247" duration="4921865"/>
			<Sample nodeCount="103" insertCount="6363" extractCount="6306" duration="4999370"/>
			<Sample nodeCount="104" insertCount="6426" extractCount="6366" duration="5054297"/>
			<Sample nodeCount="105" insertCount="6481" extractCount="6434" duration="5089139"/>
			<Sample nodeCount="106" insertCount="6544" extractCount="6494" duration="5134508"/>
			<Sample nodeCount="107" insertCount="6607" extractCount="6554" duration="5183913"/>
			<Sample nodeCount="108" insertCount="6669" extractCount="6615" duration="5209001"/>
			<Sample nodeCount="109" insertCount="6732" extractCount="6675" duration="5278958"/>
			<Sample nodeCount="110" insertCount="6794" extractCount="6736" duration="5328441"/>
			<Sample nodeCount="111" insertCount="6852" extractCount="6801" duration="5392838"/>
			<Sample nodeCount="112" insertCount="6918" extractCount="6858" duration="5442332"/>
			<Sample nodeCount="113" insertCount="6981" extractCount="6918" duration="5486721"/>
			<Sample nodeCount="114" insertCount="7041" extractCount="6981" duration="5545802"/>
			<Sample nodeCount="115" insertCount="7103" extractCount="7042" duration="5617304"/>
			<Sample nodeCount="116" insertCount="7164" extractCount="7104" duration="5669163"/>
			<Sample nodeCount="117" insertCount="7225" extractCount="7166" duration="5720301"/>
			<Sample nodeCount="118" insertCount="7291" extractCount="7223" duration="5726900"/>
			<Sample nodeCount="119" insertCount="7350" extractCount="7287" duration="5832156"/>
			<Sample nodeCount="120" insertCount="7410" extractCount="7350" duration="5849370"/>
			<Sample nodeCount="121" insertCount="7471" extractCount="7412" duration="5915142"/>
			<Sample nodeCount="122" insertCount="7537" extractCount="7469" duration="5936277"/>
			<Sample nodeCount="123" insertCount="7593" extractCount="7536" duration="6002655"/>
			<Sample nodeCount="124" insertCount="7658" extractCount="7594" duration="6029226"/>
			<Sample nodeCount="125" insertCount="7718" extractCount="7657" duration="6094587"/>
			<Sample nodeCount="126" insertCount="7781" extractCount="7717" duration="6129918"/>
			<Sample nodeCount="127" insertCount="7840" extractCount="7781" duration="6217488"/>
		</SmallSetRandomOps>
		<LargeSetRandomOps>
		</LargeSetRandomOps>
		<SmallSetLinear>
			<Sample nodeCount="1" insertCount="10000" extractCount="10000" duration="796267"/>
			<Sample nodeCount="2" insertCount="10000" extractCount="10000" duration="2256836"/>
			<Sample nodeCount="3" insertCount="10000" extractCount="10000" duration="3627517"/>
			<Sample nodeCount="4" insertCount="10000" extractCount="10000" duration="5780430"/>
			<Sample nodeCount="5" insertCount="10000" extractCount="10000" duration="7895900"/>
			<Sample nodeCount="6" insertCount="10000" extractCount="10000" duration="10924577"/>
			<Sample nodeCount="7" insertCount="10000" extractCount="10000" duration="13190071"/>
			<Sample nodeCount="8" insertCount="10000" extractCount="10000" duration="15784243"/>
			<Sample nodeCount="9" insertCount="10000" extractCount="10000" duration="18036882"/>
			<Sample nodeCount="10" insertCount="10000" extractCount="10000" duration="21081993"/>
			<Sample nodeCount="11" insertCount="10000" extractCount="10000" duration="23670951"/>
			<Sample nodeCount="12" insertCount="10000" extractCount="10000" duration="27554740"/>
			<Sample nodeCount="13" insertCount="10000" extractCount="10000" duration="30366237"/>
			<Sample nodeCount="14" insertCount="10000" extractCount="10000" duration="34237049"/>
			<Sample nodeCount="15" insertCount="10000" extractCount="10000" duration="36793420"/>
			<Sample nodeCount="16" insertCount="10000" extractCount="10000" duration="40599784"/>
			<Sample nodeCount="17" insertCount="10000" extractCount="10000" duration="43386253"/>
			<Sample nodeCount="18" insertCount="10000" extractCount="10000" duration="47423145"/>
			<Sample nodeCount="19" insertCount="10000" extractCount="10000" duration="50588504"/>
			<Sample nodeCount="20" insertCount="10000" extractCount="10000" duration="53945894"/>
			<Sample nodeCount="21" insertCount="10000" extractCount="10000" duration="56610587"/>
			<Sample nodeCount="22" insertCount="10000" extractCount="10000" duration="61448804"/>
			<Sample nodeCount="23" insertCount="10000" extractCount="10000" duration="65234651"/>
			<Sample nodeCount="24" insertCount="10000" extractCount="10000" duration="68153940"/>
			<Sample nodeCount="25" insertCount="10000" extractCount="10000" duration="71709963"/>
			<Sample nodeCount="26" insertCount="10000" extractCount="10000" duration="77052068"/>
			<Sample nodeCount="27" insertCount="10000" extractCount="10000" duration="79879634"/>
			<Sample nodeCount="28" insertCount="10000" extractCount="10000" duration="82241287"/>
			<Sample nodeCount="29" insertCount="10000" extractCount="10000" duration="85099496"/>
			<Sample nodeCount="30" insertCount="10000" extractCount="10000" duration="91390666"/>
			<Sample nodeCount="31" insertCount="10000" extractCount="10000" duration="95043923"/>
			<Sample nodeCount="32" insertCount="10000" extractCount="10000" duration="97523947"/>
			<Sample nodeCount="33" insertCount="10000" extractCount="10000" duration="100701782"/>
			<Sample nodeCount="34" insertCount="10000" extractCount="10000" duration="105931966"/>
			<Sample nodeCount="35" insertCount="10000" extractCount="10000" duration="108995680"/>
			<Sample nodeCount="36" insertCount="10000" extractCount="10000" duration="111443850"/>
			<Sample nodeCount="37" insertCount="10000" extractCount="10000" duration="114441208"/>
			<Sample nodeCount="38" insertCount="10000" extractCount="10000" duration="120759088"/>
			<Sample nodeCount="39" insertCount="10000" extractCount="10000" duration="124204825"/>
			<Sample nodeCount="40" insertCount="10000" extractCount="10000" duration="126486927"/>
			<Sample nodeCount="41" insertCount="10000" extractCount="10000" duration="129220917"/>
			<Sample nodeCount="42" insertCount="10000" extractCount="10000" duration="134693258"/>
			<Sample nodeCount="43" insertCount="10000" extractCount="10000" duration="137515829"/>
			<Sample nodeCount="44" insertCount="10000" extractCount="10000" duration="139562497"/>
			<Sample nodeCount="45" insertCount="10000" extractCount="10000" duration="142525469"/>
			<Sample nodeCount="46" insertCount="10000" extractCount="10000" duration="149299799"/>
			<Sample nodeCount="47" insertCount="10000" extractCount="10000" duration="153098409"/>
			<Sample nodeCount="48" insertCount="10000" extractCount="10000" duration="155268125"/>
			<Sample nodeCount="49" insertCount="10000" extractCount="10000" duration="158491298"/>
			<Sample nodeCount="50" insertCount="10000" extractCount="10000" duration="164343549"/>
			<Sample nodeCount="51" insertCount="10000" extractCount="10000" duration="167538143"/>
			<Sample nodeCount="52" insertCount="10000" extractCount="10000" duration="169404163"/>
			<Sample nodeCount="53" insertCount="10000" extractCount="10000" duration="172826567"/>
			<Sample nodeCount="54" insertCount="10000" extractCount="10000" duration="180768130"/>
			<Sample nodeCount="55" insertCount="10000" extractCount="10000" duration="183992974"/>
			<Sample nodeCount="56" insertCount="10000" extractCount="10000" duration="185468597"/>
			<Sample nodeCount="57" insertCount="10000" extractCount="10000" duration="188684243"/>
			<Sample nodeCount="58" insertCount="10000" extractCount="10000" duration="195119914"/>
			<Sample nodeCount="59" insertCount="10000" extractCount="10000" duration="198252210"/>
			<Sample nodeCount="60" insertCount="10000" extractCount="10000" duration="199558442"/>
			<Sample nodeCount="61" insertCount="10000" extractCount="10000" duration="202866374"/>
			<Sample nodeCount="62" insertCount="10000" extractCount="10000" duration="213044163"/>
			<Sample nodeCount="63" insertCount="10000" extractCount="10000" duration="217679599"/>
			<Sample nodeCount="64" insertCount="10000" extractCount="10000" duration="219129495"/>
			<Sample nodeCount="65" insertCount="10000" extractCount="10000" duration="223079116"/>
			<Sample nodeCount="66" insertCount="10000" extractCount="10000" duration="229311158"/>
			<Sample nodeCount="67" insertCount="10000" extractCount="10000" duration="233389346"/>
			<Sample nodeCount="68" insertCount="10000" extractCount="10000" duration="234871326"/>
			<Sample nodeCount="69" insertCount="10000" extractCount="10000" duration="238794925"/>
			<Sample nodeCount="70" insertCount="10000" extractCount="10000" duration="247630372"/>
			<Sample nodeCount="71" insertCount="10000" extractCount="10000" duration="251349848"/>
			<Sample nodeCount="72" insertCount="10000" extractCount="10000" duration="252868000"/>
			<Sample nodeCount="73" insertCount="10000" extractCount="10000" duration="256531646"/>
			<Sample nodeCount="74" insertCount="10000" extractCount="10000" duration="263341578"/>
			<Sample nodeCount="75" insertCount="10000" extractCount="10000" duration="267327090"/>
			<Sample nodeCount="76" insertCount="10000" extractCount="10000" duration="268754783"/>
			<Sample nodeCount="77" insertCount="10000" extractCount="10000" duration="272542368"/>
			<Sample nodeCount="78" insertCount="10000" extractCount="10000" duration="282104004"/>
			<Sample nodeCount="79" insertCount="10000" extractCount="10000" duration="286114774"/>
			<Sample nodeCount="80" insertCount="10000" extractCount="10000" duration="287005142"/>
			<Sample nodeCount="81" insertCount="10000" extractCount="10000" duration="291114774"/>
			<Sample nodeCount="82" insertCount="10000" extractCount="10000" duration="298130815"/>
			<Sample nodeCount="83" insertCount="10000" extractCount="10000" duration="302043737"/>
			<Sample nodeCount="84" insertCount="10000" extractCount="10000" duration="302977929"/>
			<Sample nodeCount="85" insertCount="10000" extractCount="10000" duration="306723690"/>
			<Sample nodeCount="86" insertCount="10000" extractCount="10000" duration="315751533"/>
			<Sample nodeCount="87" insertCount="10000" extractCount="10000" duration="319625500"/>
			<Sample nodeCount="88" insertCount="10000" extractCount="10000" duration="320389869"/>
			<Sample nodeCount="89" insertCount="10000" extractCount="10000" duration="324539788"/>
			<Sample nodeCount="90" insertCount="10000" extractCount="10000" duration="331977263"/>
			<Sample nodeCount="91" insertCount="10000" extractCount="10000" duration="335588211"/>
			<Sample nodeCount="92" insertCount="10000" extractCount="10000" duration="336200760"/>
			<Sample nodeCount="93" insertCount="10000" extractCount="10000" duration="339892660"/>
			<Sample nodeCount="94" insertCount="10000" extractCount="10000" duration="350537582"/>
			<Sample nodeCount="95" insertCount="10000" extractCount="10000" duration="354316816"/>
			<Sample nodeCount="96" insertCount="10000" extractCount="10000" duration="354824176"/>
			<Sample nodeCount="97" insertCount="10000" extractCount="10000" duration="358693043"/>
			<Sample nodeCount="98" insertCount="10000" extractCount="10000" duration="367023766"/>
			<Sample nodeCount="99" insertCount="10000" extractCount="10000" duration="371108984"/>
			<Sample nodeCount="100" insertCount="10000" extractCount="10000" duration="371757149"/>
			<Sample nodeCount="101" insertCount="10000" extractCount="10000" duration="375523944"/>
			<Sample nodeCount="102" insertCount="10000" extractCount="10000" duration="385023808"/>
			<Sample nodeCount="103" insertCount="10000" extractCount="10000" duration="388969775"/>
			<Sample nodeCount="104" insertCount="10000" extractCount="10000" duration="389680089"/>
			<Sample nodeCount="105" insertCount="10000" extractCount="10000" duration="393165001"/>
			<Sample nodeCount="106" insertCount="10000" extractCount="10000" duration="401687580"/>
			<Sample nodeCount="107" insertCount="10000" extractCount="10000" duration="405921517"/>
			<Sample nodeCount="108" insertCount="10000" extractCount="10000" duration="406346123"/>
			<Sample nodeCount="109" insertCount="10000" extractCount="10000" duration="410325011"/>
			<Sample nodeCount="110" insertCount="10000" extractCount="10000" duration="420973387"/>
			<Sample nodeCount="111" insertCount="10000" extractCount="10000" duration="424984328"/>
			<Sample nodeCount="112" insertCount="10000" extractCount="10000" duration="425127749"/>
			<Sample nodeCount="113" insertCount="10000" extractCount="10000" duration="429123033"/>
			<Sample nodeCount="114" insertCount="10000" extractCount="10000" duration="438113124"/>
			<Sample nodeCount="115" insertCount="10000" extractCount="10000" duration="442063060"/>
			<Sample nodeCount="116" insertCount="10000" extractCount="10000" duration="441713947"/>
			<Sample nodeCount="117" insertCount="10000" extractCount="10000" duration="445583261"/>
			<Sample nodeCount="118" insertCount="10000" extractCount="10000" duration="456339624"/>
			<Sample nodeCount="119" insertCount="10000" extractCount="10000" duration="460094512"/>
			<Sample nodeCount="120" insertCount="10000" extractCount="10000" duration="459613144"/>
			<Sample nodeCount="121" insertCount="10000" extractCount="10000" duration="464002343"/>
			<Sample nodeCount="122" insertCount="10000" extractCount="10000" duration="473218715"/>
			<Sample nodeCount="123" insertCount="10000" extractCount="10000" duration="477228864"/>
			<Sample nodeCount="124" insertCount="10000" extractCount="10000" duration="476579510"/>
			<Sample nodeCount="125" insertCount="10000" extractCount="10000" duration="480556617"/>
			<Sample nodeCount="126" insertCount="10000" extractCount="10000" duration="495312897"/>
			<Sample nodeCount="127" insertCount="10000" extractCount="10000" duration="499628807"/>
		</SmallSetLinear>
		<LargeSetLinear>
		</LargeSetLinear>
	</RBTest>
	<RBTest implementation="BSD for RTEMS" nodeSize="16">
		<SmallSetRandomOps>
			<Sample nodeCount="1" insertCount="62" extractCount="61" duration="12900"/>
			<Sample nodeCount="2" insertCount="123" extractCount="123" duration="28887"/>
			<Sample nodeCount="3" insertCount="186" extractCount="183" duration="115491"/>
			<Sample nodeCount="4" insertCount="247" extractCount="245" duration="78327"/>
			<Sample nodeCount="5" insertCount="309" extractCount="306" duration="209937"/>
			<Sample nodeCount="6" insertCount="370" extractCount="368" duration="251670"/>
			<Sample nodeCount="7" insertCount="433" extractCount="428" duration="309376"/>
			<Sample nodeCount="8" insertCount="493" extractCount="491" duration="190789"/>
			<Sample nodeCount="9" insertCount="557" extractCount="550" duration="395337"/>
			<Sample nodeCount="10" insertCount="619" extractCount="611" duration="435285"/>
			<Sample nodeCount="11" insertCount="680" extractCount="673" duration="487018"/>
			<Sample nodeCount="12" insertCount="740" extractCount="736" duration="531109"/>
			<Sample nodeCount="13" insertCount="803" extractCount="796" duration="572184"/>
			<Sample nodeCount="14" insertCount="864" extractCount="858" duration="632731"/>
			<Sample nodeCount="15" insertCount="927" extractCount="918" duration="665416"/>
			<Sample nodeCount="16" insertCount="988" extractCount="980" duration="420423"/>
			<Sample nodeCount="17" insertCount="1050" extractCount="1041" duration="763969"/>
			<Sample nodeCount="18" insertCount="1113" extractCount="1101" duration="817297"/>
			<Sample nodeCount="19" insertCount="1172" extractCount="1165" duration="860611"/>
			<Sample nodeCount="20" insertCount="1237" extractCount="1223" duration="898195"/>
			<Sample nodeCount="21" insertCount="1296" extractCount="1287" duration="950821"/>
			<Sample nodeCount="22" insertCount="1359" extractCount="1347" duration="987658"/>
			<Sample nodeCount="23" insertCount="1419" extractCount="1410" duration="1037986"/>
			<Sample nodeCount="24" insertCount="1484" extractCount="1468" duration="1079857"/>
			<Sample nodeCount="25" insertCount="1544" extractCount="1531" duration="1131850"/>
			<Sample nodeCount="26" insertCount="1604" extractCount="1594" duration="1175870"/>
			<Sample nodeCount="27" insertCount="1668" extractCount="1653" duration="1218358"/>
			<Sample nodeCount="28" insertCount="1729" extractCount="1715" duration="1274750"/>
			<Sample nodeCount="29" insertCount="1790" extractCount="1777" duration="1325203"/>
			<Sample nodeCount="30" insertCount="1851" extractCount="1839" duration="1353010"/>
			<Sample nodeCount="31" insertCount="1914" extractCount="1899" duration="1403573"/>
			<Sample nodeCount="32" insertCount="1977" extractCount="1959" duration="883963"/>
			<Sample nodeCount="33" insertCount="2041" extractCount="2018" duration="1500407"/>
			<Sample nodeCount="34" insertCount="2097" extractCount="2085" duration="1519279"/>
			<Sample nodeCount="35" insertCount="2160" extractCount="2145" duration="1582337"/>
			<Sample nodeCount="36" insertCount="2221" extractCount="2207" duration="1622104"/>
			<Sample nodeCount="37" insertCount="2285" extractCount="2266" duration="1677689"/>
			<Sample nodeCount="38" insertCount="2346" extractCount="2328" duration="1728899"/>
			<Sample nodeCount="39" insertCount="2408" extractCount="2389" duration="1774919"/>
			<Sample nodeCount="40" insertCount="2471" extractCount="2449" duration="1807313"/>
			<Sample nodeCount="41" insertCount="2531" extractCount="2512" duration="1856437"/>
			<Sample nodeCount="42" insertCount="2593" extractCount="2573" duration="1900814"/>
			<Sample nodeCount="43" insertCount="2656" extractCount="2633" duration="1974959"/>
			<Sample nodeCount="44" insertCount="2717" extractCount="2695" duration="1992458"/>
			<Sample nodeCount="45" insertCount="2776" extractCount="2759" duration="2034956"/>
			<Sample nodeCount="46" insertCount="2840" extractCount="2818" duration="2096906"/>
			<Sample nodeCount="47" insertCount="2902" extractCount="2879" duration="2138138"/>
			<Sample nodeCount="48" insertCount="2966" extractCount="2938" duration="2194314"/>
			<Sample nodeCount="49" insertCount="3026" extractCount="3001" duration="2232509"/>
			<Sample nodeCount="50" insertCount="3084" extractCount="3066" duration="2277434"/>
			<Sample nodeCount="51" insertCount="3151" extractCount="3122" duration="2352992"/>
			<Sample nodeCount="52" insertCount="3209" extractCount="3187" duration="2377853"/>
			<Sample nodeCount="53" insertCount="3273" extractCount="3246" duration="2423130"/>
			<Sample nodeCount="54" insertCount="3337" extractCount="3305" duration="2498138"/>
			<Sample nodeCount="55" insertCount="3400" extractCount="3365" duration="2524563"/>
			<Sample nodeCount="56" insertCount="3458" extractCount="3430" duration="2580896"/>
			<Sample nodeCount="57" insertCount="3521" extractCount="3490" duration="2627124"/>
			<Sample nodeCount="58" insertCount="3580" extractCount="3554" duration="2665731"/>
			<Sample nodeCount="59" insertCount="3647" extractCount="3610" duration="2730114"/>
			<Sample nodeCount="60" insertCount="3706" extractCount="3674" duration="2754714"/>
			<Sample nodeCount="61" insertCount="3766" extractCount="3737" duration="2814839"/>
			<Sample nodeCount="62" insertCount="3828" extractCount="3798" duration="2856984"/>
			<Sample nodeCount="63" insertCount="3888" extractCount="3861" duration="2902107"/>
			<Sample nodeCount="64" insertCount="3952" extractCount="3920" duration="1826900"/>
			<Sample nodeCount="65" insertCount="4014" extractCount="3981" duration="2958000"/>
			<Sample nodeCount="66" insertCount="4077" extractCount="4041" duration="2988360"/>
			<Sample nodeCount="67" insertCount="4136" extractCount="4105" duration="3033879"/>
			<Sample nodeCount="68" insertCount="4200" extractCount="4164" duration="3061591"/>
			<Sample nodeCount="69" insertCount="4263" extractCount="4224" duration="3131532"/>
			<Sample nodeCount="70" insertCount="4325" extractCount="4285" duration="3187659"/>
			<Sample nodeCount="71" insertCount="4381" extractCount="4352" duration="3225156"/>
			<Sample nodeCount="72" insertCount="4448" extractCount="4408" duration="3254691"/>
			<Sample nodeCount="73" insertCount="4507" extractCount="4472" duration="3311644"/>
			<Sample nodeCount="74" insertCount="4571" extractCount="4531" duration="3368865"/>
			<Sample nodeCount="75" insertCount="4631" extractCount="4594" duration="3427579"/>
			<Sample nodeCount="76" insertCount="4693" extractCount="4655" duration="3480747"/>
			<Sample nodeCount="77" insertCount="4755" extractCount="4716" duration="3516985"/>
			<Sample nodeCount="78" insertCount="4817" extractCount="4777" duration="3567364"/>
			<Sample nodeCount="79" insertCount="4877" extractCount="4840" duration="3611949"/>
			<Sample nodeCount="80" insertCount="4942" extractCount="4898" duration="3645997"/>
			<Sample nodeCount="81" insertCount="5002" extractCount="4961" duration="3692616"/>
			<Sample nodeCount="82" insertCount="5063" extractCount="5023" duration="3745153"/>
			<Sample nodeCount="83" insertCount="5124" extractCount="5085" duration="3814873"/>
			<Sample nodeCount="84" insertCount="5187" extractCount="5145" duration="3847444"/>
			<Sample nodeCount="85" insertCount="5250" extractCount="5205" duration="3893710"/>
			<Sample nodeCount="86" insertCount="5314" extractCount="5264" duration="3957358"/>
			<Sample nodeCount="87" insertCount="5374" extractCount="5327" duration="3978382"/>
			<Sample nodeCount="88" insertCount="5432" extractCount="5392" duration="4064567"/>
			<Sample nodeCount="89" insertCount="5490" extractCount="5457" duration="4077136"/>
			<Sample nodeCount="90" insertCount="5559" extractCount="5511" duration="4114027"/>
			<Sample nodeCount="91" insertCount="5621" extractCount="5572" duration="4156879"/>
			<Sample nodeCount="92" insertCount="5680" extractCount="5636" duration="4198753"/>
			<Sample nodeCount="93" insertCount="5740" extractCount="5699" duration="4256614"/>
			<Sample nodeCount="94" insertCount="5803" extractCount="5759" duration="4319581"/>
			<Sample nodeCount="95" insertCount="5862" extractCount="5823" duration="4387613"/>
			<Sample nodeCount="96" insertCount="5929" extractCount="5879" duration="4418950"/>
			<Sample nodeCount="97" insertCount="5993" extractCount="5938" duration="4448915"/>
			<Sample nodeCount="98" insertCount="6055" extractCount="5999" duration="4504288"/>
			<Sample nodeCount="99" insertCount="6113" extractCount="6064" duration="4576186"/>
			<Sample nodeCount="100" insertCount="6172" extractCount="6128" duration="4610420"/>
			<Sample nodeCount="101" insertCount="6238" extractCount="6185" duration="4665871"/>
			<Sample nodeCount="102" insertCount="6299" extractCount="6247" duration="4705544"/>
			<Sample nodeCount="103" insertCount="6363" extractCount="6306" duration="4764632"/>
			<Sample nodeCount="104" insertCount="6426" extractCount="6366" duration="4797871"/>
			<Sample nodeCount="105" insertCount="6481" extractCount="6434" duration="4854806"/>
			<Sample nodeCount="106" insertCount="6544" extractCount="6494" duration="4937099"/>
			<Sample nodeCount="107" insertCount="6607" extractCount="6554" duration="4919527"/>
			<Sample nodeCount="108" insertCount="6669" extractCount="6615" duration="4999373"/>
			<Sample nodeCount="109" insertCount="6732" extractCount="6675" duration="5039318"/>
			<Sample nodeCount="110" insertCount="6794" extractCount="6736" duration="5065437"/>
			<Sample nodeCount="111" insertCount="6852" extractCount="6801" duration="5122652"/>
			<Sample nodeCount="112" insertCount="6918" extractCount="6858" duration="5212442"/>
			<Sample nodeCount="113" insertCount="6981" extractCount="6918" duration="5262627"/>
			<Sample nodeCount="114" insertCount="7041" extractCount="6981" duration="5270006"/>
			<Sample nodeCount="115" insertCount="7103" extractCount="7042" duration="5334839"/>
			<Sample nodeCount="116" insertCount="7164" extractCount="7104" duration="5358309"/>
			<Sample nodeCount="117" insertCount="7225" extractCount="7166" duration="5467079"/>
			<Sample nodeCount="118" insertCount="7291" extractCount="7223" duration="5480174"/>
			<Sample nodeCount="119" insertCount="7350" extractCount="7287" duration="5529927"/>
			<Sample nodeCount="120" insertCount="7410" extractCount="7350" duration="5545781"/>
			<Sample nodeCount="121" insertCount="7471" extractCount="7412" duration="5607908"/>
			<Sample nodeCount="122" insertCount="7537" extractCount="7469" duration="5632767"/>
			<Sample nodeCount="123" insertCount="7593" extractCount="7536" duration="5710811"/>
			<Sample nodeCount="124" insertCount="7658" extractCount="7594" duration="5768700"/>
			<Sample nodeCount="125" insertCount="7718" extractCount="7657" duration="5822460"/>
			<Sample nodeCount="126" insertCount="7781" extractCount="7717" duration="5828076"/>
			<Sample nodeCount="127" insertCount="7840" extractCount="7781" duration="5910720"/>
		</SmallSetRandomOps>
		<LargeSetRandomOps>
		</LargeSetRandomOps>
		<SmallSetLinear>
			<Sample nodeCount="1" insertCount="10000" extractCount="10000" duration="1089373"/>
			<Sample nodeCount="2" insertCount="10000" extractCount="10000" duration="2584860"/>
			<Sample nodeCount="3" insertCount="10000" extractCount="10000" duration="4043407"/>
			<Sample nodeCount="4" insertCount="10000" extractCount="10000" duration="6958690"/>
			<Sample nodeCount="5" insertCount="10000" extractCount="10000" duration="8976627"/>
			<Sample nodeCount="6" insertCount="10000" extractCount="10000" duration="10830487"/>
			<Sample nodeCount="7" insertCount="10000" extractCount="10000" duration="12715458"/>
			<Sample nodeCount="8" insertCount="10000" extractCount="10000" duration="15779452"/>
			<Sample nodeCount="9" insertCount="10000" extractCount="10000" duration="17633172"/>
			<Sample nodeCount="10" insertCount="10000" extractCount="10000" duration="21861235"/>
			<Sample nodeCount="11" insertCount="10000" extractCount="10000" duration="24182946"/>
			<Sample nodeCount="12" insertCount="10000" extractCount="10000" duration="27457438"/>
			<Sample nodeCount="13" insertCount="10000" extractCount="10000" duration="30284259"/>
			<Sample nodeCount="14" insertCount="10000" extractCount="10000" duration="33883648"/>
			<Sample nodeCount="15" insertCount="10000" extractCount="10000" duration="36695911"/>
			<Sample nodeCount="16" insertCount="10000" extractCount="10000" duration="39513460"/>
			<Sample nodeCount="17" insertCount="10000" extractCount="10000" duration="41955051"/>
			<Sample nodeCount="18" insertCount="10000" extractCount="10000" duration="45698713"/>
			<Sample nodeCount="19" insertCount="10000" extractCount="10000" duration="48543079"/>
			<Sample nodeCount="20" insertCount="10000" extractCount="10000" duration="51266661"/>
			<Sample nodeCount="21" insertCount="10000" extractCount="10000" duration="54333646"/>
			<Sample nodeCount="22" insertCount="10000" extractCount="10000" duration="59585135"/>
			<Sample nodeCount="23" insertCount="10000" extractCount="10000" duration="62429604"/>
			<Sample nodeCount="24" insertCount="10000" extractCount="10000" duration="64776440"/>
			<Sample nodeCount="25" insertCount="10000" extractCount="10000" duration="68536353"/>
			<Sample nodeCount="26" insertCount="10000" extractCount="10000" duration="72731106"/>
			<Sample nodeCount="27" insertCount="10000" extractCount="10000" duration="76209469"/>
			<Sample nodeCount="28" insertCount="10000" extractCount="10000" duration="78662977"/>
			<Sample nodeCount="29" insertCount="10000" extractCount="10000" duration="81658534"/>
			<Sample nodeCount="30" insertCount="10000" extractCount="10000" duration="85774376"/>
			<Sample nodeCount="31" insertCount="10000" extractCount="10000" duration="89746013"/>
			<Sample nodeCount="32" insertCount="10000" extractCount="10000" duration="91859194"/>
			<Sample nodeCount="33" insertCount="10000" extractCount="10000" duration="95102753"/>
			<Sample nodeCount="34" insertCount="10000" extractCount="10000" duration="99408612"/>
			<Sample nodeCount="35" insertCount="10000" extractCount="10000" duration="103019461"/>
			<Sample nodeCount="36" insertCount="10000" extractCount="10000" duration="105228708"/>
			<Sample nodeCount="37" insertCount="10000" extractCount="10000" duration="108475906"/>
			<Sample nodeCount="38" insertCount="10000" extractCount="10000" duration="113752317"/>
			<Sample nodeCount="39" insertCount="10000" extractCount="10000" duration="116977908"/>
			<Sample nodeCount="40" insertCount="10000" extractCount="10000" duration="119333769"/>
			<Sample nodeCount="41" insertCount="10000" extractCount="10000" duration="123157233"/>
			<Sample nodeCount="42" insertCount="10000" extractCount="10000" duration="125640168"/>
			<Sample nodeCount="43" insertCount="10000" extractCount="10000" duration="128903664"/>
			<Sample nodeCount="44" insertCount="10000" extractCount="10000" duration="131316015"/>
			<Sample nodeCount="45" insertCount="10000" extractCount="10000" duration="133884545"/>
			<Sample nodeCount="46" insertCount="10000" extractCount="10000" duration="140840052"/>
			<Sample nodeCount="47" insertCount="10000" extractCount="10000" duration="144361081"/>
			<Sample nodeCount="48" insertCount="10000" extractCount="10000" duration="147387039"/>
			<Sample nodeCount="49" insertCount="10000" extractCount="10000" duration="150804778"/>
			<Sample nodeCount="50" insertCount="10000" extractCount="10000" duration="154546135"/>
			<Sample nodeCount="51" insertCount="10000" extractCount="10000" duration="159070446"/>
			<Sample nodeCount="52" insertCount="10000" extractCount="10000" duration="161230013"/>
			<Sample nodeCount="53" insertCount="10000" extractCount="10000" duration="163960655"/>
			<Sample nodeCount="54" insertCount="10000" extractCount="10000" duration="169985033"/>
			<Sample nodeCount="55" insertCount="10000" extractCount="10000" duration="174084564"/>
			<Sample nodeCount="56" insertCount="10000" extractCount="10000" duration="176630526"/>
			<Sample nodeCount="57" insertCount="10000" extractCount="10000" duration="180217785"/>
			<Sample nodeCount="58" insertCount="10000" extractCount="10000" duration="182323755"/>
			<Sample nodeCount="59" insertCount="10000" extractCount="10000" duration="185015657"/>
			<Sample nodeCount="60" insertCount="10000" extractCount="10000" duration="187570661"/>
			<Sample nodeCount="61" insertCount="10000" extractCount="10000" duration="190625876"/>
			<Sample nodeCount="62" insertCount="10000" extractCount="10000" duration="196605914"/>
			<Sample nodeCount="63" insertCount="10000" extractCount="10000" duration="201388746"/>
			<Sample nodeCount="64" insertCount="10000" extractCount="10000" duration="203735702"/>
			<Sample nodeCount="65" insertCount="10000" extractCount="10000" duration="207400488"/>
			<Sample nodeCount="66" insertCount="10000" extractCount="10000" duration="211665698"/>
			<Sample nodeCount="67" insertCount="10000" extractCount="10000" duration="215091047"/>
			<Sample nodeCount="68" insertCount="10000" extractCount="10000" duration="217431596"/>
			<Sample nodeCount="69" insertCount="10000" extractCount="10000" duration="220859102"/>
			<Sample nodeCount="70" insertCount="10000" extractCount="10000" duration="227981490"/>
			<Sample nodeCount="71" insertCount="10000" extractCount="10000" duration="231289041"/>
			<Sample nodeCount="72" insertCount="10000" extractCount="10000" duration="232641575"/>
			<Sample nodeCount="73" insertCount="10000" extractCount="10000" duration="235580693"/>
			<Sample nodeCount="74" insertCount="10000" extractCount="10000" duration="241227076"/>
			<Sample nodeCount="75" insertCount="10000" extractCount="10000" duration="243874540"/>
			<Sample nodeCount="76" insertCount="10000" extractCount="10000" duration="246452272"/>
			<Sample nodeCount="77" insertCount="10000" extractCount="10000" duration="248999574"/>
			<Sample nodeCount="78" insertCount="10000" extractCount="10000" duration="255697903"/>
			<Sample nodeCount="79" insertCount="10000" extractCount="10000" duration="258737518"/>
			<Sample nodeCount="80" insertCount="10000" extractCount="10000" duration="260925387"/>
			<Sample nodeCount="81" insertCount="10000" extractCount="10000" duration="264023337"/>
			<Sample nodeCount="82" insertCount="10000" extractCount="10000" duration="268394296"/>
			<Sample nodeCount="83" insertCount="10000" extractCount="10000" duration="272640515"/>
			<Sample nodeCount="84" insertCount="10000" extractCount="10000" duration="274247390"/>
			<Sample nodeCount="85" insertCount="10000" extractCount="10000" duration="277514767"/>
			<Sample nodeCount="86" insertCount="10000" extractCount="10000" duration="284120171"/>
			<Sample nodeCount="87" insertCount="10000" extractCount="10000" duration="287065115"/>
			<Sample nodeCount="88" insertCount="10000" extractCount="10000" duration="288156280"/>
			<Sample nodeCount="89" insertCount="10000" extractCount="10000" duration="292038013"/>
			<Sample nodeCount="90" insertCount="10000" extractCount="10000" duration="296820639"/>
			<Sample nodeCount="91" insertCount="10000" extractCount="10000" duration="299377611"/>
			<Sample nodeCount="92" insertCount="10000" extractCount="10000" duration="302176364"/>
			<Sample nodeCount="93" insertCount="10000" extractCount="10000" duration="305656545"/>
			<Sample nodeCount="94" insertCount="10000" extractCount="10000" duration="313650245"/>
			<Sample nodeCount="95" insertCount="10000" extractCount="10000" duration="317634300"/>
			<Sample nodeCount="96" insertCount="10000" extractCount="10000" duration="319313686"/>
			<Sample nodeCount="97" insertCount="10000" extractCount="10000" duration="323794436"/>
			<Sample nodeCount="98" insertCount="10000" extractCount="10000" duration="327611298"/>
			<Sample nodeCount="99" insertCount="10000" extractCount="10000" duration="332955927"/>
			<Sample nodeCount="100" insertCount="10000" extractCount="10000" duration="334597591"/>
			<Sample nodeCount="101" insertCount="10000" extractCount="10000" duration="338205428"/>
			<Sample nodeCount="102" insertCount="10000" extractCount="10000" duration="343728755"/>
			<Sample nodeCount="103" insertCount="10000" extractCount="10000" duration="346558526"/>
			<Sample nodeCount="104" insertCount="10000" extractCount="10000" duration="349818269"/>
			<Sample nodeCount="105" insertCount="10000" extractCount="10000" duration="353093661"/>
			<Sample nodeCount="106" insertCount="10000" extractCount="10000" duration="358457920"/>
			<Sample nodeCount="107" insertCount="10000" extractCount="10000" duration="362544986"/>
			<Sample nodeCount="108" insertCount="10000" extractCount="10000" duration="362542286"/>
			<Sample nodeCount="109" insertCount="10000" extractCount="10000" duration="366984055"/>
			<Sample nodeCount="110" insertCount="10000" extractCount="10000" duration="374029799"/>
			<Sample nodeCount="111" insertCount="10000" extractCount="10000" duration="377485623"/>
			<Sample nodeCount="112" insertCount="10000" extractCount="10000" duration="379446578"/>
			<Sample nodeCount="113" insertCount="10000" extractCount="10000" duration="383250965"/>
			<Sample nodeCount="114" insertCount="10000" extractCount="10000" duration="387249048"/>
			<Sample nodeCount="115" insertCount="10000" extractCount="10000" duration="391487900"/>
			<Sample nodeCount="116" insertCount="10000" extractCount="10000" duration="392655567"/>
			<Sample nodeCount="117" insertCount="10000" extractCount="10000" duration="396237732"/>
			<Sample nodeCount="118" insertCount="10000" extractCount="10000" duration="402467787"/>
			<Sample nodeCount="119" insertCount="10000" extractCount="10000" duration="406489775"/>
			<Sample nodeCount="120" insertCount="10000" extractCount="10000" duration="408023175"/>
			<Sample nodeCount="121" insertCount="10000" extractCount="10000" duration="411675747"/>
			<Sample nodeCount="122" insertCount="10000" extractCount="10000" duration="415505956"/>
			<Sample nodeCount="123" insertCount="10000" extractCount="10000" duration="418908617"/>
			<Sample nodeCount="124" insertCount="10000" extractCount="10000" duration="421064443"/>
			<Sample nodeCount="125" insertCount="10000" extractCount="10000" duration="424266076"/>
			<Sample nodeCount="126" insertCount="10000" extractCount="10000" duration="432612483"/>
			<Sample nodeCount="127" insertCount="10000" extractCount="10000" duration="436859411"/>
		</SmallSetLinear>
		<LargeSetLinear>
		</LargeSetLinear>
	</RBTest>
	<RBTest implementation="RB Old" nodeSize="16">
		<SmallSetRandomOps>
			<Sample nodeCount="1" insertCount="62" extractCount="61" duration="10497"/>
			<Sample nodeCount="2" insertCount="123" extractCount="123" duration="26484"/>
			<Sample nodeCount="3" insertCount="186" extractCount="183" duration="113544"/>
			<Sample nodeCount="4" insertCount="247" extractCount="245" duration="73491"/>
			<Sample nodeCount="5" insertCount="309" extractCount="306" duration="210123"/>
			<Sample nodeCount="6" insertCount="370" extractCount="368" duration="250380"/>
			<Sample nodeCount="7" insertCount="433" extractCount="428" duration="301492"/>
			<Sample nodeCount="8" insertCount="493" extractCount="491" duration="187620"/>
			<Sample nodeCount="9" insertCount="557" extractCount="550" duration="393900"/>
			<Sample nodeCount="10" insertCount="619" extractCount="611" duration="431517"/>
			<Sample nodeCount="11" insertCount="680" extractCount="673" duration="480121"/>
			<Sample nodeCount="12" insertCount="740" extractCount="736" duration="524703"/>
			<Sample nodeCount="13" insertCount="803" extractCount="796" duration="570165"/>
			<Sample nodeCount="14" insertCount="864" extractCount="858" duration="622225"/>
			<Sample nodeCount="15" insertCount="927" extractCount="918" duration="662572"/>
			<Sample nodeCount="16" insertCount="988" extractCount="980" duration="417294"/>
			<Sample nodeCount="17" insertCount="1050" extractCount="1041" duration="757378"/>
			<Sample nodeCount="18" insertCount="1113" extractCount="1101" duration="807768"/>
			<Sample nodeCount="19" insertCount="1172" extractCount="1165" duration="856825"/>
			<Sample nodeCount="20" insertCount="1237" extractCount="1223" duration="887866"/>
			<Sample nodeCount="21" insertCount="1296" extractCount="1287" duration="938338"/>
			<Sample nodeCount="22" insertCount="1359" extractCount="1347" duration="978106"/>
			<Sample nodeCount="23" insertCount="1419" extractCount="1410" duration="1030345"/>
			<Sample nodeCount="24" insertCount="1484" extractCount="1468" duration="1078528"/>
			<Sample nodeCount="25" insertCount="1544" extractCount="1531" duration="1119730"/>
			<Sample nodeCount="26" insertCount="1604" extractCount="1594" duration="1170764"/>
			<Sample nodeCount="27" insertCount="1668" extractCount="1653" duration="1219174"/>
			<Sample nodeCount="28" insertCount="1729" extractCount="1715" duration="1271857"/>
			<Sample nodeCount="29" insertCount="1790" extractCount="1777" duration="1310272"/>
			<Sample nodeCount="30" insertCount="1851" extractCount="1839" duration="1358032"/>
			<Sample nodeCount="31" insertCount="1914" extractCount="1899" duration="1403474"/>
			<Sample nodeCount="32" insertCount="1977" extractCount="1959" duration="898588"/>
			<Sample nodeCount="33" insertCount="2041" extractCount="2018" duration="1489301"/>
			<Sample nodeCount="34" insertCount="2097" extractCount="2085" duration="1520917"/>
			<Sample nodeCount="35" insertCount="2160" extractCount="2145" duration="1574813"/>
			<Sample nodeCount="36" insertCount="2221" extractCount="2207" duration="1617869"/>
			<Sample nodeCount="37" insertCount="2285" extractCount="2266" duration="1666400"/>
			<Sample nodeCount="38" insertCount="2346" extractCount="2328" duration="1710089"/>
			<Sample nodeCount="39" insertCount="2408" extractCount="2389" duration="1764880"/>
			<Sample nodeCount="40" insertCount="2471" extractCount="2449" duration="1796090"/>
			<Sample nodeCount="41" insertCount="2531" extractCount="2512" duration="1856975"/>
			<Sample nodeCount="42" insertCount="2593" extractCount="2573" duration="1895879"/>
			<Sample nodeCount="43" insertCount="2656" extractCount="2633" duration="1957577"/>
			<Sample nodeCount="44" insertCount="2717" extractCount="2695" duration="1998368"/>
			<Sample nodeCount="45" insertCount="2776" extractCount="2759" duration="2029076"/>
			<Sample nodeCount="46" insertCount="2840" extractCount="2818" duration="2081658"/>
			<Sample nodeCount="47" insertCount="2902" extractCount="2879" duration="2131139"/>
			<Sample nodeCount="48" insertCount="2966" extractCount="2938" duration="2193434"/>
			<Sample nodeCount="49" insertCount="3026" extractCount="3001" duration="2222720"/>
			<Sample nodeCount="50" insertCount="3084" extractCount="3066" duration="2291795"/>
			<Sample nodeCount="51" insertCount="3151" extractCount="3122" duration="2331798"/>
			<Sample nodeCount="52" insertCount="3209" extractCount="3187" duration="2366768"/>
			<Sample nodeCount="53" insertCount="3273" extractCount="3246" duration="2422836"/>
			<Sample nodeCount="54" insertCount="3337" extractCount="3305" duration="2484356"/>
			<Sample nodeCount="55" insertCount="3400" extractCount="3365" duration="2523816"/>
			<Sample nodeCount="56" insertCount="3458" extractCount="3430" duration="2568123"/>
			<Sample nodeCount="57" insertCount="3521" extractCount="3490" duration="2616008"/>
			<Sample nodeCount="58" insertCount="3580" extractCount="3554" duration="2656884"/>
			<Sample nodeCount="59" insertCount="3647" extractCount="3610" duration="2708084"/>
			<Sample nodeCount="60" insertCount="3706" extractCount="3674" duration="2741199"/>
			<Sample nodeCount="61" insertCount="3766" extractCount="3737" duration="2809119"/>
			<Sample nodeCount="62" insertCount="3828" extractCount="3798" duration="2838747"/>
			<Sample nodeCount="63" insertCount="3888" extractCount="3861" duration="2900601"/>
			<Sample nodeCount="64" insertCount="3952" extractCount="3920" duration="1845332"/>
			<Sample nodeCount="65" insertCount="4014" extractCount="3981" duration="2946864"/>
			<Sample nodeCount="66" insertCount="4077" extractCount="4041" duration="2984019"/>
			<Sample nodeCount="67" insertCount="4136" extractCount="4105" duration="3048279"/>
			<Sample nodeCount="68" insertCount="4200" extractCount="4164" duration="3070518"/>
			<Sample nodeCount="69" insertCount="4263" extractCount="4224" duration="3117492"/>
			<Sample nodeCount="70" insertCount="4325" extractCount="4285" duration="3180507"/>
			<Sample nodeCount="71" insertCount="4381" extractCount="4352" duration="3210018"/>
			<Sample nodeCount="72" insertCount="4448" extractCount="4408" duration="3251472"/>
			<Sample nodeCount="73" insertCount="4507" extractCount="4472" duration="3302269"/>
			<Sample nodeCount="74" insertCount="4571" extractCount="4531" duration="3362565"/>
			<Sample nodeCount="75" insertCount="4631" extractCount="4594" duration="3419935"/>
			<Sample nodeCount="76" insertCount="4693" extractCount="4655" duration="3463686"/>
			<Sample nodeCount="77" insertCount="4755" extractCount="4716" duration="3509964"/>
			<Sample nodeCount="78" insertCount="4817" extractCount="4777" duration="3545980"/>
			<Sample nodeCount="79" insertCount="4877" extractCount="4840" duration="3609060"/>
			<Sample nodeCount="80" insertCount="4942" extractCount="4898" duration="3628111"/>
			<Sample nodeCount="81" insertCount="5002" extractCount="4961" duration="3682251"/>
			<Sample nodeCount="82" insertCount="5063" extractCount="5023" duration="3718297"/>
			<Sample nodeCount="83" insertCount="5124" extractCount="5085" duration="3800317"/>
			<Sample nodeCount="84" insertCount="5187" extractCount="5145" duration="3838684"/>
			<Sample nodeCount="85" insertCount="5250" extractCount="5205" duration="3888946"/>
			<Sample nodeCount="86" insertCount="5314" extractCount="5264" duration="3953502"/>
			<Sample nodeCount="87" insertCount="5374" extractCount="5327" duration="3987574"/>
			<Sample nodeCount="88" insertCount="5432" extractCount="5392" duration="4057759"/>
			<Sample nodeCount="89" insertCount="5490" extractCount="5457" duration="4071151"/>
			<Sample nodeCount="90" insertCount="5559" extractCount="5511" duration="4096753"/>
			<Sample nodeCount="91" insertCount="5621" extractCount="5572" duration="4156480"/>
			<Sample nodeCount="92" insertCount="5680" extractCount="5636" duration="4218343"/>
			<Sample nodeCount="93" insertCount="5740" extractCount="5699" duration="4267940"/>
			<Sample nodeCount="94" insertCount="5803" extractCount="5759" duration="4306999"/>
			<Sample nodeCount="95" insertCount="5862" extractCount="5823" duration="4380281"/>
			<Sample nodeCount="96" insertCount="5929" extractCount="5879" duration="4400239"/>
			<Sample nodeCount="97" insertCount="5993" extractCount="5938" duration="4445308"/>
			<Sample nodeCount="98" insertCount="6055" extractCount="5999" duration="4498865"/>
			<Sample nodeCount="99" insertCount="6113" extractCount="6064" duration="4565080"/>
			<Sample nodeCount="100" insertCount="6172" extractCount="6128" duration="4614140"/>
			<Sample nodeCount="101" insertCount="6238" extractCount="6185" duration="4663193"/>
			<Sample nodeCount="102" insertCount="6299" extractCount="6247" duration="4702735"/>
			<Sample nodeCount="103" insertCount="6363" extractCount="6306" duration="4771847"/>
			<Sample nodeCount="104" insertCount="6426" extractCount="6366" duration="4800332"/>
			<Sample nodeCount="105" insertCount="6481" extractCount="6434" duration="4862255"/>
			<Sample nodeCount="106" insertCount="6544" extractCount="6494" duration="4922924"/>
			<Sample nodeCount="107" insertCount="6607" extractCount="6554" duration="4924724"/>
			<Sample nodeCount="108" insertCount="6669" extractCount="6615" duration="4999385"/>
			<Sample nodeCount="109" insertCount="6732" extractCount="6675" duration="5048573"/>
			<Sample nodeCount="110" insertCount="6794" extractCount="6736" duration="5079179"/>
			<Sample nodeCount="111" insertCount="6852" extractCount="6801" duration="5140004"/>
			<Sample nodeCount="112" insertCount="6918" extractCount="6858" duration="5207222"/>
			<Sample nodeCount="113" insertCount="6981" extractCount="6918" duration="5259263"/>
			<Sample nodeCount="114" insertCount="7041" extractCount="6981" duration="5290814"/>
			<Sample nodeCount="115" insertCount="7103" extractCount="7042" duration="5332676"/>
			<Sample nodeCount="116" insertCount="7164" extractCount="7104" duration="5371530"/>
			<Sample nodeCount="117" insertCount="7225" extractCount="7166" duration="5471064"/>
			<Sample nodeCount="118" insertCount="7291" extractCount="7223" duration="5499605"/>
			<Sample nodeCount="119" insertCount="7350" extractCount="7287" duration="5547345"/>
			<Sample nodeCount="120" insertCount="7410" extractCount="7350" duration="5575794"/>
			<Sample nodeCount="121" insertCount="7471" extractCount="7412" duration="5642408"/>
			<Sample nodeCount="122" insertCount="7537" extractCount="7469" duration="5638845"/>
			<Sample nodeCount="123" insertCount="7593" extractCount="7536" duration="5729583"/>
			<Sample nodeCount="124" insertCount="7658" extractCount="7594" duration="5757353"/>
			<Sample nodeCount="125" insertCount="7718" extractCount="7657" duration="5812686"/>
			<Sample nodeCount="126" insertCount="7781" extractCount="7717" duration="5833656"/>
			<Sample nodeCount="127" insertCount="7840" extractCount="7781" duration="5931273"/>
		</SmallSetRandomOps>
		<LargeSetRandomOps>
		</LargeSetRandomOps>
		<SmallSetLinear>
			<Sample nodeCount="1" insertCount="10000" extractCount="10000" duration="736480"/>
			<Sample nodeCount="2" insertCount="10000" extractCount="10000" duration="1705298"/>
			<Sample nodeCount="3" insertCount="10000" extractCount="10000" duration="3498886"/>
			<Sample nodeCount="4" insertCount="10000" extractCount="10000" duration="5993694"/>
			<Sample nodeCount="5" insertCount="10000" extractCount="10000" duration="8125079"/>
			<Sample nodeCount="6" insertCount="10000" extractCount="10000" duration="10540501"/>
			<Sample nodeCount="7" insertCount="10000" extractCount="10000" duration="13301459"/>
			<Sample nodeCount="8" insertCount="10000" extractCount="10000" duration="15999469"/>
			<Sample nodeCount="9" insertCount="10000" extractCount="10000" duration="18864004"/>
			<Sample nodeCount="10" insertCount="10000" extractCount="10000" duration="22255678"/>
			<Sample nodeCount="11" insertCount="10000" extractCount="10000" duration="25109827"/>
			<Sample nodeCount="12" insertCount="10000" extractCount="10000" duration="29088074"/>
			<Sample nodeCount="13" insertCount="10000" extractCount="10000" duration="31892216"/>
			<Sample nodeCount="14" insertCount="10000" extractCount="10000" duration="35935296"/>
			<Sample nodeCount="15" insertCount="10000" extractCount="10000" duration="39220938"/>
			<Sample nodeCount="16" insertCount="10000" extractCount="10000" duration="42984469"/>
			<Sample nodeCount="17" insertCount="10000" extractCount="10000" duration="45902959"/>
			<Sample nodeCount="18" insertCount="10000" extractCount="10000" duration="50848185"/>
			<Sample nodeCount="19" insertCount="10000" extractCount="10000" duration="54294531"/>
			<Sample nodeCount="20" insertCount="10000" extractCount="10000" duration="57915421"/>
			<Sample nodeCount="21" insertCount="10000" extractCount="10000" duration="61125223"/>
			<Sample nodeCount="22" insertCount="10000" extractCount="10000" duration="65748881"/>
			<Sample nodeCount="23" insertCount="10000" extractCount="10000" duration="69344589"/>
			<Sample nodeCount="24" insertCount="10000" extractCount="10000" duration="73691009"/>
			<Sample nodeCount="25" insertCount="10000" extractCount="10000" duration="76772714"/>
			<Sample nodeCount="26" insertCount="10000" extractCount="10000" duration="82103632"/>
			<Sample nodeCount="27" insertCount="10000" extractCount="10000" duration="86466117"/>
			<Sample nodeCount="28" insertCount="10000" extractCount="10000" duration="90689044"/>
			<Sample nodeCount="29" insertCount="10000" extractCount="10000" duration="93583509"/>
			<Sample nodeCount="30" insertCount="10000" extractCount="10000" duration="97585301"/>
			<Sample nodeCount="31" insertCount="10000" extractCount="10000" duration="102043533"/>
			<Sample nodeCount="32" insertCount="10000" extractCount="10000" duration="106920823"/>
			<Sample nodeCount="33" insertCount="10000" extractCount="10000" duration="109453264"/>
			<Sample nodeCount="34" insertCount="10000" extractCount="10000" duration="114661708"/>
			<Sample nodeCount="35" insertCount="10000" extractCount="10000" duration="119440530"/>
			<Sample nodeCount="36" insertCount="10000" extractCount="10000" duration="122402108"/>
			<Sample nodeCount="37" insertCount="10000" extractCount="10000" duration="126249855"/>
			<Sample nodeCount="38" insertCount="10000" extractCount="10000" duration="132172470"/>
			<Sample nodeCount="39" insertCount="10000" extractCount="10000" duration="135342960"/>
			<Sample nodeCount="40" insertCount="10000" extractCount="10000" duration="140603781"/>
			<Sample nodeCount="41" insertCount="10000" extractCount="10000" duration="142657895"/>
			<Sample nodeCount="42" insertCount="10000" extractCount="10000" duration="148291738"/>
			<Sample nodeCount="43" insertCount="10000" extractCount="10000" duration="151479862"/>
			<Sample nodeCount="44" insertCount="10000" extractCount="10000" duration="156233959"/>
			<Sample nodeCount="45" insertCount="10000" extractCount="10000" duration="159230553"/>
			<Sample nodeCount="46" insertCount="10000" extractCount="10000" duration="164585859"/>
			<Sample nodeCount="47" insertCount="10000" extractCount="10000" duration="169313405"/>
			<Sample nodeCount="48" insertCount="10000" extractCount="10000" duration="174898405"/>
			<Sample nodeCount="49" insertCount="10000" extractCount="10000" duration="178103293"/>
			<Sample nodeCount="50" insertCount="10000" extractCount="10000" duration="183664762"/>
			<Sample nodeCount="51" insertCount="10000" extractCount="10000" duration="186447244"/>
			<Sample nodeCount="52" insertCount="10000" extractCount="10000" duration="191194940"/>
			<Sample nodeCount="53" insertCount="10000" extractCount="10000" duration="194919975"/>
			<Sample nodeCount="54" insertCount="10000" extractCount="10000" duration="201558885"/>
			<Sample nodeCount="55" insertCount="10000" extractCount="10000" duration="205208801"/>
			<Sample nodeCount="56" insertCount="10000" extractCount="10000" duration="209266214"/>
			<Sample nodeCount="57" insertCount="10000" extractCount="10000" duration="212595663"/>
			<Sample nodeCount="58" insertCount="10000" extractCount="10000" duration="217110139"/>
			<Sample nodeCount="59" insertCount="10000" extractCount="10000" duration="221975253"/>
			<Sample nodeCount="60" insertCount="10000" extractCount="10000" duration="226120756"/>
			<Sample nodeCount="61" insertCount="10000" extractCount="10000" duration="229461557"/>
			<Sample nodeCount="62" insertCount="10000" extractCount="10000" duration="235479805"/>
			<Sample nodeCount="63" insertCount="10000" extractCount="10000" duration="239427326"/>
			<Sample nodeCount="64" insertCount="10000" extractCount="10000" duration="244746602"/>
			<Sample nodeCount="65" insertCount="10000" extractCount="10000" duration="248697336"/>
			<Sample nodeCount="66" insertCount="10000" extractCount="10000" duration="254357034"/>
			<Sample nodeCount="67" insertCount="10000" extractCount="10000" duration="257251208"/>
			<Sample nodeCount="68" insertCount="10000" extractCount="10000" duration="262111873"/>
			<Sample nodeCount="69" insertCount="10000" extractCount="10000" duration="266498267"/>
			<Sample nodeCount="70" insertCount="10000" extractCount="10000" duration="271741195"/>
			<Sample nodeCount="71" insertCount="10000" extractCount="10000" duration="277840241"/>
			<Sample nodeCount="72" insertCount="10000" extractCount="10000" duration="282492948"/>
			<Sample nodeCount="73" insertCount="10000" extractCount="10000" duration="285206676"/>
			<Sample nodeCount="74" insertCount="10000" extractCount="10000" duration="288776908"/>
			<Sample nodeCount="75" insertCount="10000" extractCount="10000" duration="295165969"/>
			<Sample nodeCount="76" insertCount="10000" extractCount="10000" duration="299164484"/>
			<Sample nodeCount="77" insertCount="10000" extractCount="10000" duration="301351123"/>
			<Sample nodeCount="78" insertCount="10000" extractCount="10000" duration="308986653"/>
			<Sample nodeCount="79" insertCount="10000" extractCount="10000" duration="313365826"/>
			<Sample nodeCount="80" insertCount="10000" extractCount="10000" duration="319787498"/>
			<Sample nodeCount="81" insertCount="10000" extractCount="10000" duration="319942202"/>
			<Sample nodeCount="82" insertCount="10000" extractCount="10000" duration="327666585"/>
			<Sample nodeCount="83" insertCount="10000" extractCount="10000" duration="330685308"/>
			<Sample nodeCount="84" insertCount="10000" extractCount="10000" duration="336004836"/>
			<Sample nodeCount="85" insertCount="10000" extractCount="10000" duration="339714193"/>
			<Sample nodeCount="86" insertCount="10000" extractCount="10000" duration="343908314"/>
			<Sample nodeCount="87" insertCount="10000" extractCount="10000" duration="349213834"/>
			<Sample nodeCount="88" insertCount="10000" extractCount="10000" duration="355332983"/>
			<Sample nodeCount="89" insertCount="10000" extractCount="10000" duration="357219042"/>
			<Sample nodeCount="90" insertCount="10000" extractCount="10000" duration="362699021"/>
			<Sample nodeCount="91" insertCount="10000" extractCount="10000" duration="365393117"/>
			<Sample nodeCount="92" insertCount="10000" extractCount="10000" duration="370774730"/>
			<Sample nodeCount="93" insertCount="10000" extractCount="10000" duration="375092151"/>
			<Sample nodeCount="94" insertCount="10000" extractCount="10000" duration="382934564"/>
			<Sample nodeCount="95" insertCount="10000" extractCount="10000" duration="387542949"/>
			<Sample nodeCount="96" insertCount="10000" extractCount="10000" duration="391358620"/>
			<Sample nodeCount="97" insertCount="10000" extractCount="10000" duration="395036981"/>
			<Sample nodeCount="98" insertCount="10000" extractCount="10000" duration="400613917"/>
			<Sample nodeCount="99" insertCount="10000" extractCount="10000" duration="406427777"/>
			<Sample nodeCount="100" insertCount="10000" extractCount="10000" duration="410397773"/>
			<Sample nodeCount="101" insertCount="10000" extractCount="10000" duration="414025050"/>
			<Sample nodeCount="102" insertCount="10000" extractCount="10000" duration="421128067"/>
			<Sample nodeCount="103" insertCount="10000" extractCount="10000" duration="424837751"/>
			<Sample nodeCount="104" insertCount="10000" extractCount="10000" duration="430251727"/>
			<Sample nodeCount="105" insertCount="10000" extractCount="10000" duration="433057625"/>
			<Sample nodeCount="106" insertCount="10000" extractCount="10000" duration="439751624"/>
			<Sample nodeCount="107" insertCount="10000" extractCount="10000" duration="442153324"/>
			<Sample nodeCount="108" insertCount="10000" extractCount="10000" duration="449007578"/>
			<Sample nodeCount="109" insertCount="10000" extractCount="10000" duration="452674896"/>
			<Sample nodeCount="110" insertCount="10000" extractCount="10000" duration="456737989"/>
			<Sample nodeCount="111" insertCount="10000" extractCount="10000" duration="460771439"/>
			<Sample nodeCount="112" insertCount="10000" extractCount="10000" duration="470112467"/>
			<Sample nodeCount="113" insertCount="10000" extractCount="10000" duration="469992893"/>
			<Sample nodeCount="114" insertCount="10000" extractCount="10000" duration="475099891"/>
			<Sample nodeCount="115" insertCount="10000" extractCount="10000" duration="480608197"/>
			<Sample nodeCount="116" insertCount="10000" extractCount="10000" duration="486087621"/>
			<Sample nodeCount="117" insertCount="10000" extractCount="10000" duration="487895411"/>
			<Sample nodeCount="118" insertCount="10000" extractCount="10000" duration="495729079"/>
			<Sample nodeCount="119" insertCount="10000" extractCount="10000" duration="500015996"/>
			<Sample nodeCount="120" insertCount="10000" extractCount="10000" duration="507666937"/>
			<Sample nodeCount="121" insertCount="10000" extractCount="10000" duration="508187957"/>
			<Sample nodeCount="122" insertCount="10000" extractCount="10000" duration="513114687"/>
			<Sample nodeCount="123" insertCount="10000" extractCount="10000" duration="516359808"/>
			<Sample nodeCount="124" insertCount="10000" extractCount="10000" duration="525610234"/>
			<Sample nodeCount="125" insertCount="10000" extractCount="10000" duration="528079545"/>
			<Sample nodeCount="126" insertCount="10000" extractCount="10000" duration="535041790"/>
			<Sample nodeCount="127" insertCount="10000" extractCount="10000" duration="538705400"/>
		</SmallSetLinear>
		<LargeSetLinear>
		</LargeSetLinear>
	</RBTest>
	<RBTest implementation="Linux" nodeSize="12">
		<SmallSetRandomOps>
			<Sample nodeCount="1" insertCount="62" extractCount="61" duration="12615"/>
			<Sample nodeCount="2" insertCount="123" extractCount="123" duration="33051"/>
			<Sample nodeCount="3" insertCount="186" extractCount="183" duration="117972"/>
			<Sample nodeCount="4" insertCount="247" extractCount="245" duration="79566"/>
			<Sample nodeCount="5" insertCount="309" extractCount="306" duration="207600"/>
			<Sample nodeCount="6" insertCount="370" extractCount="368" duration="249906"/>
			<Sample nodeCount="7" insertCount="433" extractCount="428" duration="296686"/>
			<Sample nodeCount="8" insertCount="493" extractCount="491" duration="184269"/>
			<Sample nodeCount="9" insertCount="557" extractCount="550" duration="383622"/>
			<Sample nodeCount="10" insertCount="619" extractCount="611" duration="418680"/>
			<Sample nodeCount="11" insertCount="680" extractCount="673" duration="466816"/>
			<Sample nodeCount="12" insertCount="740" extractCount="736" duration="509097"/>
			<Sample nodeCount="13" insertCount="803" extractCount="796" duration="559545"/>
			<Sample nodeCount="14" insertCount="864" extractCount="858" duration="607192"/>
			<Sample nodeCount="15" insertCount="927" extractCount="918" duration="648666"/>
			<Sample nodeCount="16" insertCount="988" extractCount="980" duration="403182"/>
			<Sample nodeCount="17" insertCount="1050" extractCount="1041" duration="743179"/>
			<Sample nodeCount="18" insertCount="1113" extractCount="1101" duration="782289"/>
			<Sample nodeCount="19" insertCount="1172" extractCount="1165" duration="830341"/>
			<Sample nodeCount="20" insertCount="1237" extractCount="1223" duration="871915"/>
			<Sample nodeCount="21" insertCount="1296" extractCount="1287" duration="916198"/>
			<Sample nodeCount="22" insertCount="1359" extractCount="1347" duration="960106"/>
			<Sample nodeCount="23" insertCount="1419" extractCount="1410" duration="1006942"/>
			<Sample nodeCount="24" insertCount="1484" extractCount="1468" duration="1049146"/>
			<Sample nodeCount="25" insertCount="1544" extractCount="1531" duration="1088932"/>
			<Sample nodeCount="26" insertCount="1604" extractCount="1594" duration="1136119"/>
			<Sample nodeCount="27" insertCount="1668" extractCount="1653" duration="1180357"/>
			<Sample nodeCount="28" insertCount="1729" extractCount="1715" duration="1231531"/>
			<Sample nodeCount="29" insertCount="1790" extractCount="1777" duration="1272037"/>
			<Sample nodeCount="30" insertCount="1851" extractCount="1839" duration="1320748"/>
			<Sample nodeCount="31" insertCount="1914" extractCount="1899" duration="1362215"/>
			<Sample nodeCount="32" insertCount="1977" extractCount="1959" duration="852415"/>
			<Sample nodeCount="33" insertCount="2041" extractCount="2018" duration="1451975"/>
			<Sample nodeCount="34" insertCount="2097" extractCount="2085" duration="1477888"/>
			<Sample nodeCount="35" insertCount="2160" extractCount="2145" duration="1533908"/>
			<Sample nodeCount="36" insertCount="2221" extractCount="2207" duration="1572767"/>
			<Sample nodeCount="37" insertCount="2285" extractCount="2266" duration="1617319"/>
			<Sample nodeCount="38" insertCount="2346" extractCount="2328" duration="1672094"/>
			<Sample nodeCount="39" insertCount="2408" extractCount="2389" duration="1709641"/>
			<Sample nodeCount="40" insertCount="2471" extractCount="2449" duration="1743983"/>
			<Sample nodeCount="41" insertCount="2531" extractCount="2512" duration="1803656"/>
			<Sample nodeCount="42" insertCount="2593" extractCount="2573" duration="1843388"/>
			<Sample nodeCount="43" insertCount="2656" extractCount="2633" duration="1896158"/>
			<Sample nodeCount="44" insertCount="2717" extractCount="2695" duration="1933094"/>
			<Sample nodeCount="45" insertCount="2776" extractCount="2759" duration="1974575"/>
			<Sample nodeCount="46" insertCount="2840" extractCount="2818" duration="2021229"/>
			<Sample nodeCount="47" insertCount="2902" extractCount="2879" duration="2062640"/>
			<Sample nodeCount="48" insertCount="2966" extractCount="2938" duration="2114156"/>
			<Sample nodeCount="49" insertCount="3026" extractCount="3001" duration="2164508"/>
			<Sample nodeCount="50" insertCount="3084" extractCount="3066" duration="2213903"/>
			<Sample nodeCount="51" insertCount="3151" extractCount="3122" duration="2258001"/>
			<Sample nodeCount="52" insertCount="3209" extractCount="3187" duration="2302556"/>
			<Sample nodeCount="53" insertCount="3273" extractCount="3246" duration="2345748"/>
			<Sample nodeCount="54" insertCount="3337" extractCount="3305" duration="2409149"/>
			<Sample nodeCount="55" insertCount="3400" extractCount="3365" duration="2441487"/>
			<Sample nodeCount="56" insertCount="3458" extractCount="3430" duration="2494718"/>
			<Sample nodeCount="57" insertCount="3521" extractCount="3490" duration="2538074"/>
			<Sample nodeCount="58" insertCount="3580" extractCount="3554" duration="2573052"/>
			<Sample nodeCount="59" insertCount="3647" extractCount="3610" duration="2633981"/>
			<Sample nodeCount="60" insertCount="3706" extractCount="3674" duration="2666439"/>
			<Sample nodeCount="61" insertCount="3766" extractCount="3737" duration="2724497"/>
			<Sample nodeCount="62" insertCount="3828" extractCount="3798" duration="2755530"/>
			<Sample nodeCount="63" insertCount="3888" extractCount="3861" duration="2814729"/>
			<Sample nodeCount="64" insertCount="3952" extractCount="3920" duration="1753100"/>
			<Sample nodeCount="65" insertCount="4014" extractCount="3981" duration="2863017"/>
			<Sample nodeCount="66" insertCount="4077" extractCount="4041" duration="2884436"/>
			<Sample nodeCount="67" insertCount="4136" extractCount="4105" duration="2940948"/>
			<Sample nodeCount="68" insertCount="4200" extractCount="4164" duration="2973357"/>
			<Sample nodeCount="69" insertCount="4263" extractCount="4224" duration="3017019"/>
			<Sample nodeCount="70" insertCount="4325" extractCount="4285" duration="3075114"/>
			<Sample nodeCount="71" insertCount="4381" extractCount="4352" duration="3120522"/>
			<Sample nodeCount="72" insertCount="4448" extractCount="4408" duration="3156339"/>
			<Sample nodeCount="73" insertCount="4507" extractCount="4472" duration="3203605"/>
			<Sample nodeCount="74" insertCount="4571" extractCount="4531" duration="3261177"/>
			<Sample nodeCount="75" insertCount="4631" extractCount="4594" duration="3308215"/>
			<Sample nodeCount="76" insertCount="4693" extractCount="4655" duration="3347859"/>
			<Sample nodeCount="77" insertCount="4755" extractCount="4716" duration="3384786"/>
			<Sample nodeCount="78" insertCount="4817" extractCount="4777" duration="3438457"/>
			<Sample nodeCount="79" insertCount="4877" extractCount="4840" duration="3494040"/>
			<Sample nodeCount="80" insertCount="4942" extractCount="4898" duration="3523276"/>
			<Sample nodeCount="81" insertCount="5002" extractCount="4961" duration="3574899"/>
			<Sample nodeCount="82" insertCount="5063" extractCount="5023" duration="3613708"/>
			<Sample nodeCount="83" insertCount="5124" extractCount="5085" duration="3675019"/>
			<Sample nodeCount="84" insertCount="5187" extractCount="5145" duration="3714985"/>
			<Sample nodeCount="85" insertCount="5250" extractCount="5205" duration="3758959"/>
			<Sample nodeCount="86" insertCount="5314" extractCount="5264" duration="3833193"/>
			<Sample nodeCount="87" insertCount="5374" extractCount="5327" duration="3864676"/>
			<Sample nodeCount="88" insertCount="5432" extractCount="5392" duration="3929095"/>
			<Sample nodeCount="89" insertCount="5490" extractCount="5457" duration="3950041"/>
			<Sample nodeCount="90" insertCount="5559" extractCount="5511" duration="3974350"/>
			<Sample nodeCount="91" insertCount="5621" extractCount="5572" duration="4027675"/>
			<Sample nodeCount="92" insertCount="5680" extractCount="5636" duration="4073014"/>
			<Sample nodeCount="93" insertCount="5740" extractCount="5699" duration="4128200"/>
			<Sample nodeCount="94" insertCount="5803" extractCount="5759" duration="4175245"/>
			<Sample nodeCount="95" insertCount="5862" extractCount="5823" duration="4213108"/>
			<Sample nodeCount="96" insertCount="5929" extractCount="5879" duration="4263367"/>
			<Sample nodeCount="97" insertCount="5993" extractCount="5938" duration="4302649"/>
			<Sample nodeCount="98" insertCount="6055" extractCount="5999" duration="4357346"/>
			<Sample nodeCount="99" insertCount="6113" extractCount="6064" duration="4426681"/>
			<Sample nodeCount="100" insertCount="6172" extractCount="6128" duration="4469576"/>
			<Sample nodeCount="101" insertCount="6238" extractCount="6185" duration="4512034"/>
			<Sample nodeCount="102" insertCount="6299" extractCount="6247" duration="4547332"/>
			<Sample nodeCount="103" insertCount="6363" extractCount="6306" duration="4601765"/>
			<Sample nodeCount="104" insertCount="6426" extractCount="6366" duration="4655815"/>
			<Sample nodeCount="105" insertCount="6481" extractCount="6434" duration="4698665"/>
			<Sample nodeCount="106" insertCount="6544" extractCount="6494" duration="4745360"/>
			<Sample nodeCount="107" insertCount="6607" extractCount="6554" duration="4764068"/>
			<Sample nodeCount="108" insertCount="6669" extractCount="6615" duration="4835963"/>
			<Sample nodeCount="109" insertCount="6732" extractCount="6675" duration="4880675"/>
			<Sample nodeCount="110" insertCount="6794" extractCount="6736" duration="4911683"/>
			<Sample nodeCount="111" insertCount="6852" extractCount="6801" duration="4965239"/>
			<Sample nodeCount="112" insertCount="6918" extractCount="6858" duration="5007371"/>
			<Sample nodeCount="113" insertCount="6981" extractCount="6918" duration="5064260"/>
			<Sample nodeCount="114" insertCount="7041" extractCount="6981" duration="5113865"/>
			<Sample nodeCount="115" insertCount="7103" extractCount="7042" duration="5152019"/>
			<Sample nodeCount="116" insertCount="7164" extractCount="7104" duration="5202945"/>
			<Sample nodeCount="117" insertCount="7225" extractCount="7166" duration="5268179"/>
			<Sample nodeCount="118" insertCount="7291" extractCount="7223" duration="5316248"/>
			<Sample nodeCount="119" insertCount="7350" extractCount="7287" duration="5367789"/>
			<Sample nodeCount="120" insertCount="7410" extractCount="7350" duration="5376860"/>
			<Sample nodeCount="121" insertCount="7471" extractCount="7412" duration="5430626"/>
			<Sample nodeCount="122" insertCount="7537" extractCount="7469" duration="5446260"/>
			<Sample nodeCount="123" insertCount="7593" extractCount="7536" duration="5536463"/>
			<Sample nodeCount="124" insertCount="7658" extractCount="7594" duration="5572535"/>
			<Sample nodeCount="125" insertCount="7718" extractCount="7657" duration="5626512"/>
			<Sample nodeCount="126" insertCount="7781" extractCount="7717" duration="5639514"/>
			<Sample nodeCount="127" insertCount="7840" extractCount="7781" duration="5716172"/>
		</SmallSetRandomOps>
		<LargeSetRandomOps>
		</LargeSetRandomOps>
		<SmallSetLinear>
			<Sample nodeCount="1" insertCount="10000" extractCount="10000" duration="721411"/>
			<Sample nodeCount="2" insertCount="10000" extractCount="10000" duration="1469572"/>
			<Sample nodeCount="3" insertCount="10000" extractCount="10000" duration="3329044"/>
			<Sample nodeCount="4" insertCount="10000" extractCount="10000" duration="5740785"/>
			<Sample nodeCount="5" insertCount="10000" extractCount="10000" duration="7176922"/>
			<Sample nodeCount="6" insertCount="10000" extractCount="10000" duration="9297477"/>
			<Sample nodeCount="7" insertCount="10000" extractCount="10000" duration="11231621"/>
			<Sample nodeCount="8" insertCount="10000" extractCount="10000" duration="13694578"/>
			<Sample nodeCount="9" insertCount="10000" extractCount="10000" duration="15252982"/>
			<Sample nodeCount="10" insertCount="10000" extractCount="10000" duration="18790020"/>
			<Sample nodeCount="11" insertCount="10000" extractCount="10000" duration="21378546"/>
			<Sample nodeCount="12" insertCount="10000" extractCount="10000" duration="24077052"/>
			<Sample nodeCount="13" insertCount="10000" extractCount="10000" duration="25807556"/>
			<Sample nodeCount="14" insertCount="10000" extractCount="10000" duration="29731809"/>
			<Sample nodeCount="15" insertCount="10000" extractCount="10000" duration="32191101"/>
			<Sample nodeCount="16" insertCount="10000" extractCount="10000" duration="35432342"/>
			<Sample nodeCount="17" insertCount="10000" extractCount="10000" duration="37433738"/>
			<Sample nodeCount="18" insertCount="10000" extractCount="10000" duration="42079377"/>
			<Sample nodeCount="19" insertCount="10000" extractCount="10000" duration="43879499"/>
			<Sample nodeCount="20" insertCount="10000" extractCount="10000" duration="46935788"/>
			<Sample nodeCount="21" insertCount="10000" extractCount="10000" duration="48924193"/>
			<Sample nodeCount="22" insertCount="10000" extractCount="10000" duration="54375580"/>
			<Sample nodeCount="23" insertCount="10000" extractCount="10000" duration="57472566"/>
			<Sample nodeCount="24" insertCount="10000" extractCount="10000" duration="59977134"/>
			<Sample nodeCount="25" insertCount="10000" extractCount="10000" duration="63103245"/>
			<Sample nodeCount="26" insertCount="10000" extractCount="10000" duration="68401856"/>
			<Sample nodeCount="27" insertCount="10000" extractCount="10000" duration="71008454"/>
			<Sample nodeCount="28" insertCount="10000" extractCount="10000" duration="73639718"/>
			<Sample nodeCount="29" insertCount="10000" extractCount="10000" duration="76652530"/>
			<Sample nodeCount="30" insertCount="10000" extractCount="10000" duration="80434013"/>
			<Sample nodeCount="31" insertCount="10000" extractCount="10000" duration="83665314"/>
			<Sample nodeCount="32" insertCount="10000" extractCount="10000" duration="86315501"/>
			<Sample nodeCount="33" insertCount="10000" extractCount="10000" duration="89247738"/>
			<Sample nodeCount="34" insertCount="10000" extractCount="10000" duration="95024846"/>
			<Sample nodeCount="35" insertCount="10000" extractCount="10000" duration="97774682"/>
			<Sample nodeCount="36" insertCount="10000" extractCount="10000" duration="99540850"/>
			<Sample nodeCount="37" insertCount="10000" extractCount="10000" duration="103108189"/>
			<Sample nodeCount="38" insertCount="10000" extractCount="10000" duration="108513115"/>
			<Sample nodeCount="39" insertCount="10000" extractCount="10000" duration="111788248"/>
			<Sample nodeCount="40" insertCount="10000" extractCount="10000" duration="113646462"/>
			<Sample nodeCount="41" insertCount="10000" extractCount="10000" duration="116903196"/>
			<Sample nodeCount="42" insertCount="10000" extractCount="10000" duration="121595729"/>
			<Sample nodeCount="43" insertCount="10000" extractCount="10000" duration="124024942"/>
			<Sample nodeCount="44" insertCount="10000" extractCount="10000" duration="126431743"/>
			<Sample nodeCount="45" insertCount="10000" extractCount="10000" duration="129630088"/>
			<Sample nodeCount="46" insertCount="10000" extractCount="10000" duration="134525048"/>
			<Sample nodeCount="47" insertCount="10000" extractCount="10000" duration="138852552"/>
			<Sample nodeCount="48" insertCount="10000" extractCount="10000" duration="142521496"/>
			<Sample nodeCount="49" insertCount="10000" extractCount="10000" duration="145601171"/>
			<Sample nodeCount="50" insertCount="10000" extractCount="10000" duration="151527149"/>
			<Sample nodeCount="51" insertCount="10000" extractCount="10000" duration="154702484"/>
			<Sample nodeCount="52" insertCount="10000" extractCount="10000" duration="157223866"/>
			<Sample nodeCount="53" insertCount="10000" extractCount="10000" duration="159903723"/>
			<Sample nodeCount="54" insertCount="10000" extractCount="10000" duration="163954829"/>
			<Sample nodeCount="55" insertCount="10000" extractCount="10000" duration="167470706"/>
			<Sample nodeCount="56" insertCount="10000" extractCount="10000" duration="169683823"/>
			<Sample nodeCount="57" insertCount="10000" extractCount="10000" duration="173059667"/>
			<Sample nodeCount="58" insertCount="10000" extractCount="10000" duration="178163581"/>
			<Sample nodeCount="59" insertCount="10000" extractCount="10000" duration="181342427"/>
			<Sample nodeCount="60" insertCount="10000" extractCount="10000" duration="184463296"/>
			<Sample nodeCount="61" insertCount="10000" extractCount="10000" duration="188148635"/>
			<Sample nodeCount="62" insertCount="10000" extractCount="10000" duration="191366940"/>
			<Sample nodeCount="63" insertCount="10000" extractCount="10000" duration="195182772"/>
			<Sample nodeCount="64" insertCount="10000" extractCount="10000" duration="198582901"/>
			<Sample nodeCount="65" insertCount="10000" extractCount="10000" duration="201875398"/>
			<Sample nodeCount="66" insertCount="10000" extractCount="10000" duration="208184131"/>
			<Sample nodeCount="67" insertCount="10000" extractCount="10000" duration="212167166"/>
			<Sample nodeCount="68" insertCount="10000" extractCount="10000" duration="215028395"/>
			<Sample nodeCount="69" insertCount="10000" extractCount="10000" duration="219752059"/>
			<Sample nodeCount="70" insertCount="10000" extractCount="10000" duration="223056877"/>
			<Sample nodeCount="71" insertCount="10000" extractCount="10000" duration="226672846"/>
			<Sample nodeCount="72" insertCount="10000" extractCount="10000" duration="229881338"/>
			<Sample nodeCount="73" insertCount="10000" extractCount="10000" duration="232201522"/>
			<Sample nodeCount="74" insertCount="10000" extractCount="10000" duration="239780814"/>
			<Sample nodeCount="75" insertCount="10000" extractCount="10000" duration="241508507"/>
			<Sample nodeCount="76" insertCount="10000" extractCount="10000" duration="244472897"/>
			<Sample nodeCount="77" insertCount="10000" extractCount="10000" duration="247823021"/>
			<Sample nodeCount="78" insertCount="10000" extractCount="10000" duration="253617965"/>
			<Sample nodeCount="79" insertCount="10000" extractCount="10000" duration="257525900"/>
			<Sample nodeCount="80" insertCount="10000" extractCount="10000" duration="260462360"/>
			<Sample nodeCount="81" insertCount="10000" extractCount="10000" duration="265116727"/>
			<Sample nodeCount="82" insertCount="10000" extractCount="10000" duration="269987967"/>
			<Sample nodeCount="83" insertCount="10000" extractCount="10000" duration="272566116"/>
			<Sample nodeCount="84" insertCount="10000" extractCount="10000" duration="275342771"/>
			<Sample nodeCount="85" insertCount="10000" extractCount="10000" duration="279465985"/>
			<Sample nodeCount="86" insertCount="10000" extractCount="10000" duration="282778651"/>
			<Sample nodeCount="87" insertCount="10000" extractCount="10000" duration="286840850"/>
			<Sample nodeCount="88" insertCount="10000" extractCount="10000" duration="288452692"/>
			<Sample nodeCount="89" insertCount="10000" extractCount="10000" duration="292852187"/>
			<Sample nodeCount="90" insertCount="10000" extractCount="10000" duration="299918142"/>
			<Sample nodeCount="91" insertCount="10000" extractCount="10000" duration="301263845"/>
			<Sample nodeCount="92" insertCount="10000" extractCount="10000" duration="305232344"/>
			<Sample nodeCount="93" insertCount="10000" extractCount="10000" duration="307797878"/>
			<Sample nodeCount="94" insertCount="10000" extractCount="10000" duration="313105322"/>
			<Sample nodeCount="95" insertCount="10000" extractCount="10000" duration="318651390"/>
			<Sample nodeCount="96" insertCount="10000" extractCount="10000" duration="320371544"/>
			<Sample nodeCount="97" insertCount="10000" extractCount="10000" duration="325880999"/>
			<Sample nodeCount="98" insertCount="10000" extractCount="10000" duration="331985600"/>
			<Sample nodeCount="99" insertCount="10000" extractCount="10000" duration="334326187"/>
			<Sample nodeCount="100" insertCount="10000" extractCount="10000" duration="338972238"/>
			<Sample nodeCount="101" insertCount="10000" extractCount="10000" duration="341789261"/>
			<Sample nodeCount="102" insertCount="10000" extractCount="10000" duration="344366573"/>
			<Sample nodeCount="103" insertCount="10000" extractCount="10000" duration="348839946"/>
			<Sample nodeCount="104" insertCount="10000" extractCount="10000" duration="352820675"/>
			<Sample nodeCount="105" insertCount="10000" extractCount="10000" duration="355743005"/>
			<Sample nodeCount="106" insertCount="10000" extractCount="10000" duration="364522123"/>
			<Sample nodeCount="107" insertCount="10000" extractCount="10000" duration="366108981"/>
			<Sample nodeCount="108" insertCount="10000" extractCount="10000" duration="369127461"/>
			<Sample nodeCount="109" insertCount="10000" extractCount="10000" duration="373300993"/>
			<Sample nodeCount="110" insertCount="10000" extractCount="10000" duration="378163255"/>
			<Sample nodeCount="111" insertCount="10000" extractCount="10000" duration="381375390"/>
			<Sample nodeCount="112" insertCount="10000" extractCount="10000" duration="384402933"/>
			<Sample nodeCount="113" insertCount="10000" extractCount="10000" duration="388044430"/>
			<Sample nodeCount="114" insertCount="10000" extractCount="10000" duration="394379494"/>
			<Sample nodeCount="115" insertCount="10000" extractCount="10000" duration="397150855"/>
			<Sample nodeCount="116" insertCount="10000" extractCount="10000" duration="401388365"/>
			<Sample nodeCount="117" insertCount="10000" extractCount="10000" duration="404419196"/>
			<Sample nodeCount="118" insertCount="10000" extractCount="10000" duration="408795309"/>
			<Sample nodeCount="119" insertCount="10000" extractCount="10000" duration="411676896"/>
			<Sample nodeCount="120" insertCount="10000" extractCount="10000" duration="413219348"/>
			<Sample nodeCount="121" insertCount="10000" extractCount="10000" duration="416446980"/>
			<Sample nodeCount="122" insertCount="10000" extractCount="10000" duration="427634735"/>
			<Sample nodeCount="123" insertCount="10000" extractCount="10000" duration="430524995"/>
			<Sample nodeCount="124" insertCount="10000" extractCount="10000" duration="429284202"/>
			<Sample nodeCount="125" insertCount="10000" extractCount="10000" duration="434278769"/>
			<Sample nodeCount="126" insertCount="10000" extractCount="10000" duration="439487162"/>
			<Sample nodeCount="127" insertCount="10000" extractCount="10000" duration="444800194"/>
		</SmallSetLinear>
		<LargeSetLinear>
		</LargeSetLinear>
	</RBTest>
	<RBTest implementation="Chain" nodeSize="8">
		<SmallSetRandomOps>
			<Sample nodeCount="1" insertCount="62" extractCount="61" duration="9210"/>
			<Sample nodeCount="2" insertCount="123" extractCount="123" duration="22563"/>
			<Sample nodeCount="3" insertCount="186" extractCount="183" duration="99243"/>
			<Sample nodeCount="4" insertCount="247" extractCount="245" duration="51513"/>
			<Sample nodeCount="5" insertCount="309" extractCount="306" duration="164613"/>
			<Sample nodeCount="6" insertCount="370" extractCount="368" duration="193662"/>
			<Sample nodeCount="7" insertCount="433" extractCount="428" duration="230341"/>
			<Sample nodeCount="8" insertCount="493" extractCount="491" duration="109914"/>
			<Sample nodeCount="9" insertCount="557" extractCount="550" duration="291996"/>
			<Sample nodeCount="10" insertCount="619" extractCount="611" duration="320955"/>
			<Sample nodeCount="11" insertCount="680" extractCount="673" duration="353254"/>
			<Sample nodeCount="12" insertCount="740" extractCount="736" duration="385827"/>
			<Sample nodeCount="13" insertCount="803" extractCount="796" duration="421935"/>
			<Sample nodeCount="14" insertCount="864" extractCount="858" duration="455338"/>
			<Sample nodeCount="15" insertCount="927" extractCount="918" duration="485938"/>
			<Sample nodeCount="16" insertCount="988" extractCount="980" duration="219363"/>
			<Sample nodeCount="17" insertCount="1050" extractCount="1041" duration="542929"/>
			<Sample nodeCount="18" insertCount="1113" extractCount="1101" duration="577558"/>
			<Sample nodeCount="19" insertCount="1172" extractCount="1165" duration="607702"/>
			<Sample nodeCount="20" insertCount="1237" extractCount="1223" duration="641536"/>
			<Sample nodeCount="21" insertCount="1296" extractCount="1287" duration="674779"/>
			<Sample nodeCount="22" insertCount="1359" extractCount="1347" duration="711109"/>
			<Sample nodeCount="23" insertCount="1419" extractCount="1410" duration="741832"/>
			<Sample nodeCount="24" insertCount="1484" extractCount="1468" duration="784309"/>
			<Sample nodeCount="25" insertCount="1544" extractCount="1531" duration="817687"/>
			<Sample nodeCount="26" insertCount="1604" extractCount="1594" duration="848671"/>
			<Sample nodeCount="27" insertCount="1668" extractCount="1653" duration="888226"/>
			<Sample nodeCount="28" insertCount="1729" extractCount="1715" duration="925711"/>
			<Sample nodeCount="29" insertCount="1790" extractCount="1777" duration="962536"/>
			<Sample nodeCount="30" insertCount="1851" extractCount="1839" duration="999898"/>
			<Sample nodeCount="31" insertCount="1914" extractCount="1899" duration="1037863"/>
			<Sample nodeCount="32" insertCount="1977" extractCount="1959" duration="493576"/>
			<Sample nodeCount="33" insertCount="2041" extractCount="2018" duration="1086634"/>
			<Sample nodeCount="34" insertCount="2097" extractCount="2085" duration="1122142"/>
			<Sample nodeCount="35" insertCount="2160" extractCount="2145" duration="1164379"/>
			<Sample nodeCount="36" insertCount="2221" extractCount="2207" duration="1201510"/>
			<Sample nodeCount="37" insertCount="2285" extractCount="2266" duration="1230577"/>
			<Sample nodeCount="38" insertCount="2346" extractCount="2328" duration="1272443"/>
			<Sample nodeCount="39" insertCount="2408" extractCount="2389" duration="1308925"/>
			<Sample nodeCount="40" insertCount="2471" extractCount="2449" duration="1353902"/>
			<Sample nodeCount="41" insertCount="2531" extractCount="2512" duration="1393564"/>
			<Sample nodeCount="42" insertCount="2593" extractCount="2573" duration="1432570"/>
			<Sample nodeCount="43" insertCount="2656" extractCount="2633" duration="1474331"/>
			<Sample nodeCount="44" insertCount="2717" extractCount="2695" duration="1507330"/>
			<Sample nodeCount="45" insertCount="2776" extractCount="2759" duration="1543346"/>
			<Sample nodeCount="46" insertCount="2840" extractCount="2818" duration="1582537"/>
			<Sample nodeCount="47" insertCount="2902" extractCount="2879" duration="1622921"/>
			<Sample nodeCount="48" insertCount="2966" extractCount="2938" duration="1669075"/>
			<Sample nodeCount="49" insertCount="3026" extractCount="3001" duration="1707215"/>
			<Sample nodeCount="50" insertCount="3084" extractCount="3066" duration="1741184"/>
			<Sample nodeCount="51" insertCount="3151" extractCount="3122" duration="1781105"/>
			<Sample nodeCount="52" insertCount="3209" extractCount="3187" duration="1828664"/>
			<Sample nodeCount="53" insertCount="3273" extractCount="3246" duration="1864351"/>
			<Sample nodeCount="54" insertCount="3337" extractCount="3305" duration="1910069"/>
			<Sample nodeCount="55" insertCount="3400" extractCount="3365" duration="1951157"/>
			<Sample nodeCount="56" insertCount="3458" extractCount="3430" duration="1991069"/>
			<Sample nodeCount="57" insertCount="3521" extractCount="3490" duration="2029109"/>
			<Sample nodeCount="58" insertCount="3580" extractCount="3554" duration="2073734"/>
			<Sample nodeCount="59" insertCount="3647" extractCount="3610" duration="2118056"/>
			<Sample nodeCount="60" insertCount="3706" extractCount="3674" duration="2154831"/>
			<Sample nodeCount="61" insertCount="3766" extractCount="3737" duration="2202197"/>
			<Sample nodeCount="62" insertCount="3828" extractCount="3798" duration="2246078"/>
			<Sample nodeCount="63" insertCount="3888" extractCount="3861" duration="2289311"/>
			<Sample nodeCount="64" insertCount="3952" extractCount="3920" duration="1198690"/>
			<Sample nodeCount="65" insertCount="4014" extractCount="3981" duration="2324103"/>
			<Sample nodeCount="66" insertCount="4077" extractCount="4041" duration="2353694"/>
			<Sample nodeCount="67" insertCount="4136" extractCount="4105" duration="2411130"/>
			<Sample nodeCount="68" insertCount="4200" extractCount="4164" duration="2455307"/>
			<Sample nodeCount="69" insertCount="4263" extractCount="4224" duration="2494899"/>
			<Sample nodeCount="70" insertCount="4325" extractCount="4285" duration="2544654"/>
			<Sample nodeCount="71" insertCount="4381" extractCount="4352" duration="2573654"/>
			<Sample nodeCount="72" insertCount="4448" extractCount="4408" duration="2635551"/>
			<Sample nodeCount="73" insertCount="4507" extractCount="4472" duration="2666147"/>
			<Sample nodeCount="74" insertCount="4571" extractCount="4531" duration="2713833"/>
			<Sample nodeCount="75" insertCount="4631" extractCount="4594" duration="2749202"/>
			<Sample nodeCount="76" insertCount="4693" extractCount="4655" duration="2808876"/>
			<Sample nodeCount="77" insertCount="4755" extractCount="4716" duration="2849250"/>
			<Sample nodeCount="78" insertCount="4817" extractCount="4777" duration="2867109"/>
			<Sample nodeCount="79" insertCount="4877" extractCount="4840" duration="2937810"/>
			<Sample nodeCount="80" insertCount="4942" extractCount="4898" duration="2992326"/>
			<Sample nodeCount="81" insertCount="5002" extractCount="4961" duration="3040416"/>
			<Sample nodeCount="82" insertCount="5063" extractCount="5023" duration="3084558"/>
			<Sample nodeCount="83" insertCount="5124" extractCount="5085" duration="3138738"/>
			<Sample nodeCount="84" insertCount="5187" extractCount="5145" duration="3189690"/>
			<Sample nodeCount="85" insertCount="5250" extractCount="5205" duration="3215097"/>
			<Sample nodeCount="86" insertCount="5314" extractCount="5264" duration="3279969"/>
			<Sample nodeCount="87" insertCount="5374" extractCount="5327" duration="3322483"/>
			<Sample nodeCount="88" insertCount="5432" extractCount="5392" duration="3368796"/>
			<Sample nodeCount="89" insertCount="5490" extractCount="5457" duration="3421069"/>
			<Sample nodeCount="90" insertCount="5559" extractCount="5511" duration="3465675"/>
			<Sample nodeCount="91" insertCount="5621" extractCount="5572" duration="3520734"/>
			<Sample nodeCount="92" insertCount="5680" extractCount="5636" duration="3562675"/>
			<Sample nodeCount="93" insertCount="5740" extractCount="5699" duration="3621198"/>
			<Sample nodeCount="94" insertCount="5803" extractCount="5759" duration="3664729"/>
			<Sample nodeCount="95" insertCount="5862" extractCount="5823" duration="3709419"/>
			<Sample nodeCount="96" insertCount="5929" extractCount="5879" duration="3774883"/>
			<Sample nodeCount="97" insertCount="5993" extractCount="5938" duration="3802135"/>
			<Sample nodeCount="98" insertCount="6055" extractCount="5999" duration="3842581"/>
			<Sample nodeCount="99" insertCount="6113" extractCount="6064" duration="3908479"/>
			<Sample nodeCount="100" insertCount="6172" extractCount="6128" duration="3958065"/>
			<Sample nodeCount="101" insertCount="6238" extractCount="6185" duration="4021066"/>
			<Sample nodeCount="102" insertCount="6299" extractCount="6247" duration="4046815"/>
			<Sample nodeCount="103" insertCount="6363" extractCount="6306" duration="4104401"/>
			<Sample nodeCount="104" insertCount="6426" extractCount="6366" duration="4178458"/>
			<Sample nodeCount="105" insertCount="6481" extractCount="6434" duration="4224796"/>
			<Sample nodeCount="106" insertCount="6544" extractCount="6494" duration="4268732"/>
			<Sample nodeCount="107" insertCount="6607" extractCount="6554" duration="4289569"/>
			<Sample nodeCount="108" insertCount="6669" extractCount="6615" duration="4371709"/>
			<Sample nodeCount="109" insertCount="6732" extractCount="6675" duration="4425920"/>
			<Sample nodeCount="110" insertCount="6794" extractCount="6736" duration="4491376"/>
			<Sample nodeCount="111" insertCount="6852" extractCount="6801" duration="4530433"/>
			<Sample nodeCount="112" insertCount="6918" extractCount="6858" duration="4606007"/>
			<Sample nodeCount="113" insertCount="6981" extractCount="6918" duration="4636999"/>
			<Sample nodeCount="114" insertCount="7041" extractCount="6981" duration="4712912"/>
			<Sample nodeCount="115" insertCount="7103" extractCount="7042" duration="4738208"/>
			<Sample nodeCount="116" insertCount="7164" extractCount="7104" duration="4790660"/>
			<Sample nodeCount="117" insertCount="7225" extractCount="7166" duration="4872173"/>
			<Sample nodeCount="118" insertCount="7291" extractCount="7223" duration="4903175"/>
			<Sample nodeCount="119" insertCount="7350" extractCount="7287" duration="4994912"/>
			<Sample nodeCount="120" insertCount="7410" extractCount="7350" duration="5029769"/>
			<Sample nodeCount="121" insertCount="7471" extractCount="7412" duration="5110817"/>
			<Sample nodeCount="122" insertCount="7537" extractCount="7469" duration="5135945"/>
			<Sample nodeCount="123" insertCount="7593" extractCount="7536" duration="5177900"/>
			<Sample nodeCount="124" insertCount="7658" extractCount="7594" duration="5242259"/>
			<Sample nodeCount="125" insertCount="7718" extractCount="7657" duration="5307594"/>
			<Sample nodeCount="126" insertCount="7781" extractCount="7717" duration="5344262"/>
			<Sample nodeCount="127" insertCount="7840" extractCount="7781" duration="5429054"/>
		</SmallSetRandomOps>
		<LargeSetRandomOps>
		</LargeSetRandomOps>
		<SmallSetLinear>
			<Sample nodeCount="1" insertCount="10000" extractCount="10000" duration="300841"/>
			<Sample nodeCount="2" insertCount="10000" extractCount="10000" duration="695122"/>
			<Sample nodeCount="3" insertCount="10000" extractCount="10000" duration="1153832"/>
			<Sample nodeCount="4" insertCount="10000" extractCount="10000" duration="1682138"/>
			<Sample nodeCount="5" insertCount="10000" extractCount="10000" duration="2285156"/>
			<Sample nodeCount="6" insertCount="10000" extractCount="10000" duration="3134664"/>
			<Sample nodeCount="7" insertCount="10000" extractCount="10000" duration="3910711"/>
			<Sample nodeCount="8" insertCount="10000" extractCount="10000" duration="5084942"/>
			<Sample nodeCount="9" insertCount="10000" extractCount="10000" duration="6139317"/>
			<Sample nodeCount="10" insertCount="10000" extractCount="10000" duration="7288892"/>
			<Sample nodeCount="11" insertCount="10000" extractCount="10000" duration="8685188"/>
			<Sample nodeCount="12" insertCount="10000" extractCount="10000" duration="10056724"/>
			<Sample nodeCount="13" insertCount="10000" extractCount="10000" duration="11660354"/>
			<Sample nodeCount="14" insertCount="10000" extractCount="10000" duration="13218628"/>
			<Sample nodeCount="15" insertCount="10000" extractCount="10000" duration="15041160"/>
			<Sample nodeCount="16" insertCount="10000" extractCount="10000" duration="16933163"/>
			<Sample nodeCount="17" insertCount="10000" extractCount="10000" duration="18905527"/>
			<Sample nodeCount="18" insertCount="10000" extractCount="10000" duration="21079557"/>
			<Sample nodeCount="19" insertCount="10000" extractCount="10000" duration="23404181"/>
			<Sample nodeCount="20" insertCount="10000" extractCount="10000" duration="26033771"/>
			<Sample nodeCount="21" insertCount="10000" extractCount="10000" duration="27965806"/>
			<Sample nodeCount="22" insertCount="10000" extractCount="10000" duration="29976249"/>
			<Sample nodeCount="23" insertCount="10000" extractCount="10000" duration="32163107"/>
			<Sample nodeCount="24" insertCount="10000" extractCount="10000" duration="34340611"/>
			<Sample nodeCount="25" insertCount="10000" extractCount="10000" duration="36564339"/>
			<Sample nodeCount="26" insertCount="10000" extractCount="10000" duration="38818977"/>
			<Sample nodeCount="27" insertCount="10000" extractCount="10000" duration="41219103"/>
			<Sample nodeCount="28" insertCount="10000" extractCount="10000" duration="43623145"/>
			<Sample nodeCount="29" insertCount="10000" extractCount="10000" duration="46214551"/>
			<Sample nodeCount="30" insertCount="10000" extractCount="10000" duration="48923818"/>
			<Sample nodeCount="31" insertCount="10000" extractCount="10000" duration="51541102"/>
			<Sample nodeCount="32" insertCount="10000" extractCount="10000" duration="54419391"/>
			<Sample nodeCount="33" insertCount="10000" extractCount="10000" duration="57200338"/>
			<Sample nodeCount="34" insertCount="10000" extractCount="10000" duration="60160863"/>
			<Sample nodeCount="35" insertCount="10000" extractCount="10000" duration="63210357"/>
			<Sample nodeCount="36" insertCount="10000" extractCount="10000" duration="66291112"/>
			<Sample nodeCount="37" insertCount="10000" extractCount="10000" duration="69471858"/>
			<Sample nodeCount="38" insertCount="10000" extractCount="10000" duration="72677076"/>
			<Sample nodeCount="39" insertCount="10000" extractCount="10000" duration="76052530"/>
			<Sample nodeCount="40" insertCount="10000" extractCount="10000" duration="79367938"/>
			<Sample nodeCount="41" insertCount="10000" extractCount="10000" duration="82811465"/>
			<Sample nodeCount="42" insertCount="10000" extractCount="10000" duration="86442924"/>
			<Sample nodeCount="43" insertCount="10000" extractCount="10000" duration="90164496"/>
			<Sample nodeCount="44" insertCount="10000" extractCount="10000" duration="93757348"/>
			<Sample nodeCount="45" insertCount="10000" extractCount="10000" duration="97513274"/>
			<Sample nodeCount="46" insertCount="10000" extractCount="10000" duration="101293622"/>
			<Sample nodeCount="47" insertCount="10000" extractCount="10000" duration="105270970"/>
			<Sample nodeCount="48" insertCount="10000" extractCount="10000" duration="109279474"/>
			<Sample nodeCount="49" insertCount="10000" extractCount="10000" duration="113251455"/>
			<Sample nodeCount="50" insertCount="10000" extractCount="10000" duration="117533598"/>
			<Sample nodeCount="51" insertCount="10000" extractCount="10000" duration="121820516"/>
			<Sample nodeCount="52" insertCount="10000" extractCount="10000" duration="125917236"/>
			<Sample nodeCount="53" insertCount="10000" extractCount="10000" duration="130353508"/>
			<Sample nodeCount="54" insertCount="10000" extractCount="10000" duration="134782871"/>
			<Sample nodeCount="55" insertCount="10000" extractCount="10000" duration="139283482"/>
			<Sample nodeCount="56" insertCount="10000" extractCount="10000" duration="143846466"/>
			<Sample nodeCount="57" insertCount="10000" extractCount="10000" duration="148626014"/>
			<Sample nodeCount="58" insertCount="10000" extractCount="10000" duration="153274455"/>
			<Sample nodeCount="59" insertCount="10000" extractCount="10000" duration="158080244"/>
			<Sample nodeCount="60" insertCount="10000" extractCount="10000" duration="163012534"/>
			<Sample nodeCount="61" insertCount="10000" extractCount="10000" duration="167909664"/>
			<Sample nodeCount="62" insertCount="10000" extractCount="10000" duration="173029331"/>
			<Sample nodeCount="63" insertCount="10000" extractCount="10000" duration="178237408"/>
			<Sample nodeCount="64" insertCount="10000" extractCount="10000" duration="183307216"/>
			<Sample nodeCount="65" insertCount="10000" extractCount="10000" duration="188680818"/>
			<Sample nodeCount="66" insertCount="10000" extractCount="10000" duration="193969925"/>
			<Sample nodeCount="67" insertCount="10000" extractCount="10000" duration="199325758"/>
			<Sample nodeCount="68" insertCount="10000" extractCount="10000" duration="204791949"/>
			<Sample nodeCount="69" insertCount="10000" extractCount="10000" duration="210490119"/>
			<Sample nodeCount="70" insertCount="10000" extractCount="10000" duration="216073201"/>
			<Sample nodeCount="71" insertCount="10000" extractCount="10000" duration="221940474"/>
			<Sample nodeCount="72" insertCount="10000" extractCount="10000" duration="227518473"/>
			<Sample nodeCount="73" insertCount="10000" extractCount="10000" duration="233552285"/>
			<Sample nodeCount="74" insertCount="10000" extractCount="10000" duration="239428727"/>
			<Sample nodeCount="75" insertCount="10000" extractCount="10000" duration="245567187"/>
			<Sample nodeCount="76" insertCount="10000" extractCount="10000" duration="251508747"/>
			<Sample nodeCount="77" insertCount="10000" extractCount="10000" duration="257799420"/>
			<Sample nodeCount="78" insertCount="10000" extractCount="10000" duration="263963991"/>
			<Sample nodeCount="79" insertCount="10000" extractCount="10000" duration="270400837"/>
			<Sample nodeCount="80" insertCount="10000" extractCount="10000" duration="276603132"/>
			<Sample nodeCount="81" insertCount="10000" extractCount="10000" duration="283029064"/>
			<Sample nodeCount="82" insertCount="10000" extractCount="10000" duration="289672808"/>
			<Sample nodeCount="83" insertCount="10000" extractCount="10000" duration="296522171"/>
			<Sample nodeCount="84" insertCount="10000" extractCount="10000" duration="302889129"/>
			<Sample nodeCount="85" insertCount="10000" extractCount="10000" duration="309669964"/>
			<Sample nodeCount="86" insertCount="10000" extractCount="10000" duration="316629202"/>
			<Sample nodeCount="87" insertCount="10000" extractCount="10000" duration="323476550"/>
			<Sample nodeCount="88" insertCount="10000" extractCount="10000" duration="330500500"/>
			<Sample nodeCount="89" insertCount="10000" extractCount="10000" duration="337682222"/>
			<Sample nodeCount="90" insertCount="10000" extractCount="10000" duration="344656746"/>
			<Sample nodeCount="91" insertCount="10000" extractCount="10000" duration="351928963"/>
			<Sample nodeCount="92" insertCount="10000" extractCount="10000" duration="359143355"/>
			<Sample nodeCount="93" insertCount="10000" extractCount="10000" duration="366708828"/>
			<Sample nodeCount="94" insertCount="10000" extractCount="10000" duration="373983578"/>
			<Sample nodeCount="95" insertCount="10000" extractCount="10000" duration="381792007"/>
			<Sample nodeCount="96" insertCount="10000" extractCount="10000" duration="389104352"/>
			<Sample nodeCount="97" insertCount="10000" extractCount="10000" duration="396936166"/>
			<Sample nodeCount="98" insertCount="10000" extractCount="10000" duration="404596799"/>
			<Sample nodeCount="99" insertCount="10000" extractCount="10000" duration="412615103"/>
			<Sample nodeCount="100" insertCount="10000" extractCount="10000" duration="420278449"/>
			<Sample nodeCount="101" insertCount="10000" extractCount="10000" duration="428360072"/>
			<Sample nodeCount="102" insertCount="10000" extractCount="10000" duration="436354315"/>
			<Sample nodeCount="103" insertCount="10000" extractCount="10000" duration="444677215"/>
			<Sample nodeCount="104" insertCount="10000" extractCount="10000" duration="452618184"/>
			<Sample nodeCount="105" insertCount="10000" extractCount="10000" duration="460840157"/>
			<Sample nodeCount="106" insertCount="10000" extractCount="10000" duration="469282321"/>
			<Sample nodeCount="107" insertCount="10000" extractCount="10000" duration="477898297"/>
			<Sample nodeCount="108" insertCount="10000" extractCount="10000" duration="486111394"/>
			<Sample nodeCount="109" insertCount="10000" extractCount="10000" duration="494634159"/>
			<Sample nodeCount="110" insertCount="10000" extractCount="10000" duration="503387951"/>
			<Sample nodeCount="111" insertCount="10000" extractCount="10000" duration="512060975"/>
			<Sample nodeCount="112" insertCount="10000" extractCount="10000" duration="520809920"/>
			<Sample nodeCount="113" insertCount="10000" extractCount="10000" duration="529671020"/>
			<Sample nodeCount="114" insertCount="10000" extractCount="10000" duration="538758551"/>
			<Sample nodeCount="115" insertCount="10000" extractCount="10000" duration="547987475"/>
			<Sample nodeCount="116" insertCount="10000" extractCount="10000" duration="556775791"/>
			<Sample nodeCount="117" insertCount="10000" extractCount="10000" duration="566123792"/>
			<Sample nodeCount="118" insertCount="10000" extractCount="10000" duration="575183669"/>
			<Sample nodeCount="119" insertCount="10000" extractCount="10000" duration="584541779"/>
			<Sample nodeCount="120" insertCount="10000" extractCount="10000" duration="593899959"/>
			<Sample nodeCount="121" insertCount="10000" extractCount="10000" duration="603344193"/>
			<Sample nodeCount="122" insertCount="10000" extractCount="10000" duration="613019701"/>
			<Sample nodeCount="123" insertCount="10000" extractCount="10000" duration="622620995"/>
			<Sample nodeCount="124" insertCount="10000" extractCount="10000" duration="632193638"/>
			<Sample nodeCount="125" insertCount="10000" extractCount="10000" duration="642208281"/>
			<Sample nodeCount="126" insertCount="10000" extractCount="10000" duration="651960946"/>
			<Sample nodeCount="127" insertCount="10000" extractCount="10000" duration="661787792"/>
		</SmallSetLinear>
		<LargeSetLinear>
		</LargeSetLinear>
	</RBTest>
</RBTestCollection>
