<RBTestCollection platform="Linux" compiler="GCC 11.3.0" timeUnit="ns">
	<RBTest implementation="LLRB" nodeSize="32">
		<SmallSetRandomOps>
			<Sample nodeCount="1" insertCount="62" extractCount="61" duration="5000"/>
			<Sample nodeCount="2" insertCount="123" extractCount="123" duration="8000"/>
			<Sample nodeCount="3" insertCount="186" extractCount="183" duration="13000"/>
			<Sample nodeCount="4" insertCount="247" extractCount="245" duration="20000"/>
			<Sample nodeCount="5" insertCount="309" extractCount="306" duration="30000"/>
			<Sample nodeCount="6" insertCount="370" extractCount="368" duration="39000"/>
			<Sample nodeCount="7" insertCount="433" extractCount="428" duration="51000"/>
			<Sample nodeCount="8" insertCount="493" extractCount="491" duration="62000"/>
			<Sample nodeCount="9" insertCount="557" extractCount="550" duration="75000"/>
			<Sample nodeCount="10" insertCount="619" extractCount="611" duration="84000"/>
			<Sample nodeCount="11" insertCount="680" extractCount="673" duration="97000"/>
			<Sample nodeCount="12" insertCount="740" extractCount="736" duration="115000"/>
			<Sample nodeCount="13" insertCount="803" extractCount="796" duration="128000"/>
			<Sample nodeCount="14" insertCount="864" extractCount="858" duration="142000"/>
			<Sample nodeCount="15" insertCount="927" extractCount="918" duration="152000"/>
			<Sample nodeCount="16" insertCount="988" extractCount="980" duration="169000"/>
			<Sample nodeCount="17" insertCount="1050" extractCount="1041" duration="187000"/>
			<Sample nodeCount="18" insertCount="1113" extractCount="1101" duration="200000"/>
			<Sample nodeCount="19" insertCount="1172" extractCount="1165" duration="216000"/>
			<Sample nodeCount="20" insertCount="1237" extractCount="1223" duration="229000"/>
			<Sample nodeCount="21" insertCount="1296" extractCount="1287" duration="244000"/>
			<Sample nodeCount="22" insertCount="1359" extractCount="1347" duration="264000"/>
			<Sample nodeCount="23" insertCount="1419" extractCount="1410" duration="278000"/>
			<Sample nodeCount="24" insertCount="1484" extractCount="1468" duration="310000"/>
			<Sample nodeCount="25" insertCount="1544" extractCount="1531" duration="314000"/>
			<Sample nodeCount="26" insertCount="1604" extractCount="1594" duration="329000"/>
			<Sample nodeCount="27" insertCount="1668" extractCount="1653" duration="348000"/>
			<Sample nodeCount="28" insertCount="1729" extractCount="1715" duration="369000"/>
			<Sample nodeCount="29" insertCount="1790" extractCount="1777" duration="385000"/>
			<Sample nodeCount="30" insertCount="1851" extractCount="1839" duration="407000"/>
			<Sample nodeCount="31" insertCount="1914" extractCount="1899" duration="423000"/>
			<Sample nodeCount="32" insertCount="1977" extractCount="1959" duration="437000"/>
			<Sample nodeCount="33" insertCount="2041" extractCount="2018" duration="458000"/>
			<Sample nodeCount="34" insertCount="2097" extractCount="2085" duration="483000"/>
			<Sample nodeCount="35" insertCount="2160" extractCount="2145" duration="500000"/>
			<Sample nodeCount="36" insertCount="2221" extractCount="2207" duration="510000"/>
			<Sample nodeCount="37" insertCount="2285" extractCount="2266" duration="532000"/>
			<Sample nodeCount="38" insertCount="2346" extractCount="2328" duration="555000"/>
			<Sample nodeCount="39" insertCount="2408" extractCount="2389" duration="564000"/>
			<Sample nodeCount="40" insertCount="2471" extractCount="2449" duration="591000"/>
			<Sample nodeCount="41" insertCount="2531" extractCount="2512" duration="621000"/>
			<Sample nodeCount="42" insertCount="2593" extractCount="2573" duration="634000"/>
			<Sample nodeCount="43" insertCount="2656" extractCount="2633" duration="661000"/>
			<Sample nodeCount="44" insertCount="2717" extractCount="2695" duration="672000"/>
			<Sample nodeCount="45" insertCount="2776" extractCount="2759" duration="691000"/>
			<Sample nodeCount="46" insertCount="2840" extractCount="2818" duration="707000"/>
			<Sample nodeCount="47" insertCount="2902" extractCount="2879" duration="745000"/>
			<Sample nodeCount="48" insertCount="2966" extractCount="2938" duration="751000"/>
			<Sample nodeCount="49" insertCount="3026" extractCount="3001" duration="787000"/>
			<Sample nodeCount="50" insertCount="3084" extractCount="3066" duration="793000"/>
			<Sample nodeCount="51" insertCount="3151" extractCount="3122" duration="818000"/>
			<Sample nodeCount="52" insertCount="3209" extractCount="3187" duration="861000"/>
			<Sample nodeCount="53" insertCount="3273" extractCount="3246" duration="861000"/>
			<Sample nodeCount="54" insertCount="3337" extractCount="3305" duration="887000"/>
			<Sample nodeCount="55" insertCount="3400" extractCount="3365" duration="905000"/>
			<Sample nodeCount="56" insertCount="3458" extractCount="3430" duration="933000"/>
			<Sample nodeCount="57" insertCount="3521" extractCount="3490" duration="964000"/>
			<Sample nodeCount="58" insertCount="3580" extractCount="3554" duration="970000"/>
			<Sample nodeCount="59" insertCount="3647" extractCount="3610" duration="997000"/>
			<Sample nodeCount="60" insertCount="3706" extractCount="3674" duration="1013000"/>
			<Sample nodeCount="61" insertCount="3766" extractCount="3737" duration="1041000"/>
			<Sample nodeCount="62" insertCount="3828" extractCount="3798" duration="1054000"/>
			<Sample nodeCount="63" insertCount="3888" extractCount="3861" duration="1072000"/>
			<Sample nodeCount="64" insertCount="3952" extractCount="3920" duration="1103000"/>
			<Sample nodeCount="65" insertCount="4014" extractCount="3981" duration="1121000"/>
			<Sample nodeCount="66" insertCount="4077" extractCount="4041" duration="1144000"/>
			<Sample nodeCount="67" insertCount="4136" extractCount="4105" duration="1163000"/>
			<Sample nodeCount="68" insertCount="4200" extractCount="4164" duration="1194000"/>
			<Sample nodeCount="69" insertCount="4263" extractCount="4224" duration="1209000"/>
			<Sample nodeCount="70" insertCount="4325" extractCount="4285" duration="1238000"/>
			<Sample nodeCount="71" insertCount="4381" extractCount="4352" duration="1259000"/>
			<Sample nodeCount="72" insertCount="4448" extractCount="4408" duration="1287000"/>
			<Sample nodeCount="73" insertCount="4507" extractCount="4472" duration="1296000"/>
			<Sample nodeCount="74" insertCount="4571" extractCount="4531" duration="1309000"/>
			<Sample nodeCount="75" insertCount="4631" extractCount="4594" duration="1344000"/>
			<Sample nodeCount="76" insertCount="4693" extractCount="4655" duration="1359000"/>
			<Sample nodeCount="77" insertCount="4755" extractCount="4716" duration="1387000"/>
			<Sample nodeCount="78" insertCount="4817" extractCount="4777" duration="1393000"/>
			<Sample nodeCount="79" insertCount="4877" extractCount="4840" duration="1417000"/>
			<Sample nodeCount="80" insertCount="4942" extractCount="4898" duration="1457000"/>
			<Sample nodeCount="81" insertCount="5002" extractCount="4961" duration="1471000"/>
			<Sample nodeCount="82" insertCount="5063" extractCount="5023" duration="1483000"/>
			<Sample nodeCount="83" insertCount="5124" extractCount="5085" duration="1528000"/>
			<Sample nodeCount="84" insertCount="5187" extractCount="5145" duration="1538000"/>
			<Sample nodeCount="85" insertCount="5250" extractCount="5205" duration="1566000"/>
			<Sample nodeCount="86" insertCount="5314" extractCount="5264" duration="1575000"/>
			<Sample nodeCount="87" insertCount="5374" extractCount="5327" duration="1589000"/>
			<Sample nodeCount="88" insertCount="5432" extractCount="5392" duration="1615000"/>
			<Sample nodeCount="89" insertCount="5490" extractCount="5457" duration="1633000"/>
			<Sample nodeCount="90" insertCount="5559" extractCount="5511" duration="1657000"/>
			<Sample nodeCount="91" insertCount="5621" extractCount="5572" duration="1674000"/>
			<Sample nodeCount="92" insertCount="5680" extractCount="5636" duration="1712000"/>
			<Sample nodeCount="93" insertCount="5740" extractCount="5699" duration="1732000"/>
			<Sample nodeCount="94" insertCount="5803" extractCount="5759" duration="1742000"/>
			<Sample nodeCount="95" insertCount="5862" extractCount="5823" duration="1777000"/>
			<Sample nodeCount="96" insertCount="5929" extractCount="5879" duration="1790000"/>
			<Sample nodeCount="97" insertCount="5993" extractCount="5938" duration="1828000"/>
			<Sample nodeCount="98" insertCount="6055" extractCount="5999" duration="1826000"/>
			<Sample nodeCount="99" insertCount="6113" extractCount="6064" duration="1878000"/>
			<Sample nodeCount="100" insertCount="6172" extractCount="6128" duration="1882000"/>
			<Sample nodeCount="101" insertCount="6238" extractCount="6185" duration="1913000"/>
			<Sample nodeCount="102" insertCount="6299" extractCount="6247" duration="1925000"/>
			<Sample nodeCount="103" insertCount="6363" extractCount="6306" duration="1970000"/>
			<Sample nodeCount="104" insertCount="6426" extractCount="6366" duration="1980000"/>
			<Sample nodeCount="105" insertCount="6481" extractCount="6434" duration="2022000"/>
			<Sample nodeCount="106" insertCount="6544" extractCount="6494" duration="2035000"/>
			<Sample nodeCount="107" insertCount="6607" extractCount="6554" duration="2058000"/>
			<Sample nodeCount="108" insertCount="6669" extractCount="6615" duration="2082000"/>
			<Sample nodeCount="109" insertCount="6732" extractCount="6675" duration="2116000"/>
			<Sample nodeCount="110" insertCount="6794" extractCount="6736" duration="2145000"/>
			<Sample nodeCount="111" insertCount="6852" extractCount="6801" duration="2176000"/>
			<Sample nodeCount="112" insertCount="6918" extractCount="6858" duration="2196000"/>
			<Sample nodeCount="113" insertCount="6981" extractCount="6918" duration="2227000"/>
			<Sample nodeCount="114" insertCount="7041" extractCount="6981" duration="2243000"/>
			<Sample nodeCount="115" insertCount="7103" extractCount="7042" duration="2262000"/>
			<Sample nodeCount="116" insertCount="7164" extractCount="7104" duration="2307000"/>
			<Sample nodeCount="117" insertCount="7225" extractCount="7166" duration="2327000"/>
			<Sample nodeCount="118" insertCount="7291" extractCount="7223" duration="2351000"/>
			<Sample nodeCount="119" insertCount="7350" extractCount="7287" duration="2383000"/>
			<Sample nodeCount="120" insertCount="7410" extractCount="7350" duration="2394000"/>
			<Sample nodeCount="121" insertCount="7471" extractCount="7412" duration="2435000"/>
			<Sample nodeCount="122" insertCount="7537" extractCount="7469" duration="2440000"/>
			<Sample nodeCount="123" insertCount="7593" extractCount="7536" duration="2465000"/>
			<Sample nodeCount="124" insertCount="7658" extractCount="7594" duration="2492000"/>
			<Sample nodeCount="125" insertCount="7718" extractCount="7657" duration="2535000"/>
			<Sample nodeCount="126" insertCount="7781" extractCount="7717" duration="2544000"/>
			<Sample nodeCount="127" insertCount="7840" extractCount="7781" duration="2564000"/>
		</SmallSetRandomOps>
		<LargeSetRandomOps>
		</LargeSetRandomOps>
		<SmallSetLinear>
			<Sample nodeCount="1" insertCount="10000" extractCount="10000" duration="119000"/>
			<Sample nodeCount="2" insertCount="10000" extractCount="10000" duration="410000"/>
			<Sample nodeCount="3" insertCount="10000" extractCount="10000" duration="855000"/>
			<Sample nodeCount="4" insertCount="10000" extractCount="10000" duration="1344000"/>
			<Sample nodeCount="5" insertCount="10000" extractCount="10000" duration="2103000"/>
			<Sample nodeCount="6" insertCount="10000" extractCount="10000" duration="2746000"/>
			<Sample nodeCount="7" insertCount="10000" extractCount="10000" duration="3693000"/>
			<Sample nodeCount="8" insertCount="10000" extractCount="10000" duration="4251000"/>
			<Sample nodeCount="9" insertCount="10000" extractCount="10000" duration="5544000"/>
			<Sample nodeCount="10" insertCount="10000" extractCount="10000" duration="6500000"/>
			<Sample nodeCount="11" insertCount="10000" extractCount="10000" duration="8607000"/>
			<Sample nodeCount="12" insertCount="10000" extractCount="10000" duration="9513000"/>
			<Sample nodeCount="13" insertCount="10000" extractCount="10000" duration="10895000"/>
			<Sample nodeCount="14" insertCount="10000" extractCount="10000" duration="12128000"/>
			<Sample nodeCount="15" insertCount="10000" extractCount="10000" duration="14969000"/>
			<Sample nodeCount="16" insertCount="10000" extractCount="10000" duration="16260000"/>
			<Sample nodeCount="17" insertCount="10000" extractCount="10000" duration="17147000"/>
			<Sample nodeCount="18" insertCount="10000" extractCount="10000" duration="18120000"/>
			<Sample nodeCount="19" insertCount="10000" extractCount="10000" duration="21115000"/>
			<Sample nodeCount="20" insertCount="10000" extractCount="10000" duration="21985000"/>
			<Sample nodeCount="21" insertCount="10000" extractCount="10000" duration="23904000"/>
			<Sample nodeCount="22" insertCount="10000" extractCount="10000" duration="24965000"/>
			<Sample nodeCount="23" insertCount="10000" extractCount="10000" duration="29373000"/>
			<Sample nodeCount="24" insertCount="10000" extractCount="10000" duration="30288000"/>
			<Sample nodeCount="25" insertCount="10000" extractCount="10000" duration="31618000"/>
			<Sample nodeCount="26" insertCount="10000" extractCount="10000" duration="32318000"/>
			<Sample nodeCount="27" insertCount="10000" extractCount="10000" duration="36638000"/>
			<Sample nodeCount="28" insertCount="10000" extractCount="10000" duration="36827000"/>
			<Sample nodeCount="29" insertCount="10000" extractCount="10000" duration="39886000"/>
			<Sample nodeCount="30" insertCount="10000" extractCount="10000" duration="40955000"/>
			<Sample nodeCount="31" insertCount="10000" extractCount="10000" duration="45443000"/>
			<Sample nodeCount="32" insertCount="10000" extractCount="10000" duration="47125000"/>
			<Sample nodeCount="33" insertCount="10000" extractCount="10000" duration="48569000"/>
			<Sample nodeCount="34" insertCount="10000" extractCount="10000" duration="49999000"/>
			<Sample nodeCount="35" insertCount="10000" extractCount="10000" duration="52935000"/>
			<Sample nodeCount="36" insertCount="10000" extractCount="10000" duration="53743000"/>
			<Sample nodeCount="37" insertCount="10000" extractCount="10000" duration="56124000"/>
			<Sample nodeCount="38" insertCount="10000" extractCount="10000" duration="57109000"/>
			<Sample nodeCount="39" insertCount="10000" extractCount="10000" duration="63465000"/>
			<Sample nodeCount="40" insertCount="10000" extractCount="10000" duration="64124000"/>
			<Sample nodeCount="41" insertCount="10000" extractCount="10000" duration="66266000"/>
			<Sample nodeCount="42" insertCount="10000" extractCount="10000" duration="67681000"/>
			<Sample nodeCount="43" insertCount="10000" extractCount="10000" duration="69721000"/>
			<Sample nodeCount="44" insertCount="10000" extractCount="10000" duration="69451000"/>
			<Sample nodeCount="45" insertCount="10000" extractCount="10000" duration="71161000"/>
			<Sample nodeCount="46" insertCount="10000" extractCount="10000" duration="72637000"/>
			<Sample nodeCount="47" insertCount="10000" extractCount="10000" duration="80648000"/>
			<Sample nodeCount="48" insertCount="10000" extractCount="10000" duration="80930000"/>
			<Sample nodeCount="49" insertCount="10000" extractCount="10000" duration="82948000"/>
			<Sample nodeCount="50" insertCount="10000" extractCount="10000" duration="84076000"/>
			<Sample nodeCount="51" insertCount="10000" extractCount="10000" duration="86639000"/>
			<Sample nodeCount="52" insertCount="10000" extractCount="10000" duration="87798000"/>
			<Sample nodeCount="53" insertCount="10000" extractCount="10000" duration="90310000"/>
			<Sample nodeCount="54" insertCount="10000" extractCount="10000" duration="91319000"/>
			<Sample nodeCount="55" insertCount="10000" extractCount="10000" duration="97360000"/>
			<Sample nodeCount="56" insertCount="10000" extractCount="10000" duration="98375000"/>
			<Sample nodeCount="57" insertCount="10000" extractCount="10000" duration="100978000"/>
			<Sample nodeCount="58" insertCount="10000" extractCount="10000" duration="102417000"/>
			<Sample nodeCount="59" insertCount="10000" extractCount="10000" duration="104102000"/>
			<Sample nodeCount="60" insertCount="10000" extractCount="10000" duration="106842000"/>
			<Sample nodeCount="61" insertCount="10000" extractCount="10000" duration="106329000"/>
			<Sample nodeCount="62" insertCount="10000" extractCount="10000" duration="107359000"/>
			<Sample nodeCount="63" insertCount="10000" extractCount="10000" duration="118324000"/>
			<Sample nodeCount="64" insertCount="10000" extractCount="10000" duration="120713000"/>
			<Sample nodeCount="65" insertCount="10000" extractCount="10000" duration="120925000"/>
			<Sample nodeCount="66" insertCount="10000" extractCount="10000" duration="122944000"/>
			<Sample nodeCount="67" insertCount="10000" extractCount="10000" duration="125511000"/>
			<Sample nodeCount="68" insertCount="10000" extractCount="10000" duration="126688000"/>
			<Sample nodeCount="69" insertCount="10000" extractCount="10000" duration="127345000"/>
			<Sample nodeCount="70" insertCount="10000" extractCount="10000" duration="129186000"/>
			<Sample nodeCount="71" insertCount="10000" extractCount="10000" duration="136132000"/>
			<Sample nodeCount="72" insertCount="10000" extractCount="10000" duration="137414000"/>
			<Sample nodeCount="73" insertCount="10000" extractCount="10000" duration="138352000"/>
			<Sample nodeCount="74" insertCount="10000" extractCount="10000" duration="139165000"/>
			<Sample nodeCount="75" insertCount="10000" extractCount="10000" duration="142837000"/>
			<Sample nodeCount="76" insertCount="10000" extractCount="10000" duration="145550000"/>
			<Sample nodeCount="77" insertCount="10000" extractCount="10000" duration="145211000"/>
			<Sample nodeCount="78" insertCount="10000" extractCount="10000" duration="146480000"/>
			<Sample nodeCount="79" insertCount="10000" extractCount="10000" duration="156347000"/>
			<Sample nodeCount="80" insertCount="10000" extractCount="10000" duration="158790000"/>
			<Sample nodeCount="81" insertCount="10000" extractCount="10000" duration="160090000"/>
			<Sample nodeCount="82" insertCount="10000" extractCount="10000" duration="161099000"/>
			<Sample nodeCount="83" insertCount="10000" extractCount="10000" duration="163575000"/>
			<Sample nodeCount="84" insertCount="10000" extractCount="10000" duration="165410000"/>
			<Sample nodeCount="85" insertCount="10000" extractCount="10000" duration="166277000"/>
			<Sample nodeCount="86" insertCount="10000" extractCount="10000" duration="167634000"/>
			<Sample nodeCount="87" insertCount="10000" extractCount="10000" duration="173886000"/>
			<Sample nodeCount="88" insertCount="10000" extractCount="10000" duration="176747000"/>
			<Sample nodeCount="89" insertCount="10000" extractCount="10000" duration="176661000"/>
			<Sample nodeCount="90" insertCount="10000" extractCount="10000" duration="181175000"/>
			<Sample nodeCount="91" insertCount="10000" extractCount="10000" duration="180436000"/>
			<Sample nodeCount="92" insertCount="10000" extractCount="10000" duration="181730000"/>
			<Sample nodeCount="93" insertCount="10000" extractCount="10000" duration="183748000"/>
			<Sample nodeCount="94" insertCount="10000" extractCount="10000" duration="186348000"/>
			<Sample nodeCount="95" insertCount="10000" extractCount="10000" duration="199366000"/>
			<Sample nodeCount="96" insertCount="10000" extractCount="10000" duration="200917000"/>
			<Sample nodeCount="97" insertCount="10000" extractCount="10000" duration="201614000"/>
			<Sample nodeCount="98" insertCount="10000" extractCount="10000" duration="203967000"/>
			<Sample nodeCount="99" insertCount="10000" extractCount="10000" duration="205498000"/>
			<Sample nodeCount="100" insertCount="10000" extractCount="10000" duration="206733000"/>
			<Sample nodeCount="101" insertCount="10000" extractCount="10000" duration="208538000"/>
			<Sample nodeCount="102" insertCount="10000" extractCount="10000" duration="211405000"/>
			<Sample nodeCount="103" insertCount="10000" extractCount="10000" duration="215794000"/>
			<Sample nodeCount="104" insertCount="10000" extractCount="10000" duration="216954000"/>
			<Sample nodeCount="105" insertCount="10000" extractCount="10000" duration="219139000"/>
			<Sample nodeCount="106" insertCount="10000" extractCount="10000" duration="221098000"/>
			<Sample nodeCount="107" insertCount="10000" extractCount="10000" duration="222822000"/>
			<Sample nodeCount="108" insertCount="10000" extractCount="10000" duration="224649000"/>
			<Sample nodeCount="109" insertCount="10000" extractCount="10000" duration="226115000"/>
			<Sample nodeCount="110" insertCount="10000" extractCount="10000" duration="228402000"/>
			<Sample nodeCount="111" insertCount="10000" extractCount="10000" duration="242365000"/>
			<Sample nodeCount="112" insertCount="10000" extractCount="10000" duration="244152000"/>
			<Sample nodeCount="113" insertCount="10000" extractCount="10000" duration="243212000"/>
			<Sample nodeCount="114" insertCount="10000" extractCount="10000" duration="247327000"/>
			<Sample nodeCount="115" insertCount="10000" extractCount="10000" duration="247158000"/>
			<Sample nodeCount="116" insertCount="10000" extractCount="10000" duration="250426000"/>
			<Sample nodeCount="117" insertCount="10000" extractCount="10000" duration="250401000"/>
			<Sample nodeCount="118" insertCount="10000" extractCount="10000" duration="252742000"/>
			<Sample nodeCount="119" insertCount="10000" extractCount="10000" duration="260738000"/>
			<Sample nodeCount="120" insertCount="10000" extractCount="10000" duration="259309000"/>
			<Sample nodeCount="121" insertCount="10000" extractCount="10000" duration="261199000"/>
			<Sample nodeCount="122" insertCount="10000" extractCount="10000" duration="263219000"/>
			<Sample nodeCount="123" insertCount="10000" extractCount="10000" duration="265047000"/>
			<Sample nodeCount="124" insertCount="10000" extractCount="10000" duration="268208000"/>
			<Sample nodeCount="125" insertCount="10000" extractCount="10000" duration="268249000"/>
			<Sample nodeCount="126" insertCount="10000" extractCount="10000" duration="270331000"/>
			<Sample nodeCount="127" insertCount="10000" extractCount="10000" duration="289862000"/>
		</SmallSetLinear>
		<LargeSetLinear>
		</LargeSetLinear>
	</RBTest>
	<RBTest implementation="Eternally Confuzzled" nodeSize="24">
		<SmallSetRandomOps>
			<Sample nodeCount="1" insertCount="62" extractCount="61" duration="3000"/>
			<Sample nodeCount="2" insertCount="123" extractCount="123" duration="7000"/>
			<Sample nodeCount="3" insertCount="185" extractCount="184" duration="12000"/>
			<Sample nodeCount="4" insertCount="247" extractCount="245" duration="18000"/>
			<Sample nodeCount="5" insertCount="309" extractCount="306" duration="25000"/>
			<Sample nodeCount="6" insertCount="371" extractCount="367" duration="31000"/>
			<Sample nodeCount="7" insertCount="432" extractCount="429" duration="39000"/>
			<Sample nodeCount="8" insertCount="494" extractCount="490" duration="46000"/>
			<Sample nodeCount="9" insertCount="554" extractCount="553" duration="53000"/>
			<Sample nodeCount="10" insertCount="619" extractCount="611" duration="61000"/>
			<Sample nodeCount="11" insertCount="680" extractCount="673" duration="70000"/>
			<Sample nodeCount="12" insertCount="741" extractCount="735" duration="80000"/>
			<Sample nodeCount="13" insertCount="803" extractCount="796" duration="85000"/>
			<Sample nodeCount="14" insertCount="866" extractCount="856" duration="98000"/>
			<Sample nodeCount="15" insertCount="927" extractCount="918" duration="104000"/>
			<Sample nodeCount="16" insertCount="987" extractCount="981" duration="114000"/>
			<Sample nodeCount="17" insertCount="1050" extractCount="1041" duration="124000"/>
			<Sample nodeCount="18" insertCount="1113" extractCount="1101" duration="130000"/>
			<Sample nodeCount="19" insertCount="1173" extractCount="1164" duration="148000"/>
			<Sample nodeCount="20" insertCount="1235" extractCount="1225" duration="148000"/>
			<Sample nodeCount="21" insertCount="1295" extractCount="1288" duration="155000"/>
			<Sample nodeCount="22" insertCount="1359" extractCount="1347" duration="165000"/>
			<Sample nodeCount="23" insertCount="1421" extractCount="1408" duration="174000"/>
			<Sample nodeCount="24" insertCount="1482" extractCount="1470" duration="187000"/>
			<Sample nodeCount="25" insertCount="1544" extractCount="1531" duration="194000"/>
			<Sample nodeCount="26" insertCount="1606" extractCount="1592" duration="206000"/>
			<Sample nodeCount="27" insertCount="1667" extractCount="1654" duration="213000"/>
			<Sample nodeCount="28" insertCount="1730" extractCount="1714" duration="221000"/>
			<Sample nodeCount="29" insertCount="1790" extractCount="1777" duration="234000"/>
			<Sample nodeCount="30" insertCount="1853" extractCount="1837" duration="241000"/>
			<Sample nodeCount="31" insertCount="1915" extractCount="1898" duration="253000"/>
			<Sample nodeCount="32" insertCount="1976" extractCount="1960" duration="269000"/>
			<Sample nodeCount="33" insertCount="2035" extractCount="2024" duration="280000"/>
			<Sample nodeCount="34" insertCount="2099" extractCount="2083" duration="290000"/>
			<Sample nodeCount="35" insertCount="2163" extractCount="2142" duration="300000"/>
			<Sample nodeCount="36" insertCount="2221" extractCount="2207" duration="310000"/>
			<Sample nodeCount="37" insertCount="2285" extractCount="2266" duration="336000"/>
			<Sample nodeCount="38" insertCount="2348" extractCount="2326" duration="337000"/>
			<Sample nodeCount="39" insertCount="2407" extractCount="2390" duration="350000"/>
			<Sample nodeCount="40" insertCount="2469" extractCount="2451" duration="361000"/>
			<Sample nodeCount="41" insertCount="2531" extractCount="2512" duration="372000"/>
			<Sample nodeCount="42" insertCount="2594" extractCount="2572" duration="382000"/>
			<Sample nodeCount="43" insertCount="2655" extractCount="2634" duration="394000"/>
			<Sample nodeCount="44" insertCount="2717" extractCount="2695" duration="403000"/>
			<Sample nodeCount="45" insertCount="2778" extractCount="2757" duration="413000"/>
			<Sample nodeCount="46" insertCount="2842" extractCount="2816" duration="425000"/>
			<Sample nodeCount="47" insertCount="2903" extractCount="2878" duration="437000"/>
			<Sample nodeCount="48" insertCount="2963" extractCount="2941" duration="443000"/>
			<Sample nodeCount="49" insertCount="3027" extractCount="3000" duration="456000"/>
			<Sample nodeCount="50" insertCount="3085" extractCount="3065" duration="465000"/>
			<Sample nodeCount="51" insertCount="3148" extractCount="3125" duration="475000"/>
			<Sample nodeCount="52" insertCount="3210" extractCount="3186" duration="485000"/>
			<Sample nodeCount="53" insertCount="3270" extractCount="3249" duration="500000"/>
			<Sample nodeCount="54" insertCount="3333" extractCount="3309" duration="510000"/>
			<Sample nodeCount="55" insertCount="3394" extractCount="3371" duration="534000"/>
			<Sample nodeCount="56" insertCount="3457" extractCount="3431" duration="534000"/>
			<Sample nodeCount="57" insertCount="3521" extractCount="3490" duration="549000"/>
			<Sample nodeCount="58" insertCount="3583" extractCount="3551" duration="555000"/>
			<Sample nodeCount="59" insertCount="3645" extractCount="3612" duration="570000"/>
			<Sample nodeCount="60" insertCount="3706" extractCount="3674" duration="586000"/>
			<Sample nodeCount="61" insertCount="3768" extractCount="3735" duration="601000"/>
			<Sample nodeCount="62" insertCount="3827" extractCount="3799" duration="615000"/>
			<Sample nodeCount="63" insertCount="3893" extractCount="3856" duration="625000"/>
			<Sample nodeCount="64" insertCount="3953" extractCount="3919" duration="635000"/>
			<Sample nodeCount="65" insertCount="4013" extractCount="3982" duration="653000"/>
			<Sample nodeCount="66" insertCount="4076" extractCount="4042" duration="663000"/>
			<Sample nodeCount="67" insertCount="4138" extractCount="4103" duration="678000"/>
			<Sample nodeCount="68" insertCount="4195" extractCount="4169" duration="698000"/>
			<Sample nodeCount="69" insertCount="4261" extractCount="4226" duration="699000"/>
			<Sample nodeCount="70" insertCount="4321" extractCount="4289" duration="713000"/>
			<Sample nodeCount="71" insertCount="4387" extractCount="4346" duration="731000"/>
			<Sample nodeCount="72" insertCount="4451" extractCount="4405" duration="743000"/>
			<Sample nodeCount="73" insertCount="4507" extractCount="4472" duration="757000"/>
			<Sample nodeCount="74" insertCount="4569" extractCount="4533" duration="783000"/>
			<Sample nodeCount="75" insertCount="4633" extractCount="4592" duration="782000"/>
			<Sample nodeCount="76" insertCount="4693" extractCount="4655" duration="792000"/>
			<Sample nodeCount="77" insertCount="4754" extractCount="4717" duration="801000"/>
			<Sample nodeCount="78" insertCount="4814" extractCount="4780" duration="821000"/>
			<Sample nodeCount="79" insertCount="4878" extractCount="4839" duration="837000"/>
			<Sample nodeCount="80" insertCount="4940" extractCount="4900" duration="834000"/>
			<Sample nodeCount="81" insertCount="5003" extractCount="4960" duration="853000"/>
			<Sample nodeCount="82" insertCount="5065" extractCount="5021" duration="866000"/>
			<Sample nodeCount="83" insertCount="5126" extractCount="5083" duration="883000"/>
			<Sample nodeCount="84" insertCount="5190" extractCount="5142" duration="901000"/>
			<Sample nodeCount="85" insertCount="5246" extractCount="5209" duration="903000"/>
			<Sample nodeCount="86" insertCount="5311" extractCount="5267" duration="922000"/>
			<Sample nodeCount="87" insertCount="5372" extractCount="5329" duration="934000"/>
			<Sample nodeCount="88" insertCount="5432" extractCount="5392" duration="965000"/>
			<Sample nodeCount="89" insertCount="5494" extractCount="5453" duration="962000"/>
			<Sample nodeCount="90" insertCount="5561" extractCount="5509" duration="982000"/>
			<Sample nodeCount="91" insertCount="5619" extractCount="5574" duration="996000"/>
			<Sample nodeCount="92" insertCount="5682" extractCount="5634" duration="1018000"/>
			<Sample nodeCount="93" insertCount="5743" extractCount="5696" duration="1027000"/>
			<Sample nodeCount="94" insertCount="5802" extractCount="5760" duration="1037000"/>
			<Sample nodeCount="95" insertCount="5865" extractCount="5820" duration="1047000"/>
			<Sample nodeCount="96" insertCount="5931" extractCount="5877" duration="1070000"/>
			<Sample nodeCount="97" insertCount="5988" extractCount="5943" duration="1085000"/>
			<Sample nodeCount="98" insertCount="6054" extractCount="6000" duration="1097000"/>
			<Sample nodeCount="99" insertCount="6113" extractCount="6064" duration="1120000"/>
			<Sample nodeCount="100" insertCount="6177" extractCount="6123" duration="1140000"/>
			<Sample nodeCount="101" insertCount="6235" extractCount="6188" duration="1143000"/>
			<Sample nodeCount="102" insertCount="6299" extractCount="6247" duration="1158000"/>
			<Sample nodeCount="103" insertCount="6360" extractCount="6309" duration="1182000"/>
			<Sample nodeCount="104" insertCount="6426" extractCount="6366" duration="1193000"/>
			<Sample nodeCount="105" insertCount="6484" extractCount="6431" duration="1207000"/>
			<Sample nodeCount="106" insertCount="6548" extractCount="6490" duration="1222000"/>
			<Sample nodeCount="107" insertCount="6610" extractCount="6551" duration="1239000"/>
			<Sample nodeCount="108" insertCount="6668" extractCount="6616" duration="1258000"/>
			<Sample nodeCount="109" insertCount="6732" extractCount="6675" duration="1270000"/>
			<Sample nodeCount="110" insertCount="6793" extractCount="6737" duration="1277000"/>
			<Sample nodeCount="111" insertCount="6853" extractCount="6800" duration="1302000"/>
			<Sample nodeCount="112" insertCount="6916" extractCount="6860" duration="1319000"/>
			<Sample nodeCount="113" insertCount="6976" extractCount="6923" duration="1324000"/>
			<Sample nodeCount="114" insertCount="7037" extractCount="6985" duration="1340000"/>
			<Sample nodeCount="115" insertCount="7102" extractCount="7043" duration="1362000"/>
			<Sample nodeCount="116" insertCount="7162" extractCount="7106" duration="1367000"/>
			<Sample nodeCount="117" insertCount="7223" extractCount="7168" duration="1382000"/>
			<Sample nodeCount="118" insertCount="7287" extractCount="7227" duration="1395000"/>
			<Sample nodeCount="119" insertCount="7350" extractCount="7287" duration="1413000"/>
			<Sample nodeCount="120" insertCount="7407" extractCount="7353" duration="1420000"/>
			<Sample nodeCount="121" insertCount="7472" extractCount="7411" duration="1440000"/>
			<Sample nodeCount="122" insertCount="7532" extractCount="7474" duration="1446000"/>
			<Sample nodeCount="123" insertCount="7596" extractCount="7533" duration="1464000"/>
			<Sample nodeCount="124" insertCount="7659" extractCount="7593" duration="1474000"/>
			<Sample nodeCount="125" insertCount="7721" extractCount="7654" duration="1484000"/>
			<Sample nodeCount="126" insertCount="7778" extractCount="7720" duration="1495000"/>
			<Sample nodeCount="127" insertCount="7839" extractCount="7782" duration="1516000"/>
		</SmallSetRandomOps>
		<LargeSetRandomOps>
		</LargeSetRandomOps>
		<SmallSetLinear>
			<Sample nodeCount="1" insertCount="10000" extractCount="10000" duration="195000"/>
			<Sample nodeCount="2" insertCount="10000" extractCount="10000" duration="462000"/>
			<Sample nodeCount="3" insertCount="10000" extractCount="10000" duration="893000"/>
			<Sample nodeCount="4" insertCount="10000" extractCount="10000" duration="1409000"/>
			<Sample nodeCount="5" insertCount="10000" extractCount="10000" duration="1987000"/>
			<Sample nodeCount="6" insertCount="10000" extractCount="10000" duration="2777000"/>
			<Sample nodeCount="7" insertCount="10000" extractCount="10000" duration="3518000"/>
			<Sample nodeCount="8" insertCount="10000" extractCount="10000" duration="4025000"/>
			<Sample nodeCount="9" insertCount="10000" extractCount="10000" duration="4739000"/>
			<Sample nodeCount="10" insertCount="10000" extractCount="10000" duration="5798000"/>
			<Sample nodeCount="11" insertCount="10000" extractCount="10000" duration="6892000"/>
			<Sample nodeCount="12" insertCount="10000" extractCount="10000" duration="8185000"/>
			<Sample nodeCount="13" insertCount="10000" extractCount="10000" duration="8230000"/>
			<Sample nodeCount="14" insertCount="10000" extractCount="10000" duration="10658000"/>
			<Sample nodeCount="15" insertCount="10000" extractCount="10000" duration="12807000"/>
			<Sample nodeCount="16" insertCount="10000" extractCount="10000" duration="12660000"/>
			<Sample nodeCount="17" insertCount="10000" extractCount="10000" duration="12409000"/>
			<Sample nodeCount="18" insertCount="10000" extractCount="10000" duration="16311000"/>
			<Sample nodeCount="19" insertCount="10000" extractCount="10000" duration="16243000"/>
			<Sample nodeCount="20" insertCount="10000" extractCount="10000" duration="17750000"/>
			<Sample nodeCount="21" insertCount="10000" extractCount="10000" duration="17848000"/>
			<Sample nodeCount="22" insertCount="10000" extractCount="10000" duration="20149000"/>
			<Sample nodeCount="23" insertCount="10000" extractCount="10000" duration="22066000"/>
			<Sample nodeCount="24" insertCount="10000" extractCount="10000" duration="22582000"/>
			<Sample nodeCount="25" insertCount="10000" extractCount="10000" duration="25413000"/>
			<Sample nodeCount="26" insertCount="10000" extractCount="10000" duration="25682000"/>
			<Sample nodeCount="27" insertCount="10000" extractCount="10000" duration="26844000"/>
			<Sample nodeCount="28" insertCount="10000" extractCount="10000" duration="28512000"/>
			<Sample nodeCount="29" insertCount="10000" extractCount="10000" duration="30439000"/>
			<Sample nodeCount="30" insertCount="10000" extractCount="10000" duration="32595000"/>
			<Sample nodeCount="31" insertCount="10000" extractCount="10000" duration="34156000"/>
			<Sample nodeCount="32" insertCount="10000" extractCount="10000" duration="31622000"/>
			<Sample nodeCount="33" insertCount="10000" extractCount="10000" duration="37126000"/>
			<Sample nodeCount="34" insertCount="10000" extractCount="10000" duration="37730000"/>
			<Sample nodeCount="35" insertCount="10000" extractCount="10000" duration="39905000"/>
			<Sample nodeCount="36" insertCount="10000" extractCount="10000" duration="41208000"/>
			<Sample nodeCount="37" insertCount="10000" extractCount="10000" duration="42353000"/>
			<Sample nodeCount="38" insertCount="10000" extractCount="10000" duration="43898000"/>
			<Sample nodeCount="39" insertCount="10000" extractCount="10000" duration="46323000"/>
			<Sample nodeCount="40" insertCount="10000" extractCount="10000" duration="47795000"/>
			<Sample nodeCount="41" insertCount="10000" extractCount="10000" duration="48698000"/>
			<Sample nodeCount="42" insertCount="10000" extractCount="10000" duration="49995000"/>
			<Sample nodeCount="43" insertCount="10000" extractCount="10000" duration="51113000"/>
			<Sample nodeCount="44" insertCount="10000" extractCount="10000" duration="52651000"/>
			<Sample nodeCount="45" insertCount="10000" extractCount="10000" duration="54124000"/>
			<Sample nodeCount="46" insertCount="10000" extractCount="10000" duration="55230000"/>
			<Sample nodeCount="47" insertCount="10000" extractCount="10000" duration="58187000"/>
			<Sample nodeCount="48" insertCount="10000" extractCount="10000" duration="58627000"/>
			<Sample nodeCount="49" insertCount="10000" extractCount="10000" duration="59774000"/>
			<Sample nodeCount="50" insertCount="10000" extractCount="10000" duration="61520000"/>
			<Sample nodeCount="51" insertCount="10000" extractCount="10000" duration="63596000"/>
			<Sample nodeCount="52" insertCount="10000" extractCount="10000" duration="64879000"/>
			<Sample nodeCount="53" insertCount="10000" extractCount="10000" duration="65877000"/>
			<Sample nodeCount="54" insertCount="10000" extractCount="10000" duration="67730000"/>
			<Sample nodeCount="55" insertCount="10000" extractCount="10000" duration="69621000"/>
			<Sample nodeCount="56" insertCount="10000" extractCount="10000" duration="71137000"/>
			<Sample nodeCount="57" insertCount="10000" extractCount="10000" duration="72341000"/>
			<Sample nodeCount="58" insertCount="10000" extractCount="10000" duration="74063000"/>
			<Sample nodeCount="59" insertCount="10000" extractCount="10000" duration="75997000"/>
			<Sample nodeCount="60" insertCount="10000" extractCount="10000" duration="77112000"/>
			<Sample nodeCount="61" insertCount="10000" extractCount="10000" duration="79121000"/>
			<Sample nodeCount="62" insertCount="10000" extractCount="10000" duration="80550000"/>
			<Sample nodeCount="63" insertCount="10000" extractCount="10000" duration="82312000"/>
			<Sample nodeCount="64" insertCount="10000" extractCount="10000" duration="83752000"/>
			<Sample nodeCount="65" insertCount="10000" extractCount="10000" duration="85450000"/>
			<Sample nodeCount="66" insertCount="10000" extractCount="10000" duration="87239000"/>
			<Sample nodeCount="67" insertCount="10000" extractCount="10000" duration="88407000"/>
			<Sample nodeCount="68" insertCount="10000" extractCount="10000" duration="89799000"/>
			<Sample nodeCount="69" insertCount="10000" extractCount="10000" duration="91099000"/>
			<Sample nodeCount="70" insertCount="10000" extractCount="10000" duration="92934000"/>
			<Sample nodeCount="71" insertCount="10000" extractCount="10000" duration="95423000"/>
			<Sample nodeCount="72" insertCount="10000" extractCount="10000" duration="96910000"/>
			<Sample nodeCount="73" insertCount="10000" extractCount="10000" duration="98075000"/>
			<Sample nodeCount="74" insertCount="10000" extractCount="10000" duration="99686000"/>
			<Sample nodeCount="75" insertCount="10000" extractCount="10000" duration="101213000"/>
			<Sample nodeCount="76" insertCount="10000" extractCount="10000" duration="102434000"/>
			<Sample nodeCount="77" insertCount="10000" extractCount="10000" duration="104752000"/>
			<Sample nodeCount="78" insertCount="10000" extractCount="10000" duration="106676000"/>
			<Sample nodeCount="79" insertCount="10000" extractCount="10000" duration="108323000"/>
			<Sample nodeCount="80" insertCount="10000" extractCount="10000" duration="109722000"/>
			<Sample nodeCount="81" insertCount="10000" extractCount="10000" duration="111158000"/>
			<Sample nodeCount="82" insertCount="10000" extractCount="10000" duration="112567000"/>
			<Sample nodeCount="83" insertCount="10000" extractCount="10000" duration="114675000"/>
			<Sample nodeCount="84" insertCount="10000" extractCount="10000" duration="116384000"/>
			<Sample nodeCount="85" insertCount="10000" extractCount="10000" duration="117185000"/>
			<Sample nodeCount="86" insertCount="10000" extractCount="10000" duration="119289000"/>
			<Sample nodeCount="87" insertCount="10000" extractCount="10000" duration="121678000"/>
			<Sample nodeCount="88" insertCount="10000" extractCount="10000" duration="122808000"/>
			<Sample nodeCount="89" insertCount="10000" extractCount="10000" duration="125169000"/>
			<Sample nodeCount="90" insertCount="10000" extractCount="10000" duration="126218000"/>
			<Sample nodeCount="91" insertCount="10000" extractCount="10000" duration="127632000"/>
			<Sample nodeCount="92" insertCount="10000" extractCount="10000" duration="129720000"/>
			<Sample nodeCount="93" insertCount="10000" extractCount="10000" duration="131835000"/>
			<Sample nodeCount="94" insertCount="10000" extractCount="10000" duration="132683000"/>
			<Sample nodeCount="95" insertCount="10000" extractCount="10000" duration="135449000"/>
			<Sample nodeCount="96" insertCount="10000" extractCount="10000" duration="136682000"/>
			<Sample nodeCount="97" insertCount="10000" extractCount="10000" duration="138220000"/>
			<Sample nodeCount="98" insertCount="10000" extractCount="10000" duration="139742000"/>
			<Sample nodeCount="99" insertCount="10000" extractCount="10000" duration="141063000"/>
			<Sample nodeCount="100" insertCount="10000" extractCount="10000" duration="143891000"/>
			<Sample nodeCount="101" insertCount="10000" extractCount="10000" duration="144799000"/>
			<Sample nodeCount="102" insertCount="10000" extractCount="10000" duration="147327000"/>
			<Sample nodeCount="103" insertCount="10000" extractCount="10000" duration="148782000"/>
			<Sample nodeCount="104" insertCount="10000" extractCount="10000" duration="150255000"/>
			<Sample nodeCount="105" insertCount="10000" extractCount="10000" duration="152284000"/>
			<Sample nodeCount="106" insertCount="10000" extractCount="10000" duration="154395000"/>
			<Sample nodeCount="107" insertCount="10000" extractCount="10000" duration="155508000"/>
			<Sample nodeCount="108" insertCount="10000" extractCount="10000" duration="157692000"/>
			<Sample nodeCount="109" insertCount="10000" extractCount="10000" duration="158736000"/>
			<Sample nodeCount="110" insertCount="10000" extractCount="10000" duration="161434000"/>
			<Sample nodeCount="111" insertCount="10000" extractCount="10000" duration="161960000"/>
			<Sample nodeCount="112" insertCount="10000" extractCount="10000" duration="163924000"/>
			<Sample nodeCount="113" insertCount="10000" extractCount="10000" duration="165250000"/>
			<Sample nodeCount="114" insertCount="10000" extractCount="10000" duration="167407000"/>
			<Sample nodeCount="115" insertCount="10000" extractCount="10000" duration="169769000"/>
			<Sample nodeCount="116" insertCount="10000" extractCount="10000" duration="171672000"/>
			<Sample nodeCount="117" insertCount="10000" extractCount="10000" duration="173188000"/>
			<Sample nodeCount="118" insertCount="10000" extractCount="10000" duration="175466000"/>
			<Sample nodeCount="119" insertCount="10000" extractCount="10000" duration="175875000"/>
			<Sample nodeCount="120" insertCount="10000" extractCount="10000" duration="178850000"/>
			<Sample nodeCount="121" insertCount="10000" extractCount="10000" duration="179419000"/>
			<Sample nodeCount="122" insertCount="10000" extractCount="10000" duration="181249000"/>
			<Sample nodeCount="123" insertCount="10000" extractCount="10000" duration="184492000"/>
			<Sample nodeCount="124" insertCount="10000" extractCount="10000" duration="185521000"/>
			<Sample nodeCount="125" insertCount="10000" extractCount="10000" duration="187103000"/>
			<Sample nodeCount="126" insertCount="10000" extractCount="10000" duration="188783000"/>
			<Sample nodeCount="127" insertCount="10000" extractCount="10000" duration="190981000"/>
		</SmallSetLinear>
		<LargeSetLinear>
		</LargeSetLinear>
	</RBTest>
	<RBTest implementation="jemalloc" nodeSize="16">
		<SmallSetRandomOps>
			<Sample nodeCount="1" insertCount="62" extractCount="61" duration="4000"/>
			<Sample nodeCount="2" insertCount="123" extractCount="123" duration="8000"/>
			<Sample nodeCount="3" insertCount="186" extractCount="183" duration="13000"/>
			<Sample nodeCount="4" insertCount="247" extractCount="245" duration="18000"/>
			<Sample nodeCount="5" insertCount="309" extractCount="306" duration="26000"/>
			<Sample nodeCount="6" insertCount="370" extractCount="368" duration="32000"/>
			<Sample nodeCount="7" insertCount="433" extractCount="428" duration="41000"/>
			<Sample nodeCount="8" insertCount="493" extractCount="491" duration="49000"/>
			<Sample nodeCount="9" insertCount="557" extractCount="550" duration="55000"/>
			<Sample nodeCount="10" insertCount="619" extractCount="611" duration="62000"/>
			<Sample nodeCount="11" insertCount="680" extractCount="673" duration="71000"/>
			<Sample nodeCount="12" insertCount="740" extractCount="736" duration="80000"/>
			<Sample nodeCount="13" insertCount="803" extractCount="796" duration="88000"/>
			<Sample nodeCount="14" insertCount="864" extractCount="858" duration="97000"/>
			<Sample nodeCount="15" insertCount="927" extractCount="918" duration="102000"/>
			<Sample nodeCount="16" insertCount="988" extractCount="980" duration="112000"/>
			<Sample nodeCount="17" insertCount="1050" extractCount="1041" duration="120000"/>
			<Sample nodeCount="18" insertCount="1113" extractCount="1101" duration="130000"/>
			<Sample nodeCount="19" insertCount="1172" extractCount="1165" duration="140000"/>
			<Sample nodeCount="20" insertCount="1237" extractCount="1223" duration="147000"/>
			<Sample nodeCount="21" insertCount="1296" extractCount="1287" duration="155000"/>
			<Sample nodeCount="22" insertCount="1359" extractCount="1347" duration="167000"/>
			<Sample nodeCount="23" insertCount="1419" extractCount="1410" duration="173000"/>
			<Sample nodeCount="24" insertCount="1484" extractCount="1468" duration="184000"/>
			<Sample nodeCount="25" insertCount="1544" extractCount="1531" duration="191000"/>
			<Sample nodeCount="26" insertCount="1604" extractCount="1594" duration="199000"/>
			<Sample nodeCount="27" insertCount="1668" extractCount="1653" duration="210000"/>
			<Sample nodeCount="28" insertCount="1729" extractCount="1715" duration="233000"/>
			<Sample nodeCount="29" insertCount="1790" extractCount="1777" duration="227000"/>
			<Sample nodeCount="30" insertCount="1851" extractCount="1839" duration="238000"/>
			<Sample nodeCount="31" insertCount="1914" extractCount="1899" duration="247000"/>
			<Sample nodeCount="32" insertCount="1977" extractCount="1959" duration="257000"/>
			<Sample nodeCount="33" insertCount="2041" extractCount="2018" duration="267000"/>
			<Sample nodeCount="34" insertCount="2097" extractCount="2085" duration="274000"/>
			<Sample nodeCount="35" insertCount="2160" extractCount="2145" duration="286000"/>
			<Sample nodeCount="36" insertCount="2221" extractCount="2207" duration="295000"/>
			<Sample nodeCount="37" insertCount="2285" extractCount="2266" duration="301000"/>
			<Sample nodeCount="38" insertCount="2346" extractCount="2328" duration="315000"/>
			<Sample nodeCount="39" insertCount="2408" extractCount="2389" duration="324000"/>
			<Sample nodeCount="40" insertCount="2471" extractCount="2449" duration="333000"/>
			<Sample nodeCount="41" insertCount="2531" extractCount="2512" duration="343000"/>
			<Sample nodeCount="42" insertCount="2593" extractCount="2573" duration="360000"/>
			<Sample nodeCount="43" insertCount="2656" extractCount="2633" duration="363000"/>
			<Sample nodeCount="44" insertCount="2717" extractCount="2695" duration="371000"/>
			<Sample nodeCount="45" insertCount="2776" extractCount="2759" duration="377000"/>
			<Sample nodeCount="46" insertCount="2840" extractCount="2818" duration="390000"/>
			<Sample nodeCount="47" insertCount="2902" extractCount="2879" duration="401000"/>
			<Sample nodeCount="48" insertCount="2966" extractCount="2938" duration="409000"/>
			<Sample nodeCount="49" insertCount="3026" extractCount="3001" duration="421000"/>
			<Sample nodeCount="50" insertCount="3084" extractCount="3066" duration="429000"/>
			<Sample nodeCount="51" insertCount="3151" extractCount="3122" duration="440000"/>
			<Sample nodeCount="52" insertCount="3209" extractCount="3187" duration="459000"/>
			<Sample nodeCount="53" insertCount="3273" extractCount="3246" duration="459000"/>
			<Sample nodeCount="54" insertCount="3337" extractCount="3305" duration="470000"/>
			<Sample nodeCount="55" insertCount="3400" extractCount="3365" duration="480000"/>
			<Sample nodeCount="56" insertCount="3458" extractCount="3430" duration="491000"/>
			<Sample nodeCount="57" insertCount="3521" extractCount="3490" duration="501000"/>
			<Sample nodeCount="58" insertCount="3580" extractCount="3554" duration="509000"/>
			<Sample nodeCount="59" insertCount="3647" extractCount="3610" duration="523000"/>
			<Sample nodeCount="60" insertCount="3706" extractCount="3674" duration="536000"/>
			<Sample nodeCount="61" insertCount="3766" extractCount="3737" duration="539000"/>
			<Sample nodeCount="62" insertCount="3828" extractCount="3798" duration="549000"/>
			<Sample nodeCount="63" insertCount="3888" extractCount="3861" duration="559000"/>
			<Sample nodeCount="64" insertCount="3952" extractCount="3920" duration="569000"/>
			<Sample nodeCount="65" insertCount="4014" extractCount="3981" duration="580000"/>
			<Sample nodeCount="66" insertCount="4077" extractCount="4041" duration="588000"/>
			<Sample nodeCount="67" insertCount="4136" extractCount="4105" duration="606000"/>
			<Sample nodeCount="68" insertCount="4200" extractCount="4164" duration="612000"/>
			<Sample nodeCount="69" insertCount="4263" extractCount="4224" duration="619000"/>
			<Sample nodeCount="70" insertCount="4325" extractCount="4285" duration="633000"/>
			<Sample nodeCount="71" insertCount="4381" extractCount="4352" duration="640000"/>
			<Sample nodeCount="72" insertCount="4448" extractCount="4408" duration="659000"/>
			<Sample nodeCount="73" insertCount="4507" extractCount="4472" duration="671000"/>
			<Sample nodeCount="74" insertCount="4571" extractCount="4531" duration="670000"/>
			<Sample nodeCount="75" insertCount="4631" extractCount="4594" duration="687000"/>
			<Sample nodeCount="76" insertCount="4693" extractCount="4655" duration="697000"/>
			<Sample nodeCount="77" insertCount="4755" extractCount="4716" duration="702000"/>
			<Sample nodeCount="78" insertCount="4817" extractCount="4777" duration="714000"/>
			<Sample nodeCount="79" insertCount="4877" extractCount="4840" duration="729000"/>
			<Sample nodeCount="80" insertCount="4942" extractCount="4898" duration="742000"/>
			<Sample nodeCount="81" insertCount="5002" extractCount="4961" duration="750000"/>
			<Sample nodeCount="82" insertCount="5063" extractCount="5023" duration="759000"/>
			<Sample nodeCount="83" insertCount="5124" extractCount="5085" duration="774000"/>
			<Sample nodeCount="84" insertCount="5187" extractCount="5145" duration="787000"/>
			<Sample nodeCount="85" insertCount="5250" extractCount="5205" duration="788000"/>
			<Sample nodeCount="86" insertCount="5314" extractCount="5264" duration="803000"/>
			<Sample nodeCount="87" insertCount="5374" extractCount="5327" duration="814000"/>
			<Sample nodeCount="88" insertCount="5432" extractCount="5392" duration="823000"/>
			<Sample nodeCount="89" insertCount="5490" extractCount="5457" duration="842000"/>
			<Sample nodeCount="90" insertCount="5559" extractCount="5511" duration="843000"/>
			<Sample nodeCount="91" insertCount="5621" extractCount="5572" duration="853000"/>
			<Sample nodeCount="92" insertCount="5680" extractCount="5636" duration="866000"/>
			<Sample nodeCount="93" insertCount="5740" extractCount="5699" duration="878000"/>
			<Sample nodeCount="94" insertCount="5803" extractCount="5759" duration="894000"/>
			<Sample nodeCount="95" insertCount="5862" extractCount="5823" duration="901000"/>
			<Sample nodeCount="96" insertCount="5929" extractCount="5879" duration="911000"/>
			<Sample nodeCount="97" insertCount="5993" extractCount="5938" duration="916000"/>
			<Sample nodeCount="98" insertCount="6055" extractCount="5999" duration="935000"/>
			<Sample nodeCount="99" insertCount="6113" extractCount="6064" duration="942000"/>
			<Sample nodeCount="100" insertCount="6172" extractCount="6128" duration="950000"/>
			<Sample nodeCount="101" insertCount="6238" extractCount="6185" duration="963000"/>
			<Sample nodeCount="102" insertCount="6299" extractCount="6247" duration="982000"/>
			<Sample nodeCount="103" insertCount="6363" extractCount="6306" duration="983000"/>
			<Sample nodeCount="104" insertCount="6426" extractCount="6366" duration="991000"/>
			<Sample nodeCount="105" insertCount="6481" extractCount="6434" duration="1009000"/>
			<Sample nodeCount="106" insertCount="6544" extractCount="6494" duration="1028000"/>
			<Sample nodeCount="107" insertCount="6607" extractCount="6554" duration="1024000"/>
			<Sample nodeCount="108" insertCount="6669" extractCount="6615" duration="1031000"/>
			<Sample nodeCount="109" insertCount="6732" extractCount="6675" duration="1048000"/>
			<Sample nodeCount="110" insertCount="6794" extractCount="6736" duration="1064000"/>
			<Sample nodeCount="111" insertCount="6852" extractCount="6801" duration="1071000"/>
			<Sample nodeCount="112" insertCount="6918" extractCount="6858" duration="1077000"/>
			<Sample nodeCount="113" insertCount="6981" extractCount="6918" duration="1092000"/>
			<Sample nodeCount="114" insertCount="7041" extractCount="6981" duration="1109000"/>
			<Sample nodeCount="115" insertCount="7103" extractCount="7042" duration="1114000"/>
			<Sample nodeCount="116" insertCount="7164" extractCount="7104" duration="1122000"/>
			<Sample nodeCount="117" insertCount="7225" extractCount="7166" duration="1147000"/>
			<Sample nodeCount="118" insertCount="7291" extractCount="7223" duration="1148000"/>
			<Sample nodeCount="119" insertCount="7350" extractCount="7287" duration="1160000"/>
			<Sample nodeCount="120" insertCount="7410" extractCount="7350" duration="1170000"/>
			<Sample nodeCount="121" insertCount="7471" extractCount="7412" duration="1189000"/>
			<Sample nodeCount="122" insertCount="7537" extractCount="7469" duration="1192000"/>
			<Sample nodeCount="123" insertCount="7593" extractCount="7536" duration="1204000"/>
			<Sample nodeCount="124" insertCount="7658" extractCount="7594" duration="1217000"/>
			<Sample nodeCount="125" insertCount="7718" extractCount="7657" duration="1222000"/>
			<Sample nodeCount="126" insertCount="7781" extractCount="7717" duration="1237000"/>
			<Sample nodeCount="127" insertCount="7840" extractCount="7781" duration="1258000"/>
		</SmallSetRandomOps>
		<LargeSetRandomOps>
		</LargeSetRandomOps>
		<SmallSetLinear>
			<Sample nodeCount="1" insertCount="10000" extractCount="10000" duration="167000"/>
			<Sample nodeCount="2" insertCount="10000" extractCount="10000" duration="458000"/>
			<Sample nodeCount="3" insertCount="10000" extractCount="10000" duration="783000"/>
			<Sample nodeCount="4" insertCount="10000" extractCount="10000" duration="1195000"/>
			<Sample nodeCount="5" insertCount="10000" extractCount="10000" duration="1694000"/>
			<Sample nodeCount="6" insertCount="10000" extractCount="10000" duration="2003000"/>
			<Sample nodeCount="7" insertCount="10000" extractCount="10000" duration="2585000"/>
			<Sample nodeCount="8" insertCount="10000" extractCount="10000" duration="2924000"/>
			<Sample nodeCount="9" insertCount="10000" extractCount="10000" duration="3559000"/>
			<Sample nodeCount="10" insertCount="10000" extractCount="10000" duration="4033000"/>
			<Sample nodeCount="11" insertCount="10000" extractCount="10000" duration="4777000"/>
			<Sample nodeCount="12" insertCount="10000" extractCount="10000" duration="5115000"/>
			<Sample nodeCount="13" insertCount="10000" extractCount="10000" duration="5679000"/>
			<Sample nodeCount="14" insertCount="10000" extractCount="10000" duration="6115000"/>
			<Sample nodeCount="15" insertCount="10000" extractCount="10000" duration="7664000"/>
			<Sample nodeCount="16" insertCount="10000" extractCount="10000" duration="7925000"/>
			<Sample nodeCount="17" insertCount="10000" extractCount="10000" duration="8875000"/>
			<Sample nodeCount="18" insertCount="10000" extractCount="10000" duration="9568000"/>
			<Sample nodeCount="19" insertCount="10000" extractCount="10000" duration="10440000"/>
			<Sample nodeCount="20" insertCount="10000" extractCount="10000" duration="10845000"/>
			<Sample nodeCount="21" insertCount="10000" extractCount="10000" duration="11692000"/>
			<Sample nodeCount="22" insertCount="10000" extractCount="10000" duration="12352000"/>
			<Sample nodeCount="23" insertCount="10000" extractCount="10000" duration="13837000"/>
			<Sample nodeCount="24" insertCount="10000" extractCount="10000" duration="14226000"/>
			<Sample nodeCount="25" insertCount="10000" extractCount="10000" duration="15290000"/>
			<Sample nodeCount="26" insertCount="10000" extractCount="10000" duration="15445000"/>
			<Sample nodeCount="27" insertCount="10000" extractCount="10000" duration="16352000"/>
			<Sample nodeCount="28" insertCount="10000" extractCount="10000" duration="16680000"/>
			<Sample nodeCount="29" insertCount="10000" extractCount="10000" duration="17822000"/>
			<Sample nodeCount="30" insertCount="10000" extractCount="10000" duration="18164000"/>
			<Sample nodeCount="31" insertCount="10000" extractCount="10000" duration="19116000"/>
			<Sample nodeCount="32" insertCount="10000" extractCount="10000" duration="20300000"/>
			<Sample nodeCount="33" insertCount="10000" extractCount="10000" duration="21804000"/>
			<Sample nodeCount="34" insertCount="10000" extractCount="10000" duration="22153000"/>
			<Sample nodeCount="35" insertCount="10000" extractCount="10000" duration="23151000"/>
			<Sample nodeCount="36" insertCount="10000" extractCount="10000" duration="23712000"/>
			<Sample nodeCount="37" insertCount="10000" extractCount="10000" duration="24316000"/>
			<Sample nodeCount="38" insertCount="10000" extractCount="10000" duration="24979000"/>
			<Sample nodeCount="39" insertCount="10000" extractCount="10000" duration="25087000"/>
			<Sample nodeCount="40" insertCount="10000" extractCount="10000" duration="25605000"/>
			<Sample nodeCount="41" insertCount="10000" extractCount="10000" duration="26810000"/>
			<Sample nodeCount="42" insertCount="10000" extractCount="10000" duration="27279000"/>
			<Sample nodeCount="43" insertCount="10000" extractCount="10000" duration="28706000"/>
			<Sample nodeCount="44" insertCount="10000" extractCount="10000" duration="28970000"/>
			<Sample nodeCount="45" insertCount="10000" extractCount="10000" duration="29773000"/>
			<Sample nodeCount="46" insertCount="10000" extractCount="10000" duration="30257000"/>
			<Sample nodeCount="47" insertCount="10000" extractCount="10000" duration="32824000"/>
			<Sample nodeCount="48" insertCount="10000" extractCount="10000" duration="33164000"/>
			<Sample nodeCount="49" insertCount="10000" extractCount="10000" duration="34675000"/>
			<Sample nodeCount="50" insertCount="10000" extractCount="10000" duration="34869000"/>
			<Sample nodeCount="51" insertCount="10000" extractCount="10000" duration="36227000"/>
			<Sample nodeCount="52" insertCount="10000" extractCount="10000" duration="36691000"/>
			<Sample nodeCount="53" insertCount="10000" extractCount="10000" duration="35876000"/>
			<Sample nodeCount="54" insertCount="10000" extractCount="10000" duration="37952000"/>
			<Sample nodeCount="55" insertCount="10000" extractCount="10000" duration="38688000"/>
			<Sample nodeCount="56" insertCount="10000" extractCount="10000" duration="38184000"/>
			<Sample nodeCount="57" insertCount="10000" extractCount="10000" duration="39230000"/>
			<Sample nodeCount="58" insertCount="10000" extractCount="10000" duration="39534000"/>
			<Sample nodeCount="59" insertCount="10000" extractCount="10000" duration="40461000"/>
			<Sample nodeCount="60" insertCount="10000" extractCount="10000" duration="40838000"/>
			<Sample nodeCount="61" insertCount="10000" extractCount="10000" duration="40929000"/>
			<Sample nodeCount="62" insertCount="10000" extractCount="10000" duration="42543000"/>
			<Sample nodeCount="63" insertCount="10000" extractCount="10000" duration="44702000"/>
			<Sample nodeCount="64" insertCount="10000" extractCount="10000" duration="46378000"/>
			<Sample nodeCount="65" insertCount="10000" extractCount="10000" duration="46975000"/>
			<Sample nodeCount="66" insertCount="10000" extractCount="10000" duration="48266000"/>
			<Sample nodeCount="67" insertCount="10000" extractCount="10000" duration="49123000"/>
			<Sample nodeCount="68" insertCount="10000" extractCount="10000" duration="48579000"/>
			<Sample nodeCount="69" insertCount="10000" extractCount="10000" duration="49614000"/>
			<Sample nodeCount="70" insertCount="10000" extractCount="10000" duration="50915000"/>
			<Sample nodeCount="71" insertCount="10000" extractCount="10000" duration="51849000"/>
			<Sample nodeCount="72" insertCount="10000" extractCount="10000" duration="52348000"/>
			<Sample nodeCount="73" insertCount="10000" extractCount="10000" duration="52953000"/>
			<Sample nodeCount="74" insertCount="10000" extractCount="10000" duration="54429000"/>
			<Sample nodeCount="75" insertCount="10000" extractCount="10000" duration="55043000"/>
			<Sample nodeCount="76" insertCount="10000" extractCount="10000" duration="55392000"/>
			<Sample nodeCount="77" insertCount="10000" extractCount="10000" duration="54738000"/>
			<Sample nodeCount="78" insertCount="10000" extractCount="10000" duration="55307000"/>
			<Sample nodeCount="79" insertCount="10000" extractCount="10000" duration="58561000"/>
			<Sample nodeCount="80" insertCount="10000" extractCount="10000" duration="59098000"/>
			<Sample nodeCount="81" insertCount="10000" extractCount="10000" duration="60959000"/>
			<Sample nodeCount="82" insertCount="10000" extractCount="10000" duration="61465000"/>
			<Sample nodeCount="83" insertCount="10000" extractCount="10000" duration="62418000"/>
			<Sample nodeCount="84" insertCount="10000" extractCount="10000" duration="61090000"/>
			<Sample nodeCount="85" insertCount="10000" extractCount="10000" duration="62713000"/>
			<Sample nodeCount="86" insertCount="10000" extractCount="10000" duration="64522000"/>
			<Sample nodeCount="87" insertCount="10000" extractCount="10000" duration="64475000"/>
			<Sample nodeCount="88" insertCount="10000" extractCount="10000" duration="64290000"/>
			<Sample nodeCount="89" insertCount="10000" extractCount="10000" duration="66175000"/>
			<Sample nodeCount="90" insertCount="10000" extractCount="10000" duration="66736000"/>
			<Sample nodeCount="91" insertCount="10000" extractCount="10000" duration="65404000"/>
			<Sample nodeCount="92" insertCount="10000" extractCount="10000" duration="65943000"/>
			<Sample nodeCount="93" insertCount="10000" extractCount="10000" duration="67460000"/>
			<Sample nodeCount="94" insertCount="10000" extractCount="10000" duration="66301000"/>
			<Sample nodeCount="95" insertCount="10000" extractCount="10000" duration="70847000"/>
			<Sample nodeCount="96" insertCount="10000" extractCount="10000" duration="71853000"/>
			<Sample nodeCount="97" insertCount="10000" extractCount="10000" duration="74162000"/>
			<Sample nodeCount="98" insertCount="10000" extractCount="10000" duration="74277000"/>
			<Sample nodeCount="99" insertCount="10000" extractCount="10000" duration="74316000"/>
			<Sample nodeCount="100" insertCount="10000" extractCount="10000" duration="75373000"/>
			<Sample nodeCount="101" insertCount="10000" extractCount="10000" duration="77051000"/>
			<Sample nodeCount="102" insertCount="10000" extractCount="10000" duration="77147000"/>
			<Sample nodeCount="103" insertCount="10000" extractCount="10000" duration="77622000"/>
			<Sample nodeCount="104" insertCount="10000" extractCount="10000" duration="78418000"/>
			<Sample nodeCount="105" insertCount="10000" extractCount="10000" duration="80593000"/>
			<Sample nodeCount="106" insertCount="10000" extractCount="10000" duration="79550000"/>
			<Sample nodeCount="107" insertCount="10000" extractCount="10000" duration="81425000"/>
			<Sample nodeCount="108" insertCount="10000" extractCount="10000" duration="82078000"/>
			<Sample nodeCount="109" insertCount="10000" extractCount="10000" duration="81847000"/>
			<Sample nodeCount="110" insertCount="10000" extractCount="10000" duration="81524000"/>
			<Sample nodeCount="111" insertCount="10000" extractCount="10000" duration="82227000"/>
			<Sample nodeCount="112" insertCount="10000" extractCount="10000" duration="86442000"/>
			<Sample nodeCount="113" insertCount="10000" extractCount="10000" duration="87100000"/>
			<Sample nodeCount="114" insertCount="10000" extractCount="10000" duration="88137000"/>
			<Sample nodeCount="115" insertCount="10000" extractCount="10000" duration="87847000"/>
			<Sample nodeCount="116" insertCount="10000" extractCount="10000" duration="87711000"/>
			<Sample nodeCount="117" insertCount="10000" extractCount="10000" duration="88649000"/>
			<Sample nodeCount="118" insertCount="10000" extractCount="10000" duration="90268000"/>
			<Sample nodeCount="119" insertCount="10000" extractCount="10000" duration="89363000"/>
			<Sample nodeCount="120" insertCount="10000" extractCount="10000" duration="91648000"/>
			<Sample nodeCount="121" insertCount="10000" extractCount="10000" duration="93252000"/>
			<Sample nodeCount="122" insertCount="10000" extractCount="10000" duration="91432000"/>
			<Sample nodeCount="123" insertCount="10000" extractCount="10000" duration="93562000"/>
			<Sample nodeCount="124" insertCount="10000" extractCount="10000" duration="95655000"/>
			<Sample nodeCount="125" insertCount="10000" extractCount="10000" duration="95960000"/>
			<Sample nodeCount="126" insertCount="10000" extractCount="10000" duration="95290000"/>
			<Sample nodeCount="127" insertCount="10000" extractCount="10000" duration="99855000"/>
		</SmallSetLinear>
		<LargeSetLinear>
		</LargeSetLinear>
	</RBTest>
	<RBTest implementation="bheap" nodeSize="24">
		<SmallSetRandomOps>
			<Sample nodeCount="1" insertCount="62" extractCount="61" duration="3000"/>
			<Sample nodeCount="2" insertCount="123" extractCount="123" duration="6000"/>
			<Sample nodeCount="3" insertCount="186" extractCount="183" duration="9000"/>
			<Sample nodeCount="4" insertCount="247" extractCount="245" duration="13000"/>
			<Sample nodeCount="5" insertCount="309" extractCount="306" duration="17000"/>
			<Sample nodeCount="6" insertCount="370" extractCount="368" duration="22000"/>
			<Sample nodeCount="7" insertCount="433" extractCount="428" duration="27000"/>
			<Sample nodeCount="8" insertCount="493" extractCount="491" duration="31000"/>
			<Sample nodeCount="9" insertCount="557" extractCount="550" duration="37000"/>
			<Sample nodeCount="10" insertCount="619" extractCount="611" duration="40000"/>
			<Sample nodeCount="11" insertCount="680" extractCount="673" duration="45000"/>
			<Sample nodeCount="12" insertCount="740" extractCount="736" duration="51000"/>
			<Sample nodeCount="13" insertCount="803" extractCount="796" duration="56000"/>
			<Sample nodeCount="14" insertCount="864" extractCount="858" duration="61000"/>
			<Sample nodeCount="15" insertCount="927" extractCount="918" duration="65000"/>
			<Sample nodeCount="16" insertCount="988" extractCount="980" duration="69000"/>
			<Sample nodeCount="17" insertCount="1050" extractCount="1041" duration="76000"/>
			<Sample nodeCount="18" insertCount="1113" extractCount="1101" duration="81000"/>
			<Sample nodeCount="19" insertCount="1172" extractCount="1165" duration="84000"/>
			<Sample nodeCount="20" insertCount="1237" extractCount="1223" duration="89000"/>
			<Sample nodeCount="21" insertCount="1296" extractCount="1287" duration="93000"/>
			<Sample nodeCount="22" insertCount="1359" extractCount="1347" duration="99000"/>
			<Sample nodeCount="23" insertCount="1419" extractCount="1410" duration="104000"/>
			<Sample nodeCount="24" insertCount="1484" extractCount="1468" duration="107000"/>
			<Sample nodeCount="25" insertCount="1544" extractCount="1531" duration="113000"/>
			<Sample nodeCount="26" insertCount="1604" extractCount="1594" duration="118000"/>
			<Sample nodeCount="27" insertCount="1668" extractCount="1653" duration="124000"/>
			<Sample nodeCount="28" insertCount="1729" extractCount="1715" duration="129000"/>
			<Sample nodeCount="29" insertCount="1790" extractCount="1777" duration="135000"/>
			<Sample nodeCount="30" insertCount="1851" extractCount="1839" duration="142000"/>
			<Sample nodeCount="31" insertCount="1914" extractCount="1899" duration="147000"/>
			<Sample nodeCount="32" insertCount="1977" extractCount="1959" duration="151000"/>
			<Sample nodeCount="33" insertCount="2041" extractCount="2018" duration="156000"/>
			<Sample nodeCount="34" insertCount="2097" extractCount="2085" duration="161000"/>
			<Sample nodeCount="35" insertCount="2160" extractCount="2145" duration="166000"/>
			<Sample nodeCount="36" insertCount="2221" extractCount="2207" duration="171000"/>
			<Sample nodeCount="37" insertCount="2285" extractCount="2266" duration="193000"/>
			<Sample nodeCount="38" insertCount="2346" extractCount="2328" duration="182000"/>
			<Sample nodeCount="39" insertCount="2408" extractCount="2389" duration="185000"/>
			<Sample nodeCount="40" insertCount="2471" extractCount="2449" duration="191000"/>
			<Sample nodeCount="41" insertCount="2531" extractCount="2512" duration="193000"/>
			<Sample nodeCount="42" insertCount="2593" extractCount="2573" duration="200000"/>
			<Sample nodeCount="43" insertCount="2656" extractCount="2633" duration="206000"/>
			<Sample nodeCount="44" insertCount="2717" extractCount="2695" duration="211000"/>
			<Sample nodeCount="45" insertCount="2776" extractCount="2759" duration="216000"/>
			<Sample nodeCount="46" insertCount="2840" extractCount="2818" duration="220000"/>
			<Sample nodeCount="47" insertCount="2902" extractCount="2879" duration="226000"/>
			<Sample nodeCount="48" insertCount="2966" extractCount="2938" duration="230000"/>
			<Sample nodeCount="49" insertCount="3026" extractCount="3001" duration="236000"/>
			<Sample nodeCount="50" insertCount="3084" extractCount="3066" duration="241000"/>
			<Sample nodeCount="51" insertCount="3151" extractCount="3122" duration="245000"/>
			<Sample nodeCount="52" insertCount="3209" extractCount="3187" duration="252000"/>
			<Sample nodeCount="53" insertCount="3273" extractCount="3246" duration="257000"/>
			<Sample nodeCount="54" insertCount="3337" extractCount="3305" duration="264000"/>
			<Sample nodeCount="55" insertCount="3400" extractCount="3365" duration="277000"/>
			<Sample nodeCount="56" insertCount="3458" extractCount="3430" duration="275000"/>
			<Sample nodeCount="57" insertCount="3521" extractCount="3490" duration="282000"/>
			<Sample nodeCount="58" insertCount="3580" extractCount="3554" duration="287000"/>
			<Sample nodeCount="59" insertCount="3647" extractCount="3610" duration="294000"/>
			<Sample nodeCount="60" insertCount="3706" extractCount="3674" duration="299000"/>
			<Sample nodeCount="61" insertCount="3766" extractCount="3737" duration="304000"/>
			<Sample nodeCount="62" insertCount="3828" extractCount="3798" duration="310000"/>
			<Sample nodeCount="63" insertCount="3888" extractCount="3861" duration="316000"/>
			<Sample nodeCount="64" insertCount="3952" extractCount="3920" duration="319000"/>
			<Sample nodeCount="65" insertCount="4014" extractCount="3981" duration="327000"/>
			<Sample nodeCount="66" insertCount="4077" extractCount="4041" duration="332000"/>
			<Sample nodeCount="67" insertCount="4136" extractCount="4105" duration="337000"/>
			<Sample nodeCount="68" insertCount="4200" extractCount="4164" duration="346000"/>
			<Sample nodeCount="69" insertCount="4263" extractCount="4224" duration="348000"/>
			<Sample nodeCount="70" insertCount="4325" extractCount="4285" duration="353000"/>
			<Sample nodeCount="71" insertCount="4381" extractCount="4352" duration="358000"/>
			<Sample nodeCount="72" insertCount="4448" extractCount="4408" duration="363000"/>
			<Sample nodeCount="73" insertCount="4507" extractCount="4472" duration="368000"/>
			<Sample nodeCount="74" insertCount="4571" extractCount="4531" duration="371000"/>
			<Sample nodeCount="75" insertCount="4631" extractCount="4594" duration="379000"/>
			<Sample nodeCount="76" insertCount="4693" extractCount="4655" duration="383000"/>
			<Sample nodeCount="77" insertCount="4755" extractCount="4716" duration="389000"/>
			<Sample nodeCount="78" insertCount="4817" extractCount="4777" duration="397000"/>
			<Sample nodeCount="79" insertCount="4877" extractCount="4840" duration="409000"/>
			<Sample nodeCount="80" insertCount="4942" extractCount="4898" duration="405000"/>
			<Sample nodeCount="81" insertCount="5002" extractCount="4961" duration="412000"/>
			<Sample nodeCount="82" insertCount="5063" extractCount="5023" duration="416000"/>
			<Sample nodeCount="83" insertCount="5124" extractCount="5085" duration="422000"/>
			<Sample nodeCount="84" insertCount="5187" extractCount="5145" duration="426000"/>
			<Sample nodeCount="85" insertCount="5250" extractCount="5205" duration="433000"/>
			<Sample nodeCount="86" insertCount="5314" extractCount="5264" duration="438000"/>
			<Sample nodeCount="87" insertCount="5374" extractCount="5327" duration="443000"/>
			<Sample nodeCount="88" insertCount="5432" extractCount="5392" duration="455000"/>
			<Sample nodeCount="89" insertCount="5490" extractCount="5457" duration="454000"/>
			<Sample nodeCount="90" insertCount="5559" extractCount="5511" duration="459000"/>
			<Sample nodeCount="91" insertCount="5621" extractCount="5572" duration="464000"/>
			<Sample nodeCount="92" insertCount="5680" extractCount="5636" duration="472000"/>
			<Sample nodeCount="93" insertCount="5740" extractCount="5699" duration="473000"/>
			<Sample nodeCount="94" insertCount="5803" extractCount="5759" duration="480000"/>
			<Sample nodeCount="95" insertCount="5862" extractCount="5823" duration="488000"/>
			<Sample nodeCount="96" insertCount="5929" extractCount="5879" duration="491000"/>
			<Sample nodeCount="97" insertCount="5993" extractCount="5938" duration="503000"/>
			<Sample nodeCount="98" insertCount="6055" extractCount="5999" duration="503000"/>
			<Sample nodeCount="99" insertCount="6113" extractCount="6064" duration="507000"/>
			<Sample nodeCount="100" insertCount="6172" extractCount="6128" duration="510000"/>
			<Sample nodeCount="101" insertCount="6238" extractCount="6185" duration="516000"/>
			<Sample nodeCount="102" insertCount="6299" extractCount="6247" duration="522000"/>
			<Sample nodeCount="103" insertCount="6363" extractCount="6306" duration="527000"/>
			<Sample nodeCount="104" insertCount="6426" extractCount="6366" duration="538000"/>
			<Sample nodeCount="105" insertCount="6481" extractCount="6434" duration="538000"/>
			<Sample nodeCount="106" insertCount="6544" extractCount="6494" duration="544000"/>
			<Sample nodeCount="107" insertCount="6607" extractCount="6554" duration="548000"/>
			<Sample nodeCount="108" insertCount="6669" extractCount="6615" duration="551000"/>
			<Sample nodeCount="109" insertCount="6732" extractCount="6675" duration="559000"/>
			<Sample nodeCount="110" insertCount="6794" extractCount="6736" duration="565000"/>
			<Sample nodeCount="111" insertCount="6852" extractCount="6801" duration="576000"/>
			<Sample nodeCount="112" insertCount="6918" extractCount="6858" duration="572000"/>
			<Sample nodeCount="113" insertCount="6981" extractCount="6918" duration="581000"/>
			<Sample nodeCount="114" insertCount="7041" extractCount="6981" duration="589000"/>
			<Sample nodeCount="115" insertCount="7103" extractCount="7042" duration="591000"/>
			<Sample nodeCount="116" insertCount="7164" extractCount="7104" duration="601000"/>
			<Sample nodeCount="117" insertCount="7225" extractCount="7166" duration="606000"/>
			<Sample nodeCount="118" insertCount="7291" extractCount="7223" duration="619000"/>
			<Sample nodeCount="119" insertCount="7350" extractCount="7287" duration="622000"/>
			<Sample nodeCount="120" insertCount="7410" extractCount="7350" duration="625000"/>
			<Sample nodeCount="121" insertCount="7471" extractCount="7412" duration="631000"/>
			<Sample nodeCount="122" insertCount="7537" extractCount="7469" duration="637000"/>
			<Sample nodeCount="123" insertCount="7593" extractCount="7536" duration="643000"/>
			<Sample nodeCount="124" insertCount="7658" extractCount="7594" duration="659000"/>
			<Sample nodeCount="125" insertCount="7718" extractCount="7657" duration="657000"/>
			<Sample nodeCount="126" insertCount="7781" extractCount="7717" duration="662000"/>
			<Sample nodeCount="127" insertCount="7840" extractCount="7781" duration="666000"/>
		</SmallSetRandomOps>
		<LargeSetRandomOps>
		</LargeSetRandomOps>
		<SmallSetLinear>
			<Sample nodeCount="1" insertCount="10000" extractCount="10000" duration="47000"/>
			<Sample nodeCount="2" insertCount="10000" extractCount="10000" duration="145000"/>
			<Sample nodeCount="3" insertCount="10000" extractCount="10000" duration="232000"/>
			<Sample nodeCount="4" insertCount="10000" extractCount="10000" duration="559000"/>
			<Sample nodeCount="5" insertCount="10000" extractCount="10000" duration="762000"/>
			<Sample nodeCount="6" insertCount="10000" extractCount="10000" duration="1073000"/>
			<Sample nodeCount="7" insertCount="10000" extractCount="10000" duration="1165000"/>
			<Sample nodeCount="8" insertCount="10000" extractCount="10000" duration="1546000"/>
			<Sample nodeCount="9" insertCount="10000" extractCount="10000" duration="1843000"/>
			<Sample nodeCount="10" insertCount="10000" extractCount="10000" duration="1971000"/>
			<Sample nodeCount="11" insertCount="10000" extractCount="10000" duration="2219000"/>
			<Sample nodeCount="12" insertCount="10000" extractCount="10000" duration="2743000"/>
			<Sample nodeCount="13" insertCount="10000" extractCount="10000" duration="3296000"/>
			<Sample nodeCount="14" insertCount="10000" extractCount="10000" duration="3673000"/>
			<Sample nodeCount="15" insertCount="10000" extractCount="10000" duration="3764000"/>
			<Sample nodeCount="16" insertCount="10000" extractCount="10000" duration="4143000"/>
			<Sample nodeCount="17" insertCount="10000" extractCount="10000" duration="4537000"/>
			<Sample nodeCount="18" insertCount="10000" extractCount="10000" duration="5148000"/>
			<Sample nodeCount="19" insertCount="10000" extractCount="10000" duration="5988000"/>
			<Sample nodeCount="20" insertCount="10000" extractCount="10000" duration="6465000"/>
			<Sample nodeCount="21" insertCount="10000" extractCount="10000" duration="7029000"/>
			<Sample nodeCount="22" insertCount="10000" extractCount="10000" duration="7157000"/>
			<Sample nodeCount="23" insertCount="10000" extractCount="10000" duration="7620000"/>
			<Sample nodeCount="24" insertCount="10000" extractCount="10000" duration="8440000"/>
			<Sample nodeCount="25" insertCount="10000" extractCount="10000" duration="8687000"/>
			<Sample nodeCount="26" insertCount="10000" extractCount="10000" duration="8979000"/>
			<Sample nodeCount="27" insertCount="10000" extractCount="10000" duration="9336000"/>
			<Sample nodeCount="28" insertCount="10000" extractCount="10000" duration="10170000"/>
			<Sample nodeCount="29" insertCount="10000" extractCount="10000" duration="10154000"/>
			<Sample nodeCount="30" insertCount="10000" extractCount="10000" duration="11126000"/>
			<Sample nodeCount="31" insertCount="10000" extractCount="10000" duration="11550000"/>
			<Sample nodeCount="32" insertCount="10000" extractCount="10000" duration="11812000"/>
			<Sample nodeCount="33" insertCount="10000" extractCount="10000" duration="12833000"/>
			<Sample nodeCount="34" insertCount="10000" extractCount="10000" duration="13618000"/>
			<Sample nodeCount="35" insertCount="10000" extractCount="10000" duration="13791000"/>
			<Sample nodeCount="36" insertCount="10000" extractCount="10000" duration="14636000"/>
			<Sample nodeCount="37" insertCount="10000" extractCount="10000" duration="15274000"/>
			<Sample nodeCount="38" insertCount="10000" extractCount="10000" duration="15611000"/>
			<Sample nodeCount="39" insertCount="10000" extractCount="10000" duration="15962000"/>
			<Sample nodeCount="40" insertCount="10000" extractCount="10000" duration="16963000"/>
			<Sample nodeCount="41" insertCount="10000" extractCount="10000" duration="17321000"/>
			<Sample nodeCount="42" insertCount="10000" extractCount="10000" duration="17967000"/>
			<Sample nodeCount="43" insertCount="10000" extractCount="10000" duration="18678000"/>
			<Sample nodeCount="44" insertCount="10000" extractCount="10000" duration="19111000"/>
			<Sample nodeCount="45" insertCount="10000" extractCount="10000" duration="19415000"/>
			<Sample nodeCount="46" insertCount="10000" extractCount="10000" duration="20055000"/>
			<Sample nodeCount="47" insertCount="10000" extractCount="10000" duration="20551000"/>
			<Sample nodeCount="48" insertCount="10000" extractCount="10000" duration="21168000"/>
			<Sample nodeCount="49" insertCount="10000" extractCount="10000" duration="22148000"/>
			<Sample nodeCount="50" insertCount="10000" extractCount="10000" duration="22933000"/>
			<Sample nodeCount="51" insertCount="10000" extractCount="10000" duration="23160000"/>
			<Sample nodeCount="52" insertCount="10000" extractCount="10000" duration="23693000"/>
			<Sample nodeCount="53" insertCount="10000" extractCount="10000" duration="24449000"/>
			<Sample nodeCount="54" insertCount="10000" extractCount="10000" duration="25596000"/>
			<Sample nodeCount="55" insertCount="10000" extractCount="10000" duration="25426000"/>
			<Sample nodeCount="56" insertCount="10000" extractCount="10000" duration="26132000"/>
			<Sample nodeCount="57" insertCount="10000" extractCount="10000" duration="26196000"/>
			<Sample nodeCount="58" insertCount="10000" extractCount="10000" duration="27089000"/>
			<Sample nodeCount="59" insertCount="10000" extractCount="10000" duration="28011000"/>
			<Sample nodeCount="60" insertCount="10000" extractCount="10000" duration="28564000"/>
			<Sample nodeCount="61" insertCount="10000" extractCount="10000" duration="28657000"/>
			<Sample nodeCount="62" insertCount="10000" extractCount="10000" duration="29432000"/>
			<Sample nodeCount="63" insertCount="10000" extractCount="10000" duration="30522000"/>
			<Sample nodeCount="64" insertCount="10000" extractCount="10000" duration="30134000"/>
			<Sample nodeCount="65" insertCount="10000" extractCount="10000" duration="31401000"/>
			<Sample nodeCount="66" insertCount="10000" extractCount="10000" duration="32277000"/>
			<Sample nodeCount="67" insertCount="10000" extractCount="10000" duration="32497000"/>
			<Sample nodeCount="68" insertCount="10000" extractCount="10000" duration="33935000"/>
			<Sample nodeCount="69" insertCount="10000" extractCount="10000" duration="34334000"/>
			<Sample nodeCount="70" insertCount="10000" extractCount="10000" duration="34561000"/>
			<Sample nodeCount="71" insertCount="10000" extractCount="10000" duration="36481000"/>
			<Sample nodeCount="72" insertCount="10000" extractCount="10000" duration="35880000"/>
			<Sample nodeCount="73" insertCount="10000" extractCount="10000" duration="37007000"/>
			<Sample nodeCount="74" insertCount="10000" extractCount="10000" duration="37051000"/>
			<Sample nodeCount="75" insertCount="10000" extractCount="10000" duration="37762000"/>
			<Sample nodeCount="76" insertCount="10000" extractCount="10000" duration="38703000"/>
			<Sample nodeCount="77" insertCount="10000" extractCount="10000" duration="39966000"/>
			<Sample nodeCount="78" insertCount="10000" extractCount="10000" duration="40268000"/>
			<Sample nodeCount="79" insertCount="10000" extractCount="10000" duration="40132000"/>
			<Sample nodeCount="80" insertCount="10000" extractCount="10000" duration="41565000"/>
			<Sample nodeCount="81" insertCount="10000" extractCount="10000" duration="41763000"/>
			<Sample nodeCount="82" insertCount="10000" extractCount="10000" duration="42304000"/>
			<Sample nodeCount="83" insertCount="10000" extractCount="10000" duration="43095000"/>
			<Sample nodeCount="84" insertCount="10000" extractCount="10000" duration="43251000"/>
			<Sample nodeCount="85" insertCount="10000" extractCount="10000" duration="43938000"/>
			<Sample nodeCount="86" insertCount="10000" extractCount="10000" duration="45086000"/>
			<Sample nodeCount="87" insertCount="10000" extractCount="10000" duration="45859000"/>
			<Sample nodeCount="88" insertCount="10000" extractCount="10000" duration="46189000"/>
			<Sample nodeCount="89" insertCount="10000" extractCount="10000" duration="47913000"/>
			<Sample nodeCount="90" insertCount="10000" extractCount="10000" duration="47225000"/>
			<Sample nodeCount="91" insertCount="10000" extractCount="10000" duration="48363000"/>
			<Sample nodeCount="92" insertCount="10000" extractCount="10000" duration="49300000"/>
			<Sample nodeCount="93" insertCount="10000" extractCount="10000" duration="50399000"/>
			<Sample nodeCount="94" insertCount="10000" extractCount="10000" duration="50525000"/>
			<Sample nodeCount="95" insertCount="10000" extractCount="10000" duration="51630000"/>
			<Sample nodeCount="96" insertCount="10000" extractCount="10000" duration="51668000"/>
			<Sample nodeCount="97" insertCount="10000" extractCount="10000" duration="53025000"/>
			<Sample nodeCount="98" insertCount="10000" extractCount="10000" duration="53962000"/>
			<Sample nodeCount="99" insertCount="10000" extractCount="10000" duration="53736000"/>
			<Sample nodeCount="100" insertCount="10000" extractCount="10000" duration="54873000"/>
			<Sample nodeCount="101" insertCount="10000" extractCount="10000" duration="55776000"/>
			<Sample nodeCount="102" insertCount="10000" extractCount="10000" duration="56469000"/>
			<Sample nodeCount="103" insertCount="10000" extractCount="10000" duration="56997000"/>
			<Sample nodeCount="104" insertCount="10000" extractCount="10000" duration="57979000"/>
			<Sample nodeCount="105" insertCount="10000" extractCount="10000" duration="58960000"/>
			<Sample nodeCount="106" insertCount="10000" extractCount="10000" duration="59776000"/>
			<Sample nodeCount="107" insertCount="10000" extractCount="10000" duration="59913000"/>
			<Sample nodeCount="108" insertCount="10000" extractCount="10000" duration="60921000"/>
			<Sample nodeCount="109" insertCount="10000" extractCount="10000" duration="60500000"/>
			<Sample nodeCount="110" insertCount="10000" extractCount="10000" duration="62609000"/>
			<Sample nodeCount="111" insertCount="10000" extractCount="10000" duration="63429000"/>
			<Sample nodeCount="112" insertCount="10000" extractCount="10000" duration="63750000"/>
			<Sample nodeCount="113" insertCount="10000" extractCount="10000" duration="64958000"/>
			<Sample nodeCount="114" insertCount="10000" extractCount="10000" duration="64545000"/>
			<Sample nodeCount="115" insertCount="10000" extractCount="10000" duration="64890000"/>
			<Sample nodeCount="116" insertCount="10000" extractCount="10000" duration="65419000"/>
			<Sample nodeCount="117" insertCount="10000" extractCount="10000" duration="66237000"/>
			<Sample nodeCount="118" insertCount="10000" extractCount="10000" duration="67306000"/>
			<Sample nodeCount="119" insertCount="10000" extractCount="10000" duration="68056000"/>
			<Sample nodeCount="120" insertCount="10000" extractCount="10000" duration="68499000"/>
			<Sample nodeCount="121" insertCount="10000" extractCount="10000" duration="69058000"/>
			<Sample nodeCount="122" insertCount="10000" extractCount="10000" duration="70111000"/>
			<Sample nodeCount="123" insertCount="10000" extractCount="10000" duration="69900000"/>
			<Sample nodeCount="124" insertCount="10000" extractCount="10000" duration="71075000"/>
			<Sample nodeCount="125" insertCount="10000" extractCount="10000" duration="71520000"/>
			<Sample nodeCount="126" insertCount="10000" extractCount="10000" duration="72597000"/>
			<Sample nodeCount="127" insertCount="10000" extractCount="10000" duration="72365000"/>
		</SmallSetLinear>
		<LargeSetLinear>
		</LargeSetLinear>
	</RBTest>
	<RBTest implementation="BSD" nodeSize="32">
		<SmallSetRandomOps>
			<Sample nodeCount="1" insertCount="62" extractCount="61" duration="3000"/>
			<Sample nodeCount="2" insertCount="123" extractCount="123" duration="6000"/>
			<Sample nodeCount="3" insertCount="186" extractCount="183" duration="11000"/>
			<Sample nodeCount="4" insertCount="247" extractCount="245" duration="16000"/>
			<Sample nodeCount="5" insertCount="309" extractCount="306" duration="23000"/>
			<Sample nodeCount="6" insertCount="370" extractCount="368" duration="28000"/>
			<Sample nodeCount="7" insertCount="433" extractCount="428" duration="36000"/>
			<Sample nodeCount="8" insertCount="493" extractCount="491" duration="43000"/>
			<Sample nodeCount="9" insertCount="557" extractCount="550" duration="49000"/>
			<Sample nodeCount="10" insertCount="619" extractCount="611" duration="53000"/>
			<Sample nodeCount="11" insertCount="680" extractCount="673" duration="59000"/>
			<Sample nodeCount="12" insertCount="740" extractCount="736" duration="66000"/>
			<Sample nodeCount="13" insertCount="803" extractCount="796" duration="74000"/>
			<Sample nodeCount="14" insertCount="864" extractCount="858" duration="78000"/>
			<Sample nodeCount="15" insertCount="927" extractCount="918" duration="85000"/>
			<Sample nodeCount="16" insertCount="988" extractCount="980" duration="93000"/>
			<Sample nodeCount="17" insertCount="1050" extractCount="1041" duration="100000"/>
			<Sample nodeCount="18" insertCount="1113" extractCount="1101" duration="106000"/>
			<Sample nodeCount="19" insertCount="1172" extractCount="1165" duration="114000"/>
			<Sample nodeCount="20" insertCount="1237" extractCount="1223" duration="122000"/>
			<Sample nodeCount="21" insertCount="1296" extractCount="1287" duration="125000"/>
			<Sample nodeCount="22" insertCount="1359" extractCount="1347" duration="133000"/>
			<Sample nodeCount="23" insertCount="1419" extractCount="1410" duration="138000"/>
			<Sample nodeCount="24" insertCount="1484" extractCount="1468" duration="149000"/>
			<Sample nodeCount="25" insertCount="1544" extractCount="1531" duration="167000"/>
			<Sample nodeCount="26" insertCount="1604" extractCount="1594" duration="159000"/>
			<Sample nodeCount="27" insertCount="1668" extractCount="1653" duration="166000"/>
			<Sample nodeCount="28" insertCount="1729" extractCount="1715" duration="176000"/>
			<Sample nodeCount="29" insertCount="1790" extractCount="1777" duration="183000"/>
			<Sample nodeCount="30" insertCount="1851" extractCount="1839" duration="186000"/>
			<Sample nodeCount="31" insertCount="1914" extractCount="1899" duration="196000"/>
			<Sample nodeCount="32" insertCount="1977" extractCount="1959" duration="204000"/>
			<Sample nodeCount="33" insertCount="2041" extractCount="2018" duration="210000"/>
			<Sample nodeCount="34" insertCount="2097" extractCount="2085" duration="214000"/>
			<Sample nodeCount="35" insertCount="2160" extractCount="2145" duration="224000"/>
			<Sample nodeCount="36" insertCount="2221" extractCount="2207" duration="231000"/>
			<Sample nodeCount="37" insertCount="2285" extractCount="2266" duration="239000"/>
			<Sample nodeCount="38" insertCount="2346" extractCount="2328" duration="245000"/>
			<Sample nodeCount="39" insertCount="2408" extractCount="2389" duration="250000"/>
			<Sample nodeCount="40" insertCount="2471" extractCount="2449" duration="260000"/>
			<Sample nodeCount="41" insertCount="2531" extractCount="2512" duration="265000"/>
			<Sample nodeCount="42" insertCount="2593" extractCount="2573" duration="274000"/>
			<Sample nodeCount="43" insertCount="2656" extractCount="2633" duration="291000"/>
			<Sample nodeCount="44" insertCount="2717" extractCount="2695" duration="289000"/>
			<Sample nodeCount="45" insertCount="2776" extractCount="2759" duration="292000"/>
			<Sample nodeCount="46" insertCount="2840" extractCount="2818" duration="300000"/>
			<Sample nodeCount="47" insertCount="2902" extractCount="2879" duration="312000"/>
			<Sample nodeCount="48" insertCount="2966" extractCount="2938" duration="316000"/>
			<Sample nodeCount="49" insertCount="3026" extractCount="3001" duration="329000"/>
			<Sample nodeCount="50" insertCount="3084" extractCount="3066" duration="333000"/>
			<Sample nodeCount="51" insertCount="3151" extractCount="3122" duration="338000"/>
			<Sample nodeCount="52" insertCount="3209" extractCount="3187" duration="350000"/>
			<Sample nodeCount="53" insertCount="3273" extractCount="3246" duration="358000"/>
			<Sample nodeCount="54" insertCount="3337" extractCount="3305" duration="365000"/>
			<Sample nodeCount="55" insertCount="3400" extractCount="3365" duration="376000"/>
			<Sample nodeCount="56" insertCount="3458" extractCount="3430" duration="379000"/>
			<Sample nodeCount="57" insertCount="3521" extractCount="3490" duration="391000"/>
			<Sample nodeCount="58" insertCount="3580" extractCount="3554" duration="391000"/>
			<Sample nodeCount="59" insertCount="3647" extractCount="3610" duration="400000"/>
			<Sample nodeCount="60" insertCount="3706" extractCount="3674" duration="402000"/>
			<Sample nodeCount="61" insertCount="3766" extractCount="3737" duration="414000"/>
			<Sample nodeCount="62" insertCount="3828" extractCount="3798" duration="418000"/>
			<Sample nodeCount="63" insertCount="3888" extractCount="3861" duration="429000"/>
			<Sample nodeCount="64" insertCount="3952" extractCount="3920" duration="436000"/>
			<Sample nodeCount="65" insertCount="4014" extractCount="3981" duration="459000"/>
			<Sample nodeCount="66" insertCount="4077" extractCount="4041" duration="454000"/>
			<Sample nodeCount="67" insertCount="4136" extractCount="4105" duration="458000"/>
			<Sample nodeCount="68" insertCount="4200" extractCount="4164" duration="466000"/>
			<Sample nodeCount="69" insertCount="4263" extractCount="4224" duration="476000"/>
			<Sample nodeCount="70" insertCount="4325" extractCount="4285" duration="481000"/>
			<Sample nodeCount="71" insertCount="4381" extractCount="4352" duration="494000"/>
			<Sample nodeCount="72" insertCount="4448" extractCount="4408" duration="495000"/>
			<Sample nodeCount="73" insertCount="4507" extractCount="4472" duration="514000"/>
			<Sample nodeCount="74" insertCount="4571" extractCount="4531" duration="507000"/>
			<Sample nodeCount="75" insertCount="4631" extractCount="4594" duration="518000"/>
			<Sample nodeCount="76" insertCount="4693" extractCount="4655" duration="525000"/>
			<Sample nodeCount="77" insertCount="4755" extractCount="4716" duration="536000"/>
			<Sample nodeCount="78" insertCount="4817" extractCount="4777" duration="545000"/>
			<Sample nodeCount="79" insertCount="4877" extractCount="4840" duration="549000"/>
			<Sample nodeCount="80" insertCount="4942" extractCount="4898" duration="561000"/>
			<Sample nodeCount="81" insertCount="5002" extractCount="4961" duration="571000"/>
			<Sample nodeCount="82" insertCount="5063" extractCount="5023" duration="571000"/>
			<Sample nodeCount="83" insertCount="5124" extractCount="5085" duration="583000"/>
			<Sample nodeCount="84" insertCount="5187" extractCount="5145" duration="591000"/>
			<Sample nodeCount="85" insertCount="5250" extractCount="5205" duration="596000"/>
			<Sample nodeCount="86" insertCount="5314" extractCount="5264" duration="609000"/>
			<Sample nodeCount="87" insertCount="5374" extractCount="5327" duration="627000"/>
			<Sample nodeCount="88" insertCount="5432" extractCount="5392" duration="621000"/>
			<Sample nodeCount="89" insertCount="5490" extractCount="5457" duration="630000"/>
			<Sample nodeCount="90" insertCount="5559" extractCount="5511" duration="632000"/>
			<Sample nodeCount="91" insertCount="5621" extractCount="5572" duration="638000"/>
			<Sample nodeCount="92" insertCount="5680" extractCount="5636" duration="650000"/>
			<Sample nodeCount="93" insertCount="5740" extractCount="5699" duration="660000"/>
			<Sample nodeCount="94" insertCount="5803" extractCount="5759" duration="668000"/>
			<Sample nodeCount="95" insertCount="5862" extractCount="5823" duration="675000"/>
			<Sample nodeCount="96" insertCount="5929" extractCount="5879" duration="680000"/>
			<Sample nodeCount="97" insertCount="5993" extractCount="5938" duration="693000"/>
			<Sample nodeCount="98" insertCount="6055" extractCount="5999" duration="701000"/>
			<Sample nodeCount="99" insertCount="6113" extractCount="6064" duration="717000"/>
			<Sample nodeCount="100" insertCount="6172" extractCount="6128" duration="710000"/>
			<Sample nodeCount="101" insertCount="6238" extractCount="6185" duration="722000"/>
			<Sample nodeCount="102" insertCount="6299" extractCount="6247" duration="728000"/>
			<Sample nodeCount="103" insertCount="6363" extractCount="6306" duration="740000"/>
			<Sample nodeCount="104" insertCount="6426" extractCount="6366" duration="748000"/>
			<Sample nodeCount="105" insertCount="6481" extractCount="6434" duration="765000"/>
			<Sample nodeCount="106" insertCount="6544" extractCount="6494" duration="760000"/>
			<Sample nodeCount="107" insertCount="6607" extractCount="6554" duration="768000"/>
			<Sample nodeCount="108" insertCount="6669" extractCount="6615" duration="772000"/>
			<Sample nodeCount="109" insertCount="6732" extractCount="6675" duration="782000"/>
			<Sample nodeCount="110" insertCount="6794" extractCount="6736" duration="795000"/>
			<Sample nodeCount="111" insertCount="6852" extractCount="6801" duration="797000"/>
			<Sample nodeCount="112" insertCount="6918" extractCount="6858" duration="804000"/>
			<Sample nodeCount="113" insertCount="6981" extractCount="6918" duration="816000"/>
			<Sample nodeCount="114" insertCount="7041" extractCount="6981" duration="822000"/>
			<Sample nodeCount="115" insertCount="7103" extractCount="7042" duration="848000"/>
			<Sample nodeCount="116" insertCount="7164" extractCount="7104" duration="841000"/>
			<Sample nodeCount="117" insertCount="7225" extractCount="7166" duration="849000"/>
			<Sample nodeCount="118" insertCount="7291" extractCount="7223" duration="851000"/>
			<Sample nodeCount="119" insertCount="7350" extractCount="7287" duration="864000"/>
			<Sample nodeCount="120" insertCount="7410" extractCount="7350" duration="877000"/>
			<Sample nodeCount="121" insertCount="7471" extractCount="7412" duration="878000"/>
			<Sample nodeCount="122" insertCount="7537" extractCount="7469" duration="879000"/>
			<Sample nodeCount="123" insertCount="7593" extractCount="7536" duration="893000"/>
			<Sample nodeCount="124" insertCount="7658" extractCount="7594" duration="906000"/>
			<Sample nodeCount="125" insertCount="7718" extractCount="7657" duration="904000"/>
			<Sample nodeCount="126" insertCount="7781" extractCount="7717" duration="911000"/>
			<Sample nodeCount="127" insertCount="7840" extractCount="7781" duration="927000"/>
		</SmallSetRandomOps>
		<LargeSetRandomOps>
		</LargeSetRandomOps>
		<SmallSetLinear>
			<Sample nodeCount="1" insertCount="10000" extractCount="10000" duration="86000"/>
			<Sample nodeCount="2" insertCount="10000" extractCount="10000" duration="229000"/>
			<Sample nodeCount="3" insertCount="10000" extractCount="10000" duration="401000"/>
			<Sample nodeCount="4" insertCount="10000" extractCount="10000" duration="699000"/>
			<Sample nodeCount="5" insertCount="10000" extractCount="10000" duration="908000"/>
			<Sample nodeCount="6" insertCount="10000" extractCount="10000" duration="1271000"/>
			<Sample nodeCount="7" insertCount="10000" extractCount="10000" duration="1493000"/>
			<Sample nodeCount="8" insertCount="10000" extractCount="10000" duration="1801000"/>
			<Sample nodeCount="9" insertCount="10000" extractCount="10000" duration="2070000"/>
			<Sample nodeCount="10" insertCount="10000" extractCount="10000" duration="2871000"/>
			<Sample nodeCount="11" insertCount="10000" extractCount="10000" duration="3073000"/>
			<Sample nodeCount="12" insertCount="10000" extractCount="10000" duration="3648000"/>
			<Sample nodeCount="13" insertCount="10000" extractCount="10000" duration="3882000"/>
			<Sample nodeCount="14" insertCount="10000" extractCount="10000" duration="4513000"/>
			<Sample nodeCount="15" insertCount="10000" extractCount="10000" duration="4741000"/>
			<Sample nodeCount="16" insertCount="10000" extractCount="10000" duration="5299000"/>
			<Sample nodeCount="17" insertCount="10000" extractCount="10000" duration="5640000"/>
			<Sample nodeCount="18" insertCount="10000" extractCount="10000" duration="6536000"/>
			<Sample nodeCount="19" insertCount="10000" extractCount="10000" duration="6579000"/>
			<Sample nodeCount="20" insertCount="10000" extractCount="10000" duration="7604000"/>
			<Sample nodeCount="21" insertCount="10000" extractCount="10000" duration="7930000"/>
			<Sample nodeCount="22" insertCount="10000" extractCount="10000" duration="8171000"/>
			<Sample nodeCount="23" insertCount="10000" extractCount="10000" duration="8552000"/>
			<Sample nodeCount="24" insertCount="10000" extractCount="10000" duration="9361000"/>
			<Sample nodeCount="25" insertCount="10000" extractCount="10000" duration="9843000"/>
			<Sample nodeCount="26" insertCount="10000" extractCount="10000" duration="11097000"/>
			<Sample nodeCount="27" insertCount="10000" extractCount="10000" duration="11106000"/>
			<Sample nodeCount="28" insertCount="10000" extractCount="10000" duration="12029000"/>
			<Sample nodeCount="29" insertCount="10000" extractCount="10000" duration="12476000"/>
			<Sample nodeCount="30" insertCount="10000" extractCount="10000" duration="13084000"/>
			<Sample nodeCount="31" insertCount="10000" extractCount="10000" duration="13342000"/>
			<Sample nodeCount="32" insertCount="10000" extractCount="10000" duration="14750000"/>
			<Sample nodeCount="33" insertCount="10000" extractCount="10000" duration="14596000"/>
			<Sample nodeCount="34" insertCount="10000" extractCount="10000" duration="15395000"/>
			<Sample nodeCount="35" insertCount="10000" extractCount="10000" duration="15682000"/>
			<Sample nodeCount="36" insertCount="10000" extractCount="10000" duration="16113000"/>
			<Sample nodeCount="37" insertCount="10000" extractCount="10000" duration="16620000"/>
			<Sample nodeCount="38" insertCount="10000" extractCount="10000" duration="17476000"/>
			<Sample nodeCount="39" insertCount="10000" extractCount="10000" duration="17842000"/>
			<Sample nodeCount="40" insertCount="10000" extractCount="10000" duration="18265000"/>
			<Sample nodeCount="41" insertCount="10000" extractCount="10000" duration="18794000"/>
			<Sample nodeCount="42" insertCount="10000" extractCount="10000" duration="19489000"/>
			<Sample nodeCount="43" insertCount="10000" extractCount="10000" duration="20191000"/>
			<Sample nodeCount="44" insertCount="10000" extractCount="10000" duration="20519000"/>
			<Sample nodeCount="45" insertCount="10000" extractCount="10000" duration="20891000"/>
			<Sample nodeCount="46" insertCount="10000" extractCount="10000" duration="22412000"/>
			<Sample nodeCount="47" insertCount="10000" extractCount="10000" duration="21926000"/>
			<Sample nodeCount="48" insertCount="10000" extractCount="10000" duration="22723000"/>
			<Sample nodeCount="49" insertCount="10000" extractCount="10000" duration="23111000"/>
			<Sample nodeCount="50" insertCount="10000" extractCount="10000" duration="24141000"/>
			<Sample nodeCount="51" insertCount="10000" extractCount="10000" duration="23803000"/>
			<Sample nodeCount="52" insertCount="10000" extractCount="10000" duration="25017000"/>
			<Sample nodeCount="53" insertCount="10000" extractCount="10000" duration="25570000"/>
			<Sample nodeCount="54" insertCount="10000" extractCount="10000" duration="26332000"/>
			<Sample nodeCount="55" insertCount="10000" extractCount="10000" duration="26504000"/>
			<Sample nodeCount="56" insertCount="10000" extractCount="10000" duration="27510000"/>
			<Sample nodeCount="57" insertCount="10000" extractCount="10000" duration="28094000"/>
			<Sample nodeCount="58" insertCount="10000" extractCount="10000" duration="28290000"/>
			<Sample nodeCount="59" insertCount="10000" extractCount="10000" duration="28571000"/>
			<Sample nodeCount="60" insertCount="10000" extractCount="10000" duration="29401000"/>
			<Sample nodeCount="61" insertCount="10000" extractCount="10000" duration="29772000"/>
			<Sample nodeCount="62" insertCount="10000" extractCount="10000" duration="31551000"/>
			<Sample nodeCount="63" insertCount="10000" extractCount="10000" duration="30564000"/>
			<Sample nodeCount="64" insertCount="10000" extractCount="10000" duration="31700000"/>
			<Sample nodeCount="65" insertCount="10000" extractCount="10000" duration="31965000"/>
			<Sample nodeCount="66" insertCount="10000" extractCount="10000" duration="32691000"/>
			<Sample nodeCount="67" insertCount="10000" extractCount="10000" duration="33155000"/>
			<Sample nodeCount="68" insertCount="10000" extractCount="10000" duration="33774000"/>
			<Sample nodeCount="69" insertCount="10000" extractCount="10000" duration="34322000"/>
			<Sample nodeCount="70" insertCount="10000" extractCount="10000" duration="36198000"/>
			<Sample nodeCount="71" insertCount="10000" extractCount="10000" duration="36346000"/>
			<Sample nodeCount="72" insertCount="10000" extractCount="10000" duration="36972000"/>
			<Sample nodeCount="73" insertCount="10000" extractCount="10000" duration="37343000"/>
			<Sample nodeCount="74" insertCount="10000" extractCount="10000" duration="37853000"/>
			<Sample nodeCount="75" insertCount="10000" extractCount="10000" duration="38713000"/>
			<Sample nodeCount="76" insertCount="10000" extractCount="10000" duration="39002000"/>
			<Sample nodeCount="77" insertCount="10000" extractCount="10000" duration="39375000"/>
			<Sample nodeCount="78" insertCount="10000" extractCount="10000" duration="40536000"/>
			<Sample nodeCount="79" insertCount="10000" extractCount="10000" duration="41217000"/>
			<Sample nodeCount="80" insertCount="10000" extractCount="10000" duration="42039000"/>
			<Sample nodeCount="81" insertCount="10000" extractCount="10000" duration="42359000"/>
			<Sample nodeCount="82" insertCount="10000" extractCount="10000" duration="42738000"/>
			<Sample nodeCount="83" insertCount="10000" extractCount="10000" duration="43281000"/>
			<Sample nodeCount="84" insertCount="10000" extractCount="10000" duration="43689000"/>
			<Sample nodeCount="85" insertCount="10000" extractCount="10000" duration="43866000"/>
			<Sample nodeCount="86" insertCount="10000" extractCount="10000" duration="45061000"/>
			<Sample nodeCount="87" insertCount="10000" extractCount="10000" duration="46085000"/>
			<Sample nodeCount="88" insertCount="10000" extractCount="10000" duration="46819000"/>
			<Sample nodeCount="89" insertCount="10000" extractCount="10000" duration="46929000"/>
			<Sample nodeCount="90" insertCount="10000" extractCount="10000" duration="48480000"/>
			<Sample nodeCount="91" insertCount="10000" extractCount="10000" duration="47533000"/>
			<Sample nodeCount="92" insertCount="10000" extractCount="10000" duration="48069000"/>
			<Sample nodeCount="93" insertCount="10000" extractCount="10000" duration="48748000"/>
			<Sample nodeCount="94" insertCount="10000" extractCount="10000" duration="51186000"/>
			<Sample nodeCount="95" insertCount="10000" extractCount="10000" duration="50667000"/>
			<Sample nodeCount="96" insertCount="10000" extractCount="10000" duration="51609000"/>
			<Sample nodeCount="97" insertCount="10000" extractCount="10000" duration="51808000"/>
			<Sample nodeCount="98" insertCount="10000" extractCount="10000" duration="52509000"/>
			<Sample nodeCount="99" insertCount="10000" extractCount="10000" duration="52968000"/>
			<Sample nodeCount="100" insertCount="10000" extractCount="10000" duration="56467000"/>
			<Sample nodeCount="101" insertCount="10000" extractCount="10000" duration="54439000"/>
			<Sample nodeCount="102" insertCount="10000" extractCount="10000" duration="56305000"/>
			<Sample nodeCount="103" insertCount="10000" extractCount="10000" duration="56168000"/>
			<Sample nodeCount="104" insertCount="10000" extractCount="10000" duration="56316000"/>
			<Sample nodeCount="105" insertCount="10000" extractCount="10000" duration="57177000"/>
			<Sample nodeCount="106" insertCount="10000" extractCount="10000" duration="57462000"/>
			<Sample nodeCount="107" insertCount="10000" extractCount="10000" duration="57990000"/>
			<Sample nodeCount="108" insertCount="10000" extractCount="10000" duration="58443000"/>
			<Sample nodeCount="109" insertCount="10000" extractCount="10000" duration="59148000"/>
			<Sample nodeCount="110" insertCount="10000" extractCount="10000" duration="61207000"/>
			<Sample nodeCount="111" insertCount="10000" extractCount="10000" duration="61130000"/>
			<Sample nodeCount="112" insertCount="10000" extractCount="10000" duration="62072000"/>
			<Sample nodeCount="113" insertCount="10000" extractCount="10000" duration="62349000"/>
			<Sample nodeCount="114" insertCount="10000" extractCount="10000" duration="62970000"/>
			<Sample nodeCount="115" insertCount="10000" extractCount="10000" duration="62676000"/>
			<Sample nodeCount="116" insertCount="10000" extractCount="10000" duration="64262000"/>
			<Sample nodeCount="117" insertCount="10000" extractCount="10000" duration="63847000"/>
			<Sample nodeCount="118" insertCount="10000" extractCount="10000" duration="65395000"/>
			<Sample nodeCount="119" insertCount="10000" extractCount="10000" duration="65498000"/>
			<Sample nodeCount="120" insertCount="10000" extractCount="10000" duration="66059000"/>
			<Sample nodeCount="121" insertCount="10000" extractCount="10000" duration="66688000"/>
			<Sample nodeCount="122" insertCount="10000" extractCount="10000" duration="66912000"/>
			<Sample nodeCount="123" insertCount="10000" extractCount="10000" duration="67603000"/>
			<Sample nodeCount="124" insertCount="10000" extractCount="10000" duration="68377000"/>
			<Sample nodeCount="125" insertCount="10000" extractCount="10000" duration="68888000"/>
			<Sample nodeCount="126" insertCount="10000" extractCount="10000" duration="69918000"/>
			<Sample nodeCount="127" insertCount="10000" extractCount="10000" duration="70629000"/>
		</SmallSetLinear>
		<LargeSetLinear>
		</LargeSetLinear>
	</RBTest>
	<RBTest implementation="Linux" nodeSize="24">
		<SmallSetRandomOps>
			<Sample nodeCount="1" insertCount="62" extractCount="61" duration="3000"/>
			<Sample nodeCount="2" insertCount="123" extractCount="123" duration="6000"/>
			<Sample nodeCount="3" insertCount="186" extractCount="183" duration="9000"/>
			<Sample nodeCount="4" insertCount="247" extractCount="245" duration="14000"/>
			<Sample nodeCount="5" insertCount="309" extractCount="306" duration="21000"/>
			<Sample nodeCount="6" insertCount="370" extractCount="368" duration="25000"/>
			<Sample nodeCount="7" insertCount="433" extractCount="428" duration="31000"/>
			<Sample nodeCount="8" insertCount="493" extractCount="491" duration="36000"/>
			<Sample nodeCount="9" insertCount="557" extractCount="550" duration="42000"/>
			<Sample nodeCount="10" insertCount="619" extractCount="611" duration="46000"/>
			<Sample nodeCount="11" insertCount="680" extractCount="673" duration="54000"/>
			<Sample nodeCount="12" insertCount="740" extractCount="736" duration="60000"/>
			<Sample nodeCount="13" insertCount="803" extractCount="796" duration="65000"/>
			<Sample nodeCount="14" insertCount="864" extractCount="858" duration="71000"/>
			<Sample nodeCount="15" insertCount="927" extractCount="918" duration="76000"/>
			<Sample nodeCount="16" insertCount="988" extractCount="980" duration="82000"/>
			<Sample nodeCount="17" insertCount="1050" extractCount="1041" duration="89000"/>
			<Sample nodeCount="18" insertCount="1113" extractCount="1101" duration="95000"/>
			<Sample nodeCount="19" insertCount="1172" extractCount="1165" duration="102000"/>
			<Sample nodeCount="20" insertCount="1237" extractCount="1223" duration="106000"/>
			<Sample nodeCount="21" insertCount="1296" extractCount="1287" duration="111000"/>
			<Sample nodeCount="22" insertCount="1359" extractCount="1347" duration="118000"/>
			<Sample nodeCount="23" insertCount="1419" extractCount="1410" duration="124000"/>
			<Sample nodeCount="24" insertCount="1484" extractCount="1468" duration="132000"/>
			<Sample nodeCount="25" insertCount="1544" extractCount="1531" duration="135000"/>
			<Sample nodeCount="26" insertCount="1604" extractCount="1594" duration="142000"/>
			<Sample nodeCount="27" insertCount="1668" extractCount="1653" duration="147000"/>
			<Sample nodeCount="28" insertCount="1729" extractCount="1715" duration="156000"/>
			<Sample nodeCount="29" insertCount="1790" extractCount="1777" duration="161000"/>
			<Sample nodeCount="30" insertCount="1851" extractCount="1839" duration="165000"/>
			<Sample nodeCount="31" insertCount="1914" extractCount="1899" duration="178000"/>
			<Sample nodeCount="32" insertCount="1977" extractCount="1959" duration="179000"/>
			<Sample nodeCount="33" insertCount="2041" extractCount="2018" duration="185000"/>
			<Sample nodeCount="34" insertCount="2097" extractCount="2085" duration="190000"/>
			<Sample nodeCount="35" insertCount="2160" extractCount="2145" duration="199000"/>
			<Sample nodeCount="36" insertCount="2221" extractCount="2207" duration="204000"/>
			<Sample nodeCount="37" insertCount="2285" extractCount="2266" duration="208000"/>
			<Sample nodeCount="38" insertCount="2346" extractCount="2328" duration="216000"/>
			<Sample nodeCount="39" insertCount="2408" extractCount="2389" duration="222000"/>
			<Sample nodeCount="40" insertCount="2471" extractCount="2449" duration="225000"/>
			<Sample nodeCount="41" insertCount="2531" extractCount="2512" duration="234000"/>
			<Sample nodeCount="42" insertCount="2593" extractCount="2573" duration="238000"/>
			<Sample nodeCount="43" insertCount="2656" extractCount="2633" duration="247000"/>
			<Sample nodeCount="44" insertCount="2717" extractCount="2695" duration="250000"/>
			<Sample nodeCount="45" insertCount="2776" extractCount="2759" duration="256000"/>
			<Sample nodeCount="46" insertCount="2840" extractCount="2818" duration="262000"/>
			<Sample nodeCount="47" insertCount="2902" extractCount="2879" duration="271000"/>
			<Sample nodeCount="48" insertCount="2966" extractCount="2938" duration="291000"/>
			<Sample nodeCount="49" insertCount="3026" extractCount="3001" duration="285000"/>
			<Sample nodeCount="50" insertCount="3084" extractCount="3066" duration="290000"/>
			<Sample nodeCount="51" insertCount="3151" extractCount="3122" duration="297000"/>
			<Sample nodeCount="52" insertCount="3209" extractCount="3187" duration="302000"/>
			<Sample nodeCount="53" insertCount="3273" extractCount="3246" duration="308000"/>
			<Sample nodeCount="54" insertCount="3337" extractCount="3305" duration="317000"/>
			<Sample nodeCount="55" insertCount="3400" extractCount="3365" duration="321000"/>
			<Sample nodeCount="56" insertCount="3458" extractCount="3430" duration="329000"/>
			<Sample nodeCount="57" insertCount="3521" extractCount="3490" duration="335000"/>
			<Sample nodeCount="58" insertCount="3580" extractCount="3554" duration="339000"/>
			<Sample nodeCount="59" insertCount="3647" extractCount="3610" duration="347000"/>
			<Sample nodeCount="60" insertCount="3706" extractCount="3674" duration="349000"/>
			<Sample nodeCount="61" insertCount="3766" extractCount="3737" duration="370000"/>
			<Sample nodeCount="62" insertCount="3828" extractCount="3798" duration="364000"/>
			<Sample nodeCount="63" insertCount="3888" extractCount="3861" duration="370000"/>
			<Sample nodeCount="64" insertCount="3952" extractCount="3920" duration="376000"/>
			<Sample nodeCount="65" insertCount="4014" extractCount="3981" duration="382000"/>
			<Sample nodeCount="66" insertCount="4077" extractCount="4041" duration="388000"/>
			<Sample nodeCount="67" insertCount="4136" extractCount="4105" duration="399000"/>
			<Sample nodeCount="68" insertCount="4200" extractCount="4164" duration="401000"/>
			<Sample nodeCount="69" insertCount="4263" extractCount="4224" duration="406000"/>
			<Sample nodeCount="70" insertCount="4325" extractCount="4285" duration="416000"/>
			<Sample nodeCount="71" insertCount="4381" extractCount="4352" duration="428000"/>
			<Sample nodeCount="72" insertCount="4448" extractCount="4408" duration="425000"/>
			<Sample nodeCount="73" insertCount="4507" extractCount="4472" duration="434000"/>
			<Sample nodeCount="74" insertCount="4571" extractCount="4531" duration="439000"/>
			<Sample nodeCount="75" insertCount="4631" extractCount="4594" duration="447000"/>
			<Sample nodeCount="76" insertCount="4693" extractCount="4655" duration="455000"/>
			<Sample nodeCount="77" insertCount="4755" extractCount="4716" duration="460000"/>
			<Sample nodeCount="78" insertCount="4817" extractCount="4777" duration="466000"/>
			<Sample nodeCount="79" insertCount="4877" extractCount="4840" duration="476000"/>
			<Sample nodeCount="80" insertCount="4942" extractCount="4898" duration="485000"/>
			<Sample nodeCount="81" insertCount="5002" extractCount="4961" duration="487000"/>
			<Sample nodeCount="82" insertCount="5063" extractCount="5023" duration="491000"/>
			<Sample nodeCount="83" insertCount="5124" extractCount="5085" duration="502000"/>
			<Sample nodeCount="84" insertCount="5187" extractCount="5145" duration="507000"/>
			<Sample nodeCount="85" insertCount="5250" extractCount="5205" duration="513000"/>
			<Sample nodeCount="86" insertCount="5314" extractCount="5264" duration="522000"/>
			<Sample nodeCount="87" insertCount="5374" extractCount="5327" duration="529000"/>
			<Sample nodeCount="88" insertCount="5432" extractCount="5392" duration="547000"/>
			<Sample nodeCount="89" insertCount="5490" extractCount="5457" duration="539000"/>
			<Sample nodeCount="90" insertCount="5559" extractCount="5511" duration="543000"/>
			<Sample nodeCount="91" insertCount="5621" extractCount="5572" duration="552000"/>
			<Sample nodeCount="92" insertCount="5680" extractCount="5636" duration="559000"/>
			<Sample nodeCount="93" insertCount="5740" extractCount="5699" duration="563000"/>
			<Sample nodeCount="94" insertCount="5803" extractCount="5759" duration="569000"/>
			<Sample nodeCount="95" insertCount="5862" extractCount="5823" duration="589000"/>
			<Sample nodeCount="96" insertCount="5929" extractCount="5879" duration="587000"/>
			<Sample nodeCount="97" insertCount="5993" extractCount="5938" duration="590000"/>
			<Sample nodeCount="98" insertCount="6055" extractCount="5999" duration="597000"/>
			<Sample nodeCount="99" insertCount="6113" extractCount="6064" duration="609000"/>
			<Sample nodeCount="100" insertCount="6172" extractCount="6128" duration="614000"/>
			<Sample nodeCount="101" insertCount="6238" extractCount="6185" duration="624000"/>
			<Sample nodeCount="102" insertCount="6299" extractCount="6247" duration="625000"/>
			<Sample nodeCount="103" insertCount="6363" extractCount="6306" duration="635000"/>
			<Sample nodeCount="104" insertCount="6426" extractCount="6366" duration="636000"/>
			<Sample nodeCount="105" insertCount="6481" extractCount="6434" duration="646000"/>
			<Sample nodeCount="106" insertCount="6544" extractCount="6494" duration="656000"/>
			<Sample nodeCount="107" insertCount="6607" extractCount="6554" duration="653000"/>
			<Sample nodeCount="108" insertCount="6669" extractCount="6615" duration="673000"/>
			<Sample nodeCount="109" insertCount="6732" extractCount="6675" duration="671000"/>
			<Sample nodeCount="110" insertCount="6794" extractCount="6736" duration="674000"/>
			<Sample nodeCount="111" insertCount="6852" extractCount="6801" duration="682000"/>
			<Sample nodeCount="112" insertCount="6918" extractCount="6858" duration="694000"/>
			<Sample nodeCount="113" insertCount="6981" extractCount="6918" duration="707000"/>
			<Sample nodeCount="114" insertCount="7041" extractCount="6981" duration="701000"/>
			<Sample nodeCount="115" insertCount="7103" extractCount="7042" duration="711000"/>
			<Sample nodeCount="116" insertCount="7164" extractCount="7104" duration="713000"/>
			<Sample nodeCount="117" insertCount="7225" extractCount="7166" duration="727000"/>
			<Sample nodeCount="118" insertCount="7291" extractCount="7223" duration="730000"/>
			<Sample nodeCount="119" insertCount="7350" extractCount="7287" duration="744000"/>
			<Sample nodeCount="120" insertCount="7410" extractCount="7350" duration="739000"/>
			<Sample nodeCount="121" insertCount="7471" extractCount="7412" duration="752000"/>
			<Sample nodeCount="122" insertCount="7537" extractCount="7469" duration="751000"/>
			<Sample nodeCount="123" insertCount="7593" extractCount="7536" duration="760000"/>
			<Sample nodeCount="124" insertCount="7658" extractCount="7594" duration="775000"/>
			<Sample nodeCount="125" insertCount="7718" extractCount="7657" duration="776000"/>
			<Sample nodeCount="126" insertCount="7781" extractCount="7717" duration="776000"/>
			<Sample nodeCount="127" insertCount="7840" extractCount="7781" duration="791000"/>
		</SmallSetRandomOps>
		<LargeSetRandomOps>
		</LargeSetRandomOps>
		<SmallSetLinear>
			<Sample nodeCount="1" insertCount="10000" extractCount="10000" duration="70000"/>
			<Sample nodeCount="2" insertCount="10000" extractCount="10000" duration="201000"/>
			<Sample nodeCount="3" insertCount="10000" extractCount="10000" duration="377000"/>
			<Sample nodeCount="4" insertCount="10000" extractCount="10000" duration="635000"/>
			<Sample nodeCount="5" insertCount="10000" extractCount="10000" duration="889000"/>
			<Sample nodeCount="6" insertCount="10000" extractCount="10000" duration="1198000"/>
			<Sample nodeCount="7" insertCount="10000" extractCount="10000" duration="1483000"/>
			<Sample nodeCount="8" insertCount="10000" extractCount="10000" duration="1858000"/>
			<Sample nodeCount="9" insertCount="10000" extractCount="10000" duration="2138000"/>
			<Sample nodeCount="10" insertCount="10000" extractCount="10000" duration="2746000"/>
			<Sample nodeCount="11" insertCount="10000" extractCount="10000" duration="3035000"/>
			<Sample nodeCount="12" insertCount="10000" extractCount="10000" duration="3559000"/>
			<Sample nodeCount="13" insertCount="10000" extractCount="10000" duration="3899000"/>
			<Sample nodeCount="14" insertCount="10000" extractCount="10000" duration="4464000"/>
			<Sample nodeCount="15" insertCount="10000" extractCount="10000" duration="4808000"/>
			<Sample nodeCount="16" insertCount="10000" extractCount="10000" duration="5601000"/>
			<Sample nodeCount="17" insertCount="10000" extractCount="10000" duration="5979000"/>
			<Sample nodeCount="18" insertCount="10000" extractCount="10000" duration="6887000"/>
			<Sample nodeCount="19" insertCount="10000" extractCount="10000" duration="6863000"/>
			<Sample nodeCount="20" insertCount="10000" extractCount="10000" duration="7711000"/>
			<Sample nodeCount="21" insertCount="10000" extractCount="10000" duration="8051000"/>
			<Sample nodeCount="22" insertCount="10000" extractCount="10000" duration="8703000"/>
			<Sample nodeCount="23" insertCount="10000" extractCount="10000" duration="9217000"/>
			<Sample nodeCount="24" insertCount="10000" extractCount="10000" duration="10298000"/>
			<Sample nodeCount="25" insertCount="10000" extractCount="10000" duration="10678000"/>
			<Sample nodeCount="26" insertCount="10000" extractCount="10000" duration="11862000"/>
			<Sample nodeCount="27" insertCount="10000" extractCount="10000" duration="12105000"/>
			<Sample nodeCount="28" insertCount="10000" extractCount="10000" duration="13125000"/>
			<Sample nodeCount="29" insertCount="10000" extractCount="10000" duration="13341000"/>
			<Sample nodeCount="30" insertCount="10000" extractCount="10000" duration="14223000"/>
			<Sample nodeCount="31" insertCount="10000" extractCount="10000" duration="15236000"/>
			<Sample nodeCount="32" insertCount="10000" extractCount="10000" duration="15411000"/>
			<Sample nodeCount="33" insertCount="10000" extractCount="10000" duration="15939000"/>
			<Sample nodeCount="34" insertCount="10000" extractCount="10000" duration="17163000"/>
			<Sample nodeCount="35" insertCount="10000" extractCount="10000" duration="17841000"/>
			<Sample nodeCount="36" insertCount="10000" extractCount="10000" duration="18388000"/>
			<Sample nodeCount="37" insertCount="10000" extractCount="10000" duration="19193000"/>
			<Sample nodeCount="38" insertCount="10000" extractCount="10000" duration="19884000"/>
			<Sample nodeCount="39" insertCount="10000" extractCount="10000" duration="21045000"/>
			<Sample nodeCount="40" insertCount="10000" extractCount="10000" duration="21139000"/>
			<Sample nodeCount="41" insertCount="10000" extractCount="10000" duration="21362000"/>
			<Sample nodeCount="42" insertCount="10000" extractCount="10000" duration="23338000"/>
			<Sample nodeCount="43" insertCount="10000" extractCount="10000" duration="23316000"/>
			<Sample nodeCount="44" insertCount="10000" extractCount="10000" duration="23888000"/>
			<Sample nodeCount="45" insertCount="10000" extractCount="10000" duration="24497000"/>
			<Sample nodeCount="46" insertCount="10000" extractCount="10000" duration="26418000"/>
			<Sample nodeCount="47" insertCount="10000" extractCount="10000" duration="26138000"/>
			<Sample nodeCount="48" insertCount="10000" extractCount="10000" duration="27711000"/>
			<Sample nodeCount="49" insertCount="10000" extractCount="10000" duration="27564000"/>
			<Sample nodeCount="50" insertCount="10000" extractCount="10000" duration="29076000"/>
			<Sample nodeCount="51" insertCount="10000" extractCount="10000" duration="29107000"/>
			<Sample nodeCount="52" insertCount="10000" extractCount="10000" duration="30789000"/>
			<Sample nodeCount="53" insertCount="10000" extractCount="10000" duration="30210000"/>
			<Sample nodeCount="54" insertCount="10000" extractCount="10000" duration="31644000"/>
			<Sample nodeCount="55" insertCount="10000" extractCount="10000" duration="32294000"/>
			<Sample nodeCount="56" insertCount="10000" extractCount="10000" duration="33197000"/>
			<Sample nodeCount="57" insertCount="10000" extractCount="10000" duration="33325000"/>
			<Sample nodeCount="58" insertCount="10000" extractCount="10000" duration="36039000"/>
			<Sample nodeCount="59" insertCount="10000" extractCount="10000" duration="35728000"/>
			<Sample nodeCount="60" insertCount="10000" extractCount="10000" duration="36233000"/>
			<Sample nodeCount="61" insertCount="10000" extractCount="10000" duration="36218000"/>
			<Sample nodeCount="62" insertCount="10000" extractCount="10000" duration="38234000"/>
			<Sample nodeCount="63" insertCount="10000" extractCount="10000" duration="38637000"/>
			<Sample nodeCount="64" insertCount="10000" extractCount="10000" duration="39103000"/>
			<Sample nodeCount="65" insertCount="10000" extractCount="10000" duration="39314000"/>
			<Sample nodeCount="66" insertCount="10000" extractCount="10000" duration="40612000"/>
			<Sample nodeCount="67" insertCount="10000" extractCount="10000" duration="41500000"/>
			<Sample nodeCount="68" insertCount="10000" extractCount="10000" duration="42559000"/>
			<Sample nodeCount="69" insertCount="10000" extractCount="10000" duration="42664000"/>
			<Sample nodeCount="70" insertCount="10000" extractCount="10000" duration="44743000"/>
			<Sample nodeCount="71" insertCount="10000" extractCount="10000" duration="44241000"/>
			<Sample nodeCount="72" insertCount="10000" extractCount="10000" duration="45833000"/>
			<Sample nodeCount="73" insertCount="10000" extractCount="10000" duration="45405000"/>
			<Sample nodeCount="74" insertCount="10000" extractCount="10000" duration="46854000"/>
			<Sample nodeCount="75" insertCount="10000" extractCount="10000" duration="48299000"/>
			<Sample nodeCount="76" insertCount="10000" extractCount="10000" duration="49018000"/>
			<Sample nodeCount="77" insertCount="10000" extractCount="10000" duration="49126000"/>
			<Sample nodeCount="78" insertCount="10000" extractCount="10000" duration="51095000"/>
			<Sample nodeCount="79" insertCount="10000" extractCount="10000" duration="52004000"/>
			<Sample nodeCount="80" insertCount="10000" extractCount="10000" duration="52139000"/>
			<Sample nodeCount="81" insertCount="10000" extractCount="10000" duration="51896000"/>
			<Sample nodeCount="82" insertCount="10000" extractCount="10000" duration="54010000"/>
			<Sample nodeCount="83" insertCount="10000" extractCount="10000" duration="53560000"/>
			<Sample nodeCount="84" insertCount="10000" extractCount="10000" duration="54108000"/>
			<Sample nodeCount="85" insertCount="10000" extractCount="10000" duration="55312000"/>
			<Sample nodeCount="86" insertCount="10000" extractCount="10000" duration="55995000"/>
			<Sample nodeCount="87" insertCount="10000" extractCount="10000" duration="56319000"/>
			<Sample nodeCount="88" insertCount="10000" extractCount="10000" duration="57158000"/>
			<Sample nodeCount="89" insertCount="10000" extractCount="10000" duration="57205000"/>
			<Sample nodeCount="90" insertCount="10000" extractCount="10000" duration="58729000"/>
			<Sample nodeCount="91" insertCount="10000" extractCount="10000" duration="59429000"/>
			<Sample nodeCount="92" insertCount="10000" extractCount="10000" duration="60704000"/>
			<Sample nodeCount="93" insertCount="10000" extractCount="10000" duration="61177000"/>
			<Sample nodeCount="94" insertCount="10000" extractCount="10000" duration="62750000"/>
			<Sample nodeCount="95" insertCount="10000" extractCount="10000" duration="62707000"/>
			<Sample nodeCount="96" insertCount="10000" extractCount="10000" duration="63984000"/>
			<Sample nodeCount="97" insertCount="10000" extractCount="10000" duration="64128000"/>
			<Sample nodeCount="98" insertCount="10000" extractCount="10000" duration="65481000"/>
			<Sample nodeCount="99" insertCount="10000" extractCount="10000" duration="66482000"/>
			<Sample nodeCount="100" insertCount="10000" extractCount="10000" duration="67113000"/>
			<Sample nodeCount="101" insertCount="10000" extractCount="10000" duration="68302000"/>
			<Sample nodeCount="102" insertCount="10000" extractCount="10000" duration="68670000"/>
			<Sample nodeCount="103" insertCount="10000" extractCount="10000" duration="70615000"/>
			<Sample nodeCount="104" insertCount="10000" extractCount="10000" duration="70453000"/>
			<Sample nodeCount="105" insertCount="10000" extractCount="10000" duration="70894000"/>
			<Sample nodeCount="106" insertCount="10000" extractCount="10000" duration="72036000"/>
			<Sample nodeCount="107" insertCount="10000" extractCount="10000" duration="72412000"/>
			<Sample nodeCount="108" insertCount="10000" extractCount="10000" duration="73582000"/>
			<Sample nodeCount="109" insertCount="10000" extractCount="10000" duration="73751000"/>
			<Sample nodeCount="110" insertCount="10000" extractCount="10000" duration="75463000"/>
			<Sample nodeCount="111" insertCount="10000" extractCount="10000" duration="74879000"/>
			<Sample nodeCount="112" insertCount="10000" extractCount="10000" duration="75381000"/>
			<Sample nodeCount="113" insertCount="10000" extractCount="10000" duration="75442000"/>
			<Sample nodeCount="114" insertCount="10000" extractCount="10000" duration="78514000"/>
			<Sample nodeCount="115" insertCount="10000" extractCount="10000" duration="79645000"/>
			<Sample nodeCount="116" insertCount="10000" extractCount="10000" duration="79362000"/>
			<Sample nodeCount="117" insertCount="10000" extractCount="10000" duration="80485000"/>
			<Sample nodeCount="118" insertCount="10000" extractCount="10000" duration="80922000"/>
			<Sample nodeCount="119" insertCount="10000" extractCount="10000" duration="83081000"/>
			<Sample nodeCount="120" insertCount="10000" extractCount="10000" duration="82581000"/>
			<Sample nodeCount="121" insertCount="10000" extractCount="10000" duration="83142000"/>
			<Sample nodeCount="122" insertCount="10000" extractCount="10000" duration="85131000"/>
			<Sample nodeCount="123" insertCount="10000" extractCount="10000" duration="85258000"/>
			<Sample nodeCount="124" insertCount="10000" extractCount="10000" duration="85711000"/>
			<Sample nodeCount="125" insertCount="10000" extractCount="10000" duration="86632000"/>
			<Sample nodeCount="126" insertCount="10000" extractCount="10000" duration="87314000"/>
			<Sample nodeCount="127" insertCount="10000" extractCount="10000" duration="87636000"/>
		</SmallSetLinear>
		<LargeSetLinear>
		</LargeSetLinear>
	</RBTest>
</RBTestCollection>
