<RBTestCollection platform="Altera Cyclone V, Cortex-A9 MPCore" compiler="GCC 4.9.3" timeUnit="ns">
	<RBTest implementation="LLRB" nodeSize="16">
		<SmallSetRandomOps>
			<Sample nodeCount="1" insertCount="62" extractCount="61" duration="8640"/>
			<Sample nodeCount="2" insertCount="123" extractCount="123" duration="28400"/>
			<Sample nodeCount="3" insertCount="186" extractCount="183" duration="113465"/>
			<Sample nodeCount="4" insertCount="247" extractCount="245" duration="93420"/>
			<Sample nodeCount="5" insertCount="309" extractCount="306" duration="226230"/>
			<Sample nodeCount="6" insertCount="370" extractCount="368" duration="287085"/>
			<Sample nodeCount="7" insertCount="433" extractCount="428" duration="372125"/>
			<Sample nodeCount="8" insertCount="493" extractCount="491" duration="314075"/>
			<Sample nodeCount="9" insertCount="557" extractCount="550" duration="528750"/>
			<Sample nodeCount="10" insertCount="619" extractCount="611" duration="592375"/>
			<Sample nodeCount="11" insertCount="680" extractCount="673" duration="677580"/>
			<Sample nodeCount="12" insertCount="740" extractCount="736" duration="772040"/>
			<Sample nodeCount="13" insertCount="803" extractCount="796" duration="857255"/>
			<Sample nodeCount="14" insertCount="864" extractCount="858" duration="939370"/>
			<Sample nodeCount="15" insertCount="927" extractCount="918" duration="1007095"/>
			<Sample nodeCount="16" insertCount="988" extractCount="980" duration="846510"/>
			<Sample nodeCount="17" insertCount="1050" extractCount="1041" duration="1185615"/>
			<Sample nodeCount="18" insertCount="1113" extractCount="1101" duration="1273345"/>
			<Sample nodeCount="19" insertCount="1172" extractCount="1165" duration="1355965"/>
			<Sample nodeCount="20" insertCount="1237" extractCount="1223" duration="1451385"/>
			<Sample nodeCount="21" insertCount="1296" extractCount="1287" duration="1547085"/>
			<Sample nodeCount="22" insertCount="1359" extractCount="1347" duration="1642175"/>
			<Sample nodeCount="23" insertCount="1419" extractCount="1410" duration="1729900"/>
			<Sample nodeCount="24" insertCount="1484" extractCount="1468" duration="1830935"/>
			<Sample nodeCount="25" insertCount="1544" extractCount="1531" duration="1954140"/>
			<Sample nodeCount="26" insertCount="1604" extractCount="1594" duration="2035385"/>
			<Sample nodeCount="27" insertCount="1668" extractCount="1653" duration="2148035"/>
			<Sample nodeCount="28" insertCount="1729" extractCount="1715" duration="2257975"/>
			<Sample nodeCount="29" insertCount="1790" extractCount="1777" duration="2336380"/>
			<Sample nodeCount="30" insertCount="1851" extractCount="1839" duration="2455255"/>
			<Sample nodeCount="31" insertCount="1914" extractCount="1899" duration="2563555"/>
			<Sample nodeCount="32" insertCount="1977" extractCount="1959" duration="2145930"/>
			<Sample nodeCount="33" insertCount="2041" extractCount="2018" duration="2706310"/>
			<Sample nodeCount="34" insertCount="2097" extractCount="2085" duration="2813505"/>
			<Sample nodeCount="35" insertCount="2160" extractCount="2145" duration="2908700"/>
			<Sample nodeCount="36" insertCount="2221" extractCount="2207" duration="2981635"/>
			<Sample nodeCount="37" insertCount="2285" extractCount="2266" duration="3092795"/>
			<Sample nodeCount="38" insertCount="2346" extractCount="2328" duration="3214665"/>
			<Sample nodeCount="39" insertCount="2408" extractCount="2389" duration="3288825"/>
			<Sample nodeCount="40" insertCount="2471" extractCount="2449" duration="3409190"/>
			<Sample nodeCount="41" insertCount="2531" extractCount="2512" duration="3516000"/>
			<Sample nodeCount="42" insertCount="2593" extractCount="2573" duration="3592865"/>
			<Sample nodeCount="43" insertCount="2656" extractCount="2633" duration="3760600"/>
			<Sample nodeCount="44" insertCount="2717" extractCount="2695" duration="3818325"/>
			<Sample nodeCount="45" insertCount="2776" extractCount="2759" duration="3938155"/>
			<Sample nodeCount="46" insertCount="2840" extractCount="2818" duration="4023995"/>
			<Sample nodeCount="47" insertCount="2902" extractCount="2879" duration="4149940"/>
			<Sample nodeCount="48" insertCount="2966" extractCount="2938" duration="4255590"/>
			<Sample nodeCount="49" insertCount="3026" extractCount="3001" duration="4434080"/>
			<Sample nodeCount="50" insertCount="3084" extractCount="3066" duration="4499505"/>
			<Sample nodeCount="51" insertCount="3151" extractCount="3122" duration="4619635"/>
			<Sample nodeCount="52" insertCount="3209" extractCount="3187" duration="4764495"/>
			<Sample nodeCount="53" insertCount="3273" extractCount="3246" duration="4842530"/>
			<Sample nodeCount="54" insertCount="3337" extractCount="3305" duration="4940990"/>
			<Sample nodeCount="55" insertCount="3400" extractCount="3365" duration="5081050"/>
			<Sample nodeCount="56" insertCount="3458" extractCount="3430" duration="5228215"/>
			<Sample nodeCount="57" insertCount="3521" extractCount="3490" duration="5310655"/>
			<Sample nodeCount="58" insertCount="3580" extractCount="3554" duration="5417675"/>
			<Sample nodeCount="59" insertCount="3647" extractCount="3610" duration="5559925"/>
			<Sample nodeCount="60" insertCount="3706" extractCount="3674" duration="5647715"/>
			<Sample nodeCount="61" insertCount="3766" extractCount="3737" duration="5772555"/>
			<Sample nodeCount="62" insertCount="3828" extractCount="3798" duration="5855265"/>
			<Sample nodeCount="63" insertCount="3888" extractCount="3861" duration="5975625"/>
			<Sample nodeCount="64" insertCount="3952" extractCount="3920" duration="5125880"/>
			<Sample nodeCount="65" insertCount="4014" extractCount="3981" duration="6230365"/>
			<Sample nodeCount="66" insertCount="4077" extractCount="4041" duration="6297865"/>
			<Sample nodeCount="67" insertCount="4136" extractCount="4105" duration="6425680"/>
			<Sample nodeCount="68" insertCount="4200" extractCount="4164" duration="6526390"/>
			<Sample nodeCount="69" insertCount="4263" extractCount="4224" duration="6675500"/>
			<Sample nodeCount="70" insertCount="4325" extractCount="4285" duration="6793715"/>
			<Sample nodeCount="71" insertCount="4381" extractCount="4352" duration="6854570"/>
			<Sample nodeCount="72" insertCount="4448" extractCount="4408" duration="7048915"/>
			<Sample nodeCount="73" insertCount="4507" extractCount="4472" duration="7063325"/>
			<Sample nodeCount="74" insertCount="4571" extractCount="4531" duration="7155935"/>
			<Sample nodeCount="75" insertCount="4631" extractCount="4594" duration="7340090"/>
			<Sample nodeCount="76" insertCount="4693" extractCount="4655" duration="7431400"/>
			<Sample nodeCount="77" insertCount="4755" extractCount="4716" duration="7570310"/>
			<Sample nodeCount="78" insertCount="4817" extractCount="4777" duration="7644645"/>
			<Sample nodeCount="79" insertCount="4877" extractCount="4840" duration="7750170"/>
			<Sample nodeCount="80" insertCount="4942" extractCount="4898" duration="7873330"/>
			<Sample nodeCount="81" insertCount="5002" extractCount="4961" duration="7978055"/>
			<Sample nodeCount="82" insertCount="5063" extractCount="5023" duration="8050410"/>
			<Sample nodeCount="83" insertCount="5124" extractCount="5085" duration="8229825"/>
			<Sample nodeCount="84" insertCount="5187" extractCount="5145" duration="8334855"/>
			<Sample nodeCount="85" insertCount="5250" extractCount="5205" duration="8422330"/>
			<Sample nodeCount="86" insertCount="5314" extractCount="5264" duration="8500975"/>
			<Sample nodeCount="87" insertCount="5374" extractCount="5327" duration="8602465"/>
			<Sample nodeCount="88" insertCount="5432" extractCount="5392" duration="8695460"/>
			<Sample nodeCount="89" insertCount="5490" extractCount="5457" duration="8814025"/>
			<Sample nodeCount="90" insertCount="5559" extractCount="5511" duration="8938610"/>
			<Sample nodeCount="91" insertCount="5621" extractCount="5572" duration="9031770"/>
			<Sample nodeCount="92" insertCount="5680" extractCount="5636" duration="9191875"/>
			<Sample nodeCount="93" insertCount="5740" extractCount="5699" duration="9262520"/>
			<Sample nodeCount="94" insertCount="5803" extractCount="5759" duration="9385505"/>
			<Sample nodeCount="95" insertCount="5862" extractCount="5823" duration="9538890"/>
			<Sample nodeCount="96" insertCount="5929" extractCount="5879" duration="9608260"/>
			<Sample nodeCount="97" insertCount="5993" extractCount="5938" duration="9762765"/>
			<Sample nodeCount="98" insertCount="6055" extractCount="5999" duration="9804105"/>
			<Sample nodeCount="99" insertCount="6113" extractCount="6064" duration="10034460"/>
			<Sample nodeCount="100" insertCount="6172" extractCount="6128" duration="10054940"/>
			<Sample nodeCount="101" insertCount="6238" extractCount="6185" duration="10235990"/>
			<Sample nodeCount="102" insertCount="6299" extractCount="6247" duration="10299735"/>
			<Sample nodeCount="103" insertCount="6363" extractCount="6306" duration="10484815"/>
			<Sample nodeCount="104" insertCount="6426" extractCount="6366" duration="10564585"/>
			<Sample nodeCount="105" insertCount="6481" extractCount="6434" duration="10757450"/>
			<Sample nodeCount="106" insertCount="6544" extractCount="6494" duration="10825295"/>
			<Sample nodeCount="107" insertCount="6607" extractCount="6554" duration="10962515"/>
			<Sample nodeCount="108" insertCount="6669" extractCount="6615" duration="11048910"/>
			<Sample nodeCount="109" insertCount="6732" extractCount="6675" duration="11225975"/>
			<Sample nodeCount="110" insertCount="6794" extractCount="6736" duration="11393860"/>
			<Sample nodeCount="111" insertCount="6852" extractCount="6801" duration="11463885"/>
			<Sample nodeCount="112" insertCount="6918" extractCount="6858" duration="11559830"/>
			<Sample nodeCount="113" insertCount="6981" extractCount="6918" duration="11751155"/>
			<Sample nodeCount="114" insertCount="7041" extractCount="6981" duration="11900865"/>
			<Sample nodeCount="115" insertCount="7103" extractCount="7042" duration="11934215"/>
			<Sample nodeCount="116" insertCount="7164" extractCount="7104" duration="12114315"/>
			<Sample nodeCount="117" insertCount="7225" extractCount="7166" duration="12275335"/>
			<Sample nodeCount="118" insertCount="7291" extractCount="7223" duration="12372290"/>
			<Sample nodeCount="119" insertCount="7350" extractCount="7287" duration="12604755"/>
			<Sample nodeCount="120" insertCount="7410" extractCount="7350" duration="12620230"/>
			<Sample nodeCount="121" insertCount="7471" extractCount="7412" duration="12825160"/>
			<Sample nodeCount="122" insertCount="7537" extractCount="7469" duration="12901760"/>
			<Sample nodeCount="123" insertCount="7593" extractCount="7536" duration="12975835"/>
			<Sample nodeCount="124" insertCount="7658" extractCount="7594" duration="13199170"/>
			<Sample nodeCount="125" insertCount="7718" extractCount="7657" duration="13287305"/>
			<Sample nodeCount="126" insertCount="7781" extractCount="7717" duration="13324655"/>
			<Sample nodeCount="127" insertCount="7840" extractCount="7781" duration="13542570"/>
		</SmallSetRandomOps>
		<LargeSetRandomOps>
		</LargeSetRandomOps>
		<SmallSetLinear>
			<Sample nodeCount="1" insertCount="10000" extractCount="10000" duration="533745"/>
			<Sample nodeCount="2" insertCount="10000" extractCount="10000" duration="2567345"/>
			<Sample nodeCount="3" insertCount="10000" extractCount="10000" duration="5161215"/>
			<Sample nodeCount="4" insertCount="10000" extractCount="10000" duration="7813360"/>
			<Sample nodeCount="5" insertCount="10000" extractCount="10000" duration="12667235"/>
			<Sample nodeCount="6" insertCount="10000" extractCount="10000" duration="16524650"/>
			<Sample nodeCount="7" insertCount="10000" extractCount="10000" duration="25127810"/>
			<Sample nodeCount="8" insertCount="10000" extractCount="10000" duration="28715875"/>
			<Sample nodeCount="9" insertCount="10000" extractCount="10000" duration="35948250"/>
			<Sample nodeCount="10" insertCount="10000" extractCount="10000" duration="39321790"/>
			<Sample nodeCount="11" insertCount="10000" extractCount="10000" duration="50697305"/>
			<Sample nodeCount="12" insertCount="10000" extractCount="10000" duration="54421510"/>
			<Sample nodeCount="13" insertCount="10000" extractCount="10000" duration="64374605"/>
			<Sample nodeCount="14" insertCount="10000" extractCount="10000" duration="68582630"/>
			<Sample nodeCount="15" insertCount="10000" extractCount="10000" duration="86096170"/>
			<Sample nodeCount="16" insertCount="10000" extractCount="10000" duration="90454010"/>
			<Sample nodeCount="17" insertCount="10000" extractCount="10000" duration="99498515"/>
			<Sample nodeCount="18" insertCount="10000" extractCount="10000" duration="102478255"/>
			<Sample nodeCount="19" insertCount="10000" extractCount="10000" duration="120406740"/>
			<Sample nodeCount="20" insertCount="10000" extractCount="10000" duration="123966515"/>
			<Sample nodeCount="21" insertCount="10000" extractCount="10000" duration="133078585"/>
			<Sample nodeCount="22" insertCount="10000" extractCount="10000" duration="138273060"/>
			<Sample nodeCount="23" insertCount="10000" extractCount="10000" duration="160376840"/>
			<Sample nodeCount="24" insertCount="10000" extractCount="10000" duration="164470485"/>
			<Sample nodeCount="25" insertCount="10000" extractCount="10000" duration="174326730"/>
			<Sample nodeCount="26" insertCount="10000" extractCount="10000" duration="176599615"/>
			<Sample nodeCount="27" insertCount="10000" extractCount="10000" duration="197652210"/>
			<Sample nodeCount="28" insertCount="10000" extractCount="10000" duration="199865450"/>
			<Sample nodeCount="29" insertCount="10000" extractCount="10000" duration="211142480"/>
			<Sample nodeCount="30" insertCount="10000" extractCount="10000" duration="214062610"/>
			<Sample nodeCount="31" insertCount="10000" extractCount="10000" duration="243659370"/>
			<Sample nodeCount="32" insertCount="10000" extractCount="10000" duration="248143360"/>
			<Sample nodeCount="33" insertCount="10000" extractCount="10000" duration="259402655"/>
			<Sample nodeCount="34" insertCount="10000" extractCount="10000" duration="263287070"/>
			<Sample nodeCount="35" insertCount="10000" extractCount="10000" duration="282643195"/>
			<Sample nodeCount="36" insertCount="10000" extractCount="10000" duration="284381370"/>
			<Sample nodeCount="37" insertCount="10000" extractCount="10000" duration="296235795"/>
			<Sample nodeCount="38" insertCount="10000" extractCount="10000" duration="298763895"/>
			<Sample nodeCount="39" insertCount="10000" extractCount="10000" duration="326135325"/>
			<Sample nodeCount="40" insertCount="10000" extractCount="10000" duration="333497875"/>
			<Sample nodeCount="41" insertCount="10000" extractCount="10000" duration="342260070"/>
			<Sample nodeCount="42" insertCount="10000" extractCount="10000" duration="344077350"/>
			<Sample nodeCount="43" insertCount="10000" extractCount="10000" duration="367024090"/>
			<Sample nodeCount="44" insertCount="10000" extractCount="10000" duration="371154370"/>
			<Sample nodeCount="45" insertCount="10000" extractCount="10000" duration="376876735"/>
			<Sample nodeCount="46" insertCount="10000" extractCount="10000" duration="382434210"/>
			<Sample nodeCount="47" insertCount="10000" extractCount="10000" duration="421567735"/>
			<Sample nodeCount="48" insertCount="10000" extractCount="10000" duration="426087870"/>
			<Sample nodeCount="49" insertCount="10000" extractCount="10000" duration="435410420"/>
			<Sample nodeCount="50" insertCount="10000" extractCount="10000" duration="434843170"/>
			<Sample nodeCount="51" insertCount="10000" extractCount="10000" duration="453394375"/>
			<Sample nodeCount="52" insertCount="10000" extractCount="10000" duration="462855930"/>
			<Sample nodeCount="53" insertCount="10000" extractCount="10000" duration="472300595"/>
			<Sample nodeCount="54" insertCount="10000" extractCount="10000" duration="472176835"/>
			<Sample nodeCount="55" insertCount="10000" extractCount="10000" duration="504624595"/>
			<Sample nodeCount="56" insertCount="10000" extractCount="10000" duration="514965025"/>
			<Sample nodeCount="57" insertCount="10000" extractCount="10000" duration="518607750"/>
			<Sample nodeCount="58" insertCount="10000" extractCount="10000" duration="522943950"/>
			<Sample nodeCount="59" insertCount="10000" extractCount="10000" duration="547015665"/>
			<Sample nodeCount="60" insertCount="10000" extractCount="10000" duration="552115010"/>
			<Sample nodeCount="61" insertCount="10000" extractCount="10000" duration="562471545"/>
			<Sample nodeCount="62" insertCount="10000" extractCount="10000" duration="559179605"/>
			<Sample nodeCount="63" insertCount="10000" extractCount="10000" duration="615145120"/>
			<Sample nodeCount="64" insertCount="10000" extractCount="10000" duration="622383520"/>
			<Sample nodeCount="65" insertCount="10000" extractCount="10000" duration="623785390"/>
			<Sample nodeCount="66" insertCount="10000" extractCount="10000" duration="634541970"/>
			<Sample nodeCount="67" insertCount="10000" extractCount="10000" duration="652922640"/>
			<Sample nodeCount="68" insertCount="10000" extractCount="10000" duration="653275185"/>
			<Sample nodeCount="69" insertCount="10000" extractCount="10000" duration="661265170"/>
			<Sample nodeCount="70" insertCount="10000" extractCount="10000" duration="674826305"/>
			<Sample nodeCount="71" insertCount="10000" extractCount="10000" duration="705749360"/>
			<Sample nodeCount="72" insertCount="10000" extractCount="10000" duration="711550810"/>
			<Sample nodeCount="73" insertCount="10000" extractCount="10000" duration="710673580"/>
			<Sample nodeCount="74" insertCount="10000" extractCount="10000" duration="718030950"/>
			<Sample nodeCount="75" insertCount="10000" extractCount="10000" duration="734535660"/>
			<Sample nodeCount="76" insertCount="10000" extractCount="10000" duration="741206995"/>
			<Sample nodeCount="77" insertCount="10000" extractCount="10000" duration="748622610"/>
			<Sample nodeCount="78" insertCount="10000" extractCount="10000" duration="763947840"/>
			<Sample nodeCount="79" insertCount="10000" extractCount="10000" duration="809935860"/>
			<Sample nodeCount="80" insertCount="10000" extractCount="10000" duration="807569625"/>
			<Sample nodeCount="81" insertCount="10000" extractCount="10000" duration="814582145"/>
			<Sample nodeCount="82" insertCount="10000" extractCount="10000" duration="821346200"/>
			<Sample nodeCount="83" insertCount="10000" extractCount="10000" duration="848189800"/>
			<Sample nodeCount="84" insertCount="10000" extractCount="10000" duration="853414845"/>
			<Sample nodeCount="85" insertCount="10000" extractCount="10000" duration="861421230"/>
			<Sample nodeCount="86" insertCount="10000" extractCount="10000" duration="858609445"/>
			<Sample nodeCount="87" insertCount="10000" extractCount="10000" duration="900460670"/>
			<Sample nodeCount="88" insertCount="10000" extractCount="10000" duration="907330630"/>
			<Sample nodeCount="89" insertCount="10000" extractCount="10000" duration="914988580"/>
			<Sample nodeCount="90" insertCount="10000" extractCount="10000" duration="922246870"/>
			<Sample nodeCount="91" insertCount="10000" extractCount="10000" duration="939055335"/>
			<Sample nodeCount="92" insertCount="10000" extractCount="10000" duration="944594835"/>
			<Sample nodeCount="93" insertCount="10000" extractCount="10000" duration="941595705"/>
			<Sample nodeCount="94" insertCount="10000" extractCount="10000" duration="948592690"/>
			<Sample nodeCount="95" insertCount="10000" extractCount="10000" duration="1009018390"/>
			<Sample nodeCount="96" insertCount="10000" extractCount="10000" duration="1025587145"/>
			<Sample nodeCount="97" insertCount="10000" extractCount="10000" duration="1023763705"/>
			<Sample nodeCount="98" insertCount="10000" extractCount="10000" duration="1028082695"/>
			<Sample nodeCount="99" insertCount="10000" extractCount="10000" duration="1058196945"/>
			<Sample nodeCount="100" insertCount="10000" extractCount="10000" duration="1062466040"/>
			<Sample nodeCount="101" insertCount="10000" extractCount="10000" duration="1070957855"/>
			<Sample nodeCount="102" insertCount="10000" extractCount="10000" duration="1075923275"/>
			<Sample nodeCount="103" insertCount="10000" extractCount="10000" duration="1098188530"/>
			<Sample nodeCount="104" insertCount="10000" extractCount="10000" duration="1102353235"/>
			<Sample nodeCount="105" insertCount="10000" extractCount="10000" duration="1124724525"/>
			<Sample nodeCount="106" insertCount="10000" extractCount="10000" duration="1129826930"/>
			<Sample nodeCount="107" insertCount="10000" extractCount="10000" duration="1148189735"/>
			<Sample nodeCount="108" insertCount="10000" extractCount="10000" duration="1154514960"/>
			<Sample nodeCount="109" insertCount="10000" extractCount="10000" duration="1162218280"/>
			<Sample nodeCount="110" insertCount="10000" extractCount="10000" duration="1167639060"/>
			<Sample nodeCount="111" insertCount="10000" extractCount="10000" duration="1214442485"/>
			<Sample nodeCount="112" insertCount="10000" extractCount="10000" duration="1217746025"/>
			<Sample nodeCount="113" insertCount="10000" extractCount="10000" duration="1228002235"/>
			<Sample nodeCount="114" insertCount="10000" extractCount="10000" duration="1232734685"/>
			<Sample nodeCount="115" insertCount="10000" extractCount="10000" duration="1252673815"/>
			<Sample nodeCount="116" insertCount="10000" extractCount="10000" duration="1270043910"/>
			<Sample nodeCount="117" insertCount="10000" extractCount="10000" duration="1279370410"/>
			<Sample nodeCount="118" insertCount="10000" extractCount="10000" duration="1282767305"/>
			<Sample nodeCount="119" insertCount="10000" extractCount="10000" duration="1304598720"/>
			<Sample nodeCount="120" insertCount="10000" extractCount="10000" duration="1323209615"/>
			<Sample nodeCount="121" insertCount="10000" extractCount="10000" duration="1331677190"/>
			<Sample nodeCount="122" insertCount="10000" extractCount="10000" duration="1323711660"/>
			<Sample nodeCount="123" insertCount="10000" extractCount="10000" duration="1357434580"/>
			<Sample nodeCount="124" insertCount="10000" extractCount="10000" duration="1349088120"/>
			<Sample nodeCount="125" insertCount="10000" extractCount="10000" duration="1358846655"/>
			<Sample nodeCount="126" insertCount="10000" extractCount="10000" duration="1362790920"/>
			<Sample nodeCount="127" insertCount="10000" extractCount="10000" duration="1462591780"/>
		</SmallSetLinear>
		<LargeSetLinear>
		</LargeSetLinear>
	</RBTest>
	<RBTest implementation="Eternally Confuzzled" nodeSize="12">
		<SmallSetRandomOps>
			<Sample nodeCount="1" insertCount="62" extractCount="61" duration="13085"/>
			<Sample nodeCount="2" insertCount="123" extractCount="123" duration="30820"/>
			<Sample nodeCount="3" insertCount="185" extractCount="184" duration="108745"/>
			<Sample nodeCount="4" insertCount="247" extractCount="245" duration="80845"/>
			<Sample nodeCount="5" insertCount="309" extractCount="306" duration="197045"/>
			<Sample nodeCount="6" insertCount="371" extractCount="367" duration="242320"/>
			<Sample nodeCount="7" insertCount="432" extractCount="429" duration="292725"/>
			<Sample nodeCount="8" insertCount="494" extractCount="490" duration="207725"/>
			<Sample nodeCount="9" insertCount="554" extractCount="553" duration="387900"/>
			<Sample nodeCount="10" insertCount="619" extractCount="611" duration="431010"/>
			<Sample nodeCount="11" insertCount="680" extractCount="673" duration="484365"/>
			<Sample nodeCount="12" insertCount="741" extractCount="735" duration="546725"/>
			<Sample nodeCount="13" insertCount="803" extractCount="796" duration="584925"/>
			<Sample nodeCount="14" insertCount="866" extractCount="856" duration="649400"/>
			<Sample nodeCount="15" insertCount="927" extractCount="918" duration="705350"/>
			<Sample nodeCount="16" insertCount="987" extractCount="981" duration="497440"/>
			<Sample nodeCount="17" insertCount="1050" extractCount="1041" duration="815965"/>
			<Sample nodeCount="18" insertCount="1113" extractCount="1101" duration="856780"/>
			<Sample nodeCount="19" insertCount="1173" extractCount="1164" duration="926020"/>
			<Sample nodeCount="20" insertCount="1235" extractCount="1225" duration="979075"/>
			<Sample nodeCount="21" insertCount="1295" extractCount="1288" duration="1032915"/>
			<Sample nodeCount="22" insertCount="1359" extractCount="1347" duration="1099495"/>
			<Sample nodeCount="23" insertCount="1421" extractCount="1408" duration="1154745"/>
			<Sample nodeCount="24" insertCount="1482" extractCount="1470" duration="1218680"/>
			<Sample nodeCount="25" insertCount="1544" extractCount="1531" duration="1279490"/>
			<Sample nodeCount="26" insertCount="1606" extractCount="1592" duration="1342785"/>
			<Sample nodeCount="27" insertCount="1667" extractCount="1654" duration="1391075"/>
			<Sample nodeCount="28" insertCount="1730" extractCount="1714" duration="1448730"/>
			<Sample nodeCount="29" insertCount="1790" extractCount="1777" duration="1513465"/>
			<Sample nodeCount="30" insertCount="1853" extractCount="1837" duration="1566530"/>
			<Sample nodeCount="31" insertCount="1915" extractCount="1898" duration="1631645"/>
			<Sample nodeCount="32" insertCount="1976" extractCount="1960" duration="1214005"/>
			<Sample nodeCount="33" insertCount="2035" extractCount="2024" duration="1737590"/>
			<Sample nodeCount="34" insertCount="2099" extractCount="2083" duration="1804200"/>
			<Sample nodeCount="35" insertCount="2163" extractCount="2142" duration="1867115"/>
			<Sample nodeCount="36" insertCount="2221" extractCount="2207" duration="1914740"/>
			<Sample nodeCount="37" insertCount="2285" extractCount="2266" duration="1993380"/>
			<Sample nodeCount="38" insertCount="2348" extractCount="2326" duration="2061630"/>
			<Sample nodeCount="39" insertCount="2407" extractCount="2390" duration="2119325"/>
			<Sample nodeCount="40" insertCount="2469" extractCount="2451" duration="2184520"/>
			<Sample nodeCount="41" insertCount="2531" extractCount="2512" duration="2238710"/>
			<Sample nodeCount="42" insertCount="2594" extractCount="2572" duration="2309585"/>
			<Sample nodeCount="43" insertCount="2655" extractCount="2634" duration="2368105"/>
			<Sample nodeCount="44" insertCount="2717" extractCount="2695" duration="2430510"/>
			<Sample nodeCount="45" insertCount="2778" extractCount="2757" duration="2504650"/>
			<Sample nodeCount="46" insertCount="2842" extractCount="2816" duration="2573680"/>
			<Sample nodeCount="47" insertCount="2903" extractCount="2878" duration="2623875"/>
			<Sample nodeCount="48" insertCount="2963" extractCount="2941" duration="2685900"/>
			<Sample nodeCount="49" insertCount="3027" extractCount="3000" duration="2768790"/>
			<Sample nodeCount="50" insertCount="3085" extractCount="3065" duration="2814580"/>
			<Sample nodeCount="51" insertCount="3148" extractCount="3125" duration="2886355"/>
			<Sample nodeCount="52" insertCount="3210" extractCount="3186" duration="2948745"/>
			<Sample nodeCount="53" insertCount="3270" extractCount="3249" duration="3027500"/>
			<Sample nodeCount="54" insertCount="3333" extractCount="3309" duration="3092145"/>
			<Sample nodeCount="55" insertCount="3394" extractCount="3371" duration="3164175"/>
			<Sample nodeCount="56" insertCount="3457" extractCount="3431" duration="3227855"/>
			<Sample nodeCount="57" insertCount="3521" extractCount="3490" duration="3308105"/>
			<Sample nodeCount="58" insertCount="3583" extractCount="3551" duration="3355155"/>
			<Sample nodeCount="59" insertCount="3645" extractCount="3612" duration="3437375"/>
			<Sample nodeCount="60" insertCount="3706" extractCount="3674" duration="3528060"/>
			<Sample nodeCount="61" insertCount="3768" extractCount="3735" duration="3623775"/>
			<Sample nodeCount="62" insertCount="3827" extractCount="3799" duration="3658460"/>
			<Sample nodeCount="63" insertCount="3893" extractCount="3856" duration="3734815"/>
			<Sample nodeCount="64" insertCount="3953" extractCount="3919" duration="2870915"/>
			<Sample nodeCount="65" insertCount="4013" extractCount="3982" duration="3842580"/>
			<Sample nodeCount="66" insertCount="4076" extractCount="4042" duration="3922540"/>
			<Sample nodeCount="67" insertCount="4138" extractCount="4103" duration="3986640"/>
			<Sample nodeCount="68" insertCount="4195" extractCount="4169" duration="4063900"/>
			<Sample nodeCount="69" insertCount="4261" extractCount="4226" duration="4110330"/>
			<Sample nodeCount="70" insertCount="4321" extractCount="4289" duration="4188060"/>
			<Sample nodeCount="71" insertCount="4387" extractCount="4346" duration="4265160"/>
			<Sample nodeCount="72" insertCount="4451" extractCount="4405" duration="4339795"/>
			<Sample nodeCount="73" insertCount="4507" extractCount="4472" duration="4394210"/>
			<Sample nodeCount="74" insertCount="4569" extractCount="4533" duration="4500205"/>
			<Sample nodeCount="75" insertCount="4633" extractCount="4592" duration="4553790"/>
			<Sample nodeCount="76" insertCount="4693" extractCount="4655" duration="4613930"/>
			<Sample nodeCount="77" insertCount="4754" extractCount="4717" duration="4667555"/>
			<Sample nodeCount="78" insertCount="4814" extractCount="4780" duration="4751720"/>
			<Sample nodeCount="79" insertCount="4878" extractCount="4839" duration="4813505"/>
			<Sample nodeCount="80" insertCount="4940" extractCount="4900" duration="4852445"/>
			<Sample nodeCount="81" insertCount="5003" extractCount="4960" duration="4936220"/>
			<Sample nodeCount="82" insertCount="5065" extractCount="5021" duration="5004275"/>
			<Sample nodeCount="83" insertCount="5126" extractCount="5083" duration="5054440"/>
			<Sample nodeCount="84" insertCount="5190" extractCount="5142" duration="5174345"/>
			<Sample nodeCount="85" insertCount="5246" extractCount="5209" duration="5202990"/>
			<Sample nodeCount="86" insertCount="5311" extractCount="5267" duration="5296880"/>
			<Sample nodeCount="87" insertCount="5372" extractCount="5329" duration="5345235"/>
			<Sample nodeCount="88" insertCount="5432" extractCount="5392" duration="5461525"/>
			<Sample nodeCount="89" insertCount="5494" extractCount="5453" duration="5504520"/>
			<Sample nodeCount="90" insertCount="5561" extractCount="5509" duration="5591100"/>
			<Sample nodeCount="91" insertCount="5619" extractCount="5574" duration="5661350"/>
			<Sample nodeCount="92" insertCount="5682" extractCount="5634" duration="5739850"/>
			<Sample nodeCount="93" insertCount="5743" extractCount="5696" duration="5806810"/>
			<Sample nodeCount="94" insertCount="5802" extractCount="5760" duration="5865665"/>
			<Sample nodeCount="95" insertCount="5865" extractCount="5820" duration="5921445"/>
			<Sample nodeCount="96" insertCount="5931" extractCount="5877" duration="6006705"/>
			<Sample nodeCount="97" insertCount="5988" extractCount="5943" duration="6099275"/>
			<Sample nodeCount="98" insertCount="6054" extractCount="6000" duration="6165585"/>
			<Sample nodeCount="99" insertCount="6113" extractCount="6064" duration="6234740"/>
			<Sample nodeCount="100" insertCount="6177" extractCount="6123" duration="6350065"/>
			<Sample nodeCount="101" insertCount="6235" extractCount="6188" duration="6395220"/>
			<Sample nodeCount="102" insertCount="6299" extractCount="6247" duration="6462510"/>
			<Sample nodeCount="103" insertCount="6360" extractCount="6309" duration="6557985"/>
			<Sample nodeCount="104" insertCount="6426" extractCount="6366" duration="6627355"/>
			<Sample nodeCount="105" insertCount="6484" extractCount="6431" duration="6688820"/>
			<Sample nodeCount="106" insertCount="6548" extractCount="6490" duration="6742645"/>
			<Sample nodeCount="107" insertCount="6610" extractCount="6551" duration="6865505"/>
			<Sample nodeCount="108" insertCount="6668" extractCount="6616" duration="6933680"/>
			<Sample nodeCount="109" insertCount="6732" extractCount="6675" duration="6976655"/>
			<Sample nodeCount="110" insertCount="6793" extractCount="6737" duration="7041330"/>
			<Sample nodeCount="111" insertCount="6853" extractCount="6800" duration="7140330"/>
			<Sample nodeCount="112" insertCount="6916" extractCount="6860" duration="7189960"/>
			<Sample nodeCount="113" insertCount="6976" extractCount="6923" duration="7259060"/>
			<Sample nodeCount="114" insertCount="7037" extractCount="6985" duration="7370300"/>
			<Sample nodeCount="115" insertCount="7102" extractCount="7043" duration="7425395"/>
			<Sample nodeCount="116" insertCount="7162" extractCount="7106" duration="7475030"/>
			<Sample nodeCount="117" insertCount="7223" extractCount="7168" duration="7558050"/>
			<Sample nodeCount="118" insertCount="7287" extractCount="7227" duration="7604875"/>
			<Sample nodeCount="119" insertCount="7350" extractCount="7287" duration="7723730"/>
			<Sample nodeCount="120" insertCount="7407" extractCount="7353" duration="7785195"/>
			<Sample nodeCount="121" insertCount="7472" extractCount="7411" duration="7817170"/>
			<Sample nodeCount="122" insertCount="7532" extractCount="7474" duration="7916590"/>
			<Sample nodeCount="123" insertCount="7596" extractCount="7533" duration="8030585"/>
			<Sample nodeCount="124" insertCount="7659" extractCount="7593" duration="8023930"/>
			<Sample nodeCount="125" insertCount="7721" extractCount="7654" duration="8134045"/>
			<Sample nodeCount="126" insertCount="7778" extractCount="7720" duration="8196130"/>
			<Sample nodeCount="127" insertCount="7839" extractCount="7782" duration="8300475"/>
		</SmallSetRandomOps>
		<LargeSetRandomOps>
		</LargeSetRandomOps>
		<SmallSetLinear>
			<Sample nodeCount="1" insertCount="10000" extractCount="10000" duration="1219740"/>
			<Sample nodeCount="2" insertCount="10000" extractCount="10000" duration="3488960"/>
			<Sample nodeCount="3" insertCount="10000" extractCount="10000" duration="6104560"/>
			<Sample nodeCount="4" insertCount="10000" extractCount="10000" duration="9862630"/>
			<Sample nodeCount="5" insertCount="10000" extractCount="10000" duration="13381130"/>
			<Sample nodeCount="6" insertCount="10000" extractCount="10000" duration="16394280"/>
			<Sample nodeCount="7" insertCount="10000" extractCount="10000" duration="20480060"/>
			<Sample nodeCount="8" insertCount="10000" extractCount="10000" duration="24492440"/>
			<Sample nodeCount="9" insertCount="10000" extractCount="10000" duration="29943240"/>
			<Sample nodeCount="10" insertCount="10000" extractCount="10000" duration="34956600"/>
			<Sample nodeCount="11" insertCount="10000" extractCount="10000" duration="39021740"/>
			<Sample nodeCount="12" insertCount="10000" extractCount="10000" duration="46255960"/>
			<Sample nodeCount="13" insertCount="10000" extractCount="10000" duration="46574410"/>
			<Sample nodeCount="14" insertCount="10000" extractCount="10000" duration="57566325"/>
			<Sample nodeCount="15" insertCount="10000" extractCount="10000" duration="63624700"/>
			<Sample nodeCount="16" insertCount="10000" extractCount="10000" duration="68057710"/>
			<Sample nodeCount="17" insertCount="10000" extractCount="10000" duration="73622825"/>
			<Sample nodeCount="18" insertCount="10000" extractCount="10000" duration="83331100"/>
			<Sample nodeCount="19" insertCount="10000" extractCount="10000" duration="87787410"/>
			<Sample nodeCount="20" insertCount="10000" extractCount="10000" duration="94047930"/>
			<Sample nodeCount="21" insertCount="10000" extractCount="10000" duration="99064890"/>
			<Sample nodeCount="22" insertCount="10000" extractCount="10000" duration="104566750"/>
			<Sample nodeCount="23" insertCount="10000" extractCount="10000" duration="112647735"/>
			<Sample nodeCount="24" insertCount="10000" extractCount="10000" duration="118764700"/>
			<Sample nodeCount="25" insertCount="10000" extractCount="10000" duration="127568130"/>
			<Sample nodeCount="26" insertCount="10000" extractCount="10000" duration="131499570"/>
			<Sample nodeCount="27" insertCount="10000" extractCount="10000" duration="139202045"/>
			<Sample nodeCount="28" insertCount="10000" extractCount="10000" duration="148188010"/>
			<Sample nodeCount="29" insertCount="10000" extractCount="10000" duration="156381900"/>
			<Sample nodeCount="30" insertCount="10000" extractCount="10000" duration="158647760"/>
			<Sample nodeCount="31" insertCount="10000" extractCount="10000" duration="165604290"/>
			<Sample nodeCount="32" insertCount="10000" extractCount="10000" duration="174032300"/>
			<Sample nodeCount="33" insertCount="10000" extractCount="10000" duration="180613775"/>
			<Sample nodeCount="34" insertCount="10000" extractCount="10000" duration="181933980"/>
			<Sample nodeCount="35" insertCount="10000" extractCount="10000" duration="192718735"/>
			<Sample nodeCount="36" insertCount="10000" extractCount="10000" duration="198821075"/>
			<Sample nodeCount="37" insertCount="10000" extractCount="10000" duration="206344765"/>
			<Sample nodeCount="38" insertCount="10000" extractCount="10000" duration="216234455"/>
			<Sample nodeCount="39" insertCount="10000" extractCount="10000" duration="225674400"/>
			<Sample nodeCount="40" insertCount="10000" extractCount="10000" duration="231957500"/>
			<Sample nodeCount="41" insertCount="10000" extractCount="10000" duration="235070715"/>
			<Sample nodeCount="42" insertCount="10000" extractCount="10000" duration="243444320"/>
			<Sample nodeCount="43" insertCount="10000" extractCount="10000" duration="246303615"/>
			<Sample nodeCount="44" insertCount="10000" extractCount="10000" duration="256360685"/>
			<Sample nodeCount="45" insertCount="10000" extractCount="10000" duration="263086535"/>
			<Sample nodeCount="46" insertCount="10000" extractCount="10000" duration="267827700"/>
			<Sample nodeCount="47" insertCount="10000" extractCount="10000" duration="283871260"/>
			<Sample nodeCount="48" insertCount="10000" extractCount="10000" duration="282664795"/>
			<Sample nodeCount="49" insertCount="10000" extractCount="10000" duration="289416890"/>
			<Sample nodeCount="50" insertCount="10000" extractCount="10000" duration="295326610"/>
			<Sample nodeCount="51" insertCount="10000" extractCount="10000" duration="307015855"/>
			<Sample nodeCount="52" insertCount="10000" extractCount="10000" duration="312914025"/>
			<Sample nodeCount="53" insertCount="10000" extractCount="10000" duration="315248030"/>
			<Sample nodeCount="54" insertCount="10000" extractCount="10000" duration="327420190"/>
			<Sample nodeCount="55" insertCount="10000" extractCount="10000" duration="336880440"/>
			<Sample nodeCount="56" insertCount="10000" extractCount="10000" duration="343671220"/>
			<Sample nodeCount="57" insertCount="10000" extractCount="10000" duration="345590545"/>
			<Sample nodeCount="58" insertCount="10000" extractCount="10000" duration="354101135"/>
			<Sample nodeCount="59" insertCount="10000" extractCount="10000" duration="366663140"/>
			<Sample nodeCount="60" insertCount="10000" extractCount="10000" duration="370535535"/>
			<Sample nodeCount="61" insertCount="10000" extractCount="10000" duration="379840930"/>
			<Sample nodeCount="62" insertCount="10000" extractCount="10000" duration="387714315"/>
			<Sample nodeCount="63" insertCount="10000" extractCount="10000" duration="394463430"/>
			<Sample nodeCount="64" insertCount="10000" extractCount="10000" duration="402798125"/>
			<Sample nodeCount="65" insertCount="10000" extractCount="10000" duration="410036220"/>
			<Sample nodeCount="66" insertCount="10000" extractCount="10000" duration="419010865"/>
			<Sample nodeCount="67" insertCount="10000" extractCount="10000" duration="423030530"/>
			<Sample nodeCount="68" insertCount="10000" extractCount="10000" duration="425938355"/>
			<Sample nodeCount="69" insertCount="10000" extractCount="10000" duration="434610690"/>
			<Sample nodeCount="70" insertCount="10000" extractCount="10000" duration="440249875"/>
			<Sample nodeCount="71" insertCount="10000" extractCount="10000" duration="456749510"/>
			<Sample nodeCount="72" insertCount="10000" extractCount="10000" duration="459802265"/>
			<Sample nodeCount="73" insertCount="10000" extractCount="10000" duration="464772715"/>
			<Sample nodeCount="74" insertCount="10000" extractCount="10000" duration="475802455"/>
			<Sample nodeCount="75" insertCount="10000" extractCount="10000" duration="482401575"/>
			<Sample nodeCount="76" insertCount="10000" extractCount="10000" duration="484489985"/>
			<Sample nodeCount="77" insertCount="10000" extractCount="10000" duration="495502370"/>
			<Sample nodeCount="78" insertCount="10000" extractCount="10000" duration="505965625"/>
			<Sample nodeCount="79" insertCount="10000" extractCount="10000" duration="512675900"/>
			<Sample nodeCount="80" insertCount="10000" extractCount="10000" duration="522563040"/>
			<Sample nodeCount="81" insertCount="10000" extractCount="10000" duration="528843165"/>
			<Sample nodeCount="82" insertCount="10000" extractCount="10000" duration="535763490"/>
			<Sample nodeCount="83" insertCount="10000" extractCount="10000" duration="545111395"/>
			<Sample nodeCount="84" insertCount="10000" extractCount="10000" duration="553445885"/>
			<Sample nodeCount="85" insertCount="10000" extractCount="10000" duration="552963075"/>
			<Sample nodeCount="86" insertCount="10000" extractCount="10000" duration="565892650"/>
			<Sample nodeCount="87" insertCount="10000" extractCount="10000" duration="574746465"/>
			<Sample nodeCount="88" insertCount="10000" extractCount="10000" duration="579337110"/>
			<Sample nodeCount="89" insertCount="10000" extractCount="10000" duration="590412730"/>
			<Sample nodeCount="90" insertCount="10000" extractCount="10000" duration="595200100"/>
			<Sample nodeCount="91" insertCount="10000" extractCount="10000" duration="605191670"/>
			<Sample nodeCount="92" insertCount="10000" extractCount="10000" duration="610822425"/>
			<Sample nodeCount="93" insertCount="10000" extractCount="10000" duration="625008615"/>
			<Sample nodeCount="94" insertCount="10000" extractCount="10000" duration="627475885"/>
			<Sample nodeCount="95" insertCount="10000" extractCount="10000" duration="638041645"/>
			<Sample nodeCount="96" insertCount="10000" extractCount="10000" duration="647339550"/>
			<Sample nodeCount="97" insertCount="10000" extractCount="10000" duration="649798490"/>
			<Sample nodeCount="98" insertCount="10000" extractCount="10000" duration="656444330"/>
			<Sample nodeCount="99" insertCount="10000" extractCount="10000" duration="662373965"/>
			<Sample nodeCount="100" insertCount="10000" extractCount="10000" duration="676554055"/>
			<Sample nodeCount="101" insertCount="10000" extractCount="10000" duration="678917510"/>
			<Sample nodeCount="102" insertCount="10000" extractCount="10000" duration="691268775"/>
			<Sample nodeCount="103" insertCount="10000" extractCount="10000" duration="701780840"/>
			<Sample nodeCount="104" insertCount="10000" extractCount="10000" duration="708561990"/>
			<Sample nodeCount="105" insertCount="10000" extractCount="10000" duration="717649255"/>
			<Sample nodeCount="106" insertCount="10000" extractCount="10000" duration="722334655"/>
			<Sample nodeCount="107" insertCount="10000" extractCount="10000" duration="728077830"/>
			<Sample nodeCount="108" insertCount="10000" extractCount="10000" duration="738040940"/>
			<Sample nodeCount="109" insertCount="10000" extractCount="10000" duration="742044055"/>
			<Sample nodeCount="110" insertCount="10000" extractCount="10000" duration="755751710"/>
			<Sample nodeCount="111" insertCount="10000" extractCount="10000" duration="755453150"/>
			<Sample nodeCount="112" insertCount="10000" extractCount="10000" duration="765596050"/>
			<Sample nodeCount="113" insertCount="10000" extractCount="10000" duration="775176180"/>
			<Sample nodeCount="114" insertCount="10000" extractCount="10000" duration="785740060"/>
			<Sample nodeCount="115" insertCount="10000" extractCount="10000" duration="796428020"/>
			<Sample nodeCount="116" insertCount="10000" extractCount="10000" duration="805553580"/>
			<Sample nodeCount="117" insertCount="10000" extractCount="10000" duration="808123030"/>
			<Sample nodeCount="118" insertCount="10000" extractCount="10000" duration="819368805"/>
			<Sample nodeCount="119" insertCount="10000" extractCount="10000" duration="819098600"/>
			<Sample nodeCount="120" insertCount="10000" extractCount="10000" duration="833834100"/>
			<Sample nodeCount="121" insertCount="10000" extractCount="10000" duration="834798025"/>
			<Sample nodeCount="122" insertCount="10000" extractCount="10000" duration="848733500"/>
			<Sample nodeCount="123" insertCount="10000" extractCount="10000" duration="867424730"/>
			<Sample nodeCount="124" insertCount="10000" extractCount="10000" duration="868383080"/>
			<Sample nodeCount="125" insertCount="10000" extractCount="10000" duration="870560925"/>
			<Sample nodeCount="126" insertCount="10000" extractCount="10000" duration="877154855"/>
			<Sample nodeCount="127" insertCount="10000" extractCount="10000" duration="888751275"/>
		</SmallSetLinear>
		<LargeSetLinear>
		</LargeSetLinear>
	</RBTest>
	<RBTest implementation="RTEMS Compact" nodeSize="12">
		<SmallSetRandomOps>
			<Sample nodeCount="1" insertCount="62" extractCount="61" duration="14685"/>
			<Sample nodeCount="2" insertCount="123" extractCount="123" duration="35260"/>
			<Sample nodeCount="3" insertCount="186" extractCount="183" duration="117030"/>
			<Sample nodeCount="4" insertCount="247" extractCount="245" duration="93500"/>
			<Sample nodeCount="5" insertCount="309" extractCount="306" duration="213850"/>
			<Sample nodeCount="6" insertCount="370" extractCount="368" duration="261800"/>
			<Sample nodeCount="7" insertCount="433" extractCount="428" duration="306415"/>
			<Sample nodeCount="8" insertCount="493" extractCount="491" duration="224445"/>
			<Sample nodeCount="9" insertCount="557" extractCount="550" duration="396380"/>
			<Sample nodeCount="10" insertCount="619" extractCount="611" duration="442020"/>
			<Sample nodeCount="11" insertCount="680" extractCount="673" duration="480120"/>
			<Sample nodeCount="12" insertCount="740" extractCount="736" duration="528365"/>
			<Sample nodeCount="13" insertCount="803" extractCount="796" duration="578770"/>
			<Sample nodeCount="14" insertCount="864" extractCount="858" duration="623765"/>
			<Sample nodeCount="15" insertCount="927" extractCount="918" duration="668380"/>
			<Sample nodeCount="16" insertCount="988" extractCount="980" duration="457285"/>
			<Sample nodeCount="17" insertCount="1050" extractCount="1041" duration="754225"/>
			<Sample nodeCount="18" insertCount="1113" extractCount="1101" duration="801530"/>
			<Sample nodeCount="19" insertCount="1172" extractCount="1165" duration="857235"/>
			<Sample nodeCount="20" insertCount="1237" extractCount="1223" duration="884710"/>
			<Sample nodeCount="21" insertCount="1296" extractCount="1287" duration="944160"/>
			<Sample nodeCount="22" insertCount="1359" extractCount="1347" duration="973820"/>
			<Sample nodeCount="23" insertCount="1419" extractCount="1410" duration="1015145"/>
			<Sample nodeCount="24" insertCount="1484" extractCount="1468" duration="1076740"/>
			<Sample nodeCount="25" insertCount="1544" extractCount="1531" duration="1109450"/>
			<Sample nodeCount="26" insertCount="1604" extractCount="1594" duration="1144575"/>
			<Sample nodeCount="27" insertCount="1668" extractCount="1653" duration="1202120"/>
			<Sample nodeCount="28" insertCount="1729" extractCount="1715" duration="1251490"/>
			<Sample nodeCount="29" insertCount="1790" extractCount="1777" duration="1303185"/>
			<Sample nodeCount="30" insertCount="1851" extractCount="1839" duration="1323555"/>
			<Sample nodeCount="31" insertCount="1914" extractCount="1899" duration="1383945"/>
			<Sample nodeCount="32" insertCount="1977" extractCount="1959" duration="934380"/>
			<Sample nodeCount="33" insertCount="2041" extractCount="2018" duration="1457315"/>
			<Sample nodeCount="34" insertCount="2097" extractCount="2085" duration="1486385"/>
			<Sample nodeCount="35" insertCount="2160" extractCount="2145" duration="1549315"/>
			<Sample nodeCount="36" insertCount="2221" extractCount="2207" duration="1584920"/>
			<Sample nodeCount="37" insertCount="2285" extractCount="2266" duration="1625970"/>
			<Sample nodeCount="38" insertCount="2346" extractCount="2328" duration="1666835"/>
			<Sample nodeCount="39" insertCount="2408" extractCount="2389" duration="1709745"/>
			<Sample nodeCount="40" insertCount="2471" extractCount="2449" duration="1759530"/>
			<Sample nodeCount="41" insertCount="2531" extractCount="2512" duration="1813490"/>
			<Sample nodeCount="42" insertCount="2593" extractCount="2573" duration="1849235"/>
			<Sample nodeCount="43" insertCount="2656" extractCount="2633" duration="1911425"/>
			<Sample nodeCount="44" insertCount="2717" extractCount="2695" duration="1941165"/>
			<Sample nodeCount="45" insertCount="2776" extractCount="2759" duration="1976730"/>
			<Sample nodeCount="46" insertCount="2840" extractCount="2818" duration="2029870"/>
			<Sample nodeCount="47" insertCount="2902" extractCount="2879" duration="2093440"/>
			<Sample nodeCount="48" insertCount="2966" extractCount="2938" duration="2110675"/>
			<Sample nodeCount="49" insertCount="3026" extractCount="3001" duration="2177045"/>
			<Sample nodeCount="50" insertCount="3084" extractCount="3066" duration="2211935"/>
			<Sample nodeCount="51" insertCount="3151" extractCount="3122" duration="2258140"/>
			<Sample nodeCount="52" insertCount="3209" extractCount="3187" duration="2304900"/>
			<Sample nodeCount="53" insertCount="3273" extractCount="3246" duration="2378535"/>
			<Sample nodeCount="54" insertCount="3337" extractCount="3305" duration="2396625"/>
			<Sample nodeCount="55" insertCount="3400" extractCount="3365" duration="2446255"/>
			<Sample nodeCount="56" insertCount="3458" extractCount="3430" duration="2486630"/>
			<Sample nodeCount="57" insertCount="3521" extractCount="3490" duration="2541680"/>
			<Sample nodeCount="58" insertCount="3580" extractCount="3554" duration="2565505"/>
			<Sample nodeCount="59" insertCount="3647" extractCount="3610" duration="2631675"/>
			<Sample nodeCount="60" insertCount="3706" extractCount="3674" duration="2655740"/>
			<Sample nodeCount="61" insertCount="3766" extractCount="3737" duration="2710700"/>
			<Sample nodeCount="62" insertCount="3828" extractCount="3798" duration="2739750"/>
			<Sample nodeCount="63" insertCount="3888" extractCount="3861" duration="2790985"/>
			<Sample nodeCount="64" insertCount="3952" extractCount="3920" duration="1877525"/>
			<Sample nodeCount="65" insertCount="4014" extractCount="3981" duration="2852160"/>
			<Sample nodeCount="66" insertCount="4077" extractCount="4041" duration="2904070"/>
			<Sample nodeCount="67" insertCount="4136" extractCount="4105" duration="2917825"/>
			<Sample nodeCount="68" insertCount="4200" extractCount="4164" duration="2969615"/>
			<Sample nodeCount="69" insertCount="4263" extractCount="4224" duration="3043505"/>
			<Sample nodeCount="70" insertCount="4325" extractCount="4285" duration="3051330"/>
			<Sample nodeCount="71" insertCount="4381" extractCount="4352" duration="3113740"/>
			<Sample nodeCount="72" insertCount="4448" extractCount="4408" duration="3138505"/>
			<Sample nodeCount="73" insertCount="4507" extractCount="4472" duration="3225330"/>
			<Sample nodeCount="74" insertCount="4571" extractCount="4531" duration="3216380"/>
			<Sample nodeCount="75" insertCount="4631" extractCount="4594" duration="3267620"/>
			<Sample nodeCount="76" insertCount="4693" extractCount="4655" duration="3333960"/>
			<Sample nodeCount="77" insertCount="4755" extractCount="4716" duration="3376345"/>
			<Sample nodeCount="78" insertCount="4817" extractCount="4777" duration="3445125"/>
			<Sample nodeCount="79" insertCount="4877" extractCount="4840" duration="3484845"/>
			<Sample nodeCount="80" insertCount="4942" extractCount="4898" duration="3508375"/>
			<Sample nodeCount="81" insertCount="5002" extractCount="4961" duration="3546590"/>
			<Sample nodeCount="82" insertCount="5063" extractCount="5023" duration="3591580"/>
			<Sample nodeCount="83" insertCount="5124" extractCount="5085" duration="3652515"/>
			<Sample nodeCount="84" insertCount="5187" extractCount="5145" duration="3698695"/>
			<Sample nodeCount="85" insertCount="5250" extractCount="5205" duration="3731260"/>
			<Sample nodeCount="86" insertCount="5314" extractCount="5264" duration="3775055"/>
			<Sample nodeCount="87" insertCount="5374" extractCount="5327" duration="3871555"/>
			<Sample nodeCount="88" insertCount="5432" extractCount="5392" duration="3871560"/>
			<Sample nodeCount="89" insertCount="5490" extractCount="5457" duration="3914515"/>
			<Sample nodeCount="90" insertCount="5559" extractCount="5511" duration="3937980"/>
			<Sample nodeCount="91" insertCount="5621" extractCount="5572" duration="4029185"/>
			<Sample nodeCount="92" insertCount="5680" extractCount="5636" duration="4040400"/>
			<Sample nodeCount="93" insertCount="5740" extractCount="5699" duration="4126140"/>
			<Sample nodeCount="94" insertCount="5803" extractCount="5759" duration="4110870"/>
			<Sample nodeCount="95" insertCount="5862" extractCount="5823" duration="4222290"/>
			<Sample nodeCount="96" insertCount="5929" extractCount="5879" duration="4244550"/>
			<Sample nodeCount="97" insertCount="5993" extractCount="5938" duration="4291940"/>
			<Sample nodeCount="98" insertCount="6055" extractCount="5999" duration="4359510"/>
			<Sample nodeCount="99" insertCount="6113" extractCount="6064" duration="4413620"/>
			<Sample nodeCount="100" insertCount="6172" extractCount="6128" duration="4405655"/>
			<Sample nodeCount="101" insertCount="6238" extractCount="6185" duration="4508310"/>
			<Sample nodeCount="102" insertCount="6299" extractCount="6247" duration="4500675"/>
			<Sample nodeCount="103" insertCount="6363" extractCount="6306" duration="4570375"/>
			<Sample nodeCount="104" insertCount="6426" extractCount="6366" duration="4615020"/>
			<Sample nodeCount="105" insertCount="6481" extractCount="6434" duration="4634685"/>
			<Sample nodeCount="106" insertCount="6544" extractCount="6494" duration="4683040"/>
			<Sample nodeCount="107" insertCount="6607" extractCount="6554" duration="4710855"/>
			<Sample nodeCount="108" insertCount="6669" extractCount="6615" duration="4802970"/>
			<Sample nodeCount="109" insertCount="6732" extractCount="6675" duration="4820510"/>
			<Sample nodeCount="110" insertCount="6794" extractCount="6736" duration="4855455"/>
			<Sample nodeCount="111" insertCount="6852" extractCount="6801" duration="4904530"/>
			<Sample nodeCount="112" insertCount="6918" extractCount="6858" duration="5000330"/>
			<Sample nodeCount="113" insertCount="6981" extractCount="6918" duration="5037375"/>
			<Sample nodeCount="114" insertCount="7041" extractCount="6981" duration="5042135"/>
			<Sample nodeCount="115" insertCount="7103" extractCount="7042" duration="5110030"/>
			<Sample nodeCount="116" insertCount="7164" extractCount="7104" duration="5180370"/>
			<Sample nodeCount="117" insertCount="7225" extractCount="7166" duration="5214830"/>
			<Sample nodeCount="118" insertCount="7291" extractCount="7223" duration="5269625"/>
			<Sample nodeCount="119" insertCount="7350" extractCount="7287" duration="5289805"/>
			<Sample nodeCount="120" insertCount="7410" extractCount="7350" duration="5303040"/>
			<Sample nodeCount="121" insertCount="7471" extractCount="7412" duration="5372290"/>
			<Sample nodeCount="122" insertCount="7537" extractCount="7469" duration="5462660"/>
			<Sample nodeCount="123" insertCount="7593" extractCount="7536" duration="5492325"/>
			<Sample nodeCount="124" insertCount="7658" extractCount="7594" duration="5487090"/>
			<Sample nodeCount="125" insertCount="7718" extractCount="7657" duration="5515955"/>
			<Sample nodeCount="126" insertCount="7781" extractCount="7717" duration="5592755"/>
			<Sample nodeCount="127" insertCount="7840" extractCount="7781" duration="5648960"/>
		</SmallSetRandomOps>
		<LargeSetRandomOps>
		</LargeSetRandomOps>
		<SmallSetLinear>
			<Sample nodeCount="1" insertCount="10000" extractCount="10000" duration="1355535"/>
			<Sample nodeCount="2" insertCount="10000" extractCount="10000" duration="3385145"/>
			<Sample nodeCount="3" insertCount="10000" extractCount="10000" duration="5741945"/>
			<Sample nodeCount="4" insertCount="10000" extractCount="10000" duration="8653860"/>
			<Sample nodeCount="5" insertCount="10000" extractCount="10000" duration="11102920"/>
			<Sample nodeCount="6" insertCount="10000" extractCount="10000" duration="13893915"/>
			<Sample nodeCount="7" insertCount="10000" extractCount="10000" duration="16593225"/>
			<Sample nodeCount="8" insertCount="10000" extractCount="10000" duration="20477775"/>
			<Sample nodeCount="9" insertCount="10000" extractCount="10000" duration="23172515"/>
			<Sample nodeCount="10" insertCount="10000" extractCount="10000" duration="27574815"/>
			<Sample nodeCount="11" insertCount="10000" extractCount="10000" duration="30271430"/>
			<Sample nodeCount="12" insertCount="10000" extractCount="10000" duration="34670260"/>
			<Sample nodeCount="13" insertCount="10000" extractCount="10000" duration="37472225"/>
			<Sample nodeCount="14" insertCount="10000" extractCount="10000" duration="41937250"/>
			<Sample nodeCount="15" insertCount="10000" extractCount="10000" duration="44625570"/>
			<Sample nodeCount="16" insertCount="10000" extractCount="10000" duration="49714985"/>
			<Sample nodeCount="17" insertCount="10000" extractCount="10000" duration="52397940"/>
			<Sample nodeCount="18" insertCount="10000" extractCount="10000" duration="57787940"/>
			<Sample nodeCount="19" insertCount="10000" extractCount="10000" duration="60670055"/>
			<Sample nodeCount="20" insertCount="10000" extractCount="10000" duration="65247070"/>
			<Sample nodeCount="21" insertCount="10000" extractCount="10000" duration="67840870"/>
			<Sample nodeCount="22" insertCount="10000" extractCount="10000" duration="73805670"/>
			<Sample nodeCount="23" insertCount="10000" extractCount="10000" duration="76780375"/>
			<Sample nodeCount="24" insertCount="10000" extractCount="10000" duration="81655430"/>
			<Sample nodeCount="25" insertCount="10000" extractCount="10000" duration="84790305"/>
			<Sample nodeCount="26" insertCount="10000" extractCount="10000" duration="90312995"/>
			<Sample nodeCount="27" insertCount="10000" extractCount="10000" duration="93593875"/>
			<Sample nodeCount="28" insertCount="10000" extractCount="10000" duration="98784710"/>
			<Sample nodeCount="29" insertCount="10000" extractCount="10000" duration="101851620"/>
			<Sample nodeCount="30" insertCount="10000" extractCount="10000" duration="107370010"/>
			<Sample nodeCount="31" insertCount="10000" extractCount="10000" duration="110422335"/>
			<Sample nodeCount="32" insertCount="10000" extractCount="10000" duration="116702520"/>
			<Sample nodeCount="33" insertCount="10000" extractCount="10000" duration="118999110"/>
			<Sample nodeCount="34" insertCount="10000" extractCount="10000" duration="125206840"/>
			<Sample nodeCount="35" insertCount="10000" extractCount="10000" duration="128091820"/>
			<Sample nodeCount="36" insertCount="10000" extractCount="10000" duration="133370460"/>
			<Sample nodeCount="37" insertCount="10000" extractCount="10000" duration="136383985"/>
			<Sample nodeCount="38" insertCount="10000" extractCount="10000" duration="142984255"/>
			<Sample nodeCount="39" insertCount="10000" extractCount="10000" duration="145882415"/>
			<Sample nodeCount="40" insertCount="10000" extractCount="10000" duration="151591185"/>
			<Sample nodeCount="41" insertCount="10000" extractCount="10000" duration="154011065"/>
			<Sample nodeCount="42" insertCount="10000" extractCount="10000" duration="160081670"/>
			<Sample nodeCount="43" insertCount="10000" extractCount="10000" duration="162732210"/>
			<Sample nodeCount="44" insertCount="10000" extractCount="10000" duration="167402635"/>
			<Sample nodeCount="45" insertCount="10000" extractCount="10000" duration="170483535"/>
			<Sample nodeCount="46" insertCount="10000" extractCount="10000" duration="177557250"/>
			<Sample nodeCount="47" insertCount="10000" extractCount="10000" duration="180781900"/>
			<Sample nodeCount="48" insertCount="10000" extractCount="10000" duration="187917435"/>
			<Sample nodeCount="49" insertCount="10000" extractCount="10000" duration="190295995"/>
			<Sample nodeCount="50" insertCount="10000" extractCount="10000" duration="196576525"/>
			<Sample nodeCount="51" insertCount="10000" extractCount="10000" duration="199272865"/>
			<Sample nodeCount="52" insertCount="10000" extractCount="10000" duration="205121895"/>
			<Sample nodeCount="53" insertCount="10000" extractCount="10000" duration="208059005"/>
			<Sample nodeCount="54" insertCount="10000" extractCount="10000" duration="214801210"/>
			<Sample nodeCount="55" insertCount="10000" extractCount="10000" duration="217473070"/>
			<Sample nodeCount="56" insertCount="10000" extractCount="10000" duration="223997345"/>
			<Sample nodeCount="57" insertCount="10000" extractCount="10000" duration="226288170"/>
			<Sample nodeCount="58" insertCount="10000" extractCount="10000" duration="232242165"/>
			<Sample nodeCount="59" insertCount="10000" extractCount="10000" duration="235058760"/>
			<Sample nodeCount="60" insertCount="10000" extractCount="10000" duration="241055700"/>
			<Sample nodeCount="61" insertCount="10000" extractCount="10000" duration="243102725"/>
			<Sample nodeCount="62" insertCount="10000" extractCount="10000" duration="251654970"/>
			<Sample nodeCount="63" insertCount="10000" extractCount="10000" duration="254119120"/>
			<Sample nodeCount="64" insertCount="10000" extractCount="10000" duration="260397020"/>
			<Sample nodeCount="65" insertCount="10000" extractCount="10000" duration="262974390"/>
			<Sample nodeCount="66" insertCount="10000" extractCount="10000" duration="269930960"/>
			<Sample nodeCount="67" insertCount="10000" extractCount="10000" duration="272957440"/>
			<Sample nodeCount="68" insertCount="10000" extractCount="10000" duration="281012485"/>
			<Sample nodeCount="69" insertCount="10000" extractCount="10000" duration="283613835"/>
			<Sample nodeCount="70" insertCount="10000" extractCount="10000" duration="290970035"/>
			<Sample nodeCount="71" insertCount="10000" extractCount="10000" duration="293145125"/>
			<Sample nodeCount="72" insertCount="10000" extractCount="10000" duration="301478655"/>
			<Sample nodeCount="73" insertCount="10000" extractCount="10000" duration="303359460"/>
			<Sample nodeCount="74" insertCount="10000" extractCount="10000" duration="310656220"/>
			<Sample nodeCount="75" insertCount="10000" extractCount="10000" duration="312820105"/>
			<Sample nodeCount="76" insertCount="10000" extractCount="10000" duration="320714330"/>
			<Sample nodeCount="77" insertCount="10000" extractCount="10000" duration="323250080"/>
			<Sample nodeCount="78" insertCount="10000" extractCount="10000" duration="331417160"/>
			<Sample nodeCount="79" insertCount="10000" extractCount="10000" duration="333496535"/>
			<Sample nodeCount="80" insertCount="10000" extractCount="10000" duration="340456885"/>
			<Sample nodeCount="81" insertCount="10000" extractCount="10000" duration="342303715"/>
			<Sample nodeCount="82" insertCount="10000" extractCount="10000" duration="350222195"/>
			<Sample nodeCount="83" insertCount="10000" extractCount="10000" duration="351419010"/>
			<Sample nodeCount="84" insertCount="10000" extractCount="10000" duration="360031890"/>
			<Sample nodeCount="85" insertCount="10000" extractCount="10000" duration="361668115"/>
			<Sample nodeCount="86" insertCount="10000" extractCount="10000" duration="370482840"/>
			<Sample nodeCount="87" insertCount="10000" extractCount="10000" duration="371490975"/>
			<Sample nodeCount="88" insertCount="10000" extractCount="10000" duration="380646060"/>
			<Sample nodeCount="89" insertCount="10000" extractCount="10000" duration="383271065"/>
			<Sample nodeCount="90" insertCount="10000" extractCount="10000" duration="390463945"/>
			<Sample nodeCount="91" insertCount="10000" extractCount="10000" duration="391846225"/>
			<Sample nodeCount="92" insertCount="10000" extractCount="10000" duration="401240940"/>
			<Sample nodeCount="93" insertCount="10000" extractCount="10000" duration="402398900"/>
			<Sample nodeCount="94" insertCount="10000" extractCount="10000" duration="412243085"/>
			<Sample nodeCount="95" insertCount="10000" extractCount="10000" duration="413968785"/>
			<Sample nodeCount="96" insertCount="10000" extractCount="10000" duration="423027530"/>
			<Sample nodeCount="97" insertCount="10000" extractCount="10000" duration="423826465"/>
			<Sample nodeCount="98" insertCount="10000" extractCount="10000" duration="432059170"/>
			<Sample nodeCount="99" insertCount="10000" extractCount="10000" duration="434090295"/>
			<Sample nodeCount="100" insertCount="10000" extractCount="10000" duration="443512370"/>
			<Sample nodeCount="101" insertCount="10000" extractCount="10000" duration="445938045"/>
			<Sample nodeCount="102" insertCount="10000" extractCount="10000" duration="453957610"/>
			<Sample nodeCount="103" insertCount="10000" extractCount="10000" duration="456230940"/>
			<Sample nodeCount="104" insertCount="10000" extractCount="10000" duration="465131445"/>
			<Sample nodeCount="105" insertCount="10000" extractCount="10000" duration="466566415"/>
			<Sample nodeCount="106" insertCount="10000" extractCount="10000" duration="475327480"/>
			<Sample nodeCount="107" insertCount="10000" extractCount="10000" duration="475624320"/>
			<Sample nodeCount="108" insertCount="10000" extractCount="10000" duration="486251905"/>
			<Sample nodeCount="109" insertCount="10000" extractCount="10000" duration="487619750"/>
			<Sample nodeCount="110" insertCount="10000" extractCount="10000" duration="496533220"/>
			<Sample nodeCount="111" insertCount="10000" extractCount="10000" duration="498565090"/>
			<Sample nodeCount="112" insertCount="10000" extractCount="10000" duration="508723870"/>
			<Sample nodeCount="113" insertCount="10000" extractCount="10000" duration="509339465"/>
			<Sample nodeCount="114" insertCount="10000" extractCount="10000" duration="518305760"/>
			<Sample nodeCount="115" insertCount="10000" extractCount="10000" duration="518093455"/>
			<Sample nodeCount="116" insertCount="10000" extractCount="10000" duration="529822360"/>
			<Sample nodeCount="117" insertCount="10000" extractCount="10000" duration="530623320"/>
			<Sample nodeCount="118" insertCount="10000" extractCount="10000" duration="539097265"/>
			<Sample nodeCount="119" insertCount="10000" extractCount="10000" duration="540444975"/>
			<Sample nodeCount="120" insertCount="10000" extractCount="10000" duration="550907725"/>
			<Sample nodeCount="121" insertCount="10000" extractCount="10000" duration="551627480"/>
			<Sample nodeCount="122" insertCount="10000" extractCount="10000" duration="558634555"/>
			<Sample nodeCount="123" insertCount="10000" extractCount="10000" duration="560175505"/>
			<Sample nodeCount="124" insertCount="10000" extractCount="10000" duration="571117900"/>
			<Sample nodeCount="125" insertCount="10000" extractCount="10000" duration="570665015"/>
			<Sample nodeCount="126" insertCount="10000" extractCount="10000" duration="583974840"/>
			<Sample nodeCount="127" insertCount="10000" extractCount="10000" duration="584262780"/>
		</SmallSetLinear>
		<LargeSetLinear>
		</LargeSetLinear>
	</RBTest>
	<RBTest implementation="RB New Compact" nodeSize="8">
		<SmallSetRandomOps>
			<Sample nodeCount="1" insertCount="62" extractCount="61" duration="10030"/>
			<Sample nodeCount="2" insertCount="123" extractCount="123" duration="26085"/>
			<Sample nodeCount="3" insertCount="186" extractCount="183" duration="99560"/>
			<Sample nodeCount="4" insertCount="247" extractCount="245" duration="74055"/>
			<Sample nodeCount="5" insertCount="309" extractCount="306" duration="188930"/>
			<Sample nodeCount="6" insertCount="370" extractCount="368" duration="225825"/>
			<Sample nodeCount="7" insertCount="433" extractCount="428" duration="282295"/>
			<Sample nodeCount="8" insertCount="493" extractCount="491" duration="194420"/>
			<Sample nodeCount="9" insertCount="557" extractCount="550" duration="370480"/>
			<Sample nodeCount="10" insertCount="619" extractCount="611" duration="420660"/>
			<Sample nodeCount="11" insertCount="680" extractCount="673" duration="465045"/>
			<Sample nodeCount="12" insertCount="740" extractCount="736" duration="532125"/>
			<Sample nodeCount="13" insertCount="803" extractCount="796" duration="580200"/>
			<Sample nodeCount="14" insertCount="864" extractCount="858" duration="650650"/>
			<Sample nodeCount="15" insertCount="927" extractCount="918" duration="689335"/>
			<Sample nodeCount="16" insertCount="988" extractCount="980" duration="507125"/>
			<Sample nodeCount="17" insertCount="1050" extractCount="1041" duration="803865"/>
			<Sample nodeCount="18" insertCount="1113" extractCount="1101" duration="859355"/>
			<Sample nodeCount="19" insertCount="1172" extractCount="1165" duration="923550"/>
			<Sample nodeCount="20" insertCount="1237" extractCount="1223" duration="976635"/>
			<Sample nodeCount="21" insertCount="1296" extractCount="1287" duration="1029465"/>
			<Sample nodeCount="22" insertCount="1359" extractCount="1347" duration="1085460"/>
			<Sample nodeCount="23" insertCount="1419" extractCount="1410" duration="1137705"/>
			<Sample nodeCount="24" insertCount="1484" extractCount="1468" duration="1200895"/>
			<Sample nodeCount="25" insertCount="1544" extractCount="1531" duration="1248755"/>
			<Sample nodeCount="26" insertCount="1604" extractCount="1594" duration="1316905"/>
			<Sample nodeCount="27" insertCount="1668" extractCount="1653" duration="1381325"/>
			<Sample nodeCount="28" insertCount="1729" extractCount="1715" duration="1432070"/>
			<Sample nodeCount="29" insertCount="1790" extractCount="1777" duration="1494030"/>
			<Sample nodeCount="30" insertCount="1851" extractCount="1839" duration="1551230"/>
			<Sample nodeCount="31" insertCount="1914" extractCount="1899" duration="1623835"/>
			<Sample nodeCount="32" insertCount="1977" extractCount="1959" duration="1190040"/>
			<Sample nodeCount="33" insertCount="2041" extractCount="2018" duration="1721645"/>
			<Sample nodeCount="34" insertCount="2097" extractCount="2085" duration="1777430"/>
			<Sample nodeCount="35" insertCount="2160" extractCount="2145" duration="1874180"/>
			<Sample nodeCount="36" insertCount="2221" extractCount="2207" duration="1930205"/>
			<Sample nodeCount="37" insertCount="2285" extractCount="2266" duration="1979180"/>
			<Sample nodeCount="38" insertCount="2346" extractCount="2328" duration="2075445"/>
			<Sample nodeCount="39" insertCount="2408" extractCount="2389" duration="2123035"/>
			<Sample nodeCount="40" insertCount="2471" extractCount="2449" duration="2185995"/>
			<Sample nodeCount="41" insertCount="2531" extractCount="2512" duration="2232780"/>
			<Sample nodeCount="42" insertCount="2593" extractCount="2573" duration="2312740"/>
			<Sample nodeCount="43" insertCount="2656" extractCount="2633" duration="2399640"/>
			<Sample nodeCount="44" insertCount="2717" extractCount="2695" duration="2459630"/>
			<Sample nodeCount="45" insertCount="2776" extractCount="2759" duration="2511790"/>
			<Sample nodeCount="46" insertCount="2840" extractCount="2818" duration="2585010"/>
			<Sample nodeCount="47" insertCount="2902" extractCount="2879" duration="2657265"/>
			<Sample nodeCount="48" insertCount="2966" extractCount="2938" duration="2719760"/>
			<Sample nodeCount="49" insertCount="3026" extractCount="3001" duration="2808920"/>
			<Sample nodeCount="50" insertCount="3084" extractCount="3066" duration="2878175"/>
			<Sample nodeCount="51" insertCount="3151" extractCount="3122" duration="2940665"/>
			<Sample nodeCount="52" insertCount="3209" extractCount="3187" duration="3014695"/>
			<Sample nodeCount="53" insertCount="3273" extractCount="3246" duration="3080300"/>
			<Sample nodeCount="54" insertCount="3337" extractCount="3305" duration="3146355"/>
			<Sample nodeCount="55" insertCount="3400" extractCount="3365" duration="3215165"/>
			<Sample nodeCount="56" insertCount="3458" extractCount="3430" duration="3282380"/>
			<Sample nodeCount="57" insertCount="3521" extractCount="3490" duration="3366015"/>
			<Sample nodeCount="58" insertCount="3580" extractCount="3554" duration="3442985"/>
			<Sample nodeCount="59" insertCount="3647" extractCount="3610" duration="3534355"/>
			<Sample nodeCount="60" insertCount="3706" extractCount="3674" duration="3572010"/>
			<Sample nodeCount="61" insertCount="3766" extractCount="3737" duration="3674285"/>
			<Sample nodeCount="62" insertCount="3828" extractCount="3798" duration="3726285"/>
			<Sample nodeCount="63" insertCount="3888" extractCount="3861" duration="3763940"/>
			<Sample nodeCount="64" insertCount="3952" extractCount="3920" duration="2909360"/>
			<Sample nodeCount="65" insertCount="4014" extractCount="3981" duration="3869250"/>
			<Sample nodeCount="66" insertCount="4077" extractCount="4041" duration="3939055"/>
			<Sample nodeCount="67" insertCount="4136" extractCount="4105" duration="4006705"/>
			<Sample nodeCount="68" insertCount="4200" extractCount="4164" duration="4047170"/>
			<Sample nodeCount="69" insertCount="4263" extractCount="4224" duration="4151445"/>
			<Sample nodeCount="70" insertCount="4325" extractCount="4285" duration="4212480"/>
			<Sample nodeCount="71" insertCount="4381" extractCount="4352" duration="4289050"/>
			<Sample nodeCount="72" insertCount="4448" extractCount="4408" duration="4353795"/>
			<Sample nodeCount="73" insertCount="4507" extractCount="4472" duration="4377555"/>
			<Sample nodeCount="74" insertCount="4571" extractCount="4531" duration="4416485"/>
			<Sample nodeCount="75" insertCount="4631" extractCount="4594" duration="4507325"/>
			<Sample nodeCount="76" insertCount="4693" extractCount="4655" duration="4586555"/>
			<Sample nodeCount="77" insertCount="4755" extractCount="4716" duration="4661305"/>
			<Sample nodeCount="78" insertCount="4817" extractCount="4777" duration="4702550"/>
			<Sample nodeCount="79" insertCount="4877" extractCount="4840" duration="4748205"/>
			<Sample nodeCount="80" insertCount="4942" extractCount="4898" duration="4857270"/>
			<Sample nodeCount="81" insertCount="5002" extractCount="4961" duration="4937820"/>
			<Sample nodeCount="82" insertCount="5063" extractCount="5023" duration="4998625"/>
			<Sample nodeCount="83" insertCount="5124" extractCount="5085" duration="5047940"/>
			<Sample nodeCount="84" insertCount="5187" extractCount="5145" duration="5098145"/>
			<Sample nodeCount="85" insertCount="5250" extractCount="5205" duration="5220700"/>
			<Sample nodeCount="86" insertCount="5314" extractCount="5264" duration="5249600"/>
			<Sample nodeCount="87" insertCount="5374" extractCount="5327" duration="5314770"/>
			<Sample nodeCount="88" insertCount="5432" extractCount="5392" duration="5397145"/>
			<Sample nodeCount="89" insertCount="5490" extractCount="5457" duration="5458970"/>
			<Sample nodeCount="90" insertCount="5559" extractCount="5511" duration="5504245"/>
			<Sample nodeCount="91" insertCount="5621" extractCount="5572" duration="5603565"/>
			<Sample nodeCount="92" insertCount="5680" extractCount="5636" duration="5739350"/>
			<Sample nodeCount="93" insertCount="5740" extractCount="5699" duration="5779735"/>
			<Sample nodeCount="94" insertCount="5803" extractCount="5759" duration="5826765"/>
			<Sample nodeCount="95" insertCount="5862" extractCount="5823" duration="5939600"/>
			<Sample nodeCount="96" insertCount="5929" extractCount="5879" duration="5960680"/>
			<Sample nodeCount="97" insertCount="5993" extractCount="5938" duration="6075280"/>
			<Sample nodeCount="98" insertCount="6055" extractCount="5999" duration="6131950"/>
			<Sample nodeCount="99" insertCount="6113" extractCount="6064" duration="6271890"/>
			<Sample nodeCount="100" insertCount="6172" extractCount="6128" duration="6293665"/>
			<Sample nodeCount="101" insertCount="6238" extractCount="6185" duration="6426285"/>
			<Sample nodeCount="102" insertCount="6299" extractCount="6247" duration="6471550"/>
			<Sample nodeCount="103" insertCount="6363" extractCount="6306" duration="6532330"/>
			<Sample nodeCount="104" insertCount="6426" extractCount="6366" duration="6618595"/>
			<Sample nodeCount="105" insertCount="6481" extractCount="6434" duration="6691605"/>
			<Sample nodeCount="106" insertCount="6544" extractCount="6494" duration="6786105"/>
			<Sample nodeCount="107" insertCount="6607" extractCount="6554" duration="6854505"/>
			<Sample nodeCount="108" insertCount="6669" extractCount="6615" duration="6912310"/>
			<Sample nodeCount="109" insertCount="6732" extractCount="6675" duration="7003390"/>
			<Sample nodeCount="110" insertCount="6794" extractCount="6736" duration="7095860"/>
			<Sample nodeCount="111" insertCount="6852" extractCount="6801" duration="7103055"/>
			<Sample nodeCount="112" insertCount="6918" extractCount="6858" duration="7202745"/>
			<Sample nodeCount="113" insertCount="6981" extractCount="6918" duration="7332210"/>
			<Sample nodeCount="114" insertCount="7041" extractCount="6981" duration="7342695"/>
			<Sample nodeCount="115" insertCount="7103" extractCount="7042" duration="7447795"/>
			<Sample nodeCount="116" insertCount="7164" extractCount="7104" duration="7520040"/>
			<Sample nodeCount="117" insertCount="7225" extractCount="7166" duration="7619430"/>
			<Sample nodeCount="118" insertCount="7291" extractCount="7223" duration="7724905"/>
			<Sample nodeCount="119" insertCount="7350" extractCount="7287" duration="7798700"/>
			<Sample nodeCount="120" insertCount="7410" extractCount="7350" duration="7825610"/>
			<Sample nodeCount="121" insertCount="7471" extractCount="7412" duration="7881025"/>
			<Sample nodeCount="122" insertCount="7537" extractCount="7469" duration="7972645"/>
			<Sample nodeCount="123" insertCount="7593" extractCount="7536" duration="8034010"/>
			<Sample nodeCount="124" insertCount="7658" extractCount="7594" duration="8090805"/>
			<Sample nodeCount="125" insertCount="7718" extractCount="7657" duration="8216865"/>
			<Sample nodeCount="126" insertCount="7781" extractCount="7717" duration="8296755"/>
			<Sample nodeCount="127" insertCount="7840" extractCount="7781" duration="8411340"/>
		</SmallSetRandomOps>
		<LargeSetRandomOps>
		</LargeSetRandomOps>
		<SmallSetLinear>
			<Sample nodeCount="1" insertCount="10000" extractCount="10000" duration="605075"/>
			<Sample nodeCount="2" insertCount="10000" extractCount="10000" duration="2092090"/>
			<Sample nodeCount="3" insertCount="10000" extractCount="10000" duration="3470520"/>
			<Sample nodeCount="4" insertCount="10000" extractCount="10000" duration="6697625"/>
			<Sample nodeCount="5" insertCount="10000" extractCount="10000" duration="8879960"/>
			<Sample nodeCount="6" insertCount="10000" extractCount="10000" duration="11788625"/>
			<Sample nodeCount="7" insertCount="10000" extractCount="10000" duration="14137135"/>
			<Sample nodeCount="8" insertCount="10000" extractCount="10000" duration="18275980"/>
			<Sample nodeCount="9" insertCount="10000" extractCount="10000" duration="21541925"/>
			<Sample nodeCount="10" insertCount="10000" extractCount="10000" duration="26575700"/>
			<Sample nodeCount="11" insertCount="10000" extractCount="10000" duration="28631575"/>
			<Sample nodeCount="12" insertCount="10000" extractCount="10000" duration="33914325"/>
			<Sample nodeCount="13" insertCount="10000" extractCount="10000" duration="36417970"/>
			<Sample nodeCount="14" insertCount="10000" extractCount="10000" duration="41517615"/>
			<Sample nodeCount="15" insertCount="10000" extractCount="10000" duration="44274750"/>
			<Sample nodeCount="16" insertCount="10000" extractCount="10000" duration="49304675"/>
			<Sample nodeCount="17" insertCount="10000" extractCount="10000" duration="54279885"/>
			<Sample nodeCount="18" insertCount="10000" extractCount="10000" duration="60351100"/>
			<Sample nodeCount="19" insertCount="10000" extractCount="10000" duration="62912665"/>
			<Sample nodeCount="20" insertCount="10000" extractCount="10000" duration="67657380"/>
			<Sample nodeCount="21" insertCount="10000" extractCount="10000" duration="72879160"/>
			<Sample nodeCount="22" insertCount="10000" extractCount="10000" duration="78619795"/>
			<Sample nodeCount="23" insertCount="10000" extractCount="10000" duration="81173705"/>
			<Sample nodeCount="24" insertCount="10000" extractCount="10000" duration="87751215"/>
			<Sample nodeCount="25" insertCount="10000" extractCount="10000" duration="94566900"/>
			<Sample nodeCount="26" insertCount="10000" extractCount="10000" duration="99900140"/>
			<Sample nodeCount="27" insertCount="10000" extractCount="10000" duration="102643830"/>
			<Sample nodeCount="28" insertCount="10000" extractCount="10000" duration="107167660"/>
			<Sample nodeCount="29" insertCount="10000" extractCount="10000" duration="113529580"/>
			<Sample nodeCount="30" insertCount="10000" extractCount="10000" duration="119485990"/>
			<Sample nodeCount="31" insertCount="10000" extractCount="10000" duration="122826410"/>
			<Sample nodeCount="32" insertCount="10000" extractCount="10000" duration="127825560"/>
			<Sample nodeCount="33" insertCount="10000" extractCount="10000" duration="134930590"/>
			<Sample nodeCount="34" insertCount="10000" extractCount="10000" duration="143251630"/>
			<Sample nodeCount="35" insertCount="10000" extractCount="10000" duration="148598830"/>
			<Sample nodeCount="36" insertCount="10000" extractCount="10000" duration="153207640"/>
			<Sample nodeCount="37" insertCount="10000" extractCount="10000" duration="159139510"/>
			<Sample nodeCount="38" insertCount="10000" extractCount="10000" duration="166021125"/>
			<Sample nodeCount="39" insertCount="10000" extractCount="10000" duration="168942180"/>
			<Sample nodeCount="40" insertCount="10000" extractCount="10000" duration="174889465"/>
			<Sample nodeCount="41" insertCount="10000" extractCount="10000" duration="181482540"/>
			<Sample nodeCount="42" insertCount="10000" extractCount="10000" duration="193729715"/>
			<Sample nodeCount="43" insertCount="10000" extractCount="10000" duration="197831630"/>
			<Sample nodeCount="44" insertCount="10000" extractCount="10000" duration="202501495"/>
			<Sample nodeCount="45" insertCount="10000" extractCount="10000" duration="208961565"/>
			<Sample nodeCount="46" insertCount="10000" extractCount="10000" duration="215362420"/>
			<Sample nodeCount="47" insertCount="10000" extractCount="10000" duration="219297315"/>
			<Sample nodeCount="48" insertCount="10000" extractCount="10000" duration="223751925"/>
			<Sample nodeCount="49" insertCount="10000" extractCount="10000" duration="230728210"/>
			<Sample nodeCount="50" insertCount="10000" extractCount="10000" duration="244095885"/>
			<Sample nodeCount="51" insertCount="10000" extractCount="10000" duration="247996525"/>
			<Sample nodeCount="52" insertCount="10000" extractCount="10000" duration="252459220"/>
			<Sample nodeCount="53" insertCount="10000" extractCount="10000" duration="259242880"/>
			<Sample nodeCount="54" insertCount="10000" extractCount="10000" duration="265217200"/>
			<Sample nodeCount="55" insertCount="10000" extractCount="10000" duration="269257570"/>
			<Sample nodeCount="56" insertCount="10000" extractCount="10000" duration="274240190"/>
			<Sample nodeCount="57" insertCount="10000" extractCount="10000" duration="282832800"/>
			<Sample nodeCount="58" insertCount="10000" extractCount="10000" duration="295652075"/>
			<Sample nodeCount="59" insertCount="10000" extractCount="10000" duration="298261325"/>
			<Sample nodeCount="60" insertCount="10000" extractCount="10000" duration="305058910"/>
			<Sample nodeCount="61" insertCount="10000" extractCount="10000" duration="313029885"/>
			<Sample nodeCount="62" insertCount="10000" extractCount="10000" duration="318257045"/>
			<Sample nodeCount="63" insertCount="10000" extractCount="10000" duration="321423345"/>
			<Sample nodeCount="64" insertCount="10000" extractCount="10000" duration="326270755"/>
			<Sample nodeCount="65" insertCount="10000" extractCount="10000" duration="333679160"/>
			<Sample nodeCount="66" insertCount="10000" extractCount="10000" duration="347504875"/>
			<Sample nodeCount="67" insertCount="10000" extractCount="10000" duration="353999620"/>
			<Sample nodeCount="68" insertCount="10000" extractCount="10000" duration="360234330"/>
			<Sample nodeCount="69" insertCount="10000" extractCount="10000" duration="366828200"/>
			<Sample nodeCount="70" insertCount="10000" extractCount="10000" duration="374076755"/>
			<Sample nodeCount="71" insertCount="10000" extractCount="10000" duration="378627150"/>
			<Sample nodeCount="72" insertCount="10000" extractCount="10000" duration="384439950"/>
			<Sample nodeCount="73" insertCount="10000" extractCount="10000" duration="390465725"/>
			<Sample nodeCount="74" insertCount="10000" extractCount="10000" duration="404325510"/>
			<Sample nodeCount="75" insertCount="10000" extractCount="10000" duration="407706915"/>
			<Sample nodeCount="76" insertCount="10000" extractCount="10000" duration="414934125"/>
			<Sample nodeCount="77" insertCount="10000" extractCount="10000" duration="422137485"/>
			<Sample nodeCount="78" insertCount="10000" extractCount="10000" duration="427789660"/>
			<Sample nodeCount="79" insertCount="10000" extractCount="10000" duration="431260720"/>
			<Sample nodeCount="80" insertCount="10000" extractCount="10000" duration="437111545"/>
			<Sample nodeCount="81" insertCount="10000" extractCount="10000" duration="444345395"/>
			<Sample nodeCount="82" insertCount="10000" extractCount="10000" duration="458333320"/>
			<Sample nodeCount="83" insertCount="10000" extractCount="10000" duration="469764455"/>
			<Sample nodeCount="84" insertCount="10000" extractCount="10000" duration="475277705"/>
			<Sample nodeCount="85" insertCount="10000" extractCount="10000" duration="480844320"/>
			<Sample nodeCount="86" insertCount="10000" extractCount="10000" duration="490865685"/>
			<Sample nodeCount="87" insertCount="10000" extractCount="10000" duration="493820260"/>
			<Sample nodeCount="88" insertCount="10000" extractCount="10000" duration="499455360"/>
			<Sample nodeCount="89" insertCount="10000" extractCount="10000" duration="507855245"/>
			<Sample nodeCount="90" insertCount="10000" extractCount="10000" duration="521601645"/>
			<Sample nodeCount="91" insertCount="10000" extractCount="10000" duration="526492710"/>
			<Sample nodeCount="92" insertCount="10000" extractCount="10000" duration="532044780"/>
			<Sample nodeCount="93" insertCount="10000" extractCount="10000" duration="538065375"/>
			<Sample nodeCount="94" insertCount="10000" extractCount="10000" duration="545878445"/>
			<Sample nodeCount="95" insertCount="10000" extractCount="10000" duration="549592060"/>
			<Sample nodeCount="96" insertCount="10000" extractCount="10000" duration="552555340"/>
			<Sample nodeCount="97" insertCount="10000" extractCount="10000" duration="559865410"/>
			<Sample nodeCount="98" insertCount="10000" extractCount="10000" duration="575702030"/>
			<Sample nodeCount="99" insertCount="10000" extractCount="10000" duration="586874960"/>
			<Sample nodeCount="100" insertCount="10000" extractCount="10000" duration="593033535"/>
			<Sample nodeCount="101" insertCount="10000" extractCount="10000" duration="599032605"/>
			<Sample nodeCount="102" insertCount="10000" extractCount="10000" duration="607511955"/>
			<Sample nodeCount="103" insertCount="10000" extractCount="10000" duration="611822685"/>
			<Sample nodeCount="104" insertCount="10000" extractCount="10000" duration="618607550"/>
			<Sample nodeCount="105" insertCount="10000" extractCount="10000" duration="624708175"/>
			<Sample nodeCount="106" insertCount="10000" extractCount="10000" duration="639617075"/>
			<Sample nodeCount="107" insertCount="10000" extractCount="10000" duration="642593735"/>
			<Sample nodeCount="108" insertCount="10000" extractCount="10000" duration="648340430"/>
			<Sample nodeCount="109" insertCount="10000" extractCount="10000" duration="657120385"/>
			<Sample nodeCount="110" insertCount="10000" extractCount="10000" duration="663422780"/>
			<Sample nodeCount="111" insertCount="10000" extractCount="10000" duration="670212475"/>
			<Sample nodeCount="112" insertCount="10000" extractCount="10000" duration="674376145"/>
			<Sample nodeCount="113" insertCount="10000" extractCount="10000" duration="682073500"/>
			<Sample nodeCount="114" insertCount="10000" extractCount="10000" duration="695099320"/>
			<Sample nodeCount="115" insertCount="10000" extractCount="10000" duration="707780565"/>
			<Sample nodeCount="116" insertCount="10000" extractCount="10000" duration="716815405"/>
			<Sample nodeCount="117" insertCount="10000" extractCount="10000" duration="722733480"/>
			<Sample nodeCount="118" insertCount="10000" extractCount="10000" duration="730121600"/>
			<Sample nodeCount="119" insertCount="10000" extractCount="10000" duration="736310055"/>
			<Sample nodeCount="120" insertCount="10000" extractCount="10000" duration="742440760"/>
			<Sample nodeCount="121" insertCount="10000" extractCount="10000" duration="748241045"/>
			<Sample nodeCount="122" insertCount="10000" extractCount="10000" duration="762450475"/>
			<Sample nodeCount="123" insertCount="10000" extractCount="10000" duration="767621370"/>
			<Sample nodeCount="124" insertCount="10000" extractCount="10000" duration="773707660"/>
			<Sample nodeCount="125" insertCount="10000" extractCount="10000" duration="782125990"/>
			<Sample nodeCount="126" insertCount="10000" extractCount="10000" duration="785793570"/>
			<Sample nodeCount="127" insertCount="10000" extractCount="10000" duration="790731755"/>
		</SmallSetLinear>
		<LargeSetLinear>
		</LargeSetLinear>
	</RBTest>
	<RBTest implementation="RTEMS" nodeSize="16">
		<SmallSetRandomOps>
			<Sample nodeCount="1" insertCount="62" extractCount="61" duration="15695"/>
			<Sample nodeCount="2" insertCount="123" extractCount="123" duration="34935"/>
			<Sample nodeCount="3" insertCount="186" extractCount="183" duration="117840"/>
			<Sample nodeCount="4" insertCount="247" extractCount="245" duration="92400"/>
			<Sample nodeCount="5" insertCount="309" extractCount="306" duration="208975"/>
			<Sample nodeCount="6" insertCount="370" extractCount="368" duration="251915"/>
			<Sample nodeCount="7" insertCount="433" extractCount="428" duration="306150"/>
			<Sample nodeCount="8" insertCount="493" extractCount="491" duration="213985"/>
			<Sample nodeCount="9" insertCount="557" extractCount="550" duration="395310"/>
			<Sample nodeCount="10" insertCount="619" extractCount="611" duration="425640"/>
			<Sample nodeCount="11" insertCount="680" extractCount="673" duration="479250"/>
			<Sample nodeCount="12" insertCount="740" extractCount="736" duration="506880"/>
			<Sample nodeCount="13" insertCount="803" extractCount="796" duration="555975"/>
			<Sample nodeCount="14" insertCount="864" extractCount="858" duration="607445"/>
			<Sample nodeCount="15" insertCount="927" extractCount="918" duration="647015"/>
			<Sample nodeCount="16" insertCount="988" extractCount="980" duration="437415"/>
			<Sample nodeCount="17" insertCount="1050" extractCount="1041" duration="740300"/>
			<Sample nodeCount="18" insertCount="1113" extractCount="1101" duration="771270"/>
			<Sample nodeCount="19" insertCount="1172" extractCount="1165" duration="831520"/>
			<Sample nodeCount="20" insertCount="1237" extractCount="1223" duration="868630"/>
			<Sample nodeCount="21" insertCount="1296" extractCount="1287" duration="903935"/>
			<Sample nodeCount="22" insertCount="1359" extractCount="1347" duration="948580"/>
			<Sample nodeCount="23" insertCount="1419" extractCount="1410" duration="985690"/>
			<Sample nodeCount="24" insertCount="1484" extractCount="1468" duration="1044580"/>
			<Sample nodeCount="25" insertCount="1544" extractCount="1531" duration="1085655"/>
			<Sample nodeCount="26" insertCount="1604" extractCount="1594" duration="1117925"/>
			<Sample nodeCount="27" insertCount="1668" extractCount="1653" duration="1173965"/>
			<Sample nodeCount="28" insertCount="1729" extractCount="1715" duration="1220125"/>
			<Sample nodeCount="29" insertCount="1790" extractCount="1777" duration="1251830"/>
			<Sample nodeCount="30" insertCount="1851" extractCount="1839" duration="1294930"/>
			<Sample nodeCount="31" insertCount="1914" extractCount="1899" duration="1351985"/>
			<Sample nodeCount="32" insertCount="1977" extractCount="1959" duration="903515"/>
			<Sample nodeCount="33" insertCount="2041" extractCount="2018" duration="1419850"/>
			<Sample nodeCount="34" insertCount="2097" extractCount="2085" duration="1446240"/>
			<Sample nodeCount="35" insertCount="2160" extractCount="2145" duration="1498115"/>
			<Sample nodeCount="36" insertCount="2221" extractCount="2207" duration="1551535"/>
			<Sample nodeCount="37" insertCount="2285" extractCount="2266" duration="1586530"/>
			<Sample nodeCount="38" insertCount="2346" extractCount="2328" duration="1631700"/>
			<Sample nodeCount="39" insertCount="2408" extractCount="2389" duration="1664820"/>
			<Sample nodeCount="40" insertCount="2471" extractCount="2449" duration="1710660"/>
			<Sample nodeCount="41" insertCount="2531" extractCount="2512" duration="1766285"/>
			<Sample nodeCount="42" insertCount="2593" extractCount="2573" duration="1808160"/>
			<Sample nodeCount="43" insertCount="2656" extractCount="2633" duration="1863390"/>
			<Sample nodeCount="44" insertCount="2717" extractCount="2695" duration="1892025"/>
			<Sample nodeCount="45" insertCount="2776" extractCount="2759" duration="1924455"/>
			<Sample nodeCount="46" insertCount="2840" extractCount="2818" duration="1963545"/>
			<Sample nodeCount="47" insertCount="2902" extractCount="2879" duration="2035110"/>
			<Sample nodeCount="48" insertCount="2966" extractCount="2938" duration="2065700"/>
			<Sample nodeCount="49" insertCount="3026" extractCount="3001" duration="2122525"/>
			<Sample nodeCount="50" insertCount="3084" extractCount="3066" duration="2162575"/>
			<Sample nodeCount="51" insertCount="3151" extractCount="3122" duration="2200055"/>
			<Sample nodeCount="52" insertCount="3209" extractCount="3187" duration="2246980"/>
			<Sample nodeCount="53" insertCount="3273" extractCount="3246" duration="2304795"/>
			<Sample nodeCount="54" insertCount="3337" extractCount="3305" duration="2346505"/>
			<Sample nodeCount="55" insertCount="3400" extractCount="3365" duration="2377490"/>
			<Sample nodeCount="56" insertCount="3458" extractCount="3430" duration="2430755"/>
			<Sample nodeCount="57" insertCount="3521" extractCount="3490" duration="2480015"/>
			<Sample nodeCount="58" insertCount="3580" extractCount="3554" duration="2518930"/>
			<Sample nodeCount="59" insertCount="3647" extractCount="3610" duration="2561910"/>
			<Sample nodeCount="60" insertCount="3706" extractCount="3674" duration="2596170"/>
			<Sample nodeCount="61" insertCount="3766" extractCount="3737" duration="2645125"/>
			<Sample nodeCount="62" insertCount="3828" extractCount="3798" duration="2683415"/>
			<Sample nodeCount="63" insertCount="3888" extractCount="3861" duration="2733170"/>
			<Sample nodeCount="64" insertCount="3952" extractCount="3920" duration="1834930"/>
			<Sample nodeCount="65" insertCount="4014" extractCount="3981" duration="2808565"/>
			<Sample nodeCount="66" insertCount="4077" extractCount="4041" duration="2833140"/>
			<Sample nodeCount="67" insertCount="4136" extractCount="4105" duration="2868160"/>
			<Sample nodeCount="68" insertCount="4200" extractCount="4164" duration="2896595"/>
			<Sample nodeCount="69" insertCount="4263" extractCount="4224" duration="2969715"/>
			<Sample nodeCount="70" insertCount="4325" extractCount="4285" duration="2980165"/>
			<Sample nodeCount="71" insertCount="4381" extractCount="4352" duration="3053495"/>
			<Sample nodeCount="72" insertCount="4448" extractCount="4408" duration="3106660"/>
			<Sample nodeCount="73" insertCount="4507" extractCount="4472" duration="3145170"/>
			<Sample nodeCount="74" insertCount="4571" extractCount="4531" duration="3168235"/>
			<Sample nodeCount="75" insertCount="4631" extractCount="4594" duration="3227800"/>
			<Sample nodeCount="76" insertCount="4693" extractCount="4655" duration="3268755"/>
			<Sample nodeCount="77" insertCount="4755" extractCount="4716" duration="3309125"/>
			<Sample nodeCount="78" insertCount="4817" extractCount="4777" duration="3365055"/>
			<Sample nodeCount="79" insertCount="4877" extractCount="4840" duration="3391705"/>
			<Sample nodeCount="80" insertCount="4942" extractCount="4898" duration="3460870"/>
			<Sample nodeCount="81" insertCount="5002" extractCount="4961" duration="3478715"/>
			<Sample nodeCount="82" insertCount="5063" extractCount="5023" duration="3529900"/>
			<Sample nodeCount="83" insertCount="5124" extractCount="5085" duration="3597785"/>
			<Sample nodeCount="84" insertCount="5187" extractCount="5145" duration="3641860"/>
			<Sample nodeCount="85" insertCount="5250" extractCount="5205" duration="3680330"/>
			<Sample nodeCount="86" insertCount="5314" extractCount="5264" duration="3732100"/>
			<Sample nodeCount="87" insertCount="5374" extractCount="5327" duration="3794260"/>
			<Sample nodeCount="88" insertCount="5432" extractCount="5392" duration="3797620"/>
			<Sample nodeCount="89" insertCount="5490" extractCount="5457" duration="3853975"/>
			<Sample nodeCount="90" insertCount="5559" extractCount="5511" duration="3874325"/>
			<Sample nodeCount="91" insertCount="5621" extractCount="5572" duration="3924830"/>
			<Sample nodeCount="92" insertCount="5680" extractCount="5636" duration="3973090"/>
			<Sample nodeCount="93" insertCount="5740" extractCount="5699" duration="4042060"/>
			<Sample nodeCount="94" insertCount="5803" extractCount="5759" duration="4049755"/>
			<Sample nodeCount="95" insertCount="5862" extractCount="5823" duration="4116740"/>
			<Sample nodeCount="96" insertCount="5929" extractCount="5879" duration="4151130"/>
			<Sample nodeCount="97" insertCount="5993" extractCount="5938" duration="4231760"/>
			<Sample nodeCount="98" insertCount="6055" extractCount="5999" duration="4263630"/>
			<Sample nodeCount="99" insertCount="6113" extractCount="6064" duration="4333575"/>
			<Sample nodeCount="100" insertCount="6172" extractCount="6128" duration="4343685"/>
			<Sample nodeCount="101" insertCount="6238" extractCount="6185" duration="4385380"/>
			<Sample nodeCount="102" insertCount="6299" extractCount="6247" duration="4435350"/>
			<Sample nodeCount="103" insertCount="6363" extractCount="6306" duration="4482175"/>
			<Sample nodeCount="104" insertCount="6426" extractCount="6366" duration="4535865"/>
			<Sample nodeCount="105" insertCount="6481" extractCount="6434" duration="4553255"/>
			<Sample nodeCount="106" insertCount="6544" extractCount="6494" duration="4601670"/>
			<Sample nodeCount="107" insertCount="6607" extractCount="6554" duration="4671400"/>
			<Sample nodeCount="108" insertCount="6669" extractCount="6615" duration="4693505"/>
			<Sample nodeCount="109" insertCount="6732" extractCount="6675" duration="4751685"/>
			<Sample nodeCount="110" insertCount="6794" extractCount="6736" duration="4792990"/>
			<Sample nodeCount="111" insertCount="6852" extractCount="6801" duration="4838940"/>
			<Sample nodeCount="112" insertCount="6918" extractCount="6858" duration="4884480"/>
			<Sample nodeCount="113" insertCount="6981" extractCount="6918" duration="4945115"/>
			<Sample nodeCount="114" insertCount="7041" extractCount="6981" duration="4972220"/>
			<Sample nodeCount="115" insertCount="7103" extractCount="7042" duration="5033245"/>
			<Sample nodeCount="116" insertCount="7164" extractCount="7104" duration="5092840"/>
			<Sample nodeCount="117" insertCount="7225" extractCount="7166" duration="5130020"/>
			<Sample nodeCount="118" insertCount="7291" extractCount="7223" duration="5150630"/>
			<Sample nodeCount="119" insertCount="7350" extractCount="7287" duration="5211115"/>
			<Sample nodeCount="120" insertCount="7410" extractCount="7350" duration="5234570"/>
			<Sample nodeCount="121" insertCount="7471" extractCount="7412" duration="5292860"/>
			<Sample nodeCount="122" insertCount="7537" extractCount="7469" duration="5312625"/>
			<Sample nodeCount="123" insertCount="7593" extractCount="7536" duration="5398825"/>
			<Sample nodeCount="124" insertCount="7658" extractCount="7594" duration="5413910"/>
			<Sample nodeCount="125" insertCount="7718" extractCount="7657" duration="5447665"/>
			<Sample nodeCount="126" insertCount="7781" extractCount="7717" duration="5481530"/>
			<Sample nodeCount="127" insertCount="7840" extractCount="7781" duration="5561870"/>
		</SmallSetRandomOps>
		<LargeSetRandomOps>
		</LargeSetRandomOps>
		<SmallSetLinear>
			<Sample nodeCount="1" insertCount="10000" extractCount="10000" duration="1596320"/>
			<Sample nodeCount="2" insertCount="10000" extractCount="10000" duration="3906770"/>
			<Sample nodeCount="3" insertCount="10000" extractCount="10000" duration="6428525"/>
			<Sample nodeCount="4" insertCount="10000" extractCount="10000" duration="10001240"/>
			<Sample nodeCount="5" insertCount="10000" extractCount="10000" duration="12482880"/>
			<Sample nodeCount="6" insertCount="10000" extractCount="10000" duration="15957985"/>
			<Sample nodeCount="7" insertCount="10000" extractCount="10000" duration="18629705"/>
			<Sample nodeCount="8" insertCount="10000" extractCount="10000" duration="22439235"/>
			<Sample nodeCount="9" insertCount="10000" extractCount="10000" duration="25551865"/>
			<Sample nodeCount="10" insertCount="10000" extractCount="10000" duration="30175385"/>
			<Sample nodeCount="11" insertCount="10000" extractCount="10000" duration="32536430"/>
			<Sample nodeCount="12" insertCount="10000" extractCount="10000" duration="37787420"/>
			<Sample nodeCount="13" insertCount="10000" extractCount="10000" duration="40537485"/>
			<Sample nodeCount="14" insertCount="10000" extractCount="10000" duration="45609425"/>
			<Sample nodeCount="15" insertCount="10000" extractCount="10000" duration="48852395"/>
			<Sample nodeCount="16" insertCount="10000" extractCount="10000" duration="53957745"/>
			<Sample nodeCount="17" insertCount="10000" extractCount="10000" duration="56968270"/>
			<Sample nodeCount="18" insertCount="10000" extractCount="10000" duration="62719755"/>
			<Sample nodeCount="19" insertCount="10000" extractCount="10000" duration="65486440"/>
			<Sample nodeCount="20" insertCount="10000" extractCount="10000" duration="70029835"/>
			<Sample nodeCount="21" insertCount="10000" extractCount="10000" duration="72915860"/>
			<Sample nodeCount="22" insertCount="10000" extractCount="10000" duration="79458580"/>
			<Sample nodeCount="23" insertCount="10000" extractCount="10000" duration="83500120"/>
			<Sample nodeCount="24" insertCount="10000" extractCount="10000" duration="88915315"/>
			<Sample nodeCount="25" insertCount="10000" extractCount="10000" duration="92188035"/>
			<Sample nodeCount="26" insertCount="10000" extractCount="10000" duration="97754605"/>
			<Sample nodeCount="27" insertCount="10000" extractCount="10000" duration="101377165"/>
			<Sample nodeCount="28" insertCount="10000" extractCount="10000" duration="106547285"/>
			<Sample nodeCount="29" insertCount="10000" extractCount="10000" duration="109274445"/>
			<Sample nodeCount="30" insertCount="10000" extractCount="10000" duration="116273045"/>
			<Sample nodeCount="31" insertCount="10000" extractCount="10000" duration="119948435"/>
			<Sample nodeCount="32" insertCount="10000" extractCount="10000" duration="125519865"/>
			<Sample nodeCount="33" insertCount="10000" extractCount="10000" duration="128339685"/>
			<Sample nodeCount="34" insertCount="10000" extractCount="10000" duration="135235375"/>
			<Sample nodeCount="35" insertCount="10000" extractCount="10000" duration="138369595"/>
			<Sample nodeCount="36" insertCount="10000" extractCount="10000" duration="144516635"/>
			<Sample nodeCount="37" insertCount="10000" extractCount="10000" duration="146581785"/>
			<Sample nodeCount="38" insertCount="10000" extractCount="10000" duration="153959145"/>
			<Sample nodeCount="39" insertCount="10000" extractCount="10000" duration="156990480"/>
			<Sample nodeCount="40" insertCount="10000" extractCount="10000" duration="162213630"/>
			<Sample nodeCount="41" insertCount="10000" extractCount="10000" duration="164365680"/>
			<Sample nodeCount="42" insertCount="10000" extractCount="10000" duration="171996450"/>
			<Sample nodeCount="43" insertCount="10000" extractCount="10000" duration="173888050"/>
			<Sample nodeCount="44" insertCount="10000" extractCount="10000" duration="180386455"/>
			<Sample nodeCount="45" insertCount="10000" extractCount="10000" duration="182054610"/>
			<Sample nodeCount="46" insertCount="10000" extractCount="10000" duration="191825545"/>
			<Sample nodeCount="47" insertCount="10000" extractCount="10000" duration="194139015"/>
			<Sample nodeCount="48" insertCount="10000" extractCount="10000" duration="199975030"/>
			<Sample nodeCount="49" insertCount="10000" extractCount="10000" duration="202772410"/>
			<Sample nodeCount="50" insertCount="10000" extractCount="10000" duration="209721190"/>
			<Sample nodeCount="51" insertCount="10000" extractCount="10000" duration="212012560"/>
			<Sample nodeCount="52" insertCount="10000" extractCount="10000" duration="218319590"/>
			<Sample nodeCount="53" insertCount="10000" extractCount="10000" duration="220386200"/>
			<Sample nodeCount="54" insertCount="10000" extractCount="10000" duration="230014485"/>
			<Sample nodeCount="55" insertCount="10000" extractCount="10000" duration="231337675"/>
			<Sample nodeCount="56" insertCount="10000" extractCount="10000" duration="237272750"/>
			<Sample nodeCount="57" insertCount="10000" extractCount="10000" duration="239381485"/>
			<Sample nodeCount="58" insertCount="10000" extractCount="10000" duration="249052125"/>
			<Sample nodeCount="59" insertCount="10000" extractCount="10000" duration="249496555"/>
			<Sample nodeCount="60" insertCount="10000" extractCount="10000" duration="255818430"/>
			<Sample nodeCount="61" insertCount="10000" extractCount="10000" duration="257700285"/>
			<Sample nodeCount="62" insertCount="10000" extractCount="10000" duration="268325150"/>
			<Sample nodeCount="63" insertCount="10000" extractCount="10000" duration="269216670"/>
			<Sample nodeCount="64" insertCount="10000" extractCount="10000" duration="277203505"/>
			<Sample nodeCount="65" insertCount="10000" extractCount="10000" duration="278509345"/>
			<Sample nodeCount="66" insertCount="10000" extractCount="10000" duration="287945975"/>
			<Sample nodeCount="67" insertCount="10000" extractCount="10000" duration="289880080"/>
			<Sample nodeCount="68" insertCount="10000" extractCount="10000" duration="296428400"/>
			<Sample nodeCount="69" insertCount="10000" extractCount="10000" duration="298242570"/>
			<Sample nodeCount="70" insertCount="10000" extractCount="10000" duration="309598115"/>
			<Sample nodeCount="71" insertCount="10000" extractCount="10000" duration="310634000"/>
			<Sample nodeCount="72" insertCount="10000" extractCount="10000" duration="317551425"/>
			<Sample nodeCount="73" insertCount="10000" extractCount="10000" duration="319493005"/>
			<Sample nodeCount="74" insertCount="10000" extractCount="10000" duration="329423725"/>
			<Sample nodeCount="75" insertCount="10000" extractCount="10000" duration="330883515"/>
			<Sample nodeCount="76" insertCount="10000" extractCount="10000" duration="337487220"/>
			<Sample nodeCount="77" insertCount="10000" extractCount="10000" duration="338149285"/>
			<Sample nodeCount="78" insertCount="10000" extractCount="10000" duration="350475315"/>
			<Sample nodeCount="79" insertCount="10000" extractCount="10000" duration="352184665"/>
			<Sample nodeCount="80" insertCount="10000" extractCount="10000" duration="359565025"/>
			<Sample nodeCount="81" insertCount="10000" extractCount="10000" duration="360339800"/>
			<Sample nodeCount="82" insertCount="10000" extractCount="10000" duration="369924845"/>
			<Sample nodeCount="83" insertCount="10000" extractCount="10000" duration="371497325"/>
			<Sample nodeCount="84" insertCount="10000" extractCount="10000" duration="378412575"/>
			<Sample nodeCount="85" insertCount="10000" extractCount="10000" duration="380602910"/>
			<Sample nodeCount="86" insertCount="10000" extractCount="10000" duration="392308600"/>
			<Sample nodeCount="87" insertCount="10000" extractCount="10000" duration="393456565"/>
			<Sample nodeCount="88" insertCount="10000" extractCount="10000" duration="398834875"/>
			<Sample nodeCount="89" insertCount="10000" extractCount="10000" duration="400485780"/>
			<Sample nodeCount="90" insertCount="10000" extractCount="10000" duration="412267975"/>
			<Sample nodeCount="91" insertCount="10000" extractCount="10000" duration="411402195"/>
			<Sample nodeCount="92" insertCount="10000" extractCount="10000" duration="419178675"/>
			<Sample nodeCount="93" insertCount="10000" extractCount="10000" duration="419849855"/>
			<Sample nodeCount="94" insertCount="10000" extractCount="10000" duration="433351610"/>
			<Sample nodeCount="95" insertCount="10000" extractCount="10000" duration="434456965"/>
			<Sample nodeCount="96" insertCount="10000" extractCount="10000" duration="442119540"/>
			<Sample nodeCount="97" insertCount="10000" extractCount="10000" duration="442858585"/>
			<Sample nodeCount="98" insertCount="10000" extractCount="10000" duration="455523025"/>
			<Sample nodeCount="99" insertCount="10000" extractCount="10000" duration="456170765"/>
			<Sample nodeCount="100" insertCount="10000" extractCount="10000" duration="464691380"/>
			<Sample nodeCount="101" insertCount="10000" extractCount="10000" duration="465622725"/>
			<Sample nodeCount="102" insertCount="10000" extractCount="10000" duration="479348855"/>
			<Sample nodeCount="103" insertCount="10000" extractCount="10000" duration="478866405"/>
			<Sample nodeCount="104" insertCount="10000" extractCount="10000" duration="487222200"/>
			<Sample nodeCount="105" insertCount="10000" extractCount="10000" duration="486428165"/>
			<Sample nodeCount="106" insertCount="10000" extractCount="10000" duration="498304095"/>
			<Sample nodeCount="107" insertCount="10000" extractCount="10000" duration="499454725"/>
			<Sample nodeCount="108" insertCount="10000" extractCount="10000" duration="509354100"/>
			<Sample nodeCount="109" insertCount="10000" extractCount="10000" duration="507769415"/>
			<Sample nodeCount="110" insertCount="10000" extractCount="10000" duration="524686150"/>
			<Sample nodeCount="111" insertCount="10000" extractCount="10000" duration="524300750"/>
			<Sample nodeCount="112" insertCount="10000" extractCount="10000" duration="532928225"/>
			<Sample nodeCount="113" insertCount="10000" extractCount="10000" duration="533080260"/>
			<Sample nodeCount="114" insertCount="10000" extractCount="10000" duration="544230315"/>
			<Sample nodeCount="115" insertCount="10000" extractCount="10000" duration="545912895"/>
			<Sample nodeCount="116" insertCount="10000" extractCount="10000" duration="554342105"/>
			<Sample nodeCount="117" insertCount="10000" extractCount="10000" duration="554101750"/>
			<Sample nodeCount="118" insertCount="10000" extractCount="10000" duration="569210835"/>
			<Sample nodeCount="119" insertCount="10000" extractCount="10000" duration="569136370"/>
			<Sample nodeCount="120" insertCount="10000" extractCount="10000" duration="574863290"/>
			<Sample nodeCount="121" insertCount="10000" extractCount="10000" duration="577324425"/>
			<Sample nodeCount="122" insertCount="10000" extractCount="10000" duration="589913600"/>
			<Sample nodeCount="123" insertCount="10000" extractCount="10000" duration="588976725"/>
			<Sample nodeCount="124" insertCount="10000" extractCount="10000" duration="596456830"/>
			<Sample nodeCount="125" insertCount="10000" extractCount="10000" duration="598162820"/>
			<Sample nodeCount="126" insertCount="10000" extractCount="10000" duration="615999490"/>
			<Sample nodeCount="127" insertCount="10000" extractCount="10000" duration="614218265"/>
		</SmallSetLinear>
		<LargeSetLinear>
		</LargeSetLinear>
	</RBTest>
	<RBTest implementation="Boost" nodeSize="12">
		<SmallSetRandomOps>
			<Sample nodeCount="1" insertCount="62" extractCount="61" duration="14675"/>
			<Sample nodeCount="2" insertCount="123" extractCount="123" duration="32900"/>
			<Sample nodeCount="3" insertCount="186" extractCount="183" duration="106970"/>
			<Sample nodeCount="4" insertCount="247" extractCount="245" duration="86060"/>
			<Sample nodeCount="5" insertCount="309" extractCount="306" duration="203005"/>
			<Sample nodeCount="6" insertCount="370" extractCount="368" duration="242970"/>
			<Sample nodeCount="7" insertCount="433" extractCount="428" duration="300310"/>
			<Sample nodeCount="8" insertCount="493" extractCount="491" duration="211295"/>
			<Sample nodeCount="9" insertCount="557" extractCount="550" duration="389840"/>
			<Sample nodeCount="10" insertCount="619" extractCount="611" duration="429250"/>
			<Sample nodeCount="11" insertCount="680" extractCount="673" duration="486810"/>
			<Sample nodeCount="12" insertCount="740" extractCount="736" duration="525045"/>
			<Sample nodeCount="13" insertCount="803" extractCount="796" duration="576290"/>
			<Sample nodeCount="14" insertCount="864" extractCount="858" duration="639125"/>
			<Sample nodeCount="15" insertCount="927" extractCount="918" duration="675770"/>
			<Sample nodeCount="16" insertCount="988" extractCount="980" duration="468170"/>
			<Sample nodeCount="17" insertCount="1050" extractCount="1041" duration="776150"/>
			<Sample nodeCount="18" insertCount="1113" extractCount="1101" duration="816855"/>
			<Sample nodeCount="19" insertCount="1172" extractCount="1165" duration="878490"/>
			<Sample nodeCount="20" insertCount="1237" extractCount="1223" duration="916535"/>
			<Sample nodeCount="21" insertCount="1296" extractCount="1287" duration="967375"/>
			<Sample nodeCount="22" insertCount="1359" extractCount="1347" duration="1016180"/>
			<Sample nodeCount="23" insertCount="1419" extractCount="1410" duration="1062475"/>
			<Sample nodeCount="24" insertCount="1484" extractCount="1468" duration="1107825"/>
			<Sample nodeCount="25" insertCount="1544" extractCount="1531" duration="1149315"/>
			<Sample nodeCount="26" insertCount="1604" extractCount="1594" duration="1214130"/>
			<Sample nodeCount="27" insertCount="1668" extractCount="1653" duration="1257665"/>
			<Sample nodeCount="28" insertCount="1729" extractCount="1715" duration="1316495"/>
			<Sample nodeCount="29" insertCount="1790" extractCount="1777" duration="1353460"/>
			<Sample nodeCount="30" insertCount="1851" extractCount="1839" duration="1409225"/>
			<Sample nodeCount="31" insertCount="1914" extractCount="1899" duration="1452005"/>
			<Sample nodeCount="32" insertCount="1977" extractCount="1959" duration="1033370"/>
			<Sample nodeCount="33" insertCount="2041" extractCount="2018" duration="1553015"/>
			<Sample nodeCount="34" insertCount="2097" extractCount="2085" duration="1590180"/>
			<Sample nodeCount="35" insertCount="2160" extractCount="2145" duration="1656900"/>
			<Sample nodeCount="36" insertCount="2221" extractCount="2207" duration="1700125"/>
			<Sample nodeCount="37" insertCount="2285" extractCount="2266" duration="1755750"/>
			<Sample nodeCount="38" insertCount="2346" extractCount="2328" duration="1797035"/>
			<Sample nodeCount="39" insertCount="2408" extractCount="2389" duration="1869945"/>
			<Sample nodeCount="40" insertCount="2471" extractCount="2449" duration="1877655"/>
			<Sample nodeCount="41" insertCount="2531" extractCount="2512" duration="1956430"/>
			<Sample nodeCount="42" insertCount="2593" extractCount="2573" duration="1993665"/>
			<Sample nodeCount="43" insertCount="2656" extractCount="2633" duration="2047360"/>
			<Sample nodeCount="44" insertCount="2717" extractCount="2695" duration="2098395"/>
			<Sample nodeCount="45" insertCount="2776" extractCount="2759" duration="2137550"/>
			<Sample nodeCount="46" insertCount="2840" extractCount="2818" duration="2181905"/>
			<Sample nodeCount="47" insertCount="2902" extractCount="2879" duration="2240900"/>
			<Sample nodeCount="48" insertCount="2966" extractCount="2938" duration="2312130"/>
			<Sample nodeCount="49" insertCount="3026" extractCount="3001" duration="2350100"/>
			<Sample nodeCount="50" insertCount="3084" extractCount="3066" duration="2400400"/>
			<Sample nodeCount="51" insertCount="3151" extractCount="3122" duration="2437590"/>
			<Sample nodeCount="52" insertCount="3209" extractCount="3187" duration="2484365"/>
			<Sample nodeCount="53" insertCount="3273" extractCount="3246" duration="2542015"/>
			<Sample nodeCount="54" insertCount="3337" extractCount="3305" duration="2628410"/>
			<Sample nodeCount="55" insertCount="3400" extractCount="3365" duration="2654085"/>
			<Sample nodeCount="56" insertCount="3458" extractCount="3430" duration="2702430"/>
			<Sample nodeCount="57" insertCount="3521" extractCount="3490" duration="2745545"/>
			<Sample nodeCount="58" insertCount="3580" extractCount="3554" duration="2782745"/>
			<Sample nodeCount="59" insertCount="3647" extractCount="3610" duration="2837475"/>
			<Sample nodeCount="60" insertCount="3706" extractCount="3674" duration="2884490"/>
			<Sample nodeCount="61" insertCount="3766" extractCount="3737" duration="2955125"/>
			<Sample nodeCount="62" insertCount="3828" extractCount="3798" duration="2978570"/>
			<Sample nodeCount="63" insertCount="3888" extractCount="3861" duration="3046815"/>
			<Sample nodeCount="64" insertCount="3952" extractCount="3920" duration="2150895"/>
			<Sample nodeCount="65" insertCount="4014" extractCount="3981" duration="3144475"/>
			<Sample nodeCount="66" insertCount="4077" extractCount="4041" duration="3166515"/>
			<Sample nodeCount="67" insertCount="4136" extractCount="4105" duration="3215490"/>
			<Sample nodeCount="68" insertCount="4200" extractCount="4164" duration="3249840"/>
			<Sample nodeCount="69" insertCount="4263" extractCount="4224" duration="3322880"/>
			<Sample nodeCount="70" insertCount="4325" extractCount="4285" duration="3384000"/>
			<Sample nodeCount="71" insertCount="4381" extractCount="4352" duration="3402850"/>
			<Sample nodeCount="72" insertCount="4448" extractCount="4408" duration="3429780"/>
			<Sample nodeCount="73" insertCount="4507" extractCount="4472" duration="3488275"/>
			<Sample nodeCount="74" insertCount="4571" extractCount="4531" duration="3551860"/>
			<Sample nodeCount="75" insertCount="4631" extractCount="4594" duration="3608785"/>
			<Sample nodeCount="76" insertCount="4693" extractCount="4655" duration="3681590"/>
			<Sample nodeCount="77" insertCount="4755" extractCount="4716" duration="3710445"/>
			<Sample nodeCount="78" insertCount="4817" extractCount="4777" duration="3750090"/>
			<Sample nodeCount="79" insertCount="4877" extractCount="4840" duration="3818275"/>
			<Sample nodeCount="80" insertCount="4942" extractCount="4898" duration="3882260"/>
			<Sample nodeCount="81" insertCount="5002" extractCount="4961" duration="3921480"/>
			<Sample nodeCount="82" insertCount="5063" extractCount="5023" duration="3945355"/>
			<Sample nodeCount="83" insertCount="5124" extractCount="5085" duration="4032045"/>
			<Sample nodeCount="84" insertCount="5187" extractCount="5145" duration="4078590"/>
			<Sample nodeCount="85" insertCount="5250" extractCount="5205" duration="4112930"/>
			<Sample nodeCount="86" insertCount="5314" extractCount="5264" duration="4179925"/>
			<Sample nodeCount="87" insertCount="5374" extractCount="5327" duration="4295910"/>
			<Sample nodeCount="88" insertCount="5432" extractCount="5392" duration="4314310"/>
			<Sample nodeCount="89" insertCount="5490" extractCount="5457" duration="4317615"/>
			<Sample nodeCount="90" insertCount="5559" extractCount="5511" duration="4375500"/>
			<Sample nodeCount="91" insertCount="5621" extractCount="5572" duration="4417420"/>
			<Sample nodeCount="92" insertCount="5680" extractCount="5636" duration="4512720"/>
			<Sample nodeCount="93" insertCount="5740" extractCount="5699" duration="4530965"/>
			<Sample nodeCount="94" insertCount="5803" extractCount="5759" duration="4571800"/>
			<Sample nodeCount="95" insertCount="5862" extractCount="5823" duration="4630000"/>
			<Sample nodeCount="96" insertCount="5929" extractCount="5879" duration="4676040"/>
			<Sample nodeCount="97" insertCount="5993" extractCount="5938" duration="4757760"/>
			<Sample nodeCount="98" insertCount="6055" extractCount="5999" duration="4764445"/>
			<Sample nodeCount="99" insertCount="6113" extractCount="6064" duration="4846615"/>
			<Sample nodeCount="100" insertCount="6172" extractCount="6128" duration="4888560"/>
			<Sample nodeCount="101" insertCount="6238" extractCount="6185" duration="4939325"/>
			<Sample nodeCount="102" insertCount="6299" extractCount="6247" duration="4985435"/>
			<Sample nodeCount="103" insertCount="6363" extractCount="6306" duration="5086315"/>
			<Sample nodeCount="104" insertCount="6426" extractCount="6366" duration="5101085"/>
			<Sample nodeCount="105" insertCount="6481" extractCount="6434" duration="5150680"/>
			<Sample nodeCount="106" insertCount="6544" extractCount="6494" duration="5221390"/>
			<Sample nodeCount="107" insertCount="6607" extractCount="6554" duration="5204755"/>
			<Sample nodeCount="108" insertCount="6669" extractCount="6615" duration="5325805"/>
			<Sample nodeCount="109" insertCount="6732" extractCount="6675" duration="5396260"/>
			<Sample nodeCount="110" insertCount="6794" extractCount="6736" duration="5425705"/>
			<Sample nodeCount="111" insertCount="6852" extractCount="6801" duration="5471605"/>
			<Sample nodeCount="112" insertCount="6918" extractCount="6858" duration="5587220"/>
			<Sample nodeCount="113" insertCount="6981" extractCount="6918" duration="5590175"/>
			<Sample nodeCount="114" insertCount="7041" extractCount="6981" duration="5638915"/>
			<Sample nodeCount="115" insertCount="7103" extractCount="7042" duration="5668715"/>
			<Sample nodeCount="116" insertCount="7164" extractCount="7104" duration="5689860"/>
			<Sample nodeCount="117" insertCount="7225" extractCount="7166" duration="5783635"/>
			<Sample nodeCount="118" insertCount="7291" extractCount="7223" duration="5847845"/>
			<Sample nodeCount="119" insertCount="7350" extractCount="7287" duration="5881850"/>
			<Sample nodeCount="120" insertCount="7410" extractCount="7350" duration="5905620"/>
			<Sample nodeCount="121" insertCount="7471" extractCount="7412" duration="5972430"/>
			<Sample nodeCount="122" insertCount="7537" extractCount="7469" duration="6028230"/>
			<Sample nodeCount="123" insertCount="7593" extractCount="7536" duration="6080810"/>
			<Sample nodeCount="124" insertCount="7658" extractCount="7594" duration="6109405"/>
			<Sample nodeCount="125" insertCount="7718" extractCount="7657" duration="6199995"/>
			<Sample nodeCount="126" insertCount="7781" extractCount="7717" duration="6184505"/>
			<Sample nodeCount="127" insertCount="7840" extractCount="7781" duration="6280850"/>
		</SmallSetRandomOps>
		<LargeSetRandomOps>
		</LargeSetRandomOps>
		<SmallSetLinear>
			<Sample nodeCount="1" insertCount="10000" extractCount="10000" duration="1200385"/>
			<Sample nodeCount="2" insertCount="10000" extractCount="10000" duration="2478165"/>
			<Sample nodeCount="3" insertCount="10000" extractCount="10000" duration="4557430"/>
			<Sample nodeCount="4" insertCount="10000" extractCount="10000" duration="7029360"/>
			<Sample nodeCount="5" insertCount="10000" extractCount="10000" duration="9346970"/>
			<Sample nodeCount="6" insertCount="10000" extractCount="10000" duration="11492030"/>
			<Sample nodeCount="7" insertCount="10000" extractCount="10000" duration="13577380"/>
			<Sample nodeCount="8" insertCount="10000" extractCount="10000" duration="16832780"/>
			<Sample nodeCount="9" insertCount="10000" extractCount="10000" duration="19278385"/>
			<Sample nodeCount="10" insertCount="10000" extractCount="10000" duration="23414640"/>
			<Sample nodeCount="11" insertCount="10000" extractCount="10000" duration="26280780"/>
			<Sample nodeCount="12" insertCount="10000" extractCount="10000" duration="30869140"/>
			<Sample nodeCount="13" insertCount="10000" extractCount="10000" duration="33779220"/>
			<Sample nodeCount="14" insertCount="10000" extractCount="10000" duration="38160125"/>
			<Sample nodeCount="15" insertCount="10000" extractCount="10000" duration="41593010"/>
			<Sample nodeCount="16" insertCount="10000" extractCount="10000" duration="45728215"/>
			<Sample nodeCount="17" insertCount="10000" extractCount="10000" duration="48553490"/>
			<Sample nodeCount="18" insertCount="10000" extractCount="10000" duration="52102775"/>
			<Sample nodeCount="19" insertCount="10000" extractCount="10000" duration="55624970"/>
			<Sample nodeCount="20" insertCount="10000" extractCount="10000" duration="58390520"/>
			<Sample nodeCount="21" insertCount="10000" extractCount="10000" duration="60893005"/>
			<Sample nodeCount="22" insertCount="10000" extractCount="10000" duration="67373765"/>
			<Sample nodeCount="23" insertCount="10000" extractCount="10000" duration="70122965"/>
			<Sample nodeCount="24" insertCount="10000" extractCount="10000" duration="74545115"/>
			<Sample nodeCount="25" insertCount="10000" extractCount="10000" duration="77125370"/>
			<Sample nodeCount="26" insertCount="10000" extractCount="10000" duration="83171240"/>
			<Sample nodeCount="27" insertCount="10000" extractCount="10000" duration="85724255"/>
			<Sample nodeCount="28" insertCount="10000" extractCount="10000" duration="90128215"/>
			<Sample nodeCount="29" insertCount="10000" extractCount="10000" duration="92232725"/>
			<Sample nodeCount="30" insertCount="10000" extractCount="10000" duration="98864715"/>
			<Sample nodeCount="31" insertCount="10000" extractCount="10000" duration="101960570"/>
			<Sample nodeCount="32" insertCount="10000" extractCount="10000" duration="104364305"/>
			<Sample nodeCount="33" insertCount="10000" extractCount="10000" duration="109567975"/>
			<Sample nodeCount="34" insertCount="10000" extractCount="10000" duration="114181500"/>
			<Sample nodeCount="35" insertCount="10000" extractCount="10000" duration="116963205"/>
			<Sample nodeCount="36" insertCount="10000" extractCount="10000" duration="120271910"/>
			<Sample nodeCount="37" insertCount="10000" extractCount="10000" duration="124687495"/>
			<Sample nodeCount="38" insertCount="10000" extractCount="10000" duration="129497995"/>
			<Sample nodeCount="39" insertCount="10000" extractCount="10000" duration="132716015"/>
			<Sample nodeCount="40" insertCount="10000" extractCount="10000" duration="136586890"/>
			<Sample nodeCount="41" insertCount="10000" extractCount="10000" duration="139047515"/>
			<Sample nodeCount="42" insertCount="10000" extractCount="10000" duration="143831535"/>
			<Sample nodeCount="43" insertCount="10000" extractCount="10000" duration="145976785"/>
			<Sample nodeCount="44" insertCount="10000" extractCount="10000" duration="150036225"/>
			<Sample nodeCount="45" insertCount="10000" extractCount="10000" duration="153798865"/>
			<Sample nodeCount="46" insertCount="10000" extractCount="10000" duration="162764145"/>
			<Sample nodeCount="47" insertCount="10000" extractCount="10000" duration="166055555"/>
			<Sample nodeCount="48" insertCount="10000" extractCount="10000" duration="168838595"/>
			<Sample nodeCount="49" insertCount="10000" extractCount="10000" duration="173982040"/>
			<Sample nodeCount="50" insertCount="10000" extractCount="10000" duration="178962380"/>
			<Sample nodeCount="51" insertCount="10000" extractCount="10000" duration="181877525"/>
			<Sample nodeCount="52" insertCount="10000" extractCount="10000" duration="185262045"/>
			<Sample nodeCount="53" insertCount="10000" extractCount="10000" duration="187799820"/>
			<Sample nodeCount="54" insertCount="10000" extractCount="10000" duration="196692210"/>
			<Sample nodeCount="55" insertCount="10000" extractCount="10000" duration="200753385"/>
			<Sample nodeCount="56" insertCount="10000" extractCount="10000" duration="203338600"/>
			<Sample nodeCount="57" insertCount="10000" extractCount="10000" duration="205573870"/>
			<Sample nodeCount="58" insertCount="10000" extractCount="10000" duration="211621425"/>
			<Sample nodeCount="59" insertCount="10000" extractCount="10000" duration="212783655"/>
			<Sample nodeCount="60" insertCount="10000" extractCount="10000" duration="216047580"/>
			<Sample nodeCount="61" insertCount="10000" extractCount="10000" duration="219900190"/>
			<Sample nodeCount="62" insertCount="10000" extractCount="10000" duration="227129910"/>
			<Sample nodeCount="63" insertCount="10000" extractCount="10000" duration="230702055"/>
			<Sample nodeCount="64" insertCount="10000" extractCount="10000" duration="234556260"/>
			<Sample nodeCount="65" insertCount="10000" extractCount="10000" duration="238083880"/>
			<Sample nodeCount="66" insertCount="10000" extractCount="10000" duration="243325645"/>
			<Sample nodeCount="67" insertCount="10000" extractCount="10000" duration="246721445"/>
			<Sample nodeCount="68" insertCount="10000" extractCount="10000" duration="250615455"/>
			<Sample nodeCount="69" insertCount="10000" extractCount="10000" duration="253944485"/>
			<Sample nodeCount="70" insertCount="10000" extractCount="10000" duration="260189225"/>
			<Sample nodeCount="71" insertCount="10000" extractCount="10000" duration="263992640"/>
			<Sample nodeCount="72" insertCount="10000" extractCount="10000" duration="266586905"/>
			<Sample nodeCount="73" insertCount="10000" extractCount="10000" duration="271230300"/>
			<Sample nodeCount="74" insertCount="10000" extractCount="10000" duration="276195875"/>
			<Sample nodeCount="75" insertCount="10000" extractCount="10000" duration="279137890"/>
			<Sample nodeCount="76" insertCount="10000" extractCount="10000" duration="282001830"/>
			<Sample nodeCount="77" insertCount="10000" extractCount="10000" duration="285434435"/>
			<Sample nodeCount="78" insertCount="10000" extractCount="10000" duration="294745020"/>
			<Sample nodeCount="79" insertCount="10000" extractCount="10000" duration="298805905"/>
			<Sample nodeCount="80" insertCount="10000" extractCount="10000" duration="300032965"/>
			<Sample nodeCount="81" insertCount="10000" extractCount="10000" duration="303813355"/>
			<Sample nodeCount="82" insertCount="10000" extractCount="10000" duration="310214970"/>
			<Sample nodeCount="83" insertCount="10000" extractCount="10000" duration="313283390"/>
			<Sample nodeCount="84" insertCount="10000" extractCount="10000" duration="316137745"/>
			<Sample nodeCount="85" insertCount="10000" extractCount="10000" duration="318596410"/>
			<Sample nodeCount="86" insertCount="10000" extractCount="10000" duration="325857845"/>
			<Sample nodeCount="87" insertCount="10000" extractCount="10000" duration="330150830"/>
			<Sample nodeCount="88" insertCount="10000" extractCount="10000" duration="332382125"/>
			<Sample nodeCount="89" insertCount="10000" extractCount="10000" duration="335505760"/>
			<Sample nodeCount="90" insertCount="10000" extractCount="10000" duration="340350235"/>
			<Sample nodeCount="91" insertCount="10000" extractCount="10000" duration="344582815"/>
			<Sample nodeCount="92" insertCount="10000" extractCount="10000" duration="345788330"/>
			<Sample nodeCount="93" insertCount="10000" extractCount="10000" duration="349601060"/>
			<Sample nodeCount="94" insertCount="10000" extractCount="10000" duration="361987225"/>
			<Sample nodeCount="95" insertCount="10000" extractCount="10000" duration="366233540"/>
			<Sample nodeCount="96" insertCount="10000" extractCount="10000" duration="366956425"/>
			<Sample nodeCount="97" insertCount="10000" extractCount="10000" duration="372415025"/>
			<Sample nodeCount="98" insertCount="10000" extractCount="10000" duration="376959380"/>
			<Sample nodeCount="99" insertCount="10000" extractCount="10000" duration="382963685"/>
			<Sample nodeCount="100" insertCount="10000" extractCount="10000" duration="382631740"/>
			<Sample nodeCount="101" insertCount="10000" extractCount="10000" duration="386856465"/>
			<Sample nodeCount="102" insertCount="10000" extractCount="10000" duration="395182235"/>
			<Sample nodeCount="103" insertCount="10000" extractCount="10000" duration="398675045"/>
			<Sample nodeCount="104" insertCount="10000" extractCount="10000" duration="400871705"/>
			<Sample nodeCount="105" insertCount="10000" extractCount="10000" duration="405160935"/>
			<Sample nodeCount="106" insertCount="10000" extractCount="10000" duration="409621590"/>
			<Sample nodeCount="107" insertCount="10000" extractCount="10000" duration="412883495"/>
			<Sample nodeCount="108" insertCount="10000" extractCount="10000" duration="414413305"/>
			<Sample nodeCount="109" insertCount="10000" extractCount="10000" duration="419122220"/>
			<Sample nodeCount="110" insertCount="10000" extractCount="10000" duration="429707730"/>
			<Sample nodeCount="111" insertCount="10000" extractCount="10000" duration="433657305"/>
			<Sample nodeCount="112" insertCount="10000" extractCount="10000" duration="433852465"/>
			<Sample nodeCount="113" insertCount="10000" extractCount="10000" duration="439774970"/>
			<Sample nodeCount="114" insertCount="10000" extractCount="10000" duration="443314330"/>
			<Sample nodeCount="115" insertCount="10000" extractCount="10000" duration="447996710"/>
			<Sample nodeCount="116" insertCount="10000" extractCount="10000" duration="449167770"/>
			<Sample nodeCount="117" insertCount="10000" extractCount="10000" duration="454108790"/>
			<Sample nodeCount="118" insertCount="10000" extractCount="10000" duration="462345025"/>
			<Sample nodeCount="119" insertCount="10000" extractCount="10000" duration="465222205"/>
			<Sample nodeCount="120" insertCount="10000" extractCount="10000" duration="465243325"/>
			<Sample nodeCount="121" insertCount="10000" extractCount="10000" duration="469996990"/>
			<Sample nodeCount="122" insertCount="10000" extractCount="10000" duration="475017335"/>
			<Sample nodeCount="123" insertCount="10000" extractCount="10000" duration="479905445"/>
			<Sample nodeCount="124" insertCount="10000" extractCount="10000" duration="480873785"/>
			<Sample nodeCount="125" insertCount="10000" extractCount="10000" duration="485780960"/>
			<Sample nodeCount="126" insertCount="10000" extractCount="10000" duration="496186935"/>
			<Sample nodeCount="127" insertCount="10000" extractCount="10000" duration="501512280"/>
		</SmallSetLinear>
		<LargeSetLinear>
		</LargeSetLinear>
	</RBTest>
	<RBTest implementation="RB Compact" nodeSize="8">
		<SmallSetRandomOps>
			<Sample nodeCount="1" insertCount="62" extractCount="61" duration="9475"/>
			<Sample nodeCount="2" insertCount="123" extractCount="123" duration="24600"/>
			<Sample nodeCount="3" insertCount="186" extractCount="183" duration="99470"/>
			<Sample nodeCount="4" insertCount="247" extractCount="245" duration="69870"/>
			<Sample nodeCount="5" insertCount="309" extractCount="306" duration="184615"/>
			<Sample nodeCount="6" insertCount="370" extractCount="368" duration="221090"/>
			<Sample nodeCount="7" insertCount="433" extractCount="428" duration="274395"/>
			<Sample nodeCount="8" insertCount="493" extractCount="491" duration="186375"/>
			<Sample nodeCount="9" insertCount="557" extractCount="550" duration="361275"/>
			<Sample nodeCount="10" insertCount="619" extractCount="611" duration="404055"/>
			<Sample nodeCount="11" insertCount="680" extractCount="673" duration="443445"/>
			<Sample nodeCount="12" insertCount="740" extractCount="736" duration="501915"/>
			<Sample nodeCount="13" insertCount="803" extractCount="796" duration="541805"/>
			<Sample nodeCount="14" insertCount="864" extractCount="858" duration="599090"/>
			<Sample nodeCount="15" insertCount="927" extractCount="918" duration="633285"/>
			<Sample nodeCount="16" insertCount="988" extractCount="980" duration="434630"/>
			<Sample nodeCount="17" insertCount="1050" extractCount="1041" duration="726920"/>
			<Sample nodeCount="18" insertCount="1113" extractCount="1101" duration="768510"/>
			<Sample nodeCount="19" insertCount="1172" extractCount="1165" duration="812030"/>
			<Sample nodeCount="20" insertCount="1237" extractCount="1223" duration="853510"/>
			<Sample nodeCount="21" insertCount="1296" extractCount="1287" duration="907730"/>
			<Sample nodeCount="22" insertCount="1359" extractCount="1347" duration="963620"/>
			<Sample nodeCount="23" insertCount="1419" extractCount="1410" duration="999160"/>
			<Sample nodeCount="24" insertCount="1484" extractCount="1468" duration="1063115"/>
			<Sample nodeCount="25" insertCount="1544" extractCount="1531" duration="1108315"/>
			<Sample nodeCount="26" insertCount="1604" extractCount="1594" duration="1153220"/>
			<Sample nodeCount="27" insertCount="1668" extractCount="1653" duration="1209160"/>
			<Sample nodeCount="28" insertCount="1729" extractCount="1715" duration="1260760"/>
			<Sample nodeCount="29" insertCount="1790" extractCount="1777" duration="1309185"/>
			<Sample nodeCount="30" insertCount="1851" extractCount="1839" duration="1357755"/>
			<Sample nodeCount="31" insertCount="1914" extractCount="1899" duration="1405955"/>
			<Sample nodeCount="32" insertCount="1977" extractCount="1959" duration="969090"/>
			<Sample nodeCount="33" insertCount="2041" extractCount="2018" duration="1492540"/>
			<Sample nodeCount="34" insertCount="2097" extractCount="2085" duration="1521585"/>
			<Sample nodeCount="35" insertCount="2160" extractCount="2145" duration="1577215"/>
			<Sample nodeCount="36" insertCount="2221" extractCount="2207" duration="1617225"/>
			<Sample nodeCount="37" insertCount="2285" extractCount="2266" duration="1680815"/>
			<Sample nodeCount="38" insertCount="2346" extractCount="2328" duration="1718940"/>
			<Sample nodeCount="39" insertCount="2408" extractCount="2389" duration="1756095"/>
			<Sample nodeCount="40" insertCount="2471" extractCount="2449" duration="1812115"/>
			<Sample nodeCount="41" insertCount="2531" extractCount="2512" duration="1868870"/>
			<Sample nodeCount="42" insertCount="2593" extractCount="2573" duration="1921215"/>
			<Sample nodeCount="43" insertCount="2656" extractCount="2633" duration="1968280"/>
			<Sample nodeCount="44" insertCount="2717" extractCount="2695" duration="2015835"/>
			<Sample nodeCount="45" insertCount="2776" extractCount="2759" duration="2042270"/>
			<Sample nodeCount="46" insertCount="2840" extractCount="2818" duration="2118045"/>
			<Sample nodeCount="47" insertCount="2902" extractCount="2879" duration="2160710"/>
			<Sample nodeCount="48" insertCount="2966" extractCount="2938" duration="2210090"/>
			<Sample nodeCount="49" insertCount="3026" extractCount="3001" duration="2272730"/>
			<Sample nodeCount="50" insertCount="3084" extractCount="3066" duration="2310775"/>
			<Sample nodeCount="51" insertCount="3151" extractCount="3122" duration="2357400"/>
			<Sample nodeCount="52" insertCount="3209" extractCount="3187" duration="2414675"/>
			<Sample nodeCount="53" insertCount="3273" extractCount="3246" duration="2461360"/>
			<Sample nodeCount="54" insertCount="3337" extractCount="3305" duration="2510460"/>
			<Sample nodeCount="55" insertCount="3400" extractCount="3365" duration="2570345"/>
			<Sample nodeCount="56" insertCount="3458" extractCount="3430" duration="2627400"/>
			<Sample nodeCount="57" insertCount="3521" extractCount="3490" duration="2669925"/>
			<Sample nodeCount="58" insertCount="3580" extractCount="3554" duration="2728730"/>
			<Sample nodeCount="59" insertCount="3647" extractCount="3610" duration="2798730"/>
			<Sample nodeCount="60" insertCount="3706" extractCount="3674" duration="2818615"/>
			<Sample nodeCount="61" insertCount="3766" extractCount="3737" duration="2870860"/>
			<Sample nodeCount="62" insertCount="3828" extractCount="3798" duration="2928545"/>
			<Sample nodeCount="63" insertCount="3888" extractCount="3861" duration="2965075"/>
			<Sample nodeCount="64" insertCount="3952" extractCount="3920" duration="2109730"/>
			<Sample nodeCount="65" insertCount="4014" extractCount="3981" duration="3030955"/>
			<Sample nodeCount="66" insertCount="4077" extractCount="4041" duration="3066650"/>
			<Sample nodeCount="67" insertCount="4136" extractCount="4105" duration="3153605"/>
			<Sample nodeCount="68" insertCount="4200" extractCount="4164" duration="3186045"/>
			<Sample nodeCount="69" insertCount="4263" extractCount="4224" duration="3213785"/>
			<Sample nodeCount="70" insertCount="4325" extractCount="4285" duration="3281685"/>
			<Sample nodeCount="71" insertCount="4381" extractCount="4352" duration="3331940"/>
			<Sample nodeCount="72" insertCount="4448" extractCount="4408" duration="3388180"/>
			<Sample nodeCount="73" insertCount="4507" extractCount="4472" duration="3436380"/>
			<Sample nodeCount="74" insertCount="4571" extractCount="4531" duration="3480745"/>
			<Sample nodeCount="75" insertCount="4631" extractCount="4594" duration="3537880"/>
			<Sample nodeCount="76" insertCount="4693" extractCount="4655" duration="3598135"/>
			<Sample nodeCount="77" insertCount="4755" extractCount="4716" duration="3633610"/>
			<Sample nodeCount="78" insertCount="4817" extractCount="4777" duration="3691315"/>
			<Sample nodeCount="79" insertCount="4877" extractCount="4840" duration="3715670"/>
			<Sample nodeCount="80" insertCount="4942" extractCount="4898" duration="3791385"/>
			<Sample nodeCount="81" insertCount="5002" extractCount="4961" duration="3842475"/>
			<Sample nodeCount="82" insertCount="5063" extractCount="5023" duration="3876300"/>
			<Sample nodeCount="83" insertCount="5124" extractCount="5085" duration="3962410"/>
			<Sample nodeCount="84" insertCount="5187" extractCount="5145" duration="4016775"/>
			<Sample nodeCount="85" insertCount="5250" extractCount="5205" duration="4046980"/>
			<Sample nodeCount="86" insertCount="5314" extractCount="5264" duration="4087100"/>
			<Sample nodeCount="87" insertCount="5374" extractCount="5327" duration="4167010"/>
			<Sample nodeCount="88" insertCount="5432" extractCount="5392" duration="4204530"/>
			<Sample nodeCount="89" insertCount="5490" extractCount="5457" duration="4235575"/>
			<Sample nodeCount="90" insertCount="5559" extractCount="5511" duration="4282945"/>
			<Sample nodeCount="91" insertCount="5621" extractCount="5572" duration="4333725"/>
			<Sample nodeCount="92" insertCount="5680" extractCount="5636" duration="4403645"/>
			<Sample nodeCount="93" insertCount="5740" extractCount="5699" duration="4455435"/>
			<Sample nodeCount="94" insertCount="5803" extractCount="5759" duration="4501845"/>
			<Sample nodeCount="95" insertCount="5862" extractCount="5823" duration="4531160"/>
			<Sample nodeCount="96" insertCount="5929" extractCount="5879" duration="4593920"/>
			<Sample nodeCount="97" insertCount="5993" extractCount="5938" duration="4643430"/>
			<Sample nodeCount="98" insertCount="6055" extractCount="5999" duration="4697685"/>
			<Sample nodeCount="99" insertCount="6113" extractCount="6064" duration="4741080"/>
			<Sample nodeCount="100" insertCount="6172" extractCount="6128" duration="4812280"/>
			<Sample nodeCount="101" insertCount="6238" extractCount="6185" duration="4854710"/>
			<Sample nodeCount="102" insertCount="6299" extractCount="6247" duration="4876520"/>
			<Sample nodeCount="103" insertCount="6363" extractCount="6306" duration="4963855"/>
			<Sample nodeCount="104" insertCount="6426" extractCount="6366" duration="4992410"/>
			<Sample nodeCount="105" insertCount="6481" extractCount="6434" duration="5058270"/>
			<Sample nodeCount="106" insertCount="6544" extractCount="6494" duration="5102370"/>
			<Sample nodeCount="107" insertCount="6607" extractCount="6554" duration="5145560"/>
			<Sample nodeCount="108" insertCount="6669" extractCount="6615" duration="5210385"/>
			<Sample nodeCount="109" insertCount="6732" extractCount="6675" duration="5260110"/>
			<Sample nodeCount="110" insertCount="6794" extractCount="6736" duration="5288715"/>
			<Sample nodeCount="111" insertCount="6852" extractCount="6801" duration="5366225"/>
			<Sample nodeCount="112" insertCount="6918" extractCount="6858" duration="5400540"/>
			<Sample nodeCount="113" insertCount="6981" extractCount="6918" duration="5466470"/>
			<Sample nodeCount="114" insertCount="7041" extractCount="6981" duration="5520475"/>
			<Sample nodeCount="115" insertCount="7103" extractCount="7042" duration="5533725"/>
			<Sample nodeCount="116" insertCount="7164" extractCount="7104" duration="5630835"/>
			<Sample nodeCount="117" insertCount="7225" extractCount="7166" duration="5678360"/>
			<Sample nodeCount="118" insertCount="7291" extractCount="7223" duration="5718390"/>
			<Sample nodeCount="119" insertCount="7350" extractCount="7287" duration="5780950"/>
			<Sample nodeCount="120" insertCount="7410" extractCount="7350" duration="5812630"/>
			<Sample nodeCount="121" insertCount="7471" extractCount="7412" duration="5882830"/>
			<Sample nodeCount="122" insertCount="7537" extractCount="7469" duration="5939730"/>
			<Sample nodeCount="123" insertCount="7593" extractCount="7536" duration="5975395"/>
			<Sample nodeCount="124" insertCount="7658" extractCount="7594" duration="6008260"/>
			<Sample nodeCount="125" insertCount="7718" extractCount="7657" duration="6101785"/>
			<Sample nodeCount="126" insertCount="7781" extractCount="7717" duration="6114740"/>
			<Sample nodeCount="127" insertCount="7840" extractCount="7781" duration="6219795"/>
		</SmallSetRandomOps>
		<LargeSetRandomOps>
		</LargeSetRandomOps>
		<SmallSetLinear>
			<Sample nodeCount="1" insertCount="10000" extractCount="10000" duration="726170"/>
			<Sample nodeCount="2" insertCount="10000" extractCount="10000" duration="2323910"/>
			<Sample nodeCount="3" insertCount="10000" extractCount="10000" duration="4364950"/>
			<Sample nodeCount="4" insertCount="10000" extractCount="10000" duration="5922065"/>
			<Sample nodeCount="5" insertCount="10000" extractCount="10000" duration="7919135"/>
			<Sample nodeCount="6" insertCount="10000" extractCount="10000" duration="9927585"/>
			<Sample nodeCount="7" insertCount="10000" extractCount="10000" duration="13088135"/>
			<Sample nodeCount="8" insertCount="10000" extractCount="10000" duration="14907015"/>
			<Sample nodeCount="9" insertCount="10000" extractCount="10000" duration="17990360"/>
			<Sample nodeCount="10" insertCount="10000" extractCount="10000" duration="20504900"/>
			<Sample nodeCount="11" insertCount="10000" extractCount="10000" duration="24123855"/>
			<Sample nodeCount="12" insertCount="10000" extractCount="10000" duration="26633865"/>
			<Sample nodeCount="13" insertCount="10000" extractCount="10000" duration="29783965"/>
			<Sample nodeCount="14" insertCount="10000" extractCount="10000" duration="31980285"/>
			<Sample nodeCount="15" insertCount="10000" extractCount="10000" duration="37826710"/>
			<Sample nodeCount="16" insertCount="10000" extractCount="10000" duration="39054465"/>
			<Sample nodeCount="17" insertCount="10000" extractCount="10000" duration="42854315"/>
			<Sample nodeCount="18" insertCount="10000" extractCount="10000" duration="44488210"/>
			<Sample nodeCount="19" insertCount="10000" extractCount="10000" duration="50731710"/>
			<Sample nodeCount="20" insertCount="10000" extractCount="10000" duration="52771515"/>
			<Sample nodeCount="21" insertCount="10000" extractCount="10000" duration="57117445"/>
			<Sample nodeCount="22" insertCount="10000" extractCount="10000" duration="59587835"/>
			<Sample nodeCount="23" insertCount="10000" extractCount="10000" duration="65489315"/>
			<Sample nodeCount="24" insertCount="10000" extractCount="10000" duration="67012095"/>
			<Sample nodeCount="25" insertCount="10000" extractCount="10000" duration="70880290"/>
			<Sample nodeCount="26" insertCount="10000" extractCount="10000" duration="73292505"/>
			<Sample nodeCount="27" insertCount="10000" extractCount="10000" duration="78606940"/>
			<Sample nodeCount="28" insertCount="10000" extractCount="10000" duration="81210085"/>
			<Sample nodeCount="29" insertCount="10000" extractCount="10000" duration="85543180"/>
			<Sample nodeCount="30" insertCount="10000" extractCount="10000" duration="86878540"/>
			<Sample nodeCount="31" insertCount="10000" extractCount="10000" duration="93716905"/>
			<Sample nodeCount="32" insertCount="10000" extractCount="10000" duration="95842430"/>
			<Sample nodeCount="33" insertCount="10000" extractCount="10000" duration="99432795"/>
			<Sample nodeCount="34" insertCount="10000" extractCount="10000" duration="101649520"/>
			<Sample nodeCount="35" insertCount="10000" extractCount="10000" duration="106584695"/>
			<Sample nodeCount="36" insertCount="10000" extractCount="10000" duration="108809280"/>
			<Sample nodeCount="37" insertCount="10000" extractCount="10000" duration="112780300"/>
			<Sample nodeCount="38" insertCount="10000" extractCount="10000" duration="115020495"/>
			<Sample nodeCount="39" insertCount="10000" extractCount="10000" duration="124774120"/>
			<Sample nodeCount="40" insertCount="10000" extractCount="10000" duration="126833480"/>
			<Sample nodeCount="41" insertCount="10000" extractCount="10000" duration="129708120"/>
			<Sample nodeCount="42" insertCount="10000" extractCount="10000" duration="131536855"/>
			<Sample nodeCount="43" insertCount="10000" extractCount="10000" duration="136399280"/>
			<Sample nodeCount="44" insertCount="10000" extractCount="10000" duration="139625220"/>
			<Sample nodeCount="45" insertCount="10000" extractCount="10000" duration="143690375"/>
			<Sample nodeCount="46" insertCount="10000" extractCount="10000" duration="146436370"/>
			<Sample nodeCount="47" insertCount="10000" extractCount="10000" duration="154242605"/>
			<Sample nodeCount="48" insertCount="10000" extractCount="10000" duration="157525990"/>
			<Sample nodeCount="49" insertCount="10000" extractCount="10000" duration="160462230"/>
			<Sample nodeCount="50" insertCount="10000" extractCount="10000" duration="163371610"/>
			<Sample nodeCount="51" insertCount="10000" extractCount="10000" duration="168293260"/>
			<Sample nodeCount="52" insertCount="10000" extractCount="10000" duration="169936600"/>
			<Sample nodeCount="53" insertCount="10000" extractCount="10000" duration="173993170"/>
			<Sample nodeCount="54" insertCount="10000" extractCount="10000" duration="177351845"/>
			<Sample nodeCount="55" insertCount="10000" extractCount="10000" duration="183736240"/>
			<Sample nodeCount="56" insertCount="10000" extractCount="10000" duration="185911830"/>
			<Sample nodeCount="57" insertCount="10000" extractCount="10000" duration="191669770"/>
			<Sample nodeCount="58" insertCount="10000" extractCount="10000" duration="192432770"/>
			<Sample nodeCount="59" insertCount="10000" extractCount="10000" duration="199117690"/>
			<Sample nodeCount="60" insertCount="10000" extractCount="10000" duration="201552385"/>
			<Sample nodeCount="61" insertCount="10000" extractCount="10000" duration="207035335"/>
			<Sample nodeCount="62" insertCount="10000" extractCount="10000" duration="209381880"/>
			<Sample nodeCount="63" insertCount="10000" extractCount="10000" duration="215067525"/>
			<Sample nodeCount="64" insertCount="10000" extractCount="10000" duration="217324520"/>
			<Sample nodeCount="65" insertCount="10000" extractCount="10000" duration="222290190"/>
			<Sample nodeCount="66" insertCount="10000" extractCount="10000" duration="223374280"/>
			<Sample nodeCount="67" insertCount="10000" extractCount="10000" duration="228885885"/>
			<Sample nodeCount="68" insertCount="10000" extractCount="10000" duration="232720255"/>
			<Sample nodeCount="69" insertCount="10000" extractCount="10000" duration="237559855"/>
			<Sample nodeCount="70" insertCount="10000" extractCount="10000" duration="237502915"/>
			<Sample nodeCount="71" insertCount="10000" extractCount="10000" duration="244258820"/>
			<Sample nodeCount="72" insertCount="10000" extractCount="10000" duration="246486055"/>
			<Sample nodeCount="73" insertCount="10000" extractCount="10000" duration="252582955"/>
			<Sample nodeCount="74" insertCount="10000" extractCount="10000" duration="255854940"/>
			<Sample nodeCount="75" insertCount="10000" extractCount="10000" duration="260520430"/>
			<Sample nodeCount="76" insertCount="10000" extractCount="10000" duration="263505740"/>
			<Sample nodeCount="77" insertCount="10000" extractCount="10000" duration="267990780"/>
			<Sample nodeCount="78" insertCount="10000" extractCount="10000" duration="269444600"/>
			<Sample nodeCount="79" insertCount="10000" extractCount="10000" duration="280435125"/>
			<Sample nodeCount="80" insertCount="10000" extractCount="10000" duration="282650140"/>
			<Sample nodeCount="81" insertCount="10000" extractCount="10000" duration="287111140"/>
			<Sample nodeCount="82" insertCount="10000" extractCount="10000" duration="289806275"/>
			<Sample nodeCount="83" insertCount="10000" extractCount="10000" duration="293748545"/>
			<Sample nodeCount="84" insertCount="10000" extractCount="10000" duration="297458610"/>
			<Sample nodeCount="85" insertCount="10000" extractCount="10000" duration="300970460"/>
			<Sample nodeCount="86" insertCount="10000" extractCount="10000" duration="304800075"/>
			<Sample nodeCount="87" insertCount="10000" extractCount="10000" duration="311535380"/>
			<Sample nodeCount="88" insertCount="10000" extractCount="10000" duration="313820200"/>
			<Sample nodeCount="89" insertCount="10000" extractCount="10000" duration="318345270"/>
			<Sample nodeCount="90" insertCount="10000" extractCount="10000" duration="319966090"/>
			<Sample nodeCount="91" insertCount="10000" extractCount="10000" duration="325817965"/>
			<Sample nodeCount="92" insertCount="10000" extractCount="10000" duration="328682885"/>
			<Sample nodeCount="93" insertCount="10000" extractCount="10000" duration="333218990"/>
			<Sample nodeCount="94" insertCount="10000" extractCount="10000" duration="334158400"/>
			<Sample nodeCount="95" insertCount="10000" extractCount="10000" duration="342840665"/>
			<Sample nodeCount="96" insertCount="10000" extractCount="10000" duration="346710800"/>
			<Sample nodeCount="97" insertCount="10000" extractCount="10000" duration="351891445"/>
			<Sample nodeCount="98" insertCount="10000" extractCount="10000" duration="354777230"/>
			<Sample nodeCount="99" insertCount="10000" extractCount="10000" duration="358886810"/>
			<Sample nodeCount="100" insertCount="10000" extractCount="10000" duration="360183860"/>
			<Sample nodeCount="101" insertCount="10000" extractCount="10000" duration="363540435"/>
			<Sample nodeCount="102" insertCount="10000" extractCount="10000" duration="367390670"/>
			<Sample nodeCount="103" insertCount="10000" extractCount="10000" duration="373541625"/>
			<Sample nodeCount="104" insertCount="10000" extractCount="10000" duration="374832360"/>
			<Sample nodeCount="105" insertCount="10000" extractCount="10000" duration="379815890"/>
			<Sample nodeCount="106" insertCount="10000" extractCount="10000" duration="383072025"/>
			<Sample nodeCount="107" insertCount="10000" extractCount="10000" duration="389572005"/>
			<Sample nodeCount="108" insertCount="10000" extractCount="10000" duration="391436035"/>
			<Sample nodeCount="109" insertCount="10000" extractCount="10000" duration="396837710"/>
			<Sample nodeCount="110" insertCount="10000" extractCount="10000" duration="398787780"/>
			<Sample nodeCount="111" insertCount="10000" extractCount="10000" duration="408144065"/>
			<Sample nodeCount="112" insertCount="10000" extractCount="10000" duration="410274590"/>
			<Sample nodeCount="113" insertCount="10000" extractCount="10000" duration="414400055"/>
			<Sample nodeCount="114" insertCount="10000" extractCount="10000" duration="418241140"/>
			<Sample nodeCount="115" insertCount="10000" extractCount="10000" duration="422422350"/>
			<Sample nodeCount="116" insertCount="10000" extractCount="10000" duration="424714910"/>
			<Sample nodeCount="117" insertCount="10000" extractCount="10000" duration="430106265"/>
			<Sample nodeCount="118" insertCount="10000" extractCount="10000" duration="433974720"/>
			<Sample nodeCount="119" insertCount="10000" extractCount="10000" duration="439009440"/>
			<Sample nodeCount="120" insertCount="10000" extractCount="10000" duration="441238525"/>
			<Sample nodeCount="121" insertCount="10000" extractCount="10000" duration="449514355"/>
			<Sample nodeCount="122" insertCount="10000" extractCount="10000" duration="450471645"/>
			<Sample nodeCount="123" insertCount="10000" extractCount="10000" duration="455954990"/>
			<Sample nodeCount="124" insertCount="10000" extractCount="10000" duration="456580685"/>
			<Sample nodeCount="125" insertCount="10000" extractCount="10000" duration="462220545"/>
			<Sample nodeCount="126" insertCount="10000" extractCount="10000" duration="466908115"/>
			<Sample nodeCount="127" insertCount="10000" extractCount="10000" duration="471451120"/>
		</SmallSetLinear>
		<LargeSetLinear>
		</LargeSetLinear>
	</RBTest>
	<RBTest implementation="JFFS2" nodeSize="16">
		<SmallSetRandomOps>
			<Sample nodeCount="1" insertCount="62" extractCount="61" duration="9090"/>
			<Sample nodeCount="2" insertCount="123" extractCount="123" duration="22465"/>
			<Sample nodeCount="3" insertCount="186" extractCount="183" duration="95840"/>
			<Sample nodeCount="4" insertCount="247" extractCount="245" duration="65630"/>
			<Sample nodeCount="5" insertCount="309" extractCount="306" duration="176685"/>
			<Sample nodeCount="6" insertCount="370" extractCount="368" duration="213290"/>
			<Sample nodeCount="7" insertCount="433" extractCount="428" duration="254045"/>
			<Sample nodeCount="8" insertCount="493" extractCount="491" duration="165000"/>
			<Sample nodeCount="9" insertCount="557" extractCount="550" duration="333560"/>
			<Sample nodeCount="10" insertCount="619" extractCount="611" duration="362040"/>
			<Sample nodeCount="11" insertCount="680" extractCount="673" duration="400725"/>
			<Sample nodeCount="12" insertCount="740" extractCount="736" duration="443775"/>
			<Sample nodeCount="13" insertCount="803" extractCount="796" duration="476175"/>
			<Sample nodeCount="14" insertCount="864" extractCount="858" duration="520915"/>
			<Sample nodeCount="15" insertCount="927" extractCount="918" duration="551960"/>
			<Sample nodeCount="16" insertCount="988" extractCount="980" duration="345835"/>
			<Sample nodeCount="17" insertCount="1050" extractCount="1041" duration="633545"/>
			<Sample nodeCount="18" insertCount="1113" extractCount="1101" duration="678290"/>
			<Sample nodeCount="19" insertCount="1172" extractCount="1165" duration="714250"/>
			<Sample nodeCount="20" insertCount="1237" extractCount="1223" duration="753095"/>
			<Sample nodeCount="21" insertCount="1296" extractCount="1287" duration="789040"/>
			<Sample nodeCount="22" insertCount="1359" extractCount="1347" duration="823010"/>
			<Sample nodeCount="23" insertCount="1419" extractCount="1410" duration="869750"/>
			<Sample nodeCount="24" insertCount="1484" extractCount="1468" duration="904060"/>
			<Sample nodeCount="25" insertCount="1544" extractCount="1531" duration="933175"/>
			<Sample nodeCount="26" insertCount="1604" extractCount="1594" duration="978335"/>
			<Sample nodeCount="27" insertCount="1668" extractCount="1653" duration="1010045"/>
			<Sample nodeCount="28" insertCount="1729" extractCount="1715" duration="1056095"/>
			<Sample nodeCount="29" insertCount="1790" extractCount="1777" duration="1094035"/>
			<Sample nodeCount="30" insertCount="1851" extractCount="1839" duration="1119885"/>
			<Sample nodeCount="31" insertCount="1914" extractCount="1899" duration="1157820"/>
			<Sample nodeCount="32" insertCount="1977" extractCount="1959" duration="726630"/>
			<Sample nodeCount="33" insertCount="2041" extractCount="2018" duration="1236430"/>
			<Sample nodeCount="34" insertCount="2097" extractCount="2085" duration="1266170"/>
			<Sample nodeCount="35" insertCount="2160" extractCount="2145" duration="1308450"/>
			<Sample nodeCount="36" insertCount="2221" extractCount="2207" duration="1350805"/>
			<Sample nodeCount="37" insertCount="2285" extractCount="2266" duration="1381315"/>
			<Sample nodeCount="38" insertCount="2346" extractCount="2328" duration="1424900"/>
			<Sample nodeCount="39" insertCount="2408" extractCount="2389" duration="1465525"/>
			<Sample nodeCount="40" insertCount="2471" extractCount="2449" duration="1495175"/>
			<Sample nodeCount="41" insertCount="2531" extractCount="2512" duration="1537990"/>
			<Sample nodeCount="42" insertCount="2593" extractCount="2573" duration="1567735"/>
			<Sample nodeCount="43" insertCount="2656" extractCount="2633" duration="1618775"/>
			<Sample nodeCount="44" insertCount="2717" extractCount="2695" duration="1647565"/>
			<Sample nodeCount="45" insertCount="2776" extractCount="2759" duration="1689300"/>
			<Sample nodeCount="46" insertCount="2840" extractCount="2818" duration="1734070"/>
			<Sample nodeCount="47" insertCount="2902" extractCount="2879" duration="1767960"/>
			<Sample nodeCount="48" insertCount="2966" extractCount="2938" duration="1813265"/>
			<Sample nodeCount="49" insertCount="3026" extractCount="3001" duration="1853295"/>
			<Sample nodeCount="50" insertCount="3084" extractCount="3066" duration="1892535"/>
			<Sample nodeCount="51" insertCount="3151" extractCount="3122" duration="1953305"/>
			<Sample nodeCount="52" insertCount="3209" extractCount="3187" duration="1975145"/>
			<Sample nodeCount="53" insertCount="3273" extractCount="3246" duration="2027375"/>
			<Sample nodeCount="54" insertCount="3337" extractCount="3305" duration="2066095"/>
			<Sample nodeCount="55" insertCount="3400" extractCount="3365" duration="2082535"/>
			<Sample nodeCount="56" insertCount="3458" extractCount="3430" duration="2140155"/>
			<Sample nodeCount="57" insertCount="3521" extractCount="3490" duration="2184760"/>
			<Sample nodeCount="58" insertCount="3580" extractCount="3554" duration="2204515"/>
			<Sample nodeCount="59" insertCount="3647" extractCount="3610" duration="2253510"/>
			<Sample nodeCount="60" insertCount="3706" extractCount="3674" duration="2286175"/>
			<Sample nodeCount="61" insertCount="3766" extractCount="3737" duration="2340290"/>
			<Sample nodeCount="62" insertCount="3828" extractCount="3798" duration="2358905"/>
			<Sample nodeCount="63" insertCount="3888" extractCount="3861" duration="2412030"/>
			<Sample nodeCount="64" insertCount="3952" extractCount="3920" duration="1492535"/>
			<Sample nodeCount="65" insertCount="4014" extractCount="3981" duration="2442420"/>
			<Sample nodeCount="66" insertCount="4077" extractCount="4041" duration="2459655"/>
			<Sample nodeCount="67" insertCount="4136" extractCount="4105" duration="2520035"/>
			<Sample nodeCount="68" insertCount="4200" extractCount="4164" duration="2553860"/>
			<Sample nodeCount="69" insertCount="4263" extractCount="4224" duration="2576505"/>
			<Sample nodeCount="70" insertCount="4325" extractCount="4285" duration="2640655"/>
			<Sample nodeCount="71" insertCount="4381" extractCount="4352" duration="2667675"/>
			<Sample nodeCount="72" insertCount="4448" extractCount="4408" duration="2697135"/>
			<Sample nodeCount="73" insertCount="4507" extractCount="4472" duration="2736800"/>
			<Sample nodeCount="74" insertCount="4571" extractCount="4531" duration="2782780"/>
			<Sample nodeCount="75" insertCount="4631" extractCount="4594" duration="2824110"/>
			<Sample nodeCount="76" insertCount="4693" extractCount="4655" duration="2864210"/>
			<Sample nodeCount="77" insertCount="4755" extractCount="4716" duration="2891825"/>
			<Sample nodeCount="78" insertCount="4817" extractCount="4777" duration="2933265"/>
			<Sample nodeCount="79" insertCount="4877" extractCount="4840" duration="2978900"/>
			<Sample nodeCount="80" insertCount="4942" extractCount="4898" duration="3028145"/>
			<Sample nodeCount="81" insertCount="5002" extractCount="4961" duration="3064370"/>
			<Sample nodeCount="82" insertCount="5063" extractCount="5023" duration="3097040"/>
			<Sample nodeCount="83" insertCount="5124" extractCount="5085" duration="3163950"/>
			<Sample nodeCount="84" insertCount="5187" extractCount="5145" duration="3183305"/>
			<Sample nodeCount="85" insertCount="5250" extractCount="5205" duration="3233050"/>
			<Sample nodeCount="86" insertCount="5314" extractCount="5264" duration="3278835"/>
			<Sample nodeCount="87" insertCount="5374" extractCount="5327" duration="3319880"/>
			<Sample nodeCount="88" insertCount="5432" extractCount="5392" duration="3362130"/>
			<Sample nodeCount="89" insertCount="5490" extractCount="5457" duration="3371715"/>
			<Sample nodeCount="90" insertCount="5559" extractCount="5511" duration="3402845"/>
			<Sample nodeCount="91" insertCount="5621" extractCount="5572" duration="3457960"/>
			<Sample nodeCount="92" insertCount="5680" extractCount="5636" duration="3477360"/>
			<Sample nodeCount="93" insertCount="5740" extractCount="5699" duration="3533785"/>
			<Sample nodeCount="94" insertCount="5803" extractCount="5759" duration="3564265"/>
			<Sample nodeCount="95" insertCount="5862" extractCount="5823" duration="3605180"/>
			<Sample nodeCount="96" insertCount="5929" extractCount="5879" duration="3651230"/>
			<Sample nodeCount="97" insertCount="5993" extractCount="5938" duration="3682915"/>
			<Sample nodeCount="98" insertCount="6055" extractCount="5999" duration="3745415"/>
			<Sample nodeCount="99" insertCount="6113" extractCount="6064" duration="3789520"/>
			<Sample nodeCount="100" insertCount="6172" extractCount="6128" duration="3805030"/>
			<Sample nodeCount="101" insertCount="6238" extractCount="6185" duration="3852900"/>
			<Sample nodeCount="102" insertCount="6299" extractCount="6247" duration="3876600"/>
			<Sample nodeCount="103" insertCount="6363" extractCount="6306" duration="3935205"/>
			<Sample nodeCount="104" insertCount="6426" extractCount="6366" duration="3942605"/>
			<Sample nodeCount="105" insertCount="6481" extractCount="6434" duration="4020765"/>
			<Sample nodeCount="106" insertCount="6544" extractCount="6494" duration="4079365"/>
			<Sample nodeCount="107" insertCount="6607" extractCount="6554" duration="4078990"/>
			<Sample nodeCount="108" insertCount="6669" extractCount="6615" duration="4121555"/>
			<Sample nodeCount="109" insertCount="6732" extractCount="6675" duration="4158385"/>
			<Sample nodeCount="110" insertCount="6794" extractCount="6736" duration="4174595"/>
			<Sample nodeCount="111" insertCount="6852" extractCount="6801" duration="4252795"/>
			<Sample nodeCount="112" insertCount="6918" extractCount="6858" duration="4293280"/>
			<Sample nodeCount="113" insertCount="6981" extractCount="6918" duration="4336640"/>
			<Sample nodeCount="114" insertCount="7041" extractCount="6981" duration="4377910"/>
			<Sample nodeCount="115" insertCount="7103" extractCount="7042" duration="4401360"/>
			<Sample nodeCount="116" insertCount="7164" extractCount="7104" duration="4468805"/>
			<Sample nodeCount="117" insertCount="7225" extractCount="7166" duration="4509300"/>
			<Sample nodeCount="118" insertCount="7291" extractCount="7223" duration="4530695"/>
			<Sample nodeCount="119" insertCount="7350" extractCount="7287" duration="4559510"/>
			<Sample nodeCount="120" insertCount="7410" extractCount="7350" duration="4605000"/>
			<Sample nodeCount="121" insertCount="7471" extractCount="7412" duration="4633965"/>
			<Sample nodeCount="122" insertCount="7537" extractCount="7469" duration="4637610"/>
			<Sample nodeCount="123" insertCount="7593" extractCount="7536" duration="4737470"/>
			<Sample nodeCount="124" insertCount="7658" extractCount="7594" duration="4768095"/>
			<Sample nodeCount="125" insertCount="7718" extractCount="7657" duration="4805295"/>
			<Sample nodeCount="126" insertCount="7781" extractCount="7717" duration="4804685"/>
			<Sample nodeCount="127" insertCount="7840" extractCount="7781" duration="4883145"/>
		</SmallSetRandomOps>
		<LargeSetRandomOps>
		</LargeSetRandomOps>
		<SmallSetLinear>
			<Sample nodeCount="1" insertCount="10000" extractCount="10000" duration="701005"/>
			<Sample nodeCount="2" insertCount="10000" extractCount="10000" duration="1983675"/>
			<Sample nodeCount="3" insertCount="10000" extractCount="10000" duration="3312820"/>
			<Sample nodeCount="4" insertCount="10000" extractCount="10000" duration="5745075"/>
			<Sample nodeCount="5" insertCount="10000" extractCount="10000" duration="7511885"/>
			<Sample nodeCount="6" insertCount="10000" extractCount="10000" duration="9443090"/>
			<Sample nodeCount="7" insertCount="10000" extractCount="10000" duration="11309280"/>
			<Sample nodeCount="8" insertCount="10000" extractCount="10000" duration="13653005"/>
			<Sample nodeCount="9" insertCount="10000" extractCount="10000" duration="15384645"/>
			<Sample nodeCount="10" insertCount="10000" extractCount="10000" duration="19149565"/>
			<Sample nodeCount="11" insertCount="10000" extractCount="10000" duration="21720050"/>
			<Sample nodeCount="12" insertCount="10000" extractCount="10000" duration="24285690"/>
			<Sample nodeCount="13" insertCount="10000" extractCount="10000" duration="26722715"/>
			<Sample nodeCount="14" insertCount="10000" extractCount="10000" duration="29311130"/>
			<Sample nodeCount="15" insertCount="10000" extractCount="10000" duration="32065935"/>
			<Sample nodeCount="16" insertCount="10000" extractCount="10000" duration="34844825"/>
			<Sample nodeCount="17" insertCount="10000" extractCount="10000" duration="37446955"/>
			<Sample nodeCount="18" insertCount="10000" extractCount="10000" duration="40048550"/>
			<Sample nodeCount="19" insertCount="10000" extractCount="10000" duration="42921495"/>
			<Sample nodeCount="20" insertCount="10000" extractCount="10000" duration="45696850"/>
			<Sample nodeCount="21" insertCount="10000" extractCount="10000" duration="48196420"/>
			<Sample nodeCount="22" insertCount="10000" extractCount="10000" duration="51980365"/>
			<Sample nodeCount="23" insertCount="10000" extractCount="10000" duration="55550195"/>
			<Sample nodeCount="24" insertCount="10000" extractCount="10000" duration="57941970"/>
			<Sample nodeCount="25" insertCount="10000" extractCount="10000" duration="60919210"/>
			<Sample nodeCount="26" insertCount="10000" extractCount="10000" duration="65401780"/>
			<Sample nodeCount="27" insertCount="10000" extractCount="10000" duration="67996490"/>
			<Sample nodeCount="28" insertCount="10000" extractCount="10000" duration="70962210"/>
			<Sample nodeCount="29" insertCount="10000" extractCount="10000" duration="73192795"/>
			<Sample nodeCount="30" insertCount="10000" extractCount="10000" duration="75383290"/>
			<Sample nodeCount="31" insertCount="10000" extractCount="10000" duration="79519355"/>
			<Sample nodeCount="32" insertCount="10000" extractCount="10000" duration="82483390"/>
			<Sample nodeCount="33" insertCount="10000" extractCount="10000" duration="85573305"/>
			<Sample nodeCount="34" insertCount="10000" extractCount="10000" duration="89279190"/>
			<Sample nodeCount="35" insertCount="10000" extractCount="10000" duration="92897420"/>
			<Sample nodeCount="36" insertCount="10000" extractCount="10000" duration="95788680"/>
			<Sample nodeCount="37" insertCount="10000" extractCount="10000" duration="98879880"/>
			<Sample nodeCount="38" insertCount="10000" extractCount="10000" duration="100414610"/>
			<Sample nodeCount="39" insertCount="10000" extractCount="10000" duration="104436570"/>
			<Sample nodeCount="40" insertCount="10000" extractCount="10000" duration="107489160"/>
			<Sample nodeCount="41" insertCount="10000" extractCount="10000" duration="110102525"/>
			<Sample nodeCount="42" insertCount="10000" extractCount="10000" duration="113816550"/>
			<Sample nodeCount="43" insertCount="10000" extractCount="10000" duration="116794685"/>
			<Sample nodeCount="44" insertCount="10000" extractCount="10000" duration="119407890"/>
			<Sample nodeCount="45" insertCount="10000" extractCount="10000" duration="121486625"/>
			<Sample nodeCount="46" insertCount="10000" extractCount="10000" duration="123693865"/>
			<Sample nodeCount="47" insertCount="10000" extractCount="10000" duration="129595820"/>
			<Sample nodeCount="48" insertCount="10000" extractCount="10000" duration="132222795"/>
			<Sample nodeCount="49" insertCount="10000" extractCount="10000" duration="135326745"/>
			<Sample nodeCount="50" insertCount="10000" extractCount="10000" duration="138194350"/>
			<Sample nodeCount="51" insertCount="10000" extractCount="10000" duration="142982065"/>
			<Sample nodeCount="52" insertCount="10000" extractCount="10000" duration="145748110"/>
			<Sample nodeCount="53" insertCount="10000" extractCount="10000" duration="147903265"/>
			<Sample nodeCount="54" insertCount="10000" extractCount="10000" duration="151829530"/>
			<Sample nodeCount="55" insertCount="10000" extractCount="10000" duration="156057190"/>
			<Sample nodeCount="56" insertCount="10000" extractCount="10000" duration="158006020"/>
			<Sample nodeCount="57" insertCount="10000" extractCount="10000" duration="160556130"/>
			<Sample nodeCount="58" insertCount="10000" extractCount="10000" duration="163930530"/>
			<Sample nodeCount="59" insertCount="10000" extractCount="10000" duration="168605445"/>
			<Sample nodeCount="60" insertCount="10000" extractCount="10000" duration="169945170"/>
			<Sample nodeCount="61" insertCount="10000" extractCount="10000" duration="172703495"/>
			<Sample nodeCount="62" insertCount="10000" extractCount="10000" duration="175769755"/>
			<Sample nodeCount="63" insertCount="10000" extractCount="10000" duration="178437535"/>
			<Sample nodeCount="64" insertCount="10000" extractCount="10000" duration="183060310"/>
			<Sample nodeCount="65" insertCount="10000" extractCount="10000" duration="184789985"/>
			<Sample nodeCount="66" insertCount="10000" extractCount="10000" duration="190313540"/>
			<Sample nodeCount="67" insertCount="10000" extractCount="10000" duration="192190565"/>
			<Sample nodeCount="68" insertCount="10000" extractCount="10000" duration="195700135"/>
			<Sample nodeCount="69" insertCount="10000" extractCount="10000" duration="198566905"/>
			<Sample nodeCount="70" insertCount="10000" extractCount="10000" duration="202464285"/>
			<Sample nodeCount="71" insertCount="10000" extractCount="10000" duration="205784940"/>
			<Sample nodeCount="72" insertCount="10000" extractCount="10000" duration="208858260"/>
			<Sample nodeCount="73" insertCount="10000" extractCount="10000" duration="213494200"/>
			<Sample nodeCount="74" insertCount="10000" extractCount="10000" duration="215443175"/>
			<Sample nodeCount="75" insertCount="10000" extractCount="10000" duration="218559075"/>
			<Sample nodeCount="76" insertCount="10000" extractCount="10000" duration="223428765"/>
			<Sample nodeCount="77" insertCount="10000" extractCount="10000" duration="224635365"/>
			<Sample nodeCount="78" insertCount="10000" extractCount="10000" duration="225206425"/>
			<Sample nodeCount="79" insertCount="10000" extractCount="10000" duration="230283900"/>
			<Sample nodeCount="80" insertCount="10000" extractCount="10000" duration="235115325"/>
			<Sample nodeCount="81" insertCount="10000" extractCount="10000" duration="238514345"/>
			<Sample nodeCount="82" insertCount="10000" extractCount="10000" duration="239291295"/>
			<Sample nodeCount="83" insertCount="10000" extractCount="10000" duration="245292270"/>
			<Sample nodeCount="84" insertCount="10000" extractCount="10000" duration="246015840"/>
			<Sample nodeCount="85" insertCount="10000" extractCount="10000" duration="251299095"/>
			<Sample nodeCount="86" insertCount="10000" extractCount="10000" duration="255156290"/>
			<Sample nodeCount="87" insertCount="10000" extractCount="10000" duration="259457450"/>
			<Sample nodeCount="88" insertCount="10000" extractCount="10000" duration="259799570"/>
			<Sample nodeCount="89" insertCount="10000" extractCount="10000" duration="264687855"/>
			<Sample nodeCount="90" insertCount="10000" extractCount="10000" duration="268250385"/>
			<Sample nodeCount="91" insertCount="10000" extractCount="10000" duration="268718265"/>
			<Sample nodeCount="92" insertCount="10000" extractCount="10000" duration="272122085"/>
			<Sample nodeCount="93" insertCount="10000" extractCount="10000" duration="277669455"/>
			<Sample nodeCount="94" insertCount="10000" extractCount="10000" duration="279754975"/>
			<Sample nodeCount="95" insertCount="10000" extractCount="10000" duration="284898130"/>
			<Sample nodeCount="96" insertCount="10000" extractCount="10000" duration="288046060"/>
			<Sample nodeCount="97" insertCount="10000" extractCount="10000" duration="291619905"/>
			<Sample nodeCount="98" insertCount="10000" extractCount="10000" duration="292275280"/>
			<Sample nodeCount="99" insertCount="10000" extractCount="10000" duration="296713435"/>
			<Sample nodeCount="100" insertCount="10000" extractCount="10000" duration="299975600"/>
			<Sample nodeCount="101" insertCount="10000" extractCount="10000" duration="305846955"/>
			<Sample nodeCount="102" insertCount="10000" extractCount="10000" duration="310222785"/>
			<Sample nodeCount="103" insertCount="10000" extractCount="10000" duration="310587820"/>
			<Sample nodeCount="104" insertCount="10000" extractCount="10000" duration="314085200"/>
			<Sample nodeCount="105" insertCount="10000" extractCount="10000" duration="317470820"/>
			<Sample nodeCount="106" insertCount="10000" extractCount="10000" duration="323656030"/>
			<Sample nodeCount="107" insertCount="10000" extractCount="10000" duration="324281590"/>
			<Sample nodeCount="108" insertCount="10000" extractCount="10000" duration="330433385"/>
			<Sample nodeCount="109" insertCount="10000" extractCount="10000" duration="330690925"/>
			<Sample nodeCount="110" insertCount="10000" extractCount="10000" duration="337836425"/>
			<Sample nodeCount="111" insertCount="10000" extractCount="10000" duration="337533715"/>
			<Sample nodeCount="112" insertCount="10000" extractCount="10000" duration="344159900"/>
			<Sample nodeCount="113" insertCount="10000" extractCount="10000" duration="344435255"/>
			<Sample nodeCount="114" insertCount="10000" extractCount="10000" duration="348101475"/>
			<Sample nodeCount="115" insertCount="10000" extractCount="10000" duration="355344465"/>
			<Sample nodeCount="116" insertCount="10000" extractCount="10000" duration="354657950"/>
			<Sample nodeCount="117" insertCount="10000" extractCount="10000" duration="360906150"/>
			<Sample nodeCount="118" insertCount="10000" extractCount="10000" duration="362011475"/>
			<Sample nodeCount="119" insertCount="10000" extractCount="10000" duration="369531880"/>
			<Sample nodeCount="120" insertCount="10000" extractCount="10000" duration="372252795"/>
			<Sample nodeCount="121" insertCount="10000" extractCount="10000" duration="371525835"/>
			<Sample nodeCount="122" insertCount="10000" extractCount="10000" duration="375232555"/>
			<Sample nodeCount="123" insertCount="10000" extractCount="10000" duration="378317180"/>
			<Sample nodeCount="124" insertCount="10000" extractCount="10000" duration="385623680"/>
			<Sample nodeCount="125" insertCount="10000" extractCount="10000" duration="384941835"/>
			<Sample nodeCount="126" insertCount="10000" extractCount="10000" duration="385658665"/>
			<Sample nodeCount="127" insertCount="10000" extractCount="10000" duration="391541835"/>
		</SmallSetLinear>
		<LargeSetLinear>
		</LargeSetLinear>
	</RBTest>
	<RBTest implementation="BSD" nodeSize="16">
		<SmallSetRandomOps>
			<Sample nodeCount="1" insertCount="62" extractCount="61" duration="9600"/>
			<Sample nodeCount="2" insertCount="123" extractCount="123" duration="23200"/>
			<Sample nodeCount="3" insertCount="186" extractCount="183" duration="94775"/>
			<Sample nodeCount="4" insertCount="247" extractCount="245" duration="63340"/>
			<Sample nodeCount="5" insertCount="309" extractCount="306" duration="177550"/>
			<Sample nodeCount="6" insertCount="370" extractCount="368" duration="207685"/>
			<Sample nodeCount="7" insertCount="433" extractCount="428" duration="255610"/>
			<Sample nodeCount="8" insertCount="493" extractCount="491" duration="164425"/>
			<Sample nodeCount="9" insertCount="557" extractCount="550" duration="334995"/>
			<Sample nodeCount="10" insertCount="619" extractCount="611" duration="368760"/>
			<Sample nodeCount="11" insertCount="680" extractCount="673" duration="405775"/>
			<Sample nodeCount="12" insertCount="740" extractCount="736" duration="446625"/>
			<Sample nodeCount="13" insertCount="803" extractCount="796" duration="497765"/>
			<Sample nodeCount="14" insertCount="864" extractCount="858" duration="533705"/>
			<Sample nodeCount="15" insertCount="927" extractCount="918" duration="576635"/>
			<Sample nodeCount="16" insertCount="988" extractCount="980" duration="371710"/>
			<Sample nodeCount="17" insertCount="1050" extractCount="1041" duration="662530"/>
			<Sample nodeCount="18" insertCount="1113" extractCount="1101" duration="688055"/>
			<Sample nodeCount="19" insertCount="1172" extractCount="1165" duration="736325"/>
			<Sample nodeCount="20" insertCount="1237" extractCount="1223" duration="775580"/>
			<Sample nodeCount="21" insertCount="1296" extractCount="1287" duration="820370"/>
			<Sample nodeCount="22" insertCount="1359" extractCount="1347" duration="858110"/>
			<Sample nodeCount="23" insertCount="1419" extractCount="1410" duration="896350"/>
			<Sample nodeCount="24" insertCount="1484" extractCount="1468" duration="943730"/>
			<Sample nodeCount="25" insertCount="1544" extractCount="1531" duration="980960"/>
			<Sample nodeCount="26" insertCount="1604" extractCount="1594" duration="1020210"/>
			<Sample nodeCount="27" insertCount="1668" extractCount="1653" duration="1064665"/>
			<Sample nodeCount="28" insertCount="1729" extractCount="1715" duration="1125900"/>
			<Sample nodeCount="29" insertCount="1790" extractCount="1777" duration="1161960"/>
			<Sample nodeCount="30" insertCount="1851" extractCount="1839" duration="1192350"/>
			<Sample nodeCount="31" insertCount="1914" extractCount="1899" duration="1250060"/>
			<Sample nodeCount="32" insertCount="1977" extractCount="1959" duration="810310"/>
			<Sample nodeCount="33" insertCount="2041" extractCount="2018" duration="1303400"/>
			<Sample nodeCount="34" insertCount="2097" extractCount="2085" duration="1329255"/>
			<Sample nodeCount="35" insertCount="2160" extractCount="2145" duration="1388290"/>
			<Sample nodeCount="36" insertCount="2221" extractCount="2207" duration="1435230"/>
			<Sample nodeCount="37" insertCount="2285" extractCount="2266" duration="1472825"/>
			<Sample nodeCount="38" insertCount="2346" extractCount="2328" duration="1503635"/>
			<Sample nodeCount="39" insertCount="2408" extractCount="2389" duration="1537865"/>
			<Sample nodeCount="40" insertCount="2471" extractCount="2449" duration="1594205"/>
			<Sample nodeCount="41" insertCount="2531" extractCount="2512" duration="1630020"/>
			<Sample nodeCount="42" insertCount="2593" extractCount="2573" duration="1673095"/>
			<Sample nodeCount="43" insertCount="2656" extractCount="2633" duration="1732920"/>
			<Sample nodeCount="44" insertCount="2717" extractCount="2695" duration="1766670"/>
			<Sample nodeCount="45" insertCount="2776" extractCount="2759" duration="1805215"/>
			<Sample nodeCount="46" insertCount="2840" extractCount="2818" duration="1842185"/>
			<Sample nodeCount="47" insertCount="2902" extractCount="2879" duration="1903120"/>
			<Sample nodeCount="48" insertCount="2966" extractCount="2938" duration="1915285"/>
			<Sample nodeCount="49" insertCount="3026" extractCount="3001" duration="1973260"/>
			<Sample nodeCount="50" insertCount="3084" extractCount="3066" duration="2030850"/>
			<Sample nodeCount="51" insertCount="3151" extractCount="3122" duration="2059910"/>
			<Sample nodeCount="52" insertCount="3209" extractCount="3187" duration="2120230"/>
			<Sample nodeCount="53" insertCount="3273" extractCount="3246" duration="2166000"/>
			<Sample nodeCount="54" insertCount="3337" extractCount="3305" duration="2205645"/>
			<Sample nodeCount="55" insertCount="3400" extractCount="3365" duration="2233675"/>
			<Sample nodeCount="56" insertCount="3458" extractCount="3430" duration="2277495"/>
			<Sample nodeCount="57" insertCount="3521" extractCount="3490" duration="2322350"/>
			<Sample nodeCount="58" insertCount="3580" extractCount="3554" duration="2358070"/>
			<Sample nodeCount="59" insertCount="3647" extractCount="3610" duration="2399005"/>
			<Sample nodeCount="60" insertCount="3706" extractCount="3674" duration="2434220"/>
			<Sample nodeCount="61" insertCount="3766" extractCount="3737" duration="2479255"/>
			<Sample nodeCount="62" insertCount="3828" extractCount="3798" duration="2518695"/>
			<Sample nodeCount="63" insertCount="3888" extractCount="3861" duration="2567540"/>
			<Sample nodeCount="64" insertCount="3952" extractCount="3920" duration="1693665"/>
			<Sample nodeCount="65" insertCount="4014" extractCount="3981" duration="2631360"/>
			<Sample nodeCount="66" insertCount="4077" extractCount="4041" duration="2665610"/>
			<Sample nodeCount="67" insertCount="4136" extractCount="4105" duration="2689460"/>
			<Sample nodeCount="68" insertCount="4200" extractCount="4164" duration="2731565"/>
			<Sample nodeCount="69" insertCount="4263" extractCount="4224" duration="2788375"/>
			<Sample nodeCount="70" insertCount="4325" extractCount="4285" duration="2817810"/>
			<Sample nodeCount="71" insertCount="4381" extractCount="4352" duration="2873530"/>
			<Sample nodeCount="72" insertCount="4448" extractCount="4408" duration="2904605"/>
			<Sample nodeCount="73" insertCount="4507" extractCount="4472" duration="2966875"/>
			<Sample nodeCount="74" insertCount="4571" extractCount="4531" duration="2984175"/>
			<Sample nodeCount="75" insertCount="4631" extractCount="4594" duration="3031240"/>
			<Sample nodeCount="76" insertCount="4693" extractCount="4655" duration="3087235"/>
			<Sample nodeCount="77" insertCount="4755" extractCount="4716" duration="3128710"/>
			<Sample nodeCount="78" insertCount="4817" extractCount="4777" duration="3172405"/>
			<Sample nodeCount="79" insertCount="4877" extractCount="4840" duration="3203030"/>
			<Sample nodeCount="80" insertCount="4942" extractCount="4898" duration="3241915"/>
			<Sample nodeCount="81" insertCount="5002" extractCount="4961" duration="3292155"/>
			<Sample nodeCount="82" insertCount="5063" extractCount="5023" duration="3326245"/>
			<Sample nodeCount="83" insertCount="5124" extractCount="5085" duration="3388060"/>
			<Sample nodeCount="84" insertCount="5187" extractCount="5145" duration="3429165"/>
			<Sample nodeCount="85" insertCount="5250" extractCount="5205" duration="3471215"/>
			<Sample nodeCount="86" insertCount="5314" extractCount="5264" duration="3519275"/>
			<Sample nodeCount="87" insertCount="5374" extractCount="5327" duration="3572620"/>
			<Sample nodeCount="88" insertCount="5432" extractCount="5392" duration="3596995"/>
			<Sample nodeCount="89" insertCount="5490" extractCount="5457" duration="3643525"/>
			<Sample nodeCount="90" insertCount="5559" extractCount="5511" duration="3670560"/>
			<Sample nodeCount="91" insertCount="5621" extractCount="5572" duration="3704605"/>
			<Sample nodeCount="92" insertCount="5680" extractCount="5636" duration="3762765"/>
			<Sample nodeCount="93" insertCount="5740" extractCount="5699" duration="3808310"/>
			<Sample nodeCount="94" insertCount="5803" extractCount="5759" duration="3844100"/>
			<Sample nodeCount="95" insertCount="5862" extractCount="5823" duration="3887935"/>
			<Sample nodeCount="96" insertCount="5929" extractCount="5879" duration="3939525"/>
			<Sample nodeCount="97" insertCount="5993" extractCount="5938" duration="3995785"/>
			<Sample nodeCount="98" insertCount="6055" extractCount="5999" duration="4020670"/>
			<Sample nodeCount="99" insertCount="6113" extractCount="6064" duration="4065980"/>
			<Sample nodeCount="100" insertCount="6172" extractCount="6128" duration="4102265"/>
			<Sample nodeCount="101" insertCount="6238" extractCount="6185" duration="4155910"/>
			<Sample nodeCount="102" insertCount="6299" extractCount="6247" duration="4194215"/>
			<Sample nodeCount="103" insertCount="6363" extractCount="6306" duration="4250440"/>
			<Sample nodeCount="104" insertCount="6426" extractCount="6366" duration="4283170"/>
			<Sample nodeCount="105" insertCount="6481" extractCount="6434" duration="4321995"/>
			<Sample nodeCount="106" insertCount="6544" extractCount="6494" duration="4372055"/>
			<Sample nodeCount="107" insertCount="6607" extractCount="6554" duration="4408105"/>
			<Sample nodeCount="108" insertCount="6669" extractCount="6615" duration="4438995"/>
			<Sample nodeCount="109" insertCount="6732" extractCount="6675" duration="4490465"/>
			<Sample nodeCount="110" insertCount="6794" extractCount="6736" duration="4542255"/>
			<Sample nodeCount="111" insertCount="6852" extractCount="6801" duration="4584235"/>
			<Sample nodeCount="112" insertCount="6918" extractCount="6858" duration="4623260"/>
			<Sample nodeCount="113" insertCount="6981" extractCount="6918" duration="4666825"/>
			<Sample nodeCount="114" insertCount="7041" extractCount="6981" duration="4708075"/>
			<Sample nodeCount="115" insertCount="7103" extractCount="7042" duration="4759800"/>
			<Sample nodeCount="116" insertCount="7164" extractCount="7104" duration="4816470"/>
			<Sample nodeCount="117" insertCount="7225" extractCount="7166" duration="4871960"/>
			<Sample nodeCount="118" insertCount="7291" extractCount="7223" duration="4876750"/>
			<Sample nodeCount="119" insertCount="7350" extractCount="7287" duration="4939510"/>
			<Sample nodeCount="120" insertCount="7410" extractCount="7350" duration="4962645"/>
			<Sample nodeCount="121" insertCount="7471" extractCount="7412" duration="5020715"/>
			<Sample nodeCount="122" insertCount="7537" extractCount="7469" duration="5059355"/>
			<Sample nodeCount="123" insertCount="7593" extractCount="7536" duration="5116055"/>
			<Sample nodeCount="124" insertCount="7658" extractCount="7594" duration="5134355"/>
			<Sample nodeCount="125" insertCount="7718" extractCount="7657" duration="5169220"/>
			<Sample nodeCount="126" insertCount="7781" extractCount="7717" duration="5210720"/>
			<Sample nodeCount="127" insertCount="7840" extractCount="7781" duration="5275065"/>
		</SmallSetRandomOps>
		<LargeSetRandomOps>
		</LargeSetRandomOps>
		<SmallSetLinear>
			<Sample nodeCount="1" insertCount="10000" extractCount="10000" duration="688500"/>
			<Sample nodeCount="2" insertCount="10000" extractCount="10000" duration="1897170"/>
			<Sample nodeCount="3" insertCount="10000" extractCount="10000" duration="3041435"/>
			<Sample nodeCount="4" insertCount="10000" extractCount="10000" duration="4985225"/>
			<Sample nodeCount="5" insertCount="10000" extractCount="10000" duration="7049595"/>
			<Sample nodeCount="6" insertCount="10000" extractCount="10000" duration="9146670"/>
			<Sample nodeCount="7" insertCount="10000" extractCount="10000" duration="11087680"/>
			<Sample nodeCount="8" insertCount="10000" extractCount="10000" duration="13384125"/>
			<Sample nodeCount="9" insertCount="10000" extractCount="10000" duration="15092175"/>
			<Sample nodeCount="10" insertCount="10000" extractCount="10000" duration="17972910"/>
			<Sample nodeCount="11" insertCount="10000" extractCount="10000" duration="20100595"/>
			<Sample nodeCount="12" insertCount="10000" extractCount="10000" duration="23137205"/>
			<Sample nodeCount="13" insertCount="10000" extractCount="10000" duration="25367530"/>
			<Sample nodeCount="14" insertCount="10000" extractCount="10000" duration="28764660"/>
			<Sample nodeCount="15" insertCount="10000" extractCount="10000" duration="30828845"/>
			<Sample nodeCount="16" insertCount="10000" extractCount="10000" duration="33932935"/>
			<Sample nodeCount="17" insertCount="10000" extractCount="10000" duration="35892245"/>
			<Sample nodeCount="18" insertCount="10000" extractCount="10000" duration="39896980"/>
			<Sample nodeCount="19" insertCount="10000" extractCount="10000" duration="41708250"/>
			<Sample nodeCount="20" insertCount="10000" extractCount="10000" duration="44711560"/>
			<Sample nodeCount="21" insertCount="10000" extractCount="10000" duration="46511135"/>
			<Sample nodeCount="22" insertCount="10000" extractCount="10000" duration="49981670"/>
			<Sample nodeCount="23" insertCount="10000" extractCount="10000" duration="52845690"/>
			<Sample nodeCount="24" insertCount="10000" extractCount="10000" duration="55599355"/>
			<Sample nodeCount="25" insertCount="10000" extractCount="10000" duration="58400870"/>
			<Sample nodeCount="26" insertCount="10000" extractCount="10000" duration="62349495"/>
			<Sample nodeCount="27" insertCount="10000" extractCount="10000" duration="64737095"/>
			<Sample nodeCount="28" insertCount="10000" extractCount="10000" duration="67088310"/>
			<Sample nodeCount="29" insertCount="10000" extractCount="10000" duration="69071660"/>
			<Sample nodeCount="30" insertCount="10000" extractCount="10000" duration="74331645"/>
			<Sample nodeCount="31" insertCount="10000" extractCount="10000" duration="76913140"/>
			<Sample nodeCount="32" insertCount="10000" extractCount="10000" duration="79974770"/>
			<Sample nodeCount="33" insertCount="10000" extractCount="10000" duration="81903860"/>
			<Sample nodeCount="34" insertCount="10000" extractCount="10000" duration="86052175"/>
			<Sample nodeCount="35" insertCount="10000" extractCount="10000" duration="87714245"/>
			<Sample nodeCount="36" insertCount="10000" extractCount="10000" duration="90260255"/>
			<Sample nodeCount="37" insertCount="10000" extractCount="10000" duration="92320230"/>
			<Sample nodeCount="38" insertCount="10000" extractCount="10000" duration="97835985"/>
			<Sample nodeCount="39" insertCount="10000" extractCount="10000" duration="99901380"/>
			<Sample nodeCount="40" insertCount="10000" extractCount="10000" duration="102684705"/>
			<Sample nodeCount="41" insertCount="10000" extractCount="10000" duration="104903245"/>
			<Sample nodeCount="42" insertCount="10000" extractCount="10000" duration="108500550"/>
			<Sample nodeCount="43" insertCount="10000" extractCount="10000" duration="110377980"/>
			<Sample nodeCount="44" insertCount="10000" extractCount="10000" duration="113106120"/>
			<Sample nodeCount="45" insertCount="10000" extractCount="10000" duration="115004900"/>
			<Sample nodeCount="46" insertCount="10000" extractCount="10000" duration="119906930"/>
			<Sample nodeCount="47" insertCount="10000" extractCount="10000" duration="122715885"/>
			<Sample nodeCount="48" insertCount="10000" extractCount="10000" duration="125032965"/>
			<Sample nodeCount="49" insertCount="10000" extractCount="10000" duration="128013785"/>
			<Sample nodeCount="50" insertCount="10000" extractCount="10000" duration="131783670"/>
			<Sample nodeCount="51" insertCount="10000" extractCount="10000" duration="134730675"/>
			<Sample nodeCount="52" insertCount="10000" extractCount="10000" duration="136278150"/>
			<Sample nodeCount="53" insertCount="10000" extractCount="10000" duration="138974680"/>
			<Sample nodeCount="54" insertCount="10000" extractCount="10000" duration="145128525"/>
			<Sample nodeCount="55" insertCount="10000" extractCount="10000" duration="147335570"/>
			<Sample nodeCount="56" insertCount="10000" extractCount="10000" duration="150136670"/>
			<Sample nodeCount="57" insertCount="10000" extractCount="10000" duration="152731555"/>
			<Sample nodeCount="58" insertCount="10000" extractCount="10000" duration="157039130"/>
			<Sample nodeCount="59" insertCount="10000" extractCount="10000" duration="159869705"/>
			<Sample nodeCount="60" insertCount="10000" extractCount="10000" duration="161638890"/>
			<Sample nodeCount="61" insertCount="10000" extractCount="10000" duration="164707335"/>
			<Sample nodeCount="62" insertCount="10000" extractCount="10000" duration="171613825"/>
			<Sample nodeCount="63" insertCount="10000" extractCount="10000" duration="174343655"/>
			<Sample nodeCount="64" insertCount="10000" extractCount="10000" duration="176309305"/>
			<Sample nodeCount="65" insertCount="10000" extractCount="10000" duration="179804580"/>
			<Sample nodeCount="66" insertCount="10000" extractCount="10000" duration="184187480"/>
			<Sample nodeCount="67" insertCount="10000" extractCount="10000" duration="187508180"/>
			<Sample nodeCount="68" insertCount="10000" extractCount="10000" duration="190281335"/>
			<Sample nodeCount="69" insertCount="10000" extractCount="10000" duration="192805230"/>
			<Sample nodeCount="70" insertCount="10000" extractCount="10000" duration="199385535"/>
			<Sample nodeCount="71" insertCount="10000" extractCount="10000" duration="202257175"/>
			<Sample nodeCount="72" insertCount="10000" extractCount="10000" duration="205050135"/>
			<Sample nodeCount="73" insertCount="10000" extractCount="10000" duration="208131230"/>
			<Sample nodeCount="74" insertCount="10000" extractCount="10000" duration="212517920"/>
			<Sample nodeCount="75" insertCount="10000" extractCount="10000" duration="214996625"/>
			<Sample nodeCount="76" insertCount="10000" extractCount="10000" duration="217334015"/>
			<Sample nodeCount="77" insertCount="10000" extractCount="10000" duration="220397415"/>
			<Sample nodeCount="78" insertCount="10000" extractCount="10000" duration="227218495"/>
			<Sample nodeCount="79" insertCount="10000" extractCount="10000" duration="230621160"/>
			<Sample nodeCount="80" insertCount="10000" extractCount="10000" duration="233053105"/>
			<Sample nodeCount="81" insertCount="10000" extractCount="10000" duration="236041815"/>
			<Sample nodeCount="82" insertCount="10000" extractCount="10000" duration="239912945"/>
			<Sample nodeCount="83" insertCount="10000" extractCount="10000" duration="243665690"/>
			<Sample nodeCount="84" insertCount="10000" extractCount="10000" duration="245988685"/>
			<Sample nodeCount="85" insertCount="10000" extractCount="10000" duration="248736805"/>
			<Sample nodeCount="86" insertCount="10000" extractCount="10000" duration="254791120"/>
			<Sample nodeCount="87" insertCount="10000" extractCount="10000" duration="257568220"/>
			<Sample nodeCount="88" insertCount="10000" extractCount="10000" duration="260509740"/>
			<Sample nodeCount="89" insertCount="10000" extractCount="10000" duration="263233145"/>
			<Sample nodeCount="90" insertCount="10000" extractCount="10000" duration="267951060"/>
			<Sample nodeCount="91" insertCount="10000" extractCount="10000" duration="270657910"/>
			<Sample nodeCount="92" insertCount="10000" extractCount="10000" duration="272294380"/>
			<Sample nodeCount="93" insertCount="10000" extractCount="10000" duration="275593895"/>
			<Sample nodeCount="94" insertCount="10000" extractCount="10000" duration="283526405"/>
			<Sample nodeCount="95" insertCount="10000" extractCount="10000" duration="286825760"/>
			<Sample nodeCount="96" insertCount="10000" extractCount="10000" duration="288870565"/>
			<Sample nodeCount="97" insertCount="10000" extractCount="10000" duration="292820130"/>
			<Sample nodeCount="98" insertCount="10000" extractCount="10000" duration="297680960"/>
			<Sample nodeCount="99" insertCount="10000" extractCount="10000" duration="298749910"/>
			<Sample nodeCount="100" insertCount="10000" extractCount="10000" duration="301167565"/>
			<Sample nodeCount="101" insertCount="10000" extractCount="10000" duration="304023915"/>
			<Sample nodeCount="102" insertCount="10000" extractCount="10000" duration="310604165"/>
			<Sample nodeCount="103" insertCount="10000" extractCount="10000" duration="314229030"/>
			<Sample nodeCount="104" insertCount="10000" extractCount="10000" duration="317101155"/>
			<Sample nodeCount="105" insertCount="10000" extractCount="10000" duration="320159855"/>
			<Sample nodeCount="106" insertCount="10000" extractCount="10000" duration="324785250"/>
			<Sample nodeCount="107" insertCount="10000" extractCount="10000" duration="327658155"/>
			<Sample nodeCount="108" insertCount="10000" extractCount="10000" duration="329992165"/>
			<Sample nodeCount="109" insertCount="10000" extractCount="10000" duration="333190225"/>
			<Sample nodeCount="110" insertCount="10000" extractCount="10000" duration="343237605"/>
			<Sample nodeCount="111" insertCount="10000" extractCount="10000" duration="345452950"/>
			<Sample nodeCount="112" insertCount="10000" extractCount="10000" duration="347911875"/>
			<Sample nodeCount="113" insertCount="10000" extractCount="10000" duration="350764810"/>
			<Sample nodeCount="114" insertCount="10000" extractCount="10000" duration="356024515"/>
			<Sample nodeCount="115" insertCount="10000" extractCount="10000" duration="357437435"/>
			<Sample nodeCount="116" insertCount="10000" extractCount="10000" duration="359768690"/>
			<Sample nodeCount="117" insertCount="10000" extractCount="10000" duration="362659205"/>
			<Sample nodeCount="118" insertCount="10000" extractCount="10000" duration="369381560"/>
			<Sample nodeCount="119" insertCount="10000" extractCount="10000" duration="372681670"/>
			<Sample nodeCount="120" insertCount="10000" extractCount="10000" duration="375776075"/>
			<Sample nodeCount="121" insertCount="10000" extractCount="10000" duration="379015185"/>
			<Sample nodeCount="122" insertCount="10000" extractCount="10000" duration="384169575"/>
			<Sample nodeCount="123" insertCount="10000" extractCount="10000" duration="387033410"/>
			<Sample nodeCount="124" insertCount="10000" extractCount="10000" duration="388010370"/>
			<Sample nodeCount="125" insertCount="10000" extractCount="10000" duration="392362560"/>
			<Sample nodeCount="126" insertCount="10000" extractCount="10000" duration="400377860"/>
			<Sample nodeCount="127" insertCount="10000" extractCount="10000" duration="403527005"/>
		</SmallSetLinear>
		<LargeSetLinear>
		</LargeSetLinear>
	</RBTest>
	<RBTest implementation="RB Old" nodeSize="16">
		<SmallSetRandomOps>
			<Sample nodeCount="1" insertCount="62" extractCount="61" duration="9040"/>
			<Sample nodeCount="2" insertCount="123" extractCount="123" duration="21385"/>
			<Sample nodeCount="3" insertCount="186" extractCount="183" duration="93200"/>
			<Sample nodeCount="4" insertCount="247" extractCount="245" duration="61995"/>
			<Sample nodeCount="5" insertCount="309" extractCount="306" duration="176370"/>
			<Sample nodeCount="6" insertCount="370" extractCount="368" duration="211785"/>
			<Sample nodeCount="7" insertCount="433" extractCount="428" duration="249395"/>
			<Sample nodeCount="8" insertCount="493" extractCount="491" duration="161230"/>
			<Sample nodeCount="9" insertCount="557" extractCount="550" duration="328010"/>
			<Sample nodeCount="10" insertCount="619" extractCount="611" duration="358670"/>
			<Sample nodeCount="11" insertCount="680" extractCount="673" duration="401785"/>
			<Sample nodeCount="12" insertCount="740" extractCount="736" duration="440060"/>
			<Sample nodeCount="13" insertCount="803" extractCount="796" duration="488605"/>
			<Sample nodeCount="14" insertCount="864" extractCount="858" duration="524980"/>
			<Sample nodeCount="15" insertCount="927" extractCount="918" duration="556145"/>
			<Sample nodeCount="16" insertCount="988" extractCount="980" duration="343575"/>
			<Sample nodeCount="17" insertCount="1050" extractCount="1041" duration="639485"/>
			<Sample nodeCount="18" insertCount="1113" extractCount="1101" duration="674760"/>
			<Sample nodeCount="19" insertCount="1172" extractCount="1165" duration="712465"/>
			<Sample nodeCount="20" insertCount="1237" extractCount="1223" duration="746240"/>
			<Sample nodeCount="21" insertCount="1296" extractCount="1287" duration="783205"/>
			<Sample nodeCount="22" insertCount="1359" extractCount="1347" duration="835430"/>
			<Sample nodeCount="23" insertCount="1419" extractCount="1410" duration="863630"/>
			<Sample nodeCount="24" insertCount="1484" extractCount="1468" duration="912140"/>
			<Sample nodeCount="25" insertCount="1544" extractCount="1531" duration="940580"/>
			<Sample nodeCount="26" insertCount="1604" extractCount="1594" duration="978300"/>
			<Sample nodeCount="27" insertCount="1668" extractCount="1653" duration="1019440"/>
			<Sample nodeCount="28" insertCount="1729" extractCount="1715" duration="1059865"/>
			<Sample nodeCount="29" insertCount="1790" extractCount="1777" duration="1101875"/>
			<Sample nodeCount="30" insertCount="1851" extractCount="1839" duration="1134530"/>
			<Sample nodeCount="31" insertCount="1914" extractCount="1899" duration="1178795"/>
			<Sample nodeCount="32" insertCount="1977" extractCount="1959" duration="741050"/>
			<Sample nodeCount="33" insertCount="2041" extractCount="2018" duration="1249900"/>
			<Sample nodeCount="34" insertCount="2097" extractCount="2085" duration="1274140"/>
			<Sample nodeCount="35" insertCount="2160" extractCount="2145" duration="1327930"/>
			<Sample nodeCount="36" insertCount="2221" extractCount="2207" duration="1360790"/>
			<Sample nodeCount="37" insertCount="2285" extractCount="2266" duration="1407640"/>
			<Sample nodeCount="38" insertCount="2346" extractCount="2328" duration="1440190"/>
			<Sample nodeCount="39" insertCount="2408" extractCount="2389" duration="1481205"/>
			<Sample nodeCount="40" insertCount="2471" extractCount="2449" duration="1512540"/>
			<Sample nodeCount="41" insertCount="2531" extractCount="2512" duration="1556035"/>
			<Sample nodeCount="42" insertCount="2593" extractCount="2573" duration="1586450"/>
			<Sample nodeCount="43" insertCount="2656" extractCount="2633" duration="1646210"/>
			<Sample nodeCount="44" insertCount="2717" extractCount="2695" duration="1672485"/>
			<Sample nodeCount="45" insertCount="2776" extractCount="2759" duration="1702995"/>
			<Sample nodeCount="46" insertCount="2840" extractCount="2818" duration="1733645"/>
			<Sample nodeCount="47" insertCount="2902" extractCount="2879" duration="1801655"/>
			<Sample nodeCount="48" insertCount="2966" extractCount="2938" duration="1846155"/>
			<Sample nodeCount="49" insertCount="3026" extractCount="3001" duration="1877985"/>
			<Sample nodeCount="50" insertCount="3084" extractCount="3066" duration="1922555"/>
			<Sample nodeCount="51" insertCount="3151" extractCount="3122" duration="1950580"/>
			<Sample nodeCount="52" insertCount="3209" extractCount="3187" duration="1996175"/>
			<Sample nodeCount="53" insertCount="3273" extractCount="3246" duration="2042070"/>
			<Sample nodeCount="54" insertCount="3337" extractCount="3305" duration="2087485"/>
			<Sample nodeCount="55" insertCount="3400" extractCount="3365" duration="2112640"/>
			<Sample nodeCount="56" insertCount="3458" extractCount="3430" duration="2147380"/>
			<Sample nodeCount="57" insertCount="3521" extractCount="3490" duration="2204600"/>
			<Sample nodeCount="58" insertCount="3580" extractCount="3554" duration="2232990"/>
			<Sample nodeCount="59" insertCount="3647" extractCount="3610" duration="2280110"/>
			<Sample nodeCount="60" insertCount="3706" extractCount="3674" duration="2302225"/>
			<Sample nodeCount="61" insertCount="3766" extractCount="3737" duration="2374380"/>
			<Sample nodeCount="62" insertCount="3828" extractCount="3798" duration="2368470"/>
			<Sample nodeCount="63" insertCount="3888" extractCount="3861" duration="2438070"/>
			<Sample nodeCount="64" insertCount="3952" extractCount="3920" duration="1510170"/>
			<Sample nodeCount="65" insertCount="4014" extractCount="3981" duration="2473100"/>
			<Sample nodeCount="66" insertCount="4077" extractCount="4041" duration="2509365"/>
			<Sample nodeCount="67" insertCount="4136" extractCount="4105" duration="2563000"/>
			<Sample nodeCount="68" insertCount="4200" extractCount="4164" duration="2573725"/>
			<Sample nodeCount="69" insertCount="4263" extractCount="4224" duration="2612150"/>
			<Sample nodeCount="70" insertCount="4325" extractCount="4285" duration="2692675"/>
			<Sample nodeCount="71" insertCount="4381" extractCount="4352" duration="2687270"/>
			<Sample nodeCount="72" insertCount="4448" extractCount="4408" duration="2743205"/>
			<Sample nodeCount="73" insertCount="4507" extractCount="4472" duration="2770895"/>
			<Sample nodeCount="74" insertCount="4571" extractCount="4531" duration="2819115"/>
			<Sample nodeCount="75" insertCount="4631" extractCount="4594" duration="2864480"/>
			<Sample nodeCount="76" insertCount="4693" extractCount="4655" duration="2888695"/>
			<Sample nodeCount="77" insertCount="4755" extractCount="4716" duration="2945475"/>
			<Sample nodeCount="78" insertCount="4817" extractCount="4777" duration="2972830"/>
			<Sample nodeCount="79" insertCount="4877" extractCount="4840" duration="3021895"/>
			<Sample nodeCount="80" insertCount="4942" extractCount="4898" duration="3037485"/>
			<Sample nodeCount="81" insertCount="5002" extractCount="4961" duration="3102145"/>
			<Sample nodeCount="82" insertCount="5063" extractCount="5023" duration="3126145"/>
			<Sample nodeCount="83" insertCount="5124" extractCount="5085" duration="3198905"/>
			<Sample nodeCount="84" insertCount="5187" extractCount="5145" duration="3220230"/>
			<Sample nodeCount="85" insertCount="5250" extractCount="5205" duration="3258140"/>
			<Sample nodeCount="86" insertCount="5314" extractCount="5264" duration="3288365"/>
			<Sample nodeCount="87" insertCount="5374" extractCount="5327" duration="3352905"/>
			<Sample nodeCount="88" insertCount="5432" extractCount="5392" duration="3414375"/>
			<Sample nodeCount="89" insertCount="5490" extractCount="5457" duration="3420340"/>
			<Sample nodeCount="90" insertCount="5559" extractCount="5511" duration="3439570"/>
			<Sample nodeCount="91" insertCount="5621" extractCount="5572" duration="3491025"/>
			<Sample nodeCount="92" insertCount="5680" extractCount="5636" duration="3527170"/>
			<Sample nodeCount="93" insertCount="5740" extractCount="5699" duration="3587225"/>
			<Sample nodeCount="94" insertCount="5803" extractCount="5759" duration="3604260"/>
			<Sample nodeCount="95" insertCount="5862" extractCount="5823" duration="3673970"/>
			<Sample nodeCount="96" insertCount="5929" extractCount="5879" duration="3698640"/>
			<Sample nodeCount="97" insertCount="5993" extractCount="5938" duration="3731685"/>
			<Sample nodeCount="98" insertCount="6055" extractCount="5999" duration="3770725"/>
			<Sample nodeCount="99" insertCount="6113" extractCount="6064" duration="3834085"/>
			<Sample nodeCount="100" insertCount="6172" extractCount="6128" duration="3865675"/>
			<Sample nodeCount="101" insertCount="6238" extractCount="6185" duration="3911700"/>
			<Sample nodeCount="102" insertCount="6299" extractCount="6247" duration="3945030"/>
			<Sample nodeCount="103" insertCount="6363" extractCount="6306" duration="3987195"/>
			<Sample nodeCount="104" insertCount="6426" extractCount="6366" duration="4026460"/>
			<Sample nodeCount="105" insertCount="6481" extractCount="6434" duration="4078455"/>
			<Sample nodeCount="106" insertCount="6544" extractCount="6494" duration="4139295"/>
			<Sample nodeCount="107" insertCount="6607" extractCount="6554" duration="4136590"/>
			<Sample nodeCount="108" insertCount="6669" extractCount="6615" duration="4184090"/>
			<Sample nodeCount="109" insertCount="6732" extractCount="6675" duration="4221905"/>
			<Sample nodeCount="110" insertCount="6794" extractCount="6736" duration="4250630"/>
			<Sample nodeCount="111" insertCount="6852" extractCount="6801" duration="4326445"/>
			<Sample nodeCount="112" insertCount="6918" extractCount="6858" duration="4339135"/>
			<Sample nodeCount="113" insertCount="6981" extractCount="6918" duration="4401100"/>
			<Sample nodeCount="114" insertCount="7041" extractCount="6981" duration="4423630"/>
			<Sample nodeCount="115" insertCount="7103" extractCount="7042" duration="4483290"/>
			<Sample nodeCount="116" insertCount="7164" extractCount="7104" duration="4505685"/>
			<Sample nodeCount="117" insertCount="7225" extractCount="7166" duration="4564120"/>
			<Sample nodeCount="118" insertCount="7291" extractCount="7223" duration="4588035"/>
			<Sample nodeCount="119" insertCount="7350" extractCount="7287" duration="4633795"/>
			<Sample nodeCount="120" insertCount="7410" extractCount="7350" duration="4659455"/>
			<Sample nodeCount="121" insertCount="7471" extractCount="7412" duration="4719610"/>
			<Sample nodeCount="122" insertCount="7537" extractCount="7469" duration="4742745"/>
			<Sample nodeCount="123" insertCount="7593" extractCount="7536" duration="4811170"/>
			<Sample nodeCount="124" insertCount="7658" extractCount="7594" duration="4824510"/>
			<Sample nodeCount="125" insertCount="7718" extractCount="7657" duration="4866360"/>
			<Sample nodeCount="126" insertCount="7781" extractCount="7717" duration="4887740"/>
			<Sample nodeCount="127" insertCount="7840" extractCount="7781" duration="4980805"/>
		</SmallSetRandomOps>
		<LargeSetRandomOps>
		</LargeSetRandomOps>
		<SmallSetLinear>
			<Sample nodeCount="1" insertCount="10000" extractCount="10000" duration="613630"/>
			<Sample nodeCount="2" insertCount="10000" extractCount="10000" duration="1420670"/>
			<Sample nodeCount="3" insertCount="10000" extractCount="10000" duration="2907400"/>
			<Sample nodeCount="4" insertCount="10000" extractCount="10000" duration="4993855"/>
			<Sample nodeCount="5" insertCount="10000" extractCount="10000" duration="6718080"/>
			<Sample nodeCount="6" insertCount="10000" extractCount="10000" duration="8777530"/>
			<Sample nodeCount="7" insertCount="10000" extractCount="10000" duration="10984440"/>
			<Sample nodeCount="8" insertCount="10000" extractCount="10000" duration="13506770"/>
			<Sample nodeCount="9" insertCount="10000" extractCount="10000" duration="15762480"/>
			<Sample nodeCount="10" insertCount="10000" extractCount="10000" duration="18677075"/>
			<Sample nodeCount="11" insertCount="10000" extractCount="10000" duration="21179570"/>
			<Sample nodeCount="12" insertCount="10000" extractCount="10000" duration="23910895"/>
			<Sample nodeCount="13" insertCount="10000" extractCount="10000" duration="26999160"/>
			<Sample nodeCount="14" insertCount="10000" extractCount="10000" duration="30547240"/>
			<Sample nodeCount="15" insertCount="10000" extractCount="10000" duration="33146090"/>
			<Sample nodeCount="16" insertCount="10000" extractCount="10000" duration="36081490"/>
			<Sample nodeCount="17" insertCount="10000" extractCount="10000" duration="39306205"/>
			<Sample nodeCount="18" insertCount="10000" extractCount="10000" duration="43179370"/>
			<Sample nodeCount="19" insertCount="10000" extractCount="10000" duration="45270100"/>
			<Sample nodeCount="20" insertCount="10000" extractCount="10000" duration="48506480"/>
			<Sample nodeCount="21" insertCount="10000" extractCount="10000" duration="51152450"/>
			<Sample nodeCount="22" insertCount="10000" extractCount="10000" duration="55504640"/>
			<Sample nodeCount="23" insertCount="10000" extractCount="10000" duration="57903390"/>
			<Sample nodeCount="24" insertCount="10000" extractCount="10000" duration="61032210"/>
			<Sample nodeCount="25" insertCount="10000" extractCount="10000" duration="64224700"/>
			<Sample nodeCount="26" insertCount="10000" extractCount="10000" duration="69400260"/>
			<Sample nodeCount="27" insertCount="10000" extractCount="10000" duration="72113865"/>
			<Sample nodeCount="28" insertCount="10000" extractCount="10000" duration="75299490"/>
			<Sample nodeCount="29" insertCount="10000" extractCount="10000" duration="77495150"/>
			<Sample nodeCount="30" insertCount="10000" extractCount="10000" duration="81260145"/>
			<Sample nodeCount="31" insertCount="10000" extractCount="10000" duration="84337150"/>
			<Sample nodeCount="32" insertCount="10000" extractCount="10000" duration="88853930"/>
			<Sample nodeCount="33" insertCount="10000" extractCount="10000" duration="91218665"/>
			<Sample nodeCount="34" insertCount="10000" extractCount="10000" duration="96296430"/>
			<Sample nodeCount="35" insertCount="10000" extractCount="10000" duration="98958390"/>
			<Sample nodeCount="36" insertCount="10000" extractCount="10000" duration="102798140"/>
			<Sample nodeCount="37" insertCount="10000" extractCount="10000" duration="105659945"/>
			<Sample nodeCount="38" insertCount="10000" extractCount="10000" duration="110812280"/>
			<Sample nodeCount="39" insertCount="10000" extractCount="10000" duration="113689180"/>
			<Sample nodeCount="40" insertCount="10000" extractCount="10000" duration="116721385"/>
			<Sample nodeCount="41" insertCount="10000" extractCount="10000" duration="119744270"/>
			<Sample nodeCount="42" insertCount="10000" extractCount="10000" duration="124234075"/>
			<Sample nodeCount="43" insertCount="10000" extractCount="10000" duration="126959100"/>
			<Sample nodeCount="44" insertCount="10000" extractCount="10000" duration="129386350"/>
			<Sample nodeCount="45" insertCount="10000" extractCount="10000" duration="132333960"/>
			<Sample nodeCount="46" insertCount="10000" extractCount="10000" duration="138007320"/>
			<Sample nodeCount="47" insertCount="10000" extractCount="10000" duration="141039460"/>
			<Sample nodeCount="48" insertCount="10000" extractCount="10000" duration="144277280"/>
			<Sample nodeCount="49" insertCount="10000" extractCount="10000" duration="147986825"/>
			<Sample nodeCount="50" insertCount="10000" extractCount="10000" duration="153061675"/>
			<Sample nodeCount="51" insertCount="10000" extractCount="10000" duration="157022360"/>
			<Sample nodeCount="52" insertCount="10000" extractCount="10000" duration="159675970"/>
			<Sample nodeCount="53" insertCount="10000" extractCount="10000" duration="163718550"/>
			<Sample nodeCount="54" insertCount="10000" extractCount="10000" duration="168746645"/>
			<Sample nodeCount="55" insertCount="10000" extractCount="10000" duration="171634930"/>
			<Sample nodeCount="56" insertCount="10000" extractCount="10000" duration="174627835"/>
			<Sample nodeCount="57" insertCount="10000" extractCount="10000" duration="178700435"/>
			<Sample nodeCount="58" insertCount="10000" extractCount="10000" duration="183135315"/>
			<Sample nodeCount="59" insertCount="10000" extractCount="10000" duration="185800455"/>
			<Sample nodeCount="60" insertCount="10000" extractCount="10000" duration="188703455"/>
			<Sample nodeCount="61" insertCount="10000" extractCount="10000" duration="191965835"/>
			<Sample nodeCount="62" insertCount="10000" extractCount="10000" duration="198332430"/>
			<Sample nodeCount="63" insertCount="10000" extractCount="10000" duration="201053905"/>
			<Sample nodeCount="64" insertCount="10000" extractCount="10000" duration="204910030"/>
			<Sample nodeCount="65" insertCount="10000" extractCount="10000" duration="207249170"/>
			<Sample nodeCount="66" insertCount="10000" extractCount="10000" duration="211893110"/>
			<Sample nodeCount="67" insertCount="10000" extractCount="10000" duration="216733220"/>
			<Sample nodeCount="68" insertCount="10000" extractCount="10000" duration="219537085"/>
			<Sample nodeCount="69" insertCount="10000" extractCount="10000" duration="221591530"/>
			<Sample nodeCount="70" insertCount="10000" extractCount="10000" duration="227677855"/>
			<Sample nodeCount="71" insertCount="10000" extractCount="10000" duration="230507360"/>
			<Sample nodeCount="72" insertCount="10000" extractCount="10000" duration="234345530"/>
			<Sample nodeCount="73" insertCount="10000" extractCount="10000" duration="238155330"/>
			<Sample nodeCount="74" insertCount="10000" extractCount="10000" duration="241785680"/>
			<Sample nodeCount="75" insertCount="10000" extractCount="10000" duration="244602080"/>
			<Sample nodeCount="76" insertCount="10000" extractCount="10000" duration="248155820"/>
			<Sample nodeCount="77" insertCount="10000" extractCount="10000" duration="252536405"/>
			<Sample nodeCount="78" insertCount="10000" extractCount="10000" duration="258025010"/>
			<Sample nodeCount="79" insertCount="10000" extractCount="10000" duration="260485235"/>
			<Sample nodeCount="80" insertCount="10000" extractCount="10000" duration="264800265"/>
			<Sample nodeCount="81" insertCount="10000" extractCount="10000" duration="268232515"/>
			<Sample nodeCount="82" insertCount="10000" extractCount="10000" duration="272947815"/>
			<Sample nodeCount="83" insertCount="10000" extractCount="10000" duration="276234235"/>
			<Sample nodeCount="84" insertCount="10000" extractCount="10000" duration="279067100"/>
			<Sample nodeCount="85" insertCount="10000" extractCount="10000" duration="282111045"/>
			<Sample nodeCount="86" insertCount="10000" extractCount="10000" duration="287726340"/>
			<Sample nodeCount="87" insertCount="10000" extractCount="10000" duration="290758635"/>
			<Sample nodeCount="88" insertCount="10000" extractCount="10000" duration="293933805"/>
			<Sample nodeCount="89" insertCount="10000" extractCount="10000" duration="296984525"/>
			<Sample nodeCount="90" insertCount="10000" extractCount="10000" duration="302051355"/>
			<Sample nodeCount="91" insertCount="10000" extractCount="10000" duration="305212405"/>
			<Sample nodeCount="92" insertCount="10000" extractCount="10000" duration="308411015"/>
			<Sample nodeCount="93" insertCount="10000" extractCount="10000" duration="311727480"/>
			<Sample nodeCount="94" insertCount="10000" extractCount="10000" duration="317865860"/>
			<Sample nodeCount="95" insertCount="10000" extractCount="10000" duration="321512575"/>
			<Sample nodeCount="96" insertCount="10000" extractCount="10000" duration="325416550"/>
			<Sample nodeCount="97" insertCount="10000" extractCount="10000" duration="329098915"/>
			<Sample nodeCount="98" insertCount="10000" extractCount="10000" duration="333361460"/>
			<Sample nodeCount="99" insertCount="10000" extractCount="10000" duration="336600185"/>
			<Sample nodeCount="100" insertCount="10000" extractCount="10000" duration="341247880"/>
			<Sample nodeCount="101" insertCount="10000" extractCount="10000" duration="345078380"/>
			<Sample nodeCount="102" insertCount="10000" extractCount="10000" duration="349866145"/>
			<Sample nodeCount="103" insertCount="10000" extractCount="10000" duration="352808910"/>
			<Sample nodeCount="104" insertCount="10000" extractCount="10000" duration="356400920"/>
			<Sample nodeCount="105" insertCount="10000" extractCount="10000" duration="360495715"/>
			<Sample nodeCount="106" insertCount="10000" extractCount="10000" duration="365131925"/>
			<Sample nodeCount="107" insertCount="10000" extractCount="10000" duration="369260555"/>
			<Sample nodeCount="108" insertCount="10000" extractCount="10000" duration="371799010"/>
			<Sample nodeCount="109" insertCount="10000" extractCount="10000" duration="375710685"/>
			<Sample nodeCount="110" insertCount="10000" extractCount="10000" duration="382433425"/>
			<Sample nodeCount="111" insertCount="10000" extractCount="10000" duration="386861170"/>
			<Sample nodeCount="112" insertCount="10000" extractCount="10000" duration="390107550"/>
			<Sample nodeCount="113" insertCount="10000" extractCount="10000" duration="393804165"/>
			<Sample nodeCount="114" insertCount="10000" extractCount="10000" duration="398200650"/>
			<Sample nodeCount="115" insertCount="10000" extractCount="10000" duration="402129550"/>
			<Sample nodeCount="116" insertCount="10000" extractCount="10000" duration="405255815"/>
			<Sample nodeCount="117" insertCount="10000" extractCount="10000" duration="409326790"/>
			<Sample nodeCount="118" insertCount="10000" extractCount="10000" duration="413699740"/>
			<Sample nodeCount="119" insertCount="10000" extractCount="10000" duration="417747060"/>
			<Sample nodeCount="120" insertCount="10000" extractCount="10000" duration="419258065"/>
			<Sample nodeCount="121" insertCount="10000" extractCount="10000" duration="424503105"/>
			<Sample nodeCount="122" insertCount="10000" extractCount="10000" duration="428089020"/>
			<Sample nodeCount="123" insertCount="10000" extractCount="10000" duration="432413220"/>
			<Sample nodeCount="124" insertCount="10000" extractCount="10000" duration="434888820"/>
			<Sample nodeCount="125" insertCount="10000" extractCount="10000" duration="439440260"/>
			<Sample nodeCount="126" insertCount="10000" extractCount="10000" duration="446564200"/>
			<Sample nodeCount="127" insertCount="10000" extractCount="10000" duration="450708535"/>
		</SmallSetLinear>
		<LargeSetLinear>
		</LargeSetLinear>
	</RBTest>
	<RBTest implementation="Linux" nodeSize="12">
		<SmallSetRandomOps>
			<Sample nodeCount="1" insertCount="62" extractCount="61" duration="8930"/>
			<Sample nodeCount="2" insertCount="123" extractCount="123" duration="22450"/>
			<Sample nodeCount="3" insertCount="186" extractCount="183" duration="93350"/>
			<Sample nodeCount="4" insertCount="247" extractCount="245" duration="61070"/>
			<Sample nodeCount="5" insertCount="309" extractCount="306" duration="166185"/>
			<Sample nodeCount="6" insertCount="370" extractCount="368" duration="208605"/>
			<Sample nodeCount="7" insertCount="433" extractCount="428" duration="241655"/>
			<Sample nodeCount="8" insertCount="493" extractCount="491" duration="144380"/>
			<Sample nodeCount="9" insertCount="557" extractCount="550" duration="310415"/>
			<Sample nodeCount="10" insertCount="619" extractCount="611" duration="344925"/>
			<Sample nodeCount="11" insertCount="680" extractCount="673" duration="387405"/>
			<Sample nodeCount="12" insertCount="740" extractCount="736" duration="422650"/>
			<Sample nodeCount="13" insertCount="803" extractCount="796" duration="463195"/>
			<Sample nodeCount="14" insertCount="864" extractCount="858" duration="498320"/>
			<Sample nodeCount="15" insertCount="927" extractCount="918" duration="532615"/>
			<Sample nodeCount="16" insertCount="988" extractCount="980" duration="321605"/>
			<Sample nodeCount="17" insertCount="1050" extractCount="1041" duration="607600"/>
			<Sample nodeCount="18" insertCount="1113" extractCount="1101" duration="642600"/>
			<Sample nodeCount="19" insertCount="1172" extractCount="1165" duration="677810"/>
			<Sample nodeCount="20" insertCount="1237" extractCount="1223" duration="723045"/>
			<Sample nodeCount="21" insertCount="1296" extractCount="1287" duration="754785"/>
			<Sample nodeCount="22" insertCount="1359" extractCount="1347" duration="787860"/>
			<Sample nodeCount="23" insertCount="1419" extractCount="1410" duration="827960"/>
			<Sample nodeCount="24" insertCount="1484" extractCount="1468" duration="860555"/>
			<Sample nodeCount="25" insertCount="1544" extractCount="1531" duration="898715"/>
			<Sample nodeCount="26" insertCount="1604" extractCount="1594" duration="938930"/>
			<Sample nodeCount="27" insertCount="1668" extractCount="1653" duration="970345"/>
			<Sample nodeCount="28" insertCount="1729" extractCount="1715" duration="1021845"/>
			<Sample nodeCount="29" insertCount="1790" extractCount="1777" duration="1056405"/>
			<Sample nodeCount="30" insertCount="1851" extractCount="1839" duration="1082990"/>
			<Sample nodeCount="31" insertCount="1914" extractCount="1899" duration="1129335"/>
			<Sample nodeCount="32" insertCount="1977" extractCount="1959" duration="684875"/>
			<Sample nodeCount="33" insertCount="2041" extractCount="2018" duration="1191125"/>
			<Sample nodeCount="34" insertCount="2097" extractCount="2085" duration="1221740"/>
			<Sample nodeCount="35" insertCount="2160" extractCount="2145" duration="1257105"/>
			<Sample nodeCount="36" insertCount="2221" extractCount="2207" duration="1292870"/>
			<Sample nodeCount="37" insertCount="2285" extractCount="2266" duration="1333885"/>
			<Sample nodeCount="38" insertCount="2346" extractCount="2328" duration="1368135"/>
			<Sample nodeCount="39" insertCount="2408" extractCount="2389" duration="1419495"/>
			<Sample nodeCount="40" insertCount="2471" extractCount="2449" duration="1437565"/>
			<Sample nodeCount="41" insertCount="2531" extractCount="2512" duration="1487985"/>
			<Sample nodeCount="42" insertCount="2593" extractCount="2573" duration="1515425"/>
			<Sample nodeCount="43" insertCount="2656" extractCount="2633" duration="1559315"/>
			<Sample nodeCount="44" insertCount="2717" extractCount="2695" duration="1592265"/>
			<Sample nodeCount="45" insertCount="2776" extractCount="2759" duration="1623905"/>
			<Sample nodeCount="46" insertCount="2840" extractCount="2818" duration="1669830"/>
			<Sample nodeCount="47" insertCount="2902" extractCount="2879" duration="1713600"/>
			<Sample nodeCount="48" insertCount="2966" extractCount="2938" duration="1749590"/>
			<Sample nodeCount="49" insertCount="3026" extractCount="3001" duration="1786065"/>
			<Sample nodeCount="50" insertCount="3084" extractCount="3066" duration="1833465"/>
			<Sample nodeCount="51" insertCount="3151" extractCount="3122" duration="1872705"/>
			<Sample nodeCount="52" insertCount="3209" extractCount="3187" duration="1904455"/>
			<Sample nodeCount="53" insertCount="3273" extractCount="3246" duration="1941040"/>
			<Sample nodeCount="54" insertCount="3337" extractCount="3305" duration="1999215"/>
			<Sample nodeCount="55" insertCount="3400" extractCount="3365" duration="2015995"/>
			<Sample nodeCount="56" insertCount="3458" extractCount="3430" duration="2073520"/>
			<Sample nodeCount="57" insertCount="3521" extractCount="3490" duration="2102340"/>
			<Sample nodeCount="58" insertCount="3580" extractCount="3554" duration="2123155"/>
			<Sample nodeCount="59" insertCount="3647" extractCount="3610" duration="2176175"/>
			<Sample nodeCount="60" insertCount="3706" extractCount="3674" duration="2206510"/>
			<Sample nodeCount="61" insertCount="3766" extractCount="3737" duration="2258015"/>
			<Sample nodeCount="62" insertCount="3828" extractCount="3798" duration="2291700"/>
			<Sample nodeCount="63" insertCount="3888" extractCount="3861" duration="2319615"/>
			<Sample nodeCount="64" insertCount="3952" extractCount="3920" duration="1400430"/>
			<Sample nodeCount="65" insertCount="4014" extractCount="3981" duration="2351295"/>
			<Sample nodeCount="66" insertCount="4077" extractCount="4041" duration="2406175"/>
			<Sample nodeCount="67" insertCount="4136" extractCount="4105" duration="2431285"/>
			<Sample nodeCount="68" insertCount="4200" extractCount="4164" duration="2456270"/>
			<Sample nodeCount="69" insertCount="4263" extractCount="4224" duration="2486330"/>
			<Sample nodeCount="70" insertCount="4325" extractCount="4285" duration="2561595"/>
			<Sample nodeCount="71" insertCount="4381" extractCount="4352" duration="2574855"/>
			<Sample nodeCount="72" insertCount="4448" extractCount="4408" duration="2594670"/>
			<Sample nodeCount="73" insertCount="4507" extractCount="4472" duration="2635890"/>
			<Sample nodeCount="74" insertCount="4571" extractCount="4531" duration="2681795"/>
			<Sample nodeCount="75" insertCount="4631" extractCount="4594" duration="2739700"/>
			<Sample nodeCount="76" insertCount="4693" extractCount="4655" duration="2776520"/>
			<Sample nodeCount="77" insertCount="4755" extractCount="4716" duration="2801570"/>
			<Sample nodeCount="78" insertCount="4817" extractCount="4777" duration="2836660"/>
			<Sample nodeCount="79" insertCount="4877" extractCount="4840" duration="2881300"/>
			<Sample nodeCount="80" insertCount="4942" extractCount="4898" duration="2901640"/>
			<Sample nodeCount="81" insertCount="5002" extractCount="4961" duration="2950035"/>
			<Sample nodeCount="82" insertCount="5063" extractCount="5023" duration="2980145"/>
			<Sample nodeCount="83" insertCount="5124" extractCount="5085" duration="3039720"/>
			<Sample nodeCount="84" insertCount="5187" extractCount="5145" duration="3060995"/>
			<Sample nodeCount="85" insertCount="5250" extractCount="5205" duration="3113690"/>
			<Sample nodeCount="86" insertCount="5314" extractCount="5264" duration="3163055"/>
			<Sample nodeCount="87" insertCount="5374" extractCount="5327" duration="3186475"/>
			<Sample nodeCount="88" insertCount="5432" extractCount="5392" duration="3244445"/>
			<Sample nodeCount="89" insertCount="5490" extractCount="5457" duration="3260200"/>
			<Sample nodeCount="90" insertCount="5559" extractCount="5511" duration="3287440"/>
			<Sample nodeCount="91" insertCount="5621" extractCount="5572" duration="3320950"/>
			<Sample nodeCount="92" insertCount="5680" extractCount="5636" duration="3359180"/>
			<Sample nodeCount="93" insertCount="5740" extractCount="5699" duration="3404965"/>
			<Sample nodeCount="94" insertCount="5803" extractCount="5759" duration="3446965"/>
			<Sample nodeCount="95" insertCount="5862" extractCount="5823" duration="3480635"/>
			<Sample nodeCount="96" insertCount="5929" extractCount="5879" duration="3518145"/>
			<Sample nodeCount="97" insertCount="5993" extractCount="5938" duration="3533990"/>
			<Sample nodeCount="98" insertCount="6055" extractCount="5999" duration="3603060"/>
			<Sample nodeCount="99" insertCount="6113" extractCount="6064" duration="3647740"/>
			<Sample nodeCount="100" insertCount="6172" extractCount="6128" duration="3692140"/>
			<Sample nodeCount="101" insertCount="6238" extractCount="6185" duration="3746990"/>
			<Sample nodeCount="102" insertCount="6299" extractCount="6247" duration="3765725"/>
			<Sample nodeCount="103" insertCount="6363" extractCount="6306" duration="3807715"/>
			<Sample nodeCount="104" insertCount="6426" extractCount="6366" duration="3820905"/>
			<Sample nodeCount="105" insertCount="6481" extractCount="6434" duration="3875320"/>
			<Sample nodeCount="106" insertCount="6544" extractCount="6494" duration="3910380"/>
			<Sample nodeCount="107" insertCount="6607" extractCount="6554" duration="3928290"/>
			<Sample nodeCount="108" insertCount="6669" extractCount="6615" duration="3980155"/>
			<Sample nodeCount="109" insertCount="6732" extractCount="6675" duration="4008985"/>
			<Sample nodeCount="110" insertCount="6794" extractCount="6736" duration="4048680"/>
			<Sample nodeCount="111" insertCount="6852" extractCount="6801" duration="4102520"/>
			<Sample nodeCount="112" insertCount="6918" extractCount="6858" duration="4144155"/>
			<Sample nodeCount="113" insertCount="6981" extractCount="6918" duration="4190230"/>
			<Sample nodeCount="114" insertCount="7041" extractCount="6981" duration="4198470"/>
			<Sample nodeCount="115" insertCount="7103" extractCount="7042" duration="4251970"/>
			<Sample nodeCount="116" insertCount="7164" extractCount="7104" duration="4272445"/>
			<Sample nodeCount="117" insertCount="7225" extractCount="7166" duration="4339220"/>
			<Sample nodeCount="118" insertCount="7291" extractCount="7223" duration="4383165"/>
			<Sample nodeCount="119" insertCount="7350" extractCount="7287" duration="4408540"/>
			<Sample nodeCount="120" insertCount="7410" extractCount="7350" duration="4447965"/>
			<Sample nodeCount="121" insertCount="7471" extractCount="7412" duration="4481015"/>
			<Sample nodeCount="122" insertCount="7537" extractCount="7469" duration="4493005"/>
			<Sample nodeCount="123" insertCount="7593" extractCount="7536" duration="4548740"/>
			<Sample nodeCount="124" insertCount="7658" extractCount="7594" duration="4579355"/>
			<Sample nodeCount="125" insertCount="7718" extractCount="7657" duration="4647420"/>
			<Sample nodeCount="126" insertCount="7781" extractCount="7717" duration="4652260"/>
			<Sample nodeCount="127" insertCount="7840" extractCount="7781" duration="4726545"/>
		</SmallSetRandomOps>
		<LargeSetRandomOps>
		</LargeSetRandomOps>
		<SmallSetLinear>
			<Sample nodeCount="1" insertCount="10000" extractCount="10000" duration="638480"/>
			<Sample nodeCount="2" insertCount="10000" extractCount="10000" duration="1813755"/>
			<Sample nodeCount="3" insertCount="10000" extractCount="10000" duration="2955880"/>
			<Sample nodeCount="4" insertCount="10000" extractCount="10000" duration="4578620"/>
			<Sample nodeCount="5" insertCount="10000" extractCount="10000" duration="5727885"/>
			<Sample nodeCount="6" insertCount="10000" extractCount="10000" duration="7734525"/>
			<Sample nodeCount="7" insertCount="10000" extractCount="10000" duration="8909690"/>
			<Sample nodeCount="8" insertCount="10000" extractCount="10000" duration="10813740"/>
			<Sample nodeCount="9" insertCount="10000" extractCount="10000" duration="12563180"/>
			<Sample nodeCount="10" insertCount="10000" extractCount="10000" duration="14851870"/>
			<Sample nodeCount="11" insertCount="10000" extractCount="10000" duration="16959610"/>
			<Sample nodeCount="12" insertCount="10000" extractCount="10000" duration="19478795"/>
			<Sample nodeCount="13" insertCount="10000" extractCount="10000" duration="20683310"/>
			<Sample nodeCount="14" insertCount="10000" extractCount="10000" duration="23921605"/>
			<Sample nodeCount="15" insertCount="10000" extractCount="10000" duration="25830035"/>
			<Sample nodeCount="16" insertCount="10000" extractCount="10000" duration="28841755"/>
			<Sample nodeCount="17" insertCount="10000" extractCount="10000" duration="30582960"/>
			<Sample nodeCount="18" insertCount="10000" extractCount="10000" duration="33916005"/>
			<Sample nodeCount="19" insertCount="10000" extractCount="10000" duration="35010755"/>
			<Sample nodeCount="20" insertCount="10000" extractCount="10000" duration="37704580"/>
			<Sample nodeCount="21" insertCount="10000" extractCount="10000" duration="38748895"/>
			<Sample nodeCount="22" insertCount="10000" extractCount="10000" duration="43516515"/>
			<Sample nodeCount="23" insertCount="10000" extractCount="10000" duration="45344225"/>
			<Sample nodeCount="24" insertCount="10000" extractCount="10000" duration="48720980"/>
			<Sample nodeCount="25" insertCount="10000" extractCount="10000" duration="50958765"/>
			<Sample nodeCount="26" insertCount="10000" extractCount="10000" duration="54985830"/>
			<Sample nodeCount="27" insertCount="10000" extractCount="10000" duration="55697525"/>
			<Sample nodeCount="28" insertCount="10000" extractCount="10000" duration="58680050"/>
			<Sample nodeCount="29" insertCount="10000" extractCount="10000" duration="60085980"/>
			<Sample nodeCount="30" insertCount="10000" extractCount="10000" duration="65050600"/>
			<Sample nodeCount="31" insertCount="10000" extractCount="10000" duration="67479215"/>
			<Sample nodeCount="32" insertCount="10000" extractCount="10000" duration="70129690"/>
			<Sample nodeCount="33" insertCount="10000" extractCount="10000" duration="72151155"/>
			<Sample nodeCount="34" insertCount="10000" extractCount="10000" duration="76029115"/>
			<Sample nodeCount="35" insertCount="10000" extractCount="10000" duration="77258005"/>
			<Sample nodeCount="36" insertCount="10000" extractCount="10000" duration="81192040"/>
			<Sample nodeCount="37" insertCount="10000" extractCount="10000" duration="82574145"/>
			<Sample nodeCount="38" insertCount="10000" extractCount="10000" duration="87016630"/>
			<Sample nodeCount="39" insertCount="10000" extractCount="10000" duration="88675820"/>
			<Sample nodeCount="40" insertCount="10000" extractCount="10000" duration="92647240"/>
			<Sample nodeCount="41" insertCount="10000" extractCount="10000" duration="93357860"/>
			<Sample nodeCount="42" insertCount="10000" extractCount="10000" duration="97615740"/>
			<Sample nodeCount="43" insertCount="10000" extractCount="10000" duration="99459470"/>
			<Sample nodeCount="44" insertCount="10000" extractCount="10000" duration="102770245"/>
			<Sample nodeCount="45" insertCount="10000" extractCount="10000" duration="103495490"/>
			<Sample nodeCount="46" insertCount="10000" extractCount="10000" duration="108577165"/>
			<Sample nodeCount="47" insertCount="10000" extractCount="10000" duration="110877540"/>
			<Sample nodeCount="48" insertCount="10000" extractCount="10000" duration="114852590"/>
			<Sample nodeCount="49" insertCount="10000" extractCount="10000" duration="117469145"/>
			<Sample nodeCount="50" insertCount="10000" extractCount="10000" duration="121414210"/>
			<Sample nodeCount="51" insertCount="10000" extractCount="10000" duration="123579660"/>
			<Sample nodeCount="52" insertCount="10000" extractCount="10000" duration="126779485"/>
			<Sample nodeCount="53" insertCount="10000" extractCount="10000" duration="127880110"/>
			<Sample nodeCount="54" insertCount="10000" extractCount="10000" duration="133656080"/>
			<Sample nodeCount="55" insertCount="10000" extractCount="10000" duration="135730825"/>
			<Sample nodeCount="56" insertCount="10000" extractCount="10000" duration="139668230"/>
			<Sample nodeCount="57" insertCount="10000" extractCount="10000" duration="139887865"/>
			<Sample nodeCount="58" insertCount="10000" extractCount="10000" duration="144190225"/>
			<Sample nodeCount="59" insertCount="10000" extractCount="10000" duration="145880985"/>
			<Sample nodeCount="60" insertCount="10000" extractCount="10000" duration="149182525"/>
			<Sample nodeCount="61" insertCount="10000" extractCount="10000" duration="150824860"/>
			<Sample nodeCount="62" insertCount="10000" extractCount="10000" duration="156286145"/>
			<Sample nodeCount="63" insertCount="10000" extractCount="10000" duration="159810740"/>
			<Sample nodeCount="64" insertCount="10000" extractCount="10000" duration="163232455"/>
			<Sample nodeCount="65" insertCount="10000" extractCount="10000" duration="164855745"/>
			<Sample nodeCount="66" insertCount="10000" extractCount="10000" duration="169680910"/>
			<Sample nodeCount="67" insertCount="10000" extractCount="10000" duration="172100765"/>
			<Sample nodeCount="68" insertCount="10000" extractCount="10000" duration="174646810"/>
			<Sample nodeCount="69" insertCount="10000" extractCount="10000" duration="177381920"/>
			<Sample nodeCount="70" insertCount="10000" extractCount="10000" duration="182758970"/>
			<Sample nodeCount="71" insertCount="10000" extractCount="10000" duration="184371485"/>
			<Sample nodeCount="72" insertCount="10000" extractCount="10000" duration="187506045"/>
			<Sample nodeCount="73" insertCount="10000" extractCount="10000" duration="190083840"/>
			<Sample nodeCount="74" insertCount="10000" extractCount="10000" duration="194131185"/>
			<Sample nodeCount="75" insertCount="10000" extractCount="10000" duration="196588330"/>
			<Sample nodeCount="76" insertCount="10000" extractCount="10000" duration="198907695"/>
			<Sample nodeCount="77" insertCount="10000" extractCount="10000" duration="201372415"/>
			<Sample nodeCount="78" insertCount="10000" extractCount="10000" duration="206644210"/>
			<Sample nodeCount="79" insertCount="10000" extractCount="10000" duration="209067915"/>
			<Sample nodeCount="80" insertCount="10000" extractCount="10000" duration="212087895"/>
			<Sample nodeCount="81" insertCount="10000" extractCount="10000" duration="214542055"/>
			<Sample nodeCount="82" insertCount="10000" extractCount="10000" duration="218515795"/>
			<Sample nodeCount="83" insertCount="10000" extractCount="10000" duration="221979255"/>
			<Sample nodeCount="84" insertCount="10000" extractCount="10000" duration="224298465"/>
			<Sample nodeCount="85" insertCount="10000" extractCount="10000" duration="226076420"/>
			<Sample nodeCount="86" insertCount="10000" extractCount="10000" duration="231265270"/>
			<Sample nodeCount="87" insertCount="10000" extractCount="10000" duration="233363915"/>
			<Sample nodeCount="88" insertCount="10000" extractCount="10000" duration="236140255"/>
			<Sample nodeCount="89" insertCount="10000" extractCount="10000" duration="239590425"/>
			<Sample nodeCount="90" insertCount="10000" extractCount="10000" duration="243237545"/>
			<Sample nodeCount="91" insertCount="10000" extractCount="10000" duration="246397165"/>
			<Sample nodeCount="92" insertCount="10000" extractCount="10000" duration="247666595"/>
			<Sample nodeCount="93" insertCount="10000" extractCount="10000" duration="250617810"/>
			<Sample nodeCount="94" insertCount="10000" extractCount="10000" duration="256966725"/>
			<Sample nodeCount="95" insertCount="10000" extractCount="10000" duration="259708370"/>
			<Sample nodeCount="96" insertCount="10000" extractCount="10000" duration="263114360"/>
			<Sample nodeCount="97" insertCount="10000" extractCount="10000" duration="265468390"/>
			<Sample nodeCount="98" insertCount="10000" extractCount="10000" duration="270321445"/>
			<Sample nodeCount="99" insertCount="10000" extractCount="10000" duration="273271140"/>
			<Sample nodeCount="100" insertCount="10000" extractCount="10000" duration="275867900"/>
			<Sample nodeCount="101" insertCount="10000" extractCount="10000" duration="277852340"/>
			<Sample nodeCount="102" insertCount="10000" extractCount="10000" duration="283321965"/>
			<Sample nodeCount="103" insertCount="10000" extractCount="10000" duration="286439165"/>
			<Sample nodeCount="104" insertCount="10000" extractCount="10000" duration="288363555"/>
			<Sample nodeCount="105" insertCount="10000" extractCount="10000" duration="291760235"/>
			<Sample nodeCount="106" insertCount="10000" extractCount="10000" duration="296602315"/>
			<Sample nodeCount="107" insertCount="10000" extractCount="10000" duration="299914905"/>
			<Sample nodeCount="108" insertCount="10000" extractCount="10000" duration="300750675"/>
			<Sample nodeCount="109" insertCount="10000" extractCount="10000" duration="303363930"/>
			<Sample nodeCount="110" insertCount="10000" extractCount="10000" duration="310640235"/>
			<Sample nodeCount="111" insertCount="10000" extractCount="10000" duration="313761085"/>
			<Sample nodeCount="112" insertCount="10000" extractCount="10000" duration="316126040"/>
			<Sample nodeCount="113" insertCount="10000" extractCount="10000" duration="318465890"/>
			<Sample nodeCount="114" insertCount="10000" extractCount="10000" duration="323017945"/>
			<Sample nodeCount="115" insertCount="10000" extractCount="10000" duration="325986750"/>
			<Sample nodeCount="116" insertCount="10000" extractCount="10000" duration="327320860"/>
			<Sample nodeCount="117" insertCount="10000" extractCount="10000" duration="330252215"/>
			<Sample nodeCount="118" insertCount="10000" extractCount="10000" duration="336322565"/>
			<Sample nodeCount="119" insertCount="10000" extractCount="10000" duration="338582420"/>
			<Sample nodeCount="120" insertCount="10000" extractCount="10000" duration="340425585"/>
			<Sample nodeCount="121" insertCount="10000" extractCount="10000" duration="343469025"/>
			<Sample nodeCount="122" insertCount="10000" extractCount="10000" duration="348235030"/>
			<Sample nodeCount="123" insertCount="10000" extractCount="10000" duration="351062265"/>
			<Sample nodeCount="124" insertCount="10000" extractCount="10000" duration="352722335"/>
			<Sample nodeCount="125" insertCount="10000" extractCount="10000" duration="355472275"/>
			<Sample nodeCount="126" insertCount="10000" extractCount="10000" duration="363984865"/>
			<Sample nodeCount="127" insertCount="10000" extractCount="10000" duration="365222445"/>
		</SmallSetLinear>
		<LargeSetLinear>
		</LargeSetLinear>
	</RBTest>
</RBTestCollection>
