<RBTestCollection platform="Freescale MCF5484, Coldfire V4e" compiler="GCC 4.8.4" timeUnit="ns">
	<RBTest implementation="LLRB" nodeSize="14">
		<SmallSetRandomOps>
			<Sample nodeCount="1" insertCount="62" extractCount="61" duration="0"/>
			<Sample nodeCount="2" insertCount="123" extractCount="123" duration="1000000"/>
			<Sample nodeCount="3" insertCount="186" extractCount="183" duration="0"/>
			<Sample nodeCount="4" insertCount="247" extractCount="245" duration="1000000"/>
			<Sample nodeCount="5" insertCount="309" extractCount="306" duration="1000000"/>
			<Sample nodeCount="6" insertCount="370" extractCount="368" duration="1000000"/>
			<Sample nodeCount="7" insertCount="433" extractCount="428" duration="2000000"/>
			<Sample nodeCount="8" insertCount="493" extractCount="491" duration="3000000"/>
			<Sample nodeCount="9" insertCount="557" extractCount="550" duration="3000000"/>
			<Sample nodeCount="10" insertCount="619" extractCount="611" duration="3000000"/>
			<Sample nodeCount="11" insertCount="680" extractCount="673" duration="4000000"/>
			<Sample nodeCount="12" insertCount="740" extractCount="736" duration="4000000"/>
			<Sample nodeCount="13" insertCount="803" extractCount="796" duration="5000000"/>
			<Sample nodeCount="14" insertCount="864" extractCount="858" duration="5000000"/>
			<Sample nodeCount="15" insertCount="927" extractCount="918" duration="6000000"/>
			<Sample nodeCount="16" insertCount="988" extractCount="980" duration="7000000"/>
			<Sample nodeCount="17" insertCount="1050" extractCount="1041" duration="7000000"/>
			<Sample nodeCount="18" insertCount="1113" extractCount="1101" duration="8000000"/>
			<Sample nodeCount="19" insertCount="1172" extractCount="1165" duration="8000000"/>
			<Sample nodeCount="20" insertCount="1237" extractCount="1223" duration="9000000"/>
			<Sample nodeCount="21" insertCount="1296" extractCount="1287" duration="9000000"/>
			<Sample nodeCount="22" insertCount="1359" extractCount="1347" duration="10000000"/>
			<Sample nodeCount="23" insertCount="1419" extractCount="1410" duration="10000000"/>
			<Sample nodeCount="24" insertCount="1484" extractCount="1468" duration="12000000"/>
			<Sample nodeCount="25" insertCount="1544" extractCount="1531" duration="12000000"/>
			<Sample nodeCount="26" insertCount="1604" extractCount="1594" duration="13000000"/>
			<Sample nodeCount="27" insertCount="1668" extractCount="1653" duration="13000000"/>
			<Sample nodeCount="28" insertCount="1729" extractCount="1715" duration="14000000"/>
			<Sample nodeCount="29" insertCount="1790" extractCount="1777" duration="14000000"/>
			<Sample nodeCount="30" insertCount="1851" extractCount="1839" duration="15000000"/>
			<Sample nodeCount="31" insertCount="1914" extractCount="1899" duration="16000000"/>
			<Sample nodeCount="32" insertCount="1977" extractCount="1959" duration="17000000"/>
			<Sample nodeCount="33" insertCount="2041" extractCount="2018" duration="17000000"/>
			<Sample nodeCount="34" insertCount="2097" extractCount="2085" duration="18000000"/>
			<Sample nodeCount="35" insertCount="2160" extractCount="2145" duration="18000000"/>
			<Sample nodeCount="36" insertCount="2221" extractCount="2207" duration="19000000"/>
			<Sample nodeCount="37" insertCount="2285" extractCount="2266" duration="19000000"/>
			<Sample nodeCount="38" insertCount="2346" extractCount="2328" duration="21000000"/>
			<Sample nodeCount="39" insertCount="2408" extractCount="2389" duration="20000000"/>
			<Sample nodeCount="40" insertCount="2471" extractCount="2449" duration="21000000"/>
			<Sample nodeCount="41" insertCount="2531" extractCount="2512" duration="22000000"/>
			<Sample nodeCount="42" insertCount="2593" extractCount="2573" duration="22000000"/>
			<Sample nodeCount="43" insertCount="2656" extractCount="2633" duration="24000000"/>
			<Sample nodeCount="44" insertCount="2717" extractCount="2695" duration="23000000"/>
			<Sample nodeCount="45" insertCount="2776" extractCount="2759" duration="25000000"/>
			<Sample nodeCount="46" insertCount="2840" extractCount="2818" duration="25000000"/>
			<Sample nodeCount="47" insertCount="2902" extractCount="2879" duration="26000000"/>
			<Sample nodeCount="48" insertCount="2966" extractCount="2938" duration="26000000"/>
			<Sample nodeCount="49" insertCount="3026" extractCount="3001" duration="28000000"/>
			<Sample nodeCount="50" insertCount="3084" extractCount="3066" duration="28000000"/>
			<Sample nodeCount="51" insertCount="3151" extractCount="3122" duration="29000000"/>
			<Sample nodeCount="52" insertCount="3209" extractCount="3187" duration="30000000"/>
			<Sample nodeCount="53" insertCount="3273" extractCount="3246" duration="31000000"/>
			<Sample nodeCount="54" insertCount="3337" extractCount="3305" duration="31000000"/>
			<Sample nodeCount="55" insertCount="3400" extractCount="3365" duration="32000000"/>
			<Sample nodeCount="56" insertCount="3458" extractCount="3430" duration="33000000"/>
			<Sample nodeCount="57" insertCount="3521" extractCount="3490" duration="33000000"/>
			<Sample nodeCount="58" insertCount="3580" extractCount="3554" duration="34000000"/>
			<Sample nodeCount="59" insertCount="3647" extractCount="3610" duration="35000000"/>
			<Sample nodeCount="60" insertCount="3706" extractCount="3674" duration="35000000"/>
			<Sample nodeCount="61" insertCount="3766" extractCount="3737" duration="36000000"/>
			<Sample nodeCount="62" insertCount="3828" extractCount="3798" duration="37000000"/>
			<Sample nodeCount="63" insertCount="3888" extractCount="3861" duration="38000000"/>
			<Sample nodeCount="64" insertCount="3952" extractCount="3920" duration="38000000"/>
			<Sample nodeCount="65" insertCount="4014" extractCount="3981" duration="39000000"/>
			<Sample nodeCount="66" insertCount="4077" extractCount="4041" duration="40000000"/>
			<Sample nodeCount="67" insertCount="4136" extractCount="4105" duration="40000000"/>
			<Sample nodeCount="68" insertCount="4200" extractCount="4164" duration="41000000"/>
			<Sample nodeCount="69" insertCount="4263" extractCount="4224" duration="41000000"/>
			<Sample nodeCount="70" insertCount="4325" extractCount="4285" duration="43000000"/>
			<Sample nodeCount="71" insertCount="4381" extractCount="4352" duration="43000000"/>
			<Sample nodeCount="72" insertCount="4448" extractCount="4408" duration="44000000"/>
			<Sample nodeCount="73" insertCount="4507" extractCount="4472" duration="44000000"/>
			<Sample nodeCount="74" insertCount="4571" extractCount="4531" duration="45000000"/>
			<Sample nodeCount="75" insertCount="4631" extractCount="4594" duration="46000000"/>
			<Sample nodeCount="76" insertCount="4693" extractCount="4655" duration="47000000"/>
			<Sample nodeCount="77" insertCount="4755" extractCount="4716" duration="47000000"/>
			<Sample nodeCount="78" insertCount="4817" extractCount="4777" duration="48000000"/>
			<Sample nodeCount="79" insertCount="4877" extractCount="4840" duration="48000000"/>
			<Sample nodeCount="80" insertCount="4942" extractCount="4898" duration="50000000"/>
			<Sample nodeCount="81" insertCount="5002" extractCount="4961" duration="50000000"/>
			<Sample nodeCount="82" insertCount="5063" extractCount="5023" duration="51000000"/>
			<Sample nodeCount="83" insertCount="5124" extractCount="5085" duration="52000000"/>
			<Sample nodeCount="84" insertCount="5187" extractCount="5145" duration="53000000"/>
			<Sample nodeCount="85" insertCount="5250" extractCount="5205" duration="53000000"/>
			<Sample nodeCount="86" insertCount="5314" extractCount="5264" duration="54000000"/>
			<Sample nodeCount="87" insertCount="5374" extractCount="5327" duration="54000000"/>
			<Sample nodeCount="88" insertCount="5432" extractCount="5392" duration="55000000"/>
			<Sample nodeCount="89" insertCount="5490" extractCount="5457" duration="55000000"/>
			<Sample nodeCount="90" insertCount="5559" extractCount="5511" duration="57000000"/>
			<Sample nodeCount="91" insertCount="5621" extractCount="5572" duration="57000000"/>
			<Sample nodeCount="92" insertCount="5680" extractCount="5636" duration="57000000"/>
			<Sample nodeCount="93" insertCount="5740" extractCount="5699" duration="58000000"/>
			<Sample nodeCount="94" insertCount="5803" extractCount="5759" duration="59000000"/>
			<Sample nodeCount="95" insertCount="5862" extractCount="5823" duration="60000000"/>
			<Sample nodeCount="96" insertCount="5929" extractCount="5879" duration="60000000"/>
			<Sample nodeCount="97" insertCount="5993" extractCount="5938" duration="62000000"/>
			<Sample nodeCount="98" insertCount="6055" extractCount="5999" duration="62000000"/>
			<Sample nodeCount="99" insertCount="6113" extractCount="6064" duration="64000000"/>
			<Sample nodeCount="100" insertCount="6172" extractCount="6128" duration="63000000"/>
			<Sample nodeCount="101" insertCount="6238" extractCount="6185" duration="65000000"/>
			<Sample nodeCount="102" insertCount="6299" extractCount="6247" duration="65000000"/>
			<Sample nodeCount="103" insertCount="6363" extractCount="6306" duration="67000000"/>
			<Sample nodeCount="104" insertCount="6426" extractCount="6366" duration="67000000"/>
			<Sample nodeCount="105" insertCount="6481" extractCount="6434" duration="69000000"/>
			<Sample nodeCount="106" insertCount="6544" extractCount="6494" duration="69000000"/>
			<Sample nodeCount="107" insertCount="6607" extractCount="6554" duration="69000000"/>
			<Sample nodeCount="108" insertCount="6669" extractCount="6615" duration="71000000"/>
			<Sample nodeCount="109" insertCount="6732" extractCount="6675" duration="71000000"/>
			<Sample nodeCount="110" insertCount="6794" extractCount="6736" duration="73000000"/>
			<Sample nodeCount="111" insertCount="6852" extractCount="6801" duration="73000000"/>
			<Sample nodeCount="112" insertCount="6918" extractCount="6858" duration="75000000"/>
			<Sample nodeCount="113" insertCount="6981" extractCount="6918" duration="75000000"/>
			<Sample nodeCount="114" insertCount="7041" extractCount="6981" duration="76000000"/>
			<Sample nodeCount="115" insertCount="7103" extractCount="7042" duration="77000000"/>
			<Sample nodeCount="116" insertCount="7164" extractCount="7104" duration="78000000"/>
			<Sample nodeCount="117" insertCount="7225" extractCount="7166" duration="79000000"/>
			<Sample nodeCount="118" insertCount="7291" extractCount="7223" duration="80000000"/>
			<Sample nodeCount="119" insertCount="7350" extractCount="7287" duration="81000000"/>
			<Sample nodeCount="120" insertCount="7410" extractCount="7350" duration="81000000"/>
			<Sample nodeCount="121" insertCount="7471" extractCount="7412" duration="83000000"/>
			<Sample nodeCount="122" insertCount="7537" extractCount="7469" duration="83000000"/>
			<Sample nodeCount="123" insertCount="7593" extractCount="7536" duration="83000000"/>
			<Sample nodeCount="124" insertCount="7658" extractCount="7594" duration="85000000"/>
			<Sample nodeCount="125" insertCount="7718" extractCount="7657" duration="86000000"/>
			<Sample nodeCount="126" insertCount="7781" extractCount="7717" duration="86000000"/>
			<Sample nodeCount="127" insertCount="7840" extractCount="7781" duration="87000000"/>
		</SmallSetRandomOps>
		<LargeSetRandomOps>
		</LargeSetRandomOps>
		<SmallSetLinear>
			<Sample nodeCount="1" insertCount="10000" extractCount="10000" duration="16000000"/>
			<Sample nodeCount="2" insertCount="10000" extractCount="10000" duration="43000000"/>
			<Sample nodeCount="3" insertCount="10000" extractCount="10000" duration="80000000"/>
			<Sample nodeCount="4" insertCount="10000" extractCount="10000" duration="119000000"/>
			<Sample nodeCount="5" insertCount="10000" extractCount="10000" duration="175000000"/>
			<Sample nodeCount="6" insertCount="10000" extractCount="10000" duration="213000000"/>
			<Sample nodeCount="7" insertCount="10000" extractCount="10000" duration="304000000"/>
			<Sample nodeCount="8" insertCount="10000" extractCount="10000" duration="343000000"/>
			<Sample nodeCount="9" insertCount="10000" extractCount="10000" duration="415000000"/>
			<Sample nodeCount="10" insertCount="10000" extractCount="10000" duration="455000000"/>
			<Sample nodeCount="11" insertCount="10000" extractCount="10000" duration="560000000"/>
			<Sample nodeCount="12" insertCount="10000" extractCount="10000" duration="602000000"/>
			<Sample nodeCount="13" insertCount="10000" extractCount="10000" duration="693000000"/>
			<Sample nodeCount="14" insertCount="10000" extractCount="10000" duration="735000000"/>
			<Sample nodeCount="15" insertCount="10000" extractCount="10000" duration="890000000"/>
			<Sample nodeCount="16" insertCount="10000" extractCount="10000" duration="930000000"/>
			<Sample nodeCount="17" insertCount="10000" extractCount="10000" duration="1019000000"/>
			<Sample nodeCount="18" insertCount="10000" extractCount="10000" duration="1061000000"/>
			<Sample nodeCount="19" insertCount="10000" extractCount="10000" duration="1186000000"/>
			<Sample nodeCount="20" insertCount="10000" extractCount="10000" duration="1228000000"/>
			<Sample nodeCount="21" insertCount="10000" extractCount="10000" duration="1320000000"/>
			<Sample nodeCount="22" insertCount="10000" extractCount="10000" duration="1364000000"/>
			<Sample nodeCount="23" insertCount="10000" extractCount="10000" duration="1552000000"/>
			<Sample nodeCount="24" insertCount="10000" extractCount="10000" duration="1594000000"/>
			<Sample nodeCount="25" insertCount="10000" extractCount="10000" duration="1686000000"/>
			<Sample nodeCount="26" insertCount="10000" extractCount="10000" duration="1729000000"/>
			<Sample nodeCount="27" insertCount="10000" extractCount="10000" duration="1898000000"/>
			<Sample nodeCount="28" insertCount="10000" extractCount="10000" duration="1940000000"/>
			<Sample nodeCount="29" insertCount="10000" extractCount="10000" duration="2033000000"/>
			<Sample nodeCount="30" insertCount="10000" extractCount="10000" duration="2077000000"/>
			<Sample nodeCount="31" insertCount="10000" extractCount="10000" duration="2371000000"/>
			<Sample nodeCount="32" insertCount="10000" extractCount="10000" duration="2413000000"/>
			<Sample nodeCount="33" insertCount="10000" extractCount="10000" duration="2504000000"/>
			<Sample nodeCount="34" insertCount="10000" extractCount="10000" duration="2544000000"/>
			<Sample nodeCount="35" insertCount="10000" extractCount="10000" duration="2715000000"/>
			<Sample nodeCount="36" insertCount="10000" extractCount="10000" duration="2759000000"/>
			<Sample nodeCount="37" insertCount="10000" extractCount="10000" duration="2853000000"/>
			<Sample nodeCount="38" insertCount="10000" extractCount="10000" duration="2893000000"/>
			<Sample nodeCount="39" insertCount="10000" extractCount="10000" duration="3096000000"/>
			<Sample nodeCount="40" insertCount="10000" extractCount="10000" duration="3141000000"/>
			<Sample nodeCount="41" insertCount="10000" extractCount="10000" duration="3233000000"/>
			<Sample nodeCount="42" insertCount="10000" extractCount="10000" duration="3275000000"/>
			<Sample nodeCount="43" insertCount="10000" extractCount="10000" duration="3445000000"/>
			<Sample nodeCount="44" insertCount="10000" extractCount="10000" duration="3488000000"/>
			<Sample nodeCount="45" insertCount="10000" extractCount="10000" duration="3581000000"/>
			<Sample nodeCount="46" insertCount="10000" extractCount="10000" duration="3624000000"/>
			<Sample nodeCount="47" insertCount="10000" extractCount="10000" duration="3984000000"/>
			<Sample nodeCount="48" insertCount="10000" extractCount="10000" duration="4025000000"/>
			<Sample nodeCount="49" insertCount="10000" extractCount="10000" duration="4118000000"/>
			<Sample nodeCount="50" insertCount="10000" extractCount="10000" duration="4161000000"/>
			<Sample nodeCount="51" insertCount="10000" extractCount="10000" duration="4331000000"/>
			<Sample nodeCount="52" insertCount="10000" extractCount="10000" duration="4375000000"/>
			<Sample nodeCount="53" insertCount="10000" extractCount="10000" duration="4466000000"/>
			<Sample nodeCount="54" insertCount="10000" extractCount="10000" duration="4510000000"/>
			<Sample nodeCount="55" insertCount="10000" extractCount="10000" duration="4837000000"/>
			<Sample nodeCount="56" insertCount="10000" extractCount="10000" duration="4881000000"/>
			<Sample nodeCount="57" insertCount="10000" extractCount="10000" duration="4972000000"/>
			<Sample nodeCount="58" insertCount="10000" extractCount="10000" duration="5016000000"/>
			<Sample nodeCount="59" insertCount="10000" extractCount="10000" duration="5186000000"/>
			<Sample nodeCount="60" insertCount="10000" extractCount="10000" duration="5232000000"/>
			<Sample nodeCount="61" insertCount="10000" extractCount="10000" duration="5324000000"/>
			<Sample nodeCount="62" insertCount="10000" extractCount="10000" duration="5369000000"/>
			<Sample nodeCount="63" insertCount="10000" extractCount="10000" duration="5917000000"/>
			<Sample nodeCount="64" insertCount="10000" extractCount="10000" duration="5961000000"/>
			<Sample nodeCount="65" insertCount="10000" extractCount="10000" duration="6052000000"/>
			<Sample nodeCount="66" insertCount="10000" extractCount="10000" duration="6096000000"/>
			<Sample nodeCount="67" insertCount="10000" extractCount="10000" duration="6264000000"/>
			<Sample nodeCount="68" insertCount="10000" extractCount="10000" duration="6307000000"/>
			<Sample nodeCount="69" insertCount="10000" extractCount="10000" duration="6400000000"/>
			<Sample nodeCount="70" insertCount="10000" extractCount="10000" duration="6446000000"/>
			<Sample nodeCount="71" insertCount="10000" extractCount="10000" duration="6768000000"/>
			<Sample nodeCount="72" insertCount="10000" extractCount="10000" duration="6815000000"/>
			<Sample nodeCount="73" insertCount="10000" extractCount="10000" duration="6909000000"/>
			<Sample nodeCount="74" insertCount="10000" extractCount="10000" duration="6951000000"/>
			<Sample nodeCount="75" insertCount="10000" extractCount="10000" duration="7122000000"/>
			<Sample nodeCount="76" insertCount="10000" extractCount="10000" duration="7167000000"/>
			<Sample nodeCount="77" insertCount="10000" extractCount="10000" duration="7258000000"/>
			<Sample nodeCount="78" insertCount="10000" extractCount="10000" duration="7303000000"/>
			<Sample nodeCount="79" insertCount="10000" extractCount="10000" duration="7655000000"/>
			<Sample nodeCount="80" insertCount="10000" extractCount="10000" duration="7701000000"/>
			<Sample nodeCount="81" insertCount="10000" extractCount="10000" duration="7790000000"/>
			<Sample nodeCount="82" insertCount="10000" extractCount="10000" duration="7834000000"/>
			<Sample nodeCount="83" insertCount="10000" extractCount="10000" duration="8000000000"/>
			<Sample nodeCount="84" insertCount="10000" extractCount="10000" duration="8049000000"/>
			<Sample nodeCount="85" insertCount="10000" extractCount="10000" duration="8143000000"/>
			<Sample nodeCount="86" insertCount="10000" extractCount="10000" duration="8186000000"/>
			<Sample nodeCount="87" insertCount="10000" extractCount="10000" duration="8512000000"/>
			<Sample nodeCount="88" insertCount="10000" extractCount="10000" duration="8556000000"/>
			<Sample nodeCount="89" insertCount="10000" extractCount="10000" duration="8652000000"/>
			<Sample nodeCount="90" insertCount="10000" extractCount="10000" duration="8696000000"/>
			<Sample nodeCount="91" insertCount="10000" extractCount="10000" duration="8868000000"/>
			<Sample nodeCount="92" insertCount="10000" extractCount="10000" duration="8910000000"/>
			<Sample nodeCount="93" insertCount="10000" extractCount="10000" duration="9000000000"/>
			<Sample nodeCount="94" insertCount="10000" extractCount="10000" duration="9048000000"/>
			<Sample nodeCount="95" insertCount="10000" extractCount="10000" duration="9728000000"/>
			<Sample nodeCount="96" insertCount="10000" extractCount="10000" duration="9772000000"/>
			<Sample nodeCount="97" insertCount="10000" extractCount="10000" duration="9862000000"/>
			<Sample nodeCount="98" insertCount="10000" extractCount="10000" duration="9907000000"/>
			<Sample nodeCount="99" insertCount="10000" extractCount="10000" duration="10068000000"/>
			<Sample nodeCount="100" insertCount="10000" extractCount="10000" duration="10122000000"/>
			<Sample nodeCount="101" insertCount="10000" extractCount="10000" duration="10210000000"/>
			<Sample nodeCount="102" insertCount="10000" extractCount="10000" duration="10255000000"/>
			<Sample nodeCount="103" insertCount="10000" extractCount="10000" duration="10587000000"/>
			<Sample nodeCount="104" insertCount="10000" extractCount="10000" duration="10625000000"/>
			<Sample nodeCount="105" insertCount="10000" extractCount="10000" duration="10716000000"/>
			<Sample nodeCount="106" insertCount="10000" extractCount="10000" duration="10763000000"/>
			<Sample nodeCount="107" insertCount="10000" extractCount="10000" duration="10936000000"/>
			<Sample nodeCount="108" insertCount="10000" extractCount="10000" duration="10980000000"/>
			<Sample nodeCount="109" insertCount="10000" extractCount="10000" duration="11072000000"/>
			<Sample nodeCount="110" insertCount="10000" extractCount="10000" duration="11120000000"/>
			<Sample nodeCount="111" insertCount="10000" extractCount="10000" duration="11732000000"/>
			<Sample nodeCount="112" insertCount="10000" extractCount="10000" duration="11778000000"/>
			<Sample nodeCount="113" insertCount="10000" extractCount="10000" duration="11874000000"/>
			<Sample nodeCount="114" insertCount="10000" extractCount="10000" duration="11918000000"/>
			<Sample nodeCount="115" insertCount="10000" extractCount="10000" duration="12084000000"/>
			<Sample nodeCount="116" insertCount="10000" extractCount="10000" duration="12126000000"/>
			<Sample nodeCount="117" insertCount="10000" extractCount="10000" duration="12222000000"/>
			<Sample nodeCount="118" insertCount="10000" extractCount="10000" duration="12272000000"/>
			<Sample nodeCount="119" insertCount="10000" extractCount="10000" duration="12595000000"/>
			<Sample nodeCount="120" insertCount="10000" extractCount="10000" duration="12641000000"/>
			<Sample nodeCount="121" insertCount="10000" extractCount="10000" duration="12733000000"/>
			<Sample nodeCount="122" insertCount="10000" extractCount="10000" duration="12782000000"/>
			<Sample nodeCount="123" insertCount="10000" extractCount="10000" duration="12958000000"/>
			<Sample nodeCount="124" insertCount="10000" extractCount="10000" duration="13010000000"/>
			<Sample nodeCount="125" insertCount="10000" extractCount="10000" duration="13101000000"/>
			<Sample nodeCount="126" insertCount="10000" extractCount="10000" duration="13151000000"/>
			<Sample nodeCount="127" insertCount="10000" extractCount="10000" duration="14213000000"/>
		</SmallSetLinear>
		<LargeSetLinear>
		</LargeSetLinear>
	</RBTest>
	<RBTest implementation="Eternally Confuzzled" nodeSize="12">
		<SmallSetRandomOps>
			<Sample nodeCount="1" insertCount="62" extractCount="61" duration="1000000"/>
			<Sample nodeCount="2" insertCount="123" extractCount="123" duration="0"/>
			<Sample nodeCount="3" insertCount="185" extractCount="184" duration="1000000"/>
			<Sample nodeCount="4" insertCount="247" extractCount="245" duration="1000000"/>
			<Sample nodeCount="5" insertCount="309" extractCount="306" duration="2000000"/>
			<Sample nodeCount="6" insertCount="371" extractCount="367" duration="2000000"/>
			<Sample nodeCount="7" insertCount="432" extractCount="429" duration="3000000"/>
			<Sample nodeCount="8" insertCount="494" extractCount="490" duration="2000000"/>
			<Sample nodeCount="9" insertCount="554" extractCount="553" duration="3000000"/>
			<Sample nodeCount="10" insertCount="619" extractCount="611" duration="4000000"/>
			<Sample nodeCount="11" insertCount="680" extractCount="673" duration="4000000"/>
			<Sample nodeCount="12" insertCount="741" extractCount="735" duration="4000000"/>
			<Sample nodeCount="13" insertCount="803" extractCount="796" duration="5000000"/>
			<Sample nodeCount="14" insertCount="866" extractCount="856" duration="5000000"/>
			<Sample nodeCount="15" insertCount="927" extractCount="918" duration="6000000"/>
			<Sample nodeCount="16" insertCount="987" extractCount="981" duration="6000000"/>
			<Sample nodeCount="17" insertCount="1050" extractCount="1041" duration="7000000"/>
			<Sample nodeCount="18" insertCount="1113" extractCount="1101" duration="7000000"/>
			<Sample nodeCount="19" insertCount="1173" extractCount="1164" duration="8000000"/>
			<Sample nodeCount="20" insertCount="1235" extractCount="1225" duration="8000000"/>
			<Sample nodeCount="21" insertCount="1295" extractCount="1288" duration="8000000"/>
			<Sample nodeCount="22" insertCount="1359" extractCount="1347" duration="9000000"/>
			<Sample nodeCount="23" insertCount="1421" extractCount="1408" duration="9000000"/>
			<Sample nodeCount="24" insertCount="1482" extractCount="1470" duration="10000000"/>
			<Sample nodeCount="25" insertCount="1544" extractCount="1531" duration="10000000"/>
			<Sample nodeCount="26" insertCount="1606" extractCount="1592" duration="11000000"/>
			<Sample nodeCount="27" insertCount="1667" extractCount="1654" duration="11000000"/>
			<Sample nodeCount="28" insertCount="1730" extractCount="1714" duration="12000000"/>
			<Sample nodeCount="29" insertCount="1790" extractCount="1777" duration="12000000"/>
			<Sample nodeCount="30" insertCount="1853" extractCount="1837" duration="12000000"/>
			<Sample nodeCount="31" insertCount="1915" extractCount="1898" duration="13000000"/>
			<Sample nodeCount="32" insertCount="1976" extractCount="1960" duration="13000000"/>
			<Sample nodeCount="33" insertCount="2035" extractCount="2024" duration="14000000"/>
			<Sample nodeCount="34" insertCount="2099" extractCount="2083" duration="14000000"/>
			<Sample nodeCount="35" insertCount="2163" extractCount="2142" duration="15000000"/>
			<Sample nodeCount="36" insertCount="2221" extractCount="2207" duration="15000000"/>
			<Sample nodeCount="37" insertCount="2285" extractCount="2266" duration="16000000"/>
			<Sample nodeCount="38" insertCount="2348" extractCount="2326" duration="16000000"/>
			<Sample nodeCount="39" insertCount="2407" extractCount="2390" duration="17000000"/>
			<Sample nodeCount="40" insertCount="2469" extractCount="2451" duration="17000000"/>
			<Sample nodeCount="41" insertCount="2531" extractCount="2512" duration="18000000"/>
			<Sample nodeCount="42" insertCount="2594" extractCount="2572" duration="19000000"/>
			<Sample nodeCount="43" insertCount="2655" extractCount="2634" duration="19000000"/>
			<Sample nodeCount="44" insertCount="2717" extractCount="2695" duration="20000000"/>
			<Sample nodeCount="45" insertCount="2778" extractCount="2757" duration="20000000"/>
			<Sample nodeCount="46" insertCount="2842" extractCount="2816" duration="21000000"/>
			<Sample nodeCount="47" insertCount="2903" extractCount="2878" duration="22000000"/>
			<Sample nodeCount="48" insertCount="2963" extractCount="2941" duration="22000000"/>
			<Sample nodeCount="49" insertCount="3027" extractCount="3000" duration="23000000"/>
			<Sample nodeCount="50" insertCount="3085" extractCount="3065" duration="23000000"/>
			<Sample nodeCount="51" insertCount="3148" extractCount="3125" duration="24000000"/>
			<Sample nodeCount="52" insertCount="3210" extractCount="3186" duration="24000000"/>
			<Sample nodeCount="53" insertCount="3270" extractCount="3249" duration="25000000"/>
			<Sample nodeCount="54" insertCount="3333" extractCount="3309" duration="25000000"/>
			<Sample nodeCount="55" insertCount="3394" extractCount="3371" duration="25000000"/>
			<Sample nodeCount="56" insertCount="3457" extractCount="3431" duration="26000000"/>
			<Sample nodeCount="57" insertCount="3521" extractCount="3490" duration="26000000"/>
			<Sample nodeCount="58" insertCount="3583" extractCount="3551" duration="27000000"/>
			<Sample nodeCount="59" insertCount="3645" extractCount="3612" duration="27000000"/>
			<Sample nodeCount="60" insertCount="3706" extractCount="3674" duration="29000000"/>
			<Sample nodeCount="61" insertCount="3768" extractCount="3735" duration="29000000"/>
			<Sample nodeCount="62" insertCount="3827" extractCount="3799" duration="30000000"/>
			<Sample nodeCount="63" insertCount="3893" extractCount="3856" duration="30000000"/>
			<Sample nodeCount="64" insertCount="3953" extractCount="3919" duration="31000000"/>
			<Sample nodeCount="65" insertCount="4013" extractCount="3982" duration="31000000"/>
			<Sample nodeCount="66" insertCount="4076" extractCount="4042" duration="32000000"/>
			<Sample nodeCount="67" insertCount="4138" extractCount="4103" duration="32000000"/>
			<Sample nodeCount="68" insertCount="4195" extractCount="4169" duration="33000000"/>
			<Sample nodeCount="69" insertCount="4261" extractCount="4226" duration="33000000"/>
			<Sample nodeCount="70" insertCount="4321" extractCount="4289" duration="34000000"/>
			<Sample nodeCount="71" insertCount="4387" extractCount="4346" duration="35000000"/>
			<Sample nodeCount="72" insertCount="4451" extractCount="4405" duration="36000000"/>
			<Sample nodeCount="73" insertCount="4507" extractCount="4472" duration="35000000"/>
			<Sample nodeCount="74" insertCount="4569" extractCount="4533" duration="37000000"/>
			<Sample nodeCount="75" insertCount="4633" extractCount="4592" duration="37000000"/>
			<Sample nodeCount="76" insertCount="4693" extractCount="4655" duration="38000000"/>
			<Sample nodeCount="77" insertCount="4754" extractCount="4717" duration="38000000"/>
			<Sample nodeCount="78" insertCount="4814" extractCount="4780" duration="39000000"/>
			<Sample nodeCount="79" insertCount="4878" extractCount="4839" duration="39000000"/>
			<Sample nodeCount="80" insertCount="4940" extractCount="4900" duration="39000000"/>
			<Sample nodeCount="81" insertCount="5003" extractCount="4960" duration="40000000"/>
			<Sample nodeCount="82" insertCount="5065" extractCount="5021" duration="40000000"/>
			<Sample nodeCount="83" insertCount="5126" extractCount="5083" duration="41000000"/>
			<Sample nodeCount="84" insertCount="5190" extractCount="5142" duration="41000000"/>
			<Sample nodeCount="85" insertCount="5246" extractCount="5209" duration="42000000"/>
			<Sample nodeCount="86" insertCount="5311" extractCount="5267" duration="42000000"/>
			<Sample nodeCount="87" insertCount="5372" extractCount="5329" duration="43000000"/>
			<Sample nodeCount="88" insertCount="5432" extractCount="5392" duration="43000000"/>
			<Sample nodeCount="89" insertCount="5494" extractCount="5453" duration="44000000"/>
			<Sample nodeCount="90" insertCount="5561" extractCount="5509" duration="45000000"/>
			<Sample nodeCount="91" insertCount="5619" extractCount="5574" duration="45000000"/>
			<Sample nodeCount="92" insertCount="5682" extractCount="5634" duration="45000000"/>
			<Sample nodeCount="93" insertCount="5743" extractCount="5696" duration="46000000"/>
			<Sample nodeCount="94" insertCount="5802" extractCount="5760" duration="46000000"/>
			<Sample nodeCount="95" insertCount="5865" extractCount="5820" duration="47000000"/>
			<Sample nodeCount="96" insertCount="5931" extractCount="5877" duration="48000000"/>
			<Sample nodeCount="97" insertCount="5988" extractCount="5943" duration="49000000"/>
			<Sample nodeCount="98" insertCount="6054" extractCount="6000" duration="49000000"/>
			<Sample nodeCount="99" insertCount="6113" extractCount="6064" duration="50000000"/>
			<Sample nodeCount="100" insertCount="6177" extractCount="6123" duration="50000000"/>
			<Sample nodeCount="101" insertCount="6235" extractCount="6188" duration="51000000"/>
			<Sample nodeCount="102" insertCount="6299" extractCount="6247" duration="51000000"/>
			<Sample nodeCount="103" insertCount="6360" extractCount="6309" duration="51000000"/>
			<Sample nodeCount="104" insertCount="6426" extractCount="6366" duration="53000000"/>
			<Sample nodeCount="105" insertCount="6484" extractCount="6431" duration="52000000"/>
			<Sample nodeCount="106" insertCount="6548" extractCount="6490" duration="54000000"/>
			<Sample nodeCount="107" insertCount="6610" extractCount="6551" duration="54000000"/>
			<Sample nodeCount="108" insertCount="6668" extractCount="6616" duration="55000000"/>
			<Sample nodeCount="109" insertCount="6732" extractCount="6675" duration="55000000"/>
			<Sample nodeCount="110" insertCount="6793" extractCount="6737" duration="56000000"/>
			<Sample nodeCount="111" insertCount="6853" extractCount="6800" duration="56000000"/>
			<Sample nodeCount="112" insertCount="6916" extractCount="6860" duration="56000000"/>
			<Sample nodeCount="113" insertCount="6976" extractCount="6923" duration="58000000"/>
			<Sample nodeCount="114" insertCount="7037" extractCount="6985" duration="58000000"/>
			<Sample nodeCount="115" insertCount="7102" extractCount="7043" duration="59000000"/>
			<Sample nodeCount="116" insertCount="7162" extractCount="7106" duration="60000000"/>
			<Sample nodeCount="117" insertCount="7223" extractCount="7168" duration="61000000"/>
			<Sample nodeCount="118" insertCount="7287" extractCount="7227" duration="60000000"/>
			<Sample nodeCount="119" insertCount="7350" extractCount="7287" duration="61000000"/>
			<Sample nodeCount="120" insertCount="7407" extractCount="7353" duration="62000000"/>
			<Sample nodeCount="121" insertCount="7472" extractCount="7411" duration="62000000"/>
			<Sample nodeCount="122" insertCount="7532" extractCount="7474" duration="63000000"/>
			<Sample nodeCount="123" insertCount="7596" extractCount="7533" duration="63000000"/>
			<Sample nodeCount="124" insertCount="7659" extractCount="7593" duration="64000000"/>
			<Sample nodeCount="125" insertCount="7721" extractCount="7654" duration="65000000"/>
			<Sample nodeCount="126" insertCount="7778" extractCount="7720" duration="66000000"/>
			<Sample nodeCount="127" insertCount="7839" extractCount="7782" duration="66000000"/>
		</SmallSetRandomOps>
		<LargeSetRandomOps>
		</LargeSetRandomOps>
		<SmallSetLinear>
			<Sample nodeCount="1" insertCount="10000" extractCount="10000" duration="31000000"/>
			<Sample nodeCount="2" insertCount="10000" extractCount="10000" duration="79000000"/>
			<Sample nodeCount="3" insertCount="10000" extractCount="10000" duration="123000000"/>
			<Sample nodeCount="4" insertCount="10000" extractCount="10000" duration="200000000"/>
			<Sample nodeCount="5" insertCount="10000" extractCount="10000" duration="258000000"/>
			<Sample nodeCount="6" insertCount="10000" extractCount="10000" duration="302000000"/>
			<Sample nodeCount="7" insertCount="10000" extractCount="10000" duration="357000000"/>
			<Sample nodeCount="8" insertCount="10000" extractCount="10000" duration="412000000"/>
			<Sample nodeCount="9" insertCount="10000" extractCount="10000" duration="507000000"/>
			<Sample nodeCount="10" insertCount="10000" extractCount="10000" duration="573000000"/>
			<Sample nodeCount="11" insertCount="10000" extractCount="10000" duration="628000000"/>
			<Sample nodeCount="12" insertCount="10000" extractCount="10000" duration="732000000"/>
			<Sample nodeCount="13" insertCount="10000" extractCount="10000" duration="731000000"/>
			<Sample nodeCount="14" insertCount="10000" extractCount="10000" duration="866000000"/>
			<Sample nodeCount="15" insertCount="10000" extractCount="10000" duration="897000000"/>
			<Sample nodeCount="16" insertCount="10000" extractCount="10000" duration="1044000000"/>
			<Sample nodeCount="17" insertCount="10000" extractCount="10000" duration="1078000000"/>
			<Sample nodeCount="18" insertCount="10000" extractCount="10000" duration="1160000000"/>
			<Sample nodeCount="19" insertCount="10000" extractCount="10000" duration="1237000000"/>
			<Sample nodeCount="20" insertCount="10000" extractCount="10000" duration="1327000000"/>
			<Sample nodeCount="21" insertCount="10000" extractCount="10000" duration="1365000000"/>
			<Sample nodeCount="22" insertCount="10000" extractCount="10000" duration="1468000000"/>
			<Sample nodeCount="23" insertCount="10000" extractCount="10000" duration="1485000000"/>
			<Sample nodeCount="24" insertCount="10000" extractCount="10000" duration="1677000000"/>
			<Sample nodeCount="25" insertCount="10000" extractCount="10000" duration="1641000000"/>
			<Sample nodeCount="26" insertCount="10000" extractCount="10000" duration="1807000000"/>
			<Sample nodeCount="27" insertCount="10000" extractCount="10000" duration="1879000000"/>
			<Sample nodeCount="28" insertCount="10000" extractCount="10000" duration="1883000000"/>
			<Sample nodeCount="29" insertCount="10000" extractCount="10000" duration="2144000000"/>
			<Sample nodeCount="30" insertCount="10000" extractCount="10000" duration="2039000000"/>
			<Sample nodeCount="31" insertCount="10000" extractCount="10000" duration="2098000000"/>
			<Sample nodeCount="32" insertCount="10000" extractCount="10000" duration="2174000000"/>
			<Sample nodeCount="33" insertCount="10000" extractCount="10000" duration="2225000000"/>
			<Sample nodeCount="34" insertCount="10000" extractCount="10000" duration="2244000000"/>
			<Sample nodeCount="35" insertCount="10000" extractCount="10000" duration="2385000000"/>
			<Sample nodeCount="36" insertCount="10000" extractCount="10000" duration="2453000000"/>
			<Sample nodeCount="37" insertCount="10000" extractCount="10000" duration="2500000000"/>
			<Sample nodeCount="38" insertCount="10000" extractCount="10000" duration="2624000000"/>
			<Sample nodeCount="39" insertCount="10000" extractCount="10000" duration="2810000000"/>
			<Sample nodeCount="40" insertCount="10000" extractCount="10000" duration="2772000000"/>
			<Sample nodeCount="41" insertCount="10000" extractCount="10000" duration="2826000000"/>
			<Sample nodeCount="42" insertCount="10000" extractCount="10000" duration="2915000000"/>
			<Sample nodeCount="43" insertCount="10000" extractCount="10000" duration="2940000000"/>
			<Sample nodeCount="44" insertCount="10000" extractCount="10000" duration="3043000000"/>
			<Sample nodeCount="45" insertCount="10000" extractCount="10000" duration="3090000000"/>
			<Sample nodeCount="46" insertCount="10000" extractCount="10000" duration="3145000000"/>
			<Sample nodeCount="47" insertCount="10000" extractCount="10000" duration="3364000000"/>
			<Sample nodeCount="48" insertCount="10000" extractCount="10000" duration="3363000000"/>
			<Sample nodeCount="49" insertCount="10000" extractCount="10000" duration="3377000000"/>
			<Sample nodeCount="50" insertCount="10000" extractCount="10000" duration="3485000000"/>
			<Sample nodeCount="51" insertCount="10000" extractCount="10000" duration="3569000000"/>
			<Sample nodeCount="52" insertCount="10000" extractCount="10000" duration="3653000000"/>
			<Sample nodeCount="53" insertCount="10000" extractCount="10000" duration="3666000000"/>
			<Sample nodeCount="54" insertCount="10000" extractCount="10000" duration="3802000000"/>
			<Sample nodeCount="55" insertCount="10000" extractCount="10000" duration="3898000000"/>
			<Sample nodeCount="56" insertCount="10000" extractCount="10000" duration="3968000000"/>
			<Sample nodeCount="57" insertCount="10000" extractCount="10000" duration="4006000000"/>
			<Sample nodeCount="58" insertCount="10000" extractCount="10000" duration="4117000000"/>
			<Sample nodeCount="59" insertCount="10000" extractCount="10000" duration="4201000000"/>
			<Sample nodeCount="60" insertCount="10000" extractCount="10000" duration="4249000000"/>
			<Sample nodeCount="61" insertCount="10000" extractCount="10000" duration="4336000000"/>
			<Sample nodeCount="62" insertCount="10000" extractCount="10000" duration="4444000000"/>
			<Sample nodeCount="63" insertCount="10000" extractCount="10000" duration="4505000000"/>
			<Sample nodeCount="64" insertCount="10000" extractCount="10000" duration="4580000000"/>
			<Sample nodeCount="65" insertCount="10000" extractCount="10000" duration="4661000000"/>
			<Sample nodeCount="66" insertCount="10000" extractCount="10000" duration="4777000000"/>
			<Sample nodeCount="67" insertCount="10000" extractCount="10000" duration="4800000000"/>
			<Sample nodeCount="68" insertCount="10000" extractCount="10000" duration="4859000000"/>
			<Sample nodeCount="69" insertCount="10000" extractCount="10000" duration="4891000000"/>
			<Sample nodeCount="70" insertCount="10000" extractCount="10000" duration="5004000000"/>
			<Sample nodeCount="71" insertCount="10000" extractCount="10000" duration="5172000000"/>
			<Sample nodeCount="72" insertCount="10000" extractCount="10000" duration="5216000000"/>
			<Sample nodeCount="73" insertCount="10000" extractCount="10000" duration="5270000000"/>
			<Sample nodeCount="74" insertCount="10000" extractCount="10000" duration="5354000000"/>
			<Sample nodeCount="75" insertCount="10000" extractCount="10000" duration="5396000000"/>
			<Sample nodeCount="76" insertCount="10000" extractCount="10000" duration="5481000000"/>
			<Sample nodeCount="77" insertCount="10000" extractCount="10000" duration="5571000000"/>
			<Sample nodeCount="78" insertCount="10000" extractCount="10000" duration="5699000000"/>
			<Sample nodeCount="79" insertCount="10000" extractCount="10000" duration="5780000000"/>
			<Sample nodeCount="80" insertCount="10000" extractCount="10000" duration="5861000000"/>
			<Sample nodeCount="81" insertCount="10000" extractCount="10000" duration="5902000000"/>
			<Sample nodeCount="82" insertCount="10000" extractCount="10000" duration="5981000000"/>
			<Sample nodeCount="83" insertCount="10000" extractCount="10000" duration="6085000000"/>
			<Sample nodeCount="84" insertCount="10000" extractCount="10000" duration="6173000000"/>
			<Sample nodeCount="85" insertCount="10000" extractCount="10000" duration="6195000000"/>
			<Sample nodeCount="86" insertCount="10000" extractCount="10000" duration="6282000000"/>
			<Sample nodeCount="87" insertCount="10000" extractCount="10000" duration="6449000000"/>
			<Sample nodeCount="88" insertCount="10000" extractCount="10000" duration="6485000000"/>
			<Sample nodeCount="89" insertCount="10000" extractCount="10000" duration="6639000000"/>
			<Sample nodeCount="90" insertCount="10000" extractCount="10000" duration="6671000000"/>
			<Sample nodeCount="91" insertCount="10000" extractCount="10000" duration="6715000000"/>
			<Sample nodeCount="92" insertCount="10000" extractCount="10000" duration="6820000000"/>
			<Sample nodeCount="93" insertCount="10000" extractCount="10000" duration="6948000000"/>
			<Sample nodeCount="94" insertCount="10000" extractCount="10000" duration="6961000000"/>
			<Sample nodeCount="95" insertCount="10000" extractCount="10000" duration="7153000000"/>
			<Sample nodeCount="96" insertCount="10000" extractCount="10000" duration="7166000000"/>
			<Sample nodeCount="97" insertCount="10000" extractCount="10000" duration="7246000000"/>
			<Sample nodeCount="98" insertCount="10000" extractCount="10000" duration="7311000000"/>
			<Sample nodeCount="99" insertCount="10000" extractCount="10000" duration="7382000000"/>
			<Sample nodeCount="100" insertCount="10000" extractCount="10000" duration="7554000000"/>
			<Sample nodeCount="101" insertCount="10000" extractCount="10000" duration="7559000000"/>
			<Sample nodeCount="102" insertCount="10000" extractCount="10000" duration="7676000000"/>
			<Sample nodeCount="103" insertCount="10000" extractCount="10000" duration="7772000000"/>
			<Sample nodeCount="104" insertCount="10000" extractCount="10000" duration="7822000000"/>
			<Sample nodeCount="105" insertCount="10000" extractCount="10000" duration="7915000000"/>
			<Sample nodeCount="106" insertCount="10000" extractCount="10000" duration="8048000000"/>
			<Sample nodeCount="107" insertCount="10000" extractCount="10000" duration="8110000000"/>
			<Sample nodeCount="108" insertCount="10000" extractCount="10000" duration="8207000000"/>
			<Sample nodeCount="109" insertCount="10000" extractCount="10000" duration="8248000000"/>
			<Sample nodeCount="110" insertCount="10000" extractCount="10000" duration="8429000000"/>
			<Sample nodeCount="111" insertCount="10000" extractCount="10000" duration="8374000000"/>
			<Sample nodeCount="112" insertCount="10000" extractCount="10000" duration="8495000000"/>
			<Sample nodeCount="113" insertCount="10000" extractCount="10000" duration="8554000000"/>
			<Sample nodeCount="114" insertCount="10000" extractCount="10000" duration="8654000000"/>
			<Sample nodeCount="115" insertCount="10000" extractCount="10000" duration="8765000000"/>
			<Sample nodeCount="116" insertCount="10000" extractCount="10000" duration="8861000000"/>
			<Sample nodeCount="117" insertCount="10000" extractCount="10000" duration="8966000000"/>
			<Sample nodeCount="118" insertCount="10000" extractCount="10000" duration="9066000000"/>
			<Sample nodeCount="119" insertCount="10000" extractCount="10000" duration="9080000000"/>
			<Sample nodeCount="120" insertCount="10000" extractCount="10000" duration="9207000000"/>
			<Sample nodeCount="121" insertCount="10000" extractCount="10000" duration="9210000000"/>
			<Sample nodeCount="122" insertCount="10000" extractCount="10000" duration="9329000000"/>
			<Sample nodeCount="123" insertCount="10000" extractCount="10000" duration="9599000000"/>
			<Sample nodeCount="124" insertCount="10000" extractCount="10000" duration="9518000000"/>
			<Sample nodeCount="125" insertCount="10000" extractCount="10000" duration="9640000000"/>
			<Sample nodeCount="126" insertCount="10000" extractCount="10000" duration="9670000000"/>
			<Sample nodeCount="127" insertCount="10000" extractCount="10000" duration="9795000000"/>
		</SmallSetLinear>
		<LargeSetLinear>
		</LargeSetLinear>
	</RBTest>
	<RBTest implementation="RTEMS Compact" nodeSize="12">
		<SmallSetRandomOps>
			<Sample nodeCount="1" insertCount="62" extractCount="61" duration="0"/>
			<Sample nodeCount="2" insertCount="123" extractCount="123" duration="1000000"/>
			<Sample nodeCount="3" insertCount="186" extractCount="183" duration="0"/>
			<Sample nodeCount="4" insertCount="247" extractCount="245" duration="1000000"/>
			<Sample nodeCount="5" insertCount="309" extractCount="306" duration="2000000"/>
			<Sample nodeCount="6" insertCount="370" extractCount="368" duration="1000000"/>
			<Sample nodeCount="7" insertCount="433" extractCount="428" duration="2000000"/>
			<Sample nodeCount="8" insertCount="493" extractCount="491" duration="3000000"/>
			<Sample nodeCount="9" insertCount="557" extractCount="550" duration="2000000"/>
			<Sample nodeCount="10" insertCount="619" extractCount="611" duration="3000000"/>
			<Sample nodeCount="11" insertCount="680" extractCount="673" duration="4000000"/>
			<Sample nodeCount="12" insertCount="740" extractCount="736" duration="3000000"/>
			<Sample nodeCount="13" insertCount="803" extractCount="796" duration="4000000"/>
			<Sample nodeCount="14" insertCount="864" extractCount="858" duration="4000000"/>
			<Sample nodeCount="15" insertCount="927" extractCount="918" duration="5000000"/>
			<Sample nodeCount="16" insertCount="988" extractCount="980" duration="5000000"/>
			<Sample nodeCount="17" insertCount="1050" extractCount="1041" duration="5000000"/>
			<Sample nodeCount="18" insertCount="1113" extractCount="1101" duration="6000000"/>
			<Sample nodeCount="19" insertCount="1172" extractCount="1165" duration="6000000"/>
			<Sample nodeCount="20" insertCount="1237" extractCount="1223" duration="7000000"/>
			<Sample nodeCount="21" insertCount="1296" extractCount="1287" duration="6000000"/>
			<Sample nodeCount="22" insertCount="1359" extractCount="1347" duration="7000000"/>
			<Sample nodeCount="23" insertCount="1419" extractCount="1410" duration="7000000"/>
			<Sample nodeCount="24" insertCount="1484" extractCount="1468" duration="8000000"/>
			<Sample nodeCount="25" insertCount="1544" extractCount="1531" duration="8000000"/>
			<Sample nodeCount="26" insertCount="1604" extractCount="1594" duration="8000000"/>
			<Sample nodeCount="27" insertCount="1668" extractCount="1653" duration="8000000"/>
			<Sample nodeCount="28" insertCount="1729" extractCount="1715" duration="9000000"/>
			<Sample nodeCount="29" insertCount="1790" extractCount="1777" duration="10000000"/>
			<Sample nodeCount="30" insertCount="1851" extractCount="1839" duration="10000000"/>
			<Sample nodeCount="31" insertCount="1914" extractCount="1899" duration="10000000"/>
			<Sample nodeCount="32" insertCount="1977" extractCount="1959" duration="11000000"/>
			<Sample nodeCount="33" insertCount="2041" extractCount="2018" duration="10000000"/>
			<Sample nodeCount="34" insertCount="2097" extractCount="2085" duration="11000000"/>
			<Sample nodeCount="35" insertCount="2160" extractCount="2145" duration="11000000"/>
			<Sample nodeCount="36" insertCount="2221" extractCount="2207" duration="12000000"/>
			<Sample nodeCount="37" insertCount="2285" extractCount="2266" duration="12000000"/>
			<Sample nodeCount="38" insertCount="2346" extractCount="2328" duration="13000000"/>
			<Sample nodeCount="39" insertCount="2408" extractCount="2389" duration="13000000"/>
			<Sample nodeCount="40" insertCount="2471" extractCount="2449" duration="13000000"/>
			<Sample nodeCount="41" insertCount="2531" extractCount="2512" duration="13000000"/>
			<Sample nodeCount="42" insertCount="2593" extractCount="2573" duration="14000000"/>
			<Sample nodeCount="43" insertCount="2656" extractCount="2633" duration="14000000"/>
			<Sample nodeCount="44" insertCount="2717" extractCount="2695" duration="15000000"/>
			<Sample nodeCount="45" insertCount="2776" extractCount="2759" duration="15000000"/>
			<Sample nodeCount="46" insertCount="2840" extractCount="2818" duration="15000000"/>
			<Sample nodeCount="47" insertCount="2902" extractCount="2879" duration="16000000"/>
			<Sample nodeCount="48" insertCount="2966" extractCount="2938" duration="16000000"/>
			<Sample nodeCount="49" insertCount="3026" extractCount="3001" duration="16000000"/>
			<Sample nodeCount="50" insertCount="3084" extractCount="3066" duration="17000000"/>
			<Sample nodeCount="51" insertCount="3151" extractCount="3122" duration="17000000"/>
			<Sample nodeCount="52" insertCount="3209" extractCount="3187" duration="18000000"/>
			<Sample nodeCount="53" insertCount="3273" extractCount="3246" duration="18000000"/>
			<Sample nodeCount="54" insertCount="3337" extractCount="3305" duration="19000000"/>
			<Sample nodeCount="55" insertCount="3400" extractCount="3365" duration="19000000"/>
			<Sample nodeCount="56" insertCount="3458" extractCount="3430" duration="18000000"/>
			<Sample nodeCount="57" insertCount="3521" extractCount="3490" duration="19000000"/>
			<Sample nodeCount="58" insertCount="3580" extractCount="3554" duration="19000000"/>
			<Sample nodeCount="59" insertCount="3647" extractCount="3610" duration="20000000"/>
			<Sample nodeCount="60" insertCount="3706" extractCount="3674" duration="20000000"/>
			<Sample nodeCount="61" insertCount="3766" extractCount="3737" duration="21000000"/>
			<Sample nodeCount="62" insertCount="3828" extractCount="3798" duration="21000000"/>
			<Sample nodeCount="63" insertCount="3888" extractCount="3861" duration="21000000"/>
			<Sample nodeCount="64" insertCount="3952" extractCount="3920" duration="21000000"/>
			<Sample nodeCount="65" insertCount="4014" extractCount="3981" duration="22000000"/>
			<Sample nodeCount="66" insertCount="4077" extractCount="4041" duration="22000000"/>
			<Sample nodeCount="67" insertCount="4136" extractCount="4105" duration="23000000"/>
			<Sample nodeCount="68" insertCount="4200" extractCount="4164" duration="23000000"/>
			<Sample nodeCount="69" insertCount="4263" extractCount="4224" duration="24000000"/>
			<Sample nodeCount="70" insertCount="4325" extractCount="4285" duration="24000000"/>
			<Sample nodeCount="71" insertCount="4381" extractCount="4352" duration="25000000"/>
			<Sample nodeCount="72" insertCount="4448" extractCount="4408" duration="24000000"/>
			<Sample nodeCount="73" insertCount="4507" extractCount="4472" duration="25000000"/>
			<Sample nodeCount="74" insertCount="4571" extractCount="4531" duration="25000000"/>
			<Sample nodeCount="75" insertCount="4631" extractCount="4594" duration="26000000"/>
			<Sample nodeCount="76" insertCount="4693" extractCount="4655" duration="26000000"/>
			<Sample nodeCount="77" insertCount="4755" extractCount="4716" duration="27000000"/>
			<Sample nodeCount="78" insertCount="4817" extractCount="4777" duration="27000000"/>
			<Sample nodeCount="79" insertCount="4877" extractCount="4840" duration="28000000"/>
			<Sample nodeCount="80" insertCount="4942" extractCount="4898" duration="27000000"/>
			<Sample nodeCount="81" insertCount="5002" extractCount="4961" duration="27000000"/>
			<Sample nodeCount="82" insertCount="5063" extractCount="5023" duration="28000000"/>
			<Sample nodeCount="83" insertCount="5124" extractCount="5085" duration="28000000"/>
			<Sample nodeCount="84" insertCount="5187" extractCount="5145" duration="29000000"/>
			<Sample nodeCount="85" insertCount="5250" extractCount="5205" duration="29000000"/>
			<Sample nodeCount="86" insertCount="5314" extractCount="5264" duration="30000000"/>
			<Sample nodeCount="87" insertCount="5374" extractCount="5327" duration="30000000"/>
			<Sample nodeCount="88" insertCount="5432" extractCount="5392" duration="30000000"/>
			<Sample nodeCount="89" insertCount="5490" extractCount="5457" duration="30000000"/>
			<Sample nodeCount="90" insertCount="5559" extractCount="5511" duration="31000000"/>
			<Sample nodeCount="91" insertCount="5621" extractCount="5572" duration="31000000"/>
			<Sample nodeCount="92" insertCount="5680" extractCount="5636" duration="32000000"/>
			<Sample nodeCount="93" insertCount="5740" extractCount="5699" duration="32000000"/>
			<Sample nodeCount="94" insertCount="5803" extractCount="5759" duration="33000000"/>
			<Sample nodeCount="95" insertCount="5862" extractCount="5823" duration="33000000"/>
			<Sample nodeCount="96" insertCount="5929" extractCount="5879" duration="34000000"/>
			<Sample nodeCount="97" insertCount="5993" extractCount="5938" duration="34000000"/>
			<Sample nodeCount="98" insertCount="6055" extractCount="5999" duration="34000000"/>
			<Sample nodeCount="99" insertCount="6113" extractCount="6064" duration="34000000"/>
			<Sample nodeCount="100" insertCount="6172" extractCount="6128" duration="35000000"/>
			<Sample nodeCount="101" insertCount="6238" extractCount="6185" duration="35000000"/>
			<Sample nodeCount="102" insertCount="6299" extractCount="6247" duration="36000000"/>
			<Sample nodeCount="103" insertCount="6363" extractCount="6306" duration="36000000"/>
			<Sample nodeCount="104" insertCount="6426" extractCount="6366" duration="36000000"/>
			<Sample nodeCount="105" insertCount="6481" extractCount="6434" duration="37000000"/>
			<Sample nodeCount="106" insertCount="6544" extractCount="6494" duration="37000000"/>
			<Sample nodeCount="107" insertCount="6607" extractCount="6554" duration="38000000"/>
			<Sample nodeCount="108" insertCount="6669" extractCount="6615" duration="37000000"/>
			<Sample nodeCount="109" insertCount="6732" extractCount="6675" duration="38000000"/>
			<Sample nodeCount="110" insertCount="6794" extractCount="6736" duration="38000000"/>
			<Sample nodeCount="111" insertCount="6852" extractCount="6801" duration="38000000"/>
			<Sample nodeCount="112" insertCount="6918" extractCount="6858" duration="39000000"/>
			<Sample nodeCount="113" insertCount="6981" extractCount="6918" duration="39000000"/>
			<Sample nodeCount="114" insertCount="7041" extractCount="6981" duration="40000000"/>
			<Sample nodeCount="115" insertCount="7103" extractCount="7042" duration="40000000"/>
			<Sample nodeCount="116" insertCount="7164" extractCount="7104" duration="41000000"/>
			<Sample nodeCount="117" insertCount="7225" extractCount="7166" duration="41000000"/>
			<Sample nodeCount="118" insertCount="7291" extractCount="7223" duration="42000000"/>
			<Sample nodeCount="119" insertCount="7350" extractCount="7287" duration="42000000"/>
			<Sample nodeCount="120" insertCount="7410" extractCount="7350" duration="42000000"/>
			<Sample nodeCount="121" insertCount="7471" extractCount="7412" duration="43000000"/>
			<Sample nodeCount="122" insertCount="7537" extractCount="7469" duration="42000000"/>
			<Sample nodeCount="123" insertCount="7593" extractCount="7536" duration="44000000"/>
			<Sample nodeCount="124" insertCount="7658" extractCount="7594" duration="43000000"/>
			<Sample nodeCount="125" insertCount="7718" extractCount="7657" duration="44000000"/>
			<Sample nodeCount="126" insertCount="7781" extractCount="7717" duration="44000000"/>
			<Sample nodeCount="127" insertCount="7840" extractCount="7781" duration="45000000"/>
		</SmallSetRandomOps>
		<LargeSetRandomOps>
		</LargeSetRandomOps>
		<SmallSetLinear>
			<Sample nodeCount="1" insertCount="10000" extractCount="10000" duration="38000000"/>
			<Sample nodeCount="2" insertCount="10000" extractCount="10000" duration="71000000"/>
			<Sample nodeCount="3" insertCount="10000" extractCount="10000" duration="121000000"/>
			<Sample nodeCount="4" insertCount="10000" extractCount="10000" duration="175000000"/>
			<Sample nodeCount="5" insertCount="10000" extractCount="10000" duration="222000000"/>
			<Sample nodeCount="6" insertCount="10000" extractCount="10000" duration="273000000"/>
			<Sample nodeCount="7" insertCount="10000" extractCount="10000" duration="322000000"/>
			<Sample nodeCount="8" insertCount="10000" extractCount="10000" duration="377000000"/>
			<Sample nodeCount="9" insertCount="10000" extractCount="10000" duration="425000000"/>
			<Sample nodeCount="10" insertCount="10000" extractCount="10000" duration="487000000"/>
			<Sample nodeCount="11" insertCount="10000" extractCount="10000" duration="539000000"/>
			<Sample nodeCount="12" insertCount="10000" extractCount="10000" duration="599000000"/>
			<Sample nodeCount="13" insertCount="10000" extractCount="10000" duration="651000000"/>
			<Sample nodeCount="14" insertCount="10000" extractCount="10000" duration="710000000"/>
			<Sample nodeCount="15" insertCount="10000" extractCount="10000" duration="763000000"/>
			<Sample nodeCount="16" insertCount="10000" extractCount="10000" duration="828000000"/>
			<Sample nodeCount="17" insertCount="10000" extractCount="10000" duration="881000000"/>
			<Sample nodeCount="18" insertCount="10000" extractCount="10000" duration="945000000"/>
			<Sample nodeCount="19" insertCount="10000" extractCount="10000" duration="998000000"/>
			<Sample nodeCount="20" insertCount="10000" extractCount="10000" duration="1062000000"/>
			<Sample nodeCount="21" insertCount="10000" extractCount="10000" duration="1116000000"/>
			<Sample nodeCount="22" insertCount="10000" extractCount="10000" duration="1186000000"/>
			<Sample nodeCount="23" insertCount="10000" extractCount="10000" duration="1241000000"/>
			<Sample nodeCount="24" insertCount="10000" extractCount="10000" duration="1308000000"/>
			<Sample nodeCount="25" insertCount="10000" extractCount="10000" duration="1363000000"/>
			<Sample nodeCount="26" insertCount="10000" extractCount="10000" duration="1433000000"/>
			<Sample nodeCount="27" insertCount="10000" extractCount="10000" duration="1488000000"/>
			<Sample nodeCount="28" insertCount="10000" extractCount="10000" duration="1555000000"/>
			<Sample nodeCount="29" insertCount="10000" extractCount="10000" duration="1609000000"/>
			<Sample nodeCount="30" insertCount="10000" extractCount="10000" duration="1678000000"/>
			<Sample nodeCount="31" insertCount="10000" extractCount="10000" duration="1734000000"/>
			<Sample nodeCount="32" insertCount="10000" extractCount="10000" duration="1805000000"/>
			<Sample nodeCount="33" insertCount="10000" extractCount="10000" duration="1862000000"/>
			<Sample nodeCount="34" insertCount="10000" extractCount="10000" duration="1935000000"/>
			<Sample nodeCount="35" insertCount="10000" extractCount="10000" duration="1991000000"/>
			<Sample nodeCount="36" insertCount="10000" extractCount="10000" duration="2060000000"/>
			<Sample nodeCount="37" insertCount="10000" extractCount="10000" duration="2118000000"/>
			<Sample nodeCount="38" insertCount="10000" extractCount="10000" duration="2191000000"/>
			<Sample nodeCount="39" insertCount="10000" extractCount="10000" duration="2248000000"/>
			<Sample nodeCount="40" insertCount="10000" extractCount="10000" duration="2317000000"/>
			<Sample nodeCount="41" insertCount="10000" extractCount="10000" duration="2374000000"/>
			<Sample nodeCount="42" insertCount="10000" extractCount="10000" duration="2447000000"/>
			<Sample nodeCount="43" insertCount="10000" extractCount="10000" duration="2504000000"/>
			<Sample nodeCount="44" insertCount="10000" extractCount="10000" duration="2572000000"/>
			<Sample nodeCount="45" insertCount="10000" extractCount="10000" duration="2630000000"/>
			<Sample nodeCount="46" insertCount="10000" extractCount="10000" duration="2709000000"/>
			<Sample nodeCount="47" insertCount="10000" extractCount="10000" duration="2767000000"/>
			<Sample nodeCount="48" insertCount="10000" extractCount="10000" duration="2839000000"/>
			<Sample nodeCount="49" insertCount="10000" extractCount="10000" duration="2898000000"/>
			<Sample nodeCount="50" insertCount="10000" extractCount="10000" duration="2973000000"/>
			<Sample nodeCount="51" insertCount="10000" extractCount="10000" duration="3032000000"/>
			<Sample nodeCount="52" insertCount="10000" extractCount="10000" duration="3103000000"/>
			<Sample nodeCount="53" insertCount="10000" extractCount="10000" duration="3162000000"/>
			<Sample nodeCount="54" insertCount="10000" extractCount="10000" duration="3242000000"/>
			<Sample nodeCount="55" insertCount="10000" extractCount="10000" duration="3302000000"/>
			<Sample nodeCount="56" insertCount="10000" extractCount="10000" duration="3372000000"/>
			<Sample nodeCount="57" insertCount="10000" extractCount="10000" duration="3431000000"/>
			<Sample nodeCount="58" insertCount="10000" extractCount="10000" duration="3506000000"/>
			<Sample nodeCount="59" insertCount="10000" extractCount="10000" duration="3566000000"/>
			<Sample nodeCount="60" insertCount="10000" extractCount="10000" duration="3638000000"/>
			<Sample nodeCount="61" insertCount="10000" extractCount="10000" duration="3695000000"/>
			<Sample nodeCount="62" insertCount="10000" extractCount="10000" duration="3774000000"/>
			<Sample nodeCount="63" insertCount="10000" extractCount="10000" duration="3834000000"/>
			<Sample nodeCount="64" insertCount="10000" extractCount="10000" duration="3908000000"/>
			<Sample nodeCount="65" insertCount="10000" extractCount="10000" duration="3970000000"/>
			<Sample nodeCount="66" insertCount="10000" extractCount="10000" duration="4046000000"/>
			<Sample nodeCount="67" insertCount="10000" extractCount="10000" duration="4107000000"/>
			<Sample nodeCount="68" insertCount="10000" extractCount="10000" duration="4180000000"/>
			<Sample nodeCount="69" insertCount="10000" extractCount="10000" duration="4242000000"/>
			<Sample nodeCount="70" insertCount="10000" extractCount="10000" duration="4323000000"/>
			<Sample nodeCount="71" insertCount="10000" extractCount="10000" duration="4385000000"/>
			<Sample nodeCount="72" insertCount="10000" extractCount="10000" duration="4458000000"/>
			<Sample nodeCount="73" insertCount="10000" extractCount="10000" duration="4519000000"/>
			<Sample nodeCount="74" insertCount="10000" extractCount="10000" duration="4596000000"/>
			<Sample nodeCount="75" insertCount="10000" extractCount="10000" duration="4658000000"/>
			<Sample nodeCount="76" insertCount="10000" extractCount="10000" duration="4730000000"/>
			<Sample nodeCount="77" insertCount="10000" extractCount="10000" duration="4792000000"/>
			<Sample nodeCount="78" insertCount="10000" extractCount="10000" duration="4875000000"/>
			<Sample nodeCount="79" insertCount="10000" extractCount="10000" duration="4936000000"/>
			<Sample nodeCount="80" insertCount="10000" extractCount="10000" duration="5010000000"/>
			<Sample nodeCount="81" insertCount="10000" extractCount="10000" duration="5069000000"/>
			<Sample nodeCount="82" insertCount="10000" extractCount="10000" duration="5147000000"/>
			<Sample nodeCount="83" insertCount="10000" extractCount="10000" duration="5209000000"/>
			<Sample nodeCount="84" insertCount="10000" extractCount="10000" duration="5282000000"/>
			<Sample nodeCount="85" insertCount="10000" extractCount="10000" duration="5343000000"/>
			<Sample nodeCount="86" insertCount="10000" extractCount="10000" duration="5425000000"/>
			<Sample nodeCount="87" insertCount="10000" extractCount="10000" duration="5487000000"/>
			<Sample nodeCount="88" insertCount="10000" extractCount="10000" duration="5559000000"/>
			<Sample nodeCount="89" insertCount="10000" extractCount="10000" duration="5621000000"/>
			<Sample nodeCount="90" insertCount="10000" extractCount="10000" duration="5697000000"/>
			<Sample nodeCount="91" insertCount="10000" extractCount="10000" duration="5759000000"/>
			<Sample nodeCount="92" insertCount="10000" extractCount="10000" duration="5832000000"/>
			<Sample nodeCount="93" insertCount="10000" extractCount="10000" duration="5893000000"/>
			<Sample nodeCount="94" insertCount="10000" extractCount="10000" duration="5981000000"/>
			<Sample nodeCount="95" insertCount="10000" extractCount="10000" duration="6045000000"/>
			<Sample nodeCount="96" insertCount="10000" extractCount="10000" duration="6121000000"/>
			<Sample nodeCount="97" insertCount="10000" extractCount="10000" duration="6184000000"/>
			<Sample nodeCount="98" insertCount="10000" extractCount="10000" duration="6263000000"/>
			<Sample nodeCount="99" insertCount="10000" extractCount="10000" duration="6327000000"/>
			<Sample nodeCount="100" insertCount="10000" extractCount="10000" duration="6402000000"/>
			<Sample nodeCount="101" insertCount="10000" extractCount="10000" duration="6466000000"/>
			<Sample nodeCount="102" insertCount="10000" extractCount="10000" duration="6549000000"/>
			<Sample nodeCount="103" insertCount="10000" extractCount="10000" duration="6613000000"/>
			<Sample nodeCount="104" insertCount="10000" extractCount="10000" duration="6689000000"/>
			<Sample nodeCount="105" insertCount="10000" extractCount="10000" duration="6751000000"/>
			<Sample nodeCount="106" insertCount="10000" extractCount="10000" duration="6830000000"/>
			<Sample nodeCount="107" insertCount="10000" extractCount="10000" duration="6894000000"/>
			<Sample nodeCount="108" insertCount="10000" extractCount="10000" duration="6969000000"/>
			<Sample nodeCount="109" insertCount="10000" extractCount="10000" duration="7033000000"/>
			<Sample nodeCount="110" insertCount="10000" extractCount="10000" duration="7121000000"/>
			<Sample nodeCount="111" insertCount="10000" extractCount="10000" duration="7185000000"/>
			<Sample nodeCount="112" insertCount="10000" extractCount="10000" duration="7260000000"/>
			<Sample nodeCount="113" insertCount="10000" extractCount="10000" duration="7324000000"/>
			<Sample nodeCount="114" insertCount="10000" extractCount="10000" duration="7402000000"/>
			<Sample nodeCount="115" insertCount="10000" extractCount="10000" duration="7465000000"/>
			<Sample nodeCount="116" insertCount="10000" extractCount="10000" duration="7541000000"/>
			<Sample nodeCount="117" insertCount="10000" extractCount="10000" duration="7604000000"/>
			<Sample nodeCount="118" insertCount="10000" extractCount="10000" duration="7688000000"/>
			<Sample nodeCount="119" insertCount="10000" extractCount="10000" duration="7751000000"/>
			<Sample nodeCount="120" insertCount="10000" extractCount="10000" duration="7827000000"/>
			<Sample nodeCount="121" insertCount="10000" extractCount="10000" duration="7891000000"/>
			<Sample nodeCount="122" insertCount="10000" extractCount="10000" duration="7969000000"/>
			<Sample nodeCount="123" insertCount="10000" extractCount="10000" duration="8033000000"/>
			<Sample nodeCount="124" insertCount="10000" extractCount="10000" duration="8108000000"/>
			<Sample nodeCount="125" insertCount="10000" extractCount="10000" duration="8172000000"/>
			<Sample nodeCount="126" insertCount="10000" extractCount="10000" duration="8258000000"/>
			<Sample nodeCount="127" insertCount="10000" extractCount="10000" duration="8325000000"/>
		</SmallSetLinear>
		<LargeSetLinear>
		</LargeSetLinear>
	</RBTest>
	<RBTest implementation="RB New Compact" nodeSize="8">
		<SmallSetRandomOps>
			<Sample nodeCount="1" insertCount="62" extractCount="61" duration="0"/>
			<Sample nodeCount="2" insertCount="123" extractCount="123" duration="1000000"/>
			<Sample nodeCount="3" insertCount="186" extractCount="183" duration="0"/>
			<Sample nodeCount="4" insertCount="247" extractCount="245" duration="1000000"/>
			<Sample nodeCount="5" insertCount="309" extractCount="306" duration="1000000"/>
			<Sample nodeCount="6" insertCount="370" extractCount="368" duration="1000000"/>
			<Sample nodeCount="7" insertCount="433" extractCount="428" duration="2000000"/>
			<Sample nodeCount="8" insertCount="493" extractCount="491" duration="2000000"/>
			<Sample nodeCount="9" insertCount="557" extractCount="550" duration="2000000"/>
			<Sample nodeCount="10" insertCount="619" extractCount="611" duration="2000000"/>
			<Sample nodeCount="11" insertCount="680" extractCount="673" duration="2000000"/>
			<Sample nodeCount="12" insertCount="740" extractCount="736" duration="3000000"/>
			<Sample nodeCount="13" insertCount="803" extractCount="796" duration="4000000"/>
			<Sample nodeCount="14" insertCount="864" extractCount="858" duration="3000000"/>
			<Sample nodeCount="15" insertCount="927" extractCount="918" duration="4000000"/>
			<Sample nodeCount="16" insertCount="988" extractCount="980" duration="4000000"/>
			<Sample nodeCount="17" insertCount="1050" extractCount="1041" duration="4000000"/>
			<Sample nodeCount="18" insertCount="1113" extractCount="1101" duration="5000000"/>
			<Sample nodeCount="19" insertCount="1172" extractCount="1165" duration="5000000"/>
			<Sample nodeCount="20" insertCount="1237" extractCount="1223" duration="6000000"/>
			<Sample nodeCount="21" insertCount="1296" extractCount="1287" duration="6000000"/>
			<Sample nodeCount="22" insertCount="1359" extractCount="1347" duration="6000000"/>
			<Sample nodeCount="23" insertCount="1419" extractCount="1410" duration="6000000"/>
			<Sample nodeCount="24" insertCount="1484" extractCount="1468" duration="7000000"/>
			<Sample nodeCount="25" insertCount="1544" extractCount="1531" duration="7000000"/>
			<Sample nodeCount="26" insertCount="1604" extractCount="1594" duration="8000000"/>
			<Sample nodeCount="27" insertCount="1668" extractCount="1653" duration="7000000"/>
			<Sample nodeCount="28" insertCount="1729" extractCount="1715" duration="8000000"/>
			<Sample nodeCount="29" insertCount="1790" extractCount="1777" duration="8000000"/>
			<Sample nodeCount="30" insertCount="1851" extractCount="1839" duration="9000000"/>
			<Sample nodeCount="31" insertCount="1914" extractCount="1899" duration="9000000"/>
			<Sample nodeCount="32" insertCount="1977" extractCount="1959" duration="9000000"/>
			<Sample nodeCount="33" insertCount="2041" extractCount="2018" duration="9000000"/>
			<Sample nodeCount="34" insertCount="2097" extractCount="2085" duration="10000000"/>
			<Sample nodeCount="35" insertCount="2160" extractCount="2145" duration="10000000"/>
			<Sample nodeCount="36" insertCount="2221" extractCount="2207" duration="11000000"/>
			<Sample nodeCount="37" insertCount="2285" extractCount="2266" duration="11000000"/>
			<Sample nodeCount="38" insertCount="2346" extractCount="2328" duration="12000000"/>
			<Sample nodeCount="39" insertCount="2408" extractCount="2389" duration="11000000"/>
			<Sample nodeCount="40" insertCount="2471" extractCount="2449" duration="13000000"/>
			<Sample nodeCount="41" insertCount="2531" extractCount="2512" duration="12000000"/>
			<Sample nodeCount="42" insertCount="2593" extractCount="2573" duration="13000000"/>
			<Sample nodeCount="43" insertCount="2656" extractCount="2633" duration="13000000"/>
			<Sample nodeCount="44" insertCount="2717" extractCount="2695" duration="14000000"/>
			<Sample nodeCount="45" insertCount="2776" extractCount="2759" duration="14000000"/>
			<Sample nodeCount="46" insertCount="2840" extractCount="2818" duration="15000000"/>
			<Sample nodeCount="47" insertCount="2902" extractCount="2879" duration="15000000"/>
			<Sample nodeCount="48" insertCount="2966" extractCount="2938" duration="16000000"/>
			<Sample nodeCount="49" insertCount="3026" extractCount="3001" duration="16000000"/>
			<Sample nodeCount="50" insertCount="3084" extractCount="3066" duration="17000000"/>
			<Sample nodeCount="51" insertCount="3151" extractCount="3122" duration="16000000"/>
			<Sample nodeCount="52" insertCount="3209" extractCount="3187" duration="17000000"/>
			<Sample nodeCount="53" insertCount="3273" extractCount="3246" duration="17000000"/>
			<Sample nodeCount="54" insertCount="3337" extractCount="3305" duration="18000000"/>
			<Sample nodeCount="55" insertCount="3400" extractCount="3365" duration="18000000"/>
			<Sample nodeCount="56" insertCount="3458" extractCount="3430" duration="19000000"/>
			<Sample nodeCount="57" insertCount="3521" extractCount="3490" duration="19000000"/>
			<Sample nodeCount="58" insertCount="3580" extractCount="3554" duration="19000000"/>
			<Sample nodeCount="59" insertCount="3647" extractCount="3610" duration="20000000"/>
			<Sample nodeCount="60" insertCount="3706" extractCount="3674" duration="20000000"/>
			<Sample nodeCount="61" insertCount="3766" extractCount="3737" duration="21000000"/>
			<Sample nodeCount="62" insertCount="3828" extractCount="3798" duration="21000000"/>
			<Sample nodeCount="63" insertCount="3888" extractCount="3861" duration="21000000"/>
			<Sample nodeCount="64" insertCount="3952" extractCount="3920" duration="21000000"/>
			<Sample nodeCount="65" insertCount="4014" extractCount="3981" duration="22000000"/>
			<Sample nodeCount="66" insertCount="4077" extractCount="4041" duration="22000000"/>
			<Sample nodeCount="67" insertCount="4136" extractCount="4105" duration="23000000"/>
			<Sample nodeCount="68" insertCount="4200" extractCount="4164" duration="23000000"/>
			<Sample nodeCount="69" insertCount="4263" extractCount="4224" duration="24000000"/>
			<Sample nodeCount="70" insertCount="4325" extractCount="4285" duration="24000000"/>
			<Sample nodeCount="71" insertCount="4381" extractCount="4352" duration="25000000"/>
			<Sample nodeCount="72" insertCount="4448" extractCount="4408" duration="24000000"/>
			<Sample nodeCount="73" insertCount="4507" extractCount="4472" duration="25000000"/>
			<Sample nodeCount="74" insertCount="4571" extractCount="4531" duration="25000000"/>
			<Sample nodeCount="75" insertCount="4631" extractCount="4594" duration="26000000"/>
			<Sample nodeCount="76" insertCount="4693" extractCount="4655" duration="26000000"/>
			<Sample nodeCount="77" insertCount="4755" extractCount="4716" duration="27000000"/>
			<Sample nodeCount="78" insertCount="4817" extractCount="4777" duration="27000000"/>
			<Sample nodeCount="79" insertCount="4877" extractCount="4840" duration="27000000"/>
			<Sample nodeCount="80" insertCount="4942" extractCount="4898" duration="27000000"/>
			<Sample nodeCount="81" insertCount="5002" extractCount="4961" duration="28000000"/>
			<Sample nodeCount="82" insertCount="5063" extractCount="5023" duration="28000000"/>
			<Sample nodeCount="83" insertCount="5124" extractCount="5085" duration="28000000"/>
			<Sample nodeCount="84" insertCount="5187" extractCount="5145" duration="29000000"/>
			<Sample nodeCount="85" insertCount="5250" extractCount="5205" duration="29000000"/>
			<Sample nodeCount="86" insertCount="5314" extractCount="5264" duration="30000000"/>
			<Sample nodeCount="87" insertCount="5374" extractCount="5327" duration="30000000"/>
			<Sample nodeCount="88" insertCount="5432" extractCount="5392" duration="30000000"/>
			<Sample nodeCount="89" insertCount="5490" extractCount="5457" duration="30000000"/>
			<Sample nodeCount="90" insertCount="5559" extractCount="5511" duration="31000000"/>
			<Sample nodeCount="91" insertCount="5621" extractCount="5572" duration="31000000"/>
			<Sample nodeCount="92" insertCount="5680" extractCount="5636" duration="32000000"/>
			<Sample nodeCount="93" insertCount="5740" extractCount="5699" duration="32000000"/>
			<Sample nodeCount="94" insertCount="5803" extractCount="5759" duration="33000000"/>
			<Sample nodeCount="95" insertCount="5862" extractCount="5823" duration="33000000"/>
			<Sample nodeCount="96" insertCount="5929" extractCount="5879" duration="34000000"/>
			<Sample nodeCount="97" insertCount="5993" extractCount="5938" duration="34000000"/>
			<Sample nodeCount="98" insertCount="6055" extractCount="5999" duration="35000000"/>
			<Sample nodeCount="99" insertCount="6113" extractCount="6064" duration="35000000"/>
			<Sample nodeCount="100" insertCount="6172" extractCount="6128" duration="36000000"/>
			<Sample nodeCount="101" insertCount="6238" extractCount="6185" duration="35000000"/>
			<Sample nodeCount="102" insertCount="6299" extractCount="6247" duration="36000000"/>
			<Sample nodeCount="103" insertCount="6363" extractCount="6306" duration="37000000"/>
			<Sample nodeCount="104" insertCount="6426" extractCount="6366" duration="36000000"/>
			<Sample nodeCount="105" insertCount="6481" extractCount="6434" duration="38000000"/>
			<Sample nodeCount="106" insertCount="6544" extractCount="6494" duration="38000000"/>
			<Sample nodeCount="107" insertCount="6607" extractCount="6554" duration="38000000"/>
			<Sample nodeCount="108" insertCount="6669" extractCount="6615" duration="38000000"/>
			<Sample nodeCount="109" insertCount="6732" extractCount="6675" duration="39000000"/>
			<Sample nodeCount="110" insertCount="6794" extractCount="6736" duration="39000000"/>
			<Sample nodeCount="111" insertCount="6852" extractCount="6801" duration="39000000"/>
			<Sample nodeCount="112" insertCount="6918" extractCount="6858" duration="41000000"/>
			<Sample nodeCount="113" insertCount="6981" extractCount="6918" duration="40000000"/>
			<Sample nodeCount="114" insertCount="7041" extractCount="6981" duration="41000000"/>
			<Sample nodeCount="115" insertCount="7103" extractCount="7042" duration="41000000"/>
			<Sample nodeCount="116" insertCount="7164" extractCount="7104" duration="43000000"/>
			<Sample nodeCount="117" insertCount="7225" extractCount="7166" duration="42000000"/>
			<Sample nodeCount="118" insertCount="7291" extractCount="7223" duration="44000000"/>
			<Sample nodeCount="119" insertCount="7350" extractCount="7287" duration="44000000"/>
			<Sample nodeCount="120" insertCount="7410" extractCount="7350" duration="44000000"/>
			<Sample nodeCount="121" insertCount="7471" extractCount="7412" duration="44000000"/>
			<Sample nodeCount="122" insertCount="7537" extractCount="7469" duration="45000000"/>
			<Sample nodeCount="123" insertCount="7593" extractCount="7536" duration="45000000"/>
			<Sample nodeCount="124" insertCount="7658" extractCount="7594" duration="45000000"/>
			<Sample nodeCount="125" insertCount="7718" extractCount="7657" duration="47000000"/>
			<Sample nodeCount="126" insertCount="7781" extractCount="7717" duration="46000000"/>
			<Sample nodeCount="127" insertCount="7840" extractCount="7781" duration="48000000"/>
		</SmallSetRandomOps>
		<LargeSetRandomOps>
		</LargeSetRandomOps>
		<SmallSetLinear>
			<Sample nodeCount="1" insertCount="10000" extractCount="10000" duration="17000000"/>
			<Sample nodeCount="2" insertCount="10000" extractCount="10000" duration="43000000"/>
			<Sample nodeCount="3" insertCount="10000" extractCount="10000" duration="66000000"/>
			<Sample nodeCount="4" insertCount="10000" extractCount="10000" duration="114000000"/>
			<Sample nodeCount="5" insertCount="10000" extractCount="10000" duration="144000000"/>
			<Sample nodeCount="6" insertCount="10000" extractCount="10000" duration="183000000"/>
			<Sample nodeCount="7" insertCount="10000" extractCount="10000" duration="214000000"/>
			<Sample nodeCount="8" insertCount="10000" extractCount="10000" duration="256000000"/>
			<Sample nodeCount="9" insertCount="10000" extractCount="10000" duration="301000000"/>
			<Sample nodeCount="10" insertCount="10000" extractCount="10000" duration="359000000"/>
			<Sample nodeCount="11" insertCount="10000" extractCount="10000" duration="391000000"/>
			<Sample nodeCount="12" insertCount="10000" extractCount="10000" duration="444000000"/>
			<Sample nodeCount="13" insertCount="10000" extractCount="10000" duration="472000000"/>
			<Sample nodeCount="14" insertCount="10000" extractCount="10000" duration="532000000"/>
			<Sample nodeCount="15" insertCount="10000" extractCount="10000" duration="566000000"/>
			<Sample nodeCount="16" insertCount="10000" extractCount="10000" duration="617000000"/>
			<Sample nodeCount="17" insertCount="10000" extractCount="10000" duration="653000000"/>
			<Sample nodeCount="18" insertCount="10000" extractCount="10000" duration="725000000"/>
			<Sample nodeCount="19" insertCount="10000" extractCount="10000" duration="760000000"/>
			<Sample nodeCount="20" insertCount="10000" extractCount="10000" duration="815000000"/>
			<Sample nodeCount="21" insertCount="10000" extractCount="10000" duration="870000000"/>
			<Sample nodeCount="22" insertCount="10000" extractCount="10000" duration="929000000"/>
			<Sample nodeCount="23" insertCount="10000" extractCount="10000" duration="965000000"/>
			<Sample nodeCount="24" insertCount="10000" extractCount="10000" duration="1021000000"/>
			<Sample nodeCount="25" insertCount="10000" extractCount="10000" duration="1073000000"/>
			<Sample nodeCount="26" insertCount="10000" extractCount="10000" duration="1130000000"/>
			<Sample nodeCount="27" insertCount="10000" extractCount="10000" duration="1165000000"/>
			<Sample nodeCount="28" insertCount="10000" extractCount="10000" duration="1221000000"/>
			<Sample nodeCount="29" insertCount="10000" extractCount="10000" duration="1278000000"/>
			<Sample nodeCount="30" insertCount="10000" extractCount="10000" duration="1342000000"/>
			<Sample nodeCount="31" insertCount="10000" extractCount="10000" duration="1375000000"/>
			<Sample nodeCount="32" insertCount="10000" extractCount="10000" duration="1430000000"/>
			<Sample nodeCount="33" insertCount="10000" extractCount="10000" duration="1485000000"/>
			<Sample nodeCount="34" insertCount="10000" extractCount="10000" duration="1549000000"/>
			<Sample nodeCount="35" insertCount="10000" extractCount="10000" duration="1600000000"/>
			<Sample nodeCount="36" insertCount="10000" extractCount="10000" duration="1657000000"/>
			<Sample nodeCount="37" insertCount="10000" extractCount="10000" duration="1715000000"/>
			<Sample nodeCount="38" insertCount="10000" extractCount="10000" duration="1776000000"/>
			<Sample nodeCount="39" insertCount="10000" extractCount="10000" duration="1815000000"/>
			<Sample nodeCount="40" insertCount="10000" extractCount="10000" duration="1872000000"/>
			<Sample nodeCount="41" insertCount="10000" extractCount="10000" duration="1928000000"/>
			<Sample nodeCount="42" insertCount="10000" extractCount="10000" duration="2020000000"/>
			<Sample nodeCount="43" insertCount="10000" extractCount="10000" duration="2056000000"/>
			<Sample nodeCount="44" insertCount="10000" extractCount="10000" duration="2113000000"/>
			<Sample nodeCount="45" insertCount="10000" extractCount="10000" duration="2173000000"/>
			<Sample nodeCount="46" insertCount="10000" extractCount="10000" duration="2236000000"/>
			<Sample nodeCount="47" insertCount="10000" extractCount="10000" duration="2274000000"/>
			<Sample nodeCount="48" insertCount="10000" extractCount="10000" duration="2332000000"/>
			<Sample nodeCount="49" insertCount="10000" extractCount="10000" duration="2390000000"/>
			<Sample nodeCount="50" insertCount="10000" extractCount="10000" duration="2480000000"/>
			<Sample nodeCount="51" insertCount="10000" extractCount="10000" duration="2514000000"/>
			<Sample nodeCount="52" insertCount="10000" extractCount="10000" duration="2571000000"/>
			<Sample nodeCount="53" insertCount="10000" extractCount="10000" duration="2631000000"/>
			<Sample nodeCount="54" insertCount="10000" extractCount="10000" duration="2695000000"/>
			<Sample nodeCount="55" insertCount="10000" extractCount="10000" duration="2732000000"/>
			<Sample nodeCount="56" insertCount="10000" extractCount="10000" duration="2789000000"/>
			<Sample nodeCount="57" insertCount="10000" extractCount="10000" duration="2848000000"/>
			<Sample nodeCount="58" insertCount="10000" extractCount="10000" duration="2948000000"/>
			<Sample nodeCount="59" insertCount="10000" extractCount="10000" duration="2985000000"/>
			<Sample nodeCount="60" insertCount="10000" extractCount="10000" duration="3045000000"/>
			<Sample nodeCount="61" insertCount="10000" extractCount="10000" duration="3102000000"/>
			<Sample nodeCount="62" insertCount="10000" extractCount="10000" duration="3165000000"/>
			<Sample nodeCount="63" insertCount="10000" extractCount="10000" duration="3199000000"/>
			<Sample nodeCount="64" insertCount="10000" extractCount="10000" duration="3257000000"/>
			<Sample nodeCount="65" insertCount="10000" extractCount="10000" duration="3315000000"/>
			<Sample nodeCount="66" insertCount="10000" extractCount="10000" duration="3418000000"/>
			<Sample nodeCount="67" insertCount="10000" extractCount="10000" duration="3463000000"/>
			<Sample nodeCount="68" insertCount="10000" extractCount="10000" duration="3534000000"/>
			<Sample nodeCount="69" insertCount="10000" extractCount="10000" duration="3593000000"/>
			<Sample nodeCount="70" insertCount="10000" extractCount="10000" duration="3659000000"/>
			<Sample nodeCount="71" insertCount="10000" extractCount="10000" duration="3700000000"/>
			<Sample nodeCount="72" insertCount="10000" extractCount="10000" duration="3759000000"/>
			<Sample nodeCount="73" insertCount="10000" extractCount="10000" duration="3816000000"/>
			<Sample nodeCount="74" insertCount="10000" extractCount="10000" duration="3917000000"/>
			<Sample nodeCount="75" insertCount="10000" extractCount="10000" duration="3955000000"/>
			<Sample nodeCount="76" insertCount="10000" extractCount="10000" duration="4014000000"/>
			<Sample nodeCount="77" insertCount="10000" extractCount="10000" duration="4075000000"/>
			<Sample nodeCount="78" insertCount="10000" extractCount="10000" duration="4143000000"/>
			<Sample nodeCount="79" insertCount="10000" extractCount="10000" duration="4182000000"/>
			<Sample nodeCount="80" insertCount="10000" extractCount="10000" duration="4241000000"/>
			<Sample nodeCount="81" insertCount="10000" extractCount="10000" duration="4300000000"/>
			<Sample nodeCount="82" insertCount="10000" extractCount="10000" duration="4404000000"/>
			<Sample nodeCount="83" insertCount="10000" extractCount="10000" duration="4484000000"/>
			<Sample nodeCount="84" insertCount="10000" extractCount="10000" duration="4545000000"/>
			<Sample nodeCount="85" insertCount="10000" extractCount="10000" duration="4605000000"/>
			<Sample nodeCount="86" insertCount="10000" extractCount="10000" duration="4672000000"/>
			<Sample nodeCount="87" insertCount="10000" extractCount="10000" duration="4711000000"/>
			<Sample nodeCount="88" insertCount="10000" extractCount="10000" duration="4770000000"/>
			<Sample nodeCount="89" insertCount="10000" extractCount="10000" duration="4830000000"/>
			<Sample nodeCount="90" insertCount="10000" extractCount="10000" duration="4933000000"/>
			<Sample nodeCount="91" insertCount="10000" extractCount="10000" duration="4973000000"/>
			<Sample nodeCount="92" insertCount="10000" extractCount="10000" duration="5030000000"/>
			<Sample nodeCount="93" insertCount="10000" extractCount="10000" duration="5092000000"/>
			<Sample nodeCount="94" insertCount="10000" extractCount="10000" duration="5159000000"/>
			<Sample nodeCount="95" insertCount="10000" extractCount="10000" duration="5199000000"/>
			<Sample nodeCount="96" insertCount="10000" extractCount="10000" duration="5261000000"/>
			<Sample nodeCount="97" insertCount="10000" extractCount="10000" duration="5320000000"/>
			<Sample nodeCount="98" insertCount="10000" extractCount="10000" duration="5425000000"/>
			<Sample nodeCount="99" insertCount="10000" extractCount="10000" duration="5512000000"/>
			<Sample nodeCount="100" insertCount="10000" extractCount="10000" duration="5571000000"/>
			<Sample nodeCount="101" insertCount="10000" extractCount="10000" duration="5632000000"/>
			<Sample nodeCount="102" insertCount="10000" extractCount="10000" duration="5700000000"/>
			<Sample nodeCount="103" insertCount="10000" extractCount="10000" duration="5738000000"/>
			<Sample nodeCount="104" insertCount="10000" extractCount="10000" duration="5801000000"/>
			<Sample nodeCount="105" insertCount="10000" extractCount="10000" duration="5859000000"/>
			<Sample nodeCount="106" insertCount="10000" extractCount="10000" duration="5960000000"/>
			<Sample nodeCount="107" insertCount="10000" extractCount="10000" duration="5997000000"/>
			<Sample nodeCount="108" insertCount="10000" extractCount="10000" duration="6057000000"/>
			<Sample nodeCount="109" insertCount="10000" extractCount="10000" duration="6121000000"/>
			<Sample nodeCount="110" insertCount="10000" extractCount="10000" duration="6187000000"/>
			<Sample nodeCount="111" insertCount="10000" extractCount="10000" duration="6227000000"/>
			<Sample nodeCount="112" insertCount="10000" extractCount="10000" duration="6285000000"/>
			<Sample nodeCount="113" insertCount="10000" extractCount="10000" duration="6348000000"/>
			<Sample nodeCount="114" insertCount="10000" extractCount="10000" duration="6453000000"/>
			<Sample nodeCount="115" insertCount="10000" extractCount="10000" duration="6557000000"/>
			<Sample nodeCount="116" insertCount="10000" extractCount="10000" duration="6619000000"/>
			<Sample nodeCount="117" insertCount="10000" extractCount="10000" duration="6681000000"/>
			<Sample nodeCount="118" insertCount="10000" extractCount="10000" duration="6746000000"/>
			<Sample nodeCount="119" insertCount="10000" extractCount="10000" duration="6785000000"/>
			<Sample nodeCount="120" insertCount="10000" extractCount="10000" duration="6844000000"/>
			<Sample nodeCount="121" insertCount="10000" extractCount="10000" duration="6904000000"/>
			<Sample nodeCount="122" insertCount="10000" extractCount="10000" duration="7007000000"/>
			<Sample nodeCount="123" insertCount="10000" extractCount="10000" duration="7047000000"/>
			<Sample nodeCount="124" insertCount="10000" extractCount="10000" duration="7108000000"/>
			<Sample nodeCount="125" insertCount="10000" extractCount="10000" duration="7170000000"/>
			<Sample nodeCount="126" insertCount="10000" extractCount="10000" duration="7231000000"/>
			<Sample nodeCount="127" insertCount="10000" extractCount="10000" duration="7272000000"/>
		</SmallSetLinear>
		<LargeSetLinear>
		</LargeSetLinear>
	</RBTest>
	<RBTest implementation="RTEMS" nodeSize="16">
		<SmallSetRandomOps>
			<Sample nodeCount="1" insertCount="62" extractCount="61" duration="0"/>
			<Sample nodeCount="2" insertCount="123" extractCount="123" duration="0"/>
			<Sample nodeCount="3" insertCount="186" extractCount="183" duration="1000000"/>
			<Sample nodeCount="4" insertCount="247" extractCount="245" duration="1000000"/>
			<Sample nodeCount="5" insertCount="309" extractCount="306" duration="1000000"/>
			<Sample nodeCount="6" insertCount="370" extractCount="368" duration="2000000"/>
			<Sample nodeCount="7" insertCount="433" extractCount="428" duration="2000000"/>
			<Sample nodeCount="8" insertCount="493" extractCount="491" duration="2000000"/>
			<Sample nodeCount="9" insertCount="557" extractCount="550" duration="3000000"/>
			<Sample nodeCount="10" insertCount="619" extractCount="611" duration="3000000"/>
			<Sample nodeCount="11" insertCount="680" extractCount="673" duration="3000000"/>
			<Sample nodeCount="12" insertCount="740" extractCount="736" duration="4000000"/>
			<Sample nodeCount="13" insertCount="803" extractCount="796" duration="4000000"/>
			<Sample nodeCount="14" insertCount="864" extractCount="858" duration="4000000"/>
			<Sample nodeCount="15" insertCount="927" extractCount="918" duration="4000000"/>
			<Sample nodeCount="16" insertCount="988" extractCount="980" duration="5000000"/>
			<Sample nodeCount="17" insertCount="1050" extractCount="1041" duration="6000000"/>
			<Sample nodeCount="18" insertCount="1113" extractCount="1101" duration="5000000"/>
			<Sample nodeCount="19" insertCount="1172" extractCount="1165" duration="6000000"/>
			<Sample nodeCount="20" insertCount="1237" extractCount="1223" duration="6000000"/>
			<Sample nodeCount="21" insertCount="1296" extractCount="1287" duration="7000000"/>
			<Sample nodeCount="22" insertCount="1359" extractCount="1347" duration="7000000"/>
			<Sample nodeCount="23" insertCount="1419" extractCount="1410" duration="8000000"/>
			<Sample nodeCount="24" insertCount="1484" extractCount="1468" duration="7000000"/>
			<Sample nodeCount="25" insertCount="1544" extractCount="1531" duration="8000000"/>
			<Sample nodeCount="26" insertCount="1604" extractCount="1594" duration="8000000"/>
			<Sample nodeCount="27" insertCount="1668" extractCount="1653" duration="9000000"/>
			<Sample nodeCount="28" insertCount="1729" extractCount="1715" duration="9000000"/>
			<Sample nodeCount="29" insertCount="1790" extractCount="1777" duration="10000000"/>
			<Sample nodeCount="30" insertCount="1851" extractCount="1839" duration="9000000"/>
			<Sample nodeCount="31" insertCount="1914" extractCount="1899" duration="10000000"/>
			<Sample nodeCount="32" insertCount="1977" extractCount="1959" duration="10000000"/>
			<Sample nodeCount="33" insertCount="2041" extractCount="2018" duration="11000000"/>
			<Sample nodeCount="34" insertCount="2097" extractCount="2085" duration="11000000"/>
			<Sample nodeCount="35" insertCount="2160" extractCount="2145" duration="12000000"/>
			<Sample nodeCount="36" insertCount="2221" extractCount="2207" duration="11000000"/>
			<Sample nodeCount="37" insertCount="2285" extractCount="2266" duration="12000000"/>
			<Sample nodeCount="38" insertCount="2346" extractCount="2328" duration="12000000"/>
			<Sample nodeCount="39" insertCount="2408" extractCount="2389" duration="13000000"/>
			<Sample nodeCount="40" insertCount="2471" extractCount="2449" duration="13000000"/>
			<Sample nodeCount="41" insertCount="2531" extractCount="2512" duration="14000000"/>
			<Sample nodeCount="42" insertCount="2593" extractCount="2573" duration="14000000"/>
			<Sample nodeCount="43" insertCount="2656" extractCount="2633" duration="15000000"/>
			<Sample nodeCount="44" insertCount="2717" extractCount="2695" duration="14000000"/>
			<Sample nodeCount="45" insertCount="2776" extractCount="2759" duration="15000000"/>
			<Sample nodeCount="46" insertCount="2840" extractCount="2818" duration="15000000"/>
			<Sample nodeCount="47" insertCount="2902" extractCount="2879" duration="16000000"/>
			<Sample nodeCount="48" insertCount="2966" extractCount="2938" duration="16000000"/>
			<Sample nodeCount="49" insertCount="3026" extractCount="3001" duration="17000000"/>
			<Sample nodeCount="50" insertCount="3084" extractCount="3066" duration="17000000"/>
			<Sample nodeCount="51" insertCount="3151" extractCount="3122" duration="17000000"/>
			<Sample nodeCount="52" insertCount="3209" extractCount="3187" duration="17000000"/>
			<Sample nodeCount="53" insertCount="3273" extractCount="3246" duration="17000000"/>
			<Sample nodeCount="54" insertCount="3337" extractCount="3305" duration="18000000"/>
			<Sample nodeCount="55" insertCount="3400" extractCount="3365" duration="18000000"/>
			<Sample nodeCount="56" insertCount="3458" extractCount="3430" duration="19000000"/>
			<Sample nodeCount="57" insertCount="3521" extractCount="3490" duration="19000000"/>
			<Sample nodeCount="58" insertCount="3580" extractCount="3554" duration="20000000"/>
			<Sample nodeCount="59" insertCount="3647" extractCount="3610" duration="20000000"/>
			<Sample nodeCount="60" insertCount="3706" extractCount="3674" duration="20000000"/>
			<Sample nodeCount="61" insertCount="3766" extractCount="3737" duration="20000000"/>
			<Sample nodeCount="62" insertCount="3828" extractCount="3798" duration="21000000"/>
			<Sample nodeCount="63" insertCount="3888" extractCount="3861" duration="21000000"/>
			<Sample nodeCount="64" insertCount="3952" extractCount="3920" duration="22000000"/>
			<Sample nodeCount="65" insertCount="4014" extractCount="3981" duration="22000000"/>
			<Sample nodeCount="66" insertCount="4077" extractCount="4041" duration="23000000"/>
			<Sample nodeCount="67" insertCount="4136" extractCount="4105" duration="22000000"/>
			<Sample nodeCount="68" insertCount="4200" extractCount="4164" duration="23000000"/>
			<Sample nodeCount="69" insertCount="4263" extractCount="4224" duration="23000000"/>
			<Sample nodeCount="70" insertCount="4325" extractCount="4285" duration="24000000"/>
			<Sample nodeCount="71" insertCount="4381" extractCount="4352" duration="24000000"/>
			<Sample nodeCount="72" insertCount="4448" extractCount="4408" duration="25000000"/>
			<Sample nodeCount="73" insertCount="4507" extractCount="4472" duration="25000000"/>
			<Sample nodeCount="74" insertCount="4571" extractCount="4531" duration="26000000"/>
			<Sample nodeCount="75" insertCount="4631" extractCount="4594" duration="25000000"/>
			<Sample nodeCount="76" insertCount="4693" extractCount="4655" duration="25000000"/>
			<Sample nodeCount="77" insertCount="4755" extractCount="4716" duration="26000000"/>
			<Sample nodeCount="78" insertCount="4817" extractCount="4777" duration="26000000"/>
			<Sample nodeCount="79" insertCount="4877" extractCount="4840" duration="27000000"/>
			<Sample nodeCount="80" insertCount="4942" extractCount="4898" duration="27000000"/>
			<Sample nodeCount="81" insertCount="5002" extractCount="4961" duration="28000000"/>
			<Sample nodeCount="82" insertCount="5063" extractCount="5023" duration="28000000"/>
			<Sample nodeCount="83" insertCount="5124" extractCount="5085" duration="29000000"/>
			<Sample nodeCount="84" insertCount="5187" extractCount="5145" duration="29000000"/>
			<Sample nodeCount="85" insertCount="5250" extractCount="5205" duration="29000000"/>
			<Sample nodeCount="86" insertCount="5314" extractCount="5264" duration="29000000"/>
			<Sample nodeCount="87" insertCount="5374" extractCount="5327" duration="30000000"/>
			<Sample nodeCount="88" insertCount="5432" extractCount="5392" duration="30000000"/>
			<Sample nodeCount="89" insertCount="5490" extractCount="5457" duration="31000000"/>
			<Sample nodeCount="90" insertCount="5559" extractCount="5511" duration="31000000"/>
			<Sample nodeCount="91" insertCount="5621" extractCount="5572" duration="32000000"/>
			<Sample nodeCount="92" insertCount="5680" extractCount="5636" duration="31000000"/>
			<Sample nodeCount="93" insertCount="5740" extractCount="5699" duration="32000000"/>
			<Sample nodeCount="94" insertCount="5803" extractCount="5759" duration="32000000"/>
			<Sample nodeCount="95" insertCount="5862" extractCount="5823" duration="33000000"/>
			<Sample nodeCount="96" insertCount="5929" extractCount="5879" duration="33000000"/>
			<Sample nodeCount="97" insertCount="5993" extractCount="5938" duration="34000000"/>
			<Sample nodeCount="98" insertCount="6055" extractCount="5999" duration="34000000"/>
			<Sample nodeCount="99" insertCount="6113" extractCount="6064" duration="35000000"/>
			<Sample nodeCount="100" insertCount="6172" extractCount="6128" duration="34000000"/>
			<Sample nodeCount="101" insertCount="6238" extractCount="6185" duration="35000000"/>
			<Sample nodeCount="102" insertCount="6299" extractCount="6247" duration="35000000"/>
			<Sample nodeCount="103" insertCount="6363" extractCount="6306" duration="35000000"/>
			<Sample nodeCount="104" insertCount="6426" extractCount="6366" duration="36000000"/>
			<Sample nodeCount="105" insertCount="6481" extractCount="6434" duration="36000000"/>
			<Sample nodeCount="106" insertCount="6544" extractCount="6494" duration="37000000"/>
			<Sample nodeCount="107" insertCount="6607" extractCount="6554" duration="37000000"/>
			<Sample nodeCount="108" insertCount="6669" extractCount="6615" duration="38000000"/>
			<Sample nodeCount="109" insertCount="6732" extractCount="6675" duration="38000000"/>
			<Sample nodeCount="110" insertCount="6794" extractCount="6736" duration="38000000"/>
			<Sample nodeCount="111" insertCount="6852" extractCount="6801" duration="39000000"/>
			<Sample nodeCount="112" insertCount="6918" extractCount="6858" duration="39000000"/>
			<Sample nodeCount="113" insertCount="6981" extractCount="6918" duration="40000000"/>
			<Sample nodeCount="114" insertCount="7041" extractCount="6981" duration="40000000"/>
			<Sample nodeCount="115" insertCount="7103" extractCount="7042" duration="41000000"/>
			<Sample nodeCount="116" insertCount="7164" extractCount="7104" duration="41000000"/>
			<Sample nodeCount="117" insertCount="7225" extractCount="7166" duration="42000000"/>
			<Sample nodeCount="118" insertCount="7291" extractCount="7223" duration="41000000"/>
			<Sample nodeCount="119" insertCount="7350" extractCount="7287" duration="42000000"/>
			<Sample nodeCount="120" insertCount="7410" extractCount="7350" duration="42000000"/>
			<Sample nodeCount="121" insertCount="7471" extractCount="7412" duration="42000000"/>
			<Sample nodeCount="122" insertCount="7537" extractCount="7469" duration="43000000"/>
			<Sample nodeCount="123" insertCount="7593" extractCount="7536" duration="43000000"/>
			<Sample nodeCount="124" insertCount="7658" extractCount="7594" duration="44000000"/>
			<Sample nodeCount="125" insertCount="7718" extractCount="7657" duration="44000000"/>
			<Sample nodeCount="126" insertCount="7781" extractCount="7717" duration="44000000"/>
			<Sample nodeCount="127" insertCount="7840" extractCount="7781" duration="45000000"/>
		</SmallSetRandomOps>
		<LargeSetRandomOps>
		</LargeSetRandomOps>
		<SmallSetLinear>
			<Sample nodeCount="1" insertCount="10000" extractCount="10000" duration="36000000"/>
			<Sample nodeCount="2" insertCount="10000" extractCount="10000" duration="65000000"/>
			<Sample nodeCount="3" insertCount="10000" extractCount="10000" duration="115000000"/>
			<Sample nodeCount="4" insertCount="10000" extractCount="10000" duration="167000000"/>
			<Sample nodeCount="5" insertCount="10000" extractCount="10000" duration="211000000"/>
			<Sample nodeCount="6" insertCount="10000" extractCount="10000" duration="261000000"/>
			<Sample nodeCount="7" insertCount="10000" extractCount="10000" duration="308000000"/>
			<Sample nodeCount="8" insertCount="10000" extractCount="10000" duration="361000000"/>
			<Sample nodeCount="9" insertCount="10000" extractCount="10000" duration="408000000"/>
			<Sample nodeCount="10" insertCount="10000" extractCount="10000" duration="468000000"/>
			<Sample nodeCount="11" insertCount="10000" extractCount="10000" duration="517000000"/>
			<Sample nodeCount="12" insertCount="10000" extractCount="10000" duration="577000000"/>
			<Sample nodeCount="13" insertCount="10000" extractCount="10000" duration="627000000"/>
			<Sample nodeCount="14" insertCount="10000" extractCount="10000" duration="687000000"/>
			<Sample nodeCount="15" insertCount="10000" extractCount="10000" duration="739000000"/>
			<Sample nodeCount="16" insertCount="10000" extractCount="10000" duration="802000000"/>
			<Sample nodeCount="17" insertCount="10000" extractCount="10000" duration="855000000"/>
			<Sample nodeCount="18" insertCount="10000" extractCount="10000" duration="914000000"/>
			<Sample nodeCount="19" insertCount="10000" extractCount="10000" duration="967000000"/>
			<Sample nodeCount="20" insertCount="10000" extractCount="10000" duration="1030000000"/>
			<Sample nodeCount="21" insertCount="10000" extractCount="10000" duration="1081000000"/>
			<Sample nodeCount="22" insertCount="10000" extractCount="10000" duration="1149000000"/>
			<Sample nodeCount="23" insertCount="10000" extractCount="10000" duration="1201000000"/>
			<Sample nodeCount="24" insertCount="10000" extractCount="10000" duration="1268000000"/>
			<Sample nodeCount="25" insertCount="10000" extractCount="10000" duration="1322000000"/>
			<Sample nodeCount="26" insertCount="10000" extractCount="10000" duration="1389000000"/>
			<Sample nodeCount="27" insertCount="10000" extractCount="10000" duration="1443000000"/>
			<Sample nodeCount="28" insertCount="10000" extractCount="10000" duration="1509000000"/>
			<Sample nodeCount="29" insertCount="10000" extractCount="10000" duration="1564000000"/>
			<Sample nodeCount="30" insertCount="10000" extractCount="10000" duration="1628000000"/>
			<Sample nodeCount="31" insertCount="10000" extractCount="10000" duration="1685000000"/>
			<Sample nodeCount="32" insertCount="10000" extractCount="10000" duration="1752000000"/>
			<Sample nodeCount="33" insertCount="10000" extractCount="10000" duration="1808000000"/>
			<Sample nodeCount="34" insertCount="10000" extractCount="10000" duration="1877000000"/>
			<Sample nodeCount="35" insertCount="10000" extractCount="10000" duration="1933000000"/>
			<Sample nodeCount="36" insertCount="10000" extractCount="10000" duration="2002000000"/>
			<Sample nodeCount="37" insertCount="10000" extractCount="10000" duration="2057000000"/>
			<Sample nodeCount="38" insertCount="10000" extractCount="10000" duration="2126000000"/>
			<Sample nodeCount="39" insertCount="10000" extractCount="10000" duration="2182000000"/>
			<Sample nodeCount="40" insertCount="10000" extractCount="10000" duration="2250000000"/>
			<Sample nodeCount="41" insertCount="10000" extractCount="10000" duration="2306000000"/>
			<Sample nodeCount="42" insertCount="10000" extractCount="10000" duration="2375000000"/>
			<Sample nodeCount="43" insertCount="10000" extractCount="10000" duration="2430000000"/>
			<Sample nodeCount="44" insertCount="10000" extractCount="10000" duration="2499000000"/>
			<Sample nodeCount="45" insertCount="10000" extractCount="10000" duration="2555000000"/>
			<Sample nodeCount="46" insertCount="10000" extractCount="10000" duration="2631000000"/>
			<Sample nodeCount="47" insertCount="10000" extractCount="10000" duration="2689000000"/>
			<Sample nodeCount="48" insertCount="10000" extractCount="10000" duration="2760000000"/>
			<Sample nodeCount="49" insertCount="10000" extractCount="10000" duration="2817000000"/>
			<Sample nodeCount="50" insertCount="10000" extractCount="10000" duration="2888000000"/>
			<Sample nodeCount="51" insertCount="10000" extractCount="10000" duration="2946000000"/>
			<Sample nodeCount="52" insertCount="10000" extractCount="10000" duration="3017000000"/>
			<Sample nodeCount="53" insertCount="10000" extractCount="10000" duration="3074000000"/>
			<Sample nodeCount="54" insertCount="10000" extractCount="10000" duration="3149000000"/>
			<Sample nodeCount="55" insertCount="10000" extractCount="10000" duration="3207000000"/>
			<Sample nodeCount="56" insertCount="10000" extractCount="10000" duration="3278000000"/>
			<Sample nodeCount="57" insertCount="10000" extractCount="10000" duration="3335000000"/>
			<Sample nodeCount="58" insertCount="10000" extractCount="10000" duration="3406000000"/>
			<Sample nodeCount="59" insertCount="10000" extractCount="10000" duration="3464000000"/>
			<Sample nodeCount="60" insertCount="10000" extractCount="10000" duration="3535000000"/>
			<Sample nodeCount="61" insertCount="10000" extractCount="10000" duration="3592000000"/>
			<Sample nodeCount="62" insertCount="10000" extractCount="10000" duration="3667000000"/>
			<Sample nodeCount="63" insertCount="10000" extractCount="10000" duration="3728000000"/>
			<Sample nodeCount="64" insertCount="10000" extractCount="10000" duration="3800000000"/>
			<Sample nodeCount="65" insertCount="10000" extractCount="10000" duration="3860000000"/>
			<Sample nodeCount="66" insertCount="10000" extractCount="10000" duration="3934000000"/>
			<Sample nodeCount="67" insertCount="10000" extractCount="10000" duration="3994000000"/>
			<Sample nodeCount="68" insertCount="10000" extractCount="10000" duration="4066000000"/>
			<Sample nodeCount="69" insertCount="10000" extractCount="10000" duration="4127000000"/>
			<Sample nodeCount="70" insertCount="10000" extractCount="10000" duration="4203000000"/>
			<Sample nodeCount="71" insertCount="10000" extractCount="10000" duration="4263000000"/>
			<Sample nodeCount="72" insertCount="10000" extractCount="10000" duration="4336000000"/>
			<Sample nodeCount="73" insertCount="10000" extractCount="10000" duration="4396000000"/>
			<Sample nodeCount="74" insertCount="10000" extractCount="10000" duration="4469000000"/>
			<Sample nodeCount="75" insertCount="10000" extractCount="10000" duration="4530000000"/>
			<Sample nodeCount="76" insertCount="10000" extractCount="10000" duration="4602000000"/>
			<Sample nodeCount="77" insertCount="10000" extractCount="10000" duration="4662000000"/>
			<Sample nodeCount="78" insertCount="10000" extractCount="10000" duration="4741000000"/>
			<Sample nodeCount="79" insertCount="10000" extractCount="10000" duration="4801000000"/>
			<Sample nodeCount="80" insertCount="10000" extractCount="10000" duration="4874000000"/>
			<Sample nodeCount="81" insertCount="10000" extractCount="10000" duration="4934000000"/>
			<Sample nodeCount="82" insertCount="10000" extractCount="10000" duration="5006000000"/>
			<Sample nodeCount="83" insertCount="10000" extractCount="10000" duration="5066000000"/>
			<Sample nodeCount="84" insertCount="10000" extractCount="10000" duration="5139000000"/>
			<Sample nodeCount="85" insertCount="10000" extractCount="10000" duration="5200000000"/>
			<Sample nodeCount="86" insertCount="10000" extractCount="10000" duration="5276000000"/>
			<Sample nodeCount="87" insertCount="10000" extractCount="10000" duration="5337000000"/>
			<Sample nodeCount="88" insertCount="10000" extractCount="10000" duration="5409000000"/>
			<Sample nodeCount="89" insertCount="10000" extractCount="10000" duration="5469000000"/>
			<Sample nodeCount="90" insertCount="10000" extractCount="10000" duration="5542000000"/>
			<Sample nodeCount="91" insertCount="10000" extractCount="10000" duration="5602000000"/>
			<Sample nodeCount="92" insertCount="10000" extractCount="10000" duration="5674000000"/>
			<Sample nodeCount="93" insertCount="10000" extractCount="10000" duration="5735000000"/>
			<Sample nodeCount="94" insertCount="10000" extractCount="10000" duration="5821000000"/>
			<Sample nodeCount="95" insertCount="10000" extractCount="10000" duration="5882000000"/>
			<Sample nodeCount="96" insertCount="10000" extractCount="10000" duration="5958000000"/>
			<Sample nodeCount="97" insertCount="10000" extractCount="10000" duration="6020000000"/>
			<Sample nodeCount="98" insertCount="10000" extractCount="10000" duration="6095000000"/>
			<Sample nodeCount="99" insertCount="10000" extractCount="10000" duration="6157000000"/>
			<Sample nodeCount="100" insertCount="10000" extractCount="10000" duration="6232000000"/>
			<Sample nodeCount="101" insertCount="10000" extractCount="10000" duration="6294000000"/>
			<Sample nodeCount="102" insertCount="10000" extractCount="10000" duration="6373000000"/>
			<Sample nodeCount="103" insertCount="10000" extractCount="10000" duration="6435000000"/>
			<Sample nodeCount="104" insertCount="10000" extractCount="10000" duration="6511000000"/>
			<Sample nodeCount="105" insertCount="10000" extractCount="10000" duration="6572000000"/>
			<Sample nodeCount="106" insertCount="10000" extractCount="10000" duration="6647000000"/>
			<Sample nodeCount="107" insertCount="10000" extractCount="10000" duration="6709000000"/>
			<Sample nodeCount="108" insertCount="10000" extractCount="10000" duration="6785000000"/>
			<Sample nodeCount="109" insertCount="10000" extractCount="10000" duration="6846000000"/>
			<Sample nodeCount="110" insertCount="10000" extractCount="10000" duration="6935000000"/>
			<Sample nodeCount="111" insertCount="10000" extractCount="10000" duration="7003000000"/>
			<Sample nodeCount="112" insertCount="10000" extractCount="10000" duration="7081000000"/>
			<Sample nodeCount="113" insertCount="10000" extractCount="10000" duration="7145000000"/>
			<Sample nodeCount="114" insertCount="10000" extractCount="10000" duration="7224000000"/>
			<Sample nodeCount="115" insertCount="10000" extractCount="10000" duration="7288000000"/>
			<Sample nodeCount="116" insertCount="10000" extractCount="10000" duration="7366000000"/>
			<Sample nodeCount="117" insertCount="10000" extractCount="10000" duration="7430000000"/>
			<Sample nodeCount="118" insertCount="10000" extractCount="10000" duration="7511000000"/>
			<Sample nodeCount="119" insertCount="10000" extractCount="10000" duration="7575000000"/>
			<Sample nodeCount="120" insertCount="10000" extractCount="10000" duration="7652000000"/>
			<Sample nodeCount="121" insertCount="10000" extractCount="10000" duration="7716000000"/>
			<Sample nodeCount="122" insertCount="10000" extractCount="10000" duration="7800000000"/>
			<Sample nodeCount="123" insertCount="10000" extractCount="10000" duration="7864000000"/>
			<Sample nodeCount="124" insertCount="10000" extractCount="10000" duration="7940000000"/>
			<Sample nodeCount="125" insertCount="10000" extractCount="10000" duration="8004000000"/>
			<Sample nodeCount="126" insertCount="10000" extractCount="10000" duration="8091000000"/>
			<Sample nodeCount="127" insertCount="10000" extractCount="10000" duration="8157000000"/>
		</SmallSetLinear>
		<LargeSetLinear>
		</LargeSetLinear>
	</RBTest>
	<RBTest implementation="Boost" nodeSize="12">
		<SmallSetRandomOps>
			<Sample nodeCount="1" insertCount="62" extractCount="61" duration="0"/>
			<Sample nodeCount="2" insertCount="123" extractCount="123" duration="0"/>
			<Sample nodeCount="3" insertCount="186" extractCount="183" duration="1000000"/>
			<Sample nodeCount="4" insertCount="247" extractCount="245" duration="1000000"/>
			<Sample nodeCount="5" insertCount="309" extractCount="306" duration="1000000"/>
			<Sample nodeCount="6" insertCount="370" extractCount="368" duration="1000000"/>
			<Sample nodeCount="7" insertCount="433" extractCount="428" duration="1000000"/>
			<Sample nodeCount="8" insertCount="493" extractCount="491" duration="1000000"/>
			<Sample nodeCount="9" insertCount="557" extractCount="550" duration="2000000"/>
			<Sample nodeCount="10" insertCount="619" extractCount="611" duration="1000000"/>
			<Sample nodeCount="11" insertCount="680" extractCount="673" duration="2000000"/>
			<Sample nodeCount="12" insertCount="740" extractCount="736" duration="3000000"/>
			<Sample nodeCount="13" insertCount="803" extractCount="796" duration="2000000"/>
			<Sample nodeCount="14" insertCount="864" extractCount="858" duration="3000000"/>
			<Sample nodeCount="15" insertCount="927" extractCount="918" duration="2000000"/>
			<Sample nodeCount="16" insertCount="988" extractCount="980" duration="3000000"/>
			<Sample nodeCount="17" insertCount="1050" extractCount="1041" duration="4000000"/>
			<Sample nodeCount="18" insertCount="1113" extractCount="1101" duration="3000000"/>
			<Sample nodeCount="19" insertCount="1172" extractCount="1165" duration="4000000"/>
			<Sample nodeCount="20" insertCount="1237" extractCount="1223" duration="4000000"/>
			<Sample nodeCount="21" insertCount="1296" extractCount="1287" duration="5000000"/>
			<Sample nodeCount="22" insertCount="1359" extractCount="1347" duration="4000000"/>
			<Sample nodeCount="23" insertCount="1419" extractCount="1410" duration="5000000"/>
			<Sample nodeCount="24" insertCount="1484" extractCount="1468" duration="5000000"/>
			<Sample nodeCount="25" insertCount="1544" extractCount="1531" duration="5000000"/>
			<Sample nodeCount="26" insertCount="1604" extractCount="1594" duration="5000000"/>
			<Sample nodeCount="27" insertCount="1668" extractCount="1653" duration="6000000"/>
			<Sample nodeCount="28" insertCount="1729" extractCount="1715" duration="5000000"/>
			<Sample nodeCount="29" insertCount="1790" extractCount="1777" duration="6000000"/>
			<Sample nodeCount="30" insertCount="1851" extractCount="1839" duration="6000000"/>
			<Sample nodeCount="31" insertCount="1914" extractCount="1899" duration="6000000"/>
			<Sample nodeCount="32" insertCount="1977" extractCount="1959" duration="6000000"/>
			<Sample nodeCount="33" insertCount="2041" extractCount="2018" duration="7000000"/>
			<Sample nodeCount="34" insertCount="2097" extractCount="2085" duration="7000000"/>
			<Sample nodeCount="35" insertCount="2160" extractCount="2145" duration="7000000"/>
			<Sample nodeCount="36" insertCount="2221" extractCount="2207" duration="7000000"/>
			<Sample nodeCount="37" insertCount="2285" extractCount="2266" duration="8000000"/>
			<Sample nodeCount="38" insertCount="2346" extractCount="2328" duration="8000000"/>
			<Sample nodeCount="39" insertCount="2408" extractCount="2389" duration="8000000"/>
			<Sample nodeCount="40" insertCount="2471" extractCount="2449" duration="9000000"/>
			<Sample nodeCount="41" insertCount="2531" extractCount="2512" duration="9000000"/>
			<Sample nodeCount="42" insertCount="2593" extractCount="2573" duration="9000000"/>
			<Sample nodeCount="43" insertCount="2656" extractCount="2633" duration="9000000"/>
			<Sample nodeCount="44" insertCount="2717" extractCount="2695" duration="10000000"/>
			<Sample nodeCount="45" insertCount="2776" extractCount="2759" duration="9000000"/>
			<Sample nodeCount="46" insertCount="2840" extractCount="2818" duration="10000000"/>
			<Sample nodeCount="47" insertCount="2902" extractCount="2879" duration="10000000"/>
			<Sample nodeCount="48" insertCount="2966" extractCount="2938" duration="11000000"/>
			<Sample nodeCount="49" insertCount="3026" extractCount="3001" duration="10000000"/>
			<Sample nodeCount="50" insertCount="3084" extractCount="3066" duration="11000000"/>
			<Sample nodeCount="51" insertCount="3151" extractCount="3122" duration="11000000"/>
			<Sample nodeCount="52" insertCount="3209" extractCount="3187" duration="12000000"/>
			<Sample nodeCount="53" insertCount="3273" extractCount="3246" duration="11000000"/>
			<Sample nodeCount="54" insertCount="3337" extractCount="3305" duration="11000000"/>
			<Sample nodeCount="55" insertCount="3400" extractCount="3365" duration="12000000"/>
			<Sample nodeCount="56" insertCount="3458" extractCount="3430" duration="12000000"/>
			<Sample nodeCount="57" insertCount="3521" extractCount="3490" duration="12000000"/>
			<Sample nodeCount="58" insertCount="3580" extractCount="3554" duration="12000000"/>
			<Sample nodeCount="59" insertCount="3647" extractCount="3610" duration="13000000"/>
			<Sample nodeCount="60" insertCount="3706" extractCount="3674" duration="13000000"/>
			<Sample nodeCount="61" insertCount="3766" extractCount="3737" duration="13000000"/>
			<Sample nodeCount="62" insertCount="3828" extractCount="3798" duration="13000000"/>
			<Sample nodeCount="63" insertCount="3888" extractCount="3861" duration="14000000"/>
			<Sample nodeCount="64" insertCount="3952" extractCount="3920" duration="14000000"/>
			<Sample nodeCount="65" insertCount="4014" extractCount="3981" duration="15000000"/>
			<Sample nodeCount="66" insertCount="4077" extractCount="4041" duration="14000000"/>
			<Sample nodeCount="67" insertCount="4136" extractCount="4105" duration="15000000"/>
			<Sample nodeCount="68" insertCount="4200" extractCount="4164" duration="15000000"/>
			<Sample nodeCount="69" insertCount="4263" extractCount="4224" duration="15000000"/>
			<Sample nodeCount="70" insertCount="4325" extractCount="4285" duration="15000000"/>
			<Sample nodeCount="71" insertCount="4381" extractCount="4352" duration="16000000"/>
			<Sample nodeCount="72" insertCount="4448" extractCount="4408" duration="16000000"/>
			<Sample nodeCount="73" insertCount="4507" extractCount="4472" duration="16000000"/>
			<Sample nodeCount="74" insertCount="4571" extractCount="4531" duration="16000000"/>
			<Sample nodeCount="75" insertCount="4631" extractCount="4594" duration="17000000"/>
			<Sample nodeCount="76" insertCount="4693" extractCount="4655" duration="17000000"/>
			<Sample nodeCount="77" insertCount="4755" extractCount="4716" duration="17000000"/>
			<Sample nodeCount="78" insertCount="4817" extractCount="4777" duration="17000000"/>
			<Sample nodeCount="79" insertCount="4877" extractCount="4840" duration="17000000"/>
			<Sample nodeCount="80" insertCount="4942" extractCount="4898" duration="17000000"/>
			<Sample nodeCount="81" insertCount="5002" extractCount="4961" duration="17000000"/>
			<Sample nodeCount="82" insertCount="5063" extractCount="5023" duration="18000000"/>
			<Sample nodeCount="83" insertCount="5124" extractCount="5085" duration="18000000"/>
			<Sample nodeCount="84" insertCount="5187" extractCount="5145" duration="19000000"/>
			<Sample nodeCount="85" insertCount="5250" extractCount="5205" duration="18000000"/>
			<Sample nodeCount="86" insertCount="5314" extractCount="5264" duration="19000000"/>
			<Sample nodeCount="87" insertCount="5374" extractCount="5327" duration="19000000"/>
			<Sample nodeCount="88" insertCount="5432" extractCount="5392" duration="20000000"/>
			<Sample nodeCount="89" insertCount="5490" extractCount="5457" duration="19000000"/>
			<Sample nodeCount="90" insertCount="5559" extractCount="5511" duration="20000000"/>
			<Sample nodeCount="91" insertCount="5621" extractCount="5572" duration="20000000"/>
			<Sample nodeCount="92" insertCount="5680" extractCount="5636" duration="21000000"/>
			<Sample nodeCount="93" insertCount="5740" extractCount="5699" duration="21000000"/>
			<Sample nodeCount="94" insertCount="5803" extractCount="5759" duration="21000000"/>
			<Sample nodeCount="95" insertCount="5862" extractCount="5823" duration="21000000"/>
			<Sample nodeCount="96" insertCount="5929" extractCount="5879" duration="22000000"/>
			<Sample nodeCount="97" insertCount="5993" extractCount="5938" duration="21000000"/>
			<Sample nodeCount="98" insertCount="6055" extractCount="5999" duration="22000000"/>
			<Sample nodeCount="99" insertCount="6113" extractCount="6064" duration="22000000"/>
			<Sample nodeCount="100" insertCount="6172" extractCount="6128" duration="23000000"/>
			<Sample nodeCount="101" insertCount="6238" extractCount="6185" duration="23000000"/>
			<Sample nodeCount="102" insertCount="6299" extractCount="6247" duration="22000000"/>
			<Sample nodeCount="103" insertCount="6363" extractCount="6306" duration="23000000"/>
			<Sample nodeCount="104" insertCount="6426" extractCount="6366" duration="23000000"/>
			<Sample nodeCount="105" insertCount="6481" extractCount="6434" duration="24000000"/>
			<Sample nodeCount="106" insertCount="6544" extractCount="6494" duration="24000000"/>
			<Sample nodeCount="107" insertCount="6607" extractCount="6554" duration="24000000"/>
			<Sample nodeCount="108" insertCount="6669" extractCount="6615" duration="24000000"/>
			<Sample nodeCount="109" insertCount="6732" extractCount="6675" duration="25000000"/>
			<Sample nodeCount="110" insertCount="6794" extractCount="6736" duration="25000000"/>
			<Sample nodeCount="111" insertCount="6852" extractCount="6801" duration="25000000"/>
			<Sample nodeCount="112" insertCount="6918" extractCount="6858" duration="25000000"/>
			<Sample nodeCount="113" insertCount="6981" extractCount="6918" duration="25000000"/>
			<Sample nodeCount="114" insertCount="7041" extractCount="6981" duration="26000000"/>
			<Sample nodeCount="115" insertCount="7103" extractCount="7042" duration="26000000"/>
			<Sample nodeCount="116" insertCount="7164" extractCount="7104" duration="26000000"/>
			<Sample nodeCount="117" insertCount="7225" extractCount="7166" duration="27000000"/>
			<Sample nodeCount="118" insertCount="7291" extractCount="7223" duration="26000000"/>
			<Sample nodeCount="119" insertCount="7350" extractCount="7287" duration="27000000"/>
			<Sample nodeCount="120" insertCount="7410" extractCount="7350" duration="27000000"/>
			<Sample nodeCount="121" insertCount="7471" extractCount="7412" duration="28000000"/>
			<Sample nodeCount="122" insertCount="7537" extractCount="7469" duration="27000000"/>
			<Sample nodeCount="123" insertCount="7593" extractCount="7536" duration="28000000"/>
			<Sample nodeCount="124" insertCount="7658" extractCount="7594" duration="28000000"/>
			<Sample nodeCount="125" insertCount="7718" extractCount="7657" duration="29000000"/>
			<Sample nodeCount="126" insertCount="7781" extractCount="7717" duration="28000000"/>
			<Sample nodeCount="127" insertCount="7840" extractCount="7781" duration="28000000"/>
		</SmallSetRandomOps>
		<LargeSetRandomOps>
		</LargeSetRandomOps>
		<SmallSetLinear>
			<Sample nodeCount="1" insertCount="10000" extractCount="10000" duration="19000000"/>
			<Sample nodeCount="2" insertCount="10000" extractCount="10000" duration="34000000"/>
			<Sample nodeCount="3" insertCount="10000" extractCount="10000" duration="57000000"/>
			<Sample nodeCount="4" insertCount="10000" extractCount="10000" duration="88000000"/>
			<Sample nodeCount="5" insertCount="10000" extractCount="10000" duration="118000000"/>
			<Sample nodeCount="6" insertCount="10000" extractCount="10000" duration="145000000"/>
			<Sample nodeCount="7" insertCount="10000" extractCount="10000" duration="173000000"/>
			<Sample nodeCount="8" insertCount="10000" extractCount="10000" duration="201000000"/>
			<Sample nodeCount="9" insertCount="10000" extractCount="10000" duration="230000000"/>
			<Sample nodeCount="10" insertCount="10000" extractCount="10000" duration="268000000"/>
			<Sample nodeCount="11" insertCount="10000" extractCount="10000" duration="297000000"/>
			<Sample nodeCount="12" insertCount="10000" extractCount="10000" duration="329000000"/>
			<Sample nodeCount="13" insertCount="10000" extractCount="10000" duration="359000000"/>
			<Sample nodeCount="14" insertCount="10000" extractCount="10000" duration="390000000"/>
			<Sample nodeCount="15" insertCount="10000" extractCount="10000" duration="420000000"/>
			<Sample nodeCount="16" insertCount="10000" extractCount="10000" duration="454000000"/>
			<Sample nodeCount="17" insertCount="10000" extractCount="10000" duration="484000000"/>
			<Sample nodeCount="18" insertCount="10000" extractCount="10000" duration="519000000"/>
			<Sample nodeCount="19" insertCount="10000" extractCount="10000" duration="550000000"/>
			<Sample nodeCount="20" insertCount="10000" extractCount="10000" duration="584000000"/>
			<Sample nodeCount="21" insertCount="10000" extractCount="10000" duration="615000000"/>
			<Sample nodeCount="22" insertCount="10000" extractCount="10000" duration="662000000"/>
			<Sample nodeCount="23" insertCount="10000" extractCount="10000" duration="693000000"/>
			<Sample nodeCount="24" insertCount="10000" extractCount="10000" duration="726000000"/>
			<Sample nodeCount="25" insertCount="10000" extractCount="10000" duration="756000000"/>
			<Sample nodeCount="26" insertCount="10000" extractCount="10000" duration="797000000"/>
			<Sample nodeCount="27" insertCount="10000" extractCount="10000" duration="828000000"/>
			<Sample nodeCount="28" insertCount="10000" extractCount="10000" duration="863000000"/>
			<Sample nodeCount="29" insertCount="10000" extractCount="10000" duration="894000000"/>
			<Sample nodeCount="30" insertCount="10000" extractCount="10000" duration="935000000"/>
			<Sample nodeCount="31" insertCount="10000" extractCount="10000" duration="966000000"/>
			<Sample nodeCount="32" insertCount="10000" extractCount="10000" duration="1002000000"/>
			<Sample nodeCount="33" insertCount="10000" extractCount="10000" duration="1032000000"/>
			<Sample nodeCount="34" insertCount="10000" extractCount="10000" duration="1073000000"/>
			<Sample nodeCount="35" insertCount="10000" extractCount="10000" duration="1105000000"/>
			<Sample nodeCount="36" insertCount="10000" extractCount="10000" duration="1142000000"/>
			<Sample nodeCount="37" insertCount="10000" extractCount="10000" duration="1171000000"/>
			<Sample nodeCount="38" insertCount="10000" extractCount="10000" duration="1215000000"/>
			<Sample nodeCount="39" insertCount="10000" extractCount="10000" duration="1248000000"/>
			<Sample nodeCount="40" insertCount="10000" extractCount="10000" duration="1281000000"/>
			<Sample nodeCount="41" insertCount="10000" extractCount="10000" duration="1312000000"/>
			<Sample nodeCount="42" insertCount="10000" extractCount="10000" duration="1355000000"/>
			<Sample nodeCount="43" insertCount="10000" extractCount="10000" duration="1388000000"/>
			<Sample nodeCount="44" insertCount="10000" extractCount="10000" duration="1420000000"/>
			<Sample nodeCount="45" insertCount="10000" extractCount="10000" duration="1450000000"/>
			<Sample nodeCount="46" insertCount="10000" extractCount="10000" duration="1509000000"/>
			<Sample nodeCount="47" insertCount="10000" extractCount="10000" duration="1542000000"/>
			<Sample nodeCount="48" insertCount="10000" extractCount="10000" duration="1576000000"/>
			<Sample nodeCount="49" insertCount="10000" extractCount="10000" duration="1608000000"/>
			<Sample nodeCount="50" insertCount="10000" extractCount="10000" duration="1651000000"/>
			<Sample nodeCount="51" insertCount="10000" extractCount="10000" duration="1682000000"/>
			<Sample nodeCount="52" insertCount="10000" extractCount="10000" duration="1717000000"/>
			<Sample nodeCount="53" insertCount="10000" extractCount="10000" duration="1751000000"/>
			<Sample nodeCount="54" insertCount="10000" extractCount="10000" duration="1804000000"/>
			<Sample nodeCount="55" insertCount="10000" extractCount="10000" duration="1834000000"/>
			<Sample nodeCount="56" insertCount="10000" extractCount="10000" duration="1871000000"/>
			<Sample nodeCount="57" insertCount="10000" extractCount="10000" duration="1904000000"/>
			<Sample nodeCount="58" insertCount="10000" extractCount="10000" duration="1947000000"/>
			<Sample nodeCount="59" insertCount="10000" extractCount="10000" duration="1977000000"/>
			<Sample nodeCount="60" insertCount="10000" extractCount="10000" duration="2012000000"/>
			<Sample nodeCount="61" insertCount="10000" extractCount="10000" duration="2044000000"/>
			<Sample nodeCount="62" insertCount="10000" extractCount="10000" duration="2097000000"/>
			<Sample nodeCount="63" insertCount="10000" extractCount="10000" duration="2130000000"/>
			<Sample nodeCount="64" insertCount="10000" extractCount="10000" duration="2165000000"/>
			<Sample nodeCount="65" insertCount="10000" extractCount="10000" duration="2198000000"/>
			<Sample nodeCount="66" insertCount="10000" extractCount="10000" duration="2239000000"/>
			<Sample nodeCount="67" insertCount="10000" extractCount="10000" duration="2274000000"/>
			<Sample nodeCount="68" insertCount="10000" extractCount="10000" duration="2311000000"/>
			<Sample nodeCount="69" insertCount="10000" extractCount="10000" duration="2341000000"/>
			<Sample nodeCount="70" insertCount="10000" extractCount="10000" duration="2393000000"/>
			<Sample nodeCount="71" insertCount="10000" extractCount="10000" duration="2428000000"/>
			<Sample nodeCount="72" insertCount="10000" extractCount="10000" duration="2465000000"/>
			<Sample nodeCount="73" insertCount="10000" extractCount="10000" duration="2496000000"/>
			<Sample nodeCount="74" insertCount="10000" extractCount="10000" duration="2540000000"/>
			<Sample nodeCount="75" insertCount="10000" extractCount="10000" duration="2572000000"/>
			<Sample nodeCount="76" insertCount="10000" extractCount="10000" duration="2607000000"/>
			<Sample nodeCount="77" insertCount="10000" extractCount="10000" duration="2641000000"/>
			<Sample nodeCount="78" insertCount="10000" extractCount="10000" duration="2695000000"/>
			<Sample nodeCount="79" insertCount="10000" extractCount="10000" duration="2727000000"/>
			<Sample nodeCount="80" insertCount="10000" extractCount="10000" duration="2763000000"/>
			<Sample nodeCount="81" insertCount="10000" extractCount="10000" duration="2795000000"/>
			<Sample nodeCount="82" insertCount="10000" extractCount="10000" duration="2838000000"/>
			<Sample nodeCount="83" insertCount="10000" extractCount="10000" duration="2872000000"/>
			<Sample nodeCount="84" insertCount="10000" extractCount="10000" duration="2908000000"/>
			<Sample nodeCount="85" insertCount="10000" extractCount="10000" duration="2941000000"/>
			<Sample nodeCount="86" insertCount="10000" extractCount="10000" duration="2993000000"/>
			<Sample nodeCount="87" insertCount="10000" extractCount="10000" duration="3026000000"/>
			<Sample nodeCount="88" insertCount="10000" extractCount="10000" duration="3062000000"/>
			<Sample nodeCount="89" insertCount="10000" extractCount="10000" duration="3095000000"/>
			<Sample nodeCount="90" insertCount="10000" extractCount="10000" duration="3137000000"/>
			<Sample nodeCount="91" insertCount="10000" extractCount="10000" duration="3170000000"/>
			<Sample nodeCount="92" insertCount="10000" extractCount="10000" duration="3205000000"/>
			<Sample nodeCount="93" insertCount="10000" extractCount="10000" duration="3238000000"/>
			<Sample nodeCount="94" insertCount="10000" extractCount="10000" duration="3309000000"/>
			<Sample nodeCount="95" insertCount="10000" extractCount="10000" duration="3341000000"/>
			<Sample nodeCount="96" insertCount="10000" extractCount="10000" duration="3379000000"/>
			<Sample nodeCount="97" insertCount="10000" extractCount="10000" duration="3411000000"/>
			<Sample nodeCount="98" insertCount="10000" extractCount="10000" duration="3456000000"/>
			<Sample nodeCount="99" insertCount="10000" extractCount="10000" duration="3488000000"/>
			<Sample nodeCount="100" insertCount="10000" extractCount="10000" duration="3525000000"/>
			<Sample nodeCount="101" insertCount="10000" extractCount="10000" duration="3558000000"/>
			<Sample nodeCount="102" insertCount="10000" extractCount="10000" duration="3611000000"/>
			<Sample nodeCount="103" insertCount="10000" extractCount="10000" duration="3645000000"/>
			<Sample nodeCount="104" insertCount="10000" extractCount="10000" duration="3681000000"/>
			<Sample nodeCount="105" insertCount="10000" extractCount="10000" duration="3715000000"/>
			<Sample nodeCount="106" insertCount="10000" extractCount="10000" duration="3759000000"/>
			<Sample nodeCount="107" insertCount="10000" extractCount="10000" duration="3792000000"/>
			<Sample nodeCount="108" insertCount="10000" extractCount="10000" duration="3829000000"/>
			<Sample nodeCount="109" insertCount="10000" extractCount="10000" duration="3860000000"/>
			<Sample nodeCount="110" insertCount="10000" extractCount="10000" duration="3932000000"/>
			<Sample nodeCount="111" insertCount="10000" extractCount="10000" duration="3963000000"/>
			<Sample nodeCount="112" insertCount="10000" extractCount="10000" duration="4000000000"/>
			<Sample nodeCount="113" insertCount="10000" extractCount="10000" duration="4031000000"/>
			<Sample nodeCount="114" insertCount="10000" extractCount="10000" duration="4075000000"/>
			<Sample nodeCount="115" insertCount="10000" extractCount="10000" duration="4108000000"/>
			<Sample nodeCount="116" insertCount="10000" extractCount="10000" duration="4147000000"/>
			<Sample nodeCount="117" insertCount="10000" extractCount="10000" duration="4179000000"/>
			<Sample nodeCount="118" insertCount="10000" extractCount="10000" duration="4235000000"/>
			<Sample nodeCount="119" insertCount="10000" extractCount="10000" duration="4267000000"/>
			<Sample nodeCount="120" insertCount="10000" extractCount="10000" duration="4303000000"/>
			<Sample nodeCount="121" insertCount="10000" extractCount="10000" duration="4337000000"/>
			<Sample nodeCount="122" insertCount="10000" extractCount="10000" duration="4377000000"/>
			<Sample nodeCount="123" insertCount="10000" extractCount="10000" duration="4413000000"/>
			<Sample nodeCount="124" insertCount="10000" extractCount="10000" duration="4451000000"/>
			<Sample nodeCount="125" insertCount="10000" extractCount="10000" duration="4483000000"/>
			<Sample nodeCount="126" insertCount="10000" extractCount="10000" duration="4549000000"/>
			<Sample nodeCount="127" insertCount="10000" extractCount="10000" duration="4587000000"/>
		</SmallSetLinear>
		<LargeSetLinear>
		</LargeSetLinear>
	</RBTest>
	<RBTest implementation="RB Compact" nodeSize="8">
		<SmallSetRandomOps>
			<Sample nodeCount="1" insertCount="62" extractCount="61" duration="0"/>
			<Sample nodeCount="2" insertCount="123" extractCount="123" duration="0"/>
			<Sample nodeCount="3" insertCount="186" extractCount="183" duration="0"/>
			<Sample nodeCount="4" insertCount="247" extractCount="245" duration="1000000"/>
			<Sample nodeCount="5" insertCount="309" extractCount="306" duration="1000000"/>
			<Sample nodeCount="6" insertCount="370" extractCount="368" duration="2000000"/>
			<Sample nodeCount="7" insertCount="433" extractCount="428" duration="2000000"/>
			<Sample nodeCount="8" insertCount="493" extractCount="491" duration="2000000"/>
			<Sample nodeCount="9" insertCount="557" extractCount="550" duration="2000000"/>
			<Sample nodeCount="10" insertCount="619" extractCount="611" duration="3000000"/>
			<Sample nodeCount="11" insertCount="680" extractCount="673" duration="3000000"/>
			<Sample nodeCount="12" insertCount="740" extractCount="736" duration="3000000"/>
			<Sample nodeCount="13" insertCount="803" extractCount="796" duration="4000000"/>
			<Sample nodeCount="14" insertCount="864" extractCount="858" duration="3000000"/>
			<Sample nodeCount="15" insertCount="927" extractCount="918" duration="4000000"/>
			<Sample nodeCount="16" insertCount="988" extractCount="980" duration="5000000"/>
			<Sample nodeCount="17" insertCount="1050" extractCount="1041" duration="5000000"/>
			<Sample nodeCount="18" insertCount="1113" extractCount="1101" duration="5000000"/>
			<Sample nodeCount="19" insertCount="1172" extractCount="1165" duration="5000000"/>
			<Sample nodeCount="20" insertCount="1237" extractCount="1223" duration="6000000"/>
			<Sample nodeCount="21" insertCount="1296" extractCount="1287" duration="6000000"/>
			<Sample nodeCount="22" insertCount="1359" extractCount="1347" duration="7000000"/>
			<Sample nodeCount="23" insertCount="1419" extractCount="1410" duration="6000000"/>
			<Sample nodeCount="24" insertCount="1484" extractCount="1468" duration="7000000"/>
			<Sample nodeCount="25" insertCount="1544" extractCount="1531" duration="7000000"/>
			<Sample nodeCount="26" insertCount="1604" extractCount="1594" duration="8000000"/>
			<Sample nodeCount="27" insertCount="1668" extractCount="1653" duration="9000000"/>
			<Sample nodeCount="28" insertCount="1729" extractCount="1715" duration="8000000"/>
			<Sample nodeCount="29" insertCount="1790" extractCount="1777" duration="9000000"/>
			<Sample nodeCount="30" insertCount="1851" extractCount="1839" duration="9000000"/>
			<Sample nodeCount="31" insertCount="1914" extractCount="1899" duration="10000000"/>
			<Sample nodeCount="32" insertCount="1977" extractCount="1959" duration="10000000"/>
			<Sample nodeCount="33" insertCount="2041" extractCount="2018" duration="11000000"/>
			<Sample nodeCount="34" insertCount="2097" extractCount="2085" duration="10000000"/>
			<Sample nodeCount="35" insertCount="2160" extractCount="2145" duration="11000000"/>
			<Sample nodeCount="36" insertCount="2221" extractCount="2207" duration="11000000"/>
			<Sample nodeCount="37" insertCount="2285" extractCount="2266" duration="11000000"/>
			<Sample nodeCount="38" insertCount="2346" extractCount="2328" duration="12000000"/>
			<Sample nodeCount="39" insertCount="2408" extractCount="2389" duration="12000000"/>
			<Sample nodeCount="40" insertCount="2471" extractCount="2449" duration="13000000"/>
			<Sample nodeCount="41" insertCount="2531" extractCount="2512" duration="12000000"/>
			<Sample nodeCount="42" insertCount="2593" extractCount="2573" duration="13000000"/>
			<Sample nodeCount="43" insertCount="2656" extractCount="2633" duration="13000000"/>
			<Sample nodeCount="44" insertCount="2717" extractCount="2695" duration="14000000"/>
			<Sample nodeCount="45" insertCount="2776" extractCount="2759" duration="14000000"/>
			<Sample nodeCount="46" insertCount="2840" extractCount="2818" duration="15000000"/>
			<Sample nodeCount="47" insertCount="2902" extractCount="2879" duration="14000000"/>
			<Sample nodeCount="48" insertCount="2966" extractCount="2938" duration="15000000"/>
			<Sample nodeCount="49" insertCount="3026" extractCount="3001" duration="15000000"/>
			<Sample nodeCount="50" insertCount="3084" extractCount="3066" duration="16000000"/>
			<Sample nodeCount="51" insertCount="3151" extractCount="3122" duration="16000000"/>
			<Sample nodeCount="52" insertCount="3209" extractCount="3187" duration="17000000"/>
			<Sample nodeCount="53" insertCount="3273" extractCount="3246" duration="17000000"/>
			<Sample nodeCount="54" insertCount="3337" extractCount="3305" duration="18000000"/>
			<Sample nodeCount="55" insertCount="3400" extractCount="3365" duration="17000000"/>
			<Sample nodeCount="56" insertCount="3458" extractCount="3430" duration="18000000"/>
			<Sample nodeCount="57" insertCount="3521" extractCount="3490" duration="18000000"/>
			<Sample nodeCount="58" insertCount="3580" extractCount="3554" duration="19000000"/>
			<Sample nodeCount="59" insertCount="3647" extractCount="3610" duration="19000000"/>
			<Sample nodeCount="60" insertCount="3706" extractCount="3674" duration="20000000"/>
			<Sample nodeCount="61" insertCount="3766" extractCount="3737" duration="20000000"/>
			<Sample nodeCount="62" insertCount="3828" extractCount="3798" duration="20000000"/>
			<Sample nodeCount="63" insertCount="3888" extractCount="3861" duration="20000000"/>
			<Sample nodeCount="64" insertCount="3952" extractCount="3920" duration="20000000"/>
			<Sample nodeCount="65" insertCount="4014" extractCount="3981" duration="21000000"/>
			<Sample nodeCount="66" insertCount="4077" extractCount="4041" duration="21000000"/>
			<Sample nodeCount="67" insertCount="4136" extractCount="4105" duration="22000000"/>
			<Sample nodeCount="68" insertCount="4200" extractCount="4164" duration="22000000"/>
			<Sample nodeCount="69" insertCount="4263" extractCount="4224" duration="23000000"/>
			<Sample nodeCount="70" insertCount="4325" extractCount="4285" duration="23000000"/>
			<Sample nodeCount="71" insertCount="4381" extractCount="4352" duration="23000000"/>
			<Sample nodeCount="72" insertCount="4448" extractCount="4408" duration="23000000"/>
			<Sample nodeCount="73" insertCount="4507" extractCount="4472" duration="24000000"/>
			<Sample nodeCount="74" insertCount="4571" extractCount="4531" duration="24000000"/>
			<Sample nodeCount="75" insertCount="4631" extractCount="4594" duration="25000000"/>
			<Sample nodeCount="76" insertCount="4693" extractCount="4655" duration="25000000"/>
			<Sample nodeCount="77" insertCount="4755" extractCount="4716" duration="26000000"/>
			<Sample nodeCount="78" insertCount="4817" extractCount="4777" duration="26000000"/>
			<Sample nodeCount="79" insertCount="4877" extractCount="4840" duration="26000000"/>
			<Sample nodeCount="80" insertCount="4942" extractCount="4898" duration="26000000"/>
			<Sample nodeCount="81" insertCount="5002" extractCount="4961" duration="27000000"/>
			<Sample nodeCount="82" insertCount="5063" extractCount="5023" duration="27000000"/>
			<Sample nodeCount="83" insertCount="5124" extractCount="5085" duration="28000000"/>
			<Sample nodeCount="84" insertCount="5187" extractCount="5145" duration="28000000"/>
			<Sample nodeCount="85" insertCount="5250" extractCount="5205" duration="29000000"/>
			<Sample nodeCount="86" insertCount="5314" extractCount="5264" duration="29000000"/>
			<Sample nodeCount="87" insertCount="5374" extractCount="5327" duration="30000000"/>
			<Sample nodeCount="88" insertCount="5432" extractCount="5392" duration="29000000"/>
			<Sample nodeCount="89" insertCount="5490" extractCount="5457" duration="29000000"/>
			<Sample nodeCount="90" insertCount="5559" extractCount="5511" duration="30000000"/>
			<Sample nodeCount="91" insertCount="5621" extractCount="5572" duration="30000000"/>
			<Sample nodeCount="92" insertCount="5680" extractCount="5636" duration="31000000"/>
			<Sample nodeCount="93" insertCount="5740" extractCount="5699" duration="31000000"/>
			<Sample nodeCount="94" insertCount="5803" extractCount="5759" duration="32000000"/>
			<Sample nodeCount="95" insertCount="5862" extractCount="5823" duration="31000000"/>
			<Sample nodeCount="96" insertCount="5929" extractCount="5879" duration="32000000"/>
			<Sample nodeCount="97" insertCount="5993" extractCount="5938" duration="32000000"/>
			<Sample nodeCount="98" insertCount="6055" extractCount="5999" duration="33000000"/>
			<Sample nodeCount="99" insertCount="6113" extractCount="6064" duration="33000000"/>
			<Sample nodeCount="100" insertCount="6172" extractCount="6128" duration="34000000"/>
			<Sample nodeCount="101" insertCount="6238" extractCount="6185" duration="34000000"/>
			<Sample nodeCount="102" insertCount="6299" extractCount="6247" duration="35000000"/>
			<Sample nodeCount="103" insertCount="6363" extractCount="6306" duration="35000000"/>
			<Sample nodeCount="104" insertCount="6426" extractCount="6366" duration="36000000"/>
			<Sample nodeCount="105" insertCount="6481" extractCount="6434" duration="35000000"/>
			<Sample nodeCount="106" insertCount="6544" extractCount="6494" duration="35000000"/>
			<Sample nodeCount="107" insertCount="6607" extractCount="6554" duration="36000000"/>
			<Sample nodeCount="108" insertCount="6669" extractCount="6615" duration="36000000"/>
			<Sample nodeCount="109" insertCount="6732" extractCount="6675" duration="37000000"/>
			<Sample nodeCount="110" insertCount="6794" extractCount="6736" duration="37000000"/>
			<Sample nodeCount="111" insertCount="6852" extractCount="6801" duration="38000000"/>
			<Sample nodeCount="112" insertCount="6918" extractCount="6858" duration="38000000"/>
			<Sample nodeCount="113" insertCount="6981" extractCount="6918" duration="38000000"/>
			<Sample nodeCount="114" insertCount="7041" extractCount="6981" duration="39000000"/>
			<Sample nodeCount="115" insertCount="7103" extractCount="7042" duration="39000000"/>
			<Sample nodeCount="116" insertCount="7164" extractCount="7104" duration="40000000"/>
			<Sample nodeCount="117" insertCount="7225" extractCount="7166" duration="40000000"/>
			<Sample nodeCount="118" insertCount="7291" extractCount="7223" duration="40000000"/>
			<Sample nodeCount="119" insertCount="7350" extractCount="7287" duration="41000000"/>
			<Sample nodeCount="120" insertCount="7410" extractCount="7350" duration="41000000"/>
			<Sample nodeCount="121" insertCount="7471" extractCount="7412" duration="41000000"/>
			<Sample nodeCount="122" insertCount="7537" extractCount="7469" duration="41000000"/>
			<Sample nodeCount="123" insertCount="7593" extractCount="7536" duration="42000000"/>
			<Sample nodeCount="124" insertCount="7658" extractCount="7594" duration="42000000"/>
			<Sample nodeCount="125" insertCount="7718" extractCount="7657" duration="43000000"/>
			<Sample nodeCount="126" insertCount="7781" extractCount="7717" duration="43000000"/>
			<Sample nodeCount="127" insertCount="7840" extractCount="7781" duration="44000000"/>
		</SmallSetRandomOps>
		<LargeSetRandomOps>
		</LargeSetRandomOps>
		<SmallSetLinear>
			<Sample nodeCount="1" insertCount="10000" extractCount="10000" duration="24000000"/>
			<Sample nodeCount="2" insertCount="10000" extractCount="10000" duration="51000000"/>
			<Sample nodeCount="3" insertCount="10000" extractCount="10000" duration="90000000"/>
			<Sample nodeCount="4" insertCount="10000" extractCount="10000" duration="121000000"/>
			<Sample nodeCount="5" insertCount="10000" extractCount="10000" duration="160000000"/>
			<Sample nodeCount="6" insertCount="10000" extractCount="10000" duration="192000000"/>
			<Sample nodeCount="7" insertCount="10000" extractCount="10000" duration="238000000"/>
			<Sample nodeCount="8" insertCount="10000" extractCount="10000" duration="270000000"/>
			<Sample nodeCount="9" insertCount="10000" extractCount="10000" duration="313000000"/>
			<Sample nodeCount="10" insertCount="10000" extractCount="10000" duration="347000000"/>
			<Sample nodeCount="11" insertCount="10000" extractCount="10000" duration="397000000"/>
			<Sample nodeCount="12" insertCount="10000" extractCount="10000" duration="430000000"/>
			<Sample nodeCount="13" insertCount="10000" extractCount="10000" duration="475000000"/>
			<Sample nodeCount="14" insertCount="10000" extractCount="10000" duration="510000000"/>
			<Sample nodeCount="15" insertCount="10000" extractCount="10000" duration="566000000"/>
			<Sample nodeCount="16" insertCount="10000" extractCount="10000" duration="599000000"/>
			<Sample nodeCount="17" insertCount="10000" extractCount="10000" duration="645000000"/>
			<Sample nodeCount="18" insertCount="10000" extractCount="10000" duration="679000000"/>
			<Sample nodeCount="19" insertCount="10000" extractCount="10000" duration="736000000"/>
			<Sample nodeCount="20" insertCount="10000" extractCount="10000" duration="770000000"/>
			<Sample nodeCount="21" insertCount="10000" extractCount="10000" duration="817000000"/>
			<Sample nodeCount="22" insertCount="10000" extractCount="10000" duration="853000000"/>
			<Sample nodeCount="23" insertCount="10000" extractCount="10000" duration="916000000"/>
			<Sample nodeCount="24" insertCount="10000" extractCount="10000" duration="951000000"/>
			<Sample nodeCount="25" insertCount="10000" extractCount="10000" duration="997000000"/>
			<Sample nodeCount="26" insertCount="10000" extractCount="10000" duration="1034000000"/>
			<Sample nodeCount="27" insertCount="10000" extractCount="10000" duration="1091000000"/>
			<Sample nodeCount="28" insertCount="10000" extractCount="10000" duration="1128000000"/>
			<Sample nodeCount="29" insertCount="10000" extractCount="10000" duration="1176000000"/>
			<Sample nodeCount="30" insertCount="10000" extractCount="10000" duration="1214000000"/>
			<Sample nodeCount="31" insertCount="10000" extractCount="10000" duration="1283000000"/>
			<Sample nodeCount="32" insertCount="10000" extractCount="10000" duration="1317000000"/>
			<Sample nodeCount="33" insertCount="10000" extractCount="10000" duration="1364000000"/>
			<Sample nodeCount="34" insertCount="10000" extractCount="10000" duration="1400000000"/>
			<Sample nodeCount="35" insertCount="10000" extractCount="10000" duration="1458000000"/>
			<Sample nodeCount="36" insertCount="10000" extractCount="10000" duration="1495000000"/>
			<Sample nodeCount="37" insertCount="10000" extractCount="10000" duration="1543000000"/>
			<Sample nodeCount="38" insertCount="10000" extractCount="10000" duration="1581000000"/>
			<Sample nodeCount="39" insertCount="10000" extractCount="10000" duration="1656000000"/>
			<Sample nodeCount="40" insertCount="10000" extractCount="10000" duration="1692000000"/>
			<Sample nodeCount="41" insertCount="10000" extractCount="10000" duration="1740000000"/>
			<Sample nodeCount="42" insertCount="10000" extractCount="10000" duration="1778000000"/>
			<Sample nodeCount="43" insertCount="10000" extractCount="10000" duration="1838000000"/>
			<Sample nodeCount="44" insertCount="10000" extractCount="10000" duration="1875000000"/>
			<Sample nodeCount="45" insertCount="10000" extractCount="10000" duration="1924000000"/>
			<Sample nodeCount="46" insertCount="10000" extractCount="10000" duration="1963000000"/>
			<Sample nodeCount="47" insertCount="10000" extractCount="10000" duration="2045000000"/>
			<Sample nodeCount="48" insertCount="10000" extractCount="10000" duration="2081000000"/>
			<Sample nodeCount="49" insertCount="10000" extractCount="10000" duration="2129000000"/>
			<Sample nodeCount="50" insertCount="10000" extractCount="10000" duration="2166000000"/>
			<Sample nodeCount="51" insertCount="10000" extractCount="10000" duration="2225000000"/>
			<Sample nodeCount="52" insertCount="10000" extractCount="10000" duration="2263000000"/>
			<Sample nodeCount="53" insertCount="10000" extractCount="10000" duration="2313000000"/>
			<Sample nodeCount="54" insertCount="10000" extractCount="10000" duration="2352000000"/>
			<Sample nodeCount="55" insertCount="10000" extractCount="10000" duration="2429000000"/>
			<Sample nodeCount="56" insertCount="10000" extractCount="10000" duration="2467000000"/>
			<Sample nodeCount="57" insertCount="10000" extractCount="10000" duration="2516000000"/>
			<Sample nodeCount="58" insertCount="10000" extractCount="10000" duration="2555000000"/>
			<Sample nodeCount="59" insertCount="10000" extractCount="10000" duration="2616000000"/>
			<Sample nodeCount="60" insertCount="10000" extractCount="10000" duration="2655000000"/>
			<Sample nodeCount="61" insertCount="10000" extractCount="10000" duration="2706000000"/>
			<Sample nodeCount="62" insertCount="10000" extractCount="10000" duration="2747000000"/>
			<Sample nodeCount="63" insertCount="10000" extractCount="10000" duration="2834000000"/>
			<Sample nodeCount="64" insertCount="10000" extractCount="10000" duration="2870000000"/>
			<Sample nodeCount="65" insertCount="10000" extractCount="10000" duration="2918000000"/>
			<Sample nodeCount="66" insertCount="10000" extractCount="10000" duration="2956000000"/>
			<Sample nodeCount="67" insertCount="10000" extractCount="10000" duration="3015000000"/>
			<Sample nodeCount="68" insertCount="10000" extractCount="10000" duration="3053000000"/>
			<Sample nodeCount="69" insertCount="10000" extractCount="10000" duration="3102000000"/>
			<Sample nodeCount="70" insertCount="10000" extractCount="10000" duration="3142000000"/>
			<Sample nodeCount="71" insertCount="10000" extractCount="10000" duration="3218000000"/>
			<Sample nodeCount="72" insertCount="10000" extractCount="10000" duration="3256000000"/>
			<Sample nodeCount="73" insertCount="10000" extractCount="10000" duration="3305000000"/>
			<Sample nodeCount="74" insertCount="10000" extractCount="10000" duration="3345000000"/>
			<Sample nodeCount="75" insertCount="10000" extractCount="10000" duration="3405000000"/>
			<Sample nodeCount="76" insertCount="10000" extractCount="10000" duration="3445000000"/>
			<Sample nodeCount="77" insertCount="10000" extractCount="10000" duration="3495000000"/>
			<Sample nodeCount="78" insertCount="10000" extractCount="10000" duration="3536000000"/>
			<Sample nodeCount="79" insertCount="10000" extractCount="10000" duration="3641000000"/>
			<Sample nodeCount="80" insertCount="10000" extractCount="10000" duration="3679000000"/>
			<Sample nodeCount="81" insertCount="10000" extractCount="10000" duration="3728000000"/>
			<Sample nodeCount="82" insertCount="10000" extractCount="10000" duration="3767000000"/>
			<Sample nodeCount="83" insertCount="10000" extractCount="10000" duration="3828000000"/>
			<Sample nodeCount="84" insertCount="10000" extractCount="10000" duration="3867000000"/>
			<Sample nodeCount="85" insertCount="10000" extractCount="10000" duration="3918000000"/>
			<Sample nodeCount="86" insertCount="10000" extractCount="10000" duration="3959000000"/>
			<Sample nodeCount="87" insertCount="10000" extractCount="10000" duration="4036000000"/>
			<Sample nodeCount="88" insertCount="10000" extractCount="10000" duration="4075000000"/>
			<Sample nodeCount="89" insertCount="10000" extractCount="10000" duration="4127000000"/>
			<Sample nodeCount="90" insertCount="10000" extractCount="10000" duration="4167000000"/>
			<Sample nodeCount="91" insertCount="10000" extractCount="10000" duration="4230000000"/>
			<Sample nodeCount="92" insertCount="10000" extractCount="10000" duration="4270000000"/>
			<Sample nodeCount="93" insertCount="10000" extractCount="10000" duration="4322000000"/>
			<Sample nodeCount="94" insertCount="10000" extractCount="10000" duration="4364000000"/>
			<Sample nodeCount="95" insertCount="10000" extractCount="10000" duration="4475000000"/>
			<Sample nodeCount="96" insertCount="10000" extractCount="10000" duration="4513000000"/>
			<Sample nodeCount="97" insertCount="10000" extractCount="10000" duration="4563000000"/>
			<Sample nodeCount="98" insertCount="10000" extractCount="10000" duration="4601000000"/>
			<Sample nodeCount="99" insertCount="10000" extractCount="10000" duration="4663000000"/>
			<Sample nodeCount="100" insertCount="10000" extractCount="10000" duration="4702000000"/>
			<Sample nodeCount="101" insertCount="10000" extractCount="10000" duration="4753000000"/>
			<Sample nodeCount="102" insertCount="10000" extractCount="10000" duration="4793000000"/>
			<Sample nodeCount="103" insertCount="10000" extractCount="10000" duration="4872000000"/>
			<Sample nodeCount="104" insertCount="10000" extractCount="10000" duration="4910000000"/>
			<Sample nodeCount="105" insertCount="10000" extractCount="10000" duration="4961000000"/>
			<Sample nodeCount="106" insertCount="10000" extractCount="10000" duration="5002000000"/>
			<Sample nodeCount="107" insertCount="10000" extractCount="10000" duration="5065000000"/>
			<Sample nodeCount="108" insertCount="10000" extractCount="10000" duration="5105000000"/>
			<Sample nodeCount="109" insertCount="10000" extractCount="10000" duration="5157000000"/>
			<Sample nodeCount="110" insertCount="10000" extractCount="10000" duration="5200000000"/>
			<Sample nodeCount="111" insertCount="10000" extractCount="10000" duration="5306000000"/>
			<Sample nodeCount="112" insertCount="10000" extractCount="10000" duration="5346000000"/>
			<Sample nodeCount="113" insertCount="10000" extractCount="10000" duration="5397000000"/>
			<Sample nodeCount="114" insertCount="10000" extractCount="10000" duration="5437000000"/>
			<Sample nodeCount="115" insertCount="10000" extractCount="10000" duration="5500000000"/>
			<Sample nodeCount="116" insertCount="10000" extractCount="10000" duration="5540000000"/>
			<Sample nodeCount="117" insertCount="10000" extractCount="10000" duration="5592000000"/>
			<Sample nodeCount="118" insertCount="10000" extractCount="10000" duration="5634000000"/>
			<Sample nodeCount="119" insertCount="10000" extractCount="10000" duration="5713000000"/>
			<Sample nodeCount="120" insertCount="10000" extractCount="10000" duration="5755000000"/>
			<Sample nodeCount="121" insertCount="10000" extractCount="10000" duration="5806000000"/>
			<Sample nodeCount="122" insertCount="10000" extractCount="10000" duration="5848000000"/>
			<Sample nodeCount="123" insertCount="10000" extractCount="10000" duration="5913000000"/>
			<Sample nodeCount="124" insertCount="10000" extractCount="10000" duration="5954000000"/>
			<Sample nodeCount="125" insertCount="10000" extractCount="10000" duration="6008000000"/>
			<Sample nodeCount="126" insertCount="10000" extractCount="10000" duration="6052000000"/>
			<Sample nodeCount="127" insertCount="10000" extractCount="10000" duration="6168000000"/>
		</SmallSetLinear>
		<LargeSetLinear>
		</LargeSetLinear>
	</RBTest>
	<RBTest implementation="JFFS2" nodeSize="16">
		<SmallSetRandomOps>
			<Sample nodeCount="1" insertCount="62" extractCount="61" duration="1000000"/>
			<Sample nodeCount="2" insertCount="123" extractCount="123" duration="0"/>
			<Sample nodeCount="3" insertCount="186" extractCount="183" duration="1000000"/>
			<Sample nodeCount="4" insertCount="247" extractCount="245" duration="1000000"/>
			<Sample nodeCount="5" insertCount="309" extractCount="306" duration="1000000"/>
			<Sample nodeCount="6" insertCount="370" extractCount="368" duration="1000000"/>
			<Sample nodeCount="7" insertCount="433" extractCount="428" duration="1000000"/>
			<Sample nodeCount="8" insertCount="493" extractCount="491" duration="2000000"/>
			<Sample nodeCount="9" insertCount="557" extractCount="550" duration="2000000"/>
			<Sample nodeCount="10" insertCount="619" extractCount="611" duration="2000000"/>
			<Sample nodeCount="11" insertCount="680" extractCount="673" duration="2000000"/>
			<Sample nodeCount="12" insertCount="740" extractCount="736" duration="3000000"/>
			<Sample nodeCount="13" insertCount="803" extractCount="796" duration="3000000"/>
			<Sample nodeCount="14" insertCount="864" extractCount="858" duration="3000000"/>
			<Sample nodeCount="15" insertCount="927" extractCount="918" duration="3000000"/>
			<Sample nodeCount="16" insertCount="988" extractCount="980" duration="3000000"/>
			<Sample nodeCount="17" insertCount="1050" extractCount="1041" duration="4000000"/>
			<Sample nodeCount="18" insertCount="1113" extractCount="1101" duration="4000000"/>
			<Sample nodeCount="19" insertCount="1172" extractCount="1165" duration="5000000"/>
			<Sample nodeCount="20" insertCount="1237" extractCount="1223" duration="4000000"/>
			<Sample nodeCount="21" insertCount="1296" extractCount="1287" duration="5000000"/>
			<Sample nodeCount="22" insertCount="1359" extractCount="1347" duration="5000000"/>
			<Sample nodeCount="23" insertCount="1419" extractCount="1410" duration="5000000"/>
			<Sample nodeCount="24" insertCount="1484" extractCount="1468" duration="5000000"/>
			<Sample nodeCount="25" insertCount="1544" extractCount="1531" duration="6000000"/>
			<Sample nodeCount="26" insertCount="1604" extractCount="1594" duration="5000000"/>
			<Sample nodeCount="27" insertCount="1668" extractCount="1653" duration="6000000"/>
			<Sample nodeCount="28" insertCount="1729" extractCount="1715" duration="6000000"/>
			<Sample nodeCount="29" insertCount="1790" extractCount="1777" duration="7000000"/>
			<Sample nodeCount="30" insertCount="1851" extractCount="1839" duration="6000000"/>
			<Sample nodeCount="31" insertCount="1914" extractCount="1899" duration="7000000"/>
			<Sample nodeCount="32" insertCount="1977" extractCount="1959" duration="7000000"/>
			<Sample nodeCount="33" insertCount="2041" extractCount="2018" duration="7000000"/>
			<Sample nodeCount="34" insertCount="2097" extractCount="2085" duration="7000000"/>
			<Sample nodeCount="35" insertCount="2160" extractCount="2145" duration="8000000"/>
			<Sample nodeCount="36" insertCount="2221" extractCount="2207" duration="7000000"/>
			<Sample nodeCount="37" insertCount="2285" extractCount="2266" duration="8000000"/>
			<Sample nodeCount="38" insertCount="2346" extractCount="2328" duration="8000000"/>
			<Sample nodeCount="39" insertCount="2408" extractCount="2389" duration="9000000"/>
			<Sample nodeCount="40" insertCount="2471" extractCount="2449" duration="9000000"/>
			<Sample nodeCount="41" insertCount="2531" extractCount="2512" duration="9000000"/>
			<Sample nodeCount="42" insertCount="2593" extractCount="2573" duration="10000000"/>
			<Sample nodeCount="43" insertCount="2656" extractCount="2633" duration="10000000"/>
			<Sample nodeCount="44" insertCount="2717" extractCount="2695" duration="10000000"/>
			<Sample nodeCount="45" insertCount="2776" extractCount="2759" duration="10000000"/>
			<Sample nodeCount="46" insertCount="2840" extractCount="2818" duration="10000000"/>
			<Sample nodeCount="47" insertCount="2902" extractCount="2879" duration="10000000"/>
			<Sample nodeCount="48" insertCount="2966" extractCount="2938" duration="10000000"/>
			<Sample nodeCount="49" insertCount="3026" extractCount="3001" duration="11000000"/>
			<Sample nodeCount="50" insertCount="3084" extractCount="3066" duration="11000000"/>
			<Sample nodeCount="51" insertCount="3151" extractCount="3122" duration="12000000"/>
			<Sample nodeCount="52" insertCount="3209" extractCount="3187" duration="11000000"/>
			<Sample nodeCount="53" insertCount="3273" extractCount="3246" duration="12000000"/>
			<Sample nodeCount="54" insertCount="3337" extractCount="3305" duration="12000000"/>
			<Sample nodeCount="55" insertCount="3400" extractCount="3365" duration="13000000"/>
			<Sample nodeCount="56" insertCount="3458" extractCount="3430" duration="12000000"/>
			<Sample nodeCount="57" insertCount="3521" extractCount="3490" duration="13000000"/>
			<Sample nodeCount="58" insertCount="3580" extractCount="3554" duration="13000000"/>
			<Sample nodeCount="59" insertCount="3647" extractCount="3610" duration="14000000"/>
			<Sample nodeCount="60" insertCount="3706" extractCount="3674" duration="13000000"/>
			<Sample nodeCount="61" insertCount="3766" extractCount="3737" duration="14000000"/>
			<Sample nodeCount="62" insertCount="3828" extractCount="3798" duration="14000000"/>
			<Sample nodeCount="63" insertCount="3888" extractCount="3861" duration="15000000"/>
			<Sample nodeCount="64" insertCount="3952" extractCount="3920" duration="14000000"/>
			<Sample nodeCount="65" insertCount="4014" extractCount="3981" duration="15000000"/>
			<Sample nodeCount="66" insertCount="4077" extractCount="4041" duration="15000000"/>
			<Sample nodeCount="67" insertCount="4136" extractCount="4105" duration="16000000"/>
			<Sample nodeCount="68" insertCount="4200" extractCount="4164" duration="15000000"/>
			<Sample nodeCount="69" insertCount="4263" extractCount="4224" duration="16000000"/>
			<Sample nodeCount="70" insertCount="4325" extractCount="4285" duration="16000000"/>
			<Sample nodeCount="71" insertCount="4381" extractCount="4352" duration="16000000"/>
			<Sample nodeCount="72" insertCount="4448" extractCount="4408" duration="16000000"/>
			<Sample nodeCount="73" insertCount="4507" extractCount="4472" duration="16000000"/>
			<Sample nodeCount="74" insertCount="4571" extractCount="4531" duration="17000000"/>
			<Sample nodeCount="75" insertCount="4631" extractCount="4594" duration="17000000"/>
			<Sample nodeCount="76" insertCount="4693" extractCount="4655" duration="17000000"/>
			<Sample nodeCount="77" insertCount="4755" extractCount="4716" duration="17000000"/>
			<Sample nodeCount="78" insertCount="4817" extractCount="4777" duration="18000000"/>
			<Sample nodeCount="79" insertCount="4877" extractCount="4840" duration="18000000"/>
			<Sample nodeCount="80" insertCount="4942" extractCount="4898" duration="18000000"/>
			<Sample nodeCount="81" insertCount="5002" extractCount="4961" duration="18000000"/>
			<Sample nodeCount="82" insertCount="5063" extractCount="5023" duration="19000000"/>
			<Sample nodeCount="83" insertCount="5124" extractCount="5085" duration="19000000"/>
			<Sample nodeCount="84" insertCount="5187" extractCount="5145" duration="19000000"/>
			<Sample nodeCount="85" insertCount="5250" extractCount="5205" duration="19000000"/>
			<Sample nodeCount="86" insertCount="5314" extractCount="5264" duration="20000000"/>
			<Sample nodeCount="87" insertCount="5374" extractCount="5327" duration="20000000"/>
			<Sample nodeCount="88" insertCount="5432" extractCount="5392" duration="21000000"/>
			<Sample nodeCount="89" insertCount="5490" extractCount="5457" duration="20000000"/>
			<Sample nodeCount="90" insertCount="5559" extractCount="5511" duration="21000000"/>
			<Sample nodeCount="91" insertCount="5621" extractCount="5572" duration="21000000"/>
			<Sample nodeCount="92" insertCount="5680" extractCount="5636" duration="21000000"/>
			<Sample nodeCount="93" insertCount="5740" extractCount="5699" duration="21000000"/>
			<Sample nodeCount="94" insertCount="5803" extractCount="5759" duration="22000000"/>
			<Sample nodeCount="95" insertCount="5862" extractCount="5823" duration="22000000"/>
			<Sample nodeCount="96" insertCount="5929" extractCount="5879" duration="23000000"/>
			<Sample nodeCount="97" insertCount="5993" extractCount="5938" duration="22000000"/>
			<Sample nodeCount="98" insertCount="6055" extractCount="5999" duration="22000000"/>
			<Sample nodeCount="99" insertCount="6113" extractCount="6064" duration="23000000"/>
			<Sample nodeCount="100" insertCount="6172" extractCount="6128" duration="23000000"/>
			<Sample nodeCount="101" insertCount="6238" extractCount="6185" duration="24000000"/>
			<Sample nodeCount="102" insertCount="6299" extractCount="6247" duration="23000000"/>
			<Sample nodeCount="103" insertCount="6363" extractCount="6306" duration="24000000"/>
			<Sample nodeCount="104" insertCount="6426" extractCount="6366" duration="24000000"/>
			<Sample nodeCount="105" insertCount="6481" extractCount="6434" duration="25000000"/>
			<Sample nodeCount="106" insertCount="6544" extractCount="6494" duration="25000000"/>
			<Sample nodeCount="107" insertCount="6607" extractCount="6554" duration="25000000"/>
			<Sample nodeCount="108" insertCount="6669" extractCount="6615" duration="25000000"/>
			<Sample nodeCount="109" insertCount="6732" extractCount="6675" duration="25000000"/>
			<Sample nodeCount="110" insertCount="6794" extractCount="6736" duration="25000000"/>
			<Sample nodeCount="111" insertCount="6852" extractCount="6801" duration="25000000"/>
			<Sample nodeCount="112" insertCount="6918" extractCount="6858" duration="26000000"/>
			<Sample nodeCount="113" insertCount="6981" extractCount="6918" duration="26000000"/>
			<Sample nodeCount="114" insertCount="7041" extractCount="6981" duration="27000000"/>
			<Sample nodeCount="115" insertCount="7103" extractCount="7042" duration="27000000"/>
			<Sample nodeCount="116" insertCount="7164" extractCount="7104" duration="26000000"/>
			<Sample nodeCount="117" insertCount="7225" extractCount="7166" duration="28000000"/>
			<Sample nodeCount="118" insertCount="7291" extractCount="7223" duration="27000000"/>
			<Sample nodeCount="119" insertCount="7350" extractCount="7287" duration="28000000"/>
			<Sample nodeCount="120" insertCount="7410" extractCount="7350" duration="28000000"/>
			<Sample nodeCount="121" insertCount="7471" extractCount="7412" duration="29000000"/>
			<Sample nodeCount="122" insertCount="7537" extractCount="7469" duration="28000000"/>
			<Sample nodeCount="123" insertCount="7593" extractCount="7536" duration="29000000"/>
			<Sample nodeCount="124" insertCount="7658" extractCount="7594" duration="29000000"/>
			<Sample nodeCount="125" insertCount="7718" extractCount="7657" duration="29000000"/>
			<Sample nodeCount="126" insertCount="7781" extractCount="7717" duration="29000000"/>
			<Sample nodeCount="127" insertCount="7840" extractCount="7781" duration="29000000"/>
		</SmallSetRandomOps>
		<LargeSetRandomOps>
		</LargeSetRandomOps>
		<SmallSetLinear>
			<Sample nodeCount="1" insertCount="10000" extractCount="10000" duration="22000000"/>
			<Sample nodeCount="2" insertCount="10000" extractCount="10000" duration="44000000"/>
			<Sample nodeCount="3" insertCount="10000" extractCount="10000" duration="74000000"/>
			<Sample nodeCount="4" insertCount="10000" extractCount="10000" duration="108000000"/>
			<Sample nodeCount="5" insertCount="10000" extractCount="10000" duration="139000000"/>
			<Sample nodeCount="6" insertCount="10000" extractCount="10000" duration="170000000"/>
			<Sample nodeCount="7" insertCount="10000" extractCount="10000" duration="202000000"/>
			<Sample nodeCount="8" insertCount="10000" extractCount="10000" duration="232000000"/>
			<Sample nodeCount="9" insertCount="10000" extractCount="10000" duration="264000000"/>
			<Sample nodeCount="10" insertCount="10000" extractCount="10000" duration="303000000"/>
			<Sample nodeCount="11" insertCount="10000" extractCount="10000" duration="333000000"/>
			<Sample nodeCount="12" insertCount="10000" extractCount="10000" duration="372000000"/>
			<Sample nodeCount="13" insertCount="10000" extractCount="10000" duration="402000000"/>
			<Sample nodeCount="14" insertCount="10000" extractCount="10000" duration="438000000"/>
			<Sample nodeCount="15" insertCount="10000" extractCount="10000" duration="471000000"/>
			<Sample nodeCount="16" insertCount="10000" extractCount="10000" duration="509000000"/>
			<Sample nodeCount="17" insertCount="10000" extractCount="10000" duration="541000000"/>
			<Sample nodeCount="18" insertCount="10000" extractCount="10000" duration="579000000"/>
			<Sample nodeCount="19" insertCount="10000" extractCount="10000" duration="611000000"/>
			<Sample nodeCount="20" insertCount="10000" extractCount="10000" duration="650000000"/>
			<Sample nodeCount="21" insertCount="10000" extractCount="10000" duration="681000000"/>
			<Sample nodeCount="22" insertCount="10000" extractCount="10000" duration="728000000"/>
			<Sample nodeCount="23" insertCount="10000" extractCount="10000" duration="760000000"/>
			<Sample nodeCount="24" insertCount="10000" extractCount="10000" duration="798000000"/>
			<Sample nodeCount="25" insertCount="10000" extractCount="10000" duration="831000000"/>
			<Sample nodeCount="26" insertCount="10000" extractCount="10000" duration="873000000"/>
			<Sample nodeCount="27" insertCount="10000" extractCount="10000" duration="905000000"/>
			<Sample nodeCount="28" insertCount="10000" extractCount="10000" duration="944000000"/>
			<Sample nodeCount="29" insertCount="10000" extractCount="10000" duration="977000000"/>
			<Sample nodeCount="30" insertCount="10000" extractCount="10000" duration="1018000000"/>
			<Sample nodeCount="31" insertCount="10000" extractCount="10000" duration="1051000000"/>
			<Sample nodeCount="32" insertCount="10000" extractCount="10000" duration="1090000000"/>
			<Sample nodeCount="33" insertCount="10000" extractCount="10000" duration="1123000000"/>
			<Sample nodeCount="34" insertCount="10000" extractCount="10000" duration="1166000000"/>
			<Sample nodeCount="35" insertCount="10000" extractCount="10000" duration="1199000000"/>
			<Sample nodeCount="36" insertCount="10000" extractCount="10000" duration="1238000000"/>
			<Sample nodeCount="37" insertCount="10000" extractCount="10000" duration="1273000000"/>
			<Sample nodeCount="38" insertCount="10000" extractCount="10000" duration="1314000000"/>
			<Sample nodeCount="39" insertCount="10000" extractCount="10000" duration="1348000000"/>
			<Sample nodeCount="40" insertCount="10000" extractCount="10000" duration="1388000000"/>
			<Sample nodeCount="41" insertCount="10000" extractCount="10000" duration="1420000000"/>
			<Sample nodeCount="42" insertCount="10000" extractCount="10000" duration="1464000000"/>
			<Sample nodeCount="43" insertCount="10000" extractCount="10000" duration="1496000000"/>
			<Sample nodeCount="44" insertCount="10000" extractCount="10000" duration="1535000000"/>
			<Sample nodeCount="45" insertCount="10000" extractCount="10000" duration="1569000000"/>
			<Sample nodeCount="46" insertCount="10000" extractCount="10000" duration="1620000000"/>
			<Sample nodeCount="47" insertCount="10000" extractCount="10000" duration="1654000000"/>
			<Sample nodeCount="48" insertCount="10000" extractCount="10000" duration="1694000000"/>
			<Sample nodeCount="49" insertCount="10000" extractCount="10000" duration="1727000000"/>
			<Sample nodeCount="50" insertCount="10000" extractCount="10000" duration="1771000000"/>
			<Sample nodeCount="51" insertCount="10000" extractCount="10000" duration="1803000000"/>
			<Sample nodeCount="52" insertCount="10000" extractCount="10000" duration="1843000000"/>
			<Sample nodeCount="53" insertCount="10000" extractCount="10000" duration="1878000000"/>
			<Sample nodeCount="54" insertCount="10000" extractCount="10000" duration="1925000000"/>
			<Sample nodeCount="55" insertCount="10000" extractCount="10000" duration="1959000000"/>
			<Sample nodeCount="56" insertCount="10000" extractCount="10000" duration="1998000000"/>
			<Sample nodeCount="57" insertCount="10000" extractCount="10000" duration="2032000000"/>
			<Sample nodeCount="58" insertCount="10000" extractCount="10000" duration="2074000000"/>
			<Sample nodeCount="59" insertCount="10000" extractCount="10000" duration="2110000000"/>
			<Sample nodeCount="60" insertCount="10000" extractCount="10000" duration="2148000000"/>
			<Sample nodeCount="61" insertCount="10000" extractCount="10000" duration="2183000000"/>
			<Sample nodeCount="62" insertCount="10000" extractCount="10000" duration="2230000000"/>
			<Sample nodeCount="63" insertCount="10000" extractCount="10000" duration="2264000000"/>
			<Sample nodeCount="64" insertCount="10000" extractCount="10000" duration="2305000000"/>
			<Sample nodeCount="65" insertCount="10000" extractCount="10000" duration="2340000000"/>
			<Sample nodeCount="66" insertCount="10000" extractCount="10000" duration="2382000000"/>
			<Sample nodeCount="67" insertCount="10000" extractCount="10000" duration="2418000000"/>
			<Sample nodeCount="68" insertCount="10000" extractCount="10000" duration="2457000000"/>
			<Sample nodeCount="69" insertCount="10000" extractCount="10000" duration="2492000000"/>
			<Sample nodeCount="70" insertCount="10000" extractCount="10000" duration="2541000000"/>
			<Sample nodeCount="71" insertCount="10000" extractCount="10000" duration="2573000000"/>
			<Sample nodeCount="72" insertCount="10000" extractCount="10000" duration="2615000000"/>
			<Sample nodeCount="73" insertCount="10000" extractCount="10000" duration="2650000000"/>
			<Sample nodeCount="74" insertCount="10000" extractCount="10000" duration="2692000000"/>
			<Sample nodeCount="75" insertCount="10000" extractCount="10000" duration="2727000000"/>
			<Sample nodeCount="76" insertCount="10000" extractCount="10000" duration="2766000000"/>
			<Sample nodeCount="77" insertCount="10000" extractCount="10000" duration="2802000000"/>
			<Sample nodeCount="78" insertCount="10000" extractCount="10000" duration="2853000000"/>
			<Sample nodeCount="79" insertCount="10000" extractCount="10000" duration="2882000000"/>
			<Sample nodeCount="80" insertCount="10000" extractCount="10000" duration="2926000000"/>
			<Sample nodeCount="81" insertCount="10000" extractCount="10000" duration="2959000000"/>
			<Sample nodeCount="82" insertCount="10000" extractCount="10000" duration="3003000000"/>
			<Sample nodeCount="83" insertCount="10000" extractCount="10000" duration="3037000000"/>
			<Sample nodeCount="84" insertCount="10000" extractCount="10000" duration="3077000000"/>
			<Sample nodeCount="85" insertCount="10000" extractCount="10000" duration="3113000000"/>
			<Sample nodeCount="86" insertCount="10000" extractCount="10000" duration="3161000000"/>
			<Sample nodeCount="87" insertCount="10000" extractCount="10000" duration="3192000000"/>
			<Sample nodeCount="88" insertCount="10000" extractCount="10000" duration="3234000000"/>
			<Sample nodeCount="89" insertCount="10000" extractCount="10000" duration="3268000000"/>
			<Sample nodeCount="90" insertCount="10000" extractCount="10000" duration="3312000000"/>
			<Sample nodeCount="91" insertCount="10000" extractCount="10000" duration="3345000000"/>
			<Sample nodeCount="92" insertCount="10000" extractCount="10000" duration="3387000000"/>
			<Sample nodeCount="93" insertCount="10000" extractCount="10000" duration="3421000000"/>
			<Sample nodeCount="94" insertCount="10000" extractCount="10000" duration="3478000000"/>
			<Sample nodeCount="95" insertCount="10000" extractCount="10000" duration="3512000000"/>
			<Sample nodeCount="96" insertCount="10000" extractCount="10000" duration="3551000000"/>
			<Sample nodeCount="97" insertCount="10000" extractCount="10000" duration="3588000000"/>
			<Sample nodeCount="98" insertCount="10000" extractCount="10000" duration="3632000000"/>
			<Sample nodeCount="99" insertCount="10000" extractCount="10000" duration="3667000000"/>
			<Sample nodeCount="100" insertCount="10000" extractCount="10000" duration="3705000000"/>
			<Sample nodeCount="101" insertCount="10000" extractCount="10000" duration="3743000000"/>
			<Sample nodeCount="102" insertCount="10000" extractCount="10000" duration="3792000000"/>
			<Sample nodeCount="103" insertCount="10000" extractCount="10000" duration="3826000000"/>
			<Sample nodeCount="104" insertCount="10000" extractCount="10000" duration="3867000000"/>
			<Sample nodeCount="105" insertCount="10000" extractCount="10000" duration="3901000000"/>
			<Sample nodeCount="106" insertCount="10000" extractCount="10000" duration="3947000000"/>
			<Sample nodeCount="107" insertCount="10000" extractCount="10000" duration="3980000000"/>
			<Sample nodeCount="108" insertCount="10000" extractCount="10000" duration="4022000000"/>
			<Sample nodeCount="109" insertCount="10000" extractCount="10000" duration="4055000000"/>
			<Sample nodeCount="110" insertCount="10000" extractCount="10000" duration="4114000000"/>
			<Sample nodeCount="111" insertCount="10000" extractCount="10000" duration="4154000000"/>
			<Sample nodeCount="112" insertCount="10000" extractCount="10000" duration="4194000000"/>
			<Sample nodeCount="113" insertCount="10000" extractCount="10000" duration="4234000000"/>
			<Sample nodeCount="114" insertCount="10000" extractCount="10000" duration="4281000000"/>
			<Sample nodeCount="115" insertCount="10000" extractCount="10000" duration="4318000000"/>
			<Sample nodeCount="116" insertCount="10000" extractCount="10000" duration="4362000000"/>
			<Sample nodeCount="117" insertCount="10000" extractCount="10000" duration="4398000000"/>
			<Sample nodeCount="118" insertCount="10000" extractCount="10000" duration="4450000000"/>
			<Sample nodeCount="119" insertCount="10000" extractCount="10000" duration="4486000000"/>
			<Sample nodeCount="120" insertCount="10000" extractCount="10000" duration="4529000000"/>
			<Sample nodeCount="121" insertCount="10000" extractCount="10000" duration="4566000000"/>
			<Sample nodeCount="122" insertCount="10000" extractCount="10000" duration="4614000000"/>
			<Sample nodeCount="123" insertCount="10000" extractCount="10000" duration="4650000000"/>
			<Sample nodeCount="124" insertCount="10000" extractCount="10000" duration="4692000000"/>
			<Sample nodeCount="125" insertCount="10000" extractCount="10000" duration="4729000000"/>
			<Sample nodeCount="126" insertCount="10000" extractCount="10000" duration="4785000000"/>
			<Sample nodeCount="127" insertCount="10000" extractCount="10000" duration="4822000000"/>
		</SmallSetLinear>
		<LargeSetLinear>
		</LargeSetLinear>
	</RBTest>
	<RBTest implementation="BSD" nodeSize="16">
		<SmallSetRandomOps>
			<Sample nodeCount="1" insertCount="62" extractCount="61" duration="0"/>
			<Sample nodeCount="2" insertCount="123" extractCount="123" duration="1000000"/>
			<Sample nodeCount="3" insertCount="186" extractCount="183" duration="0"/>
			<Sample nodeCount="4" insertCount="247" extractCount="245" duration="1000000"/>
			<Sample nodeCount="5" insertCount="309" extractCount="306" duration="1000000"/>
			<Sample nodeCount="6" insertCount="370" extractCount="368" duration="1000000"/>
			<Sample nodeCount="7" insertCount="433" extractCount="428" duration="1000000"/>
			<Sample nodeCount="8" insertCount="493" extractCount="491" duration="2000000"/>
			<Sample nodeCount="9" insertCount="557" extractCount="550" duration="1000000"/>
			<Sample nodeCount="10" insertCount="619" extractCount="611" duration="2000000"/>
			<Sample nodeCount="11" insertCount="680" extractCount="673" duration="2000000"/>
			<Sample nodeCount="12" insertCount="740" extractCount="736" duration="2000000"/>
			<Sample nodeCount="13" insertCount="803" extractCount="796" duration="3000000"/>
			<Sample nodeCount="14" insertCount="864" extractCount="858" duration="2000000"/>
			<Sample nodeCount="15" insertCount="927" extractCount="918" duration="3000000"/>
			<Sample nodeCount="16" insertCount="988" extractCount="980" duration="3000000"/>
			<Sample nodeCount="17" insertCount="1050" extractCount="1041" duration="3000000"/>
			<Sample nodeCount="18" insertCount="1113" extractCount="1101" duration="4000000"/>
			<Sample nodeCount="19" insertCount="1172" extractCount="1165" duration="4000000"/>
			<Sample nodeCount="20" insertCount="1237" extractCount="1223" duration="4000000"/>
			<Sample nodeCount="21" insertCount="1296" extractCount="1287" duration="4000000"/>
			<Sample nodeCount="22" insertCount="1359" extractCount="1347" duration="5000000"/>
			<Sample nodeCount="23" insertCount="1419" extractCount="1410" duration="4000000"/>
			<Sample nodeCount="24" insertCount="1484" extractCount="1468" duration="5000000"/>
			<Sample nodeCount="25" insertCount="1544" extractCount="1531" duration="5000000"/>
			<Sample nodeCount="26" insertCount="1604" extractCount="1594" duration="5000000"/>
			<Sample nodeCount="27" insertCount="1668" extractCount="1653" duration="5000000"/>
			<Sample nodeCount="28" insertCount="1729" extractCount="1715" duration="6000000"/>
			<Sample nodeCount="29" insertCount="1790" extractCount="1777" duration="5000000"/>
			<Sample nodeCount="30" insertCount="1851" extractCount="1839" duration="6000000"/>
			<Sample nodeCount="31" insertCount="1914" extractCount="1899" duration="6000000"/>
			<Sample nodeCount="32" insertCount="1977" extractCount="1959" duration="6000000"/>
			<Sample nodeCount="33" insertCount="2041" extractCount="2018" duration="6000000"/>
			<Sample nodeCount="34" insertCount="2097" extractCount="2085" duration="7000000"/>
			<Sample nodeCount="35" insertCount="2160" extractCount="2145" duration="7000000"/>
			<Sample nodeCount="36" insertCount="2221" extractCount="2207" duration="7000000"/>
			<Sample nodeCount="37" insertCount="2285" extractCount="2266" duration="7000000"/>
			<Sample nodeCount="38" insertCount="2346" extractCount="2328" duration="8000000"/>
			<Sample nodeCount="39" insertCount="2408" extractCount="2389" duration="8000000"/>
			<Sample nodeCount="40" insertCount="2471" extractCount="2449" duration="8000000"/>
			<Sample nodeCount="41" insertCount="2531" extractCount="2512" duration="9000000"/>
			<Sample nodeCount="42" insertCount="2593" extractCount="2573" duration="8000000"/>
			<Sample nodeCount="43" insertCount="2656" extractCount="2633" duration="9000000"/>
			<Sample nodeCount="44" insertCount="2717" extractCount="2695" duration="9000000"/>
			<Sample nodeCount="45" insertCount="2776" extractCount="2759" duration="9000000"/>
			<Sample nodeCount="46" insertCount="2840" extractCount="2818" duration="9000000"/>
			<Sample nodeCount="47" insertCount="2902" extractCount="2879" duration="10000000"/>
			<Sample nodeCount="48" insertCount="2966" extractCount="2938" duration="9000000"/>
			<Sample nodeCount="49" insertCount="3026" extractCount="3001" duration="10000000"/>
			<Sample nodeCount="50" insertCount="3084" extractCount="3066" duration="10000000"/>
			<Sample nodeCount="51" insertCount="3151" extractCount="3122" duration="11000000"/>
			<Sample nodeCount="52" insertCount="3209" extractCount="3187" duration="10000000"/>
			<Sample nodeCount="53" insertCount="3273" extractCount="3246" duration="11000000"/>
			<Sample nodeCount="54" insertCount="3337" extractCount="3305" duration="11000000"/>
			<Sample nodeCount="55" insertCount="3400" extractCount="3365" duration="12000000"/>
			<Sample nodeCount="56" insertCount="3458" extractCount="3430" duration="11000000"/>
			<Sample nodeCount="57" insertCount="3521" extractCount="3490" duration="12000000"/>
			<Sample nodeCount="58" insertCount="3580" extractCount="3554" duration="12000000"/>
			<Sample nodeCount="59" insertCount="3647" extractCount="3610" duration="13000000"/>
			<Sample nodeCount="60" insertCount="3706" extractCount="3674" duration="12000000"/>
			<Sample nodeCount="61" insertCount="3766" extractCount="3737" duration="12000000"/>
			<Sample nodeCount="62" insertCount="3828" extractCount="3798" duration="13000000"/>
			<Sample nodeCount="63" insertCount="3888" extractCount="3861" duration="12000000"/>
			<Sample nodeCount="64" insertCount="3952" extractCount="3920" duration="13000000"/>
			<Sample nodeCount="65" insertCount="4014" extractCount="3981" duration="13000000"/>
			<Sample nodeCount="66" insertCount="4077" extractCount="4041" duration="14000000"/>
			<Sample nodeCount="67" insertCount="4136" extractCount="4105" duration="13000000"/>
			<Sample nodeCount="68" insertCount="4200" extractCount="4164" duration="14000000"/>
			<Sample nodeCount="69" insertCount="4263" extractCount="4224" duration="14000000"/>
			<Sample nodeCount="70" insertCount="4325" extractCount="4285" duration="14000000"/>
			<Sample nodeCount="71" insertCount="4381" extractCount="4352" duration="14000000"/>
			<Sample nodeCount="72" insertCount="4448" extractCount="4408" duration="15000000"/>
			<Sample nodeCount="73" insertCount="4507" extractCount="4472" duration="15000000"/>
			<Sample nodeCount="74" insertCount="4571" extractCount="4531" duration="15000000"/>
			<Sample nodeCount="75" insertCount="4631" extractCount="4594" duration="15000000"/>
			<Sample nodeCount="76" insertCount="4693" extractCount="4655" duration="16000000"/>
			<Sample nodeCount="77" insertCount="4755" extractCount="4716" duration="16000000"/>
			<Sample nodeCount="78" insertCount="4817" extractCount="4777" duration="16000000"/>
			<Sample nodeCount="79" insertCount="4877" extractCount="4840" duration="16000000"/>
			<Sample nodeCount="80" insertCount="4942" extractCount="4898" duration="17000000"/>
			<Sample nodeCount="81" insertCount="5002" extractCount="4961" duration="17000000"/>
			<Sample nodeCount="82" insertCount="5063" extractCount="5023" duration="17000000"/>
			<Sample nodeCount="83" insertCount="5124" extractCount="5085" duration="17000000"/>
			<Sample nodeCount="84" insertCount="5187" extractCount="5145" duration="18000000"/>
			<Sample nodeCount="85" insertCount="5250" extractCount="5205" duration="18000000"/>
			<Sample nodeCount="86" insertCount="5314" extractCount="5264" duration="17000000"/>
			<Sample nodeCount="87" insertCount="5374" extractCount="5327" duration="18000000"/>
			<Sample nodeCount="88" insertCount="5432" extractCount="5392" duration="18000000"/>
			<Sample nodeCount="89" insertCount="5490" extractCount="5457" duration="19000000"/>
			<Sample nodeCount="90" insertCount="5559" extractCount="5511" duration="18000000"/>
			<Sample nodeCount="91" insertCount="5621" extractCount="5572" duration="19000000"/>
			<Sample nodeCount="92" insertCount="5680" extractCount="5636" duration="19000000"/>
			<Sample nodeCount="93" insertCount="5740" extractCount="5699" duration="19000000"/>
			<Sample nodeCount="94" insertCount="5803" extractCount="5759" duration="19000000"/>
			<Sample nodeCount="95" insertCount="5862" extractCount="5823" duration="20000000"/>
			<Sample nodeCount="96" insertCount="5929" extractCount="5879" duration="20000000"/>
			<Sample nodeCount="97" insertCount="5993" extractCount="5938" duration="21000000"/>
			<Sample nodeCount="98" insertCount="6055" extractCount="5999" duration="20000000"/>
			<Sample nodeCount="99" insertCount="6113" extractCount="6064" duration="21000000"/>
			<Sample nodeCount="100" insertCount="6172" extractCount="6128" duration="20000000"/>
			<Sample nodeCount="101" insertCount="6238" extractCount="6185" duration="22000000"/>
			<Sample nodeCount="102" insertCount="6299" extractCount="6247" duration="21000000"/>
			<Sample nodeCount="103" insertCount="6363" extractCount="6306" duration="22000000"/>
			<Sample nodeCount="104" insertCount="6426" extractCount="6366" duration="22000000"/>
			<Sample nodeCount="105" insertCount="6481" extractCount="6434" duration="21000000"/>
			<Sample nodeCount="106" insertCount="6544" extractCount="6494" duration="22000000"/>
			<Sample nodeCount="107" insertCount="6607" extractCount="6554" duration="22000000"/>
			<Sample nodeCount="108" insertCount="6669" extractCount="6615" duration="23000000"/>
			<Sample nodeCount="109" insertCount="6732" extractCount="6675" duration="23000000"/>
			<Sample nodeCount="110" insertCount="6794" extractCount="6736" duration="23000000"/>
			<Sample nodeCount="111" insertCount="6852" extractCount="6801" duration="23000000"/>
			<Sample nodeCount="112" insertCount="6918" extractCount="6858" duration="23000000"/>
			<Sample nodeCount="113" insertCount="6981" extractCount="6918" duration="24000000"/>
			<Sample nodeCount="114" insertCount="7041" extractCount="6981" duration="24000000"/>
			<Sample nodeCount="115" insertCount="7103" extractCount="7042" duration="24000000"/>
			<Sample nodeCount="116" insertCount="7164" extractCount="7104" duration="24000000"/>
			<Sample nodeCount="117" insertCount="7225" extractCount="7166" duration="25000000"/>
			<Sample nodeCount="118" insertCount="7291" extractCount="7223" duration="25000000"/>
			<Sample nodeCount="119" insertCount="7350" extractCount="7287" duration="26000000"/>
			<Sample nodeCount="120" insertCount="7410" extractCount="7350" duration="25000000"/>
			<Sample nodeCount="121" insertCount="7471" extractCount="7412" duration="25000000"/>
			<Sample nodeCount="122" insertCount="7537" extractCount="7469" duration="26000000"/>
			<Sample nodeCount="123" insertCount="7593" extractCount="7536" duration="26000000"/>
			<Sample nodeCount="124" insertCount="7658" extractCount="7594" duration="26000000"/>
			<Sample nodeCount="125" insertCount="7718" extractCount="7657" duration="26000000"/>
			<Sample nodeCount="126" insertCount="7781" extractCount="7717" duration="27000000"/>
			<Sample nodeCount="127" insertCount="7840" extractCount="7781" duration="27000000"/>
		</SmallSetRandomOps>
		<LargeSetRandomOps>
		</LargeSetRandomOps>
		<SmallSetLinear>
			<Sample nodeCount="1" insertCount="10000" extractCount="10000" duration="17000000"/>
			<Sample nodeCount="2" insertCount="10000" extractCount="10000" duration="32000000"/>
			<Sample nodeCount="3" insertCount="10000" extractCount="10000" duration="57000000"/>
			<Sample nodeCount="4" insertCount="10000" extractCount="10000" duration="87000000"/>
			<Sample nodeCount="5" insertCount="10000" extractCount="10000" duration="114000000"/>
			<Sample nodeCount="6" insertCount="10000" extractCount="10000" duration="139000000"/>
			<Sample nodeCount="7" insertCount="10000" extractCount="10000" duration="167000000"/>
			<Sample nodeCount="8" insertCount="10000" extractCount="10000" duration="193000000"/>
			<Sample nodeCount="9" insertCount="10000" extractCount="10000" duration="220000000"/>
			<Sample nodeCount="10" insertCount="10000" extractCount="10000" duration="253000000"/>
			<Sample nodeCount="11" insertCount="10000" extractCount="10000" duration="280000000"/>
			<Sample nodeCount="12" insertCount="10000" extractCount="10000" duration="312000000"/>
			<Sample nodeCount="13" insertCount="10000" extractCount="10000" duration="340000000"/>
			<Sample nodeCount="14" insertCount="10000" extractCount="10000" duration="369000000"/>
			<Sample nodeCount="15" insertCount="10000" extractCount="10000" duration="397000000"/>
			<Sample nodeCount="16" insertCount="10000" extractCount="10000" duration="430000000"/>
			<Sample nodeCount="17" insertCount="10000" extractCount="10000" duration="458000000"/>
			<Sample nodeCount="18" insertCount="10000" extractCount="10000" duration="490000000"/>
			<Sample nodeCount="19" insertCount="10000" extractCount="10000" duration="518000000"/>
			<Sample nodeCount="20" insertCount="10000" extractCount="10000" duration="551000000"/>
			<Sample nodeCount="21" insertCount="10000" extractCount="10000" duration="578000000"/>
			<Sample nodeCount="22" insertCount="10000" extractCount="10000" duration="617000000"/>
			<Sample nodeCount="23" insertCount="10000" extractCount="10000" duration="646000000"/>
			<Sample nodeCount="24" insertCount="10000" extractCount="10000" duration="678000000"/>
			<Sample nodeCount="25" insertCount="10000" extractCount="10000" duration="707000000"/>
			<Sample nodeCount="26" insertCount="10000" extractCount="10000" duration="743000000"/>
			<Sample nodeCount="27" insertCount="10000" extractCount="10000" duration="772000000"/>
			<Sample nodeCount="28" insertCount="10000" extractCount="10000" duration="805000000"/>
			<Sample nodeCount="29" insertCount="10000" extractCount="10000" duration="833000000"/>
			<Sample nodeCount="30" insertCount="10000" extractCount="10000" duration="868000000"/>
			<Sample nodeCount="31" insertCount="10000" extractCount="10000" duration="897000000"/>
			<Sample nodeCount="32" insertCount="10000" extractCount="10000" duration="931000000"/>
			<Sample nodeCount="33" insertCount="10000" extractCount="10000" duration="959000000"/>
			<Sample nodeCount="34" insertCount="10000" extractCount="10000" duration="996000000"/>
			<Sample nodeCount="35" insertCount="10000" extractCount="10000" duration="1025000000"/>
			<Sample nodeCount="36" insertCount="10000" extractCount="10000" duration="1058000000"/>
			<Sample nodeCount="37" insertCount="10000" extractCount="10000" duration="1087000000"/>
			<Sample nodeCount="38" insertCount="10000" extractCount="10000" duration="1125000000"/>
			<Sample nodeCount="39" insertCount="10000" extractCount="10000" duration="1154000000"/>
			<Sample nodeCount="40" insertCount="10000" extractCount="10000" duration="1187000000"/>
			<Sample nodeCount="41" insertCount="10000" extractCount="10000" duration="1215000000"/>
			<Sample nodeCount="42" insertCount="10000" extractCount="10000" duration="1253000000"/>
			<Sample nodeCount="43" insertCount="10000" extractCount="10000" duration="1282000000"/>
			<Sample nodeCount="44" insertCount="10000" extractCount="10000" duration="1316000000"/>
			<Sample nodeCount="45" insertCount="10000" extractCount="10000" duration="1344000000"/>
			<Sample nodeCount="46" insertCount="10000" extractCount="10000" duration="1387000000"/>
			<Sample nodeCount="47" insertCount="10000" extractCount="10000" duration="1416000000"/>
			<Sample nodeCount="48" insertCount="10000" extractCount="10000" duration="1451000000"/>
			<Sample nodeCount="49" insertCount="10000" extractCount="10000" duration="1480000000"/>
			<Sample nodeCount="50" insertCount="10000" extractCount="10000" duration="1517000000"/>
			<Sample nodeCount="51" insertCount="10000" extractCount="10000" duration="1545000000"/>
			<Sample nodeCount="52" insertCount="10000" extractCount="10000" duration="1580000000"/>
			<Sample nodeCount="53" insertCount="10000" extractCount="10000" duration="1610000000"/>
			<Sample nodeCount="54" insertCount="10000" extractCount="10000" duration="1652000000"/>
			<Sample nodeCount="55" insertCount="10000" extractCount="10000" duration="1681000000"/>
			<Sample nodeCount="56" insertCount="10000" extractCount="10000" duration="1716000000"/>
			<Sample nodeCount="57" insertCount="10000" extractCount="10000" duration="1745000000"/>
			<Sample nodeCount="58" insertCount="10000" extractCount="10000" duration="1782000000"/>
			<Sample nodeCount="59" insertCount="10000" extractCount="10000" duration="1812000000"/>
			<Sample nodeCount="60" insertCount="10000" extractCount="10000" duration="1846000000"/>
			<Sample nodeCount="61" insertCount="10000" extractCount="10000" duration="1874000000"/>
			<Sample nodeCount="62" insertCount="10000" extractCount="10000" duration="1916000000"/>
			<Sample nodeCount="63" insertCount="10000" extractCount="10000" duration="1945000000"/>
			<Sample nodeCount="64" insertCount="10000" extractCount="10000" duration="1982000000"/>
			<Sample nodeCount="65" insertCount="10000" extractCount="10000" duration="2009000000"/>
			<Sample nodeCount="66" insertCount="10000" extractCount="10000" duration="2048000000"/>
			<Sample nodeCount="67" insertCount="10000" extractCount="10000" duration="2077000000"/>
			<Sample nodeCount="68" insertCount="10000" extractCount="10000" duration="2112000000"/>
			<Sample nodeCount="69" insertCount="10000" extractCount="10000" duration="2142000000"/>
			<Sample nodeCount="70" insertCount="10000" extractCount="10000" duration="2183000000"/>
			<Sample nodeCount="71" insertCount="10000" extractCount="10000" duration="2215000000"/>
			<Sample nodeCount="72" insertCount="10000" extractCount="10000" duration="2248000000"/>
			<Sample nodeCount="73" insertCount="10000" extractCount="10000" duration="2279000000"/>
			<Sample nodeCount="74" insertCount="10000" extractCount="10000" duration="2315000000"/>
			<Sample nodeCount="75" insertCount="10000" extractCount="10000" duration="2346000000"/>
			<Sample nodeCount="76" insertCount="10000" extractCount="10000" duration="2380000000"/>
			<Sample nodeCount="77" insertCount="10000" extractCount="10000" duration="2411000000"/>
			<Sample nodeCount="78" insertCount="10000" extractCount="10000" duration="2452000000"/>
			<Sample nodeCount="79" insertCount="10000" extractCount="10000" duration="2481000000"/>
			<Sample nodeCount="80" insertCount="10000" extractCount="10000" duration="2515000000"/>
			<Sample nodeCount="81" insertCount="10000" extractCount="10000" duration="2545000000"/>
			<Sample nodeCount="82" insertCount="10000" extractCount="10000" duration="2583000000"/>
			<Sample nodeCount="83" insertCount="10000" extractCount="10000" duration="2613000000"/>
			<Sample nodeCount="84" insertCount="10000" extractCount="10000" duration="2648000000"/>
			<Sample nodeCount="85" insertCount="10000" extractCount="10000" duration="2678000000"/>
			<Sample nodeCount="86" insertCount="10000" extractCount="10000" duration="2720000000"/>
			<Sample nodeCount="87" insertCount="10000" extractCount="10000" duration="2750000000"/>
			<Sample nodeCount="88" insertCount="10000" extractCount="10000" duration="2786000000"/>
			<Sample nodeCount="89" insertCount="10000" extractCount="10000" duration="2814000000"/>
			<Sample nodeCount="90" insertCount="10000" extractCount="10000" duration="2853000000"/>
			<Sample nodeCount="91" insertCount="10000" extractCount="10000" duration="2882000000"/>
			<Sample nodeCount="92" insertCount="10000" extractCount="10000" duration="2917000000"/>
			<Sample nodeCount="93" insertCount="10000" extractCount="10000" duration="2946000000"/>
			<Sample nodeCount="94" insertCount="10000" extractCount="10000" duration="2996000000"/>
			<Sample nodeCount="95" insertCount="10000" extractCount="10000" duration="3025000000"/>
			<Sample nodeCount="96" insertCount="10000" extractCount="10000" duration="3062000000"/>
			<Sample nodeCount="97" insertCount="10000" extractCount="10000" duration="3090000000"/>
			<Sample nodeCount="98" insertCount="10000" extractCount="10000" duration="3128000000"/>
			<Sample nodeCount="99" insertCount="10000" extractCount="10000" duration="3160000000"/>
			<Sample nodeCount="100" insertCount="10000" extractCount="10000" duration="3196000000"/>
			<Sample nodeCount="101" insertCount="10000" extractCount="10000" duration="3225000000"/>
			<Sample nodeCount="102" insertCount="10000" extractCount="10000" duration="3267000000"/>
			<Sample nodeCount="103" insertCount="10000" extractCount="10000" duration="3296000000"/>
			<Sample nodeCount="104" insertCount="10000" extractCount="10000" duration="3332000000"/>
			<Sample nodeCount="105" insertCount="10000" extractCount="10000" duration="3361000000"/>
			<Sample nodeCount="106" insertCount="10000" extractCount="10000" duration="3401000000"/>
			<Sample nodeCount="107" insertCount="10000" extractCount="10000" duration="3431000000"/>
			<Sample nodeCount="108" insertCount="10000" extractCount="10000" duration="3469000000"/>
			<Sample nodeCount="109" insertCount="10000" extractCount="10000" duration="3495000000"/>
			<Sample nodeCount="110" insertCount="10000" extractCount="10000" duration="3548000000"/>
			<Sample nodeCount="111" insertCount="10000" extractCount="10000" duration="3582000000"/>
			<Sample nodeCount="112" insertCount="10000" extractCount="10000" duration="3619000000"/>
			<Sample nodeCount="113" insertCount="10000" extractCount="10000" duration="3648000000"/>
			<Sample nodeCount="114" insertCount="10000" extractCount="10000" duration="3692000000"/>
			<Sample nodeCount="115" insertCount="10000" extractCount="10000" duration="3725000000"/>
			<Sample nodeCount="116" insertCount="10000" extractCount="10000" duration="3759000000"/>
			<Sample nodeCount="117" insertCount="10000" extractCount="10000" duration="3791000000"/>
			<Sample nodeCount="118" insertCount="10000" extractCount="10000" duration="3835000000"/>
			<Sample nodeCount="119" insertCount="10000" extractCount="10000" duration="3868000000"/>
			<Sample nodeCount="120" insertCount="10000" extractCount="10000" duration="3903000000"/>
			<Sample nodeCount="121" insertCount="10000" extractCount="10000" duration="3935000000"/>
			<Sample nodeCount="122" insertCount="10000" extractCount="10000" duration="3978000000"/>
			<Sample nodeCount="123" insertCount="10000" extractCount="10000" duration="4011000000"/>
			<Sample nodeCount="124" insertCount="10000" extractCount="10000" duration="4045000000"/>
			<Sample nodeCount="125" insertCount="10000" extractCount="10000" duration="4077000000"/>
			<Sample nodeCount="126" insertCount="10000" extractCount="10000" duration="4125000000"/>
			<Sample nodeCount="127" insertCount="10000" extractCount="10000" duration="4156000000"/>
		</SmallSetLinear>
		<LargeSetLinear>
		</LargeSetLinear>
	</RBTest>
	<RBTest implementation="RB Old" nodeSize="14">
		<SmallSetRandomOps>
			<Sample nodeCount="1" insertCount="62" extractCount="61" duration="0"/>
			<Sample nodeCount="2" insertCount="123" extractCount="123" duration="0"/>
			<Sample nodeCount="3" insertCount="186" extractCount="183" duration="1000000"/>
			<Sample nodeCount="4" insertCount="247" extractCount="245" duration="0"/>
			<Sample nodeCount="5" insertCount="309" extractCount="306" duration="1000000"/>
			<Sample nodeCount="6" insertCount="370" extractCount="368" duration="1000000"/>
			<Sample nodeCount="7" insertCount="433" extractCount="428" duration="2000000"/>
			<Sample nodeCount="8" insertCount="493" extractCount="491" duration="2000000"/>
			<Sample nodeCount="9" insertCount="557" extractCount="550" duration="2000000"/>
			<Sample nodeCount="10" insertCount="619" extractCount="611" duration="3000000"/>
			<Sample nodeCount="11" insertCount="680" extractCount="673" duration="3000000"/>
			<Sample nodeCount="12" insertCount="740" extractCount="736" duration="3000000"/>
			<Sample nodeCount="13" insertCount="803" extractCount="796" duration="3000000"/>
			<Sample nodeCount="14" insertCount="864" extractCount="858" duration="4000000"/>
			<Sample nodeCount="15" insertCount="927" extractCount="918" duration="4000000"/>
			<Sample nodeCount="16" insertCount="988" extractCount="980" duration="4000000"/>
			<Sample nodeCount="17" insertCount="1050" extractCount="1041" duration="5000000"/>
			<Sample nodeCount="18" insertCount="1113" extractCount="1101" duration="4000000"/>
			<Sample nodeCount="19" insertCount="1172" extractCount="1165" duration="5000000"/>
			<Sample nodeCount="20" insertCount="1237" extractCount="1223" duration="5000000"/>
			<Sample nodeCount="21" insertCount="1296" extractCount="1287" duration="6000000"/>
			<Sample nodeCount="22" insertCount="1359" extractCount="1347" duration="5000000"/>
			<Sample nodeCount="23" insertCount="1419" extractCount="1410" duration="6000000"/>
			<Sample nodeCount="24" insertCount="1484" extractCount="1468" duration="6000000"/>
			<Sample nodeCount="25" insertCount="1544" extractCount="1531" duration="7000000"/>
			<Sample nodeCount="26" insertCount="1604" extractCount="1594" duration="6000000"/>
			<Sample nodeCount="27" insertCount="1668" extractCount="1653" duration="7000000"/>
			<Sample nodeCount="28" insertCount="1729" extractCount="1715" duration="7000000"/>
			<Sample nodeCount="29" insertCount="1790" extractCount="1777" duration="8000000"/>
			<Sample nodeCount="30" insertCount="1851" extractCount="1839" duration="7000000"/>
			<Sample nodeCount="31" insertCount="1914" extractCount="1899" duration="8000000"/>
			<Sample nodeCount="32" insertCount="1977" extractCount="1959" duration="9000000"/>
			<Sample nodeCount="33" insertCount="2041" extractCount="2018" duration="9000000"/>
			<Sample nodeCount="34" insertCount="2097" extractCount="2085" duration="9000000"/>
			<Sample nodeCount="35" insertCount="2160" extractCount="2145" duration="9000000"/>
			<Sample nodeCount="36" insertCount="2221" extractCount="2207" duration="10000000"/>
			<Sample nodeCount="37" insertCount="2285" extractCount="2266" duration="10000000"/>
			<Sample nodeCount="38" insertCount="2346" extractCount="2328" duration="11000000"/>
			<Sample nodeCount="39" insertCount="2408" extractCount="2389" duration="10000000"/>
			<Sample nodeCount="40" insertCount="2471" extractCount="2449" duration="11000000"/>
			<Sample nodeCount="41" insertCount="2531" extractCount="2512" duration="11000000"/>
			<Sample nodeCount="42" insertCount="2593" extractCount="2573" duration="11000000"/>
			<Sample nodeCount="43" insertCount="2656" extractCount="2633" duration="12000000"/>
			<Sample nodeCount="44" insertCount="2717" extractCount="2695" duration="11000000"/>
			<Sample nodeCount="45" insertCount="2776" extractCount="2759" duration="12000000"/>
			<Sample nodeCount="46" insertCount="2840" extractCount="2818" duration="12000000"/>
			<Sample nodeCount="47" insertCount="2902" extractCount="2879" duration="13000000"/>
			<Sample nodeCount="48" insertCount="2966" extractCount="2938" duration="13000000"/>
			<Sample nodeCount="49" insertCount="3026" extractCount="3001" duration="13000000"/>
			<Sample nodeCount="50" insertCount="3084" extractCount="3066" duration="13000000"/>
			<Sample nodeCount="51" insertCount="3151" extractCount="3122" duration="14000000"/>
			<Sample nodeCount="52" insertCount="3209" extractCount="3187" duration="14000000"/>
			<Sample nodeCount="53" insertCount="3273" extractCount="3246" duration="15000000"/>
			<Sample nodeCount="54" insertCount="3337" extractCount="3305" duration="15000000"/>
			<Sample nodeCount="55" insertCount="3400" extractCount="3365" duration="15000000"/>
			<Sample nodeCount="56" insertCount="3458" extractCount="3430" duration="15000000"/>
			<Sample nodeCount="57" insertCount="3521" extractCount="3490" duration="16000000"/>
			<Sample nodeCount="58" insertCount="3580" extractCount="3554" duration="16000000"/>
			<Sample nodeCount="59" insertCount="3647" extractCount="3610" duration="17000000"/>
			<Sample nodeCount="60" insertCount="3706" extractCount="3674" duration="16000000"/>
			<Sample nodeCount="61" insertCount="3766" extractCount="3737" duration="17000000"/>
			<Sample nodeCount="62" insertCount="3828" extractCount="3798" duration="17000000"/>
			<Sample nodeCount="63" insertCount="3888" extractCount="3861" duration="18000000"/>
			<Sample nodeCount="64" insertCount="3952" extractCount="3920" duration="17000000"/>
			<Sample nodeCount="65" insertCount="4014" extractCount="3981" duration="18000000"/>
			<Sample nodeCount="66" insertCount="4077" extractCount="4041" duration="18000000"/>
			<Sample nodeCount="67" insertCount="4136" extractCount="4105" duration="18000000"/>
			<Sample nodeCount="68" insertCount="4200" extractCount="4164" duration="19000000"/>
			<Sample nodeCount="69" insertCount="4263" extractCount="4224" duration="19000000"/>
			<Sample nodeCount="70" insertCount="4325" extractCount="4285" duration="20000000"/>
			<Sample nodeCount="71" insertCount="4381" extractCount="4352" duration="19000000"/>
			<Sample nodeCount="72" insertCount="4448" extractCount="4408" duration="20000000"/>
			<Sample nodeCount="73" insertCount="4507" extractCount="4472" duration="20000000"/>
			<Sample nodeCount="74" insertCount="4571" extractCount="4531" duration="21000000"/>
			<Sample nodeCount="75" insertCount="4631" extractCount="4594" duration="20000000"/>
			<Sample nodeCount="76" insertCount="4693" extractCount="4655" duration="21000000"/>
			<Sample nodeCount="77" insertCount="4755" extractCount="4716" duration="21000000"/>
			<Sample nodeCount="78" insertCount="4817" extractCount="4777" duration="22000000"/>
			<Sample nodeCount="79" insertCount="4877" extractCount="4840" duration="22000000"/>
			<Sample nodeCount="80" insertCount="4942" extractCount="4898" duration="22000000"/>
			<Sample nodeCount="81" insertCount="5002" extractCount="4961" duration="22000000"/>
			<Sample nodeCount="82" insertCount="5063" extractCount="5023" duration="23000000"/>
			<Sample nodeCount="83" insertCount="5124" extractCount="5085" duration="23000000"/>
			<Sample nodeCount="84" insertCount="5187" extractCount="5145" duration="24000000"/>
			<Sample nodeCount="85" insertCount="5250" extractCount="5205" duration="23000000"/>
			<Sample nodeCount="86" insertCount="5314" extractCount="5264" duration="24000000"/>
			<Sample nodeCount="87" insertCount="5374" extractCount="5327" duration="24000000"/>
			<Sample nodeCount="88" insertCount="5432" extractCount="5392" duration="25000000"/>
			<Sample nodeCount="89" insertCount="5490" extractCount="5457" duration="25000000"/>
			<Sample nodeCount="90" insertCount="5559" extractCount="5511" duration="25000000"/>
			<Sample nodeCount="91" insertCount="5621" extractCount="5572" duration="25000000"/>
			<Sample nodeCount="92" insertCount="5680" extractCount="5636" duration="25000000"/>
			<Sample nodeCount="93" insertCount="5740" extractCount="5699" duration="26000000"/>
			<Sample nodeCount="94" insertCount="5803" extractCount="5759" duration="26000000"/>
			<Sample nodeCount="95" insertCount="5862" extractCount="5823" duration="27000000"/>
			<Sample nodeCount="96" insertCount="5929" extractCount="5879" duration="26000000"/>
			<Sample nodeCount="97" insertCount="5993" extractCount="5938" duration="27000000"/>
			<Sample nodeCount="98" insertCount="6055" extractCount="5999" duration="27000000"/>
			<Sample nodeCount="99" insertCount="6113" extractCount="6064" duration="28000000"/>
			<Sample nodeCount="100" insertCount="6172" extractCount="6128" duration="28000000"/>
			<Sample nodeCount="101" insertCount="6238" extractCount="6185" duration="28000000"/>
			<Sample nodeCount="102" insertCount="6299" extractCount="6247" duration="28000000"/>
			<Sample nodeCount="103" insertCount="6363" extractCount="6306" duration="29000000"/>
			<Sample nodeCount="104" insertCount="6426" extractCount="6366" duration="29000000"/>
			<Sample nodeCount="105" insertCount="6481" extractCount="6434" duration="30000000"/>
			<Sample nodeCount="106" insertCount="6544" extractCount="6494" duration="30000000"/>
			<Sample nodeCount="107" insertCount="6607" extractCount="6554" duration="29000000"/>
			<Sample nodeCount="108" insertCount="6669" extractCount="6615" duration="30000000"/>
			<Sample nodeCount="109" insertCount="6732" extractCount="6675" duration="30000000"/>
			<Sample nodeCount="110" insertCount="6794" extractCount="6736" duration="31000000"/>
			<Sample nodeCount="111" insertCount="6852" extractCount="6801" duration="31000000"/>
			<Sample nodeCount="112" insertCount="6918" extractCount="6858" duration="32000000"/>
			<Sample nodeCount="113" insertCount="6981" extractCount="6918" duration="32000000"/>
			<Sample nodeCount="114" insertCount="7041" extractCount="6981" duration="33000000"/>
			<Sample nodeCount="115" insertCount="7103" extractCount="7042" duration="32000000"/>
			<Sample nodeCount="116" insertCount="7164" extractCount="7104" duration="32000000"/>
			<Sample nodeCount="117" insertCount="7225" extractCount="7166" duration="33000000"/>
			<Sample nodeCount="118" insertCount="7291" extractCount="7223" duration="33000000"/>
			<Sample nodeCount="119" insertCount="7350" extractCount="7287" duration="34000000"/>
			<Sample nodeCount="120" insertCount="7410" extractCount="7350" duration="34000000"/>
			<Sample nodeCount="121" insertCount="7471" extractCount="7412" duration="35000000"/>
			<Sample nodeCount="122" insertCount="7537" extractCount="7469" duration="34000000"/>
			<Sample nodeCount="123" insertCount="7593" extractCount="7536" duration="34000000"/>
			<Sample nodeCount="124" insertCount="7658" extractCount="7594" duration="35000000"/>
			<Sample nodeCount="125" insertCount="7718" extractCount="7657" duration="35000000"/>
			<Sample nodeCount="126" insertCount="7781" extractCount="7717" duration="36000000"/>
			<Sample nodeCount="127" insertCount="7840" extractCount="7781" duration="36000000"/>
		</SmallSetRandomOps>
		<LargeSetRandomOps>
		</LargeSetRandomOps>
		<SmallSetLinear>
			<Sample nodeCount="1" insertCount="10000" extractCount="10000" duration="25000000"/>
			<Sample nodeCount="2" insertCount="10000" extractCount="10000" duration="53000000"/>
			<Sample nodeCount="3" insertCount="10000" extractCount="10000" duration="87000000"/>
			<Sample nodeCount="4" insertCount="10000" extractCount="10000" duration="127000000"/>
			<Sample nodeCount="5" insertCount="10000" extractCount="10000" duration="165000000"/>
			<Sample nodeCount="6" insertCount="10000" extractCount="10000" duration="204000000"/>
			<Sample nodeCount="7" insertCount="10000" extractCount="10000" duration="243000000"/>
			<Sample nodeCount="8" insertCount="10000" extractCount="10000" duration="283000000"/>
			<Sample nodeCount="9" insertCount="10000" extractCount="10000" duration="321000000"/>
			<Sample nodeCount="10" insertCount="10000" extractCount="10000" duration="367000000"/>
			<Sample nodeCount="11" insertCount="10000" extractCount="10000" duration="407000000"/>
			<Sample nodeCount="12" insertCount="10000" extractCount="10000" duration="458000000"/>
			<Sample nodeCount="13" insertCount="10000" extractCount="10000" duration="498000000"/>
			<Sample nodeCount="14" insertCount="10000" extractCount="10000" duration="541000000"/>
			<Sample nodeCount="15" insertCount="10000" extractCount="10000" duration="583000000"/>
			<Sample nodeCount="16" insertCount="10000" extractCount="10000" duration="635000000"/>
			<Sample nodeCount="17" insertCount="10000" extractCount="10000" duration="675000000"/>
			<Sample nodeCount="18" insertCount="10000" extractCount="10000" duration="721000000"/>
			<Sample nodeCount="19" insertCount="10000" extractCount="10000" duration="762000000"/>
			<Sample nodeCount="20" insertCount="10000" extractCount="10000" duration="814000000"/>
			<Sample nodeCount="21" insertCount="10000" extractCount="10000" duration="855000000"/>
			<Sample nodeCount="22" insertCount="10000" extractCount="10000" duration="907000000"/>
			<Sample nodeCount="23" insertCount="10000" extractCount="10000" duration="950000000"/>
			<Sample nodeCount="24" insertCount="10000" extractCount="10000" duration="1002000000"/>
			<Sample nodeCount="25" insertCount="10000" extractCount="10000" duration="1044000000"/>
			<Sample nodeCount="26" insertCount="10000" extractCount="10000" duration="1100000000"/>
			<Sample nodeCount="27" insertCount="10000" extractCount="10000" duration="1142000000"/>
			<Sample nodeCount="28" insertCount="10000" extractCount="10000" duration="1195000000"/>
			<Sample nodeCount="29" insertCount="10000" extractCount="10000" duration="1236000000"/>
			<Sample nodeCount="30" insertCount="10000" extractCount="10000" duration="1287000000"/>
			<Sample nodeCount="31" insertCount="10000" extractCount="10000" duration="1330000000"/>
			<Sample nodeCount="32" insertCount="10000" extractCount="10000" duration="1384000000"/>
			<Sample nodeCount="33" insertCount="10000" extractCount="10000" duration="1426000000"/>
			<Sample nodeCount="34" insertCount="10000" extractCount="10000" duration="1484000000"/>
			<Sample nodeCount="35" insertCount="10000" extractCount="10000" duration="1526000000"/>
			<Sample nodeCount="36" insertCount="10000" extractCount="10000" duration="1580000000"/>
			<Sample nodeCount="37" insertCount="10000" extractCount="10000" duration="1621000000"/>
			<Sample nodeCount="38" insertCount="10000" extractCount="10000" duration="1674000000"/>
			<Sample nodeCount="39" insertCount="10000" extractCount="10000" duration="1718000000"/>
			<Sample nodeCount="40" insertCount="10000" extractCount="10000" duration="1772000000"/>
			<Sample nodeCount="41" insertCount="10000" extractCount="10000" duration="1812000000"/>
			<Sample nodeCount="42" insertCount="10000" extractCount="10000" duration="1871000000"/>
			<Sample nodeCount="43" insertCount="10000" extractCount="10000" duration="1914000000"/>
			<Sample nodeCount="44" insertCount="10000" extractCount="10000" duration="1966000000"/>
			<Sample nodeCount="45" insertCount="10000" extractCount="10000" duration="2010000000"/>
			<Sample nodeCount="46" insertCount="10000" extractCount="10000" duration="2068000000"/>
			<Sample nodeCount="47" insertCount="10000" extractCount="10000" duration="2113000000"/>
			<Sample nodeCount="48" insertCount="10000" extractCount="10000" duration="2167000000"/>
			<Sample nodeCount="49" insertCount="10000" extractCount="10000" duration="2211000000"/>
			<Sample nodeCount="50" insertCount="10000" extractCount="10000" duration="2269000000"/>
			<Sample nodeCount="51" insertCount="10000" extractCount="10000" duration="2313000000"/>
			<Sample nodeCount="52" insertCount="10000" extractCount="10000" duration="2368000000"/>
			<Sample nodeCount="53" insertCount="10000" extractCount="10000" duration="2410000000"/>
			<Sample nodeCount="54" insertCount="10000" extractCount="10000" duration="2474000000"/>
			<Sample nodeCount="55" insertCount="10000" extractCount="10000" duration="2516000000"/>
			<Sample nodeCount="56" insertCount="10000" extractCount="10000" duration="2573000000"/>
			<Sample nodeCount="57" insertCount="10000" extractCount="10000" duration="2615000000"/>
			<Sample nodeCount="58" insertCount="10000" extractCount="10000" duration="2673000000"/>
			<Sample nodeCount="59" insertCount="10000" extractCount="10000" duration="2716000000"/>
			<Sample nodeCount="60" insertCount="10000" extractCount="10000" duration="2773000000"/>
			<Sample nodeCount="61" insertCount="10000" extractCount="10000" duration="2814000000"/>
			<Sample nodeCount="62" insertCount="10000" extractCount="10000" duration="2870000000"/>
			<Sample nodeCount="63" insertCount="10000" extractCount="10000" duration="2917000000"/>
			<Sample nodeCount="64" insertCount="10000" extractCount="10000" duration="2972000000"/>
			<Sample nodeCount="65" insertCount="10000" extractCount="10000" duration="3018000000"/>
			<Sample nodeCount="66" insertCount="10000" extractCount="10000" duration="3076000000"/>
			<Sample nodeCount="67" insertCount="10000" extractCount="10000" duration="3120000000"/>
			<Sample nodeCount="68" insertCount="10000" extractCount="10000" duration="3175000000"/>
			<Sample nodeCount="69" insertCount="10000" extractCount="10000" duration="3221000000"/>
			<Sample nodeCount="70" insertCount="10000" extractCount="10000" duration="3282000000"/>
			<Sample nodeCount="71" insertCount="10000" extractCount="10000" duration="3328000000"/>
			<Sample nodeCount="72" insertCount="10000" extractCount="10000" duration="3384000000"/>
			<Sample nodeCount="73" insertCount="10000" extractCount="10000" duration="3430000000"/>
			<Sample nodeCount="74" insertCount="10000" extractCount="10000" duration="3487000000"/>
			<Sample nodeCount="75" insertCount="10000" extractCount="10000" duration="3533000000"/>
			<Sample nodeCount="76" insertCount="10000" extractCount="10000" duration="3587000000"/>
			<Sample nodeCount="77" insertCount="10000" extractCount="10000" duration="3632000000"/>
			<Sample nodeCount="78" insertCount="10000" extractCount="10000" duration="3690000000"/>
			<Sample nodeCount="79" insertCount="10000" extractCount="10000" duration="3734000000"/>
			<Sample nodeCount="80" insertCount="10000" extractCount="10000" duration="3793000000"/>
			<Sample nodeCount="81" insertCount="10000" extractCount="10000" duration="3834000000"/>
			<Sample nodeCount="82" insertCount="10000" extractCount="10000" duration="3894000000"/>
			<Sample nodeCount="83" insertCount="10000" extractCount="10000" duration="3938000000"/>
			<Sample nodeCount="84" insertCount="10000" extractCount="10000" duration="3994000000"/>
			<Sample nodeCount="85" insertCount="10000" extractCount="10000" duration="4037000000"/>
			<Sample nodeCount="86" insertCount="10000" extractCount="10000" duration="4102000000"/>
			<Sample nodeCount="87" insertCount="10000" extractCount="10000" duration="4147000000"/>
			<Sample nodeCount="88" insertCount="10000" extractCount="10000" duration="4202000000"/>
			<Sample nodeCount="89" insertCount="10000" extractCount="10000" duration="4245000000"/>
			<Sample nodeCount="90" insertCount="10000" extractCount="10000" duration="4304000000"/>
			<Sample nodeCount="91" insertCount="10000" extractCount="10000" duration="4348000000"/>
			<Sample nodeCount="92" insertCount="10000" extractCount="10000" duration="4407000000"/>
			<Sample nodeCount="93" insertCount="10000" extractCount="10000" duration="4448000000"/>
			<Sample nodeCount="94" insertCount="10000" extractCount="10000" duration="4510000000"/>
			<Sample nodeCount="95" insertCount="10000" extractCount="10000" duration="4560000000"/>
			<Sample nodeCount="96" insertCount="10000" extractCount="10000" duration="4615000000"/>
			<Sample nodeCount="97" insertCount="10000" extractCount="10000" duration="4659000000"/>
			<Sample nodeCount="98" insertCount="10000" extractCount="10000" duration="4721000000"/>
			<Sample nodeCount="99" insertCount="10000" extractCount="10000" duration="4765000000"/>
			<Sample nodeCount="100" insertCount="10000" extractCount="10000" duration="4822000000"/>
			<Sample nodeCount="101" insertCount="10000" extractCount="10000" duration="4868000000"/>
			<Sample nodeCount="102" insertCount="10000" extractCount="10000" duration="4932000000"/>
			<Sample nodeCount="103" insertCount="10000" extractCount="10000" duration="4979000000"/>
			<Sample nodeCount="104" insertCount="10000" extractCount="10000" duration="5033000000"/>
			<Sample nodeCount="105" insertCount="10000" extractCount="10000" duration="5076000000"/>
			<Sample nodeCount="106" insertCount="10000" extractCount="10000" duration="5137000000"/>
			<Sample nodeCount="107" insertCount="10000" extractCount="10000" duration="5185000000"/>
			<Sample nodeCount="108" insertCount="10000" extractCount="10000" duration="5241000000"/>
			<Sample nodeCount="109" insertCount="10000" extractCount="10000" duration="5285000000"/>
			<Sample nodeCount="110" insertCount="10000" extractCount="10000" duration="5355000000"/>
			<Sample nodeCount="111" insertCount="10000" extractCount="10000" duration="5400000000"/>
			<Sample nodeCount="112" insertCount="10000" extractCount="10000" duration="5457000000"/>
			<Sample nodeCount="113" insertCount="10000" extractCount="10000" duration="5499000000"/>
			<Sample nodeCount="114" insertCount="10000" extractCount="10000" duration="5562000000"/>
			<Sample nodeCount="115" insertCount="10000" extractCount="10000" duration="5606000000"/>
			<Sample nodeCount="116" insertCount="10000" extractCount="10000" duration="5663000000"/>
			<Sample nodeCount="117" insertCount="10000" extractCount="10000" duration="5709000000"/>
			<Sample nodeCount="118" insertCount="10000" extractCount="10000" duration="5771000000"/>
			<Sample nodeCount="119" insertCount="10000" extractCount="10000" duration="5816000000"/>
			<Sample nodeCount="120" insertCount="10000" extractCount="10000" duration="5877000000"/>
			<Sample nodeCount="121" insertCount="10000" extractCount="10000" duration="5925000000"/>
			<Sample nodeCount="122" insertCount="10000" extractCount="10000" duration="5986000000"/>
			<Sample nodeCount="123" insertCount="10000" extractCount="10000" duration="6035000000"/>
			<Sample nodeCount="124" insertCount="10000" extractCount="10000" duration="6093000000"/>
			<Sample nodeCount="125" insertCount="10000" extractCount="10000" duration="6140000000"/>
			<Sample nodeCount="126" insertCount="10000" extractCount="10000" duration="6203000000"/>
			<Sample nodeCount="127" insertCount="10000" extractCount="10000" duration="6250000000"/>
		</SmallSetLinear>
		<LargeSetLinear>
		</LargeSetLinear>
	</RBTest>
	<RBTest implementation="Linux" nodeSize="14">
		<SmallSetRandomOps>
			<Sample nodeCount="1" insertCount="62" extractCount="61" duration="0"/>
			<Sample nodeCount="2" insertCount="123" extractCount="123" duration="1000000"/>
			<Sample nodeCount="3" insertCount="186" extractCount="183" duration="0"/>
			<Sample nodeCount="4" insertCount="247" extractCount="245" duration="0"/>
			<Sample nodeCount="5" insertCount="309" extractCount="306" duration="1000000"/>
			<Sample nodeCount="6" insertCount="370" extractCount="368" duration="1000000"/>
			<Sample nodeCount="7" insertCount="433" extractCount="428" duration="1000000"/>
			<Sample nodeCount="8" insertCount="493" extractCount="491" duration="1000000"/>
			<Sample nodeCount="9" insertCount="557" extractCount="550" duration="2000000"/>
			<Sample nodeCount="10" insertCount="619" extractCount="611" duration="1000000"/>
			<Sample nodeCount="11" insertCount="680" extractCount="673" duration="2000000"/>
			<Sample nodeCount="12" insertCount="740" extractCount="736" duration="1000000"/>
			<Sample nodeCount="13" insertCount="803" extractCount="796" duration="2000000"/>
			<Sample nodeCount="14" insertCount="864" extractCount="858" duration="3000000"/>
			<Sample nodeCount="15" insertCount="927" extractCount="918" duration="2000000"/>
			<Sample nodeCount="16" insertCount="988" extractCount="980" duration="3000000"/>
			<Sample nodeCount="17" insertCount="1050" extractCount="1041" duration="2000000"/>
			<Sample nodeCount="18" insertCount="1113" extractCount="1101" duration="3000000"/>
			<Sample nodeCount="19" insertCount="1172" extractCount="1165" duration="3000000"/>
			<Sample nodeCount="20" insertCount="1237" extractCount="1223" duration="3000000"/>
			<Sample nodeCount="21" insertCount="1296" extractCount="1287" duration="3000000"/>
			<Sample nodeCount="22" insertCount="1359" extractCount="1347" duration="3000000"/>
			<Sample nodeCount="23" insertCount="1419" extractCount="1410" duration="3000000"/>
			<Sample nodeCount="24" insertCount="1484" extractCount="1468" duration="4000000"/>
			<Sample nodeCount="25" insertCount="1544" extractCount="1531" duration="4000000"/>
			<Sample nodeCount="26" insertCount="1604" extractCount="1594" duration="4000000"/>
			<Sample nodeCount="27" insertCount="1668" extractCount="1653" duration="5000000"/>
			<Sample nodeCount="28" insertCount="1729" extractCount="1715" duration="4000000"/>
			<Sample nodeCount="29" insertCount="1790" extractCount="1777" duration="5000000"/>
			<Sample nodeCount="30" insertCount="1851" extractCount="1839" duration="4000000"/>
			<Sample nodeCount="31" insertCount="1914" extractCount="1899" duration="5000000"/>
			<Sample nodeCount="32" insertCount="1977" extractCount="1959" duration="5000000"/>
			<Sample nodeCount="33" insertCount="2041" extractCount="2018" duration="5000000"/>
			<Sample nodeCount="34" insertCount="2097" extractCount="2085" duration="5000000"/>
			<Sample nodeCount="35" insertCount="2160" extractCount="2145" duration="6000000"/>
			<Sample nodeCount="36" insertCount="2221" extractCount="2207" duration="5000000"/>
			<Sample nodeCount="37" insertCount="2285" extractCount="2266" duration="6000000"/>
			<Sample nodeCount="38" insertCount="2346" extractCount="2328" duration="6000000"/>
			<Sample nodeCount="39" insertCount="2408" extractCount="2389" duration="6000000"/>
			<Sample nodeCount="40" insertCount="2471" extractCount="2449" duration="6000000"/>
			<Sample nodeCount="41" insertCount="2531" extractCount="2512" duration="7000000"/>
			<Sample nodeCount="42" insertCount="2593" extractCount="2573" duration="6000000"/>
			<Sample nodeCount="43" insertCount="2656" extractCount="2633" duration="7000000"/>
			<Sample nodeCount="44" insertCount="2717" extractCount="2695" duration="6000000"/>
			<Sample nodeCount="45" insertCount="2776" extractCount="2759" duration="7000000"/>
			<Sample nodeCount="46" insertCount="2840" extractCount="2818" duration="7000000"/>
			<Sample nodeCount="47" insertCount="2902" extractCount="2879" duration="7000000"/>
			<Sample nodeCount="48" insertCount="2966" extractCount="2938" duration="8000000"/>
			<Sample nodeCount="49" insertCount="3026" extractCount="3001" duration="8000000"/>
			<Sample nodeCount="50" insertCount="3084" extractCount="3066" duration="8000000"/>
			<Sample nodeCount="51" insertCount="3151" extractCount="3122" duration="8000000"/>
			<Sample nodeCount="52" insertCount="3209" extractCount="3187" duration="9000000"/>
			<Sample nodeCount="53" insertCount="3273" extractCount="3246" duration="8000000"/>
			<Sample nodeCount="54" insertCount="3337" extractCount="3305" duration="9000000"/>
			<Sample nodeCount="55" insertCount="3400" extractCount="3365" duration="9000000"/>
			<Sample nodeCount="56" insertCount="3458" extractCount="3430" duration="9000000"/>
			<Sample nodeCount="57" insertCount="3521" extractCount="3490" duration="9000000"/>
			<Sample nodeCount="58" insertCount="3580" extractCount="3554" duration="9000000"/>
			<Sample nodeCount="59" insertCount="3647" extractCount="3610" duration="9000000"/>
			<Sample nodeCount="60" insertCount="3706" extractCount="3674" duration="10000000"/>
			<Sample nodeCount="61" insertCount="3766" extractCount="3737" duration="9000000"/>
			<Sample nodeCount="62" insertCount="3828" extractCount="3798" duration="10000000"/>
			<Sample nodeCount="63" insertCount="3888" extractCount="3861" duration="10000000"/>
			<Sample nodeCount="64" insertCount="3952" extractCount="3920" duration="10000000"/>
			<Sample nodeCount="65" insertCount="4014" extractCount="3981" duration="10000000"/>
			<Sample nodeCount="66" insertCount="4077" extractCount="4041" duration="11000000"/>
			<Sample nodeCount="67" insertCount="4136" extractCount="4105" duration="11000000"/>
			<Sample nodeCount="68" insertCount="4200" extractCount="4164" duration="11000000"/>
			<Sample nodeCount="69" insertCount="4263" extractCount="4224" duration="11000000"/>
			<Sample nodeCount="70" insertCount="4325" extractCount="4285" duration="12000000"/>
			<Sample nodeCount="71" insertCount="4381" extractCount="4352" duration="11000000"/>
			<Sample nodeCount="72" insertCount="4448" extractCount="4408" duration="12000000"/>
			<Sample nodeCount="73" insertCount="4507" extractCount="4472" duration="12000000"/>
			<Sample nodeCount="74" insertCount="4571" extractCount="4531" duration="12000000"/>
			<Sample nodeCount="75" insertCount="4631" extractCount="4594" duration="12000000"/>
			<Sample nodeCount="76" insertCount="4693" extractCount="4655" duration="12000000"/>
			<Sample nodeCount="77" insertCount="4755" extractCount="4716" duration="12000000"/>
			<Sample nodeCount="78" insertCount="4817" extractCount="4777" duration="12000000"/>
			<Sample nodeCount="79" insertCount="4877" extractCount="4840" duration="13000000"/>
			<Sample nodeCount="80" insertCount="4942" extractCount="4898" duration="12000000"/>
			<Sample nodeCount="81" insertCount="5002" extractCount="4961" duration="13000000"/>
			<Sample nodeCount="82" insertCount="5063" extractCount="5023" duration="13000000"/>
			<Sample nodeCount="83" insertCount="5124" extractCount="5085" duration="13000000"/>
			<Sample nodeCount="84" insertCount="5187" extractCount="5145" duration="13000000"/>
			<Sample nodeCount="85" insertCount="5250" extractCount="5205" duration="14000000"/>
			<Sample nodeCount="86" insertCount="5314" extractCount="5264" duration="13000000"/>
			<Sample nodeCount="87" insertCount="5374" extractCount="5327" duration="14000000"/>
			<Sample nodeCount="88" insertCount="5432" extractCount="5392" duration="14000000"/>
			<Sample nodeCount="89" insertCount="5490" extractCount="5457" duration="14000000"/>
			<Sample nodeCount="90" insertCount="5559" extractCount="5511" duration="14000000"/>
			<Sample nodeCount="91" insertCount="5621" extractCount="5572" duration="15000000"/>
			<Sample nodeCount="92" insertCount="5680" extractCount="5636" duration="15000000"/>
			<Sample nodeCount="93" insertCount="5740" extractCount="5699" duration="15000000"/>
			<Sample nodeCount="94" insertCount="5803" extractCount="5759" duration="15000000"/>
			<Sample nodeCount="95" insertCount="5862" extractCount="5823" duration="16000000"/>
			<Sample nodeCount="96" insertCount="5929" extractCount="5879" duration="15000000"/>
			<Sample nodeCount="97" insertCount="5993" extractCount="5938" duration="16000000"/>
			<Sample nodeCount="98" insertCount="6055" extractCount="5999" duration="16000000"/>
			<Sample nodeCount="99" insertCount="6113" extractCount="6064" duration="16000000"/>
			<Sample nodeCount="100" insertCount="6172" extractCount="6128" duration="16000000"/>
			<Sample nodeCount="101" insertCount="6238" extractCount="6185" duration="16000000"/>
			<Sample nodeCount="102" insertCount="6299" extractCount="6247" duration="16000000"/>
			<Sample nodeCount="103" insertCount="6363" extractCount="6306" duration="16000000"/>
			<Sample nodeCount="104" insertCount="6426" extractCount="6366" duration="17000000"/>
			<Sample nodeCount="105" insertCount="6481" extractCount="6434" duration="17000000"/>
			<Sample nodeCount="106" insertCount="6544" extractCount="6494" duration="17000000"/>
			<Sample nodeCount="107" insertCount="6607" extractCount="6554" duration="17000000"/>
			<Sample nodeCount="108" insertCount="6669" extractCount="6615" duration="18000000"/>
			<Sample nodeCount="109" insertCount="6732" extractCount="6675" duration="18000000"/>
			<Sample nodeCount="110" insertCount="6794" extractCount="6736" duration="17000000"/>
			<Sample nodeCount="111" insertCount="6852" extractCount="6801" duration="18000000"/>
			<Sample nodeCount="112" insertCount="6918" extractCount="6858" duration="18000000"/>
			<Sample nodeCount="113" insertCount="6981" extractCount="6918" duration="19000000"/>
			<Sample nodeCount="114" insertCount="7041" extractCount="6981" duration="18000000"/>
			<Sample nodeCount="115" insertCount="7103" extractCount="7042" duration="19000000"/>
			<Sample nodeCount="116" insertCount="7164" extractCount="7104" duration="19000000"/>
			<Sample nodeCount="117" insertCount="7225" extractCount="7166" duration="18000000"/>
			<Sample nodeCount="118" insertCount="7291" extractCount="7223" duration="19000000"/>
			<Sample nodeCount="119" insertCount="7350" extractCount="7287" duration="19000000"/>
			<Sample nodeCount="120" insertCount="7410" extractCount="7350" duration="20000000"/>
			<Sample nodeCount="121" insertCount="7471" extractCount="7412" duration="19000000"/>
			<Sample nodeCount="122" insertCount="7537" extractCount="7469" duration="20000000"/>
			<Sample nodeCount="123" insertCount="7593" extractCount="7536" duration="20000000"/>
			<Sample nodeCount="124" insertCount="7658" extractCount="7594" duration="21000000"/>
			<Sample nodeCount="125" insertCount="7718" extractCount="7657" duration="20000000"/>
			<Sample nodeCount="126" insertCount="7781" extractCount="7717" duration="20000000"/>
			<Sample nodeCount="127" insertCount="7840" extractCount="7781" duration="21000000"/>
		</SmallSetRandomOps>
		<LargeSetRandomOps>
		</LargeSetRandomOps>
		<SmallSetLinear>
			<Sample nodeCount="1" insertCount="10000" extractCount="10000" duration="18000000"/>
			<Sample nodeCount="2" insertCount="10000" extractCount="10000" duration="36000000"/>
			<Sample nodeCount="3" insertCount="10000" extractCount="10000" duration="57000000"/>
			<Sample nodeCount="4" insertCount="10000" extractCount="10000" duration="81000000"/>
			<Sample nodeCount="5" insertCount="10000" extractCount="10000" duration="104000000"/>
			<Sample nodeCount="6" insertCount="10000" extractCount="10000" duration="128000000"/>
			<Sample nodeCount="7" insertCount="10000" extractCount="10000" duration="150000000"/>
			<Sample nodeCount="8" insertCount="10000" extractCount="10000" duration="175000000"/>
			<Sample nodeCount="9" insertCount="10000" extractCount="10000" duration="196000000"/>
			<Sample nodeCount="10" insertCount="10000" extractCount="10000" duration="225000000"/>
			<Sample nodeCount="11" insertCount="10000" extractCount="10000" duration="246000000"/>
			<Sample nodeCount="12" insertCount="10000" extractCount="10000" duration="275000000"/>
			<Sample nodeCount="13" insertCount="10000" extractCount="10000" duration="298000000"/>
			<Sample nodeCount="14" insertCount="10000" extractCount="10000" duration="326000000"/>
			<Sample nodeCount="15" insertCount="10000" extractCount="10000" duration="349000000"/>
			<Sample nodeCount="16" insertCount="10000" extractCount="10000" duration="378000000"/>
			<Sample nodeCount="17" insertCount="10000" extractCount="10000" duration="401000000"/>
			<Sample nodeCount="18" insertCount="10000" extractCount="10000" duration="428000000"/>
			<Sample nodeCount="19" insertCount="10000" extractCount="10000" duration="452000000"/>
			<Sample nodeCount="20" insertCount="10000" extractCount="10000" duration="482000000"/>
			<Sample nodeCount="21" insertCount="10000" extractCount="10000" duration="504000000"/>
			<Sample nodeCount="22" insertCount="10000" extractCount="10000" duration="537000000"/>
			<Sample nodeCount="23" insertCount="10000" extractCount="10000" duration="561000000"/>
			<Sample nodeCount="24" insertCount="10000" extractCount="10000" duration="591000000"/>
			<Sample nodeCount="25" insertCount="10000" extractCount="10000" duration="615000000"/>
			<Sample nodeCount="26" insertCount="10000" extractCount="10000" duration="648000000"/>
			<Sample nodeCount="27" insertCount="10000" extractCount="10000" duration="672000000"/>
			<Sample nodeCount="28" insertCount="10000" extractCount="10000" duration="701000000"/>
			<Sample nodeCount="29" insertCount="10000" extractCount="10000" duration="725000000"/>
			<Sample nodeCount="30" insertCount="10000" extractCount="10000" duration="757000000"/>
			<Sample nodeCount="31" insertCount="10000" extractCount="10000" duration="780000000"/>
			<Sample nodeCount="32" insertCount="10000" extractCount="10000" duration="810000000"/>
			<Sample nodeCount="33" insertCount="10000" extractCount="10000" duration="835000000"/>
			<Sample nodeCount="34" insertCount="10000" extractCount="10000" duration="868000000"/>
			<Sample nodeCount="35" insertCount="10000" extractCount="10000" duration="891000000"/>
			<Sample nodeCount="36" insertCount="10000" extractCount="10000" duration="923000000"/>
			<Sample nodeCount="37" insertCount="10000" extractCount="10000" duration="945000000"/>
			<Sample nodeCount="38" insertCount="10000" extractCount="10000" duration="979000000"/>
			<Sample nodeCount="39" insertCount="10000" extractCount="10000" duration="1002000000"/>
			<Sample nodeCount="40" insertCount="10000" extractCount="10000" duration="1033000000"/>
			<Sample nodeCount="41" insertCount="10000" extractCount="10000" duration="1045000000"/>
			<Sample nodeCount="42" insertCount="10000" extractCount="10000" duration="1090000000"/>
			<Sample nodeCount="43" insertCount="10000" extractCount="10000" duration="1114000000"/>
			<Sample nodeCount="44" insertCount="10000" extractCount="10000" duration="1144000000"/>
			<Sample nodeCount="45" insertCount="10000" extractCount="10000" duration="1167000000"/>
			<Sample nodeCount="46" insertCount="10000" extractCount="10000" duration="1207000000"/>
			<Sample nodeCount="47" insertCount="10000" extractCount="10000" duration="1231000000"/>
			<Sample nodeCount="48" insertCount="10000" extractCount="10000" duration="1262000000"/>
			<Sample nodeCount="49" insertCount="10000" extractCount="10000" duration="1287000000"/>
			<Sample nodeCount="50" insertCount="10000" extractCount="10000" duration="1320000000"/>
			<Sample nodeCount="51" insertCount="10000" extractCount="10000" duration="1345000000"/>
			<Sample nodeCount="52" insertCount="10000" extractCount="10000" duration="1367000000"/>
			<Sample nodeCount="53" insertCount="10000" extractCount="10000" duration="1399000000"/>
			<Sample nodeCount="54" insertCount="10000" extractCount="10000" duration="1437000000"/>
			<Sample nodeCount="55" insertCount="10000" extractCount="10000" duration="1461000000"/>
			<Sample nodeCount="56" insertCount="10000" extractCount="10000" duration="1491000000"/>
			<Sample nodeCount="57" insertCount="10000" extractCount="10000" duration="1516000000"/>
			<Sample nodeCount="58" insertCount="10000" extractCount="10000" duration="1549000000"/>
			<Sample nodeCount="59" insertCount="10000" extractCount="10000" duration="1563000000"/>
			<Sample nodeCount="60" insertCount="10000" extractCount="10000" duration="1605000000"/>
			<Sample nodeCount="61" insertCount="10000" extractCount="10000" duration="1629000000"/>
			<Sample nodeCount="62" insertCount="10000" extractCount="10000" duration="1667000000"/>
			<Sample nodeCount="63" insertCount="10000" extractCount="10000" duration="1691000000"/>
			<Sample nodeCount="64" insertCount="10000" extractCount="10000" duration="1722000000"/>
			<Sample nodeCount="65" insertCount="10000" extractCount="10000" duration="1748000000"/>
			<Sample nodeCount="66" insertCount="10000" extractCount="10000" duration="1780000000"/>
			<Sample nodeCount="67" insertCount="10000" extractCount="10000" duration="1806000000"/>
			<Sample nodeCount="68" insertCount="10000" extractCount="10000" duration="1837000000"/>
			<Sample nodeCount="69" insertCount="10000" extractCount="10000" duration="1840000000"/>
			<Sample nodeCount="70" insertCount="10000" extractCount="10000" duration="1899000000"/>
			<Sample nodeCount="71" insertCount="10000" extractCount="10000" duration="1925000000"/>
			<Sample nodeCount="72" insertCount="10000" extractCount="10000" duration="1955000000"/>
			<Sample nodeCount="73" insertCount="10000" extractCount="10000" duration="1980000000"/>
			<Sample nodeCount="74" insertCount="10000" extractCount="10000" duration="2015000000"/>
			<Sample nodeCount="75" insertCount="10000" extractCount="10000" duration="2039000000"/>
			<Sample nodeCount="76" insertCount="10000" extractCount="10000" duration="2071000000"/>
			<Sample nodeCount="77" insertCount="10000" extractCount="10000" duration="2077000000"/>
			<Sample nodeCount="78" insertCount="10000" extractCount="10000" duration="2134000000"/>
			<Sample nodeCount="79" insertCount="10000" extractCount="10000" duration="2159000000"/>
			<Sample nodeCount="80" insertCount="10000" extractCount="10000" duration="2190000000"/>
			<Sample nodeCount="81" insertCount="10000" extractCount="10000" duration="2214000000"/>
			<Sample nodeCount="82" insertCount="10000" extractCount="10000" duration="2248000000"/>
			<Sample nodeCount="83" insertCount="10000" extractCount="10000" duration="2273000000"/>
			<Sample nodeCount="84" insertCount="10000" extractCount="10000" duration="2304000000"/>
			<Sample nodeCount="85" insertCount="10000" extractCount="10000" duration="2329000000"/>
			<Sample nodeCount="86" insertCount="10000" extractCount="10000" duration="2358000000"/>
			<Sample nodeCount="87" insertCount="10000" extractCount="10000" duration="2392000000"/>
			<Sample nodeCount="88" insertCount="10000" extractCount="10000" duration="2422000000"/>
			<Sample nodeCount="89" insertCount="10000" extractCount="10000" duration="2447000000"/>
			<Sample nodeCount="90" insertCount="10000" extractCount="10000" duration="2481000000"/>
			<Sample nodeCount="91" insertCount="10000" extractCount="10000" duration="2506000000"/>
			<Sample nodeCount="92" insertCount="10000" extractCount="10000" duration="2538000000"/>
			<Sample nodeCount="93" insertCount="10000" extractCount="10000" duration="2563000000"/>
			<Sample nodeCount="94" insertCount="10000" extractCount="10000" duration="2607000000"/>
			<Sample nodeCount="95" insertCount="10000" extractCount="10000" duration="2631000000"/>
			<Sample nodeCount="96" insertCount="10000" extractCount="10000" duration="2664000000"/>
			<Sample nodeCount="97" insertCount="10000" extractCount="10000" duration="2689000000"/>
			<Sample nodeCount="98" insertCount="10000" extractCount="10000" duration="2724000000"/>
			<Sample nodeCount="99" insertCount="10000" extractCount="10000" duration="2749000000"/>
			<Sample nodeCount="100" insertCount="10000" extractCount="10000" duration="2758000000"/>
			<Sample nodeCount="101" insertCount="10000" extractCount="10000" duration="2807000000"/>
			<Sample nodeCount="102" insertCount="10000" extractCount="10000" duration="2844000000"/>
			<Sample nodeCount="103" insertCount="10000" extractCount="10000" duration="2869000000"/>
			<Sample nodeCount="104" insertCount="10000" extractCount="10000" duration="2901000000"/>
			<Sample nodeCount="105" insertCount="10000" extractCount="10000" duration="2927000000"/>
			<Sample nodeCount="106" insertCount="10000" extractCount="10000" duration="2961000000"/>
			<Sample nodeCount="107" insertCount="10000" extractCount="10000" duration="2988000000"/>
			<Sample nodeCount="108" insertCount="10000" extractCount="10000" duration="3018000000"/>
			<Sample nodeCount="109" insertCount="10000" extractCount="10000" duration="3046000000"/>
			<Sample nodeCount="110" insertCount="10000" extractCount="10000" duration="3053000000"/>
			<Sample nodeCount="111" insertCount="10000" extractCount="10000" duration="3109000000"/>
			<Sample nodeCount="112" insertCount="10000" extractCount="10000" duration="3142000000"/>
			<Sample nodeCount="113" insertCount="10000" extractCount="10000" duration="3166000000"/>
			<Sample nodeCount="114" insertCount="10000" extractCount="10000" duration="3201000000"/>
			<Sample nodeCount="115" insertCount="10000" extractCount="10000" duration="3190000000"/>
			<Sample nodeCount="116" insertCount="10000" extractCount="10000" duration="3257000000"/>
			<Sample nodeCount="117" insertCount="10000" extractCount="10000" duration="3283000000"/>
			<Sample nodeCount="118" insertCount="10000" extractCount="10000" duration="3321000000"/>
			<Sample nodeCount="119" insertCount="10000" extractCount="10000" duration="3348000000"/>
			<Sample nodeCount="120" insertCount="10000" extractCount="10000" duration="3379000000"/>
			<Sample nodeCount="121" insertCount="10000" extractCount="10000" duration="3405000000"/>
			<Sample nodeCount="122" insertCount="10000" extractCount="10000" duration="3442000000"/>
			<Sample nodeCount="123" insertCount="10000" extractCount="10000" duration="3470000000"/>
			<Sample nodeCount="124" insertCount="10000" extractCount="10000" duration="3505000000"/>
			<Sample nodeCount="125" insertCount="10000" extractCount="10000" duration="3532000000"/>
			<Sample nodeCount="126" insertCount="10000" extractCount="10000" duration="3574000000"/>
			<Sample nodeCount="127" insertCount="10000" extractCount="10000" duration="3603000000"/>
		</SmallSetLinear>
		<LargeSetLinear>
		</LargeSetLinear>
	</RBTest>
</RBTestCollection>
