<RBTestCollection platform="Linux" compiler="GCC 11.3.0" timeUnit="ns">
	<RBTest implementation="LLRB" nodeSize="32">
		<SmallSetRandomOps>
			<Sample nodeCount="1" insertCount="62" extractCount="61" duration="6000"/>
			<Sample nodeCount="2" insertCount="123" extractCount="123" duration="9000"/>
			<Sample nodeCount="3" insertCount="185" extractCount="184" duration="15000"/>
			<Sample nodeCount="4" insertCount="247" extractCount="245" duration="24000"/>
			<Sample nodeCount="5" insertCount="308" extractCount="307" duration="33000"/>
			<Sample nodeCount="6" insertCount="371" extractCount="367" duration="62000"/>
			<Sample nodeCount="7" insertCount="433" extractCount="428" duration="60000"/>
			<Sample nodeCount="8" insertCount="493" extractCount="491" duration="68000"/>
			<Sample nodeCount="9" insertCount="557" extractCount="550" duration="84000"/>
			<Sample nodeCount="10" insertCount="617" extractCount="613" duration="97000"/>
			<Sample nodeCount="11" insertCount="680" extractCount="673" duration="110000"/>
			<Sample nodeCount="12" insertCount="741" extractCount="735" duration="128000"/>
			<Sample nodeCount="13" insertCount="802" extractCount="797" duration="139000"/>
			<Sample nodeCount="14" insertCount="866" extractCount="856" duration="154000"/>
			<Sample nodeCount="15" insertCount="926" extractCount="919" duration="167000"/>
			<Sample nodeCount="16" insertCount="989" extractCount="979" duration="186000"/>
			<Sample nodeCount="17" insertCount="1049" extractCount="1042" duration="204000"/>
			<Sample nodeCount="18" insertCount="1112" extractCount="1102" duration="220000"/>
			<Sample nodeCount="19" insertCount="1171" extractCount="1166" duration="234000"/>
			<Sample nodeCount="20" insertCount="1235" extractCount="1225" duration="257000"/>
			<Sample nodeCount="21" insertCount="1296" extractCount="1287" duration="270000"/>
			<Sample nodeCount="22" insertCount="1359" extractCount="1347" duration="287000"/>
			<Sample nodeCount="23" insertCount="1420" extractCount="1409" duration="310000"/>
			<Sample nodeCount="24" insertCount="1482" extractCount="1470" duration="325000"/>
			<Sample nodeCount="25" insertCount="1546" extractCount="1529" duration="344000"/>
			<Sample nodeCount="26" insertCount="1604" extractCount="1594" duration="368000"/>
			<Sample nodeCount="27" insertCount="1666" extractCount="1655" duration="381000"/>
			<Sample nodeCount="28" insertCount="1728" extractCount="1716" duration="400000"/>
			<Sample nodeCount="29" insertCount="1791" extractCount="1776" duration="422000"/>
			<Sample nodeCount="30" insertCount="1852" extractCount="1838" duration="443000"/>
			<Sample nodeCount="31" insertCount="1914" extractCount="1899" duration="466000"/>
			<Sample nodeCount="32" insertCount="1976" extractCount="1960" duration="476000"/>
			<Sample nodeCount="33" insertCount="2039" extractCount="2020" duration="497000"/>
			<Sample nodeCount="34" insertCount="2099" extractCount="2083" duration="514000"/>
			<Sample nodeCount="35" insertCount="2163" extractCount="2142" duration="544000"/>
			<Sample nodeCount="36" insertCount="2224" extractCount="2204" duration="557000"/>
			<Sample nodeCount="37" insertCount="2285" extractCount="2266" duration="574000"/>
			<Sample nodeCount="38" insertCount="2346" extractCount="2328" duration="607000"/>
			<Sample nodeCount="39" insertCount="2409" extractCount="2388" duration="613000"/>
			<Sample nodeCount="40" insertCount="2470" extractCount="2450" duration="643000"/>
			<Sample nodeCount="41" insertCount="2532" extractCount="2511" duration="661000"/>
			<Sample nodeCount="42" insertCount="2589" extractCount="2577" duration="690000"/>
			<Sample nodeCount="43" insertCount="2655" extractCount="2634" duration="703000"/>
			<Sample nodeCount="44" insertCount="2714" extractCount="2698" duration="726000"/>
			<Sample nodeCount="45" insertCount="2781" extractCount="2754" duration="750000"/>
			<Sample nodeCount="46" insertCount="2842" extractCount="2816" duration="775000"/>
			<Sample nodeCount="47" insertCount="2903" extractCount="2878" duration="803000"/>
			<Sample nodeCount="48" insertCount="2962" extractCount="2942" duration="822000"/>
			<Sample nodeCount="49" insertCount="3022" extractCount="3005" duration="846000"/>
			<Sample nodeCount="50" insertCount="3090" extractCount="3060" duration="868000"/>
			<Sample nodeCount="51" insertCount="3150" extractCount="3123" duration="887000"/>
			<Sample nodeCount="52" insertCount="3209" extractCount="3187" duration="945000"/>
			<Sample nodeCount="53" insertCount="3275" extractCount="3244" duration="937000"/>
			<Sample nodeCount="54" insertCount="3334" extractCount="3308" duration="960000"/>
			<Sample nodeCount="55" insertCount="3397" extractCount="3368" duration="989000"/>
			<Sample nodeCount="56" insertCount="3456" extractCount="3432" duration="1024000"/>
			<Sample nodeCount="57" insertCount="3517" extractCount="3494" duration="1030000"/>
			<Sample nodeCount="58" insertCount="3584" extractCount="3550" duration="1041000"/>
			<Sample nodeCount="59" insertCount="3645" extractCount="3612" duration="1071000"/>
			<Sample nodeCount="60" insertCount="3706" extractCount="3674" duration="1103000"/>
			<Sample nodeCount="61" insertCount="3770" extractCount="3733" duration="1115000"/>
			<Sample nodeCount="62" insertCount="3826" extractCount="3800" duration="1141000"/>
			<Sample nodeCount="63" insertCount="3891" extractCount="3858" duration="1181000"/>
			<Sample nodeCount="64" insertCount="3953" extractCount="3919" duration="1187000"/>
			<Sample nodeCount="65" insertCount="4013" extractCount="3982" duration="1214000"/>
			<Sample nodeCount="66" insertCount="4075" extractCount="4043" duration="1238000"/>
			<Sample nodeCount="67" insertCount="4141" extractCount="4100" duration="1264000"/>
			<Sample nodeCount="68" insertCount="4198" extractCount="4166" duration="1280000"/>
			<Sample nodeCount="69" insertCount="4258" extractCount="4229" duration="1306000"/>
			<Sample nodeCount="70" insertCount="4325" extractCount="4285" duration="1332000"/>
			<Sample nodeCount="71" insertCount="4383" extractCount="4350" duration="1349000"/>
			<Sample nodeCount="72" insertCount="4447" extractCount="4409" duration="1374000"/>
			<Sample nodeCount="73" insertCount="4506" extractCount="4473" duration="1393000"/>
			<Sample nodeCount="74" insertCount="4570" extractCount="4532" duration="1409000"/>
			<Sample nodeCount="75" insertCount="4634" extractCount="4591" duration="1457000"/>
			<Sample nodeCount="76" insertCount="4692" extractCount="4656" duration="1468000"/>
			<Sample nodeCount="77" insertCount="4753" extractCount="4718" duration="1490000"/>
			<Sample nodeCount="78" insertCount="4817" extractCount="4777" duration="1515000"/>
			<Sample nodeCount="79" insertCount="4878" extractCount="4839" duration="1539000"/>
			<Sample nodeCount="80" insertCount="4936" extractCount="4904" duration="1557000"/>
			<Sample nodeCount="81" insertCount="5003" extractCount="4960" duration="1582000"/>
			<Sample nodeCount="82" insertCount="5062" extractCount="5024" duration="1595000"/>
			<Sample nodeCount="83" insertCount="5123" extractCount="5086" duration="1643000"/>
			<Sample nodeCount="84" insertCount="5189" extractCount="5143" duration="1655000"/>
			<Sample nodeCount="85" insertCount="5251" extractCount="5204" duration="1674000"/>
			<Sample nodeCount="86" insertCount="5312" extractCount="5266" duration="1698000"/>
			<Sample nodeCount="87" insertCount="5375" extractCount="5326" duration="1702000"/>
			<Sample nodeCount="88" insertCount="5434" extractCount="5390" duration="1747000"/>
			<Sample nodeCount="89" insertCount="5496" extractCount="5451" duration="1761000"/>
			<Sample nodeCount="90" insertCount="5556" extractCount="5514" duration="1791000"/>
			<Sample nodeCount="91" insertCount="5621" extractCount="5572" duration="1804000"/>
			<Sample nodeCount="92" insertCount="5676" extractCount="5640" duration="1841000"/>
			<Sample nodeCount="93" insertCount="5739" extractCount="5700" duration="1854000"/>
			<Sample nodeCount="94" insertCount="5803" extractCount="5759" duration="1895000"/>
			<Sample nodeCount="95" insertCount="5862" extractCount="5823" duration="1914000"/>
			<Sample nodeCount="96" insertCount="5928" extractCount="5880" duration="1936000"/>
			<Sample nodeCount="97" insertCount="5987" extractCount="5944" duration="1968000"/>
			<Sample nodeCount="98" insertCount="6051" extractCount="6003" duration="1996000"/>
			<Sample nodeCount="99" insertCount="6112" extractCount="6065" duration="2017000"/>
			<Sample nodeCount="100" insertCount="6180" extractCount="6120" duration="2054000"/>
			<Sample nodeCount="101" insertCount="6237" extractCount="6186" duration="2076000"/>
			<Sample nodeCount="102" insertCount="6298" extractCount="6248" duration="2120000"/>
			<Sample nodeCount="103" insertCount="6365" extractCount="6304" duration="2112000"/>
			<Sample nodeCount="104" insertCount="6422" extractCount="6370" duration="2171000"/>
			<Sample nodeCount="105" insertCount="6484" extractCount="6431" duration="2177000"/>
			<Sample nodeCount="106" insertCount="6544" extractCount="6494" duration="2209000"/>
			<Sample nodeCount="107" insertCount="6607" extractCount="6554" duration="2229000"/>
			<Sample nodeCount="108" insertCount="6667" extractCount="6617" duration="2264000"/>
			<Sample nodeCount="109" insertCount="6727" extractCount="6680" duration="2279000"/>
			<Sample nodeCount="110" insertCount="6793" extractCount="6737" duration="2326000"/>
			<Sample nodeCount="111" insertCount="6855" extractCount="6798" duration="2344000"/>
			<Sample nodeCount="112" insertCount="6917" extractCount="6859" duration="2381000"/>
			<Sample nodeCount="113" insertCount="6977" extractCount="6922" duration="2385000"/>
			<Sample nodeCount="114" insertCount="7044" extractCount="6978" duration="2431000"/>
			<Sample nodeCount="115" insertCount="7101" extractCount="7044" duration="2461000"/>
			<Sample nodeCount="116" insertCount="7163" extractCount="7105" duration="2474000"/>
			<Sample nodeCount="117" insertCount="7228" extractCount="7163" duration="2505000"/>
			<Sample nodeCount="118" insertCount="7287" extractCount="7227" duration="2542000"/>
			<Sample nodeCount="119" insertCount="7351" extractCount="7286" duration="2569000"/>
			<Sample nodeCount="120" insertCount="7412" extractCount="7348" duration="2600000"/>
			<Sample nodeCount="121" insertCount="7474" extractCount="7409" duration="2608000"/>
			<Sample nodeCount="122" insertCount="7532" extractCount="7474" duration="2647000"/>
			<Sample nodeCount="123" insertCount="7598" extractCount="7531" duration="2648000"/>
			<Sample nodeCount="124" insertCount="7657" extractCount="7595" duration="2699000"/>
			<Sample nodeCount="125" insertCount="7715" extractCount="7660" duration="2740000"/>
			<Sample nodeCount="126" insertCount="7781" extractCount="7717" duration="2752000"/>
			<Sample nodeCount="127" insertCount="7845" extractCount="7776" duration="2783000"/>
		</SmallSetRandomOps>
		<LargeSetRandomOps>
		</LargeSetRandomOps>
		<SmallSetLinear>
			<Sample nodeCount="1" insertCount="10000" extractCount="10000" duration="125000"/>
			<Sample nodeCount="2" insertCount="10000" extractCount="10000" duration="421000"/>
			<Sample nodeCount="3" insertCount="10000" extractCount="10000" duration="885000"/>
			<Sample nodeCount="4" insertCount="10000" extractCount="10000" duration="1607000"/>
			<Sample nodeCount="5" insertCount="10000" extractCount="10000" duration="2189000"/>
			<Sample nodeCount="6" insertCount="10000" extractCount="10000" duration="2825000"/>
			<Sample nodeCount="7" insertCount="10000" extractCount="10000" duration="3981000"/>
			<Sample nodeCount="8" insertCount="10000" extractCount="10000" duration="4580000"/>
			<Sample nodeCount="9" insertCount="10000" extractCount="10000" duration="6091000"/>
			<Sample nodeCount="10" insertCount="10000" extractCount="10000" duration="7153000"/>
			<Sample nodeCount="11" insertCount="10000" extractCount="10000" duration="8990000"/>
			<Sample nodeCount="12" insertCount="10000" extractCount="10000" duration="10009000"/>
			<Sample nodeCount="13" insertCount="10000" extractCount="10000" duration="11429000"/>
			<Sample nodeCount="14" insertCount="10000" extractCount="10000" duration="12557000"/>
			<Sample nodeCount="15" insertCount="10000" extractCount="10000" duration="15717000"/>
			<Sample nodeCount="16" insertCount="10000" extractCount="10000" duration="16567000"/>
			<Sample nodeCount="17" insertCount="10000" extractCount="10000" duration="18687000"/>
			<Sample nodeCount="18" insertCount="10000" extractCount="10000" duration="19075000"/>
			<Sample nodeCount="19" insertCount="10000" extractCount="10000" duration="22140000"/>
			<Sample nodeCount="20" insertCount="10000" extractCount="10000" duration="23401000"/>
			<Sample nodeCount="21" insertCount="10000" extractCount="10000" duration="25373000"/>
			<Sample nodeCount="22" insertCount="10000" extractCount="10000" duration="26349000"/>
			<Sample nodeCount="23" insertCount="10000" extractCount="10000" duration="30465000"/>
			<Sample nodeCount="24" insertCount="10000" extractCount="10000" duration="32217000"/>
			<Sample nodeCount="25" insertCount="10000" extractCount="10000" duration="33829000"/>
			<Sample nodeCount="26" insertCount="10000" extractCount="10000" duration="34620000"/>
			<Sample nodeCount="27" insertCount="10000" extractCount="10000" duration="37153000"/>
			<Sample nodeCount="28" insertCount="10000" extractCount="10000" duration="39164000"/>
			<Sample nodeCount="29" insertCount="10000" extractCount="10000" duration="40536000"/>
			<Sample nodeCount="30" insertCount="10000" extractCount="10000" duration="42526000"/>
			<Sample nodeCount="31" insertCount="10000" extractCount="10000" duration="48246000"/>
			<Sample nodeCount="32" insertCount="10000" extractCount="10000" duration="49187000"/>
			<Sample nodeCount="33" insertCount="10000" extractCount="10000" duration="51101000"/>
			<Sample nodeCount="34" insertCount="10000" extractCount="10000" duration="52200000"/>
			<Sample nodeCount="35" insertCount="10000" extractCount="10000" duration="55568000"/>
			<Sample nodeCount="36" insertCount="10000" extractCount="10000" duration="56098000"/>
			<Sample nodeCount="37" insertCount="10000" extractCount="10000" duration="59184000"/>
			<Sample nodeCount="38" insertCount="10000" extractCount="10000" duration="59155000"/>
			<Sample nodeCount="39" insertCount="10000" extractCount="10000" duration="65763000"/>
			<Sample nodeCount="40" insertCount="10000" extractCount="10000" duration="65925000"/>
			<Sample nodeCount="41" insertCount="10000" extractCount="10000" duration="70007000"/>
			<Sample nodeCount="42" insertCount="10000" extractCount="10000" duration="70547000"/>
			<Sample nodeCount="43" insertCount="10000" extractCount="10000" duration="73835000"/>
			<Sample nodeCount="44" insertCount="10000" extractCount="10000" duration="73401000"/>
			<Sample nodeCount="45" insertCount="10000" extractCount="10000" duration="76591000"/>
			<Sample nodeCount="46" insertCount="10000" extractCount="10000" duration="77684000"/>
			<Sample nodeCount="47" insertCount="10000" extractCount="10000" duration="87362000"/>
			<Sample nodeCount="48" insertCount="10000" extractCount="10000" duration="86124000"/>
			<Sample nodeCount="49" insertCount="10000" extractCount="10000" duration="89646000"/>
			<Sample nodeCount="50" insertCount="10000" extractCount="10000" duration="89633000"/>
			<Sample nodeCount="51" insertCount="10000" extractCount="10000" duration="93664000"/>
			<Sample nodeCount="52" insertCount="10000" extractCount="10000" duration="93912000"/>
			<Sample nodeCount="53" insertCount="10000" extractCount="10000" duration="95619000"/>
			<Sample nodeCount="54" insertCount="10000" extractCount="10000" duration="96137000"/>
			<Sample nodeCount="55" insertCount="10000" extractCount="10000" duration="102719000"/>
			<Sample nodeCount="56" insertCount="10000" extractCount="10000" duration="101758000"/>
			<Sample nodeCount="57" insertCount="10000" extractCount="10000" duration="105223000"/>
			<Sample nodeCount="58" insertCount="10000" extractCount="10000" duration="103963000"/>
			<Sample nodeCount="59" insertCount="10000" extractCount="10000" duration="110658000"/>
			<Sample nodeCount="60" insertCount="10000" extractCount="10000" duration="109763000"/>
			<Sample nodeCount="61" insertCount="10000" extractCount="10000" duration="112947000"/>
			<Sample nodeCount="62" insertCount="10000" extractCount="10000" duration="112786000"/>
			<Sample nodeCount="63" insertCount="10000" extractCount="10000" duration="126454000"/>
			<Sample nodeCount="64" insertCount="10000" extractCount="10000" duration="126270000"/>
			<Sample nodeCount="65" insertCount="10000" extractCount="10000" duration="129011000"/>
			<Sample nodeCount="66" insertCount="10000" extractCount="10000" duration="128863000"/>
			<Sample nodeCount="67" insertCount="10000" extractCount="10000" duration="130387000"/>
			<Sample nodeCount="68" insertCount="10000" extractCount="10000" duration="128882000"/>
			<Sample nodeCount="69" insertCount="10000" extractCount="10000" duration="130982000"/>
			<Sample nodeCount="70" insertCount="10000" extractCount="10000" duration="131631000"/>
			<Sample nodeCount="71" insertCount="10000" extractCount="10000" duration="139536000"/>
			<Sample nodeCount="72" insertCount="10000" extractCount="10000" duration="139609000"/>
			<Sample nodeCount="73" insertCount="10000" extractCount="10000" duration="142345000"/>
			<Sample nodeCount="74" insertCount="10000" extractCount="10000" duration="141977000"/>
			<Sample nodeCount="75" insertCount="10000" extractCount="10000" duration="146399000"/>
			<Sample nodeCount="76" insertCount="10000" extractCount="10000" duration="147046000"/>
			<Sample nodeCount="77" insertCount="10000" extractCount="10000" duration="148504000"/>
			<Sample nodeCount="78" insertCount="10000" extractCount="10000" duration="146983000"/>
			<Sample nodeCount="79" insertCount="10000" extractCount="10000" duration="158473000"/>
			<Sample nodeCount="80" insertCount="10000" extractCount="10000" duration="157745000"/>
			<Sample nodeCount="81" insertCount="10000" extractCount="10000" duration="160866000"/>
			<Sample nodeCount="82" insertCount="10000" extractCount="10000" duration="161371000"/>
			<Sample nodeCount="83" insertCount="10000" extractCount="10000" duration="165405000"/>
			<Sample nodeCount="84" insertCount="10000" extractCount="10000" duration="164945000"/>
			<Sample nodeCount="85" insertCount="10000" extractCount="10000" duration="167007000"/>
			<Sample nodeCount="86" insertCount="10000" extractCount="10000" duration="168092000"/>
			<Sample nodeCount="87" insertCount="10000" extractCount="10000" duration="175930000"/>
			<Sample nodeCount="88" insertCount="10000" extractCount="10000" duration="175361000"/>
			<Sample nodeCount="89" insertCount="10000" extractCount="10000" duration="178941000"/>
			<Sample nodeCount="90" insertCount="10000" extractCount="10000" duration="178407000"/>
			<Sample nodeCount="91" insertCount="10000" extractCount="10000" duration="182861000"/>
			<Sample nodeCount="92" insertCount="10000" extractCount="10000" duration="182636000"/>
			<Sample nodeCount="93" insertCount="10000" extractCount="10000" duration="185501000"/>
			<Sample nodeCount="94" insertCount="10000" extractCount="10000" duration="185192000"/>
			<Sample nodeCount="95" insertCount="10000" extractCount="10000" duration="202450000"/>
			<Sample nodeCount="96" insertCount="10000" extractCount="10000" duration="200459000"/>
			<Sample nodeCount="97" insertCount="10000" extractCount="10000" duration="203393000"/>
			<Sample nodeCount="98" insertCount="10000" extractCount="10000" duration="203142000"/>
			<Sample nodeCount="99" insertCount="10000" extractCount="10000" duration="208105000"/>
			<Sample nodeCount="100" insertCount="10000" extractCount="10000" duration="207719000"/>
			<Sample nodeCount="101" insertCount="10000" extractCount="10000" duration="211469000"/>
			<Sample nodeCount="102" insertCount="10000" extractCount="10000" duration="211009000"/>
			<Sample nodeCount="103" insertCount="10000" extractCount="10000" duration="220579000"/>
			<Sample nodeCount="104" insertCount="10000" extractCount="10000" duration="218481000"/>
			<Sample nodeCount="105" insertCount="10000" extractCount="10000" duration="221848000"/>
			<Sample nodeCount="106" insertCount="10000" extractCount="10000" duration="221548000"/>
			<Sample nodeCount="107" insertCount="10000" extractCount="10000" duration="226332000"/>
			<Sample nodeCount="108" insertCount="10000" extractCount="10000" duration="225415000"/>
			<Sample nodeCount="109" insertCount="10000" extractCount="10000" duration="228738000"/>
			<Sample nodeCount="110" insertCount="10000" extractCount="10000" duration="228293000"/>
			<Sample nodeCount="111" insertCount="10000" extractCount="10000" duration="244740000"/>
			<Sample nodeCount="112" insertCount="10000" extractCount="10000" duration="243457000"/>
			<Sample nodeCount="113" insertCount="10000" extractCount="10000" duration="245796000"/>
			<Sample nodeCount="114" insertCount="10000" extractCount="10000" duration="245583000"/>
			<Sample nodeCount="115" insertCount="10000" extractCount="10000" duration="249798000"/>
			<Sample nodeCount="116" insertCount="10000" extractCount="10000" duration="249506000"/>
			<Sample nodeCount="117" insertCount="10000" extractCount="10000" duration="252905000"/>
			<Sample nodeCount="118" insertCount="10000" extractCount="10000" duration="252682000"/>
			<Sample nodeCount="119" insertCount="10000" extractCount="10000" duration="263024000"/>
			<Sample nodeCount="120" insertCount="10000" extractCount="10000" duration="259991000"/>
			<Sample nodeCount="121" insertCount="10000" extractCount="10000" duration="263595000"/>
			<Sample nodeCount="122" insertCount="10000" extractCount="10000" duration="263305000"/>
			<Sample nodeCount="123" insertCount="10000" extractCount="10000" duration="267865000"/>
			<Sample nodeCount="124" insertCount="10000" extractCount="10000" duration="267125000"/>
			<Sample nodeCount="125" insertCount="10000" extractCount="10000" duration="271081000"/>
			<Sample nodeCount="126" insertCount="10000" extractCount="10000" duration="270397000"/>
			<Sample nodeCount="127" insertCount="10000" extractCount="10000" duration="292312000"/>
		</SmallSetLinear>
		<LargeSetLinear>
		</LargeSetLinear>
	</RBTest>
	<RBTest implementation="Eternally Confuzzled" nodeSize="24">
		<SmallSetRandomOps>
			<Sample nodeCount="1" insertCount="62" extractCount="61" duration="4000"/>
			<Sample nodeCount="2" insertCount="123" extractCount="123" duration="8000"/>
			<Sample nodeCount="3" insertCount="186" extractCount="183" duration="13000"/>
			<Sample nodeCount="4" insertCount="247" extractCount="245" duration="19000"/>
			<Sample nodeCount="5" insertCount="309" extractCount="306" duration="28000"/>
			<Sample nodeCount="6" insertCount="371" extractCount="367" duration="34000"/>
			<Sample nodeCount="7" insertCount="432" extractCount="429" duration="41000"/>
			<Sample nodeCount="8" insertCount="493" extractCount="491" duration="49000"/>
			<Sample nodeCount="9" insertCount="556" extractCount="551" duration="56000"/>
			<Sample nodeCount="10" insertCount="618" extractCount="612" duration="65000"/>
			<Sample nodeCount="11" insertCount="679" extractCount="674" duration="75000"/>
			<Sample nodeCount="12" insertCount="741" extractCount="735" duration="81000"/>
			<Sample nodeCount="13" insertCount="804" extractCount="795" duration="92000"/>
			<Sample nodeCount="14" insertCount="865" extractCount="857" duration="100000"/>
			<Sample nodeCount="15" insertCount="926" extractCount="919" duration="111000"/>
			<Sample nodeCount="16" insertCount="989" extractCount="979" duration="118000"/>
			<Sample nodeCount="17" insertCount="1049" extractCount="1042" duration="128000"/>
			<Sample nodeCount="18" insertCount="1112" extractCount="1102" duration="139000"/>
			<Sample nodeCount="19" insertCount="1172" extractCount="1165" duration="145000"/>
			<Sample nodeCount="20" insertCount="1235" extractCount="1225" duration="155000"/>
			<Sample nodeCount="21" insertCount="1297" extractCount="1286" duration="166000"/>
			<Sample nodeCount="22" insertCount="1356" extractCount="1350" duration="175000"/>
			<Sample nodeCount="23" insertCount="1419" extractCount="1410" duration="183000"/>
			<Sample nodeCount="24" insertCount="1483" extractCount="1469" duration="194000"/>
			<Sample nodeCount="25" insertCount="1543" extractCount="1532" duration="205000"/>
			<Sample nodeCount="26" insertCount="1604" extractCount="1594" duration="215000"/>
			<Sample nodeCount="27" insertCount="1668" extractCount="1653" duration="234000"/>
			<Sample nodeCount="28" insertCount="1730" extractCount="1714" duration="236000"/>
			<Sample nodeCount="29" insertCount="1789" extractCount="1778" duration="244000"/>
			<Sample nodeCount="30" insertCount="1854" extractCount="1836" duration="259000"/>
			<Sample nodeCount="31" insertCount="1916" extractCount="1897" duration="265000"/>
			<Sample nodeCount="32" insertCount="1975" extractCount="1961" duration="276000"/>
			<Sample nodeCount="33" insertCount="2041" extractCount="2018" duration="293000"/>
			<Sample nodeCount="34" insertCount="2098" extractCount="2084" duration="301000"/>
			<Sample nodeCount="35" insertCount="2161" extractCount="2144" duration="315000"/>
			<Sample nodeCount="36" insertCount="2224" extractCount="2204" duration="330000"/>
			<Sample nodeCount="37" insertCount="2283" extractCount="2268" duration="338000"/>
			<Sample nodeCount="38" insertCount="2346" extractCount="2328" duration="348000"/>
			<Sample nodeCount="39" insertCount="2411" extractCount="2386" duration="363000"/>
			<Sample nodeCount="40" insertCount="2471" extractCount="2449" duration="380000"/>
			<Sample nodeCount="41" insertCount="2531" extractCount="2512" duration="385000"/>
			<Sample nodeCount="42" insertCount="2591" extractCount="2575" duration="398000"/>
			<Sample nodeCount="43" insertCount="2656" extractCount="2633" duration="408000"/>
			<Sample nodeCount="44" insertCount="2719" extractCount="2693" duration="419000"/>
			<Sample nodeCount="45" insertCount="2778" extractCount="2757" duration="430000"/>
			<Sample nodeCount="46" insertCount="2843" extractCount="2815" duration="442000"/>
			<Sample nodeCount="47" insertCount="2901" extractCount="2880" duration="449000"/>
			<Sample nodeCount="48" insertCount="2965" extractCount="2939" duration="466000"/>
			<Sample nodeCount="49" insertCount="3029" extractCount="2998" duration="474000"/>
			<Sample nodeCount="50" insertCount="3090" extractCount="3060" duration="492000"/>
			<Sample nodeCount="51" insertCount="3151" extractCount="3122" duration="495000"/>
			<Sample nodeCount="52" insertCount="3210" extractCount="3186" duration="507000"/>
			<Sample nodeCount="53" insertCount="3272" extractCount="3247" duration="519000"/>
			<Sample nodeCount="54" insertCount="3334" extractCount="3308" duration="533000"/>
			<Sample nodeCount="55" insertCount="3395" extractCount="3370" duration="547000"/>
			<Sample nodeCount="56" insertCount="3458" extractCount="3430" duration="559000"/>
			<Sample nodeCount="57" insertCount="3522" extractCount="3489" duration="571000"/>
			<Sample nodeCount="58" insertCount="3579" extractCount="3555" duration="580000"/>
			<Sample nodeCount="59" insertCount="3643" extractCount="3614" duration="599000"/>
			<Sample nodeCount="60" insertCount="3707" extractCount="3673" duration="605000"/>
			<Sample nodeCount="61" insertCount="3766" extractCount="3737" duration="623000"/>
			<Sample nodeCount="62" insertCount="3831" extractCount="3795" duration="632000"/>
			<Sample nodeCount="63" insertCount="3890" extractCount="3859" duration="653000"/>
			<Sample nodeCount="64" insertCount="3948" extractCount="3924" duration="673000"/>
			<Sample nodeCount="65" insertCount="4016" extractCount="3979" duration="673000"/>
			<Sample nodeCount="66" insertCount="4072" extractCount="4046" duration="690000"/>
			<Sample nodeCount="67" insertCount="4138" extractCount="4103" duration="700000"/>
			<Sample nodeCount="68" insertCount="4200" extractCount="4164" duration="718000"/>
			<Sample nodeCount="69" insertCount="4258" extractCount="4229" duration="731000"/>
			<Sample nodeCount="70" insertCount="4325" extractCount="4285" duration="743000"/>
			<Sample nodeCount="71" insertCount="4384" extractCount="4349" duration="754000"/>
			<Sample nodeCount="72" insertCount="4446" extractCount="4410" duration="769000"/>
			<Sample nodeCount="73" insertCount="4507" extractCount="4472" duration="783000"/>
			<Sample nodeCount="74" insertCount="4569" extractCount="4533" duration="794000"/>
			<Sample nodeCount="75" insertCount="4627" extractCount="4598" duration="814000"/>
			<Sample nodeCount="76" insertCount="4694" extractCount="4654" duration="825000"/>
			<Sample nodeCount="77" insertCount="4754" extractCount="4717" duration="832000"/>
			<Sample nodeCount="78" insertCount="4816" extractCount="4778" duration="845000"/>
			<Sample nodeCount="79" insertCount="4879" extractCount="4838" duration="863000"/>
			<Sample nodeCount="80" insertCount="4940" extractCount="4900" duration="872000"/>
			<Sample nodeCount="81" insertCount="5004" extractCount="4959" duration="881000"/>
			<Sample nodeCount="82" insertCount="5063" extractCount="5023" duration="897000"/>
			<Sample nodeCount="83" insertCount="5126" extractCount="5083" duration="912000"/>
			<Sample nodeCount="84" insertCount="5188" extractCount="5144" duration="937000"/>
			<Sample nodeCount="85" insertCount="5248" extractCount="5207" duration="944000"/>
			<Sample nodeCount="86" insertCount="5311" extractCount="5267" duration="954000"/>
			<Sample nodeCount="87" insertCount="5373" extractCount="5328" duration="968000"/>
			<Sample nodeCount="88" insertCount="5433" extractCount="5391" duration="983000"/>
			<Sample nodeCount="89" insertCount="5495" extractCount="5452" duration="1007000"/>
			<Sample nodeCount="90" insertCount="5558" extractCount="5512" duration="1011000"/>
			<Sample nodeCount="91" insertCount="5616" extractCount="5577" duration="1028000"/>
			<Sample nodeCount="92" insertCount="5683" extractCount="5633" duration="1045000"/>
			<Sample nodeCount="93" insertCount="5742" extractCount="5697" duration="1063000"/>
			<Sample nodeCount="94" insertCount="5805" extractCount="5757" duration="1080000"/>
			<Sample nodeCount="95" insertCount="5868" extractCount="5817" duration="1094000"/>
			<Sample nodeCount="96" insertCount="5926" extractCount="5882" duration="1121000"/>
			<Sample nodeCount="97" insertCount="5988" extractCount="5943" duration="1128000"/>
			<Sample nodeCount="98" insertCount="6053" extractCount="6001" duration="1141000"/>
			<Sample nodeCount="99" insertCount="6112" extractCount="6065" duration="1160000"/>
			<Sample nodeCount="100" insertCount="6177" extractCount="6123" duration="1175000"/>
			<Sample nodeCount="101" insertCount="6238" extractCount="6185" duration="1191000"/>
			<Sample nodeCount="102" insertCount="6297" extractCount="6249" duration="1205000"/>
			<Sample nodeCount="103" insertCount="6360" extractCount="6309" duration="1224000"/>
			<Sample nodeCount="104" insertCount="6424" extractCount="6368" duration="1231000"/>
			<Sample nodeCount="105" insertCount="6484" extractCount="6431" duration="1247000"/>
			<Sample nodeCount="106" insertCount="6545" extractCount="6493" duration="1276000"/>
			<Sample nodeCount="107" insertCount="6603" extractCount="6558" duration="1282000"/>
			<Sample nodeCount="108" insertCount="6670" extractCount="6614" duration="1297000"/>
			<Sample nodeCount="109" insertCount="6729" extractCount="6678" duration="1314000"/>
			<Sample nodeCount="110" insertCount="6794" extractCount="6736" duration="1316000"/>
			<Sample nodeCount="111" insertCount="6852" extractCount="6801" duration="1329000"/>
			<Sample nodeCount="112" insertCount="6918" extractCount="6858" duration="1356000"/>
			<Sample nodeCount="113" insertCount="6978" extractCount="6921" duration="1363000"/>
			<Sample nodeCount="114" insertCount="7041" extractCount="6981" duration="1386000"/>
			<Sample nodeCount="115" insertCount="7098" extractCount="7047" duration="1403000"/>
			<Sample nodeCount="116" insertCount="7167" extractCount="7101" duration="1410000"/>
			<Sample nodeCount="117" insertCount="7227" extractCount="7164" duration="1424000"/>
			<Sample nodeCount="118" insertCount="7286" extractCount="7228" duration="1440000"/>
			<Sample nodeCount="119" insertCount="7347" extractCount="7290" duration="1449000"/>
			<Sample nodeCount="120" insertCount="7412" extractCount="7348" duration="1462000"/>
			<Sample nodeCount="121" insertCount="7469" extractCount="7414" duration="1476000"/>
			<Sample nodeCount="122" insertCount="7534" extractCount="7472" duration="1489000"/>
			<Sample nodeCount="123" insertCount="7595" extractCount="7534" duration="1513000"/>
			<Sample nodeCount="124" insertCount="7657" extractCount="7595" duration="1517000"/>
			<Sample nodeCount="125" insertCount="7718" extractCount="7657" duration="1521000"/>
			<Sample nodeCount="126" insertCount="7781" extractCount="7717" duration="1548000"/>
			<Sample nodeCount="127" insertCount="7838" extractCount="7783" duration="1556000"/>
		</SmallSetRandomOps>
		<LargeSetRandomOps>
		</LargeSetRandomOps>
		<SmallSetLinear>
			<Sample nodeCount="1" insertCount="10000" extractCount="10000" duration="195000"/>
			<Sample nodeCount="2" insertCount="10000" extractCount="10000" duration="462000"/>
			<Sample nodeCount="3" insertCount="10000" extractCount="10000" duration="899000"/>
			<Sample nodeCount="4" insertCount="10000" extractCount="10000" duration="1399000"/>
			<Sample nodeCount="5" insertCount="10000" extractCount="10000" duration="2038000"/>
			<Sample nodeCount="6" insertCount="10000" extractCount="10000" duration="2734000"/>
			<Sample nodeCount="7" insertCount="10000" extractCount="10000" duration="3374000"/>
			<Sample nodeCount="8" insertCount="10000" extractCount="10000" duration="3990000"/>
			<Sample nodeCount="9" insertCount="10000" extractCount="10000" duration="4606000"/>
			<Sample nodeCount="10" insertCount="10000" extractCount="10000" duration="5756000"/>
			<Sample nodeCount="11" insertCount="10000" extractCount="10000" duration="6917000"/>
			<Sample nodeCount="12" insertCount="10000" extractCount="10000" duration="8273000"/>
			<Sample nodeCount="13" insertCount="10000" extractCount="10000" duration="8086000"/>
			<Sample nodeCount="14" insertCount="10000" extractCount="10000" duration="10603000"/>
			<Sample nodeCount="15" insertCount="10000" extractCount="10000" duration="12725000"/>
			<Sample nodeCount="16" insertCount="10000" extractCount="10000" duration="12606000"/>
			<Sample nodeCount="17" insertCount="10000" extractCount="10000" duration="12612000"/>
			<Sample nodeCount="18" insertCount="10000" extractCount="10000" duration="16175000"/>
			<Sample nodeCount="19" insertCount="10000" extractCount="10000" duration="16640000"/>
			<Sample nodeCount="20" insertCount="10000" extractCount="10000" duration="17562000"/>
			<Sample nodeCount="21" insertCount="10000" extractCount="10000" duration="17984000"/>
			<Sample nodeCount="22" insertCount="10000" extractCount="10000" duration="19810000"/>
			<Sample nodeCount="23" insertCount="10000" extractCount="10000" duration="22252000"/>
			<Sample nodeCount="24" insertCount="10000" extractCount="10000" duration="22444000"/>
			<Sample nodeCount="25" insertCount="10000" extractCount="10000" duration="25322000"/>
			<Sample nodeCount="26" insertCount="10000" extractCount="10000" duration="25523000"/>
			<Sample nodeCount="27" insertCount="10000" extractCount="10000" duration="27188000"/>
			<Sample nodeCount="28" insertCount="10000" extractCount="10000" duration="28243000"/>
			<Sample nodeCount="29" insertCount="10000" extractCount="10000" duration="30317000"/>
			<Sample nodeCount="30" insertCount="10000" extractCount="10000" duration="32653000"/>
			<Sample nodeCount="31" insertCount="10000" extractCount="10000" duration="34084000"/>
			<Sample nodeCount="32" insertCount="10000" extractCount="10000" duration="35579000"/>
			<Sample nodeCount="33" insertCount="10000" extractCount="10000" duration="37074000"/>
			<Sample nodeCount="34" insertCount="10000" extractCount="10000" duration="37685000"/>
			<Sample nodeCount="35" insertCount="10000" extractCount="10000" duration="39862000"/>
			<Sample nodeCount="36" insertCount="10000" extractCount="10000" duration="41182000"/>
			<Sample nodeCount="37" insertCount="10000" extractCount="10000" duration="42317000"/>
			<Sample nodeCount="38" insertCount="10000" extractCount="10000" duration="43870000"/>
			<Sample nodeCount="39" insertCount="10000" extractCount="10000" duration="46306000"/>
			<Sample nodeCount="40" insertCount="10000" extractCount="10000" duration="47800000"/>
			<Sample nodeCount="41" insertCount="10000" extractCount="10000" duration="48685000"/>
			<Sample nodeCount="42" insertCount="10000" extractCount="10000" duration="49996000"/>
			<Sample nodeCount="43" insertCount="10000" extractCount="10000" duration="51102000"/>
			<Sample nodeCount="44" insertCount="10000" extractCount="10000" duration="52657000"/>
			<Sample nodeCount="45" insertCount="10000" extractCount="10000" duration="54129000"/>
			<Sample nodeCount="46" insertCount="10000" extractCount="10000" duration="55237000"/>
			<Sample nodeCount="47" insertCount="10000" extractCount="10000" duration="58180000"/>
			<Sample nodeCount="48" insertCount="10000" extractCount="10000" duration="58623000"/>
			<Sample nodeCount="49" insertCount="10000" extractCount="10000" duration="59790000"/>
			<Sample nodeCount="50" insertCount="10000" extractCount="10000" duration="61510000"/>
			<Sample nodeCount="51" insertCount="10000" extractCount="10000" duration="63583000"/>
			<Sample nodeCount="52" insertCount="10000" extractCount="10000" duration="64873000"/>
			<Sample nodeCount="53" insertCount="10000" extractCount="10000" duration="65869000"/>
			<Sample nodeCount="54" insertCount="10000" extractCount="10000" duration="67726000"/>
			<Sample nodeCount="55" insertCount="10000" extractCount="10000" duration="69599000"/>
			<Sample nodeCount="56" insertCount="10000" extractCount="10000" duration="71129000"/>
			<Sample nodeCount="57" insertCount="10000" extractCount="10000" duration="72340000"/>
			<Sample nodeCount="58" insertCount="10000" extractCount="10000" duration="74068000"/>
			<Sample nodeCount="59" insertCount="10000" extractCount="10000" duration="75978000"/>
			<Sample nodeCount="60" insertCount="10000" extractCount="10000" duration="77089000"/>
			<Sample nodeCount="61" insertCount="10000" extractCount="10000" duration="79111000"/>
			<Sample nodeCount="62" insertCount="10000" extractCount="10000" duration="80548000"/>
			<Sample nodeCount="63" insertCount="10000" extractCount="10000" duration="82306000"/>
			<Sample nodeCount="64" insertCount="10000" extractCount="10000" duration="83728000"/>
			<Sample nodeCount="65" insertCount="10000" extractCount="10000" duration="85442000"/>
			<Sample nodeCount="66" insertCount="10000" extractCount="10000" duration="87234000"/>
			<Sample nodeCount="67" insertCount="10000" extractCount="10000" duration="88412000"/>
			<Sample nodeCount="68" insertCount="10000" extractCount="10000" duration="89801000"/>
			<Sample nodeCount="69" insertCount="10000" extractCount="10000" duration="91101000"/>
			<Sample nodeCount="70" insertCount="10000" extractCount="10000" duration="92927000"/>
			<Sample nodeCount="71" insertCount="10000" extractCount="10000" duration="95416000"/>
			<Sample nodeCount="72" insertCount="10000" extractCount="10000" duration="96931000"/>
			<Sample nodeCount="73" insertCount="10000" extractCount="10000" duration="98063000"/>
			<Sample nodeCount="74" insertCount="10000" extractCount="10000" duration="99684000"/>
			<Sample nodeCount="75" insertCount="10000" extractCount="10000" duration="101212000"/>
			<Sample nodeCount="76" insertCount="10000" extractCount="10000" duration="102422000"/>
			<Sample nodeCount="77" insertCount="10000" extractCount="10000" duration="104744000"/>
			<Sample nodeCount="78" insertCount="10000" extractCount="10000" duration="106660000"/>
			<Sample nodeCount="79" insertCount="10000" extractCount="10000" duration="108317000"/>
			<Sample nodeCount="80" insertCount="10000" extractCount="10000" duration="109699000"/>
			<Sample nodeCount="81" insertCount="10000" extractCount="10000" duration="111147000"/>
			<Sample nodeCount="82" insertCount="10000" extractCount="10000" duration="112560000"/>
			<Sample nodeCount="83" insertCount="10000" extractCount="10000" duration="114656000"/>
			<Sample nodeCount="84" insertCount="10000" extractCount="10000" duration="116362000"/>
			<Sample nodeCount="85" insertCount="10000" extractCount="10000" duration="117170000"/>
			<Sample nodeCount="86" insertCount="10000" extractCount="10000" duration="119266000"/>
			<Sample nodeCount="87" insertCount="10000" extractCount="10000" duration="121645000"/>
			<Sample nodeCount="88" insertCount="10000" extractCount="10000" duration="122784000"/>
			<Sample nodeCount="89" insertCount="10000" extractCount="10000" duration="125160000"/>
			<Sample nodeCount="90" insertCount="10000" extractCount="10000" duration="126165000"/>
			<Sample nodeCount="91" insertCount="10000" extractCount="10000" duration="127582000"/>
			<Sample nodeCount="92" insertCount="10000" extractCount="10000" duration="129643000"/>
			<Sample nodeCount="93" insertCount="10000" extractCount="10000" duration="131768000"/>
			<Sample nodeCount="94" insertCount="10000" extractCount="10000" duration="132632000"/>
			<Sample nodeCount="95" insertCount="10000" extractCount="10000" duration="135405000"/>
			<Sample nodeCount="96" insertCount="10000" extractCount="10000" duration="136658000"/>
			<Sample nodeCount="97" insertCount="10000" extractCount="10000" duration="138153000"/>
			<Sample nodeCount="98" insertCount="10000" extractCount="10000" duration="139670000"/>
			<Sample nodeCount="99" insertCount="10000" extractCount="10000" duration="140997000"/>
			<Sample nodeCount="100" insertCount="10000" extractCount="10000" duration="143834000"/>
			<Sample nodeCount="101" insertCount="10000" extractCount="10000" duration="144720000"/>
			<Sample nodeCount="102" insertCount="10000" extractCount="10000" duration="147291000"/>
			<Sample nodeCount="103" insertCount="10000" extractCount="10000" duration="148716000"/>
			<Sample nodeCount="104" insertCount="10000" extractCount="10000" duration="150201000"/>
			<Sample nodeCount="105" insertCount="10000" extractCount="10000" duration="152218000"/>
			<Sample nodeCount="106" insertCount="10000" extractCount="10000" duration="154333000"/>
			<Sample nodeCount="107" insertCount="10000" extractCount="10000" duration="155439000"/>
			<Sample nodeCount="108" insertCount="10000" extractCount="10000" duration="157636000"/>
			<Sample nodeCount="109" insertCount="10000" extractCount="10000" duration="158685000"/>
			<Sample nodeCount="110" insertCount="10000" extractCount="10000" duration="161390000"/>
			<Sample nodeCount="111" insertCount="10000" extractCount="10000" duration="161886000"/>
			<Sample nodeCount="112" insertCount="10000" extractCount="10000" duration="163868000"/>
			<Sample nodeCount="113" insertCount="10000" extractCount="10000" duration="165183000"/>
			<Sample nodeCount="114" insertCount="10000" extractCount="10000" duration="167346000"/>
			<Sample nodeCount="115" insertCount="10000" extractCount="10000" duration="169710000"/>
			<Sample nodeCount="116" insertCount="10000" extractCount="10000" duration="171588000"/>
			<Sample nodeCount="117" insertCount="10000" extractCount="10000" duration="173113000"/>
			<Sample nodeCount="118" insertCount="10000" extractCount="10000" duration="175381000"/>
			<Sample nodeCount="119" insertCount="10000" extractCount="10000" duration="175812000"/>
			<Sample nodeCount="120" insertCount="10000" extractCount="10000" duration="178785000"/>
			<Sample nodeCount="121" insertCount="10000" extractCount="10000" duration="179337000"/>
			<Sample nodeCount="122" insertCount="10000" extractCount="10000" duration="181190000"/>
			<Sample nodeCount="123" insertCount="10000" extractCount="10000" duration="184426000"/>
			<Sample nodeCount="124" insertCount="10000" extractCount="10000" duration="185418000"/>
			<Sample nodeCount="125" insertCount="10000" extractCount="10000" duration="187028000"/>
			<Sample nodeCount="126" insertCount="10000" extractCount="10000" duration="188720000"/>
			<Sample nodeCount="127" insertCount="10000" extractCount="10000" duration="190918000"/>
		</SmallSetLinear>
		<LargeSetLinear>
		</LargeSetLinear>
	</RBTest>
	<RBTest implementation="jemalloc" nodeSize="16">
		<SmallSetRandomOps>
			<Sample nodeCount="1" insertCount="62" extractCount="61" duration="6000"/>
			<Sample nodeCount="2" insertCount="123" extractCount="123" duration="9000"/>
			<Sample nodeCount="3" insertCount="185" extractCount="184" duration="15000"/>
			<Sample nodeCount="4" insertCount="247" extractCount="245" duration="21000"/>
			<Sample nodeCount="5" insertCount="308" extractCount="307" duration="27000"/>
			<Sample nodeCount="6" insertCount="371" extractCount="367" duration="32000"/>
			<Sample nodeCount="7" insertCount="433" extractCount="428" duration="43000"/>
			<Sample nodeCount="8" insertCount="493" extractCount="491" duration="50000"/>
			<Sample nodeCount="9" insertCount="557" extractCount="550" duration="59000"/>
			<Sample nodeCount="10" insertCount="617" extractCount="613" duration="67000"/>
			<Sample nodeCount="11" insertCount="680" extractCount="673" duration="75000"/>
			<Sample nodeCount="12" insertCount="741" extractCount="735" duration="85000"/>
			<Sample nodeCount="13" insertCount="802" extractCount="797" duration="91000"/>
			<Sample nodeCount="14" insertCount="866" extractCount="856" duration="100000"/>
			<Sample nodeCount="15" insertCount="926" extractCount="919" duration="109000"/>
			<Sample nodeCount="16" insertCount="989" extractCount="979" duration="118000"/>
			<Sample nodeCount="17" insertCount="1049" extractCount="1042" duration="129000"/>
			<Sample nodeCount="18" insertCount="1112" extractCount="1102" duration="136000"/>
			<Sample nodeCount="19" insertCount="1171" extractCount="1166" duration="146000"/>
			<Sample nodeCount="20" insertCount="1235" extractCount="1225" duration="158000"/>
			<Sample nodeCount="21" insertCount="1296" extractCount="1287" duration="166000"/>
			<Sample nodeCount="22" insertCount="1359" extractCount="1347" duration="174000"/>
			<Sample nodeCount="23" insertCount="1420" extractCount="1409" duration="183000"/>
			<Sample nodeCount="24" insertCount="1482" extractCount="1470" duration="194000"/>
			<Sample nodeCount="25" insertCount="1546" extractCount="1529" duration="202000"/>
			<Sample nodeCount="26" insertCount="1604" extractCount="1594" duration="210000"/>
			<Sample nodeCount="27" insertCount="1666" extractCount="1655" duration="220000"/>
			<Sample nodeCount="28" insertCount="1728" extractCount="1716" duration="229000"/>
			<Sample nodeCount="29" insertCount="1791" extractCount="1776" duration="253000"/>
			<Sample nodeCount="30" insertCount="1852" extractCount="1838" duration="250000"/>
			<Sample nodeCount="31" insertCount="1914" extractCount="1899" duration="262000"/>
			<Sample nodeCount="32" insertCount="1976" extractCount="1960" duration="269000"/>
			<Sample nodeCount="33" insertCount="2039" extractCount="2020" duration="279000"/>
			<Sample nodeCount="34" insertCount="2099" extractCount="2083" duration="288000"/>
			<Sample nodeCount="35" insertCount="2163" extractCount="2142" duration="300000"/>
			<Sample nodeCount="36" insertCount="2224" extractCount="2204" duration="309000"/>
			<Sample nodeCount="37" insertCount="2285" extractCount="2266" duration="318000"/>
			<Sample nodeCount="38" insertCount="2346" extractCount="2328" duration="330000"/>
			<Sample nodeCount="39" insertCount="2409" extractCount="2388" duration="338000"/>
			<Sample nodeCount="40" insertCount="2470" extractCount="2450" duration="351000"/>
			<Sample nodeCount="41" insertCount="2532" extractCount="2511" duration="359000"/>
			<Sample nodeCount="42" insertCount="2589" extractCount="2577" duration="375000"/>
			<Sample nodeCount="43" insertCount="2655" extractCount="2634" duration="380000"/>
			<Sample nodeCount="44" insertCount="2714" extractCount="2698" duration="390000"/>
			<Sample nodeCount="45" insertCount="2781" extractCount="2754" duration="398000"/>
			<Sample nodeCount="46" insertCount="2842" extractCount="2816" duration="408000"/>
			<Sample nodeCount="47" insertCount="2903" extractCount="2878" duration="420000"/>
			<Sample nodeCount="48" insertCount="2962" extractCount="2942" duration="432000"/>
			<Sample nodeCount="49" insertCount="3022" extractCount="3005" duration="439000"/>
			<Sample nodeCount="50" insertCount="3090" extractCount="3060" duration="450000"/>
			<Sample nodeCount="51" insertCount="3150" extractCount="3123" duration="469000"/>
			<Sample nodeCount="52" insertCount="3209" extractCount="3187" duration="467000"/>
			<Sample nodeCount="53" insertCount="3275" extractCount="3244" duration="481000"/>
			<Sample nodeCount="54" insertCount="3334" extractCount="3308" duration="489000"/>
			<Sample nodeCount="55" insertCount="3397" extractCount="3368" duration="506000"/>
			<Sample nodeCount="56" insertCount="3456" extractCount="3432" duration="512000"/>
			<Sample nodeCount="57" insertCount="3517" extractCount="3494" duration="523000"/>
			<Sample nodeCount="58" insertCount="3584" extractCount="3550" duration="533000"/>
			<Sample nodeCount="59" insertCount="3645" extractCount="3612" duration="549000"/>
			<Sample nodeCount="60" insertCount="3706" extractCount="3674" duration="551000"/>
			<Sample nodeCount="61" insertCount="3770" extractCount="3733" duration="565000"/>
			<Sample nodeCount="62" insertCount="3826" extractCount="3800" duration="573000"/>
			<Sample nodeCount="63" insertCount="3891" extractCount="3858" duration="588000"/>
			<Sample nodeCount="64" insertCount="3953" extractCount="3919" duration="596000"/>
			<Sample nodeCount="65" insertCount="4013" extractCount="3982" duration="606000"/>
			<Sample nodeCount="66" insertCount="4075" extractCount="4043" duration="621000"/>
			<Sample nodeCount="67" insertCount="4141" extractCount="4100" duration="627000"/>
			<Sample nodeCount="68" insertCount="4198" extractCount="4166" duration="637000"/>
			<Sample nodeCount="69" insertCount="4258" extractCount="4229" duration="646000"/>
			<Sample nodeCount="70" insertCount="4325" extractCount="4285" duration="655000"/>
			<Sample nodeCount="71" insertCount="4383" extractCount="4350" duration="668000"/>
			<Sample nodeCount="72" insertCount="4447" extractCount="4409" duration="683000"/>
			<Sample nodeCount="73" insertCount="4506" extractCount="4473" duration="693000"/>
			<Sample nodeCount="74" insertCount="4570" extractCount="4532" duration="703000"/>
			<Sample nodeCount="75" insertCount="4634" extractCount="4591" duration="712000"/>
			<Sample nodeCount="76" insertCount="4692" extractCount="4656" duration="725000"/>
			<Sample nodeCount="77" insertCount="4753" extractCount="4718" duration="736000"/>
			<Sample nodeCount="78" insertCount="4817" extractCount="4777" duration="755000"/>
			<Sample nodeCount="79" insertCount="4878" extractCount="4839" duration="768000"/>
			<Sample nodeCount="80" insertCount="4936" extractCount="4904" duration="772000"/>
			<Sample nodeCount="81" insertCount="5003" extractCount="4960" duration="779000"/>
			<Sample nodeCount="82" insertCount="5062" extractCount="5024" duration="787000"/>
			<Sample nodeCount="83" insertCount="5123" extractCount="5086" duration="808000"/>
			<Sample nodeCount="84" insertCount="5189" extractCount="5143" duration="819000"/>
			<Sample nodeCount="85" insertCount="5251" extractCount="5204" duration="823000"/>
			<Sample nodeCount="86" insertCount="5312" extractCount="5266" duration="840000"/>
			<Sample nodeCount="87" insertCount="5375" extractCount="5326" duration="844000"/>
			<Sample nodeCount="88" insertCount="5434" extractCount="5390" duration="865000"/>
			<Sample nodeCount="89" insertCount="5496" extractCount="5451" duration="867000"/>
			<Sample nodeCount="90" insertCount="5556" extractCount="5514" duration="880000"/>
			<Sample nodeCount="91" insertCount="5621" extractCount="5572" duration="890000"/>
			<Sample nodeCount="92" insertCount="5676" extractCount="5640" duration="906000"/>
			<Sample nodeCount="93" insertCount="5739" extractCount="5700" duration="914000"/>
			<Sample nodeCount="94" insertCount="5803" extractCount="5759" duration="926000"/>
			<Sample nodeCount="95" insertCount="5862" extractCount="5823" duration="937000"/>
			<Sample nodeCount="96" insertCount="5928" extractCount="5880" duration="943000"/>
			<Sample nodeCount="97" insertCount="5987" extractCount="5944" duration="964000"/>
			<Sample nodeCount="98" insertCount="6051" extractCount="6003" duration="968000"/>
			<Sample nodeCount="99" insertCount="6112" extractCount="6065" duration="982000"/>
			<Sample nodeCount="100" insertCount="6180" extractCount="6120" duration="991000"/>
			<Sample nodeCount="101" insertCount="6237" extractCount="6186" duration="1014000"/>
			<Sample nodeCount="102" insertCount="6298" extractCount="6248" duration="1012000"/>
			<Sample nodeCount="103" insertCount="6365" extractCount="6304" duration="1027000"/>
			<Sample nodeCount="104" insertCount="6422" extractCount="6370" duration="1051000"/>
			<Sample nodeCount="105" insertCount="6484" extractCount="6431" duration="1045000"/>
			<Sample nodeCount="106" insertCount="6544" extractCount="6494" duration="1059000"/>
			<Sample nodeCount="107" insertCount="6607" extractCount="6554" duration="1072000"/>
			<Sample nodeCount="108" insertCount="6667" extractCount="6617" duration="1083000"/>
			<Sample nodeCount="109" insertCount="6727" extractCount="6680" duration="1091000"/>
			<Sample nodeCount="110" insertCount="6793" extractCount="6737" duration="1105000"/>
			<Sample nodeCount="111" insertCount="6855" extractCount="6798" duration="1115000"/>
			<Sample nodeCount="112" insertCount="6917" extractCount="6859" duration="1132000"/>
			<Sample nodeCount="113" insertCount="6977" extractCount="6922" duration="1135000"/>
			<Sample nodeCount="114" insertCount="7044" extractCount="6978" duration="1152000"/>
			<Sample nodeCount="115" insertCount="7101" extractCount="7044" duration="1163000"/>
			<Sample nodeCount="116" insertCount="7163" extractCount="7105" duration="1176000"/>
			<Sample nodeCount="117" insertCount="7228" extractCount="7163" duration="1180000"/>
			<Sample nodeCount="118" insertCount="7287" extractCount="7227" duration="1192000"/>
			<Sample nodeCount="119" insertCount="7351" extractCount="7286" duration="1212000"/>
			<Sample nodeCount="120" insertCount="7412" extractCount="7348" duration="1217000"/>
			<Sample nodeCount="121" insertCount="7474" extractCount="7409" duration="1226000"/>
			<Sample nodeCount="122" insertCount="7532" extractCount="7474" duration="1242000"/>
			<Sample nodeCount="123" insertCount="7598" extractCount="7531" duration="1250000"/>
			<Sample nodeCount="124" insertCount="7657" extractCount="7595" duration="1262000"/>
			<Sample nodeCount="125" insertCount="7715" extractCount="7660" duration="1290000"/>
			<Sample nodeCount="126" insertCount="7781" extractCount="7717" duration="1291000"/>
			<Sample nodeCount="127" insertCount="7845" extractCount="7776" duration="1304000"/>
		</SmallSetRandomOps>
		<LargeSetRandomOps>
		</LargeSetRandomOps>
		<SmallSetLinear>
			<Sample nodeCount="1" insertCount="10000" extractCount="10000" duration="164000"/>
			<Sample nodeCount="2" insertCount="10000" extractCount="10000" duration="471000"/>
			<Sample nodeCount="3" insertCount="10000" extractCount="10000" duration="774000"/>
			<Sample nodeCount="4" insertCount="10000" extractCount="10000" duration="1194000"/>
			<Sample nodeCount="5" insertCount="10000" extractCount="10000" duration="1689000"/>
			<Sample nodeCount="6" insertCount="10000" extractCount="10000" duration="1966000"/>
			<Sample nodeCount="7" insertCount="10000" extractCount="10000" duration="2537000"/>
			<Sample nodeCount="8" insertCount="10000" extractCount="10000" duration="2909000"/>
			<Sample nodeCount="9" insertCount="10000" extractCount="10000" duration="3576000"/>
			<Sample nodeCount="10" insertCount="10000" extractCount="10000" duration="3952000"/>
			<Sample nodeCount="11" insertCount="10000" extractCount="10000" duration="4806000"/>
			<Sample nodeCount="12" insertCount="10000" extractCount="10000" duration="5091000"/>
			<Sample nodeCount="13" insertCount="10000" extractCount="10000" duration="5890000"/>
			<Sample nodeCount="14" insertCount="10000" extractCount="10000" duration="6426000"/>
			<Sample nodeCount="15" insertCount="10000" extractCount="10000" duration="7974000"/>
			<Sample nodeCount="16" insertCount="10000" extractCount="10000" duration="8325000"/>
			<Sample nodeCount="17" insertCount="10000" extractCount="10000" duration="9193000"/>
			<Sample nodeCount="18" insertCount="10000" extractCount="10000" duration="9911000"/>
			<Sample nodeCount="19" insertCount="10000" extractCount="10000" duration="10466000"/>
			<Sample nodeCount="20" insertCount="10000" extractCount="10000" duration="11208000"/>
			<Sample nodeCount="21" insertCount="10000" extractCount="10000" duration="12055000"/>
			<Sample nodeCount="22" insertCount="10000" extractCount="10000" duration="12381000"/>
			<Sample nodeCount="23" insertCount="10000" extractCount="10000" duration="14042000"/>
			<Sample nodeCount="24" insertCount="10000" extractCount="10000" duration="14371000"/>
			<Sample nodeCount="25" insertCount="10000" extractCount="10000" duration="15178000"/>
			<Sample nodeCount="26" insertCount="10000" extractCount="10000" duration="15682000"/>
			<Sample nodeCount="27" insertCount="10000" extractCount="10000" duration="16472000"/>
			<Sample nodeCount="28" insertCount="10000" extractCount="10000" duration="16942000"/>
			<Sample nodeCount="29" insertCount="10000" extractCount="10000" duration="17261000"/>
			<Sample nodeCount="30" insertCount="10000" extractCount="10000" duration="17905000"/>
			<Sample nodeCount="31" insertCount="10000" extractCount="10000" duration="19376000"/>
			<Sample nodeCount="32" insertCount="10000" extractCount="10000" duration="20343000"/>
			<Sample nodeCount="33" insertCount="10000" extractCount="10000" duration="22156000"/>
			<Sample nodeCount="34" insertCount="10000" extractCount="10000" duration="22751000"/>
			<Sample nodeCount="35" insertCount="10000" extractCount="10000" duration="23187000"/>
			<Sample nodeCount="36" insertCount="10000" extractCount="10000" duration="23693000"/>
			<Sample nodeCount="37" insertCount="10000" extractCount="10000" duration="23221000"/>
			<Sample nodeCount="38" insertCount="10000" extractCount="10000" duration="24227000"/>
			<Sample nodeCount="39" insertCount="10000" extractCount="10000" duration="25363000"/>
			<Sample nodeCount="40" insertCount="10000" extractCount="10000" duration="25257000"/>
			<Sample nodeCount="41" insertCount="10000" extractCount="10000" duration="26750000"/>
			<Sample nodeCount="42" insertCount="10000" extractCount="10000" duration="28393000"/>
			<Sample nodeCount="43" insertCount="10000" extractCount="10000" duration="28221000"/>
			<Sample nodeCount="44" insertCount="10000" extractCount="10000" duration="29064000"/>
			<Sample nodeCount="45" insertCount="10000" extractCount="10000" duration="30259000"/>
			<Sample nodeCount="46" insertCount="10000" extractCount="10000" duration="31434000"/>
			<Sample nodeCount="47" insertCount="10000" extractCount="10000" duration="33515000"/>
			<Sample nodeCount="48" insertCount="10000" extractCount="10000" duration="33808000"/>
			<Sample nodeCount="49" insertCount="10000" extractCount="10000" duration="34389000"/>
			<Sample nodeCount="50" insertCount="10000" extractCount="10000" duration="35168000"/>
			<Sample nodeCount="51" insertCount="10000" extractCount="10000" duration="36002000"/>
			<Sample nodeCount="52" insertCount="10000" extractCount="10000" duration="36264000"/>
			<Sample nodeCount="53" insertCount="10000" extractCount="10000" duration="36986000"/>
			<Sample nodeCount="54" insertCount="10000" extractCount="10000" duration="36840000"/>
			<Sample nodeCount="55" insertCount="10000" extractCount="10000" duration="38957000"/>
			<Sample nodeCount="56" insertCount="10000" extractCount="10000" duration="39386000"/>
			<Sample nodeCount="57" insertCount="10000" extractCount="10000" duration="40088000"/>
			<Sample nodeCount="58" insertCount="10000" extractCount="10000" duration="40854000"/>
			<Sample nodeCount="59" insertCount="10000" extractCount="10000" duration="41224000"/>
			<Sample nodeCount="60" insertCount="10000" extractCount="10000" duration="41175000"/>
			<Sample nodeCount="61" insertCount="10000" extractCount="10000" duration="42276000"/>
			<Sample nodeCount="62" insertCount="10000" extractCount="10000" duration="42978000"/>
			<Sample nodeCount="63" insertCount="10000" extractCount="10000" duration="44567000"/>
			<Sample nodeCount="64" insertCount="10000" extractCount="10000" duration="44567000"/>
			<Sample nodeCount="65" insertCount="10000" extractCount="10000" duration="46633000"/>
			<Sample nodeCount="66" insertCount="10000" extractCount="10000" duration="47735000"/>
			<Sample nodeCount="67" insertCount="10000" extractCount="10000" duration="49303000"/>
			<Sample nodeCount="68" insertCount="10000" extractCount="10000" duration="48776000"/>
			<Sample nodeCount="69" insertCount="10000" extractCount="10000" duration="49112000"/>
			<Sample nodeCount="70" insertCount="10000" extractCount="10000" duration="50385000"/>
			<Sample nodeCount="71" insertCount="10000" extractCount="10000" duration="51776000"/>
			<Sample nodeCount="72" insertCount="10000" extractCount="10000" duration="52087000"/>
			<Sample nodeCount="73" insertCount="10000" extractCount="10000" duration="52057000"/>
			<Sample nodeCount="74" insertCount="10000" extractCount="10000" duration="53478000"/>
			<Sample nodeCount="75" insertCount="10000" extractCount="10000" duration="54919000"/>
			<Sample nodeCount="76" insertCount="10000" extractCount="10000" duration="55462000"/>
			<Sample nodeCount="77" insertCount="10000" extractCount="10000" duration="55368000"/>
			<Sample nodeCount="78" insertCount="10000" extractCount="10000" duration="56323000"/>
			<Sample nodeCount="79" insertCount="10000" extractCount="10000" duration="58996000"/>
			<Sample nodeCount="80" insertCount="10000" extractCount="10000" duration="59297000"/>
			<Sample nodeCount="81" insertCount="10000" extractCount="10000" duration="60713000"/>
			<Sample nodeCount="82" insertCount="10000" extractCount="10000" duration="60438000"/>
			<Sample nodeCount="83" insertCount="10000" extractCount="10000" duration="61574000"/>
			<Sample nodeCount="84" insertCount="10000" extractCount="10000" duration="60297000"/>
			<Sample nodeCount="85" insertCount="10000" extractCount="10000" duration="62704000"/>
			<Sample nodeCount="86" insertCount="10000" extractCount="10000" duration="63549000"/>
			<Sample nodeCount="87" insertCount="10000" extractCount="10000" duration="64393000"/>
			<Sample nodeCount="88" insertCount="10000" extractCount="10000" duration="64117000"/>
			<Sample nodeCount="89" insertCount="10000" extractCount="10000" duration="65574000"/>
			<Sample nodeCount="90" insertCount="10000" extractCount="10000" duration="66279000"/>
			<Sample nodeCount="91" insertCount="10000" extractCount="10000" duration="65442000"/>
			<Sample nodeCount="92" insertCount="10000" extractCount="10000" duration="67433000"/>
			<Sample nodeCount="93" insertCount="10000" extractCount="10000" duration="68979000"/>
			<Sample nodeCount="94" insertCount="10000" extractCount="10000" duration="69499000"/>
			<Sample nodeCount="95" insertCount="10000" extractCount="10000" duration="71600000"/>
			<Sample nodeCount="96" insertCount="10000" extractCount="10000" duration="71722000"/>
			<Sample nodeCount="97" insertCount="10000" extractCount="10000" duration="73131000"/>
			<Sample nodeCount="98" insertCount="10000" extractCount="10000" duration="73395000"/>
			<Sample nodeCount="99" insertCount="10000" extractCount="10000" duration="73494000"/>
			<Sample nodeCount="100" insertCount="10000" extractCount="10000" duration="75109000"/>
			<Sample nodeCount="101" insertCount="10000" extractCount="10000" duration="76319000"/>
			<Sample nodeCount="102" insertCount="10000" extractCount="10000" duration="77186000"/>
			<Sample nodeCount="103" insertCount="10000" extractCount="10000" duration="77817000"/>
			<Sample nodeCount="104" insertCount="10000" extractCount="10000" duration="77253000"/>
			<Sample nodeCount="105" insertCount="10000" extractCount="10000" duration="79294000"/>
			<Sample nodeCount="106" insertCount="10000" extractCount="10000" duration="81190000"/>
			<Sample nodeCount="107" insertCount="10000" extractCount="10000" duration="81257000"/>
			<Sample nodeCount="108" insertCount="10000" extractCount="10000" duration="81137000"/>
			<Sample nodeCount="109" insertCount="10000" extractCount="10000" duration="83269000"/>
			<Sample nodeCount="110" insertCount="10000" extractCount="10000" duration="83469000"/>
			<Sample nodeCount="111" insertCount="10000" extractCount="10000" duration="85805000"/>
			<Sample nodeCount="112" insertCount="10000" extractCount="10000" duration="85968000"/>
			<Sample nodeCount="113" insertCount="10000" extractCount="10000" duration="84616000"/>
			<Sample nodeCount="114" insertCount="10000" extractCount="10000" duration="85279000"/>
			<Sample nodeCount="115" insertCount="10000" extractCount="10000" duration="86996000"/>
			<Sample nodeCount="116" insertCount="10000" extractCount="10000" duration="88734000"/>
			<Sample nodeCount="117" insertCount="10000" extractCount="10000" duration="89877000"/>
			<Sample nodeCount="118" insertCount="10000" extractCount="10000" duration="90463000"/>
			<Sample nodeCount="119" insertCount="10000" extractCount="10000" duration="91415000"/>
			<Sample nodeCount="120" insertCount="10000" extractCount="10000" duration="92080000"/>
			<Sample nodeCount="121" insertCount="10000" extractCount="10000" duration="92206000"/>
			<Sample nodeCount="122" insertCount="10000" extractCount="10000" duration="92519000"/>
			<Sample nodeCount="123" insertCount="10000" extractCount="10000" duration="95160000"/>
			<Sample nodeCount="124" insertCount="10000" extractCount="10000" duration="93723000"/>
			<Sample nodeCount="125" insertCount="10000" extractCount="10000" duration="95732000"/>
			<Sample nodeCount="126" insertCount="10000" extractCount="10000" duration="95442000"/>
			<Sample nodeCount="127" insertCount="10000" extractCount="10000" duration="100053000"/>
		</SmallSetLinear>
		<LargeSetLinear>
		</LargeSetLinear>
	</RBTest>
	<RBTest implementation="bheap" nodeSize="24">
		<SmallSetRandomOps>
			<Sample nodeCount="1" insertCount="62" extractCount="61" duration="3000"/>
			<Sample nodeCount="2" insertCount="123" extractCount="123" duration="7000"/>
			<Sample nodeCount="3" insertCount="185" extractCount="184" duration="10000"/>
			<Sample nodeCount="4" insertCount="247" extractCount="245" duration="14000"/>
			<Sample nodeCount="5" insertCount="308" extractCount="307" duration="18000"/>
			<Sample nodeCount="6" insertCount="371" extractCount="367" duration="24000"/>
			<Sample nodeCount="7" insertCount="433" extractCount="428" duration="29000"/>
			<Sample nodeCount="8" insertCount="493" extractCount="491" duration="34000"/>
			<Sample nodeCount="9" insertCount="557" extractCount="550" duration="39000"/>
			<Sample nodeCount="10" insertCount="617" extractCount="613" duration="44000"/>
			<Sample nodeCount="11" insertCount="680" extractCount="673" duration="48000"/>
			<Sample nodeCount="12" insertCount="741" extractCount="735" duration="55000"/>
			<Sample nodeCount="13" insertCount="802" extractCount="797" duration="60000"/>
			<Sample nodeCount="14" insertCount="866" extractCount="856" duration="65000"/>
			<Sample nodeCount="15" insertCount="926" extractCount="919" duration="71000"/>
			<Sample nodeCount="16" insertCount="989" extractCount="979" duration="77000"/>
			<Sample nodeCount="17" insertCount="1049" extractCount="1042" duration="81000"/>
			<Sample nodeCount="18" insertCount="1112" extractCount="1102" duration="87000"/>
			<Sample nodeCount="19" insertCount="1171" extractCount="1166" duration="91000"/>
			<Sample nodeCount="20" insertCount="1235" extractCount="1225" duration="96000"/>
			<Sample nodeCount="21" insertCount="1296" extractCount="1287" duration="101000"/>
			<Sample nodeCount="22" insertCount="1359" extractCount="1347" duration="108000"/>
			<Sample nodeCount="23" insertCount="1420" extractCount="1409" duration="112000"/>
			<Sample nodeCount="24" insertCount="1482" extractCount="1470" duration="116000"/>
			<Sample nodeCount="25" insertCount="1546" extractCount="1529" duration="122000"/>
			<Sample nodeCount="26" insertCount="1604" extractCount="1594" duration="128000"/>
			<Sample nodeCount="27" insertCount="1666" extractCount="1655" duration="134000"/>
			<Sample nodeCount="28" insertCount="1728" extractCount="1716" duration="141000"/>
			<Sample nodeCount="29" insertCount="1791" extractCount="1776" duration="146000"/>
			<Sample nodeCount="30" insertCount="1852" extractCount="1838" duration="154000"/>
			<Sample nodeCount="31" insertCount="1914" extractCount="1899" duration="158000"/>
			<Sample nodeCount="32" insertCount="1976" extractCount="1960" duration="164000"/>
			<Sample nodeCount="33" insertCount="2039" extractCount="2020" duration="168000"/>
			<Sample nodeCount="34" insertCount="2099" extractCount="2083" duration="172000"/>
			<Sample nodeCount="35" insertCount="2163" extractCount="2142" duration="180000"/>
			<Sample nodeCount="36" insertCount="2224" extractCount="2204" duration="185000"/>
			<Sample nodeCount="37" insertCount="2285" extractCount="2266" duration="188000"/>
			<Sample nodeCount="38" insertCount="2346" extractCount="2328" duration="194000"/>
			<Sample nodeCount="39" insertCount="2409" extractCount="2388" duration="199000"/>
			<Sample nodeCount="40" insertCount="2470" extractCount="2450" duration="215000"/>
			<Sample nodeCount="41" insertCount="2532" extractCount="2511" duration="209000"/>
			<Sample nodeCount="42" insertCount="2589" extractCount="2577" duration="214000"/>
			<Sample nodeCount="43" insertCount="2655" extractCount="2634" duration="221000"/>
			<Sample nodeCount="44" insertCount="2714" extractCount="2698" duration="227000"/>
			<Sample nodeCount="45" insertCount="2781" extractCount="2754" duration="231000"/>
			<Sample nodeCount="46" insertCount="2842" extractCount="2816" duration="236000"/>
			<Sample nodeCount="47" insertCount="2903" extractCount="2878" duration="241000"/>
			<Sample nodeCount="48" insertCount="2962" extractCount="2942" duration="248000"/>
			<Sample nodeCount="49" insertCount="3022" extractCount="3005" duration="253000"/>
			<Sample nodeCount="50" insertCount="3090" extractCount="3060" duration="260000"/>
			<Sample nodeCount="51" insertCount="3150" extractCount="3123" duration="266000"/>
			<Sample nodeCount="52" insertCount="3209" extractCount="3187" duration="268000"/>
			<Sample nodeCount="53" insertCount="3275" extractCount="3244" duration="276000"/>
			<Sample nodeCount="54" insertCount="3334" extractCount="3308" duration="285000"/>
			<Sample nodeCount="55" insertCount="3397" extractCount="3368" duration="290000"/>
			<Sample nodeCount="56" insertCount="3456" extractCount="3432" duration="302000"/>
			<Sample nodeCount="57" insertCount="3517" extractCount="3494" duration="302000"/>
			<Sample nodeCount="58" insertCount="3584" extractCount="3550" duration="308000"/>
			<Sample nodeCount="59" insertCount="3645" extractCount="3612" duration="315000"/>
			<Sample nodeCount="60" insertCount="3706" extractCount="3674" duration="320000"/>
			<Sample nodeCount="61" insertCount="3770" extractCount="3733" duration="327000"/>
			<Sample nodeCount="62" insertCount="3826" extractCount="3800" duration="329000"/>
			<Sample nodeCount="63" insertCount="3891" extractCount="3858" duration="338000"/>
			<Sample nodeCount="64" insertCount="3953" extractCount="3919" duration="344000"/>
			<Sample nodeCount="65" insertCount="4013" extractCount="3982" duration="350000"/>
			<Sample nodeCount="66" insertCount="4075" extractCount="4043" duration="356000"/>
			<Sample nodeCount="67" insertCount="4141" extractCount="4100" duration="361000"/>
			<Sample nodeCount="68" insertCount="4198" extractCount="4166" duration="371000"/>
			<Sample nodeCount="69" insertCount="4258" extractCount="4229" duration="372000"/>
			<Sample nodeCount="70" insertCount="4325" extractCount="4285" duration="380000"/>
			<Sample nodeCount="71" insertCount="4383" extractCount="4350" duration="380000"/>
			<Sample nodeCount="72" insertCount="4447" extractCount="4409" duration="390000"/>
			<Sample nodeCount="73" insertCount="4506" extractCount="4473" duration="393000"/>
			<Sample nodeCount="74" insertCount="4570" extractCount="4532" duration="400000"/>
			<Sample nodeCount="75" insertCount="4634" extractCount="4591" duration="406000"/>
			<Sample nodeCount="76" insertCount="4692" extractCount="4656" duration="413000"/>
			<Sample nodeCount="77" insertCount="4753" extractCount="4718" duration="418000"/>
			<Sample nodeCount="78" insertCount="4817" extractCount="4777" duration="431000"/>
			<Sample nodeCount="79" insertCount="4878" extractCount="4839" duration="428000"/>
			<Sample nodeCount="80" insertCount="4936" extractCount="4904" duration="434000"/>
			<Sample nodeCount="81" insertCount="5003" extractCount="4960" duration="437000"/>
			<Sample nodeCount="82" insertCount="5062" extractCount="5024" duration="444000"/>
			<Sample nodeCount="83" insertCount="5123" extractCount="5086" duration="452000"/>
			<Sample nodeCount="84" insertCount="5189" extractCount="5143" duration="457000"/>
			<Sample nodeCount="85" insertCount="5251" extractCount="5204" duration="461000"/>
			<Sample nodeCount="86" insertCount="5312" extractCount="5266" duration="469000"/>
			<Sample nodeCount="87" insertCount="5375" extractCount="5326" duration="480000"/>
			<Sample nodeCount="88" insertCount="5434" extractCount="5390" duration="481000"/>
			<Sample nodeCount="89" insertCount="5496" extractCount="5451" duration="486000"/>
			<Sample nodeCount="90" insertCount="5556" extractCount="5514" duration="492000"/>
			<Sample nodeCount="91" insertCount="5621" extractCount="5572" duration="498000"/>
			<Sample nodeCount="92" insertCount="5676" extractCount="5640" duration="506000"/>
			<Sample nodeCount="93" insertCount="5739" extractCount="5700" duration="509000"/>
			<Sample nodeCount="94" insertCount="5803" extractCount="5759" duration="514000"/>
			<Sample nodeCount="95" insertCount="5862" extractCount="5823" duration="524000"/>
			<Sample nodeCount="96" insertCount="5928" extractCount="5880" duration="525000"/>
			<Sample nodeCount="97" insertCount="5987" extractCount="5944" duration="530000"/>
			<Sample nodeCount="98" insertCount="6051" extractCount="6003" duration="536000"/>
			<Sample nodeCount="99" insertCount="6112" extractCount="6065" duration="542000"/>
			<Sample nodeCount="100" insertCount="6180" extractCount="6120" duration="547000"/>
			<Sample nodeCount="101" insertCount="6237" extractCount="6186" duration="555000"/>
			<Sample nodeCount="102" insertCount="6298" extractCount="6248" duration="564000"/>
			<Sample nodeCount="103" insertCount="6365" extractCount="6304" duration="562000"/>
			<Sample nodeCount="104" insertCount="6422" extractCount="6370" duration="573000"/>
			<Sample nodeCount="105" insertCount="6484" extractCount="6431" duration="576000"/>
			<Sample nodeCount="106" insertCount="6544" extractCount="6494" duration="579000"/>
			<Sample nodeCount="107" insertCount="6607" extractCount="6554" duration="586000"/>
			<Sample nodeCount="108" insertCount="6667" extractCount="6617" duration="589000"/>
			<Sample nodeCount="109" insertCount="6727" extractCount="6680" duration="605000"/>
			<Sample nodeCount="110" insertCount="6793" extractCount="6737" duration="604000"/>
			<Sample nodeCount="111" insertCount="6855" extractCount="6798" duration="607000"/>
			<Sample nodeCount="112" insertCount="6917" extractCount="6859" duration="617000"/>
			<Sample nodeCount="113" insertCount="6977" extractCount="6922" duration="621000"/>
			<Sample nodeCount="114" insertCount="7044" extractCount="6978" duration="632000"/>
			<Sample nodeCount="115" insertCount="7101" extractCount="7044" duration="641000"/>
			<Sample nodeCount="116" insertCount="7163" extractCount="7105" duration="639000"/>
			<Sample nodeCount="117" insertCount="7228" extractCount="7163" duration="649000"/>
			<Sample nodeCount="118" insertCount="7287" extractCount="7227" duration="652000"/>
			<Sample nodeCount="119" insertCount="7351" extractCount="7286" duration="658000"/>
			<Sample nodeCount="120" insertCount="7412" extractCount="7348" duration="669000"/>
			<Sample nodeCount="121" insertCount="7474" extractCount="7409" duration="674000"/>
			<Sample nodeCount="122" insertCount="7532" extractCount="7474" duration="688000"/>
			<Sample nodeCount="123" insertCount="7598" extractCount="7531" duration="683000"/>
			<Sample nodeCount="124" insertCount="7657" extractCount="7595" duration="695000"/>
			<Sample nodeCount="125" insertCount="7715" extractCount="7660" duration="702000"/>
			<Sample nodeCount="126" insertCount="7781" extractCount="7717" duration="710000"/>
			<Sample nodeCount="127" insertCount="7845" extractCount="7776" duration="721000"/>
		</SmallSetRandomOps>
		<LargeSetRandomOps>
		</LargeSetRandomOps>
		<SmallSetLinear>
			<Sample nodeCount="1" insertCount="10000" extractCount="10000" duration="47000"/>
			<Sample nodeCount="2" insertCount="10000" extractCount="10000" duration="144000"/>
			<Sample nodeCount="3" insertCount="10000" extractCount="10000" duration="231000"/>
			<Sample nodeCount="4" insertCount="10000" extractCount="10000" duration="559000"/>
			<Sample nodeCount="5" insertCount="10000" extractCount="10000" duration="762000"/>
			<Sample nodeCount="6" insertCount="10000" extractCount="10000" duration="1064000"/>
			<Sample nodeCount="7" insertCount="10000" extractCount="10000" duration="1040000"/>
			<Sample nodeCount="8" insertCount="10000" extractCount="10000" duration="1592000"/>
			<Sample nodeCount="9" insertCount="10000" extractCount="10000" duration="1831000"/>
			<Sample nodeCount="10" insertCount="10000" extractCount="10000" duration="1976000"/>
			<Sample nodeCount="11" insertCount="10000" extractCount="10000" duration="2259000"/>
			<Sample nodeCount="12" insertCount="10000" extractCount="10000" duration="2802000"/>
			<Sample nodeCount="13" insertCount="10000" extractCount="10000" duration="3356000"/>
			<Sample nodeCount="14" insertCount="10000" extractCount="10000" duration="3745000"/>
			<Sample nodeCount="15" insertCount="10000" extractCount="10000" duration="3793000"/>
			<Sample nodeCount="16" insertCount="10000" extractCount="10000" duration="4142000"/>
			<Sample nodeCount="17" insertCount="10000" extractCount="10000" duration="4532000"/>
			<Sample nodeCount="18" insertCount="10000" extractCount="10000" duration="5154000"/>
			<Sample nodeCount="19" insertCount="10000" extractCount="10000" duration="5903000"/>
			<Sample nodeCount="20" insertCount="10000" extractCount="10000" duration="6495000"/>
			<Sample nodeCount="21" insertCount="10000" extractCount="10000" duration="6963000"/>
			<Sample nodeCount="22" insertCount="10000" extractCount="10000" duration="7231000"/>
			<Sample nodeCount="23" insertCount="10000" extractCount="10000" duration="7724000"/>
			<Sample nodeCount="24" insertCount="10000" extractCount="10000" duration="8436000"/>
			<Sample nodeCount="25" insertCount="10000" extractCount="10000" duration="8677000"/>
			<Sample nodeCount="26" insertCount="10000" extractCount="10000" duration="8785000"/>
			<Sample nodeCount="27" insertCount="10000" extractCount="10000" duration="9338000"/>
			<Sample nodeCount="28" insertCount="10000" extractCount="10000" duration="10159000"/>
			<Sample nodeCount="29" insertCount="10000" extractCount="10000" duration="10204000"/>
			<Sample nodeCount="30" insertCount="10000" extractCount="10000" duration="11032000"/>
			<Sample nodeCount="31" insertCount="10000" extractCount="10000" duration="11546000"/>
			<Sample nodeCount="32" insertCount="10000" extractCount="10000" duration="11742000"/>
			<Sample nodeCount="33" insertCount="10000" extractCount="10000" duration="12715000"/>
			<Sample nodeCount="34" insertCount="10000" extractCount="10000" duration="13751000"/>
			<Sample nodeCount="35" insertCount="10000" extractCount="10000" duration="13765000"/>
			<Sample nodeCount="36" insertCount="10000" extractCount="10000" duration="14680000"/>
			<Sample nodeCount="37" insertCount="10000" extractCount="10000" duration="15331000"/>
			<Sample nodeCount="38" insertCount="10000" extractCount="10000" duration="15782000"/>
			<Sample nodeCount="39" insertCount="10000" extractCount="10000" duration="15909000"/>
			<Sample nodeCount="40" insertCount="10000" extractCount="10000" duration="16798000"/>
			<Sample nodeCount="41" insertCount="10000" extractCount="10000" duration="17269000"/>
			<Sample nodeCount="42" insertCount="10000" extractCount="10000" duration="18029000"/>
			<Sample nodeCount="43" insertCount="10000" extractCount="10000" duration="18696000"/>
			<Sample nodeCount="44" insertCount="10000" extractCount="10000" duration="19139000"/>
			<Sample nodeCount="45" insertCount="10000" extractCount="10000" duration="19407000"/>
			<Sample nodeCount="46" insertCount="10000" extractCount="10000" duration="20072000"/>
			<Sample nodeCount="47" insertCount="10000" extractCount="10000" duration="20687000"/>
			<Sample nodeCount="48" insertCount="10000" extractCount="10000" duration="21321000"/>
			<Sample nodeCount="49" insertCount="10000" extractCount="10000" duration="22149000"/>
			<Sample nodeCount="50" insertCount="10000" extractCount="10000" duration="22803000"/>
			<Sample nodeCount="51" insertCount="10000" extractCount="10000" duration="23078000"/>
			<Sample nodeCount="52" insertCount="10000" extractCount="10000" duration="23608000"/>
			<Sample nodeCount="53" insertCount="10000" extractCount="10000" duration="24514000"/>
			<Sample nodeCount="54" insertCount="10000" extractCount="10000" duration="25597000"/>
			<Sample nodeCount="55" insertCount="10000" extractCount="10000" duration="25360000"/>
			<Sample nodeCount="56" insertCount="10000" extractCount="10000" duration="26157000"/>
			<Sample nodeCount="57" insertCount="10000" extractCount="10000" duration="26366000"/>
			<Sample nodeCount="58" insertCount="10000" extractCount="10000" duration="27189000"/>
			<Sample nodeCount="59" insertCount="10000" extractCount="10000" duration="27893000"/>
			<Sample nodeCount="60" insertCount="10000" extractCount="10000" duration="28613000"/>
			<Sample nodeCount="61" insertCount="10000" extractCount="10000" duration="28655000"/>
			<Sample nodeCount="62" insertCount="10000" extractCount="10000" duration="29373000"/>
			<Sample nodeCount="63" insertCount="10000" extractCount="10000" duration="30456000"/>
			<Sample nodeCount="64" insertCount="10000" extractCount="10000" duration="30128000"/>
			<Sample nodeCount="65" insertCount="10000" extractCount="10000" duration="31342000"/>
			<Sample nodeCount="66" insertCount="10000" extractCount="10000" duration="32193000"/>
			<Sample nodeCount="67" insertCount="10000" extractCount="10000" duration="32466000"/>
			<Sample nodeCount="68" insertCount="10000" extractCount="10000" duration="33892000"/>
			<Sample nodeCount="69" insertCount="10000" extractCount="10000" duration="34226000"/>
			<Sample nodeCount="70" insertCount="10000" extractCount="10000" duration="34612000"/>
			<Sample nodeCount="71" insertCount="10000" extractCount="10000" duration="36244000"/>
			<Sample nodeCount="72" insertCount="10000" extractCount="10000" duration="35794000"/>
			<Sample nodeCount="73" insertCount="10000" extractCount="10000" duration="36745000"/>
			<Sample nodeCount="74" insertCount="10000" extractCount="10000" duration="37137000"/>
			<Sample nodeCount="75" insertCount="10000" extractCount="10000" duration="37982000"/>
			<Sample nodeCount="76" insertCount="10000" extractCount="10000" duration="38915000"/>
			<Sample nodeCount="77" insertCount="10000" extractCount="10000" duration="39951000"/>
			<Sample nodeCount="78" insertCount="10000" extractCount="10000" duration="40286000"/>
			<Sample nodeCount="79" insertCount="10000" extractCount="10000" duration="40014000"/>
			<Sample nodeCount="80" insertCount="10000" extractCount="10000" duration="41498000"/>
			<Sample nodeCount="81" insertCount="10000" extractCount="10000" duration="41674000"/>
			<Sample nodeCount="82" insertCount="10000" extractCount="10000" duration="41902000"/>
			<Sample nodeCount="83" insertCount="10000" extractCount="10000" duration="43017000"/>
			<Sample nodeCount="84" insertCount="10000" extractCount="10000" duration="43320000"/>
			<Sample nodeCount="85" insertCount="10000" extractCount="10000" duration="43951000"/>
			<Sample nodeCount="86" insertCount="10000" extractCount="10000" duration="45144000"/>
			<Sample nodeCount="87" insertCount="10000" extractCount="10000" duration="46065000"/>
			<Sample nodeCount="88" insertCount="10000" extractCount="10000" duration="46277000"/>
			<Sample nodeCount="89" insertCount="10000" extractCount="10000" duration="47976000"/>
			<Sample nodeCount="90" insertCount="10000" extractCount="10000" duration="47243000"/>
			<Sample nodeCount="91" insertCount="10000" extractCount="10000" duration="48328000"/>
			<Sample nodeCount="92" insertCount="10000" extractCount="10000" duration="49289000"/>
			<Sample nodeCount="93" insertCount="10000" extractCount="10000" duration="50408000"/>
			<Sample nodeCount="94" insertCount="10000" extractCount="10000" duration="50468000"/>
			<Sample nodeCount="95" insertCount="10000" extractCount="10000" duration="50974000"/>
			<Sample nodeCount="96" insertCount="10000" extractCount="10000" duration="51868000"/>
			<Sample nodeCount="97" insertCount="10000" extractCount="10000" duration="53141000"/>
			<Sample nodeCount="98" insertCount="10000" extractCount="10000" duration="53996000"/>
			<Sample nodeCount="99" insertCount="10000" extractCount="10000" duration="53708000"/>
			<Sample nodeCount="100" insertCount="10000" extractCount="10000" duration="54796000"/>
			<Sample nodeCount="101" insertCount="10000" extractCount="10000" duration="55889000"/>
			<Sample nodeCount="102" insertCount="10000" extractCount="10000" duration="56453000"/>
			<Sample nodeCount="103" insertCount="10000" extractCount="10000" duration="56928000"/>
			<Sample nodeCount="104" insertCount="10000" extractCount="10000" duration="58189000"/>
			<Sample nodeCount="105" insertCount="10000" extractCount="10000" duration="59055000"/>
			<Sample nodeCount="106" insertCount="10000" extractCount="10000" duration="59757000"/>
			<Sample nodeCount="107" insertCount="10000" extractCount="10000" duration="59978000"/>
			<Sample nodeCount="108" insertCount="10000" extractCount="10000" duration="61213000"/>
			<Sample nodeCount="109" insertCount="10000" extractCount="10000" duration="60550000"/>
			<Sample nodeCount="110" insertCount="10000" extractCount="10000" duration="62249000"/>
			<Sample nodeCount="111" insertCount="10000" extractCount="10000" duration="63211000"/>
			<Sample nodeCount="112" insertCount="10000" extractCount="10000" duration="63493000"/>
			<Sample nodeCount="113" insertCount="10000" extractCount="10000" duration="64837000"/>
			<Sample nodeCount="114" insertCount="10000" extractCount="10000" duration="64670000"/>
			<Sample nodeCount="115" insertCount="10000" extractCount="10000" duration="65167000"/>
			<Sample nodeCount="116" insertCount="10000" extractCount="10000" duration="65581000"/>
			<Sample nodeCount="117" insertCount="10000" extractCount="10000" duration="66407000"/>
			<Sample nodeCount="118" insertCount="10000" extractCount="10000" duration="67691000"/>
			<Sample nodeCount="119" insertCount="10000" extractCount="10000" duration="68165000"/>
			<Sample nodeCount="120" insertCount="10000" extractCount="10000" duration="68180000"/>
			<Sample nodeCount="121" insertCount="10000" extractCount="10000" duration="69254000"/>
			<Sample nodeCount="122" insertCount="10000" extractCount="10000" duration="70669000"/>
			<Sample nodeCount="123" insertCount="10000" extractCount="10000" duration="70093000"/>
			<Sample nodeCount="124" insertCount="10000" extractCount="10000" duration="71376000"/>
			<Sample nodeCount="125" insertCount="10000" extractCount="10000" duration="71516000"/>
			<Sample nodeCount="126" insertCount="10000" extractCount="10000" duration="72691000"/>
			<Sample nodeCount="127" insertCount="10000" extractCount="10000" duration="72217000"/>
		</SmallSetLinear>
		<LargeSetLinear>
		</LargeSetLinear>
	</RBTest>
	<RBTest implementation="FreeBSD" nodeSize="24">
		<SmallSetRandomOps>
			<Sample nodeCount="1" insertCount="62" extractCount="61" duration="2000"/>
			<Sample nodeCount="2" insertCount="123" extractCount="123" duration="7000"/>
			<Sample nodeCount="3" insertCount="185" extractCount="184" duration="12000"/>
			<Sample nodeCount="4" insertCount="247" extractCount="245" duration="17000"/>
			<Sample nodeCount="5" insertCount="308" extractCount="307" duration="23000"/>
			<Sample nodeCount="6" insertCount="371" extractCount="367" duration="30000"/>
			<Sample nodeCount="7" insertCount="433" extractCount="428" duration="39000"/>
			<Sample nodeCount="8" insertCount="493" extractCount="491" duration="46000"/>
			<Sample nodeCount="9" insertCount="557" extractCount="550" duration="52000"/>
			<Sample nodeCount="10" insertCount="617" extractCount="613" duration="59000"/>
			<Sample nodeCount="11" insertCount="680" extractCount="673" duration="68000"/>
			<Sample nodeCount="12" insertCount="741" extractCount="735" duration="74000"/>
			<Sample nodeCount="13" insertCount="802" extractCount="797" duration="82000"/>
			<Sample nodeCount="14" insertCount="866" extractCount="856" duration="89000"/>
			<Sample nodeCount="15" insertCount="926" extractCount="919" duration="95000"/>
			<Sample nodeCount="16" insertCount="989" extractCount="979" duration="102000"/>
			<Sample nodeCount="17" insertCount="1049" extractCount="1042" duration="111000"/>
			<Sample nodeCount="18" insertCount="1112" extractCount="1102" duration="119000"/>
			<Sample nodeCount="19" insertCount="1171" extractCount="1166" duration="126000"/>
			<Sample nodeCount="20" insertCount="1235" extractCount="1225" duration="133000"/>
			<Sample nodeCount="21" insertCount="1296" extractCount="1287" duration="141000"/>
			<Sample nodeCount="22" insertCount="1359" extractCount="1347" duration="149000"/>
			<Sample nodeCount="23" insertCount="1420" extractCount="1409" duration="157000"/>
			<Sample nodeCount="24" insertCount="1482" extractCount="1470" duration="163000"/>
			<Sample nodeCount="25" insertCount="1546" extractCount="1529" duration="170000"/>
			<Sample nodeCount="26" insertCount="1604" extractCount="1594" duration="177000"/>
			<Sample nodeCount="27" insertCount="1666" extractCount="1655" duration="184000"/>
			<Sample nodeCount="28" insertCount="1728" extractCount="1716" duration="193000"/>
			<Sample nodeCount="29" insertCount="1791" extractCount="1776" duration="200000"/>
			<Sample nodeCount="30" insertCount="1852" extractCount="1838" duration="207000"/>
			<Sample nodeCount="31" insertCount="1914" extractCount="1899" duration="228000"/>
			<Sample nodeCount="32" insertCount="1976" extractCount="1960" duration="223000"/>
			<Sample nodeCount="33" insertCount="2039" extractCount="2020" duration="231000"/>
			<Sample nodeCount="34" insertCount="2099" extractCount="2083" duration="238000"/>
			<Sample nodeCount="35" insertCount="2163" extractCount="2142" duration="247000"/>
			<Sample nodeCount="36" insertCount="2224" extractCount="2204" duration="257000"/>
			<Sample nodeCount="37" insertCount="2285" extractCount="2266" duration="261000"/>
			<Sample nodeCount="38" insertCount="2346" extractCount="2328" duration="271000"/>
			<Sample nodeCount="39" insertCount="2409" extractCount="2388" duration="276000"/>
			<Sample nodeCount="40" insertCount="2470" extractCount="2450" duration="286000"/>
			<Sample nodeCount="41" insertCount="2532" extractCount="2511" duration="293000"/>
			<Sample nodeCount="42" insertCount="2589" extractCount="2577" duration="300000"/>
			<Sample nodeCount="43" insertCount="2655" extractCount="2634" duration="310000"/>
			<Sample nodeCount="44" insertCount="2714" extractCount="2698" duration="317000"/>
			<Sample nodeCount="45" insertCount="2781" extractCount="2754" duration="332000"/>
			<Sample nodeCount="46" insertCount="2842" extractCount="2816" duration="331000"/>
			<Sample nodeCount="47" insertCount="2903" extractCount="2878" duration="342000"/>
			<Sample nodeCount="48" insertCount="2962" extractCount="2942" duration="354000"/>
			<Sample nodeCount="49" insertCount="3022" extractCount="3005" duration="355000"/>
			<Sample nodeCount="50" insertCount="3090" extractCount="3060" duration="362000"/>
			<Sample nodeCount="51" insertCount="3150" extractCount="3123" duration="371000"/>
			<Sample nodeCount="52" insertCount="3209" extractCount="3187" duration="380000"/>
			<Sample nodeCount="53" insertCount="3275" extractCount="3244" duration="387000"/>
			<Sample nodeCount="54" insertCount="3334" extractCount="3308" duration="394000"/>
			<Sample nodeCount="55" insertCount="3397" extractCount="3368" duration="402000"/>
			<Sample nodeCount="56" insertCount="3456" extractCount="3432" duration="417000"/>
			<Sample nodeCount="57" insertCount="3517" extractCount="3494" duration="419000"/>
			<Sample nodeCount="58" insertCount="3584" extractCount="3550" duration="426000"/>
			<Sample nodeCount="59" insertCount="3645" extractCount="3612" duration="436000"/>
			<Sample nodeCount="60" insertCount="3706" extractCount="3674" duration="442000"/>
			<Sample nodeCount="61" insertCount="3770" extractCount="3733" duration="450000"/>
			<Sample nodeCount="62" insertCount="3826" extractCount="3800" duration="461000"/>
			<Sample nodeCount="63" insertCount="3891" extractCount="3858" duration="469000"/>
			<Sample nodeCount="64" insertCount="3953" extractCount="3919" duration="476000"/>
			<Sample nodeCount="65" insertCount="4013" extractCount="3982" duration="489000"/>
			<Sample nodeCount="66" insertCount="4075" extractCount="4043" duration="494000"/>
			<Sample nodeCount="67" insertCount="4141" extractCount="4100" duration="498000"/>
			<Sample nodeCount="68" insertCount="4198" extractCount="4166" duration="507000"/>
			<Sample nodeCount="69" insertCount="4258" extractCount="4229" duration="516000"/>
			<Sample nodeCount="70" insertCount="4325" extractCount="4285" duration="521000"/>
			<Sample nodeCount="71" insertCount="4383" extractCount="4350" duration="532000"/>
			<Sample nodeCount="72" insertCount="4447" extractCount="4409" duration="540000"/>
			<Sample nodeCount="73" insertCount="4506" extractCount="4473" duration="556000"/>
			<Sample nodeCount="74" insertCount="4570" extractCount="4532" duration="556000"/>
			<Sample nodeCount="75" insertCount="4634" extractCount="4591" duration="565000"/>
			<Sample nodeCount="76" insertCount="4692" extractCount="4656" duration="575000"/>
			<Sample nodeCount="77" insertCount="4753" extractCount="4718" duration="580000"/>
			<Sample nodeCount="78" insertCount="4817" extractCount="4777" duration="591000"/>
			<Sample nodeCount="79" insertCount="4878" extractCount="4839" duration="594000"/>
			<Sample nodeCount="80" insertCount="4936" extractCount="4904" duration="610000"/>
			<Sample nodeCount="81" insertCount="5003" extractCount="4960" duration="610000"/>
			<Sample nodeCount="82" insertCount="5062" extractCount="5024" duration="619000"/>
			<Sample nodeCount="83" insertCount="5123" extractCount="5086" duration="629000"/>
			<Sample nodeCount="84" insertCount="5189" extractCount="5143" duration="639000"/>
			<Sample nodeCount="85" insertCount="5251" extractCount="5204" duration="647000"/>
			<Sample nodeCount="86" insertCount="5312" extractCount="5266" duration="657000"/>
			<Sample nodeCount="87" insertCount="5375" extractCount="5326" duration="661000"/>
			<Sample nodeCount="88" insertCount="5434" extractCount="5390" duration="669000"/>
			<Sample nodeCount="89" insertCount="5496" extractCount="5451" duration="678000"/>
			<Sample nodeCount="90" insertCount="5556" extractCount="5514" duration="690000"/>
			<Sample nodeCount="91" insertCount="5621" extractCount="5572" duration="695000"/>
			<Sample nodeCount="92" insertCount="5676" extractCount="5640" duration="708000"/>
			<Sample nodeCount="93" insertCount="5739" extractCount="5700" duration="709000"/>
			<Sample nodeCount="94" insertCount="5803" extractCount="5759" duration="721000"/>
			<Sample nodeCount="95" insertCount="5862" extractCount="5823" duration="730000"/>
			<Sample nodeCount="96" insertCount="5928" extractCount="5880" duration="737000"/>
			<Sample nodeCount="97" insertCount="5987" extractCount="5944" duration="748000"/>
			<Sample nodeCount="98" insertCount="6051" extractCount="6003" duration="757000"/>
			<Sample nodeCount="99" insertCount="6112" extractCount="6065" duration="759000"/>
			<Sample nodeCount="100" insertCount="6180" extractCount="6120" duration="771000"/>
			<Sample nodeCount="101" insertCount="6237" extractCount="6186" duration="780000"/>
			<Sample nodeCount="102" insertCount="6298" extractCount="6248" duration="788000"/>
			<Sample nodeCount="103" insertCount="6365" extractCount="6304" duration="802000"/>
			<Sample nodeCount="104" insertCount="6422" extractCount="6370" duration="800000"/>
			<Sample nodeCount="105" insertCount="6484" extractCount="6431" duration="810000"/>
			<Sample nodeCount="106" insertCount="6544" extractCount="6494" duration="820000"/>
			<Sample nodeCount="107" insertCount="6607" extractCount="6554" duration="836000"/>
			<Sample nodeCount="108" insertCount="6667" extractCount="6617" duration="835000"/>
			<Sample nodeCount="109" insertCount="6727" extractCount="6680" duration="841000"/>
			<Sample nodeCount="110" insertCount="6793" extractCount="6737" duration="856000"/>
			<Sample nodeCount="111" insertCount="6855" extractCount="6798" duration="860000"/>
			<Sample nodeCount="112" insertCount="6917" extractCount="6859" duration="876000"/>
			<Sample nodeCount="113" insertCount="6977" extractCount="6922" duration="875000"/>
			<Sample nodeCount="114" insertCount="7044" extractCount="6978" duration="889000"/>
			<Sample nodeCount="115" insertCount="7101" extractCount="7044" duration="895000"/>
			<Sample nodeCount="116" insertCount="7163" extractCount="7105" duration="904000"/>
			<Sample nodeCount="117" insertCount="7228" extractCount="7163" duration="916000"/>
			<Sample nodeCount="118" insertCount="7287" extractCount="7227" duration="923000"/>
			<Sample nodeCount="119" insertCount="7351" extractCount="7286" duration="931000"/>
			<Sample nodeCount="120" insertCount="7412" extractCount="7348" duration="936000"/>
			<Sample nodeCount="121" insertCount="7474" extractCount="7409" duration="948000"/>
			<Sample nodeCount="122" insertCount="7532" extractCount="7474" duration="955000"/>
			<Sample nodeCount="123" insertCount="7598" extractCount="7531" duration="961000"/>
			<Sample nodeCount="124" insertCount="7657" extractCount="7595" duration="968000"/>
			<Sample nodeCount="125" insertCount="7715" extractCount="7660" duration="987000"/>
			<Sample nodeCount="126" insertCount="7781" extractCount="7717" duration="989000"/>
			<Sample nodeCount="127" insertCount="7845" extractCount="7776" duration="994000"/>
		</SmallSetRandomOps>
		<LargeSetRandomOps>
		</LargeSetRandomOps>
		<SmallSetLinear>
			<Sample nodeCount="1" insertCount="10000" extractCount="10000" duration="75000"/>
			<Sample nodeCount="2" insertCount="10000" extractCount="10000" duration="204000"/>
			<Sample nodeCount="3" insertCount="10000" extractCount="10000" duration="416000"/>
			<Sample nodeCount="4" insertCount="10000" extractCount="10000" duration="671000"/>
			<Sample nodeCount="5" insertCount="10000" extractCount="10000" duration="907000"/>
			<Sample nodeCount="6" insertCount="10000" extractCount="10000" duration="1207000"/>
			<Sample nodeCount="7" insertCount="10000" extractCount="10000" duration="1428000"/>
			<Sample nodeCount="8" insertCount="10000" extractCount="10000" duration="1762000"/>
			<Sample nodeCount="9" insertCount="10000" extractCount="10000" duration="2044000"/>
			<Sample nodeCount="10" insertCount="10000" extractCount="10000" duration="2552000"/>
			<Sample nodeCount="11" insertCount="10000" extractCount="10000" duration="2912000"/>
			<Sample nodeCount="12" insertCount="10000" extractCount="10000" duration="3310000"/>
			<Sample nodeCount="13" insertCount="10000" extractCount="10000" duration="3582000"/>
			<Sample nodeCount="14" insertCount="10000" extractCount="10000" duration="4006000"/>
			<Sample nodeCount="15" insertCount="10000" extractCount="10000" duration="4295000"/>
			<Sample nodeCount="16" insertCount="10000" extractCount="10000" duration="4912000"/>
			<Sample nodeCount="17" insertCount="10000" extractCount="10000" duration="5120000"/>
			<Sample nodeCount="18" insertCount="10000" extractCount="10000" duration="5946000"/>
			<Sample nodeCount="19" insertCount="10000" extractCount="10000" duration="6114000"/>
			<Sample nodeCount="20" insertCount="10000" extractCount="10000" duration="7100000"/>
			<Sample nodeCount="21" insertCount="10000" extractCount="10000" duration="7375000"/>
			<Sample nodeCount="22" insertCount="10000" extractCount="10000" duration="7963000"/>
			<Sample nodeCount="23" insertCount="10000" extractCount="10000" duration="8451000"/>
			<Sample nodeCount="24" insertCount="10000" extractCount="10000" duration="9457000"/>
			<Sample nodeCount="25" insertCount="10000" extractCount="10000" duration="9618000"/>
			<Sample nodeCount="26" insertCount="10000" extractCount="10000" duration="10093000"/>
			<Sample nodeCount="27" insertCount="10000" extractCount="10000" duration="10343000"/>
			<Sample nodeCount="28" insertCount="10000" extractCount="10000" duration="10950000"/>
			<Sample nodeCount="29" insertCount="10000" extractCount="10000" duration="11178000"/>
			<Sample nodeCount="30" insertCount="10000" extractCount="10000" duration="11510000"/>
			<Sample nodeCount="31" insertCount="10000" extractCount="10000" duration="11958000"/>
			<Sample nodeCount="32" insertCount="10000" extractCount="10000" duration="12969000"/>
			<Sample nodeCount="33" insertCount="10000" extractCount="10000" duration="13050000"/>
			<Sample nodeCount="34" insertCount="10000" extractCount="10000" duration="13503000"/>
			<Sample nodeCount="35" insertCount="10000" extractCount="10000" duration="14396000"/>
			<Sample nodeCount="36" insertCount="10000" extractCount="10000" duration="14761000"/>
			<Sample nodeCount="37" insertCount="10000" extractCount="10000" duration="15250000"/>
			<Sample nodeCount="38" insertCount="10000" extractCount="10000" duration="15635000"/>
			<Sample nodeCount="39" insertCount="10000" extractCount="10000" duration="15897000"/>
			<Sample nodeCount="40" insertCount="10000" extractCount="10000" duration="17073000"/>
			<Sample nodeCount="41" insertCount="10000" extractCount="10000" duration="17280000"/>
			<Sample nodeCount="42" insertCount="10000" extractCount="10000" duration="17458000"/>
			<Sample nodeCount="43" insertCount="10000" extractCount="10000" duration="17821000"/>
			<Sample nodeCount="44" insertCount="10000" extractCount="10000" duration="18530000"/>
			<Sample nodeCount="45" insertCount="10000" extractCount="10000" duration="18843000"/>
			<Sample nodeCount="46" insertCount="10000" extractCount="10000" duration="19173000"/>
			<Sample nodeCount="47" insertCount="10000" extractCount="10000" duration="20065000"/>
			<Sample nodeCount="48" insertCount="10000" extractCount="10000" duration="20703000"/>
			<Sample nodeCount="49" insertCount="10000" extractCount="10000" duration="20915000"/>
			<Sample nodeCount="50" insertCount="10000" extractCount="10000" duration="21321000"/>
			<Sample nodeCount="51" insertCount="10000" extractCount="10000" duration="21791000"/>
			<Sample nodeCount="52" insertCount="10000" extractCount="10000" duration="21863000"/>
			<Sample nodeCount="53" insertCount="10000" extractCount="10000" duration="21708000"/>
			<Sample nodeCount="54" insertCount="10000" extractCount="10000" duration="22548000"/>
			<Sample nodeCount="55" insertCount="10000" extractCount="10000" duration="23037000"/>
			<Sample nodeCount="56" insertCount="10000" extractCount="10000" duration="23652000"/>
			<Sample nodeCount="57" insertCount="10000" extractCount="10000" duration="24136000"/>
			<Sample nodeCount="58" insertCount="10000" extractCount="10000" duration="24266000"/>
			<Sample nodeCount="59" insertCount="10000" extractCount="10000" duration="24682000"/>
			<Sample nodeCount="60" insertCount="10000" extractCount="10000" duration="25152000"/>
			<Sample nodeCount="61" insertCount="10000" extractCount="10000" duration="25694000"/>
			<Sample nodeCount="62" insertCount="10000" extractCount="10000" duration="26066000"/>
			<Sample nodeCount="63" insertCount="10000" extractCount="10000" duration="26301000"/>
			<Sample nodeCount="64" insertCount="10000" extractCount="10000" duration="27329000"/>
			<Sample nodeCount="65" insertCount="10000" extractCount="10000" duration="27645000"/>
			<Sample nodeCount="66" insertCount="10000" extractCount="10000" duration="28402000"/>
			<Sample nodeCount="67" insertCount="10000" extractCount="10000" duration="29294000"/>
			<Sample nodeCount="68" insertCount="10000" extractCount="10000" duration="29349000"/>
			<Sample nodeCount="69" insertCount="10000" extractCount="10000" duration="29918000"/>
			<Sample nodeCount="70" insertCount="10000" extractCount="10000" duration="30579000"/>
			<Sample nodeCount="71" insertCount="10000" extractCount="10000" duration="30726000"/>
			<Sample nodeCount="72" insertCount="10000" extractCount="10000" duration="31658000"/>
			<Sample nodeCount="73" insertCount="10000" extractCount="10000" duration="32392000"/>
			<Sample nodeCount="74" insertCount="10000" extractCount="10000" duration="32385000"/>
			<Sample nodeCount="75" insertCount="10000" extractCount="10000" duration="32679000"/>
			<Sample nodeCount="76" insertCount="10000" extractCount="10000" duration="33925000"/>
			<Sample nodeCount="77" insertCount="10000" extractCount="10000" duration="33928000"/>
			<Sample nodeCount="78" insertCount="10000" extractCount="10000" duration="34318000"/>
			<Sample nodeCount="79" insertCount="10000" extractCount="10000" duration="34576000"/>
			<Sample nodeCount="80" insertCount="10000" extractCount="10000" duration="35345000"/>
			<Sample nodeCount="81" insertCount="10000" extractCount="10000" duration="35777000"/>
			<Sample nodeCount="82" insertCount="10000" extractCount="10000" duration="36449000"/>
			<Sample nodeCount="83" insertCount="10000" extractCount="10000" duration="36932000"/>
			<Sample nodeCount="84" insertCount="10000" extractCount="10000" duration="37675000"/>
			<Sample nodeCount="85" insertCount="10000" extractCount="10000" duration="38254000"/>
			<Sample nodeCount="86" insertCount="10000" extractCount="10000" duration="37719000"/>
			<Sample nodeCount="87" insertCount="10000" extractCount="10000" duration="38316000"/>
			<Sample nodeCount="88" insertCount="10000" extractCount="10000" duration="39400000"/>
			<Sample nodeCount="89" insertCount="10000" extractCount="10000" duration="39938000"/>
			<Sample nodeCount="90" insertCount="10000" extractCount="10000" duration="39300000"/>
			<Sample nodeCount="91" insertCount="10000" extractCount="10000" duration="39750000"/>
			<Sample nodeCount="92" insertCount="10000" extractCount="10000" duration="40576000"/>
			<Sample nodeCount="93" insertCount="10000" extractCount="10000" duration="41713000"/>
			<Sample nodeCount="94" insertCount="10000" extractCount="10000" duration="41330000"/>
			<Sample nodeCount="95" insertCount="10000" extractCount="10000" duration="41672000"/>
			<Sample nodeCount="96" insertCount="10000" extractCount="10000" duration="42551000"/>
			<Sample nodeCount="97" insertCount="10000" extractCount="10000" duration="43182000"/>
			<Sample nodeCount="98" insertCount="10000" extractCount="10000" duration="43584000"/>
			<Sample nodeCount="99" insertCount="10000" extractCount="10000" duration="44335000"/>
			<Sample nodeCount="100" insertCount="10000" extractCount="10000" duration="45281000"/>
			<Sample nodeCount="101" insertCount="10000" extractCount="10000" duration="45179000"/>
			<Sample nodeCount="102" insertCount="10000" extractCount="10000" duration="46313000"/>
			<Sample nodeCount="103" insertCount="10000" extractCount="10000" duration="46320000"/>
			<Sample nodeCount="104" insertCount="10000" extractCount="10000" duration="45816000"/>
			<Sample nodeCount="105" insertCount="10000" extractCount="10000" duration="46700000"/>
			<Sample nodeCount="106" insertCount="10000" extractCount="10000" duration="46404000"/>
			<Sample nodeCount="107" insertCount="10000" extractCount="10000" duration="46166000"/>
			<Sample nodeCount="108" insertCount="10000" extractCount="10000" duration="46960000"/>
			<Sample nodeCount="109" insertCount="10000" extractCount="10000" duration="47500000"/>
			<Sample nodeCount="110" insertCount="10000" extractCount="10000" duration="48031000"/>
			<Sample nodeCount="111" insertCount="10000" extractCount="10000" duration="48475000"/>
			<Sample nodeCount="112" insertCount="10000" extractCount="10000" duration="50409000"/>
			<Sample nodeCount="113" insertCount="10000" extractCount="10000" duration="50638000"/>
			<Sample nodeCount="114" insertCount="10000" extractCount="10000" duration="52424000"/>
			<Sample nodeCount="115" insertCount="10000" extractCount="10000" duration="51860000"/>
			<Sample nodeCount="116" insertCount="10000" extractCount="10000" duration="51864000"/>
			<Sample nodeCount="117" insertCount="10000" extractCount="10000" duration="52134000"/>
			<Sample nodeCount="118" insertCount="10000" extractCount="10000" duration="52498000"/>
			<Sample nodeCount="119" insertCount="10000" extractCount="10000" duration="52926000"/>
			<Sample nodeCount="120" insertCount="10000" extractCount="10000" duration="54022000"/>
			<Sample nodeCount="121" insertCount="10000" extractCount="10000" duration="55232000"/>
			<Sample nodeCount="122" insertCount="10000" extractCount="10000" duration="56177000"/>
			<Sample nodeCount="123" insertCount="10000" extractCount="10000" duration="54562000"/>
			<Sample nodeCount="124" insertCount="10000" extractCount="10000" duration="54623000"/>
			<Sample nodeCount="125" insertCount="10000" extractCount="10000" duration="55317000"/>
			<Sample nodeCount="126" insertCount="10000" extractCount="10000" duration="55932000"/>
			<Sample nodeCount="127" insertCount="10000" extractCount="10000" duration="56096000"/>
		</SmallSetLinear>
		<LargeSetLinear>
		</LargeSetLinear>
	</RBTest>
	<RBTest implementation="Linux" nodeSize="24">
		<SmallSetRandomOps>
			<Sample nodeCount="1" insertCount="62" extractCount="61" duration="4000"/>
			<Sample nodeCount="2" insertCount="123" extractCount="123" duration="7000"/>
			<Sample nodeCount="3" insertCount="185" extractCount="184" duration="11000"/>
			<Sample nodeCount="4" insertCount="247" extractCount="245" duration="16000"/>
			<Sample nodeCount="5" insertCount="308" extractCount="307" duration="21000"/>
			<Sample nodeCount="6" insertCount="371" extractCount="367" duration="26000"/>
			<Sample nodeCount="7" insertCount="433" extractCount="428" duration="32000"/>
			<Sample nodeCount="8" insertCount="493" extractCount="491" duration="38000"/>
			<Sample nodeCount="9" insertCount="557" extractCount="550" duration="45000"/>
			<Sample nodeCount="10" insertCount="617" extractCount="613" duration="51000"/>
			<Sample nodeCount="11" insertCount="680" extractCount="673" duration="56000"/>
			<Sample nodeCount="12" insertCount="741" extractCount="735" duration="64000"/>
			<Sample nodeCount="13" insertCount="802" extractCount="797" duration="69000"/>
			<Sample nodeCount="14" insertCount="866" extractCount="856" duration="74000"/>
			<Sample nodeCount="15" insertCount="926" extractCount="919" duration="81000"/>
			<Sample nodeCount="16" insertCount="989" extractCount="979" duration="88000"/>
			<Sample nodeCount="17" insertCount="1049" extractCount="1042" duration="95000"/>
			<Sample nodeCount="18" insertCount="1112" extractCount="1102" duration="108000"/>
			<Sample nodeCount="19" insertCount="1171" extractCount="1166" duration="109000"/>
			<Sample nodeCount="20" insertCount="1235" extractCount="1225" duration="115000"/>
			<Sample nodeCount="21" insertCount="1296" extractCount="1287" duration="120000"/>
			<Sample nodeCount="22" insertCount="1359" extractCount="1347" duration="127000"/>
			<Sample nodeCount="23" insertCount="1420" extractCount="1409" duration="133000"/>
			<Sample nodeCount="24" insertCount="1482" extractCount="1470" duration="140000"/>
			<Sample nodeCount="25" insertCount="1546" extractCount="1529" duration="146000"/>
			<Sample nodeCount="26" insertCount="1604" extractCount="1594" duration="152000"/>
			<Sample nodeCount="27" insertCount="1666" extractCount="1655" duration="159000"/>
			<Sample nodeCount="28" insertCount="1728" extractCount="1716" duration="164000"/>
			<Sample nodeCount="29" insertCount="1791" extractCount="1776" duration="173000"/>
			<Sample nodeCount="30" insertCount="1852" extractCount="1838" duration="176000"/>
			<Sample nodeCount="31" insertCount="1914" extractCount="1899" duration="186000"/>
			<Sample nodeCount="32" insertCount="1976" extractCount="1960" duration="189000"/>
			<Sample nodeCount="33" insertCount="2039" extractCount="2020" duration="196000"/>
			<Sample nodeCount="34" insertCount="2099" extractCount="2083" duration="203000"/>
			<Sample nodeCount="35" insertCount="2163" extractCount="2142" duration="212000"/>
			<Sample nodeCount="36" insertCount="2224" extractCount="2204" duration="218000"/>
			<Sample nodeCount="37" insertCount="2285" extractCount="2266" duration="221000"/>
			<Sample nodeCount="38" insertCount="2346" extractCount="2328" duration="228000"/>
			<Sample nodeCount="39" insertCount="2409" extractCount="2388" duration="232000"/>
			<Sample nodeCount="40" insertCount="2470" extractCount="2450" duration="242000"/>
			<Sample nodeCount="41" insertCount="2532" extractCount="2511" duration="258000"/>
			<Sample nodeCount="42" insertCount="2589" extractCount="2577" duration="255000"/>
			<Sample nodeCount="43" insertCount="2655" extractCount="2634" duration="260000"/>
			<Sample nodeCount="44" insertCount="2714" extractCount="2698" duration="271000"/>
			<Sample nodeCount="45" insertCount="2781" extractCount="2754" duration="275000"/>
			<Sample nodeCount="46" insertCount="2842" extractCount="2816" duration="282000"/>
			<Sample nodeCount="47" insertCount="2903" extractCount="2878" duration="288000"/>
			<Sample nodeCount="48" insertCount="2962" extractCount="2942" duration="297000"/>
			<Sample nodeCount="49" insertCount="3022" extractCount="3005" duration="302000"/>
			<Sample nodeCount="50" insertCount="3090" extractCount="3060" duration="309000"/>
			<Sample nodeCount="51" insertCount="3150" extractCount="3123" duration="315000"/>
			<Sample nodeCount="52" insertCount="3209" extractCount="3187" duration="321000"/>
			<Sample nodeCount="53" insertCount="3275" extractCount="3244" duration="327000"/>
			<Sample nodeCount="54" insertCount="3334" extractCount="3308" duration="342000"/>
			<Sample nodeCount="55" insertCount="3397" extractCount="3368" duration="342000"/>
			<Sample nodeCount="56" insertCount="3456" extractCount="3432" duration="347000"/>
			<Sample nodeCount="57" insertCount="3517" extractCount="3494" duration="354000"/>
			<Sample nodeCount="58" insertCount="3584" extractCount="3550" duration="362000"/>
			<Sample nodeCount="59" insertCount="3645" extractCount="3612" duration="369000"/>
			<Sample nodeCount="60" insertCount="3706" extractCount="3674" duration="372000"/>
			<Sample nodeCount="61" insertCount="3770" extractCount="3733" duration="384000"/>
			<Sample nodeCount="62" insertCount="3826" extractCount="3800" duration="386000"/>
			<Sample nodeCount="63" insertCount="3891" extractCount="3858" duration="394000"/>
			<Sample nodeCount="64" insertCount="3953" extractCount="3919" duration="403000"/>
			<Sample nodeCount="65" insertCount="4013" extractCount="3982" duration="413000"/>
			<Sample nodeCount="66" insertCount="4075" extractCount="4043" duration="416000"/>
			<Sample nodeCount="67" insertCount="4141" extractCount="4100" duration="420000"/>
			<Sample nodeCount="68" insertCount="4198" extractCount="4166" duration="426000"/>
			<Sample nodeCount="69" insertCount="4258" extractCount="4229" duration="436000"/>
			<Sample nodeCount="70" insertCount="4325" extractCount="4285" duration="441000"/>
			<Sample nodeCount="71" insertCount="4383" extractCount="4350" duration="447000"/>
			<Sample nodeCount="72" insertCount="4447" extractCount="4409" duration="457000"/>
			<Sample nodeCount="73" insertCount="4506" extractCount="4473" duration="463000"/>
			<Sample nodeCount="74" insertCount="4570" extractCount="4532" duration="474000"/>
			<Sample nodeCount="75" insertCount="4634" extractCount="4591" duration="473000"/>
			<Sample nodeCount="76" insertCount="4692" extractCount="4656" duration="481000"/>
			<Sample nodeCount="77" insertCount="4753" extractCount="4718" duration="490000"/>
			<Sample nodeCount="78" insertCount="4817" extractCount="4777" duration="497000"/>
			<Sample nodeCount="79" insertCount="4878" extractCount="4839" duration="502000"/>
			<Sample nodeCount="80" insertCount="4936" extractCount="4904" duration="509000"/>
			<Sample nodeCount="81" insertCount="5003" extractCount="4960" duration="518000"/>
			<Sample nodeCount="82" insertCount="5062" extractCount="5024" duration="530000"/>
			<Sample nodeCount="83" insertCount="5123" extractCount="5086" duration="533000"/>
			<Sample nodeCount="84" insertCount="5189" extractCount="5143" duration="540000"/>
			<Sample nodeCount="85" insertCount="5251" extractCount="5204" duration="545000"/>
			<Sample nodeCount="86" insertCount="5312" extractCount="5266" duration="549000"/>
			<Sample nodeCount="87" insertCount="5375" extractCount="5326" duration="559000"/>
			<Sample nodeCount="88" insertCount="5434" extractCount="5390" duration="567000"/>
			<Sample nodeCount="89" insertCount="5496" extractCount="5451" duration="581000"/>
			<Sample nodeCount="90" insertCount="5556" extractCount="5514" duration="580000"/>
			<Sample nodeCount="91" insertCount="5621" extractCount="5572" duration="584000"/>
			<Sample nodeCount="92" insertCount="5676" extractCount="5640" duration="590000"/>
			<Sample nodeCount="93" insertCount="5739" extractCount="5700" duration="596000"/>
			<Sample nodeCount="94" insertCount="5803" extractCount="5759" duration="603000"/>
			<Sample nodeCount="95" insertCount="5862" extractCount="5823" duration="616000"/>
			<Sample nodeCount="96" insertCount="5928" extractCount="5880" duration="627000"/>
			<Sample nodeCount="97" insertCount="5987" extractCount="5944" duration="629000"/>
			<Sample nodeCount="98" insertCount="6051" extractCount="6003" duration="636000"/>
			<Sample nodeCount="99" insertCount="6112" extractCount="6065" duration="641000"/>
			<Sample nodeCount="100" insertCount="6180" extractCount="6120" duration="650000"/>
			<Sample nodeCount="101" insertCount="6237" extractCount="6186" duration="655000"/>
			<Sample nodeCount="102" insertCount="6298" extractCount="6248" duration="671000"/>
			<Sample nodeCount="103" insertCount="6365" extractCount="6304" duration="673000"/>
			<Sample nodeCount="104" insertCount="6422" extractCount="6370" duration="675000"/>
			<Sample nodeCount="105" insertCount="6484" extractCount="6431" duration="684000"/>
			<Sample nodeCount="106" insertCount="6544" extractCount="6494" duration="695000"/>
			<Sample nodeCount="107" insertCount="6607" extractCount="6554" duration="704000"/>
			<Sample nodeCount="108" insertCount="6667" extractCount="6617" duration="713000"/>
			<Sample nodeCount="109" insertCount="6727" extractCount="6680" duration="711000"/>
			<Sample nodeCount="110" insertCount="6793" extractCount="6737" duration="720000"/>
			<Sample nodeCount="111" insertCount="6855" extractCount="6798" duration="724000"/>
			<Sample nodeCount="112" insertCount="6917" extractCount="6859" duration="737000"/>
			<Sample nodeCount="113" insertCount="6977" extractCount="6922" duration="741000"/>
			<Sample nodeCount="114" insertCount="7044" extractCount="6978" duration="748000"/>
			<Sample nodeCount="115" insertCount="7101" extractCount="7044" duration="756000"/>
			<Sample nodeCount="116" insertCount="7163" extractCount="7105" duration="757000"/>
			<Sample nodeCount="117" insertCount="7228" extractCount="7163" duration="768000"/>
			<Sample nodeCount="118" insertCount="7287" extractCount="7227" duration="773000"/>
			<Sample nodeCount="119" insertCount="7351" extractCount="7286" duration="788000"/>
			<Sample nodeCount="120" insertCount="7412" extractCount="7348" duration="790000"/>
			<Sample nodeCount="121" insertCount="7474" extractCount="7409" duration="794000"/>
			<Sample nodeCount="122" insertCount="7532" extractCount="7474" duration="800000"/>
			<Sample nodeCount="123" insertCount="7598" extractCount="7531" duration="809000"/>
			<Sample nodeCount="124" insertCount="7657" extractCount="7595" duration="819000"/>
			<Sample nodeCount="125" insertCount="7715" extractCount="7660" duration="818000"/>
			<Sample nodeCount="126" insertCount="7781" extractCount="7717" duration="829000"/>
			<Sample nodeCount="127" insertCount="7845" extractCount="7776" duration="831000"/>
		</SmallSetRandomOps>
		<LargeSetRandomOps>
		</LargeSetRandomOps>
		<SmallSetLinear>
			<Sample nodeCount="1" insertCount="10000" extractCount="10000" duration="71000"/>
			<Sample nodeCount="2" insertCount="10000" extractCount="10000" duration="208000"/>
			<Sample nodeCount="3" insertCount="10000" extractCount="10000" duration="387000"/>
			<Sample nodeCount="4" insertCount="10000" extractCount="10000" duration="674000"/>
			<Sample nodeCount="5" insertCount="10000" extractCount="10000" duration="907000"/>
			<Sample nodeCount="6" insertCount="10000" extractCount="10000" duration="1228000"/>
			<Sample nodeCount="7" insertCount="10000" extractCount="10000" duration="1511000"/>
			<Sample nodeCount="8" insertCount="10000" extractCount="10000" duration="1895000"/>
			<Sample nodeCount="9" insertCount="10000" extractCount="10000" duration="2169000"/>
			<Sample nodeCount="10" insertCount="10000" extractCount="10000" duration="2762000"/>
			<Sample nodeCount="11" insertCount="10000" extractCount="10000" duration="3058000"/>
			<Sample nodeCount="12" insertCount="10000" extractCount="10000" duration="3840000"/>
			<Sample nodeCount="13" insertCount="10000" extractCount="10000" duration="4036000"/>
			<Sample nodeCount="14" insertCount="10000" extractCount="10000" duration="4482000"/>
			<Sample nodeCount="15" insertCount="10000" extractCount="10000" duration="4854000"/>
			<Sample nodeCount="16" insertCount="10000" extractCount="10000" duration="5441000"/>
			<Sample nodeCount="17" insertCount="10000" extractCount="10000" duration="5985000"/>
			<Sample nodeCount="18" insertCount="10000" extractCount="10000" duration="6913000"/>
			<Sample nodeCount="19" insertCount="10000" extractCount="10000" duration="7163000"/>
			<Sample nodeCount="20" insertCount="10000" extractCount="10000" duration="7642000"/>
			<Sample nodeCount="21" insertCount="10000" extractCount="10000" duration="8001000"/>
			<Sample nodeCount="22" insertCount="10000" extractCount="10000" duration="8826000"/>
			<Sample nodeCount="23" insertCount="10000" extractCount="10000" duration="9143000"/>
			<Sample nodeCount="24" insertCount="10000" extractCount="10000" duration="10001000"/>
			<Sample nodeCount="25" insertCount="10000" extractCount="10000" duration="10230000"/>
			<Sample nodeCount="26" insertCount="10000" extractCount="10000" duration="11482000"/>
			<Sample nodeCount="27" insertCount="10000" extractCount="10000" duration="11753000"/>
			<Sample nodeCount="28" insertCount="10000" extractCount="10000" duration="12521000"/>
			<Sample nodeCount="29" insertCount="10000" extractCount="10000" duration="12893000"/>
			<Sample nodeCount="30" insertCount="10000" extractCount="10000" duration="14061000"/>
			<Sample nodeCount="31" insertCount="10000" extractCount="10000" duration="15037000"/>
			<Sample nodeCount="32" insertCount="10000" extractCount="10000" duration="15908000"/>
			<Sample nodeCount="33" insertCount="10000" extractCount="10000" duration="16538000"/>
			<Sample nodeCount="34" insertCount="10000" extractCount="10000" duration="17427000"/>
			<Sample nodeCount="35" insertCount="10000" extractCount="10000" duration="18391000"/>
			<Sample nodeCount="36" insertCount="10000" extractCount="10000" duration="19000000"/>
			<Sample nodeCount="37" insertCount="10000" extractCount="10000" duration="19231000"/>
			<Sample nodeCount="38" insertCount="10000" extractCount="10000" duration="20231000"/>
			<Sample nodeCount="39" insertCount="10000" extractCount="10000" duration="20843000"/>
			<Sample nodeCount="40" insertCount="10000" extractCount="10000" duration="21648000"/>
			<Sample nodeCount="41" insertCount="10000" extractCount="10000" duration="21847000"/>
			<Sample nodeCount="42" insertCount="10000" extractCount="10000" duration="23288000"/>
			<Sample nodeCount="43" insertCount="10000" extractCount="10000" duration="23673000"/>
			<Sample nodeCount="44" insertCount="10000" extractCount="10000" duration="24742000"/>
			<Sample nodeCount="45" insertCount="10000" extractCount="10000" duration="24629000"/>
			<Sample nodeCount="46" insertCount="10000" extractCount="10000" duration="26613000"/>
			<Sample nodeCount="47" insertCount="10000" extractCount="10000" duration="26843000"/>
			<Sample nodeCount="48" insertCount="10000" extractCount="10000" duration="27639000"/>
			<Sample nodeCount="49" insertCount="10000" extractCount="10000" duration="27711000"/>
			<Sample nodeCount="50" insertCount="10000" extractCount="10000" duration="29762000"/>
			<Sample nodeCount="51" insertCount="10000" extractCount="10000" duration="30627000"/>
			<Sample nodeCount="52" insertCount="10000" extractCount="10000" duration="30244000"/>
			<Sample nodeCount="53" insertCount="10000" extractCount="10000" duration="30491000"/>
			<Sample nodeCount="54" insertCount="10000" extractCount="10000" duration="31429000"/>
			<Sample nodeCount="55" insertCount="10000" extractCount="10000" duration="32102000"/>
			<Sample nodeCount="56" insertCount="10000" extractCount="10000" duration="32909000"/>
			<Sample nodeCount="57" insertCount="10000" extractCount="10000" duration="33099000"/>
			<Sample nodeCount="58" insertCount="10000" extractCount="10000" duration="34772000"/>
			<Sample nodeCount="59" insertCount="10000" extractCount="10000" duration="35763000"/>
			<Sample nodeCount="60" insertCount="10000" extractCount="10000" duration="36455000"/>
			<Sample nodeCount="61" insertCount="10000" extractCount="10000" duration="36370000"/>
			<Sample nodeCount="62" insertCount="10000" extractCount="10000" duration="38563000"/>
			<Sample nodeCount="63" insertCount="10000" extractCount="10000" duration="39019000"/>
			<Sample nodeCount="64" insertCount="10000" extractCount="10000" duration="39757000"/>
			<Sample nodeCount="65" insertCount="10000" extractCount="10000" duration="40187000"/>
			<Sample nodeCount="66" insertCount="10000" extractCount="10000" duration="40927000"/>
			<Sample nodeCount="67" insertCount="10000" extractCount="10000" duration="41429000"/>
			<Sample nodeCount="68" insertCount="10000" extractCount="10000" duration="42420000"/>
			<Sample nodeCount="69" insertCount="10000" extractCount="10000" duration="42996000"/>
			<Sample nodeCount="70" insertCount="10000" extractCount="10000" duration="44080000"/>
			<Sample nodeCount="71" insertCount="10000" extractCount="10000" duration="44366000"/>
			<Sample nodeCount="72" insertCount="10000" extractCount="10000" duration="45479000"/>
			<Sample nodeCount="73" insertCount="10000" extractCount="10000" duration="45953000"/>
			<Sample nodeCount="74" insertCount="10000" extractCount="10000" duration="47193000"/>
			<Sample nodeCount="75" insertCount="10000" extractCount="10000" duration="48476000"/>
			<Sample nodeCount="76" insertCount="10000" extractCount="10000" duration="48628000"/>
			<Sample nodeCount="77" insertCount="10000" extractCount="10000" duration="48553000"/>
			<Sample nodeCount="78" insertCount="10000" extractCount="10000" duration="50093000"/>
			<Sample nodeCount="79" insertCount="10000" extractCount="10000" duration="51249000"/>
			<Sample nodeCount="80" insertCount="10000" extractCount="10000" duration="51830000"/>
			<Sample nodeCount="81" insertCount="10000" extractCount="10000" duration="51803000"/>
			<Sample nodeCount="82" insertCount="10000" extractCount="10000" duration="53502000"/>
			<Sample nodeCount="83" insertCount="10000" extractCount="10000" duration="54191000"/>
			<Sample nodeCount="84" insertCount="10000" extractCount="10000" duration="55121000"/>
			<Sample nodeCount="85" insertCount="10000" extractCount="10000" duration="55061000"/>
			<Sample nodeCount="86" insertCount="10000" extractCount="10000" duration="55814000"/>
			<Sample nodeCount="87" insertCount="10000" extractCount="10000" duration="57087000"/>
			<Sample nodeCount="88" insertCount="10000" extractCount="10000" duration="57272000"/>
			<Sample nodeCount="89" insertCount="10000" extractCount="10000" duration="57393000"/>
			<Sample nodeCount="90" insertCount="10000" extractCount="10000" duration="58308000"/>
			<Sample nodeCount="91" insertCount="10000" extractCount="10000" duration="59033000"/>
			<Sample nodeCount="92" insertCount="10000" extractCount="10000" duration="60213000"/>
			<Sample nodeCount="93" insertCount="10000" extractCount="10000" duration="60682000"/>
			<Sample nodeCount="94" insertCount="10000" extractCount="10000" duration="62396000"/>
			<Sample nodeCount="95" insertCount="10000" extractCount="10000" duration="63754000"/>
			<Sample nodeCount="96" insertCount="10000" extractCount="10000" duration="63674000"/>
			<Sample nodeCount="97" insertCount="10000" extractCount="10000" duration="64318000"/>
			<Sample nodeCount="98" insertCount="10000" extractCount="10000" duration="66077000"/>
			<Sample nodeCount="99" insertCount="10000" extractCount="10000" duration="66650000"/>
			<Sample nodeCount="100" insertCount="10000" extractCount="10000" duration="66687000"/>
			<Sample nodeCount="101" insertCount="10000" extractCount="10000" duration="67240000"/>
			<Sample nodeCount="102" insertCount="10000" extractCount="10000" duration="67763000"/>
			<Sample nodeCount="103" insertCount="10000" extractCount="10000" duration="69014000"/>
			<Sample nodeCount="104" insertCount="10000" extractCount="10000" duration="70094000"/>
			<Sample nodeCount="105" insertCount="10000" extractCount="10000" duration="70421000"/>
			<Sample nodeCount="106" insertCount="10000" extractCount="10000" duration="72068000"/>
			<Sample nodeCount="107" insertCount="10000" extractCount="10000" duration="72617000"/>
			<Sample nodeCount="108" insertCount="10000" extractCount="10000" duration="73515000"/>
			<Sample nodeCount="109" insertCount="10000" extractCount="10000" duration="73315000"/>
			<Sample nodeCount="110" insertCount="10000" extractCount="10000" duration="75455000"/>
			<Sample nodeCount="111" insertCount="10000" extractCount="10000" duration="75257000"/>
			<Sample nodeCount="112" insertCount="10000" extractCount="10000" duration="75772000"/>
			<Sample nodeCount="113" insertCount="10000" extractCount="10000" duration="76451000"/>
			<Sample nodeCount="114" insertCount="10000" extractCount="10000" duration="77500000"/>
			<Sample nodeCount="115" insertCount="10000" extractCount="10000" duration="78210000"/>
			<Sample nodeCount="116" insertCount="10000" extractCount="10000" duration="78691000"/>
			<Sample nodeCount="117" insertCount="10000" extractCount="10000" duration="78945000"/>
			<Sample nodeCount="118" insertCount="10000" extractCount="10000" duration="80286000"/>
			<Sample nodeCount="119" insertCount="10000" extractCount="10000" duration="81617000"/>
			<Sample nodeCount="120" insertCount="10000" extractCount="10000" duration="81160000"/>
			<Sample nodeCount="121" insertCount="10000" extractCount="10000" duration="81962000"/>
			<Sample nodeCount="122" insertCount="10000" extractCount="10000" duration="82910000"/>
			<Sample nodeCount="123" insertCount="10000" extractCount="10000" duration="84081000"/>
			<Sample nodeCount="124" insertCount="10000" extractCount="10000" duration="85186000"/>
			<Sample nodeCount="125" insertCount="10000" extractCount="10000" duration="85731000"/>
			<Sample nodeCount="126" insertCount="10000" extractCount="10000" duration="87171000"/>
			<Sample nodeCount="127" insertCount="10000" extractCount="10000" duration="87475000"/>
		</SmallSetLinear>
		<LargeSetLinear>
		</LargeSetLinear>
	</RBTest>
</RBTestCollection>
