<RBTestCollection platform="Xilinx Zynq, Cortex-A9 MPCore" compiler="GCC 4.9.3" timeUnit="ns">
	<RBTest implementation="LLRB" nodeSize="16">
		<SmallSetRandomOps>
			<Sample nodeCount="1" insertCount="62" extractCount="61" duration="10182"/>
			<Sample nodeCount="2" insertCount="123" extractCount="123" duration="34584"/>
			<Sample nodeCount="3" insertCount="186" extractCount="183" duration="135387"/>
			<Sample nodeCount="4" insertCount="247" extractCount="245" duration="115071"/>
			<Sample nodeCount="5" insertCount="309" extractCount="306" duration="268242"/>
			<Sample nodeCount="6" insertCount="370" extractCount="368" duration="328584"/>
			<Sample nodeCount="7" insertCount="433" extractCount="428" duration="419802"/>
			<Sample nodeCount="8" insertCount="493" extractCount="491" duration="358182"/>
			<Sample nodeCount="9" insertCount="557" extractCount="550" duration="602749"/>
			<Sample nodeCount="10" insertCount="619" extractCount="611" duration="668886"/>
			<Sample nodeCount="11" insertCount="680" extractCount="673" duration="769420"/>
			<Sample nodeCount="12" insertCount="740" extractCount="736" duration="882997"/>
			<Sample nodeCount="13" insertCount="803" extractCount="796" duration="981286"/>
			<Sample nodeCount="14" insertCount="864" extractCount="858" duration="1079236"/>
			<Sample nodeCount="15" insertCount="927" extractCount="918" duration="1157767"/>
			<Sample nodeCount="16" insertCount="988" extractCount="980" duration="964444"/>
			<Sample nodeCount="17" insertCount="1050" extractCount="1041" duration="1368646"/>
			<Sample nodeCount="18" insertCount="1113" extractCount="1101" duration="1468544"/>
			<Sample nodeCount="19" insertCount="1172" extractCount="1165" duration="1564177"/>
			<Sample nodeCount="20" insertCount="1237" extractCount="1223" duration="1672100"/>
			<Sample nodeCount="21" insertCount="1296" extractCount="1287" duration="1772801"/>
			<Sample nodeCount="22" insertCount="1359" extractCount="1347" duration="1888597"/>
			<Sample nodeCount="23" insertCount="1419" extractCount="1410" duration="1983599"/>
			<Sample nodeCount="24" insertCount="1484" extractCount="1468" duration="2094044"/>
			<Sample nodeCount="25" insertCount="1544" extractCount="1531" duration="2228159"/>
			<Sample nodeCount="26" insertCount="1604" extractCount="1594" duration="2329481"/>
			<Sample nodeCount="27" insertCount="1668" extractCount="1653" duration="2440509"/>
			<Sample nodeCount="28" insertCount="1729" extractCount="1715" duration="2572358"/>
			<Sample nodeCount="29" insertCount="1790" extractCount="1777" duration="2682951"/>
			<Sample nodeCount="30" insertCount="1851" extractCount="1839" duration="2811669"/>
			<Sample nodeCount="31" insertCount="1914" extractCount="1899" duration="2930730"/>
			<Sample nodeCount="32" insertCount="1977" extractCount="1959" duration="2436011"/>
			<Sample nodeCount="33" insertCount="2041" extractCount="2018" duration="3122049"/>
			<Sample nodeCount="34" insertCount="2097" extractCount="2085" duration="3237630"/>
			<Sample nodeCount="35" insertCount="2160" extractCount="2145" duration="3350997"/>
			<Sample nodeCount="36" insertCount="2221" extractCount="2207" duration="3429637"/>
			<Sample nodeCount="37" insertCount="2285" extractCount="2266" duration="3560871"/>
			<Sample nodeCount="38" insertCount="2346" extractCount="2328" duration="3691399"/>
			<Sample nodeCount="39" insertCount="2408" extractCount="2389" duration="3775477"/>
			<Sample nodeCount="40" insertCount="2471" extractCount="2449" duration="3899350"/>
			<Sample nodeCount="41" insertCount="2531" extractCount="2512" duration="4018210"/>
			<Sample nodeCount="42" insertCount="2593" extractCount="2573" duration="4116166"/>
			<Sample nodeCount="43" insertCount="2656" extractCount="2633" duration="4280632"/>
			<Sample nodeCount="44" insertCount="2717" extractCount="2695" duration="4356958"/>
			<Sample nodeCount="45" insertCount="2776" extractCount="2759" duration="4499696"/>
			<Sample nodeCount="46" insertCount="2840" extractCount="2818" duration="4605049"/>
			<Sample nodeCount="47" insertCount="2902" extractCount="2879" duration="4731437"/>
			<Sample nodeCount="48" insertCount="2966" extractCount="2938" duration="4863215"/>
			<Sample nodeCount="49" insertCount="3026" extractCount="3001" duration="5053907"/>
			<Sample nodeCount="50" insertCount="3084" extractCount="3066" duration="5108852"/>
			<Sample nodeCount="51" insertCount="3151" extractCount="3122" duration="5250761"/>
			<Sample nodeCount="52" insertCount="3209" extractCount="3187" duration="5415605"/>
			<Sample nodeCount="53" insertCount="3273" extractCount="3246" duration="5508587"/>
			<Sample nodeCount="54" insertCount="3337" extractCount="3305" duration="5644338"/>
			<Sample nodeCount="55" insertCount="3400" extractCount="3365" duration="5794386"/>
			<Sample nodeCount="56" insertCount="3458" extractCount="3430" duration="5968854"/>
			<Sample nodeCount="57" insertCount="3521" extractCount="3490" duration="6035850"/>
			<Sample nodeCount="58" insertCount="3580" extractCount="3554" duration="6170220"/>
			<Sample nodeCount="59" insertCount="3647" extractCount="3610" duration="6363031"/>
			<Sample nodeCount="60" insertCount="3706" extractCount="3674" duration="6454407"/>
			<Sample nodeCount="61" insertCount="3766" extractCount="3737" duration="6583957"/>
			<Sample nodeCount="62" insertCount="3828" extractCount="3798" duration="6692979"/>
			<Sample nodeCount="63" insertCount="3888" extractCount="3861" duration="6819613"/>
			<Sample nodeCount="64" insertCount="3952" extractCount="3920" duration="5831478"/>
			<Sample nodeCount="65" insertCount="4014" extractCount="3981" duration="7077019"/>
			<Sample nodeCount="66" insertCount="4077" extractCount="4041" duration="7192285"/>
			<Sample nodeCount="67" insertCount="4136" extractCount="4105" duration="7319824"/>
			<Sample nodeCount="68" insertCount="4200" extractCount="4164" duration="7485856"/>
			<Sample nodeCount="69" insertCount="4263" extractCount="4224" duration="7593446"/>
			<Sample nodeCount="70" insertCount="4325" extractCount="4285" duration="7772789"/>
			<Sample nodeCount="71" insertCount="4381" extractCount="4352" duration="7836499"/>
			<Sample nodeCount="72" insertCount="4448" extractCount="4408" duration="8036360"/>
			<Sample nodeCount="73" insertCount="4507" extractCount="4472" duration="8113325"/>
			<Sample nodeCount="74" insertCount="4571" extractCount="4531" duration="8184621"/>
			<Sample nodeCount="75" insertCount="4631" extractCount="4594" duration="8407140"/>
			<Sample nodeCount="76" insertCount="4693" extractCount="4655" duration="8520029"/>
			<Sample nodeCount="77" insertCount="4755" extractCount="4716" duration="8623797"/>
			<Sample nodeCount="78" insertCount="4817" extractCount="4777" duration="8729987"/>
			<Sample nodeCount="79" insertCount="4877" extractCount="4840" duration="8865375"/>
			<Sample nodeCount="80" insertCount="4942" extractCount="4898" duration="9010812"/>
			<Sample nodeCount="81" insertCount="5002" extractCount="4961" duration="9156525"/>
			<Sample nodeCount="82" insertCount="5063" extractCount="5023" duration="9234507"/>
			<Sample nodeCount="83" insertCount="5124" extractCount="5085" duration="9446167"/>
			<Sample nodeCount="84" insertCount="5187" extractCount="5145" duration="9525336"/>
			<Sample nodeCount="85" insertCount="5250" extractCount="5205" duration="9651364"/>
			<Sample nodeCount="86" insertCount="5314" extractCount="5264" duration="9775137"/>
			<Sample nodeCount="87" insertCount="5374" extractCount="5327" duration="9862066"/>
			<Sample nodeCount="88" insertCount="5432" extractCount="5392" duration="9983773"/>
			<Sample nodeCount="89" insertCount="5490" extractCount="5457" duration="10100809"/>
			<Sample nodeCount="90" insertCount="5559" extractCount="5511" duration="10215613"/>
			<Sample nodeCount="91" insertCount="5621" extractCount="5572" duration="10356839"/>
			<Sample nodeCount="92" insertCount="5680" extractCount="5636" duration="10530922"/>
			<Sample nodeCount="93" insertCount="5740" extractCount="5699" duration="10616342"/>
			<Sample nodeCount="94" insertCount="5803" extractCount="5759" duration="10769717"/>
			<Sample nodeCount="95" insertCount="5862" extractCount="5823" duration="10874636"/>
			<Sample nodeCount="96" insertCount="5929" extractCount="5879" duration="11007035"/>
			<Sample nodeCount="97" insertCount="5993" extractCount="5938" duration="11169299"/>
			<Sample nodeCount="98" insertCount="6055" extractCount="5999" duration="11230880"/>
			<Sample nodeCount="99" insertCount="6113" extractCount="6064" duration="11440691"/>
			<Sample nodeCount="100" insertCount="6172" extractCount="6128" duration="11557437"/>
			<Sample nodeCount="101" insertCount="6238" extractCount="6185" duration="11683428"/>
			<Sample nodeCount="102" insertCount="6299" extractCount="6247" duration="11808471"/>
			<Sample nodeCount="103" insertCount="6363" extractCount="6306" duration="11994576"/>
			<Sample nodeCount="104" insertCount="6426" extractCount="6366" duration="12110142"/>
			<Sample nodeCount="105" insertCount="6481" extractCount="6434" duration="12263919"/>
			<Sample nodeCount="106" insertCount="6544" extractCount="6494" duration="12399730"/>
			<Sample nodeCount="107" insertCount="6607" extractCount="6554" duration="12512190"/>
			<Sample nodeCount="108" insertCount="6669" extractCount="6615" duration="12654270"/>
			<Sample nodeCount="109" insertCount="6732" extractCount="6675" duration="12831325"/>
			<Sample nodeCount="110" insertCount="6794" extractCount="6736" duration="13011016"/>
			<Sample nodeCount="111" insertCount="6852" extractCount="6801" duration="13144213"/>
			<Sample nodeCount="112" insertCount="6918" extractCount="6858" duration="13240672"/>
			<Sample nodeCount="113" insertCount="6981" extractCount="6918" duration="13425736"/>
			<Sample nodeCount="114" insertCount="7041" extractCount="6981" duration="13586252"/>
			<Sample nodeCount="115" insertCount="7103" extractCount="7042" duration="13666904"/>
			<Sample nodeCount="116" insertCount="7164" extractCount="7104" duration="13893884"/>
			<Sample nodeCount="117" insertCount="7225" extractCount="7166" duration="14072009"/>
			<Sample nodeCount="118" insertCount="7291" extractCount="7223" duration="14175128"/>
			<Sample nodeCount="119" insertCount="7350" extractCount="7287" duration="14350242"/>
			<Sample nodeCount="120" insertCount="7410" extractCount="7350" duration="14428544"/>
			<Sample nodeCount="121" insertCount="7471" extractCount="7412" duration="14623122"/>
			<Sample nodeCount="122" insertCount="7537" extractCount="7469" duration="14712294"/>
			<Sample nodeCount="123" insertCount="7593" extractCount="7536" duration="14832639"/>
			<Sample nodeCount="124" insertCount="7658" extractCount="7594" duration="15016707"/>
			<Sample nodeCount="125" insertCount="7718" extractCount="7657" duration="15272874"/>
			<Sample nodeCount="126" insertCount="7781" extractCount="7717" duration="15259563"/>
			<Sample nodeCount="127" insertCount="7840" extractCount="7781" duration="15473008"/>
		</SmallSetRandomOps>
		<LargeSetRandomOps>
		</LargeSetRandomOps>
		<SmallSetLinear>
			<Sample nodeCount="1" insertCount="10000" extractCount="10000" duration="661207"/>
			<Sample nodeCount="2" insertCount="10000" extractCount="10000" duration="3710710"/>
			<Sample nodeCount="3" insertCount="10000" extractCount="10000" duration="7394387"/>
			<Sample nodeCount="4" insertCount="10000" extractCount="10000" duration="11223245"/>
			<Sample nodeCount="5" insertCount="10000" extractCount="10000" duration="17316320"/>
			<Sample nodeCount="6" insertCount="10000" extractCount="10000" duration="21545902"/>
			<Sample nodeCount="7" insertCount="10000" extractCount="10000" duration="31978994"/>
			<Sample nodeCount="8" insertCount="10000" extractCount="10000" duration="36735493"/>
			<Sample nodeCount="9" insertCount="10000" extractCount="10000" duration="48128475"/>
			<Sample nodeCount="10" insertCount="10000" extractCount="10000" duration="53144123"/>
			<Sample nodeCount="11" insertCount="10000" extractCount="10000" duration="66572347"/>
			<Sample nodeCount="12" insertCount="10000" extractCount="10000" duration="72018564"/>
			<Sample nodeCount="13" insertCount="10000" extractCount="10000" duration="84793153"/>
			<Sample nodeCount="14" insertCount="10000" extractCount="10000" duration="89672388"/>
			<Sample nodeCount="15" insertCount="10000" extractCount="10000" duration="108047076"/>
			<Sample nodeCount="16" insertCount="10000" extractCount="10000" duration="112841273"/>
			<Sample nodeCount="17" insertCount="10000" extractCount="10000" duration="125263464"/>
			<Sample nodeCount="18" insertCount="10000" extractCount="10000" duration="130939880"/>
			<Sample nodeCount="19" insertCount="10000" extractCount="10000" duration="150600214"/>
			<Sample nodeCount="20" insertCount="10000" extractCount="10000" duration="156760900"/>
			<Sample nodeCount="21" insertCount="10000" extractCount="10000" duration="169147300"/>
			<Sample nodeCount="22" insertCount="10000" extractCount="10000" duration="173945534"/>
			<Sample nodeCount="23" insertCount="10000" extractCount="10000" duration="197083958"/>
			<Sample nodeCount="24" insertCount="10000" extractCount="10000" duration="202481672"/>
			<Sample nodeCount="25" insertCount="10000" extractCount="10000" duration="215665646"/>
			<Sample nodeCount="26" insertCount="10000" extractCount="10000" duration="221037191"/>
			<Sample nodeCount="27" insertCount="10000" extractCount="10000" duration="244327348"/>
			<Sample nodeCount="28" insertCount="10000" extractCount="10000" duration="248104034"/>
			<Sample nodeCount="29" insertCount="10000" extractCount="10000" duration="261738712"/>
			<Sample nodeCount="30" insertCount="10000" extractCount="10000" duration="267579355"/>
			<Sample nodeCount="31" insertCount="10000" extractCount="10000" duration="298635365"/>
			<Sample nodeCount="32" insertCount="10000" extractCount="10000" duration="306344559"/>
			<Sample nodeCount="33" insertCount="10000" extractCount="10000" duration="319047568"/>
			<Sample nodeCount="34" insertCount="10000" extractCount="10000" duration="322434298"/>
			<Sample nodeCount="35" insertCount="10000" extractCount="10000" duration="345072825"/>
			<Sample nodeCount="36" insertCount="10000" extractCount="10000" duration="350202992"/>
			<Sample nodeCount="37" insertCount="10000" extractCount="10000" duration="363046956"/>
			<Sample nodeCount="38" insertCount="10000" extractCount="10000" duration="370897126"/>
			<Sample nodeCount="39" insertCount="10000" extractCount="10000" duration="405872920"/>
			<Sample nodeCount="40" insertCount="10000" extractCount="10000" duration="411813697"/>
			<Sample nodeCount="41" insertCount="10000" extractCount="10000" duration="424887599"/>
			<Sample nodeCount="42" insertCount="10000" extractCount="10000" duration="429660988"/>
			<Sample nodeCount="43" insertCount="10000" extractCount="10000" duration="452185571"/>
			<Sample nodeCount="44" insertCount="10000" extractCount="10000" duration="456713659"/>
			<Sample nodeCount="45" insertCount="10000" extractCount="10000" duration="470158146"/>
			<Sample nodeCount="46" insertCount="10000" extractCount="10000" duration="477507804"/>
			<Sample nodeCount="47" insertCount="10000" extractCount="10000" duration="516029712"/>
			<Sample nodeCount="48" insertCount="10000" extractCount="10000" duration="522137247"/>
			<Sample nodeCount="49" insertCount="10000" extractCount="10000" duration="537902056"/>
			<Sample nodeCount="50" insertCount="10000" extractCount="10000" duration="542239965"/>
			<Sample nodeCount="51" insertCount="10000" extractCount="10000" duration="563535788"/>
			<Sample nodeCount="52" insertCount="10000" extractCount="10000" duration="566103116"/>
			<Sample nodeCount="53" insertCount="10000" extractCount="10000" duration="583406612"/>
			<Sample nodeCount="54" insertCount="10000" extractCount="10000" duration="587555996"/>
			<Sample nodeCount="55" insertCount="10000" extractCount="10000" duration="627516474"/>
			<Sample nodeCount="56" insertCount="10000" extractCount="10000" duration="632671929"/>
			<Sample nodeCount="57" insertCount="10000" extractCount="10000" duration="646863239"/>
			<Sample nodeCount="58" insertCount="10000" extractCount="10000" duration="652583330"/>
			<Sample nodeCount="59" insertCount="10000" extractCount="10000" duration="672767392"/>
			<Sample nodeCount="60" insertCount="10000" extractCount="10000" duration="676971548"/>
			<Sample nodeCount="61" insertCount="10000" extractCount="10000" duration="689778833"/>
			<Sample nodeCount="62" insertCount="10000" extractCount="10000" duration="696205173"/>
			<Sample nodeCount="63" insertCount="10000" extractCount="10000" duration="757581161"/>
			<Sample nodeCount="64" insertCount="10000" extractCount="10000" duration="760801376"/>
			<Sample nodeCount="65" insertCount="10000" extractCount="10000" duration="773144450"/>
			<Sample nodeCount="66" insertCount="10000" extractCount="10000" duration="779874516"/>
			<Sample nodeCount="67" insertCount="10000" extractCount="10000" duration="802058116"/>
			<Sample nodeCount="68" insertCount="10000" extractCount="10000" duration="806736858"/>
			<Sample nodeCount="69" insertCount="10000" extractCount="10000" duration="820119280"/>
			<Sample nodeCount="70" insertCount="10000" extractCount="10000" duration="825977770"/>
			<Sample nodeCount="71" insertCount="10000" extractCount="10000" duration="863530835"/>
			<Sample nodeCount="72" insertCount="10000" extractCount="10000" duration="868324898"/>
			<Sample nodeCount="73" insertCount="10000" extractCount="10000" duration="883304575"/>
			<Sample nodeCount="74" insertCount="10000" extractCount="10000" duration="889271780"/>
			<Sample nodeCount="75" insertCount="10000" extractCount="10000" duration="910264771"/>
			<Sample nodeCount="76" insertCount="10000" extractCount="10000" duration="918974701"/>
			<Sample nodeCount="77" insertCount="10000" extractCount="10000" duration="933910120"/>
			<Sample nodeCount="78" insertCount="10000" extractCount="10000" duration="939320913"/>
			<Sample nodeCount="79" insertCount="10000" extractCount="10000" duration="1004872811"/>
			<Sample nodeCount="80" insertCount="10000" extractCount="10000" duration="1004817339"/>
			<Sample nodeCount="81" insertCount="10000" extractCount="10000" duration="1020449412"/>
			<Sample nodeCount="82" insertCount="10000" extractCount="10000" duration="1026539148"/>
			<Sample nodeCount="83" insertCount="10000" extractCount="10000" duration="1049967840"/>
			<Sample nodeCount="84" insertCount="10000" extractCount="10000" duration="1059138441"/>
			<Sample nodeCount="85" insertCount="10000" extractCount="10000" duration="1072688873"/>
			<Sample nodeCount="86" insertCount="10000" extractCount="10000" duration="1079253777"/>
			<Sample nodeCount="87" insertCount="10000" extractCount="10000" duration="1114064830"/>
			<Sample nodeCount="88" insertCount="10000" extractCount="10000" duration="1115510126"/>
			<Sample nodeCount="89" insertCount="10000" extractCount="10000" duration="1133502234"/>
			<Sample nodeCount="90" insertCount="10000" extractCount="10000" duration="1137918025"/>
			<Sample nodeCount="91" insertCount="10000" extractCount="10000" duration="1162977719"/>
			<Sample nodeCount="92" insertCount="10000" extractCount="10000" duration="1165846316"/>
			<Sample nodeCount="93" insertCount="10000" extractCount="10000" duration="1178254241"/>
			<Sample nodeCount="94" insertCount="10000" extractCount="10000" duration="1184839151"/>
			<Sample nodeCount="95" insertCount="10000" extractCount="10000" duration="1258345480"/>
			<Sample nodeCount="96" insertCount="10000" extractCount="10000" duration="1263238185"/>
			<Sample nodeCount="97" insertCount="10000" extractCount="10000" duration="1281480688"/>
			<Sample nodeCount="98" insertCount="10000" extractCount="10000" duration="1288048801"/>
			<Sample nodeCount="99" insertCount="10000" extractCount="10000" duration="1308393262"/>
			<Sample nodeCount="100" insertCount="10000" extractCount="10000" duration="1314831352"/>
			<Sample nodeCount="101" insertCount="10000" extractCount="10000" duration="1325716161"/>
			<Sample nodeCount="102" insertCount="10000" extractCount="10000" duration="1329360684"/>
			<Sample nodeCount="103" insertCount="10000" extractCount="10000" duration="1367706993"/>
			<Sample nodeCount="104" insertCount="10000" extractCount="10000" duration="1373551305"/>
			<Sample nodeCount="105" insertCount="10000" extractCount="10000" duration="1390960406"/>
			<Sample nodeCount="106" insertCount="10000" extractCount="10000" duration="1396620529"/>
			<Sample nodeCount="107" insertCount="10000" extractCount="10000" duration="1421726790"/>
			<Sample nodeCount="108" insertCount="10000" extractCount="10000" duration="1425156705"/>
			<Sample nodeCount="109" insertCount="10000" extractCount="10000" duration="1441148962"/>
			<Sample nodeCount="110" insertCount="10000" extractCount="10000" duration="1445934249"/>
			<Sample nodeCount="111" insertCount="10000" extractCount="10000" duration="1516971446"/>
			<Sample nodeCount="112" insertCount="10000" extractCount="10000" duration="1522289044"/>
			<Sample nodeCount="113" insertCount="10000" extractCount="10000" duration="1538373551"/>
			<Sample nodeCount="114" insertCount="10000" extractCount="10000" duration="1535574203"/>
			<Sample nodeCount="115" insertCount="10000" extractCount="10000" duration="1559990589"/>
			<Sample nodeCount="116" insertCount="10000" extractCount="10000" duration="1569573994"/>
			<Sample nodeCount="117" insertCount="10000" extractCount="10000" duration="1581110247"/>
			<Sample nodeCount="118" insertCount="10000" extractCount="10000" duration="1586652155"/>
			<Sample nodeCount="119" insertCount="10000" extractCount="10000" duration="1627785910"/>
			<Sample nodeCount="120" insertCount="10000" extractCount="10000" duration="1636357600"/>
			<Sample nodeCount="121" insertCount="10000" extractCount="10000" duration="1646976615"/>
			<Sample nodeCount="122" insertCount="10000" extractCount="10000" duration="1651508099"/>
			<Sample nodeCount="123" insertCount="10000" extractCount="10000" duration="1669542749"/>
			<Sample nodeCount="124" insertCount="10000" extractCount="10000" duration="1675380484"/>
			<Sample nodeCount="125" insertCount="10000" extractCount="10000" duration="1694990868"/>
			<Sample nodeCount="126" insertCount="10000" extractCount="10000" duration="1701035292"/>
			<Sample nodeCount="127" insertCount="10000" extractCount="10000" duration="1805687369"/>
		</SmallSetLinear>
		<LargeSetLinear>
		</LargeSetLinear>
	</RBTest>
	<RBTest implementation="Eternally Confuzzled" nodeSize="12">
		<SmallSetRandomOps>
			<Sample nodeCount="1" insertCount="62" extractCount="61" duration="14907"/>
			<Sample nodeCount="2" insertCount="123" extractCount="123" duration="37695"/>
			<Sample nodeCount="3" insertCount="185" extractCount="184" duration="130617"/>
			<Sample nodeCount="4" insertCount="247" extractCount="245" duration="97374"/>
			<Sample nodeCount="5" insertCount="309" extractCount="306" duration="234894"/>
			<Sample nodeCount="6" insertCount="371" extractCount="367" duration="290233"/>
			<Sample nodeCount="7" insertCount="432" extractCount="429" duration="353856"/>
			<Sample nodeCount="8" insertCount="494" extractCount="490" duration="251628"/>
			<Sample nodeCount="9" insertCount="554" extractCount="553" duration="468234"/>
			<Sample nodeCount="10" insertCount="619" extractCount="611" duration="519436"/>
			<Sample nodeCount="11" insertCount="680" extractCount="673" duration="588565"/>
			<Sample nodeCount="12" insertCount="741" extractCount="735" duration="652365"/>
			<Sample nodeCount="13" insertCount="803" extractCount="796" duration="702565"/>
			<Sample nodeCount="14" insertCount="866" extractCount="856" duration="791197"/>
			<Sample nodeCount="15" insertCount="927" extractCount="918" duration="842460"/>
			<Sample nodeCount="16" insertCount="987" extractCount="981" duration="606235"/>
			<Sample nodeCount="17" insertCount="1050" extractCount="1041" duration="977182"/>
			<Sample nodeCount="18" insertCount="1113" extractCount="1101" duration="1024012"/>
			<Sample nodeCount="19" insertCount="1173" extractCount="1164" duration="1107178"/>
			<Sample nodeCount="20" insertCount="1235" extractCount="1225" duration="1173595"/>
			<Sample nodeCount="21" insertCount="1295" extractCount="1288" duration="1235297"/>
			<Sample nodeCount="22" insertCount="1359" extractCount="1347" duration="1309132"/>
			<Sample nodeCount="23" insertCount="1421" extractCount="1408" duration="1382858"/>
			<Sample nodeCount="24" insertCount="1482" extractCount="1470" duration="1461106"/>
			<Sample nodeCount="25" insertCount="1544" extractCount="1531" duration="1528576"/>
			<Sample nodeCount="26" insertCount="1606" extractCount="1592" duration="1597712"/>
			<Sample nodeCount="27" insertCount="1667" extractCount="1654" duration="1670965"/>
			<Sample nodeCount="28" insertCount="1730" extractCount="1714" duration="1731962"/>
			<Sample nodeCount="29" insertCount="1790" extractCount="1777" duration="1812506"/>
			<Sample nodeCount="30" insertCount="1853" extractCount="1837" duration="1872317"/>
			<Sample nodeCount="31" insertCount="1915" extractCount="1898" duration="1949051"/>
			<Sample nodeCount="32" insertCount="1976" extractCount="1960" duration="1460468"/>
			<Sample nodeCount="33" insertCount="2035" extractCount="2024" duration="2078327"/>
			<Sample nodeCount="34" insertCount="2099" extractCount="2083" duration="2162120"/>
			<Sample nodeCount="35" insertCount="2163" extractCount="2142" duration="2244095"/>
			<Sample nodeCount="36" insertCount="2221" extractCount="2207" duration="2284715"/>
			<Sample nodeCount="37" insertCount="2285" extractCount="2266" duration="2395020"/>
			<Sample nodeCount="38" insertCount="2348" extractCount="2326" duration="2484041"/>
			<Sample nodeCount="39" insertCount="2407" extractCount="2390" duration="2546727"/>
			<Sample nodeCount="40" insertCount="2469" extractCount="2451" duration="2620511"/>
			<Sample nodeCount="41" insertCount="2531" extractCount="2512" duration="2720931"/>
			<Sample nodeCount="42" insertCount="2594" extractCount="2572" duration="2802030"/>
			<Sample nodeCount="43" insertCount="2655" extractCount="2634" duration="2856699"/>
			<Sample nodeCount="44" insertCount="2717" extractCount="2695" duration="2946765"/>
			<Sample nodeCount="45" insertCount="2778" extractCount="2757" duration="3006204"/>
			<Sample nodeCount="46" insertCount="2842" extractCount="2816" duration="3118995"/>
			<Sample nodeCount="47" insertCount="2903" extractCount="2878" duration="3174459"/>
			<Sample nodeCount="48" insertCount="2963" extractCount="2941" duration="3233520"/>
			<Sample nodeCount="49" insertCount="3027" extractCount="3000" duration="3348045"/>
			<Sample nodeCount="50" insertCount="3085" extractCount="3065" duration="3418501"/>
			<Sample nodeCount="51" insertCount="3148" extractCount="3125" duration="3512238"/>
			<Sample nodeCount="52" insertCount="3210" extractCount="3186" duration="3574717"/>
			<Sample nodeCount="53" insertCount="3270" extractCount="3249" duration="3685582"/>
			<Sample nodeCount="54" insertCount="3333" extractCount="3309" duration="3738378"/>
			<Sample nodeCount="55" insertCount="3394" extractCount="3371" duration="3834322"/>
			<Sample nodeCount="56" insertCount="3457" extractCount="3431" duration="3890068"/>
			<Sample nodeCount="57" insertCount="3521" extractCount="3490" duration="3971548"/>
			<Sample nodeCount="58" insertCount="3583" extractCount="3551" duration="4039909"/>
			<Sample nodeCount="59" insertCount="3645" extractCount="3612" duration="4141372"/>
			<Sample nodeCount="60" insertCount="3706" extractCount="3674" duration="4259098"/>
			<Sample nodeCount="61" insertCount="3768" extractCount="3735" duration="4331621"/>
			<Sample nodeCount="62" insertCount="3827" extractCount="3799" duration="4380655"/>
			<Sample nodeCount="63" insertCount="3893" extractCount="3856" duration="4499134"/>
			<Sample nodeCount="64" insertCount="3953" extractCount="3919" duration="3450901"/>
			<Sample nodeCount="65" insertCount="4013" extractCount="3982" duration="4613809"/>
			<Sample nodeCount="66" insertCount="4076" extractCount="4042" duration="4700405"/>
			<Sample nodeCount="67" insertCount="4138" extractCount="4103" duration="4768831"/>
			<Sample nodeCount="68" insertCount="4195" extractCount="4169" duration="4849061"/>
			<Sample nodeCount="69" insertCount="4261" extractCount="4226" duration="4898471"/>
			<Sample nodeCount="70" insertCount="4321" extractCount="4289" duration="4994585"/>
			<Sample nodeCount="71" insertCount="4387" extractCount="4346" duration="5084402"/>
			<Sample nodeCount="72" insertCount="4451" extractCount="4405" duration="5197053"/>
			<Sample nodeCount="73" insertCount="4507" extractCount="4472" duration="5264255"/>
			<Sample nodeCount="74" insertCount="4569" extractCount="4533" duration="5390630"/>
			<Sample nodeCount="75" insertCount="4633" extractCount="4592" duration="5431431"/>
			<Sample nodeCount="76" insertCount="4693" extractCount="4655" duration="5515130"/>
			<Sample nodeCount="77" insertCount="4754" extractCount="4717" duration="5575122"/>
			<Sample nodeCount="78" insertCount="4814" extractCount="4780" duration="5701028"/>
			<Sample nodeCount="79" insertCount="4878" extractCount="4839" duration="5749491"/>
			<Sample nodeCount="80" insertCount="4940" extractCount="4900" duration="5768898"/>
			<Sample nodeCount="81" insertCount="5003" extractCount="4960" duration="5870088"/>
			<Sample nodeCount="82" insertCount="5065" extractCount="5021" duration="6011019"/>
			<Sample nodeCount="83" insertCount="5126" extractCount="5083" duration="6056962"/>
			<Sample nodeCount="84" insertCount="5190" extractCount="5142" duration="6183541"/>
			<Sample nodeCount="85" insertCount="5246" extractCount="5209" duration="6254079"/>
			<Sample nodeCount="86" insertCount="5311" extractCount="5267" duration="6333849"/>
			<Sample nodeCount="87" insertCount="5372" extractCount="5329" duration="6384426"/>
			<Sample nodeCount="88" insertCount="5432" extractCount="5392" duration="6528352"/>
			<Sample nodeCount="89" insertCount="5494" extractCount="5453" duration="6583302"/>
			<Sample nodeCount="90" insertCount="5561" extractCount="5509" duration="6707677"/>
			<Sample nodeCount="91" insertCount="5619" extractCount="5574" duration="6762715"/>
			<Sample nodeCount="92" insertCount="5682" extractCount="5634" duration="6849252"/>
			<Sample nodeCount="93" insertCount="5743" extractCount="5696" duration="6977785"/>
			<Sample nodeCount="94" insertCount="5802" extractCount="5760" duration="7007533"/>
			<Sample nodeCount="95" insertCount="5865" extractCount="5820" duration="7077316"/>
			<Sample nodeCount="96" insertCount="5931" extractCount="5877" duration="7194133"/>
			<Sample nodeCount="97" insertCount="5988" extractCount="5943" duration="7355384"/>
			<Sample nodeCount="98" insertCount="6054" extractCount="6000" duration="7402136"/>
			<Sample nodeCount="99" insertCount="6113" extractCount="6064" duration="7514908"/>
			<Sample nodeCount="100" insertCount="6177" extractCount="6123" duration="7651565"/>
			<Sample nodeCount="101" insertCount="6235" extractCount="6188" duration="7686383"/>
			<Sample nodeCount="102" insertCount="6299" extractCount="6247" duration="7736242"/>
			<Sample nodeCount="103" insertCount="6360" extractCount="6309" duration="7878608"/>
			<Sample nodeCount="104" insertCount="6426" extractCount="6366" duration="8001476"/>
			<Sample nodeCount="105" insertCount="6484" extractCount="6431" duration="8069003"/>
			<Sample nodeCount="106" insertCount="6548" extractCount="6490" duration="8174447"/>
			<Sample nodeCount="107" insertCount="6610" extractCount="6551" duration="8256129"/>
			<Sample nodeCount="108" insertCount="6668" extractCount="6616" duration="8337590"/>
			<Sample nodeCount="109" insertCount="6732" extractCount="6675" duration="8426658"/>
			<Sample nodeCount="110" insertCount="6793" extractCount="6737" duration="8526314"/>
			<Sample nodeCount="111" insertCount="6853" extractCount="6800" duration="8599056"/>
			<Sample nodeCount="112" insertCount="6916" extractCount="6860" duration="8683994"/>
			<Sample nodeCount="113" insertCount="6976" extractCount="6923" duration="8768967"/>
			<Sample nodeCount="114" insertCount="7037" extractCount="6985" duration="8879856"/>
			<Sample nodeCount="115" insertCount="7102" extractCount="7043" duration="9001437"/>
			<Sample nodeCount="116" insertCount="7162" extractCount="7106" duration="9070554"/>
			<Sample nodeCount="117" insertCount="7223" extractCount="7168" duration="9154254"/>
			<Sample nodeCount="118" insertCount="7287" extractCount="7227" duration="9193200"/>
			<Sample nodeCount="119" insertCount="7350" extractCount="7287" duration="9311623"/>
			<Sample nodeCount="120" insertCount="7407" extractCount="7353" duration="9403158"/>
			<Sample nodeCount="121" insertCount="7472" extractCount="7411" duration="9520291"/>
			<Sample nodeCount="122" insertCount="7532" extractCount="7474" duration="9597135"/>
			<Sample nodeCount="123" insertCount="7596" extractCount="7533" duration="9747973"/>
			<Sample nodeCount="124" insertCount="7659" extractCount="7593" duration="9763453"/>
			<Sample nodeCount="125" insertCount="7721" extractCount="7654" duration="9887443"/>
			<Sample nodeCount="126" insertCount="7778" extractCount="7720" duration="9922573"/>
			<Sample nodeCount="127" insertCount="7839" extractCount="7782" duration="10065145"/>
		</SmallSetRandomOps>
		<LargeSetRandomOps>
		</LargeSetRandomOps>
		<SmallSetLinear>
			<Sample nodeCount="1" insertCount="10000" extractCount="10000" duration="1426084"/>
			<Sample nodeCount="2" insertCount="10000" extractCount="10000" duration="3627199"/>
			<Sample nodeCount="3" insertCount="10000" extractCount="10000" duration="6620611"/>
			<Sample nodeCount="4" insertCount="10000" extractCount="10000" duration="10967231"/>
			<Sample nodeCount="5" insertCount="10000" extractCount="10000" duration="15368058"/>
			<Sample nodeCount="6" insertCount="10000" extractCount="10000" duration="19369309"/>
			<Sample nodeCount="7" insertCount="10000" extractCount="10000" duration="23542235"/>
			<Sample nodeCount="8" insertCount="10000" extractCount="10000" duration="28407203"/>
			<Sample nodeCount="9" insertCount="10000" extractCount="10000" duration="34519723"/>
			<Sample nodeCount="10" insertCount="10000" extractCount="10000" duration="40113634"/>
			<Sample nodeCount="11" insertCount="10000" extractCount="10000" duration="46432195"/>
			<Sample nodeCount="12" insertCount="10000" extractCount="10000" duration="53622954"/>
			<Sample nodeCount="13" insertCount="10000" extractCount="10000" duration="53424383"/>
			<Sample nodeCount="14" insertCount="10000" extractCount="10000" duration="69115275"/>
			<Sample nodeCount="15" insertCount="10000" extractCount="10000" duration="75386229"/>
			<Sample nodeCount="16" insertCount="10000" extractCount="10000" duration="81219700"/>
			<Sample nodeCount="17" insertCount="10000" extractCount="10000" duration="87483363"/>
			<Sample nodeCount="18" insertCount="10000" extractCount="10000" duration="97802947"/>
			<Sample nodeCount="19" insertCount="10000" extractCount="10000" duration="102724368"/>
			<Sample nodeCount="20" insertCount="10000" extractCount="10000" duration="112238296"/>
			<Sample nodeCount="21" insertCount="10000" extractCount="10000" duration="117017832"/>
			<Sample nodeCount="22" insertCount="10000" extractCount="10000" duration="124486268"/>
			<Sample nodeCount="23" insertCount="10000" extractCount="10000" duration="133481978"/>
			<Sample nodeCount="24" insertCount="10000" extractCount="10000" duration="139798742"/>
			<Sample nodeCount="25" insertCount="10000" extractCount="10000" duration="150999691"/>
			<Sample nodeCount="26" insertCount="10000" extractCount="10000" duration="156043458"/>
			<Sample nodeCount="27" insertCount="10000" extractCount="10000" duration="164771523"/>
			<Sample nodeCount="28" insertCount="10000" extractCount="10000" duration="176274795"/>
			<Sample nodeCount="29" insertCount="10000" extractCount="10000" duration="186897607"/>
			<Sample nodeCount="30" insertCount="10000" extractCount="10000" duration="190254307"/>
			<Sample nodeCount="31" insertCount="10000" extractCount="10000" duration="197395718"/>
			<Sample nodeCount="32" insertCount="10000" extractCount="10000" duration="207462670"/>
			<Sample nodeCount="33" insertCount="10000" extractCount="10000" duration="215865735"/>
			<Sample nodeCount="34" insertCount="10000" extractCount="10000" duration="218769963"/>
			<Sample nodeCount="35" insertCount="10000" extractCount="10000" duration="230162333"/>
			<Sample nodeCount="36" insertCount="10000" extractCount="10000" duration="236227016"/>
			<Sample nodeCount="37" insertCount="10000" extractCount="10000" duration="246314535"/>
			<Sample nodeCount="38" insertCount="10000" extractCount="10000" duration="256211419"/>
			<Sample nodeCount="39" insertCount="10000" extractCount="10000" duration="268745330"/>
			<Sample nodeCount="40" insertCount="10000" extractCount="10000" duration="274315628"/>
			<Sample nodeCount="41" insertCount="10000" extractCount="10000" duration="280196725"/>
			<Sample nodeCount="42" insertCount="10000" extractCount="10000" duration="288250771"/>
			<Sample nodeCount="43" insertCount="10000" extractCount="10000" duration="294621357"/>
			<Sample nodeCount="44" insertCount="10000" extractCount="10000" duration="302749655"/>
			<Sample nodeCount="45" insertCount="10000" extractCount="10000" duration="310381525"/>
			<Sample nodeCount="46" insertCount="10000" extractCount="10000" duration="318168102"/>
			<Sample nodeCount="47" insertCount="10000" extractCount="10000" duration="337674316"/>
			<Sample nodeCount="48" insertCount="10000" extractCount="10000" duration="337860947"/>
			<Sample nodeCount="49" insertCount="10000" extractCount="10000" duration="340959050"/>
			<Sample nodeCount="50" insertCount="10000" extractCount="10000" duration="350853978"/>
			<Sample nodeCount="51" insertCount="10000" extractCount="10000" duration="364639367"/>
			<Sample nodeCount="52" insertCount="10000" extractCount="10000" duration="372930076"/>
			<Sample nodeCount="53" insertCount="10000" extractCount="10000" duration="375660688"/>
			<Sample nodeCount="54" insertCount="10000" extractCount="10000" duration="388963871"/>
			<Sample nodeCount="55" insertCount="10000" extractCount="10000" duration="398350815"/>
			<Sample nodeCount="56" insertCount="10000" extractCount="10000" duration="408711178"/>
			<Sample nodeCount="57" insertCount="10000" extractCount="10000" duration="413403080"/>
			<Sample nodeCount="58" insertCount="10000" extractCount="10000" duration="425006867"/>
			<Sample nodeCount="59" insertCount="10000" extractCount="10000" duration="434781414"/>
			<Sample nodeCount="60" insertCount="10000" extractCount="10000" duration="439728530"/>
			<Sample nodeCount="61" insertCount="10000" extractCount="10000" duration="450071724"/>
			<Sample nodeCount="62" insertCount="10000" extractCount="10000" duration="461757423"/>
			<Sample nodeCount="63" insertCount="10000" extractCount="10000" duration="470336907"/>
			<Sample nodeCount="64" insertCount="10000" extractCount="10000" duration="477762691"/>
			<Sample nodeCount="65" insertCount="10000" extractCount="10000" duration="486426846"/>
			<Sample nodeCount="66" insertCount="10000" extractCount="10000" duration="499896125"/>
			<Sample nodeCount="67" insertCount="10000" extractCount="10000" duration="503688132"/>
			<Sample nodeCount="68" insertCount="10000" extractCount="10000" duration="510776197"/>
			<Sample nodeCount="69" insertCount="10000" extractCount="10000" duration="516249036"/>
			<Sample nodeCount="70" insertCount="10000" extractCount="10000" duration="527692614"/>
			<Sample nodeCount="71" insertCount="10000" extractCount="10000" duration="540238585"/>
			<Sample nodeCount="72" insertCount="10000" extractCount="10000" duration="546176880"/>
			<Sample nodeCount="73" insertCount="10000" extractCount="10000" duration="557484183"/>
			<Sample nodeCount="74" insertCount="10000" extractCount="10000" duration="564085128"/>
			<Sample nodeCount="75" insertCount="10000" extractCount="10000" duration="573789568"/>
			<Sample nodeCount="76" insertCount="10000" extractCount="10000" duration="582330805"/>
			<Sample nodeCount="77" insertCount="10000" extractCount="10000" duration="591709720"/>
			<Sample nodeCount="78" insertCount="10000" extractCount="10000" duration="604396609"/>
			<Sample nodeCount="79" insertCount="10000" extractCount="10000" duration="613891397"/>
			<Sample nodeCount="80" insertCount="10000" extractCount="10000" duration="621776437"/>
			<Sample nodeCount="81" insertCount="10000" extractCount="10000" duration="629349164"/>
			<Sample nodeCount="82" insertCount="10000" extractCount="10000" duration="639282388"/>
			<Sample nodeCount="83" insertCount="10000" extractCount="10000" duration="646723919"/>
			<Sample nodeCount="84" insertCount="10000" extractCount="10000" duration="657274482"/>
			<Sample nodeCount="85" insertCount="10000" extractCount="10000" duration="661791193"/>
			<Sample nodeCount="86" insertCount="10000" extractCount="10000" duration="671404487"/>
			<Sample nodeCount="87" insertCount="10000" extractCount="10000" duration="687294634"/>
			<Sample nodeCount="88" insertCount="10000" extractCount="10000" duration="693946402"/>
			<Sample nodeCount="89" insertCount="10000" extractCount="10000" duration="705381132"/>
			<Sample nodeCount="90" insertCount="10000" extractCount="10000" duration="710431067"/>
			<Sample nodeCount="91" insertCount="10000" extractCount="10000" duration="718279991"/>
			<Sample nodeCount="92" insertCount="10000" extractCount="10000" duration="729750763"/>
			<Sample nodeCount="93" insertCount="10000" extractCount="10000" duration="739877021"/>
			<Sample nodeCount="94" insertCount="10000" extractCount="10000" duration="746963805"/>
			<Sample nodeCount="95" insertCount="10000" extractCount="10000" duration="765315919"/>
			<Sample nodeCount="96" insertCount="10000" extractCount="10000" duration="769385026"/>
			<Sample nodeCount="97" insertCount="10000" extractCount="10000" duration="776342354"/>
			<Sample nodeCount="98" insertCount="10000" extractCount="10000" duration="783153165"/>
			<Sample nodeCount="99" insertCount="10000" extractCount="10000" duration="791083454"/>
			<Sample nodeCount="100" insertCount="10000" extractCount="10000" duration="808998317"/>
			<Sample nodeCount="101" insertCount="10000" extractCount="10000" duration="811417427"/>
			<Sample nodeCount="102" insertCount="10000" extractCount="10000" duration="827224508"/>
			<Sample nodeCount="103" insertCount="10000" extractCount="10000" duration="834667677"/>
			<Sample nodeCount="104" insertCount="10000" extractCount="10000" duration="842636189"/>
			<Sample nodeCount="105" insertCount="10000" extractCount="10000" duration="855134745"/>
			<Sample nodeCount="106" insertCount="10000" extractCount="10000" duration="862093774"/>
			<Sample nodeCount="107" insertCount="10000" extractCount="10000" duration="870556080"/>
			<Sample nodeCount="108" insertCount="10000" extractCount="10000" duration="882087046"/>
			<Sample nodeCount="109" insertCount="10000" extractCount="10000" duration="887216144"/>
			<Sample nodeCount="110" insertCount="10000" extractCount="10000" duration="906378058"/>
			<Sample nodeCount="111" insertCount="10000" extractCount="10000" duration="905338956"/>
			<Sample nodeCount="112" insertCount="10000" extractCount="10000" duration="917863866"/>
			<Sample nodeCount="113" insertCount="10000" extractCount="10000" duration="922177174"/>
			<Sample nodeCount="114" insertCount="10000" extractCount="10000" duration="932185961"/>
			<Sample nodeCount="115" insertCount="10000" extractCount="10000" duration="945522271"/>
			<Sample nodeCount="116" insertCount="10000" extractCount="10000" duration="956037866"/>
			<Sample nodeCount="117" insertCount="10000" extractCount="10000" duration="968238258"/>
			<Sample nodeCount="118" insertCount="10000" extractCount="10000" duration="978314532"/>
			<Sample nodeCount="119" insertCount="10000" extractCount="10000" duration="978177504"/>
			<Sample nodeCount="120" insertCount="10000" extractCount="10000" duration="997550252"/>
			<Sample nodeCount="121" insertCount="10000" extractCount="10000" duration="997626347"/>
			<Sample nodeCount="122" insertCount="10000" extractCount="10000" duration="1009156993"/>
			<Sample nodeCount="123" insertCount="10000" extractCount="10000" duration="1031114666"/>
			<Sample nodeCount="124" insertCount="10000" extractCount="10000" duration="1032168678"/>
			<Sample nodeCount="125" insertCount="10000" extractCount="10000" duration="1043859825"/>
			<Sample nodeCount="126" insertCount="10000" extractCount="10000" duration="1046782575"/>
			<Sample nodeCount="127" insertCount="10000" extractCount="10000" duration="1059556702"/>
		</SmallSetLinear>
		<LargeSetLinear>
		</LargeSetLinear>
	</RBTest>
	<RBTest implementation="RTEMS Compact" nodeSize="12">
		<SmallSetRandomOps>
			<Sample nodeCount="1" insertCount="62" extractCount="61" duration="17301"/>
			<Sample nodeCount="2" insertCount="123" extractCount="123" duration="42384"/>
			<Sample nodeCount="3" insertCount="186" extractCount="183" duration="138870"/>
			<Sample nodeCount="4" insertCount="247" extractCount="245" duration="109890"/>
			<Sample nodeCount="5" insertCount="309" extractCount="306" duration="251550"/>
			<Sample nodeCount="6" insertCount="370" extractCount="368" duration="302212"/>
			<Sample nodeCount="7" insertCount="433" extractCount="428" duration="358719"/>
			<Sample nodeCount="8" insertCount="493" extractCount="491" duration="262437"/>
			<Sample nodeCount="9" insertCount="557" extractCount="550" duration="465243"/>
			<Sample nodeCount="10" insertCount="619" extractCount="611" duration="505270"/>
			<Sample nodeCount="11" insertCount="680" extractCount="673" duration="562663"/>
			<Sample nodeCount="12" insertCount="740" extractCount="736" duration="603858"/>
			<Sample nodeCount="13" insertCount="803" extractCount="796" duration="663970"/>
			<Sample nodeCount="14" insertCount="864" extractCount="858" duration="715483"/>
			<Sample nodeCount="15" insertCount="927" extractCount="918" duration="769485"/>
			<Sample nodeCount="16" insertCount="988" extractCount="980" duration="530616"/>
			<Sample nodeCount="17" insertCount="1050" extractCount="1041" duration="881182"/>
			<Sample nodeCount="18" insertCount="1113" extractCount="1101" duration="914272"/>
			<Sample nodeCount="19" insertCount="1172" extractCount="1165" duration="979282"/>
			<Sample nodeCount="20" insertCount="1237" extractCount="1223" duration="1028500"/>
			<Sample nodeCount="21" insertCount="1296" extractCount="1287" duration="1076113"/>
			<Sample nodeCount="22" insertCount="1359" extractCount="1347" duration="1125613"/>
			<Sample nodeCount="23" insertCount="1419" extractCount="1410" duration="1173448"/>
			<Sample nodeCount="24" insertCount="1484" extractCount="1468" duration="1236544"/>
			<Sample nodeCount="25" insertCount="1544" extractCount="1531" duration="1288049"/>
			<Sample nodeCount="26" insertCount="1604" extractCount="1594" duration="1335583"/>
			<Sample nodeCount="27" insertCount="1668" extractCount="1653" duration="1388648"/>
			<Sample nodeCount="28" insertCount="1729" extractCount="1715" duration="1446796"/>
			<Sample nodeCount="29" insertCount="1790" extractCount="1777" duration="1506223"/>
			<Sample nodeCount="30" insertCount="1851" extractCount="1839" duration="1542518"/>
			<Sample nodeCount="31" insertCount="1914" extractCount="1899" duration="1619323"/>
			<Sample nodeCount="32" insertCount="1977" extractCount="1959" duration="1090417"/>
			<Sample nodeCount="33" insertCount="2041" extractCount="2018" duration="1692409"/>
			<Sample nodeCount="34" insertCount="2097" extractCount="2085" duration="1718900"/>
			<Sample nodeCount="35" insertCount="2160" extractCount="2145" duration="1794533"/>
			<Sample nodeCount="36" insertCount="2221" extractCount="2207" duration="1846601"/>
			<Sample nodeCount="37" insertCount="2285" extractCount="2266" duration="1887326"/>
			<Sample nodeCount="38" insertCount="2346" extractCount="2328" duration="1940038"/>
			<Sample nodeCount="39" insertCount="2408" extractCount="2389" duration="1980821"/>
			<Sample nodeCount="40" insertCount="2471" extractCount="2449" duration="2057621"/>
			<Sample nodeCount="41" insertCount="2531" extractCount="2512" duration="2092997"/>
			<Sample nodeCount="42" insertCount="2593" extractCount="2573" duration="2146715"/>
			<Sample nodeCount="43" insertCount="2656" extractCount="2633" duration="2214777"/>
			<Sample nodeCount="44" insertCount="2717" extractCount="2695" duration="2246675"/>
			<Sample nodeCount="45" insertCount="2776" extractCount="2759" duration="2299086"/>
			<Sample nodeCount="46" insertCount="2840" extractCount="2818" duration="2349830"/>
			<Sample nodeCount="47" insertCount="2902" extractCount="2879" duration="2430473"/>
			<Sample nodeCount="48" insertCount="2966" extractCount="2938" duration="2467953"/>
			<Sample nodeCount="49" insertCount="3026" extractCount="3001" duration="2537597"/>
			<Sample nodeCount="50" insertCount="3084" extractCount="3066" duration="2589246"/>
			<Sample nodeCount="51" insertCount="3151" extractCount="3122" duration="2618648"/>
			<Sample nodeCount="52" insertCount="3209" extractCount="3187" duration="2691477"/>
			<Sample nodeCount="53" insertCount="3273" extractCount="3246" duration="2745885"/>
			<Sample nodeCount="54" insertCount="3337" extractCount="3305" duration="2795523"/>
			<Sample nodeCount="55" insertCount="3400" extractCount="3365" duration="2833365"/>
			<Sample nodeCount="56" insertCount="3458" extractCount="3430" duration="2887851"/>
			<Sample nodeCount="57" insertCount="3521" extractCount="3490" duration="2954520"/>
			<Sample nodeCount="58" insertCount="3580" extractCount="3554" duration="2983134"/>
			<Sample nodeCount="59" insertCount="3647" extractCount="3610" duration="3047160"/>
			<Sample nodeCount="60" insertCount="3706" extractCount="3674" duration="3076221"/>
			<Sample nodeCount="61" insertCount="3766" extractCount="3737" duration="3149877"/>
			<Sample nodeCount="62" insertCount="3828" extractCount="3798" duration="3180288"/>
			<Sample nodeCount="63" insertCount="3888" extractCount="3861" duration="3238864"/>
			<Sample nodeCount="64" insertCount="3952" extractCount="3920" duration="2225453"/>
			<Sample nodeCount="65" insertCount="4014" extractCount="3981" duration="3341575"/>
			<Sample nodeCount="66" insertCount="4077" extractCount="4041" duration="3381228"/>
			<Sample nodeCount="67" insertCount="4136" extractCount="4105" duration="3400638"/>
			<Sample nodeCount="68" insertCount="4200" extractCount="4164" duration="3452308"/>
			<Sample nodeCount="69" insertCount="4263" extractCount="4224" duration="3519417"/>
			<Sample nodeCount="70" insertCount="4325" extractCount="4285" duration="3550435"/>
			<Sample nodeCount="71" insertCount="4381" extractCount="4352" duration="3641733"/>
			<Sample nodeCount="72" insertCount="4448" extractCount="4408" duration="3672280"/>
			<Sample nodeCount="73" insertCount="4507" extractCount="4472" duration="3730141"/>
			<Sample nodeCount="74" insertCount="4571" extractCount="4531" duration="3744910"/>
			<Sample nodeCount="75" insertCount="4631" extractCount="4594" duration="3822280"/>
			<Sample nodeCount="76" insertCount="4693" extractCount="4655" duration="3866067"/>
			<Sample nodeCount="77" insertCount="4755" extractCount="4716" duration="3923806"/>
			<Sample nodeCount="78" insertCount="4817" extractCount="4777" duration="3988183"/>
			<Sample nodeCount="79" insertCount="4877" extractCount="4840" duration="4036015"/>
			<Sample nodeCount="80" insertCount="4942" extractCount="4898" duration="4113472"/>
			<Sample nodeCount="81" insertCount="5002" extractCount="4961" duration="4136404"/>
			<Sample nodeCount="82" insertCount="5063" extractCount="5023" duration="4202491"/>
			<Sample nodeCount="83" insertCount="5124" extractCount="5085" duration="4273706"/>
			<Sample nodeCount="84" insertCount="5187" extractCount="5145" duration="4329508"/>
			<Sample nodeCount="85" insertCount="5250" extractCount="5205" duration="4349765"/>
			<Sample nodeCount="86" insertCount="5314" extractCount="5264" duration="4431688"/>
			<Sample nodeCount="87" insertCount="5374" extractCount="5327" duration="4487158"/>
			<Sample nodeCount="88" insertCount="5432" extractCount="5392" duration="4504334"/>
			<Sample nodeCount="89" insertCount="5490" extractCount="5457" duration="4579534"/>
			<Sample nodeCount="90" insertCount="5559" extractCount="5511" duration="4599245"/>
			<Sample nodeCount="91" insertCount="5621" extractCount="5572" duration="4659223"/>
			<Sample nodeCount="92" insertCount="5680" extractCount="5636" duration="4727651"/>
			<Sample nodeCount="93" insertCount="5740" extractCount="5699" duration="4809464"/>
			<Sample nodeCount="94" insertCount="5803" extractCount="5759" duration="4819391"/>
			<Sample nodeCount="95" insertCount="5862" extractCount="5823" duration="4885850"/>
			<Sample nodeCount="96" insertCount="5929" extractCount="5879" duration="4944253"/>
			<Sample nodeCount="97" insertCount="5993" extractCount="5938" duration="5020316"/>
			<Sample nodeCount="98" insertCount="6055" extractCount="5999" duration="5061176"/>
			<Sample nodeCount="99" insertCount="6113" extractCount="6064" duration="5119451"/>
			<Sample nodeCount="100" insertCount="6172" extractCount="6128" duration="5137520"/>
			<Sample nodeCount="101" insertCount="6238" extractCount="6185" duration="5212362"/>
			<Sample nodeCount="102" insertCount="6299" extractCount="6247" duration="5252540"/>
			<Sample nodeCount="103" insertCount="6363" extractCount="6306" duration="5318873"/>
			<Sample nodeCount="104" insertCount="6426" extractCount="6366" duration="5371494"/>
			<Sample nodeCount="105" insertCount="6481" extractCount="6434" duration="5419604"/>
			<Sample nodeCount="106" insertCount="6544" extractCount="6494" duration="5487134"/>
			<Sample nodeCount="107" insertCount="6607" extractCount="6554" duration="5538810"/>
			<Sample nodeCount="108" insertCount="6669" extractCount="6615" duration="5579399"/>
			<Sample nodeCount="109" insertCount="6732" extractCount="6675" duration="5624568"/>
			<Sample nodeCount="110" insertCount="6794" extractCount="6736" duration="5668638"/>
			<Sample nodeCount="111" insertCount="6852" extractCount="6801" duration="5751255"/>
			<Sample nodeCount="112" insertCount="6918" extractCount="6858" duration="5807996"/>
			<Sample nodeCount="113" insertCount="6981" extractCount="6918" duration="5866377"/>
			<Sample nodeCount="114" insertCount="7041" extractCount="6981" duration="5904717"/>
			<Sample nodeCount="115" insertCount="7103" extractCount="7042" duration="5970624"/>
			<Sample nodeCount="116" insertCount="7164" extractCount="7104" duration="6022059"/>
			<Sample nodeCount="117" insertCount="7225" extractCount="7166" duration="6088548"/>
			<Sample nodeCount="118" insertCount="7291" extractCount="7223" duration="6119682"/>
			<Sample nodeCount="119" insertCount="7350" extractCount="7287" duration="6196981"/>
			<Sample nodeCount="120" insertCount="7410" extractCount="7350" duration="6220683"/>
			<Sample nodeCount="121" insertCount="7471" extractCount="7412" duration="6273813"/>
			<Sample nodeCount="122" insertCount="7537" extractCount="7469" duration="6310368"/>
			<Sample nodeCount="123" insertCount="7593" extractCount="7536" duration="6373120"/>
			<Sample nodeCount="124" insertCount="7658" extractCount="7594" duration="6399213"/>
			<Sample nodeCount="125" insertCount="7718" extractCount="7657" duration="6503140"/>
			<Sample nodeCount="126" insertCount="7781" extractCount="7717" duration="6517014"/>
			<Sample nodeCount="127" insertCount="7840" extractCount="7781" duration="6591169"/>
		</SmallSetRandomOps>
		<LargeSetRandomOps>
		</LargeSetRandomOps>
		<SmallSetLinear>
			<Sample nodeCount="1" insertCount="10000" extractCount="10000" duration="1591588"/>
			<Sample nodeCount="2" insertCount="10000" extractCount="10000" duration="3624334"/>
			<Sample nodeCount="3" insertCount="10000" extractCount="10000" duration="6374664"/>
			<Sample nodeCount="4" insertCount="10000" extractCount="10000" duration="9562495"/>
			<Sample nodeCount="5" insertCount="10000" extractCount="10000" duration="12568494"/>
			<Sample nodeCount="6" insertCount="10000" extractCount="10000" duration="16015915"/>
			<Sample nodeCount="7" insertCount="10000" extractCount="10000" duration="18976297"/>
			<Sample nodeCount="8" insertCount="10000" extractCount="10000" duration="23865144"/>
			<Sample nodeCount="9" insertCount="10000" extractCount="10000" duration="26807106"/>
			<Sample nodeCount="10" insertCount="10000" extractCount="10000" duration="31713433"/>
			<Sample nodeCount="11" insertCount="10000" extractCount="10000" duration="35154411"/>
			<Sample nodeCount="12" insertCount="10000" extractCount="10000" duration="40651465"/>
			<Sample nodeCount="13" insertCount="10000" extractCount="10000" duration="44467241"/>
			<Sample nodeCount="14" insertCount="10000" extractCount="10000" duration="49621064"/>
			<Sample nodeCount="15" insertCount="10000" extractCount="10000" duration="53589387"/>
			<Sample nodeCount="16" insertCount="10000" extractCount="10000" duration="59273276"/>
			<Sample nodeCount="17" insertCount="10000" extractCount="10000" duration="62910630"/>
			<Sample nodeCount="18" insertCount="10000" extractCount="10000" duration="69856561"/>
			<Sample nodeCount="19" insertCount="10000" extractCount="10000" duration="73287527"/>
			<Sample nodeCount="20" insertCount="10000" extractCount="10000" duration="77624292"/>
			<Sample nodeCount="21" insertCount="10000" extractCount="10000" duration="81111417"/>
			<Sample nodeCount="22" insertCount="10000" extractCount="10000" duration="87279588"/>
			<Sample nodeCount="23" insertCount="10000" extractCount="10000" duration="91678478"/>
			<Sample nodeCount="24" insertCount="10000" extractCount="10000" duration="97942322"/>
			<Sample nodeCount="25" insertCount="10000" extractCount="10000" duration="101501883"/>
			<Sample nodeCount="26" insertCount="10000" extractCount="10000" duration="109633376"/>
			<Sample nodeCount="27" insertCount="10000" extractCount="10000" duration="113741940"/>
			<Sample nodeCount="28" insertCount="10000" extractCount="10000" duration="118724603"/>
			<Sample nodeCount="29" insertCount="10000" extractCount="10000" duration="122290274"/>
			<Sample nodeCount="30" insertCount="10000" extractCount="10000" duration="128874495"/>
			<Sample nodeCount="31" insertCount="10000" extractCount="10000" duration="135309627"/>
			<Sample nodeCount="32" insertCount="10000" extractCount="10000" duration="140935956"/>
			<Sample nodeCount="33" insertCount="10000" extractCount="10000" duration="144663036"/>
			<Sample nodeCount="34" insertCount="10000" extractCount="10000" duration="151219186"/>
			<Sample nodeCount="35" insertCount="10000" extractCount="10000" duration="156858127"/>
			<Sample nodeCount="36" insertCount="10000" extractCount="10000" duration="161555889"/>
			<Sample nodeCount="37" insertCount="10000" extractCount="10000" duration="166999094"/>
			<Sample nodeCount="38" insertCount="10000" extractCount="10000" duration="172776542"/>
			<Sample nodeCount="39" insertCount="10000" extractCount="10000" duration="177212829"/>
			<Sample nodeCount="40" insertCount="10000" extractCount="10000" duration="182448593"/>
			<Sample nodeCount="41" insertCount="10000" extractCount="10000" duration="187047661"/>
			<Sample nodeCount="42" insertCount="10000" extractCount="10000" duration="193873859"/>
			<Sample nodeCount="43" insertCount="10000" extractCount="10000" duration="197931381"/>
			<Sample nodeCount="44" insertCount="10000" extractCount="10000" duration="203620488"/>
			<Sample nodeCount="45" insertCount="10000" extractCount="10000" duration="207841825"/>
			<Sample nodeCount="46" insertCount="10000" extractCount="10000" duration="213822769"/>
			<Sample nodeCount="47" insertCount="10000" extractCount="10000" duration="219820123"/>
			<Sample nodeCount="48" insertCount="10000" extractCount="10000" duration="226243966"/>
			<Sample nodeCount="49" insertCount="10000" extractCount="10000" duration="230768184"/>
			<Sample nodeCount="50" insertCount="10000" extractCount="10000" duration="238056910"/>
			<Sample nodeCount="51" insertCount="10000" extractCount="10000" duration="244198810"/>
			<Sample nodeCount="52" insertCount="10000" extractCount="10000" duration="248969688"/>
			<Sample nodeCount="53" insertCount="10000" extractCount="10000" duration="254501888"/>
			<Sample nodeCount="54" insertCount="10000" extractCount="10000" duration="260315948"/>
			<Sample nodeCount="55" insertCount="10000" extractCount="10000" duration="264987958"/>
			<Sample nodeCount="56" insertCount="10000" extractCount="10000" duration="268098586"/>
			<Sample nodeCount="57" insertCount="10000" extractCount="10000" duration="274901153"/>
			<Sample nodeCount="58" insertCount="10000" extractCount="10000" duration="281121659"/>
			<Sample nodeCount="59" insertCount="10000" extractCount="10000" duration="286886666"/>
			<Sample nodeCount="60" insertCount="10000" extractCount="10000" duration="290043830"/>
			<Sample nodeCount="61" insertCount="10000" extractCount="10000" duration="297417066"/>
			<Sample nodeCount="62" insertCount="10000" extractCount="10000" duration="304288541"/>
			<Sample nodeCount="63" insertCount="10000" extractCount="10000" duration="310310392"/>
			<Sample nodeCount="64" insertCount="10000" extractCount="10000" duration="313496740"/>
			<Sample nodeCount="65" insertCount="10000" extractCount="10000" duration="322593590"/>
			<Sample nodeCount="66" insertCount="10000" extractCount="10000" duration="324664738"/>
			<Sample nodeCount="67" insertCount="10000" extractCount="10000" duration="332058293"/>
			<Sample nodeCount="68" insertCount="10000" extractCount="10000" duration="339610546"/>
			<Sample nodeCount="69" insertCount="10000" extractCount="10000" duration="343291772"/>
			<Sample nodeCount="70" insertCount="10000" extractCount="10000" duration="349322638"/>
			<Sample nodeCount="71" insertCount="10000" extractCount="10000" duration="359580192"/>
			<Sample nodeCount="72" insertCount="10000" extractCount="10000" duration="364047346"/>
			<Sample nodeCount="73" insertCount="10000" extractCount="10000" duration="367180303"/>
			<Sample nodeCount="74" insertCount="10000" extractCount="10000" duration="375250701"/>
			<Sample nodeCount="75" insertCount="10000" extractCount="10000" duration="382192480"/>
			<Sample nodeCount="76" insertCount="10000" extractCount="10000" duration="385617194"/>
			<Sample nodeCount="77" insertCount="10000" extractCount="10000" duration="392474081"/>
			<Sample nodeCount="78" insertCount="10000" extractCount="10000" duration="397858160"/>
			<Sample nodeCount="79" insertCount="10000" extractCount="10000" duration="408772111"/>
			<Sample nodeCount="80" insertCount="10000" extractCount="10000" duration="411173892"/>
			<Sample nodeCount="81" insertCount="10000" extractCount="10000" duration="419769546"/>
			<Sample nodeCount="82" insertCount="10000" extractCount="10000" duration="421423529"/>
			<Sample nodeCount="83" insertCount="10000" extractCount="10000" duration="431323751"/>
			<Sample nodeCount="84" insertCount="10000" extractCount="10000" duration="436166719"/>
			<Sample nodeCount="85" insertCount="10000" extractCount="10000" duration="440233766"/>
			<Sample nodeCount="86" insertCount="10000" extractCount="10000" duration="449269007"/>
			<Sample nodeCount="87" insertCount="10000" extractCount="10000" duration="453776044"/>
			<Sample nodeCount="88" insertCount="10000" extractCount="10000" duration="457125256"/>
			<Sample nodeCount="89" insertCount="10000" extractCount="10000" duration="463901819"/>
			<Sample nodeCount="90" insertCount="10000" extractCount="10000" duration="472574734"/>
			<Sample nodeCount="91" insertCount="10000" extractCount="10000" duration="479591169"/>
			<Sample nodeCount="92" insertCount="10000" extractCount="10000" duration="482037584"/>
			<Sample nodeCount="93" insertCount="10000" extractCount="10000" duration="492723873"/>
			<Sample nodeCount="94" insertCount="10000" extractCount="10000" duration="500181314"/>
			<Sample nodeCount="95" insertCount="10000" extractCount="10000" duration="509870853"/>
			<Sample nodeCount="96" insertCount="10000" extractCount="10000" duration="511431458"/>
			<Sample nodeCount="97" insertCount="10000" extractCount="10000" duration="519625681"/>
			<Sample nodeCount="98" insertCount="10000" extractCount="10000" duration="522848860"/>
			<Sample nodeCount="99" insertCount="10000" extractCount="10000" duration="529283539"/>
			<Sample nodeCount="100" insertCount="10000" extractCount="10000" duration="536524974"/>
			<Sample nodeCount="101" insertCount="10000" extractCount="10000" duration="543879829"/>
			<Sample nodeCount="102" insertCount="10000" extractCount="10000" duration="545015975"/>
			<Sample nodeCount="103" insertCount="10000" extractCount="10000" duration="558269289"/>
			<Sample nodeCount="104" insertCount="10000" extractCount="10000" duration="559382182"/>
			<Sample nodeCount="105" insertCount="10000" extractCount="10000" duration="567535483"/>
			<Sample nodeCount="106" insertCount="10000" extractCount="10000" duration="571995536"/>
			<Sample nodeCount="107" insertCount="10000" extractCount="10000" duration="582298443"/>
			<Sample nodeCount="108" insertCount="10000" extractCount="10000" duration="587280176"/>
			<Sample nodeCount="109" insertCount="10000" extractCount="10000" duration="597576075"/>
			<Sample nodeCount="110" insertCount="10000" extractCount="10000" duration="602808174"/>
			<Sample nodeCount="111" insertCount="10000" extractCount="10000" duration="607567900"/>
			<Sample nodeCount="112" insertCount="10000" extractCount="10000" duration="615408654"/>
			<Sample nodeCount="113" insertCount="10000" extractCount="10000" duration="622656601"/>
			<Sample nodeCount="114" insertCount="10000" extractCount="10000" duration="628905308"/>
			<Sample nodeCount="115" insertCount="10000" extractCount="10000" duration="632079281"/>
			<Sample nodeCount="116" insertCount="10000" extractCount="10000" duration="636005142"/>
			<Sample nodeCount="117" insertCount="10000" extractCount="10000" duration="645476313"/>
			<Sample nodeCount="118" insertCount="10000" extractCount="10000" duration="654990844"/>
			<Sample nodeCount="119" insertCount="10000" extractCount="10000" duration="661027732"/>
			<Sample nodeCount="120" insertCount="10000" extractCount="10000" duration="667269127"/>
			<Sample nodeCount="121" insertCount="10000" extractCount="10000" duration="678169878"/>
			<Sample nodeCount="122" insertCount="10000" extractCount="10000" duration="680254764"/>
			<Sample nodeCount="123" insertCount="10000" extractCount="10000" duration="686065943"/>
			<Sample nodeCount="124" insertCount="10000" extractCount="10000" duration="687661606"/>
			<Sample nodeCount="125" insertCount="10000" extractCount="10000" duration="697200209"/>
			<Sample nodeCount="126" insertCount="10000" extractCount="10000" duration="702054816"/>
			<Sample nodeCount="127" insertCount="10000" extractCount="10000" duration="713060810"/>
		</SmallSetLinear>
		<LargeSetLinear>
		</LargeSetLinear>
	</RBTest>
	<RBTest implementation="RB New Compact" nodeSize="8">
		<SmallSetRandomOps>
			<Sample nodeCount="1" insertCount="62" extractCount="61" duration="11748"/>
			<Sample nodeCount="2" insertCount="123" extractCount="123" duration="30597"/>
			<Sample nodeCount="3" insertCount="186" extractCount="183" duration="118626"/>
			<Sample nodeCount="4" insertCount="247" extractCount="245" duration="87744"/>
			<Sample nodeCount="5" insertCount="309" extractCount="306" duration="226864"/>
			<Sample nodeCount="6" insertCount="370" extractCount="368" duration="269817"/>
			<Sample nodeCount="7" insertCount="433" extractCount="428" duration="326448"/>
			<Sample nodeCount="8" insertCount="493" extractCount="491" duration="234720"/>
			<Sample nodeCount="9" insertCount="557" extractCount="550" duration="445465"/>
			<Sample nodeCount="10" insertCount="619" extractCount="611" duration="490687"/>
			<Sample nodeCount="11" insertCount="680" extractCount="673" duration="555138"/>
			<Sample nodeCount="12" insertCount="740" extractCount="736" duration="629773"/>
			<Sample nodeCount="13" insertCount="803" extractCount="796" duration="699328"/>
			<Sample nodeCount="14" insertCount="864" extractCount="858" duration="768855"/>
			<Sample nodeCount="15" insertCount="927" extractCount="918" duration="818374"/>
			<Sample nodeCount="16" insertCount="988" extractCount="980" duration="605443"/>
			<Sample nodeCount="17" insertCount="1050" extractCount="1041" duration="966745"/>
			<Sample nodeCount="18" insertCount="1113" extractCount="1101" duration="1034254"/>
			<Sample nodeCount="19" insertCount="1172" extractCount="1165" duration="1106993"/>
			<Sample nodeCount="20" insertCount="1237" extractCount="1223" duration="1168333"/>
			<Sample nodeCount="21" insertCount="1296" extractCount="1287" duration="1231525"/>
			<Sample nodeCount="22" insertCount="1359" extractCount="1347" duration="1293493"/>
			<Sample nodeCount="23" insertCount="1419" extractCount="1410" duration="1364983"/>
			<Sample nodeCount="24" insertCount="1484" extractCount="1468" duration="1434830"/>
			<Sample nodeCount="25" insertCount="1544" extractCount="1531" duration="1499389"/>
			<Sample nodeCount="26" insertCount="1604" extractCount="1594" duration="1573184"/>
			<Sample nodeCount="27" insertCount="1668" extractCount="1653" duration="1649735"/>
			<Sample nodeCount="28" insertCount="1729" extractCount="1715" duration="1714217"/>
			<Sample nodeCount="29" insertCount="1790" extractCount="1777" duration="1795301"/>
			<Sample nodeCount="30" insertCount="1851" extractCount="1839" duration="1866121"/>
			<Sample nodeCount="31" insertCount="1914" extractCount="1899" duration="1952774"/>
			<Sample nodeCount="32" insertCount="1977" extractCount="1959" duration="1443007"/>
			<Sample nodeCount="33" insertCount="2041" extractCount="2018" duration="2076299"/>
			<Sample nodeCount="34" insertCount="2097" extractCount="2085" duration="2143670"/>
			<Sample nodeCount="35" insertCount="2160" extractCount="2145" duration="2231460"/>
			<Sample nodeCount="36" insertCount="2221" extractCount="2207" duration="2306522"/>
			<Sample nodeCount="37" insertCount="2285" extractCount="2266" duration="2375277"/>
			<Sample nodeCount="38" insertCount="2346" extractCount="2328" duration="2468150"/>
			<Sample nodeCount="39" insertCount="2408" extractCount="2389" duration="2551601"/>
			<Sample nodeCount="40" insertCount="2471" extractCount="2449" duration="2632164"/>
			<Sample nodeCount="41" insertCount="2531" extractCount="2512" duration="2683529"/>
			<Sample nodeCount="42" insertCount="2593" extractCount="2573" duration="2765052"/>
			<Sample nodeCount="43" insertCount="2656" extractCount="2633" duration="2894958"/>
			<Sample nodeCount="44" insertCount="2717" extractCount="2695" duration="2973105"/>
			<Sample nodeCount="45" insertCount="2776" extractCount="2759" duration="3036612"/>
			<Sample nodeCount="46" insertCount="2840" extractCount="2818" duration="3123007"/>
			<Sample nodeCount="47" insertCount="2902" extractCount="2879" duration="3209928"/>
			<Sample nodeCount="48" insertCount="2966" extractCount="2938" duration="3296305"/>
			<Sample nodeCount="49" insertCount="3026" extractCount="3001" duration="3389559"/>
			<Sample nodeCount="50" insertCount="3084" extractCount="3066" duration="3474366"/>
			<Sample nodeCount="51" insertCount="3151" extractCount="3122" duration="3544792"/>
			<Sample nodeCount="52" insertCount="3209" extractCount="3187" duration="3619116"/>
			<Sample nodeCount="53" insertCount="3273" extractCount="3246" duration="3721435"/>
			<Sample nodeCount="54" insertCount="3337" extractCount="3305" duration="3793876"/>
			<Sample nodeCount="55" insertCount="3400" extractCount="3365" duration="3877051"/>
			<Sample nodeCount="56" insertCount="3458" extractCount="3430" duration="3950137"/>
			<Sample nodeCount="57" insertCount="3521" extractCount="3490" duration="4029988"/>
			<Sample nodeCount="58" insertCount="3580" extractCount="3554" duration="4152142"/>
			<Sample nodeCount="59" insertCount="3647" extractCount="3610" duration="4274329"/>
			<Sample nodeCount="60" insertCount="3706" extractCount="3674" duration="4313995"/>
			<Sample nodeCount="61" insertCount="3766" extractCount="3737" duration="4414135"/>
			<Sample nodeCount="62" insertCount="3828" extractCount="3798" duration="4470170"/>
			<Sample nodeCount="63" insertCount="3888" extractCount="3861" duration="4540855"/>
			<Sample nodeCount="64" insertCount="3952" extractCount="3920" duration="3483598"/>
			<Sample nodeCount="65" insertCount="4014" extractCount="3981" duration="4705874"/>
			<Sample nodeCount="66" insertCount="4077" extractCount="4041" duration="4741226"/>
			<Sample nodeCount="67" insertCount="4136" extractCount="4105" duration="4830434"/>
			<Sample nodeCount="68" insertCount="4200" extractCount="4164" duration="4922962"/>
			<Sample nodeCount="69" insertCount="4263" extractCount="4224" duration="5014958"/>
			<Sample nodeCount="70" insertCount="4325" extractCount="4285" duration="5123672"/>
			<Sample nodeCount="71" insertCount="4381" extractCount="4352" duration="5147528"/>
			<Sample nodeCount="72" insertCount="4448" extractCount="4408" duration="5254487"/>
			<Sample nodeCount="73" insertCount="4507" extractCount="4472" duration="5319525"/>
			<Sample nodeCount="74" insertCount="4571" extractCount="4531" duration="5324921"/>
			<Sample nodeCount="75" insertCount="4631" extractCount="4594" duration="5430144"/>
			<Sample nodeCount="76" insertCount="4693" extractCount="4655" duration="5570559"/>
			<Sample nodeCount="77" insertCount="4755" extractCount="4716" duration="5642706"/>
			<Sample nodeCount="78" insertCount="4817" extractCount="4777" duration="5647893"/>
			<Sample nodeCount="79" insertCount="4877" extractCount="4840" duration="5755835"/>
			<Sample nodeCount="80" insertCount="4942" extractCount="4898" duration="5910888"/>
			<Sample nodeCount="81" insertCount="5002" extractCount="4961" duration="5981169"/>
			<Sample nodeCount="82" insertCount="5063" extractCount="5023" duration="6049575"/>
			<Sample nodeCount="83" insertCount="5124" extractCount="5085" duration="6154551"/>
			<Sample nodeCount="84" insertCount="5187" extractCount="5145" duration="6151242"/>
			<Sample nodeCount="85" insertCount="5250" extractCount="5205" duration="6242712"/>
			<Sample nodeCount="86" insertCount="5314" extractCount="5264" duration="6338326"/>
			<Sample nodeCount="87" insertCount="5374" extractCount="5327" duration="6475323"/>
			<Sample nodeCount="88" insertCount="5432" extractCount="5392" duration="6516402"/>
			<Sample nodeCount="89" insertCount="5490" extractCount="5457" duration="6587722"/>
			<Sample nodeCount="90" insertCount="5559" extractCount="5511" duration="6687694"/>
			<Sample nodeCount="91" insertCount="5621" extractCount="5572" duration="6806248"/>
			<Sample nodeCount="92" insertCount="5680" extractCount="5636" duration="6875680"/>
			<Sample nodeCount="93" insertCount="5740" extractCount="5699" duration="6941938"/>
			<Sample nodeCount="94" insertCount="5803" extractCount="5759" duration="7000648"/>
			<Sample nodeCount="95" insertCount="5862" extractCount="5823" duration="7164403"/>
			<Sample nodeCount="96" insertCount="5929" extractCount="5879" duration="7216246"/>
			<Sample nodeCount="97" insertCount="5993" extractCount="5938" duration="7274914"/>
			<Sample nodeCount="98" insertCount="6055" extractCount="5999" duration="7415015"/>
			<Sample nodeCount="99" insertCount="6113" extractCount="6064" duration="7540660"/>
			<Sample nodeCount="100" insertCount="6172" extractCount="6128" duration="7579319"/>
			<Sample nodeCount="101" insertCount="6238" extractCount="6185" duration="7732027"/>
			<Sample nodeCount="102" insertCount="6299" extractCount="6247" duration="7789130"/>
			<Sample nodeCount="103" insertCount="6363" extractCount="6306" duration="7864613"/>
			<Sample nodeCount="104" insertCount="6426" extractCount="6366" duration="7975481"/>
			<Sample nodeCount="105" insertCount="6481" extractCount="6434" duration="8131574"/>
			<Sample nodeCount="106" insertCount="6544" extractCount="6494" duration="8157269"/>
			<Sample nodeCount="107" insertCount="6607" extractCount="6554" duration="8227601"/>
			<Sample nodeCount="108" insertCount="6669" extractCount="6615" duration="8315637"/>
			<Sample nodeCount="109" insertCount="6732" extractCount="6675" duration="8455739"/>
			<Sample nodeCount="110" insertCount="6794" extractCount="6736" duration="8531304"/>
			<Sample nodeCount="111" insertCount="6852" extractCount="6801" duration="8575253"/>
			<Sample nodeCount="112" insertCount="6918" extractCount="6858" duration="8719506"/>
			<Sample nodeCount="113" insertCount="6981" extractCount="6918" duration="8859093"/>
			<Sample nodeCount="114" insertCount="7041" extractCount="6981" duration="8858526"/>
			<Sample nodeCount="115" insertCount="7103" extractCount="7042" duration="9029145"/>
			<Sample nodeCount="116" insertCount="7164" extractCount="7104" duration="9152787"/>
			<Sample nodeCount="117" insertCount="7225" extractCount="7166" duration="9217827"/>
			<Sample nodeCount="118" insertCount="7291" extractCount="7223" duration="9294400"/>
			<Sample nodeCount="119" insertCount="7350" extractCount="7287" duration="9408768"/>
			<Sample nodeCount="120" insertCount="7410" extractCount="7350" duration="9507717"/>
			<Sample nodeCount="121" insertCount="7471" extractCount="7412" duration="9579616"/>
			<Sample nodeCount="122" insertCount="7537" extractCount="7469" duration="9671617"/>
			<Sample nodeCount="123" insertCount="7593" extractCount="7536" duration="9674931"/>
			<Sample nodeCount="124" insertCount="7658" extractCount="7594" duration="9827608"/>
			<Sample nodeCount="125" insertCount="7718" extractCount="7657" duration="9918268"/>
			<Sample nodeCount="126" insertCount="7781" extractCount="7717" duration="9962899"/>
			<Sample nodeCount="127" insertCount="7840" extractCount="7781" duration="10086607"/>
		</SmallSetRandomOps>
		<LargeSetRandomOps>
		</LargeSetRandomOps>
		<SmallSetLinear>
			<Sample nodeCount="1" insertCount="10000" extractCount="10000" duration="729430"/>
			<Sample nodeCount="2" insertCount="10000" extractCount="10000" duration="2291591"/>
			<Sample nodeCount="3" insertCount="10000" extractCount="10000" duration="4174868"/>
			<Sample nodeCount="4" insertCount="10000" extractCount="10000" duration="8046350"/>
			<Sample nodeCount="5" insertCount="10000" extractCount="10000" duration="10931870"/>
			<Sample nodeCount="6" insertCount="10000" extractCount="10000" duration="14493318"/>
			<Sample nodeCount="7" insertCount="10000" extractCount="10000" duration="17577272"/>
			<Sample nodeCount="8" insertCount="10000" extractCount="10000" duration="21185050"/>
			<Sample nodeCount="9" insertCount="10000" extractCount="10000" duration="25726618"/>
			<Sample nodeCount="10" insertCount="10000" extractCount="10000" duration="31521908"/>
			<Sample nodeCount="11" insertCount="10000" extractCount="10000" duration="34922288"/>
			<Sample nodeCount="12" insertCount="10000" extractCount="10000" duration="40647638"/>
			<Sample nodeCount="13" insertCount="10000" extractCount="10000" duration="43798337"/>
			<Sample nodeCount="14" insertCount="10000" extractCount="10000" duration="51435531"/>
			<Sample nodeCount="15" insertCount="10000" extractCount="10000" duration="53200154"/>
			<Sample nodeCount="16" insertCount="10000" extractCount="10000" duration="60265698"/>
			<Sample nodeCount="17" insertCount="10000" extractCount="10000" duration="64362892"/>
			<Sample nodeCount="18" insertCount="10000" extractCount="10000" duration="72307680"/>
			<Sample nodeCount="19" insertCount="10000" extractCount="10000" duration="75634521"/>
			<Sample nodeCount="20" insertCount="10000" extractCount="10000" duration="81487465"/>
			<Sample nodeCount="21" insertCount="10000" extractCount="10000" duration="89253875"/>
			<Sample nodeCount="22" insertCount="10000" extractCount="10000" duration="94725716"/>
			<Sample nodeCount="23" insertCount="10000" extractCount="10000" duration="99512179"/>
			<Sample nodeCount="24" insertCount="10000" extractCount="10000" duration="105190821"/>
			<Sample nodeCount="25" insertCount="10000" extractCount="10000" duration="114186055"/>
			<Sample nodeCount="26" insertCount="10000" extractCount="10000" duration="121772432"/>
			<Sample nodeCount="27" insertCount="10000" extractCount="10000" duration="124755020"/>
			<Sample nodeCount="28" insertCount="10000" extractCount="10000" duration="130753541"/>
			<Sample nodeCount="29" insertCount="10000" extractCount="10000" duration="138010398"/>
			<Sample nodeCount="30" insertCount="10000" extractCount="10000" duration="144492604"/>
			<Sample nodeCount="31" insertCount="10000" extractCount="10000" duration="147807343"/>
			<Sample nodeCount="32" insertCount="10000" extractCount="10000" duration="154350274"/>
			<Sample nodeCount="33" insertCount="10000" extractCount="10000" duration="163365991"/>
			<Sample nodeCount="34" insertCount="10000" extractCount="10000" duration="172688918"/>
			<Sample nodeCount="35" insertCount="10000" extractCount="10000" duration="178451843"/>
			<Sample nodeCount="36" insertCount="10000" extractCount="10000" duration="184922114"/>
			<Sample nodeCount="37" insertCount="10000" extractCount="10000" duration="195506164"/>
			<Sample nodeCount="38" insertCount="10000" extractCount="10000" duration="202398076"/>
			<Sample nodeCount="39" insertCount="10000" extractCount="10000" duration="208638409"/>
			<Sample nodeCount="40" insertCount="10000" extractCount="10000" duration="215517752"/>
			<Sample nodeCount="41" insertCount="10000" extractCount="10000" duration="222547084"/>
			<Sample nodeCount="42" insertCount="10000" extractCount="10000" duration="235734308"/>
			<Sample nodeCount="43" insertCount="10000" extractCount="10000" duration="239854971"/>
			<Sample nodeCount="44" insertCount="10000" extractCount="10000" duration="246057243"/>
			<Sample nodeCount="45" insertCount="10000" extractCount="10000" duration="255361446"/>
			<Sample nodeCount="46" insertCount="10000" extractCount="10000" duration="261629761"/>
			<Sample nodeCount="47" insertCount="10000" extractCount="10000" duration="267814870"/>
			<Sample nodeCount="48" insertCount="10000" extractCount="10000" duration="272407674"/>
			<Sample nodeCount="49" insertCount="10000" extractCount="10000" duration="282922552"/>
			<Sample nodeCount="50" insertCount="10000" extractCount="10000" duration="294689014"/>
			<Sample nodeCount="51" insertCount="10000" extractCount="10000" duration="302839668"/>
			<Sample nodeCount="52" insertCount="10000" extractCount="10000" duration="309558109"/>
			<Sample nodeCount="53" insertCount="10000" extractCount="10000" duration="317245133"/>
			<Sample nodeCount="54" insertCount="10000" extractCount="10000" duration="325820990"/>
			<Sample nodeCount="55" insertCount="10000" extractCount="10000" duration="330679200"/>
			<Sample nodeCount="56" insertCount="10000" extractCount="10000" duration="335804136"/>
			<Sample nodeCount="57" insertCount="10000" extractCount="10000" duration="345371811"/>
			<Sample nodeCount="58" insertCount="10000" extractCount="10000" duration="361289143"/>
			<Sample nodeCount="59" insertCount="10000" extractCount="10000" duration="366173067"/>
			<Sample nodeCount="60" insertCount="10000" extractCount="10000" duration="372656641"/>
			<Sample nodeCount="61" insertCount="10000" extractCount="10000" duration="380763402"/>
			<Sample nodeCount="62" insertCount="10000" extractCount="10000" duration="386813712"/>
			<Sample nodeCount="63" insertCount="10000" extractCount="10000" duration="393146763"/>
			<Sample nodeCount="64" insertCount="10000" extractCount="10000" duration="400142470"/>
			<Sample nodeCount="65" insertCount="10000" extractCount="10000" duration="409147117"/>
			<Sample nodeCount="66" insertCount="10000" extractCount="10000" duration="425802345"/>
			<Sample nodeCount="67" insertCount="10000" extractCount="10000" duration="433712044"/>
			<Sample nodeCount="68" insertCount="10000" extractCount="10000" duration="441242203"/>
			<Sample nodeCount="69" insertCount="10000" extractCount="10000" duration="451100851"/>
			<Sample nodeCount="70" insertCount="10000" extractCount="10000" duration="458001095"/>
			<Sample nodeCount="71" insertCount="10000" extractCount="10000" duration="463236757"/>
			<Sample nodeCount="72" insertCount="10000" extractCount="10000" duration="472259113"/>
			<Sample nodeCount="73" insertCount="10000" extractCount="10000" duration="478100263"/>
			<Sample nodeCount="74" insertCount="10000" extractCount="10000" duration="494188325"/>
			<Sample nodeCount="75" insertCount="10000" extractCount="10000" duration="500024207"/>
			<Sample nodeCount="76" insertCount="10000" extractCount="10000" duration="507302178"/>
			<Sample nodeCount="77" insertCount="10000" extractCount="10000" duration="516118917"/>
			<Sample nodeCount="78" insertCount="10000" extractCount="10000" duration="524684435"/>
			<Sample nodeCount="79" insertCount="10000" extractCount="10000" duration="529257625"/>
			<Sample nodeCount="80" insertCount="10000" extractCount="10000" duration="536925321"/>
			<Sample nodeCount="81" insertCount="10000" extractCount="10000" duration="545122256"/>
			<Sample nodeCount="82" insertCount="10000" extractCount="10000" duration="560473058"/>
			<Sample nodeCount="83" insertCount="10000" extractCount="10000" duration="572172384"/>
			<Sample nodeCount="84" insertCount="10000" extractCount="10000" duration="578816298"/>
			<Sample nodeCount="85" insertCount="10000" extractCount="10000" duration="588132276"/>
			<Sample nodeCount="86" insertCount="10000" extractCount="10000" duration="595907954"/>
			<Sample nodeCount="87" insertCount="10000" extractCount="10000" duration="602265617"/>
			<Sample nodeCount="88" insertCount="10000" extractCount="10000" duration="608792103"/>
			<Sample nodeCount="89" insertCount="10000" extractCount="10000" duration="617556375"/>
			<Sample nodeCount="90" insertCount="10000" extractCount="10000" duration="633153099"/>
			<Sample nodeCount="91" insertCount="10000" extractCount="10000" duration="639679654"/>
			<Sample nodeCount="92" insertCount="10000" extractCount="10000" duration="647693721"/>
			<Sample nodeCount="93" insertCount="10000" extractCount="10000" duration="656938791"/>
			<Sample nodeCount="94" insertCount="10000" extractCount="10000" duration="663682845"/>
			<Sample nodeCount="95" insertCount="10000" extractCount="10000" duration="669461845"/>
			<Sample nodeCount="96" insertCount="10000" extractCount="10000" duration="679662200"/>
			<Sample nodeCount="97" insertCount="10000" extractCount="10000" duration="687605920"/>
			<Sample nodeCount="98" insertCount="10000" extractCount="10000" duration="705301491"/>
			<Sample nodeCount="99" insertCount="10000" extractCount="10000" duration="717577383"/>
			<Sample nodeCount="100" insertCount="10000" extractCount="10000" duration="720722356"/>
			<Sample nodeCount="101" insertCount="10000" extractCount="10000" duration="731780022"/>
			<Sample nodeCount="102" insertCount="10000" extractCount="10000" duration="736760050"/>
			<Sample nodeCount="103" insertCount="10000" extractCount="10000" duration="746244851"/>
			<Sample nodeCount="104" insertCount="10000" extractCount="10000" duration="754491344"/>
			<Sample nodeCount="105" insertCount="10000" extractCount="10000" duration="763012768"/>
			<Sample nodeCount="106" insertCount="10000" extractCount="10000" duration="777016770"/>
			<Sample nodeCount="107" insertCount="10000" extractCount="10000" duration="782887785"/>
			<Sample nodeCount="108" insertCount="10000" extractCount="10000" duration="789572950"/>
			<Sample nodeCount="109" insertCount="10000" extractCount="10000" duration="798862396"/>
			<Sample nodeCount="110" insertCount="10000" extractCount="10000" duration="804316243"/>
			<Sample nodeCount="111" insertCount="10000" extractCount="10000" duration="812290634"/>
			<Sample nodeCount="112" insertCount="10000" extractCount="10000" duration="822931738"/>
			<Sample nodeCount="113" insertCount="10000" extractCount="10000" duration="831929734"/>
			<Sample nodeCount="114" insertCount="10000" extractCount="10000" duration="848711439"/>
			<Sample nodeCount="115" insertCount="10000" extractCount="10000" duration="864958333"/>
			<Sample nodeCount="116" insertCount="10000" extractCount="10000" duration="873070719"/>
			<Sample nodeCount="117" insertCount="10000" extractCount="10000" duration="880734503"/>
			<Sample nodeCount="118" insertCount="10000" extractCount="10000" duration="891058215"/>
			<Sample nodeCount="119" insertCount="10000" extractCount="10000" duration="894853915"/>
			<Sample nodeCount="120" insertCount="10000" extractCount="10000" duration="900978025"/>
			<Sample nodeCount="121" insertCount="10000" extractCount="10000" duration="913099654"/>
			<Sample nodeCount="122" insertCount="10000" extractCount="10000" duration="928983311"/>
			<Sample nodeCount="123" insertCount="10000" extractCount="10000" duration="932983410"/>
			<Sample nodeCount="124" insertCount="10000" extractCount="10000" duration="937927241"/>
			<Sample nodeCount="125" insertCount="10000" extractCount="10000" duration="950548866"/>
			<Sample nodeCount="126" insertCount="10000" extractCount="10000" duration="959418234"/>
			<Sample nodeCount="127" insertCount="10000" extractCount="10000" duration="963576802"/>
		</SmallSetLinear>
		<LargeSetLinear>
		</LargeSetLinear>
	</RBTest>
	<RBTest implementation="RTEMS" nodeSize="16">
		<SmallSetRandomOps>
			<Sample nodeCount="1" insertCount="62" extractCount="61" duration="16005"/>
			<Sample nodeCount="2" insertCount="123" extractCount="123" duration="41451"/>
			<Sample nodeCount="3" insertCount="186" extractCount="183" duration="139143"/>
			<Sample nodeCount="4" insertCount="247" extractCount="245" duration="109887"/>
			<Sample nodeCount="5" insertCount="309" extractCount="306" duration="252288"/>
			<Sample nodeCount="6" insertCount="370" extractCount="368" duration="305020"/>
			<Sample nodeCount="7" insertCount="433" extractCount="428" duration="362719"/>
			<Sample nodeCount="8" insertCount="493" extractCount="491" duration="265095"/>
			<Sample nodeCount="9" insertCount="557" extractCount="550" duration="471117"/>
			<Sample nodeCount="10" insertCount="619" extractCount="611" duration="514966"/>
			<Sample nodeCount="11" insertCount="680" extractCount="673" duration="569449"/>
			<Sample nodeCount="12" insertCount="740" extractCount="736" duration="614148"/>
			<Sample nodeCount="13" insertCount="803" extractCount="796" duration="672805"/>
			<Sample nodeCount="14" insertCount="864" extractCount="858" duration="724570"/>
			<Sample nodeCount="15" insertCount="927" extractCount="918" duration="779304"/>
			<Sample nodeCount="16" insertCount="988" extractCount="980" duration="538554"/>
			<Sample nodeCount="17" insertCount="1050" extractCount="1041" duration="891856"/>
			<Sample nodeCount="18" insertCount="1113" extractCount="1101" duration="925923"/>
			<Sample nodeCount="19" insertCount="1172" extractCount="1165" duration="988852"/>
			<Sample nodeCount="20" insertCount="1237" extractCount="1223" duration="1037515"/>
			<Sample nodeCount="21" insertCount="1296" extractCount="1287" duration="1093627"/>
			<Sample nodeCount="22" insertCount="1359" extractCount="1347" duration="1140094"/>
			<Sample nodeCount="23" insertCount="1419" extractCount="1410" duration="1187212"/>
			<Sample nodeCount="24" insertCount="1484" extractCount="1468" duration="1252522"/>
			<Sample nodeCount="25" insertCount="1544" extractCount="1531" duration="1298705"/>
			<Sample nodeCount="26" insertCount="1604" extractCount="1594" duration="1345837"/>
			<Sample nodeCount="27" insertCount="1668" extractCount="1653" duration="1404404"/>
			<Sample nodeCount="28" insertCount="1729" extractCount="1715" duration="1464514"/>
			<Sample nodeCount="29" insertCount="1790" extractCount="1777" duration="1515350"/>
			<Sample nodeCount="30" insertCount="1851" extractCount="1839" duration="1548521"/>
			<Sample nodeCount="31" insertCount="1914" extractCount="1899" duration="1620382"/>
			<Sample nodeCount="32" insertCount="1977" extractCount="1959" duration="1101307"/>
			<Sample nodeCount="33" insertCount="2041" extractCount="2018" duration="1703680"/>
			<Sample nodeCount="34" insertCount="2097" extractCount="2085" duration="1736663"/>
			<Sample nodeCount="35" insertCount="2160" extractCount="2145" duration="1807883"/>
			<Sample nodeCount="36" insertCount="2221" extractCount="2207" duration="1860482"/>
			<Sample nodeCount="37" insertCount="2285" extractCount="2266" duration="1910564"/>
			<Sample nodeCount="38" insertCount="2346" extractCount="2328" duration="1958603"/>
			<Sample nodeCount="39" insertCount="2408" extractCount="2389" duration="2007608"/>
			<Sample nodeCount="40" insertCount="2471" extractCount="2449" duration="2071415"/>
			<Sample nodeCount="41" insertCount="2531" extractCount="2512" duration="2119625"/>
			<Sample nodeCount="42" insertCount="2593" extractCount="2573" duration="2170136"/>
			<Sample nodeCount="43" insertCount="2656" extractCount="2633" duration="2240174"/>
			<Sample nodeCount="44" insertCount="2717" extractCount="2695" duration="2285375"/>
			<Sample nodeCount="45" insertCount="2776" extractCount="2759" duration="2321553"/>
			<Sample nodeCount="46" insertCount="2840" extractCount="2818" duration="2377373"/>
			<Sample nodeCount="47" insertCount="2902" extractCount="2879" duration="2464896"/>
			<Sample nodeCount="48" insertCount="2966" extractCount="2938" duration="2491811"/>
			<Sample nodeCount="49" insertCount="3026" extractCount="3001" duration="2561118"/>
			<Sample nodeCount="50" insertCount="3084" extractCount="3066" duration="2609628"/>
			<Sample nodeCount="51" insertCount="3151" extractCount="3122" duration="2654894"/>
			<Sample nodeCount="52" insertCount="3209" extractCount="3187" duration="2714652"/>
			<Sample nodeCount="53" insertCount="3273" extractCount="3246" duration="2781488"/>
			<Sample nodeCount="54" insertCount="3337" extractCount="3305" duration="2836386"/>
			<Sample nodeCount="55" insertCount="3400" extractCount="3365" duration="2869932"/>
			<Sample nodeCount="56" insertCount="3458" extractCount="3430" duration="2934429"/>
			<Sample nodeCount="57" insertCount="3521" extractCount="3490" duration="2997939"/>
			<Sample nodeCount="58" insertCount="3580" extractCount="3554" duration="3030450"/>
			<Sample nodeCount="59" insertCount="3647" extractCount="3610" duration="3093132"/>
			<Sample nodeCount="60" insertCount="3706" extractCount="3674" duration="3119685"/>
			<Sample nodeCount="61" insertCount="3766" extractCount="3737" duration="3183915"/>
			<Sample nodeCount="62" insertCount="3828" extractCount="3798" duration="3230904"/>
			<Sample nodeCount="63" insertCount="3888" extractCount="3861" duration="3302932"/>
			<Sample nodeCount="64" insertCount="3952" extractCount="3920" duration="2243513"/>
			<Sample nodeCount="65" insertCount="4014" extractCount="3981" duration="3391501"/>
			<Sample nodeCount="66" insertCount="4077" extractCount="4041" duration="3417927"/>
			<Sample nodeCount="67" insertCount="4136" extractCount="4105" duration="3452557"/>
			<Sample nodeCount="68" insertCount="4200" extractCount="4164" duration="3495009"/>
			<Sample nodeCount="69" insertCount="4263" extractCount="4224" duration="3571224"/>
			<Sample nodeCount="70" insertCount="4325" extractCount="4285" duration="3615670"/>
			<Sample nodeCount="71" insertCount="4381" extractCount="4352" duration="3679248"/>
			<Sample nodeCount="72" insertCount="4448" extractCount="4408" duration="3727483"/>
			<Sample nodeCount="73" insertCount="4507" extractCount="4472" duration="3780538"/>
			<Sample nodeCount="74" insertCount="4571" extractCount="4531" duration="3815962"/>
			<Sample nodeCount="75" insertCount="4631" extractCount="4594" duration="3885556"/>
			<Sample nodeCount="76" insertCount="4693" extractCount="4655" duration="3930340"/>
			<Sample nodeCount="77" insertCount="4755" extractCount="4716" duration="3995674"/>
			<Sample nodeCount="78" insertCount="4817" extractCount="4777" duration="4067642"/>
			<Sample nodeCount="79" insertCount="4877" extractCount="4840" duration="4097386"/>
			<Sample nodeCount="80" insertCount="4942" extractCount="4898" duration="4158955"/>
			<Sample nodeCount="81" insertCount="5002" extractCount="4961" duration="4187398"/>
			<Sample nodeCount="82" insertCount="5063" extractCount="5023" duration="4250893"/>
			<Sample nodeCount="83" insertCount="5124" extractCount="5085" duration="4338641"/>
			<Sample nodeCount="84" insertCount="5187" extractCount="5145" duration="4381429"/>
			<Sample nodeCount="85" insertCount="5250" extractCount="5205" duration="4428389"/>
			<Sample nodeCount="86" insertCount="5314" extractCount="5264" duration="4492192"/>
			<Sample nodeCount="87" insertCount="5374" extractCount="5327" duration="4563188"/>
			<Sample nodeCount="88" insertCount="5432" extractCount="5392" duration="4575761"/>
			<Sample nodeCount="89" insertCount="5490" extractCount="5457" duration="4642516"/>
			<Sample nodeCount="90" insertCount="5559" extractCount="5511" duration="4679504"/>
			<Sample nodeCount="91" insertCount="5621" extractCount="5572" duration="4728406"/>
			<Sample nodeCount="92" insertCount="5680" extractCount="5636" duration="4803140"/>
			<Sample nodeCount="93" insertCount="5740" extractCount="5699" duration="4866833"/>
			<Sample nodeCount="94" insertCount="5803" extractCount="5759" duration="4893203"/>
			<Sample nodeCount="95" insertCount="5862" extractCount="5823" duration="4966415"/>
			<Sample nodeCount="96" insertCount="5929" extractCount="5879" duration="5024690"/>
			<Sample nodeCount="97" insertCount="5993" extractCount="5938" duration="5094212"/>
			<Sample nodeCount="98" insertCount="6055" extractCount="5999" duration="5125835"/>
			<Sample nodeCount="99" insertCount="6113" extractCount="6064" duration="5198627"/>
			<Sample nodeCount="100" insertCount="6172" extractCount="6128" duration="5230709"/>
			<Sample nodeCount="101" insertCount="6238" extractCount="6185" duration="5302971"/>
			<Sample nodeCount="102" insertCount="6299" extractCount="6247" duration="5331608"/>
			<Sample nodeCount="103" insertCount="6363" extractCount="6306" duration="5398169"/>
			<Sample nodeCount="104" insertCount="6426" extractCount="6366" duration="5469759"/>
			<Sample nodeCount="105" insertCount="6481" extractCount="6434" duration="5506247"/>
			<Sample nodeCount="106" insertCount="6544" extractCount="6494" duration="5574900"/>
			<Sample nodeCount="107" insertCount="6607" extractCount="6554" duration="5611878"/>
			<Sample nodeCount="108" insertCount="6669" extractCount="6615" duration="5647493"/>
			<Sample nodeCount="109" insertCount="6732" extractCount="6675" duration="5712405"/>
			<Sample nodeCount="110" insertCount="6794" extractCount="6736" duration="5770107"/>
			<Sample nodeCount="111" insertCount="6852" extractCount="6801" duration="5827233"/>
			<Sample nodeCount="112" insertCount="6918" extractCount="6858" duration="5882490"/>
			<Sample nodeCount="113" insertCount="6981" extractCount="6918" duration="5949300"/>
			<Sample nodeCount="114" insertCount="7041" extractCount="6981" duration="5986797"/>
			<Sample nodeCount="115" insertCount="7103" extractCount="7042" duration="6062961"/>
			<Sample nodeCount="116" insertCount="7164" extractCount="7104" duration="6116631"/>
			<Sample nodeCount="117" insertCount="7225" extractCount="7166" duration="6164238"/>
			<Sample nodeCount="118" insertCount="7291" extractCount="7223" duration="6210453"/>
			<Sample nodeCount="119" insertCount="7350" extractCount="7287" duration="6278976"/>
			<Sample nodeCount="120" insertCount="7410" extractCount="7350" duration="6303199"/>
			<Sample nodeCount="121" insertCount="7471" extractCount="7412" duration="6386223"/>
			<Sample nodeCount="122" insertCount="7537" extractCount="7469" duration="6408754"/>
			<Sample nodeCount="123" insertCount="7593" extractCount="7536" duration="6496797"/>
			<Sample nodeCount="124" insertCount="7658" extractCount="7594" duration="6506647"/>
			<Sample nodeCount="125" insertCount="7718" extractCount="7657" duration="6559740"/>
			<Sample nodeCount="126" insertCount="7781" extractCount="7717" duration="6613123"/>
			<Sample nodeCount="127" insertCount="7840" extractCount="7781" duration="6691527"/>
		</SmallSetRandomOps>
		<LargeSetRandomOps>
		</LargeSetRandomOps>
		<SmallSetLinear>
			<Sample nodeCount="1" insertCount="10000" extractCount="10000" duration="1475960"/>
			<Sample nodeCount="2" insertCount="10000" extractCount="10000" duration="4452154"/>
			<Sample nodeCount="3" insertCount="10000" extractCount="10000" duration="7243684"/>
			<Sample nodeCount="4" insertCount="10000" extractCount="10000" duration="11318231"/>
			<Sample nodeCount="5" insertCount="10000" extractCount="10000" duration="14397966"/>
			<Sample nodeCount="6" insertCount="10000" extractCount="10000" duration="17997822"/>
			<Sample nodeCount="7" insertCount="10000" extractCount="10000" duration="21085464"/>
			<Sample nodeCount="8" insertCount="10000" extractCount="10000" duration="25827194"/>
			<Sample nodeCount="9" insertCount="10000" extractCount="10000" duration="28817492"/>
			<Sample nodeCount="10" insertCount="10000" extractCount="10000" duration="34341715"/>
			<Sample nodeCount="11" insertCount="10000" extractCount="10000" duration="37854977"/>
			<Sample nodeCount="12" insertCount="10000" extractCount="10000" duration="43524698"/>
			<Sample nodeCount="13" insertCount="10000" extractCount="10000" duration="46978970"/>
			<Sample nodeCount="14" insertCount="10000" extractCount="10000" duration="52351811"/>
			<Sample nodeCount="15" insertCount="10000" extractCount="10000" duration="56026940"/>
			<Sample nodeCount="16" insertCount="10000" extractCount="10000" duration="62013404"/>
			<Sample nodeCount="17" insertCount="10000" extractCount="10000" duration="65383947"/>
			<Sample nodeCount="18" insertCount="10000" extractCount="10000" duration="71635259"/>
			<Sample nodeCount="19" insertCount="10000" extractCount="10000" duration="75038169"/>
			<Sample nodeCount="20" insertCount="10000" extractCount="10000" duration="81344589"/>
			<Sample nodeCount="21" insertCount="10000" extractCount="10000" duration="83557128"/>
			<Sample nodeCount="22" insertCount="10000" extractCount="10000" duration="91147648"/>
			<Sample nodeCount="23" insertCount="10000" extractCount="10000" duration="96076842"/>
			<Sample nodeCount="24" insertCount="10000" extractCount="10000" duration="102626841"/>
			<Sample nodeCount="25" insertCount="10000" extractCount="10000" duration="105632821"/>
			<Sample nodeCount="26" insertCount="10000" extractCount="10000" duration="113313405"/>
			<Sample nodeCount="27" insertCount="10000" extractCount="10000" duration="116680794"/>
			<Sample nodeCount="28" insertCount="10000" extractCount="10000" duration="123585759"/>
			<Sample nodeCount="29" insertCount="10000" extractCount="10000" duration="126634707"/>
			<Sample nodeCount="30" insertCount="10000" extractCount="10000" duration="133459822"/>
			<Sample nodeCount="31" insertCount="10000" extractCount="10000" duration="137918559"/>
			<Sample nodeCount="32" insertCount="10000" extractCount="10000" duration="145408582"/>
			<Sample nodeCount="33" insertCount="10000" extractCount="10000" duration="147836212"/>
			<Sample nodeCount="34" insertCount="10000" extractCount="10000" duration="155256405"/>
			<Sample nodeCount="35" insertCount="10000" extractCount="10000" duration="159173499"/>
			<Sample nodeCount="36" insertCount="10000" extractCount="10000" duration="166425131"/>
			<Sample nodeCount="37" insertCount="10000" extractCount="10000" duration="168488823"/>
			<Sample nodeCount="38" insertCount="10000" extractCount="10000" duration="175839836"/>
			<Sample nodeCount="39" insertCount="10000" extractCount="10000" duration="180112608"/>
			<Sample nodeCount="40" insertCount="10000" extractCount="10000" duration="187954916"/>
			<Sample nodeCount="41" insertCount="10000" extractCount="10000" duration="189004515"/>
			<Sample nodeCount="42" insertCount="10000" extractCount="10000" duration="196379071"/>
			<Sample nodeCount="43" insertCount="10000" extractCount="10000" duration="199550411"/>
			<Sample nodeCount="44" insertCount="10000" extractCount="10000" duration="208020445"/>
			<Sample nodeCount="45" insertCount="10000" extractCount="10000" duration="208409573"/>
			<Sample nodeCount="46" insertCount="10000" extractCount="10000" duration="219314922"/>
			<Sample nodeCount="47" insertCount="10000" extractCount="10000" duration="223819235"/>
			<Sample nodeCount="48" insertCount="10000" extractCount="10000" duration="232517476"/>
			<Sample nodeCount="49" insertCount="10000" extractCount="10000" duration="233413322"/>
			<Sample nodeCount="50" insertCount="10000" extractCount="10000" duration="241473665"/>
			<Sample nodeCount="51" insertCount="10000" extractCount="10000" duration="244737077"/>
			<Sample nodeCount="52" insertCount="10000" extractCount="10000" duration="253802714"/>
			<Sample nodeCount="53" insertCount="10000" extractCount="10000" duration="254095235"/>
			<Sample nodeCount="54" insertCount="10000" extractCount="10000" duration="263863032"/>
			<Sample nodeCount="55" insertCount="10000" extractCount="10000" duration="266671460"/>
			<Sample nodeCount="56" insertCount="10000" extractCount="10000" duration="275837343"/>
			<Sample nodeCount="57" insertCount="10000" extractCount="10000" duration="275855093"/>
			<Sample nodeCount="58" insertCount="10000" extractCount="10000" duration="284178011"/>
			<Sample nodeCount="59" insertCount="10000" extractCount="10000" duration="286945985"/>
			<Sample nodeCount="60" insertCount="10000" extractCount="10000" duration="296016788"/>
			<Sample nodeCount="61" insertCount="10000" extractCount="10000" duration="296430251"/>
			<Sample nodeCount="62" insertCount="10000" extractCount="10000" duration="306907093"/>
			<Sample nodeCount="63" insertCount="10000" extractCount="10000" duration="310180964"/>
			<Sample nodeCount="64" insertCount="10000" extractCount="10000" duration="320791923"/>
			<Sample nodeCount="65" insertCount="10000" extractCount="10000" duration="320761194"/>
			<Sample nodeCount="66" insertCount="10000" extractCount="10000" duration="330522457"/>
			<Sample nodeCount="67" insertCount="10000" extractCount="10000" duration="333058212"/>
			<Sample nodeCount="68" insertCount="10000" extractCount="10000" duration="342940405"/>
			<Sample nodeCount="69" insertCount="10000" extractCount="10000" duration="343176419"/>
			<Sample nodeCount="70" insertCount="10000" extractCount="10000" duration="353922417"/>
			<Sample nodeCount="71" insertCount="10000" extractCount="10000" duration="357147453"/>
			<Sample nodeCount="72" insertCount="10000" extractCount="10000" duration="367416863"/>
			<Sample nodeCount="73" insertCount="10000" extractCount="10000" duration="366818590"/>
			<Sample nodeCount="74" insertCount="10000" extractCount="10000" duration="376579079"/>
			<Sample nodeCount="75" insertCount="10000" extractCount="10000" duration="379025065"/>
			<Sample nodeCount="76" insertCount="10000" extractCount="10000" duration="390403555"/>
			<Sample nodeCount="77" insertCount="10000" extractCount="10000" duration="389275826"/>
			<Sample nodeCount="78" insertCount="10000" extractCount="10000" duration="402045541"/>
			<Sample nodeCount="79" insertCount="10000" extractCount="10000" duration="403692121"/>
			<Sample nodeCount="80" insertCount="10000" extractCount="10000" duration="415827929"/>
			<Sample nodeCount="81" insertCount="10000" extractCount="10000" duration="414362004"/>
			<Sample nodeCount="82" insertCount="10000" extractCount="10000" duration="425253351"/>
			<Sample nodeCount="83" insertCount="10000" extractCount="10000" duration="426421047"/>
			<Sample nodeCount="84" insertCount="10000" extractCount="10000" duration="437228123"/>
			<Sample nodeCount="85" insertCount="10000" extractCount="10000" duration="436791101"/>
			<Sample nodeCount="86" insertCount="10000" extractCount="10000" duration="448873340"/>
			<Sample nodeCount="87" insertCount="10000" extractCount="10000" duration="450039588"/>
			<Sample nodeCount="88" insertCount="10000" extractCount="10000" duration="463056544"/>
			<Sample nodeCount="89" insertCount="10000" extractCount="10000" duration="460538395"/>
			<Sample nodeCount="90" insertCount="10000" extractCount="10000" duration="470707433"/>
			<Sample nodeCount="91" insertCount="10000" extractCount="10000" duration="473234462"/>
			<Sample nodeCount="92" insertCount="10000" extractCount="10000" duration="485552127"/>
			<Sample nodeCount="93" insertCount="10000" extractCount="10000" duration="482888343"/>
			<Sample nodeCount="94" insertCount="10000" extractCount="10000" duration="498517306"/>
			<Sample nodeCount="95" insertCount="10000" extractCount="10000" duration="501229968"/>
			<Sample nodeCount="96" insertCount="10000" extractCount="10000" duration="514852367"/>
			<Sample nodeCount="97" insertCount="10000" extractCount="10000" duration="512486096"/>
			<Sample nodeCount="98" insertCount="10000" extractCount="10000" duration="523044121"/>
			<Sample nodeCount="99" insertCount="10000" extractCount="10000" duration="525148305"/>
			<Sample nodeCount="100" insertCount="10000" extractCount="10000" duration="539465256"/>
			<Sample nodeCount="101" insertCount="10000" extractCount="10000" duration="536508536"/>
			<Sample nodeCount="102" insertCount="10000" extractCount="10000" duration="548808999"/>
			<Sample nodeCount="103" insertCount="10000" extractCount="10000" duration="552234735"/>
			<Sample nodeCount="104" insertCount="10000" extractCount="10000" duration="566120712"/>
			<Sample nodeCount="105" insertCount="10000" extractCount="10000" duration="562576172"/>
			<Sample nodeCount="106" insertCount="10000" extractCount="10000" duration="573157215"/>
			<Sample nodeCount="107" insertCount="10000" extractCount="10000" duration="574976240"/>
			<Sample nodeCount="108" insertCount="10000" extractCount="10000" duration="590865531"/>
			<Sample nodeCount="109" insertCount="10000" extractCount="10000" duration="586400155"/>
			<Sample nodeCount="110" insertCount="10000" extractCount="10000" duration="601940402"/>
			<Sample nodeCount="111" insertCount="10000" extractCount="10000" duration="603669124"/>
			<Sample nodeCount="112" insertCount="10000" extractCount="10000" duration="617752464"/>
			<Sample nodeCount="113" insertCount="10000" extractCount="10000" duration="613801670"/>
			<Sample nodeCount="114" insertCount="10000" extractCount="10000" duration="624713944"/>
			<Sample nodeCount="115" insertCount="10000" extractCount="10000" duration="627851479"/>
			<Sample nodeCount="116" insertCount="10000" extractCount="10000" duration="643781740"/>
			<Sample nodeCount="117" insertCount="10000" extractCount="10000" duration="638368115"/>
			<Sample nodeCount="118" insertCount="10000" extractCount="10000" duration="652193372"/>
			<Sample nodeCount="119" insertCount="10000" extractCount="10000" duration="654288252"/>
			<Sample nodeCount="120" insertCount="10000" extractCount="10000" duration="668789039"/>
			<Sample nodeCount="121" insertCount="10000" extractCount="10000" duration="664915007"/>
			<Sample nodeCount="122" insertCount="10000" extractCount="10000" duration="676339444"/>
			<Sample nodeCount="123" insertCount="10000" extractCount="10000" duration="677493401"/>
			<Sample nodeCount="124" insertCount="10000" extractCount="10000" duration="691990130"/>
			<Sample nodeCount="125" insertCount="10000" extractCount="10000" duration="687574722"/>
			<Sample nodeCount="126" insertCount="10000" extractCount="10000" duration="706049773"/>
			<Sample nodeCount="127" insertCount="10000" extractCount="10000" duration="706089487"/>
		</SmallSetLinear>
		<LargeSetLinear>
		</LargeSetLinear>
	</RBTest>
	<RBTest implementation="Boost" nodeSize="12">
		<SmallSetRandomOps>
			<Sample nodeCount="1" insertCount="62" extractCount="61" duration="16044"/>
			<Sample nodeCount="2" insertCount="123" extractCount="123" duration="40056"/>
			<Sample nodeCount="3" insertCount="186" extractCount="183" duration="130215"/>
			<Sample nodeCount="4" insertCount="247" extractCount="245" duration="102931"/>
			<Sample nodeCount="5" insertCount="309" extractCount="306" duration="240699"/>
			<Sample nodeCount="6" insertCount="370" extractCount="368" duration="286467"/>
			<Sample nodeCount="7" insertCount="433" extractCount="428" duration="341013"/>
			<Sample nodeCount="8" insertCount="493" extractCount="491" duration="248113"/>
			<Sample nodeCount="9" insertCount="557" extractCount="550" duration="448449"/>
			<Sample nodeCount="10" insertCount="619" extractCount="611" duration="497829"/>
			<Sample nodeCount="11" insertCount="680" extractCount="673" duration="559372"/>
			<Sample nodeCount="12" insertCount="740" extractCount="736" duration="618577"/>
			<Sample nodeCount="13" insertCount="803" extractCount="796" duration="672753"/>
			<Sample nodeCount="14" insertCount="864" extractCount="858" duration="745387"/>
			<Sample nodeCount="15" insertCount="927" extractCount="918" duration="793279"/>
			<Sample nodeCount="16" insertCount="988" extractCount="980" duration="546721"/>
			<Sample nodeCount="17" insertCount="1050" extractCount="1041" duration="905323"/>
			<Sample nodeCount="18" insertCount="1113" extractCount="1101" duration="969601"/>
			<Sample nodeCount="19" insertCount="1172" extractCount="1165" duration="1033009"/>
			<Sample nodeCount="20" insertCount="1237" extractCount="1223" duration="1073497"/>
			<Sample nodeCount="21" insertCount="1296" extractCount="1287" duration="1135690"/>
			<Sample nodeCount="22" insertCount="1359" extractCount="1347" duration="1195805"/>
			<Sample nodeCount="23" insertCount="1419" extractCount="1410" duration="1250839"/>
			<Sample nodeCount="24" insertCount="1484" extractCount="1468" duration="1316792"/>
			<Sample nodeCount="25" insertCount="1544" extractCount="1531" duration="1361866"/>
			<Sample nodeCount="26" insertCount="1604" extractCount="1594" duration="1423870"/>
			<Sample nodeCount="27" insertCount="1668" extractCount="1653" duration="1486457"/>
			<Sample nodeCount="28" insertCount="1729" extractCount="1715" duration="1541641"/>
			<Sample nodeCount="29" insertCount="1790" extractCount="1777" duration="1602680"/>
			<Sample nodeCount="30" insertCount="1851" extractCount="1839" duration="1657822"/>
			<Sample nodeCount="31" insertCount="1914" extractCount="1899" duration="1722917"/>
			<Sample nodeCount="32" insertCount="1977" extractCount="1959" duration="1210270"/>
			<Sample nodeCount="33" insertCount="2041" extractCount="2018" duration="1836467"/>
			<Sample nodeCount="34" insertCount="2097" extractCount="2085" duration="1879262"/>
			<Sample nodeCount="35" insertCount="2160" extractCount="2145" duration="1951702"/>
			<Sample nodeCount="36" insertCount="2221" extractCount="2207" duration="2012735"/>
			<Sample nodeCount="37" insertCount="2285" extractCount="2266" duration="2057273"/>
			<Sample nodeCount="38" insertCount="2346" extractCount="2328" duration="2118191"/>
			<Sample nodeCount="39" insertCount="2408" extractCount="2389" duration="2191619"/>
			<Sample nodeCount="40" insertCount="2471" extractCount="2449" duration="2239896"/>
			<Sample nodeCount="41" insertCount="2531" extractCount="2512" duration="2315039"/>
			<Sample nodeCount="42" insertCount="2593" extractCount="2573" duration="2356422"/>
			<Sample nodeCount="43" insertCount="2656" extractCount="2633" duration="2423963"/>
			<Sample nodeCount="44" insertCount="2717" extractCount="2695" duration="2464806"/>
			<Sample nodeCount="45" insertCount="2776" extractCount="2759" duration="2543103"/>
			<Sample nodeCount="46" insertCount="2840" extractCount="2818" duration="2582903"/>
			<Sample nodeCount="47" insertCount="2902" extractCount="2879" duration="2653809"/>
			<Sample nodeCount="48" insertCount="2966" extractCount="2938" duration="2708195"/>
			<Sample nodeCount="49" insertCount="3026" extractCount="3001" duration="2769237"/>
			<Sample nodeCount="50" insertCount="3084" extractCount="3066" duration="2841207"/>
			<Sample nodeCount="51" insertCount="3151" extractCount="3122" duration="2876109"/>
			<Sample nodeCount="52" insertCount="3209" extractCount="3187" duration="2935521"/>
			<Sample nodeCount="53" insertCount="3273" extractCount="3246" duration="2987277"/>
			<Sample nodeCount="54" insertCount="3337" extractCount="3305" duration="3116478"/>
			<Sample nodeCount="55" insertCount="3400" extractCount="3365" duration="3134211"/>
			<Sample nodeCount="56" insertCount="3458" extractCount="3430" duration="3202095"/>
			<Sample nodeCount="57" insertCount="3521" extractCount="3490" duration="3238719"/>
			<Sample nodeCount="58" insertCount="3580" extractCount="3554" duration="3312166"/>
			<Sample nodeCount="59" insertCount="3647" extractCount="3610" duration="3384579"/>
			<Sample nodeCount="60" insertCount="3706" extractCount="3674" duration="3419761"/>
			<Sample nodeCount="61" insertCount="3766" extractCount="3737" duration="3521958"/>
			<Sample nodeCount="62" insertCount="3828" extractCount="3798" duration="3535198"/>
			<Sample nodeCount="63" insertCount="3888" extractCount="3861" duration="3627829"/>
			<Sample nodeCount="64" insertCount="3952" extractCount="3920" duration="2536739"/>
			<Sample nodeCount="65" insertCount="4014" extractCount="3981" duration="3687316"/>
			<Sample nodeCount="66" insertCount="4077" extractCount="4041" duration="3746586"/>
			<Sample nodeCount="67" insertCount="4136" extractCount="4105" duration="3802525"/>
			<Sample nodeCount="68" insertCount="4200" extractCount="4164" duration="3867202"/>
			<Sample nodeCount="69" insertCount="4263" extractCount="4224" duration="3915070"/>
			<Sample nodeCount="70" insertCount="4325" extractCount="4285" duration="4001176"/>
			<Sample nodeCount="71" insertCount="4381" extractCount="4352" duration="4040326"/>
			<Sample nodeCount="72" insertCount="4448" extractCount="4408" duration="4063195"/>
			<Sample nodeCount="73" insertCount="4507" extractCount="4472" duration="4111523"/>
			<Sample nodeCount="74" insertCount="4571" extractCount="4531" duration="4230202"/>
			<Sample nodeCount="75" insertCount="4631" extractCount="4594" duration="4290331"/>
			<Sample nodeCount="76" insertCount="4693" extractCount="4655" duration="4296412"/>
			<Sample nodeCount="77" insertCount="4755" extractCount="4716" duration="4332856"/>
			<Sample nodeCount="78" insertCount="4817" extractCount="4777" duration="4470047"/>
			<Sample nodeCount="79" insertCount="4877" extractCount="4840" duration="4527790"/>
			<Sample nodeCount="80" insertCount="4942" extractCount="4898" duration="4503047"/>
			<Sample nodeCount="81" insertCount="5002" extractCount="4961" duration="4648181"/>
			<Sample nodeCount="82" insertCount="5063" extractCount="5023" duration="4676849"/>
			<Sample nodeCount="83" insertCount="5124" extractCount="5085" duration="4765691"/>
			<Sample nodeCount="84" insertCount="5187" extractCount="5145" duration="4834639"/>
			<Sample nodeCount="85" insertCount="5250" extractCount="5205" duration="4892480"/>
			<Sample nodeCount="86" insertCount="5314" extractCount="5264" duration="4941050"/>
			<Sample nodeCount="87" insertCount="5374" extractCount="5327" duration="5007989"/>
			<Sample nodeCount="88" insertCount="5432" extractCount="5392" duration="5079869"/>
			<Sample nodeCount="89" insertCount="5490" extractCount="5457" duration="5130953"/>
			<Sample nodeCount="90" insertCount="5559" extractCount="5511" duration="5130488"/>
			<Sample nodeCount="91" insertCount="5621" extractCount="5572" duration="5231496"/>
			<Sample nodeCount="92" insertCount="5680" extractCount="5636" duration="5289731"/>
			<Sample nodeCount="93" insertCount="5740" extractCount="5699" duration="5361380"/>
			<Sample nodeCount="94" insertCount="5803" extractCount="5759" duration="5373278"/>
			<Sample nodeCount="95" insertCount="5862" extractCount="5823" duration="5470826"/>
			<Sample nodeCount="96" insertCount="5929" extractCount="5879" duration="5525811"/>
			<Sample nodeCount="97" insertCount="5993" extractCount="5938" duration="5556044"/>
			<Sample nodeCount="98" insertCount="6055" extractCount="5999" duration="5651976"/>
			<Sample nodeCount="99" insertCount="6113" extractCount="6064" duration="5723187"/>
			<Sample nodeCount="100" insertCount="6172" extractCount="6128" duration="5774301"/>
			<Sample nodeCount="101" insertCount="6238" extractCount="6185" duration="5832840"/>
			<Sample nodeCount="102" insertCount="6299" extractCount="6247" duration="5871642"/>
			<Sample nodeCount="103" insertCount="6363" extractCount="6306" duration="5952846"/>
			<Sample nodeCount="104" insertCount="6426" extractCount="6366" duration="5989494"/>
			<Sample nodeCount="105" insertCount="6481" extractCount="6434" duration="6066399"/>
			<Sample nodeCount="106" insertCount="6544" extractCount="6494" duration="6194661"/>
			<Sample nodeCount="107" insertCount="6607" extractCount="6554" duration="6177600"/>
			<Sample nodeCount="108" insertCount="6669" extractCount="6615" duration="6255121"/>
			<Sample nodeCount="109" insertCount="6732" extractCount="6675" duration="6305850"/>
			<Sample nodeCount="110" insertCount="6794" extractCount="6736" duration="6313479"/>
			<Sample nodeCount="111" insertCount="6852" extractCount="6801" duration="6382948"/>
			<Sample nodeCount="112" insertCount="6918" extractCount="6858" duration="6500736"/>
			<Sample nodeCount="113" insertCount="6981" extractCount="6918" duration="6558130"/>
			<Sample nodeCount="114" insertCount="7041" extractCount="6981" duration="6584640"/>
			<Sample nodeCount="115" insertCount="7103" extractCount="7042" duration="6667825"/>
			<Sample nodeCount="116" insertCount="7164" extractCount="7104" duration="6707563"/>
			<Sample nodeCount="117" insertCount="7225" extractCount="7166" duration="6802564"/>
			<Sample nodeCount="118" insertCount="7291" extractCount="7223" duration="6877683"/>
			<Sample nodeCount="119" insertCount="7350" extractCount="7287" duration="6885670"/>
			<Sample nodeCount="120" insertCount="7410" extractCount="7350" duration="6977257"/>
			<Sample nodeCount="121" insertCount="7471" extractCount="7412" duration="7001095"/>
			<Sample nodeCount="122" insertCount="7537" extractCount="7469" duration="7039051"/>
			<Sample nodeCount="123" insertCount="7593" extractCount="7536" duration="7176386"/>
			<Sample nodeCount="124" insertCount="7658" extractCount="7594" duration="7202800"/>
			<Sample nodeCount="125" insertCount="7718" extractCount="7657" duration="7325896"/>
			<Sample nodeCount="126" insertCount="7781" extractCount="7717" duration="7280461"/>
			<Sample nodeCount="127" insertCount="7840" extractCount="7781" duration="7404884"/>
		</SmallSetRandomOps>
		<LargeSetRandomOps>
		</LargeSetRandomOps>
		<SmallSetLinear>
			<Sample nodeCount="1" insertCount="10000" extractCount="10000" duration="1532815"/>
			<Sample nodeCount="2" insertCount="10000" extractCount="10000" duration="3063498"/>
			<Sample nodeCount="3" insertCount="10000" extractCount="10000" duration="5105360"/>
			<Sample nodeCount="4" insertCount="10000" extractCount="10000" duration="8646953"/>
			<Sample nodeCount="5" insertCount="10000" extractCount="10000" duration="12339418"/>
			<Sample nodeCount="6" insertCount="10000" extractCount="10000" duration="15271908"/>
			<Sample nodeCount="7" insertCount="10000" extractCount="10000" duration="18066057"/>
			<Sample nodeCount="8" insertCount="10000" extractCount="10000" duration="22155916"/>
			<Sample nodeCount="9" insertCount="10000" extractCount="10000" duration="25154921"/>
			<Sample nodeCount="10" insertCount="10000" extractCount="10000" duration="32326238"/>
			<Sample nodeCount="11" insertCount="10000" extractCount="10000" duration="35465415"/>
			<Sample nodeCount="12" insertCount="10000" extractCount="10000" duration="40336663"/>
			<Sample nodeCount="13" insertCount="10000" extractCount="10000" duration="44520141"/>
			<Sample nodeCount="14" insertCount="10000" extractCount="10000" duration="47210447"/>
			<Sample nodeCount="15" insertCount="10000" extractCount="10000" duration="52553444"/>
			<Sample nodeCount="16" insertCount="10000" extractCount="10000" duration="56422167"/>
			<Sample nodeCount="17" insertCount="10000" extractCount="10000" duration="60649251"/>
			<Sample nodeCount="18" insertCount="10000" extractCount="10000" duration="64739386"/>
			<Sample nodeCount="19" insertCount="10000" extractCount="10000" duration="69608722"/>
			<Sample nodeCount="20" insertCount="10000" extractCount="10000" duration="72530620"/>
			<Sample nodeCount="21" insertCount="10000" extractCount="10000" duration="76642838"/>
			<Sample nodeCount="22" insertCount="10000" extractCount="10000" duration="85204624"/>
			<Sample nodeCount="23" insertCount="10000" extractCount="10000" duration="89541924"/>
			<Sample nodeCount="24" insertCount="10000" extractCount="10000" duration="93520308"/>
			<Sample nodeCount="25" insertCount="10000" extractCount="10000" duration="99313050"/>
			<Sample nodeCount="26" insertCount="10000" extractCount="10000" duration="105375636"/>
			<Sample nodeCount="27" insertCount="10000" extractCount="10000" duration="109861451"/>
			<Sample nodeCount="28" insertCount="10000" extractCount="10000" duration="114054885"/>
			<Sample nodeCount="29" insertCount="10000" extractCount="10000" duration="118933784"/>
			<Sample nodeCount="30" insertCount="10000" extractCount="10000" duration="124403195"/>
			<Sample nodeCount="31" insertCount="10000" extractCount="10000" duration="128784318"/>
			<Sample nodeCount="32" insertCount="10000" extractCount="10000" duration="133171558"/>
			<Sample nodeCount="33" insertCount="10000" extractCount="10000" duration="137435291"/>
			<Sample nodeCount="34" insertCount="10000" extractCount="10000" duration="142967156"/>
			<Sample nodeCount="35" insertCount="10000" extractCount="10000" duration="147460948"/>
			<Sample nodeCount="36" insertCount="10000" extractCount="10000" duration="152262689"/>
			<Sample nodeCount="37" insertCount="10000" extractCount="10000" duration="156345894"/>
			<Sample nodeCount="38" insertCount="10000" extractCount="10000" duration="160887629"/>
			<Sample nodeCount="39" insertCount="10000" extractCount="10000" duration="167683746"/>
			<Sample nodeCount="40" insertCount="10000" extractCount="10000" duration="170526732"/>
			<Sample nodeCount="41" insertCount="10000" extractCount="10000" duration="173380974"/>
			<Sample nodeCount="42" insertCount="10000" extractCount="10000" duration="178443145"/>
			<Sample nodeCount="43" insertCount="10000" extractCount="10000" duration="183702126"/>
			<Sample nodeCount="44" insertCount="10000" extractCount="10000" duration="186141294"/>
			<Sample nodeCount="45" insertCount="10000" extractCount="10000" duration="191968869"/>
			<Sample nodeCount="46" insertCount="10000" extractCount="10000" duration="202313158"/>
			<Sample nodeCount="47" insertCount="10000" extractCount="10000" duration="209529608"/>
			<Sample nodeCount="48" insertCount="10000" extractCount="10000" duration="211904218"/>
			<Sample nodeCount="49" insertCount="10000" extractCount="10000" duration="217376569"/>
			<Sample nodeCount="50" insertCount="10000" extractCount="10000" duration="222877552"/>
			<Sample nodeCount="51" insertCount="10000" extractCount="10000" duration="229403146"/>
			<Sample nodeCount="52" insertCount="10000" extractCount="10000" duration="232759520"/>
			<Sample nodeCount="53" insertCount="10000" extractCount="10000" duration="235455722"/>
			<Sample nodeCount="54" insertCount="10000" extractCount="10000" duration="242642481"/>
			<Sample nodeCount="55" insertCount="10000" extractCount="10000" duration="247775783"/>
			<Sample nodeCount="56" insertCount="10000" extractCount="10000" duration="253445860"/>
			<Sample nodeCount="57" insertCount="10000" extractCount="10000" duration="256605394"/>
			<Sample nodeCount="58" insertCount="10000" extractCount="10000" duration="259550453"/>
			<Sample nodeCount="59" insertCount="10000" extractCount="10000" duration="264717286"/>
			<Sample nodeCount="60" insertCount="10000" extractCount="10000" duration="268686086"/>
			<Sample nodeCount="61" insertCount="10000" extractCount="10000" duration="272593824"/>
			<Sample nodeCount="62" insertCount="10000" extractCount="10000" duration="281816493"/>
			<Sample nodeCount="63" insertCount="10000" extractCount="10000" duration="286872158"/>
			<Sample nodeCount="64" insertCount="10000" extractCount="10000" duration="291100248"/>
			<Sample nodeCount="65" insertCount="10000" extractCount="10000" duration="296752853"/>
			<Sample nodeCount="66" insertCount="10000" extractCount="10000" duration="303115044"/>
			<Sample nodeCount="67" insertCount="10000" extractCount="10000" duration="307865594"/>
			<Sample nodeCount="68" insertCount="10000" extractCount="10000" duration="310285966"/>
			<Sample nodeCount="69" insertCount="10000" extractCount="10000" duration="315101496"/>
			<Sample nodeCount="70" insertCount="10000" extractCount="10000" duration="321136773"/>
			<Sample nodeCount="71" insertCount="10000" extractCount="10000" duration="328487203"/>
			<Sample nodeCount="72" insertCount="10000" extractCount="10000" duration="330452611"/>
			<Sample nodeCount="73" insertCount="10000" extractCount="10000" duration="334880852"/>
			<Sample nodeCount="74" insertCount="10000" extractCount="10000" duration="339836158"/>
			<Sample nodeCount="75" insertCount="10000" extractCount="10000" duration="343748801"/>
			<Sample nodeCount="76" insertCount="10000" extractCount="10000" duration="348877861"/>
			<Sample nodeCount="77" insertCount="10000" extractCount="10000" duration="352713101"/>
			<Sample nodeCount="78" insertCount="10000" extractCount="10000" duration="361731056"/>
			<Sample nodeCount="79" insertCount="10000" extractCount="10000" duration="366350815"/>
			<Sample nodeCount="80" insertCount="10000" extractCount="10000" duration="370198417"/>
			<Sample nodeCount="81" insertCount="10000" extractCount="10000" duration="375030168"/>
			<Sample nodeCount="82" insertCount="10000" extractCount="10000" duration="380030069"/>
			<Sample nodeCount="83" insertCount="10000" extractCount="10000" duration="385983902"/>
			<Sample nodeCount="84" insertCount="10000" extractCount="10000" duration="388897991"/>
			<Sample nodeCount="85" insertCount="10000" extractCount="10000" duration="393759337"/>
			<Sample nodeCount="86" insertCount="10000" extractCount="10000" duration="400222733"/>
			<Sample nodeCount="87" insertCount="10000" extractCount="10000" duration="405842524"/>
			<Sample nodeCount="88" insertCount="10000" extractCount="10000" duration="407212988"/>
			<Sample nodeCount="89" insertCount="10000" extractCount="10000" duration="414442788"/>
			<Sample nodeCount="90" insertCount="10000" extractCount="10000" duration="416617416"/>
			<Sample nodeCount="91" insertCount="10000" extractCount="10000" duration="420876418"/>
			<Sample nodeCount="92" insertCount="10000" extractCount="10000" duration="425558394"/>
			<Sample nodeCount="93" insertCount="10000" extractCount="10000" duration="429163824"/>
			<Sample nodeCount="94" insertCount="10000" extractCount="10000" duration="444137487"/>
			<Sample nodeCount="95" insertCount="10000" extractCount="10000" duration="453168429"/>
			<Sample nodeCount="96" insertCount="10000" extractCount="10000" duration="454234544"/>
			<Sample nodeCount="97" insertCount="10000" extractCount="10000" duration="459509049"/>
			<Sample nodeCount="98" insertCount="10000" extractCount="10000" duration="463793527"/>
			<Sample nodeCount="99" insertCount="10000" extractCount="10000" duration="469592062"/>
			<Sample nodeCount="100" insertCount="10000" extractCount="10000" duration="476893103"/>
			<Sample nodeCount="101" insertCount="10000" extractCount="10000" duration="480477429"/>
			<Sample nodeCount="102" insertCount="10000" extractCount="10000" duration="486388185"/>
			<Sample nodeCount="103" insertCount="10000" extractCount="10000" duration="490317074"/>
			<Sample nodeCount="104" insertCount="10000" extractCount="10000" duration="496243981"/>
			<Sample nodeCount="105" insertCount="10000" extractCount="10000" duration="501130014"/>
			<Sample nodeCount="106" insertCount="10000" extractCount="10000" duration="506141750"/>
			<Sample nodeCount="107" insertCount="10000" extractCount="10000" duration="506875199"/>
			<Sample nodeCount="108" insertCount="10000" extractCount="10000" duration="510135591"/>
			<Sample nodeCount="109" insertCount="10000" extractCount="10000" duration="516711178"/>
			<Sample nodeCount="110" insertCount="10000" extractCount="10000" duration="528662146"/>
			<Sample nodeCount="111" insertCount="10000" extractCount="10000" duration="534881629"/>
			<Sample nodeCount="112" insertCount="10000" extractCount="10000" duration="538627954"/>
			<Sample nodeCount="113" insertCount="10000" extractCount="10000" duration="541407613"/>
			<Sample nodeCount="114" insertCount="10000" extractCount="10000" duration="548396106"/>
			<Sample nodeCount="115" insertCount="10000" extractCount="10000" duration="552939628"/>
			<Sample nodeCount="116" insertCount="10000" extractCount="10000" duration="555009405"/>
			<Sample nodeCount="117" insertCount="10000" extractCount="10000" duration="557646824"/>
			<Sample nodeCount="118" insertCount="10000" extractCount="10000" duration="566815296"/>
			<Sample nodeCount="119" insertCount="10000" extractCount="10000" duration="573923098"/>
			<Sample nodeCount="120" insertCount="10000" extractCount="10000" duration="578003639"/>
			<Sample nodeCount="121" insertCount="10000" extractCount="10000" duration="581444351"/>
			<Sample nodeCount="122" insertCount="10000" extractCount="10000" duration="583766105"/>
			<Sample nodeCount="123" insertCount="10000" extractCount="10000" duration="588925560"/>
			<Sample nodeCount="124" insertCount="10000" extractCount="10000" duration="593257487"/>
			<Sample nodeCount="125" insertCount="10000" extractCount="10000" duration="594804058"/>
			<Sample nodeCount="126" insertCount="10000" extractCount="10000" duration="608853179"/>
			<Sample nodeCount="127" insertCount="10000" extractCount="10000" duration="614926740"/>
		</SmallSetLinear>
		<LargeSetLinear>
		</LargeSetLinear>
	</RBTest>
	<RBTest implementation="RB Compact" nodeSize="8">
		<SmallSetRandomOps>
			<Sample nodeCount="1" insertCount="62" extractCount="61" duration="10908"/>
			<Sample nodeCount="2" insertCount="123" extractCount="123" duration="29214"/>
			<Sample nodeCount="3" insertCount="186" extractCount="183" duration="123492"/>
			<Sample nodeCount="4" insertCount="247" extractCount="245" duration="83724"/>
			<Sample nodeCount="5" insertCount="309" extractCount="306" duration="224344"/>
			<Sample nodeCount="6" insertCount="370" extractCount="368" duration="267369"/>
			<Sample nodeCount="7" insertCount="433" extractCount="428" duration="325554"/>
			<Sample nodeCount="8" insertCount="493" extractCount="491" duration="217173"/>
			<Sample nodeCount="9" insertCount="557" extractCount="550" duration="436858"/>
			<Sample nodeCount="10" insertCount="619" extractCount="611" duration="481960"/>
			<Sample nodeCount="11" insertCount="680" extractCount="673" duration="537963"/>
			<Sample nodeCount="12" insertCount="740" extractCount="736" duration="602935"/>
			<Sample nodeCount="13" insertCount="803" extractCount="796" duration="658894"/>
			<Sample nodeCount="14" insertCount="864" extractCount="858" duration="709278"/>
			<Sample nodeCount="15" insertCount="927" extractCount="918" duration="756427"/>
			<Sample nodeCount="16" insertCount="988" extractCount="980" duration="517411"/>
			<Sample nodeCount="17" insertCount="1050" extractCount="1041" duration="867064"/>
			<Sample nodeCount="18" insertCount="1113" extractCount="1101" duration="908158"/>
			<Sample nodeCount="19" insertCount="1172" extractCount="1165" duration="960091"/>
			<Sample nodeCount="20" insertCount="1237" extractCount="1223" duration="1012663"/>
			<Sample nodeCount="21" insertCount="1296" extractCount="1287" duration="1069528"/>
			<Sample nodeCount="22" insertCount="1359" extractCount="1347" duration="1142398"/>
			<Sample nodeCount="23" insertCount="1419" extractCount="1410" duration="1189073"/>
			<Sample nodeCount="24" insertCount="1484" extractCount="1468" duration="1257004"/>
			<Sample nodeCount="25" insertCount="1544" extractCount="1531" duration="1303555"/>
			<Sample nodeCount="26" insertCount="1604" extractCount="1594" duration="1364101"/>
			<Sample nodeCount="27" insertCount="1668" extractCount="1653" duration="1416571"/>
			<Sample nodeCount="28" insertCount="1729" extractCount="1715" duration="1489460"/>
			<Sample nodeCount="29" insertCount="1790" extractCount="1777" duration="1548472"/>
			<Sample nodeCount="30" insertCount="1851" extractCount="1839" duration="1607540"/>
			<Sample nodeCount="31" insertCount="1914" extractCount="1899" duration="1668071"/>
			<Sample nodeCount="32" insertCount="1977" extractCount="1959" duration="1136408"/>
			<Sample nodeCount="33" insertCount="2041" extractCount="2018" duration="1767398"/>
			<Sample nodeCount="34" insertCount="2097" extractCount="2085" duration="1802011"/>
			<Sample nodeCount="35" insertCount="2160" extractCount="2145" duration="1871657"/>
			<Sample nodeCount="36" insertCount="2221" extractCount="2207" duration="1920545"/>
			<Sample nodeCount="37" insertCount="2285" extractCount="2266" duration="1983068"/>
			<Sample nodeCount="38" insertCount="2346" extractCount="2328" duration="2042309"/>
			<Sample nodeCount="39" insertCount="2408" extractCount="2389" duration="2082845"/>
			<Sample nodeCount="40" insertCount="2471" extractCount="2449" duration="2140175"/>
			<Sample nodeCount="41" insertCount="2531" extractCount="2512" duration="2221041"/>
			<Sample nodeCount="42" insertCount="2593" extractCount="2573" duration="2265296"/>
			<Sample nodeCount="43" insertCount="2656" extractCount="2633" duration="2331111"/>
			<Sample nodeCount="44" insertCount="2717" extractCount="2695" duration="2392439"/>
			<Sample nodeCount="45" insertCount="2776" extractCount="2759" duration="2423450"/>
			<Sample nodeCount="46" insertCount="2840" extractCount="2818" duration="2502240"/>
			<Sample nodeCount="47" insertCount="2902" extractCount="2879" duration="2536796"/>
			<Sample nodeCount="48" insertCount="2966" extractCount="2938" duration="2608434"/>
			<Sample nodeCount="49" insertCount="3026" extractCount="3001" duration="2681462"/>
			<Sample nodeCount="50" insertCount="3084" extractCount="3066" duration="2729235"/>
			<Sample nodeCount="51" insertCount="3151" extractCount="3122" duration="2794416"/>
			<Sample nodeCount="52" insertCount="3209" extractCount="3187" duration="2859606"/>
			<Sample nodeCount="53" insertCount="3273" extractCount="3246" duration="2911674"/>
			<Sample nodeCount="54" insertCount="3337" extractCount="3305" duration="2967732"/>
			<Sample nodeCount="55" insertCount="3400" extractCount="3365" duration="3022464"/>
			<Sample nodeCount="56" insertCount="3458" extractCount="3430" duration="3107427"/>
			<Sample nodeCount="57" insertCount="3521" extractCount="3490" duration="3148950"/>
			<Sample nodeCount="58" insertCount="3580" extractCount="3554" duration="3211692"/>
			<Sample nodeCount="59" insertCount="3647" extractCount="3610" duration="3305674"/>
			<Sample nodeCount="60" insertCount="3706" extractCount="3674" duration="3342291"/>
			<Sample nodeCount="61" insertCount="3766" extractCount="3737" duration="3409039"/>
			<Sample nodeCount="62" insertCount="3828" extractCount="3798" duration="3469320"/>
			<Sample nodeCount="63" insertCount="3888" extractCount="3861" duration="3506337"/>
			<Sample nodeCount="64" insertCount="3952" extractCount="3920" duration="2461554"/>
			<Sample nodeCount="65" insertCount="4014" extractCount="3981" duration="3590436"/>
			<Sample nodeCount="66" insertCount="4077" extractCount="4041" duration="3630643"/>
			<Sample nodeCount="67" insertCount="4136" extractCount="4105" duration="3723552"/>
			<Sample nodeCount="68" insertCount="4200" extractCount="4164" duration="3760246"/>
			<Sample nodeCount="69" insertCount="4263" extractCount="4224" duration="3829954"/>
			<Sample nodeCount="70" insertCount="4325" extractCount="4285" duration="3897859"/>
			<Sample nodeCount="71" insertCount="4381" extractCount="4352" duration="3943021"/>
			<Sample nodeCount="72" insertCount="4448" extractCount="4408" duration="4012871"/>
			<Sample nodeCount="73" insertCount="4507" extractCount="4472" duration="4077691"/>
			<Sample nodeCount="74" insertCount="4571" extractCount="4531" duration="4128580"/>
			<Sample nodeCount="75" insertCount="4631" extractCount="4594" duration="4180543"/>
			<Sample nodeCount="76" insertCount="4693" extractCount="4655" duration="4263622"/>
			<Sample nodeCount="77" insertCount="4755" extractCount="4716" duration="4318016"/>
			<Sample nodeCount="78" insertCount="4817" extractCount="4777" duration="4364365"/>
			<Sample nodeCount="79" insertCount="4877" extractCount="4840" duration="4412558"/>
			<Sample nodeCount="80" insertCount="4942" extractCount="4898" duration="4496146"/>
			<Sample nodeCount="81" insertCount="5002" extractCount="4961" duration="4566041"/>
			<Sample nodeCount="82" insertCount="5063" extractCount="5023" duration="4606781"/>
			<Sample nodeCount="83" insertCount="5124" extractCount="5085" duration="4667209"/>
			<Sample nodeCount="84" insertCount="5187" extractCount="5145" duration="4726454"/>
			<Sample nodeCount="85" insertCount="5250" extractCount="5205" duration="4790566"/>
			<Sample nodeCount="86" insertCount="5314" extractCount="5264" duration="4840244"/>
			<Sample nodeCount="87" insertCount="5374" extractCount="5327" duration="4911494"/>
			<Sample nodeCount="88" insertCount="5432" extractCount="5392" duration="4971221"/>
			<Sample nodeCount="89" insertCount="5490" extractCount="5457" duration="5008304"/>
			<Sample nodeCount="90" insertCount="5559" extractCount="5511" duration="5082708"/>
			<Sample nodeCount="91" insertCount="5621" extractCount="5572" duration="5125901"/>
			<Sample nodeCount="92" insertCount="5680" extractCount="5636" duration="5197787"/>
			<Sample nodeCount="93" insertCount="5740" extractCount="5699" duration="5269067"/>
			<Sample nodeCount="94" insertCount="5803" extractCount="5759" duration="5301986"/>
			<Sample nodeCount="95" insertCount="5862" extractCount="5823" duration="5347659"/>
			<Sample nodeCount="96" insertCount="5929" extractCount="5879" duration="5406410"/>
			<Sample nodeCount="97" insertCount="5993" extractCount="5938" duration="5463195"/>
			<Sample nodeCount="98" insertCount="6055" extractCount="5999" duration="5536505"/>
			<Sample nodeCount="99" insertCount="6113" extractCount="6064" duration="5603550"/>
			<Sample nodeCount="100" insertCount="6172" extractCount="6128" duration="5692602"/>
			<Sample nodeCount="101" insertCount="6238" extractCount="6185" duration="5743880"/>
			<Sample nodeCount="102" insertCount="6299" extractCount="6247" duration="5752485"/>
			<Sample nodeCount="103" insertCount="6363" extractCount="6306" duration="5840301"/>
			<Sample nodeCount="104" insertCount="6426" extractCount="6366" duration="5886795"/>
			<Sample nodeCount="105" insertCount="6481" extractCount="6434" duration="5958348"/>
			<Sample nodeCount="106" insertCount="6544" extractCount="6494" duration="5994642"/>
			<Sample nodeCount="107" insertCount="6607" extractCount="6554" duration="6078453"/>
			<Sample nodeCount="108" insertCount="6669" extractCount="6615" duration="6134973"/>
			<Sample nodeCount="109" insertCount="6732" extractCount="6675" duration="6190836"/>
			<Sample nodeCount="110" insertCount="6794" extractCount="6736" duration="6238630"/>
			<Sample nodeCount="111" insertCount="6852" extractCount="6801" duration="6321225"/>
			<Sample nodeCount="112" insertCount="6918" extractCount="6858" duration="6383847"/>
			<Sample nodeCount="113" insertCount="6981" extractCount="6918" duration="6457093"/>
			<Sample nodeCount="114" insertCount="7041" extractCount="6981" duration="6488052"/>
			<Sample nodeCount="115" insertCount="7103" extractCount="7042" duration="6520051"/>
			<Sample nodeCount="116" insertCount="7164" extractCount="7104" duration="6606978"/>
			<Sample nodeCount="117" insertCount="7225" extractCount="7166" duration="6682801"/>
			<Sample nodeCount="118" insertCount="7291" extractCount="7223" duration="6729451"/>
			<Sample nodeCount="119" insertCount="7350" extractCount="7287" duration="6807127"/>
			<Sample nodeCount="120" insertCount="7410" extractCount="7350" duration="6858537"/>
			<Sample nodeCount="121" insertCount="7471" extractCount="7412" duration="6926491"/>
			<Sample nodeCount="122" insertCount="7537" extractCount="7469" duration="6997621"/>
			<Sample nodeCount="123" insertCount="7593" extractCount="7536" duration="7035472"/>
			<Sample nodeCount="124" insertCount="7658" extractCount="7594" duration="7077451"/>
			<Sample nodeCount="125" insertCount="7718" extractCount="7657" duration="7221182"/>
			<Sample nodeCount="126" insertCount="7781" extractCount="7717" duration="7201078"/>
			<Sample nodeCount="127" insertCount="7840" extractCount="7781" duration="7315669"/>
		</SmallSetRandomOps>
		<LargeSetRandomOps>
		</LargeSetRandomOps>
		<SmallSetLinear>
			<Sample nodeCount="1" insertCount="10000" extractCount="10000" duration="871216"/>
			<Sample nodeCount="2" insertCount="10000" extractCount="10000" duration="2118926"/>
			<Sample nodeCount="3" insertCount="10000" extractCount="10000" duration="4404056"/>
			<Sample nodeCount="4" insertCount="10000" extractCount="10000" duration="6254133"/>
			<Sample nodeCount="5" insertCount="10000" extractCount="10000" duration="8901663"/>
			<Sample nodeCount="6" insertCount="10000" extractCount="10000" duration="12101106"/>
			<Sample nodeCount="7" insertCount="10000" extractCount="10000" duration="15430534"/>
			<Sample nodeCount="8" insertCount="10000" extractCount="10000" duration="17749131"/>
			<Sample nodeCount="9" insertCount="10000" extractCount="10000" duration="22532860"/>
			<Sample nodeCount="10" insertCount="10000" extractCount="10000" duration="24584161"/>
			<Sample nodeCount="11" insertCount="10000" extractCount="10000" duration="28616123"/>
			<Sample nodeCount="12" insertCount="10000" extractCount="10000" duration="32483006"/>
			<Sample nodeCount="13" insertCount="10000" extractCount="10000" duration="36391573"/>
			<Sample nodeCount="14" insertCount="10000" extractCount="10000" duration="39098763"/>
			<Sample nodeCount="15" insertCount="10000" extractCount="10000" duration="44290008"/>
			<Sample nodeCount="16" insertCount="10000" extractCount="10000" duration="46605127"/>
			<Sample nodeCount="17" insertCount="10000" extractCount="10000" duration="50595230"/>
			<Sample nodeCount="18" insertCount="10000" extractCount="10000" duration="53161446"/>
			<Sample nodeCount="19" insertCount="10000" extractCount="10000" duration="59609675"/>
			<Sample nodeCount="20" insertCount="10000" extractCount="10000" duration="63261424"/>
			<Sample nodeCount="21" insertCount="10000" extractCount="10000" duration="68121530"/>
			<Sample nodeCount="22" insertCount="10000" extractCount="10000" duration="70601153"/>
			<Sample nodeCount="23" insertCount="10000" extractCount="10000" duration="77968629"/>
			<Sample nodeCount="24" insertCount="10000" extractCount="10000" duration="81543499"/>
			<Sample nodeCount="25" insertCount="10000" extractCount="10000" duration="85350199"/>
			<Sample nodeCount="26" insertCount="10000" extractCount="10000" duration="88860830"/>
			<Sample nodeCount="27" insertCount="10000" extractCount="10000" duration="93161860"/>
			<Sample nodeCount="28" insertCount="10000" extractCount="10000" duration="96727326"/>
			<Sample nodeCount="29" insertCount="10000" extractCount="10000" duration="102069573"/>
			<Sample nodeCount="30" insertCount="10000" extractCount="10000" duration="105073377"/>
			<Sample nodeCount="31" insertCount="10000" extractCount="10000" duration="112454672"/>
			<Sample nodeCount="32" insertCount="10000" extractCount="10000" duration="115655165"/>
			<Sample nodeCount="33" insertCount="10000" extractCount="10000" duration="120978721"/>
			<Sample nodeCount="34" insertCount="10000" extractCount="10000" duration="124135810"/>
			<Sample nodeCount="35" insertCount="10000" extractCount="10000" duration="129445449"/>
			<Sample nodeCount="36" insertCount="10000" extractCount="10000" duration="132020850"/>
			<Sample nodeCount="37" insertCount="10000" extractCount="10000" duration="137599427"/>
			<Sample nodeCount="38" insertCount="10000" extractCount="10000" duration="139127435"/>
			<Sample nodeCount="39" insertCount="10000" extractCount="10000" duration="149903628"/>
			<Sample nodeCount="40" insertCount="10000" extractCount="10000" duration="153684274"/>
			<Sample nodeCount="41" insertCount="10000" extractCount="10000" duration="157174630"/>
			<Sample nodeCount="42" insertCount="10000" extractCount="10000" duration="160500680"/>
			<Sample nodeCount="43" insertCount="10000" extractCount="10000" duration="165871642"/>
			<Sample nodeCount="44" insertCount="10000" extractCount="10000" duration="169804037"/>
			<Sample nodeCount="45" insertCount="10000" extractCount="10000" duration="175501970"/>
			<Sample nodeCount="46" insertCount="10000" extractCount="10000" duration="178264285"/>
			<Sample nodeCount="47" insertCount="10000" extractCount="10000" duration="187284841"/>
			<Sample nodeCount="48" insertCount="10000" extractCount="10000" duration="192217992"/>
			<Sample nodeCount="49" insertCount="10000" extractCount="10000" duration="196496680"/>
			<Sample nodeCount="50" insertCount="10000" extractCount="10000" duration="199579619"/>
			<Sample nodeCount="51" insertCount="10000" extractCount="10000" duration="206363901"/>
			<Sample nodeCount="52" insertCount="10000" extractCount="10000" duration="209663565"/>
			<Sample nodeCount="53" insertCount="10000" extractCount="10000" duration="214324966"/>
			<Sample nodeCount="54" insertCount="10000" extractCount="10000" duration="216995293"/>
			<Sample nodeCount="55" insertCount="10000" extractCount="10000" duration="224257199"/>
			<Sample nodeCount="56" insertCount="10000" extractCount="10000" duration="227478492"/>
			<Sample nodeCount="57" insertCount="10000" extractCount="10000" duration="233303876"/>
			<Sample nodeCount="58" insertCount="10000" extractCount="10000" duration="235773586"/>
			<Sample nodeCount="59" insertCount="10000" extractCount="10000" duration="241658389"/>
			<Sample nodeCount="60" insertCount="10000" extractCount="10000" duration="245132237"/>
			<Sample nodeCount="61" insertCount="10000" extractCount="10000" duration="252020682"/>
			<Sample nodeCount="62" insertCount="10000" extractCount="10000" duration="253818128"/>
			<Sample nodeCount="63" insertCount="10000" extractCount="10000" duration="264291871"/>
			<Sample nodeCount="64" insertCount="10000" extractCount="10000" duration="267264012"/>
			<Sample nodeCount="65" insertCount="10000" extractCount="10000" duration="273076026"/>
			<Sample nodeCount="66" insertCount="10000" extractCount="10000" duration="275276432"/>
			<Sample nodeCount="67" insertCount="10000" extractCount="10000" duration="279959854"/>
			<Sample nodeCount="68" insertCount="10000" extractCount="10000" duration="283490708"/>
			<Sample nodeCount="69" insertCount="10000" extractCount="10000" duration="290052650"/>
			<Sample nodeCount="70" insertCount="10000" extractCount="10000" duration="292610902"/>
			<Sample nodeCount="71" insertCount="10000" extractCount="10000" duration="299258601"/>
			<Sample nodeCount="72" insertCount="10000" extractCount="10000" duration="301768052"/>
			<Sample nodeCount="73" insertCount="10000" extractCount="10000" duration="309008208"/>
			<Sample nodeCount="74" insertCount="10000" extractCount="10000" duration="312812158"/>
			<Sample nodeCount="75" insertCount="10000" extractCount="10000" duration="317251317"/>
			<Sample nodeCount="76" insertCount="10000" extractCount="10000" duration="322215334"/>
			<Sample nodeCount="77" insertCount="10000" extractCount="10000" duration="327539404"/>
			<Sample nodeCount="78" insertCount="10000" extractCount="10000" duration="331243807"/>
			<Sample nodeCount="79" insertCount="10000" extractCount="10000" duration="342824040"/>
			<Sample nodeCount="80" insertCount="10000" extractCount="10000" duration="346470484"/>
			<Sample nodeCount="81" insertCount="10000" extractCount="10000" duration="352137218"/>
			<Sample nodeCount="82" insertCount="10000" extractCount="10000" duration="354628198"/>
			<Sample nodeCount="83" insertCount="10000" extractCount="10000" duration="359672183"/>
			<Sample nodeCount="84" insertCount="10000" extractCount="10000" duration="363097929"/>
			<Sample nodeCount="85" insertCount="10000" extractCount="10000" duration="368120219"/>
			<Sample nodeCount="86" insertCount="10000" extractCount="10000" duration="372502405"/>
			<Sample nodeCount="87" insertCount="10000" extractCount="10000" duration="381128544"/>
			<Sample nodeCount="88" insertCount="10000" extractCount="10000" duration="383483744"/>
			<Sample nodeCount="89" insertCount="10000" extractCount="10000" duration="389534805"/>
			<Sample nodeCount="90" insertCount="10000" extractCount="10000" duration="389727627"/>
			<Sample nodeCount="91" insertCount="10000" extractCount="10000" duration="395911878"/>
			<Sample nodeCount="92" insertCount="10000" extractCount="10000" duration="400597685"/>
			<Sample nodeCount="93" insertCount="10000" extractCount="10000" duration="408240390"/>
			<Sample nodeCount="94" insertCount="10000" extractCount="10000" duration="411904702"/>
			<Sample nodeCount="95" insertCount="10000" extractCount="10000" duration="422676351"/>
			<Sample nodeCount="96" insertCount="10000" extractCount="10000" duration="423338655"/>
			<Sample nodeCount="97" insertCount="10000" extractCount="10000" duration="430436114"/>
			<Sample nodeCount="98" insertCount="10000" extractCount="10000" duration="433047109"/>
			<Sample nodeCount="99" insertCount="10000" extractCount="10000" duration="437636565"/>
			<Sample nodeCount="100" insertCount="10000" extractCount="10000" duration="444716986"/>
			<Sample nodeCount="101" insertCount="10000" extractCount="10000" duration="447162460"/>
			<Sample nodeCount="102" insertCount="10000" extractCount="10000" duration="451734962"/>
			<Sample nodeCount="103" insertCount="10000" extractCount="10000" duration="459318228"/>
			<Sample nodeCount="104" insertCount="10000" extractCount="10000" duration="461597246"/>
			<Sample nodeCount="105" insertCount="10000" extractCount="10000" duration="468641694"/>
			<Sample nodeCount="106" insertCount="10000" extractCount="10000" duration="473486942"/>
			<Sample nodeCount="107" insertCount="10000" extractCount="10000" duration="476781999"/>
			<Sample nodeCount="108" insertCount="10000" extractCount="10000" duration="480403383"/>
			<Sample nodeCount="109" insertCount="10000" extractCount="10000" duration="486724468"/>
			<Sample nodeCount="110" insertCount="10000" extractCount="10000" duration="490413491"/>
			<Sample nodeCount="111" insertCount="10000" extractCount="10000" duration="500649288"/>
			<Sample nodeCount="112" insertCount="10000" extractCount="10000" duration="503032430"/>
			<Sample nodeCount="113" insertCount="10000" extractCount="10000" duration="506683058"/>
			<Sample nodeCount="114" insertCount="10000" extractCount="10000" duration="512377553"/>
			<Sample nodeCount="115" insertCount="10000" extractCount="10000" duration="517007575"/>
			<Sample nodeCount="116" insertCount="10000" extractCount="10000" duration="518888091"/>
			<Sample nodeCount="117" insertCount="10000" extractCount="10000" duration="531892609"/>
			<Sample nodeCount="118" insertCount="10000" extractCount="10000" duration="535549688"/>
			<Sample nodeCount="119" insertCount="10000" extractCount="10000" duration="539339618"/>
			<Sample nodeCount="120" insertCount="10000" extractCount="10000" duration="539396186"/>
			<Sample nodeCount="121" insertCount="10000" extractCount="10000" duration="546630888"/>
			<Sample nodeCount="122" insertCount="10000" extractCount="10000" duration="553025488"/>
			<Sample nodeCount="123" insertCount="10000" extractCount="10000" duration="554250206"/>
			<Sample nodeCount="124" insertCount="10000" extractCount="10000" duration="559756382"/>
			<Sample nodeCount="125" insertCount="10000" extractCount="10000" duration="567617295"/>
			<Sample nodeCount="126" insertCount="10000" extractCount="10000" duration="569103815"/>
			<Sample nodeCount="127" insertCount="10000" extractCount="10000" duration="579548107"/>
		</SmallSetLinear>
		<LargeSetLinear>
		</LargeSetLinear>
	</RBTest>
	<RBTest implementation="JFFS2" nodeSize="16">
		<SmallSetRandomOps>
			<Sample nodeCount="1" insertCount="62" extractCount="61" duration="10515"/>
			<Sample nodeCount="2" insertCount="123" extractCount="123" duration="26334"/>
			<Sample nodeCount="3" insertCount="186" extractCount="183" duration="112899"/>
			<Sample nodeCount="4" insertCount="247" extractCount="245" duration="73662"/>
			<Sample nodeCount="5" insertCount="309" extractCount="306" duration="204168"/>
			<Sample nodeCount="6" insertCount="370" extractCount="368" duration="250338"/>
			<Sample nodeCount="7" insertCount="433" extractCount="428" duration="300496"/>
			<Sample nodeCount="8" insertCount="493" extractCount="491" duration="192411"/>
			<Sample nodeCount="9" insertCount="557" extractCount="550" duration="397047"/>
			<Sample nodeCount="10" insertCount="619" extractCount="611" duration="431502"/>
			<Sample nodeCount="11" insertCount="680" extractCount="673" duration="489019"/>
			<Sample nodeCount="12" insertCount="740" extractCount="736" duration="530535"/>
			<Sample nodeCount="13" insertCount="803" extractCount="796" duration="577806"/>
			<Sample nodeCount="14" insertCount="864" extractCount="858" duration="632776"/>
			<Sample nodeCount="15" insertCount="927" extractCount="918" duration="671704"/>
			<Sample nodeCount="16" insertCount="988" extractCount="980" duration="424908"/>
			<Sample nodeCount="17" insertCount="1050" extractCount="1041" duration="775258"/>
			<Sample nodeCount="18" insertCount="1113" extractCount="1101" duration="813106"/>
			<Sample nodeCount="19" insertCount="1172" extractCount="1165" duration="861064"/>
			<Sample nodeCount="20" insertCount="1237" extractCount="1223" duration="896452"/>
			<Sample nodeCount="21" insertCount="1296" extractCount="1287" duration="946975"/>
			<Sample nodeCount="22" insertCount="1359" extractCount="1347" duration="993400"/>
			<Sample nodeCount="23" insertCount="1419" extractCount="1410" duration="1042528"/>
			<Sample nodeCount="24" insertCount="1484" extractCount="1468" duration="1092340"/>
			<Sample nodeCount="25" insertCount="1544" extractCount="1531" duration="1134073"/>
			<Sample nodeCount="26" insertCount="1604" extractCount="1594" duration="1183679"/>
			<Sample nodeCount="27" insertCount="1668" extractCount="1653" duration="1227481"/>
			<Sample nodeCount="28" insertCount="1729" extractCount="1715" duration="1280338"/>
			<Sample nodeCount="29" insertCount="1790" extractCount="1777" duration="1323916"/>
			<Sample nodeCount="30" insertCount="1851" extractCount="1839" duration="1369153"/>
			<Sample nodeCount="31" insertCount="1914" extractCount="1899" duration="1419803"/>
			<Sample nodeCount="32" insertCount="1977" extractCount="1959" duration="906439"/>
			<Sample nodeCount="33" insertCount="2041" extractCount="2018" duration="1514039"/>
			<Sample nodeCount="34" insertCount="2097" extractCount="2085" duration="1535764"/>
			<Sample nodeCount="35" insertCount="2160" extractCount="2145" duration="1599785"/>
			<Sample nodeCount="36" insertCount="2221" extractCount="2207" duration="1637350"/>
			<Sample nodeCount="37" insertCount="2285" extractCount="2266" duration="1685435"/>
			<Sample nodeCount="38" insertCount="2346" extractCount="2328" duration="1739513"/>
			<Sample nodeCount="39" insertCount="2408" extractCount="2389" duration="1785014"/>
			<Sample nodeCount="40" insertCount="2471" extractCount="2449" duration="1830278"/>
			<Sample nodeCount="41" insertCount="2531" extractCount="2512" duration="1874887"/>
			<Sample nodeCount="42" insertCount="2593" extractCount="2573" duration="1915484"/>
			<Sample nodeCount="43" insertCount="2656" extractCount="2633" duration="1986800"/>
			<Sample nodeCount="44" insertCount="2717" extractCount="2695" duration="2022554"/>
			<Sample nodeCount="45" insertCount="2776" extractCount="2759" duration="2056169"/>
			<Sample nodeCount="46" insertCount="2840" extractCount="2818" duration="2109950"/>
			<Sample nodeCount="47" insertCount="2902" extractCount="2879" duration="2162987"/>
			<Sample nodeCount="48" insertCount="2966" extractCount="2938" duration="2227749"/>
			<Sample nodeCount="49" insertCount="3026" extractCount="3001" duration="2258915"/>
			<Sample nodeCount="50" insertCount="3084" extractCount="3066" duration="2320901"/>
			<Sample nodeCount="51" insertCount="3151" extractCount="3122" duration="2369108"/>
			<Sample nodeCount="52" insertCount="3209" extractCount="3187" duration="2413160"/>
			<Sample nodeCount="53" insertCount="3273" extractCount="3246" duration="2463597"/>
			<Sample nodeCount="54" insertCount="3337" extractCount="3305" duration="2522975"/>
			<Sample nodeCount="55" insertCount="3400" extractCount="3365" duration="2552472"/>
			<Sample nodeCount="56" insertCount="3458" extractCount="3430" duration="2616356"/>
			<Sample nodeCount="57" insertCount="3521" extractCount="3490" duration="2658600"/>
			<Sample nodeCount="58" insertCount="3580" extractCount="3554" duration="2693352"/>
			<Sample nodeCount="59" insertCount="3647" extractCount="3610" duration="2752832"/>
			<Sample nodeCount="60" insertCount="3706" extractCount="3674" duration="2784369"/>
			<Sample nodeCount="61" insertCount="3766" extractCount="3737" duration="2859557"/>
			<Sample nodeCount="62" insertCount="3828" extractCount="3798" duration="2886822"/>
			<Sample nodeCount="63" insertCount="3888" extractCount="3861" duration="2942670"/>
			<Sample nodeCount="64" insertCount="3952" extractCount="3920" duration="1856057"/>
			<Sample nodeCount="65" insertCount="4014" extractCount="3981" duration="2987673"/>
			<Sample nodeCount="66" insertCount="4077" extractCount="4041" duration="3029328"/>
			<Sample nodeCount="67" insertCount="4136" extractCount="4105" duration="3094794"/>
			<Sample nodeCount="68" insertCount="4200" extractCount="4164" duration="3123046"/>
			<Sample nodeCount="69" insertCount="4263" extractCount="4224" duration="3152268"/>
			<Sample nodeCount="70" insertCount="4325" extractCount="4285" duration="3235077"/>
			<Sample nodeCount="71" insertCount="4381" extractCount="4352" duration="3266361"/>
			<Sample nodeCount="72" insertCount="4448" extractCount="4408" duration="3298443"/>
			<Sample nodeCount="73" insertCount="4507" extractCount="4472" duration="3352453"/>
			<Sample nodeCount="74" insertCount="4571" extractCount="4531" duration="3410499"/>
			<Sample nodeCount="75" insertCount="4631" extractCount="4594" duration="3470668"/>
			<Sample nodeCount="76" insertCount="4693" extractCount="4655" duration="3516594"/>
			<Sample nodeCount="77" insertCount="4755" extractCount="4716" duration="3550627"/>
			<Sample nodeCount="78" insertCount="4817" extractCount="4777" duration="3602578"/>
			<Sample nodeCount="79" insertCount="4877" extractCount="4840" duration="3664107"/>
			<Sample nodeCount="80" insertCount="4942" extractCount="4898" duration="3688078"/>
			<Sample nodeCount="81" insertCount="5002" extractCount="4961" duration="3740688"/>
			<Sample nodeCount="82" insertCount="5063" extractCount="5023" duration="3783253"/>
			<Sample nodeCount="83" insertCount="5124" extractCount="5085" duration="3867793"/>
			<Sample nodeCount="84" insertCount="5187" extractCount="5145" duration="3906808"/>
			<Sample nodeCount="85" insertCount="5250" extractCount="5205" duration="3952822"/>
			<Sample nodeCount="86" insertCount="5314" extractCount="5264" duration="4013965"/>
			<Sample nodeCount="87" insertCount="5374" extractCount="5327" duration="4050178"/>
			<Sample nodeCount="88" insertCount="5432" extractCount="5392" duration="4122784"/>
			<Sample nodeCount="89" insertCount="5490" extractCount="5457" duration="4132531"/>
			<Sample nodeCount="90" insertCount="5559" extractCount="5511" duration="4174513"/>
			<Sample nodeCount="91" insertCount="5621" extractCount="5572" duration="4233085"/>
			<Sample nodeCount="92" insertCount="5680" extractCount="5636" duration="4283998"/>
			<Sample nodeCount="93" insertCount="5740" extractCount="5699" duration="4344932"/>
			<Sample nodeCount="94" insertCount="5803" extractCount="5759" duration="4374874"/>
			<Sample nodeCount="95" insertCount="5862" extractCount="5823" duration="4449812"/>
			<Sample nodeCount="96" insertCount="5929" extractCount="5879" duration="4474642"/>
			<Sample nodeCount="97" insertCount="5993" extractCount="5938" duration="4521584"/>
			<Sample nodeCount="98" insertCount="6055" extractCount="5999" duration="4571603"/>
			<Sample nodeCount="99" insertCount="6113" extractCount="6064" duration="4640299"/>
			<Sample nodeCount="100" insertCount="6172" extractCount="6128" duration="4687334"/>
			<Sample nodeCount="101" insertCount="6238" extractCount="6185" duration="4748297"/>
			<Sample nodeCount="102" insertCount="6299" extractCount="6247" duration="4777403"/>
			<Sample nodeCount="103" insertCount="6363" extractCount="6306" duration="4845620"/>
			<Sample nodeCount="104" insertCount="6426" extractCount="6366" duration="4879334"/>
			<Sample nodeCount="105" insertCount="6481" extractCount="6434" duration="4929422"/>
			<Sample nodeCount="106" insertCount="6544" extractCount="6494" duration="5004533"/>
			<Sample nodeCount="107" insertCount="6607" extractCount="6554" duration="4995359"/>
			<Sample nodeCount="108" insertCount="6669" extractCount="6615" duration="5079818"/>
			<Sample nodeCount="109" insertCount="6732" extractCount="6675" duration="5120042"/>
			<Sample nodeCount="110" insertCount="6794" extractCount="6736" duration="5152508"/>
			<Sample nodeCount="111" insertCount="6852" extractCount="6801" duration="5219102"/>
			<Sample nodeCount="112" insertCount="6918" extractCount="6858" duration="5291297"/>
			<Sample nodeCount="113" insertCount="6981" extractCount="6918" duration="5334687"/>
			<Sample nodeCount="114" insertCount="7041" extractCount="6981" duration="5364641"/>
			<Sample nodeCount="115" insertCount="7103" extractCount="7042" duration="5427659"/>
			<Sample nodeCount="116" insertCount="7164" extractCount="7104" duration="5450505"/>
			<Sample nodeCount="117" insertCount="7225" extractCount="7166" duration="5558454"/>
			<Sample nodeCount="118" insertCount="7291" extractCount="7223" duration="5582867"/>
			<Sample nodeCount="119" insertCount="7350" extractCount="7287" duration="5628597"/>
			<Sample nodeCount="120" insertCount="7410" extractCount="7350" duration="5653005"/>
			<Sample nodeCount="121" insertCount="7471" extractCount="7412" duration="5726429"/>
			<Sample nodeCount="122" insertCount="7537" extractCount="7469" duration="5743815"/>
			<Sample nodeCount="123" insertCount="7593" extractCount="7536" duration="5821455"/>
			<Sample nodeCount="124" insertCount="7658" extractCount="7594" duration="5857413"/>
			<Sample nodeCount="125" insertCount="7718" extractCount="7657" duration="5921460"/>
			<Sample nodeCount="126" insertCount="7781" extractCount="7717" duration="5938227"/>
			<Sample nodeCount="127" insertCount="7840" extractCount="7781" duration="6020985"/>
		</SmallSetRandomOps>
		<LargeSetRandomOps>
		</LargeSetRandomOps>
		<SmallSetLinear>
			<Sample nodeCount="1" insertCount="10000" extractCount="10000" duration="840522"/>
			<Sample nodeCount="2" insertCount="10000" extractCount="10000" duration="1715042"/>
			<Sample nodeCount="3" insertCount="10000" extractCount="10000" duration="3154914"/>
			<Sample nodeCount="4" insertCount="10000" extractCount="10000" duration="5250669"/>
			<Sample nodeCount="5" insertCount="10000" extractCount="10000" duration="7105453"/>
			<Sample nodeCount="6" insertCount="10000" extractCount="10000" duration="9967774"/>
			<Sample nodeCount="7" insertCount="10000" extractCount="10000" duration="13145860"/>
			<Sample nodeCount="8" insertCount="10000" extractCount="10000" duration="14489433"/>
			<Sample nodeCount="9" insertCount="10000" extractCount="10000" duration="17663952"/>
			<Sample nodeCount="10" insertCount="10000" extractCount="10000" duration="20294528"/>
			<Sample nodeCount="11" insertCount="10000" extractCount="10000" duration="22916804"/>
			<Sample nodeCount="12" insertCount="10000" extractCount="10000" duration="27380212"/>
			<Sample nodeCount="13" insertCount="10000" extractCount="10000" duration="29878860"/>
			<Sample nodeCount="14" insertCount="10000" extractCount="10000" duration="32976708"/>
			<Sample nodeCount="15" insertCount="10000" extractCount="10000" duration="36714733"/>
			<Sample nodeCount="16" insertCount="10000" extractCount="10000" duration="40157344"/>
			<Sample nodeCount="17" insertCount="10000" extractCount="10000" duration="43177024"/>
			<Sample nodeCount="18" insertCount="10000" extractCount="10000" duration="46022557"/>
			<Sample nodeCount="19" insertCount="10000" extractCount="10000" duration="49509805"/>
			<Sample nodeCount="20" insertCount="10000" extractCount="10000" duration="52461281"/>
			<Sample nodeCount="21" insertCount="10000" extractCount="10000" duration="55121899"/>
			<Sample nodeCount="22" insertCount="10000" extractCount="10000" duration="58047334"/>
			<Sample nodeCount="23" insertCount="10000" extractCount="10000" duration="61936664"/>
			<Sample nodeCount="24" insertCount="10000" extractCount="10000" duration="65636492"/>
			<Sample nodeCount="25" insertCount="10000" extractCount="10000" duration="69137895"/>
			<Sample nodeCount="26" insertCount="10000" extractCount="10000" duration="73473280"/>
			<Sample nodeCount="27" insertCount="10000" extractCount="10000" duration="77225481"/>
			<Sample nodeCount="28" insertCount="10000" extractCount="10000" duration="81377154"/>
			<Sample nodeCount="29" insertCount="10000" extractCount="10000" duration="84000405"/>
			<Sample nodeCount="30" insertCount="10000" extractCount="10000" duration="86480375"/>
			<Sample nodeCount="31" insertCount="10000" extractCount="10000" duration="91164013"/>
			<Sample nodeCount="32" insertCount="10000" extractCount="10000" duration="94226215"/>
			<Sample nodeCount="33" insertCount="10000" extractCount="10000" duration="98346497"/>
			<Sample nodeCount="34" insertCount="10000" extractCount="10000" duration="101997513"/>
			<Sample nodeCount="35" insertCount="10000" extractCount="10000" duration="106317592"/>
			<Sample nodeCount="36" insertCount="10000" extractCount="10000" duration="109854473"/>
			<Sample nodeCount="37" insertCount="10000" extractCount="10000" duration="113338301"/>
			<Sample nodeCount="38" insertCount="10000" extractCount="10000" duration="115321945"/>
			<Sample nodeCount="39" insertCount="10000" extractCount="10000" duration="120342981"/>
			<Sample nodeCount="40" insertCount="10000" extractCount="10000" duration="122796741"/>
			<Sample nodeCount="41" insertCount="10000" extractCount="10000" duration="127000558"/>
			<Sample nodeCount="42" insertCount="10000" extractCount="10000" duration="130307536"/>
			<Sample nodeCount="43" insertCount="10000" extractCount="10000" duration="134741835"/>
			<Sample nodeCount="44" insertCount="10000" extractCount="10000" duration="137028890"/>
			<Sample nodeCount="45" insertCount="10000" extractCount="10000" duration="141521439"/>
			<Sample nodeCount="46" insertCount="10000" extractCount="10000" duration="143020784"/>
			<Sample nodeCount="47" insertCount="10000" extractCount="10000" duration="148717729"/>
			<Sample nodeCount="48" insertCount="10000" extractCount="10000" duration="151941952"/>
			<Sample nodeCount="49" insertCount="10000" extractCount="10000" duration="155479820"/>
			<Sample nodeCount="50" insertCount="10000" extractCount="10000" duration="159400941"/>
			<Sample nodeCount="51" insertCount="10000" extractCount="10000" duration="164186249"/>
			<Sample nodeCount="52" insertCount="10000" extractCount="10000" duration="167024045"/>
			<Sample nodeCount="53" insertCount="10000" extractCount="10000" duration="171100566"/>
			<Sample nodeCount="54" insertCount="10000" extractCount="10000" duration="175671524"/>
			<Sample nodeCount="55" insertCount="10000" extractCount="10000" duration="179745918"/>
			<Sample nodeCount="56" insertCount="10000" extractCount="10000" duration="183428896"/>
			<Sample nodeCount="57" insertCount="10000" extractCount="10000" duration="185990055"/>
			<Sample nodeCount="58" insertCount="10000" extractCount="10000" duration="190480844"/>
			<Sample nodeCount="59" insertCount="10000" extractCount="10000" duration="194245067"/>
			<Sample nodeCount="60" insertCount="10000" extractCount="10000" duration="197619267"/>
			<Sample nodeCount="61" insertCount="10000" extractCount="10000" duration="201119475"/>
			<Sample nodeCount="62" insertCount="10000" extractCount="10000" duration="202249006"/>
			<Sample nodeCount="63" insertCount="10000" extractCount="10000" duration="208507523"/>
			<Sample nodeCount="64" insertCount="10000" extractCount="10000" duration="211344748"/>
			<Sample nodeCount="65" insertCount="10000" extractCount="10000" duration="215553656"/>
			<Sample nodeCount="66" insertCount="10000" extractCount="10000" duration="220324517"/>
			<Sample nodeCount="67" insertCount="10000" extractCount="10000" duration="224964762"/>
			<Sample nodeCount="68" insertCount="10000" extractCount="10000" duration="228050265"/>
			<Sample nodeCount="69" insertCount="10000" extractCount="10000" duration="232367884"/>
			<Sample nodeCount="70" insertCount="10000" extractCount="10000" duration="236764926"/>
			<Sample nodeCount="71" insertCount="10000" extractCount="10000" duration="241095862"/>
			<Sample nodeCount="72" insertCount="10000" extractCount="10000" duration="244559665"/>
			<Sample nodeCount="73" insertCount="10000" extractCount="10000" duration="248329974"/>
			<Sample nodeCount="74" insertCount="10000" extractCount="10000" duration="252065718"/>
			<Sample nodeCount="75" insertCount="10000" extractCount="10000" duration="257057453"/>
			<Sample nodeCount="76" insertCount="10000" extractCount="10000" duration="260384285"/>
			<Sample nodeCount="77" insertCount="10000" extractCount="10000" duration="264201930"/>
			<Sample nodeCount="78" insertCount="10000" extractCount="10000" duration="265410823"/>
			<Sample nodeCount="79" insertCount="10000" extractCount="10000" duration="270016038"/>
			<Sample nodeCount="80" insertCount="10000" extractCount="10000" duration="272020427"/>
			<Sample nodeCount="81" insertCount="10000" extractCount="10000" duration="276815494"/>
			<Sample nodeCount="82" insertCount="10000" extractCount="10000" duration="280655399"/>
			<Sample nodeCount="83" insertCount="10000" extractCount="10000" duration="285873436"/>
			<Sample nodeCount="84" insertCount="10000" extractCount="10000" duration="288215178"/>
			<Sample nodeCount="85" insertCount="10000" extractCount="10000" duration="292797289"/>
			<Sample nodeCount="86" insertCount="10000" extractCount="10000" duration="296795408"/>
			<Sample nodeCount="87" insertCount="10000" extractCount="10000" duration="301478884"/>
			<Sample nodeCount="88" insertCount="10000" extractCount="10000" duration="304978433"/>
			<Sample nodeCount="89" insertCount="10000" extractCount="10000" duration="308849814"/>
			<Sample nodeCount="90" insertCount="10000" extractCount="10000" duration="312435081"/>
			<Sample nodeCount="91" insertCount="10000" extractCount="10000" duration="317101844"/>
			<Sample nodeCount="92" insertCount="10000" extractCount="10000" duration="320451863"/>
			<Sample nodeCount="93" insertCount="10000" extractCount="10000" duration="324684063"/>
			<Sample nodeCount="94" insertCount="10000" extractCount="10000" duration="325214653"/>
			<Sample nodeCount="95" insertCount="10000" extractCount="10000" duration="331604936"/>
			<Sample nodeCount="96" insertCount="10000" extractCount="10000" duration="333881224"/>
			<Sample nodeCount="97" insertCount="10000" extractCount="10000" duration="339642613"/>
			<Sample nodeCount="98" insertCount="10000" extractCount="10000" duration="343137958"/>
			<Sample nodeCount="99" insertCount="10000" extractCount="10000" duration="348097479"/>
			<Sample nodeCount="100" insertCount="10000" extractCount="10000" duration="351487737"/>
			<Sample nodeCount="101" insertCount="10000" extractCount="10000" duration="356771006"/>
			<Sample nodeCount="102" insertCount="10000" extractCount="10000" duration="360489471"/>
			<Sample nodeCount="103" insertCount="10000" extractCount="10000" duration="366355926"/>
			<Sample nodeCount="104" insertCount="10000" extractCount="10000" duration="368746167"/>
			<Sample nodeCount="105" insertCount="10000" extractCount="10000" duration="372995224"/>
			<Sample nodeCount="106" insertCount="10000" extractCount="10000" duration="377538446"/>
			<Sample nodeCount="107" insertCount="10000" extractCount="10000" duration="382433500"/>
			<Sample nodeCount="108" insertCount="10000" extractCount="10000" duration="385463978"/>
			<Sample nodeCount="109" insertCount="10000" extractCount="10000" duration="390353503"/>
			<Sample nodeCount="110" insertCount="10000" extractCount="10000" duration="394476685"/>
			<Sample nodeCount="111" insertCount="10000" extractCount="10000" duration="397555666"/>
			<Sample nodeCount="112" insertCount="10000" extractCount="10000" duration="401548256"/>
			<Sample nodeCount="113" insertCount="10000" extractCount="10000" duration="405196158"/>
			<Sample nodeCount="114" insertCount="10000" extractCount="10000" duration="411526969"/>
			<Sample nodeCount="115" insertCount="10000" extractCount="10000" duration="414410094"/>
			<Sample nodeCount="116" insertCount="10000" extractCount="10000" duration="418633834"/>
			<Sample nodeCount="117" insertCount="10000" extractCount="10000" duration="422158817"/>
			<Sample nodeCount="118" insertCount="10000" extractCount="10000" duration="426911455"/>
			<Sample nodeCount="119" insertCount="10000" extractCount="10000" duration="431348385"/>
			<Sample nodeCount="120" insertCount="10000" extractCount="10000" duration="435471748"/>
			<Sample nodeCount="121" insertCount="10000" extractCount="10000" duration="439524338"/>
			<Sample nodeCount="122" insertCount="10000" extractCount="10000" duration="444420555"/>
			<Sample nodeCount="123" insertCount="10000" extractCount="10000" duration="447282807"/>
			<Sample nodeCount="124" insertCount="10000" extractCount="10000" duration="451927034"/>
			<Sample nodeCount="125" insertCount="10000" extractCount="10000" duration="455536064"/>
			<Sample nodeCount="126" insertCount="10000" extractCount="10000" duration="454295468"/>
			<Sample nodeCount="127" insertCount="10000" extractCount="10000" duration="461095787"/>
		</SmallSetLinear>
		<LargeSetLinear>
		</LargeSetLinear>
	</RBTest>
	<RBTest implementation="BSD" nodeSize="16">
		<SmallSetRandomOps>
			<Sample nodeCount="1" insertCount="62" extractCount="61" duration="10695"/>
			<Sample nodeCount="2" insertCount="123" extractCount="123" duration="28554"/>
			<Sample nodeCount="3" insertCount="186" extractCount="183" duration="116406"/>
			<Sample nodeCount="4" insertCount="247" extractCount="245" duration="76047"/>
			<Sample nodeCount="5" insertCount="309" extractCount="306" duration="215821"/>
			<Sample nodeCount="6" insertCount="370" extractCount="368" duration="256923"/>
			<Sample nodeCount="7" insertCount="433" extractCount="428" duration="307905"/>
			<Sample nodeCount="8" insertCount="493" extractCount="491" duration="201588"/>
			<Sample nodeCount="9" insertCount="557" extractCount="550" duration="405631"/>
			<Sample nodeCount="10" insertCount="619" extractCount="611" duration="446347"/>
			<Sample nodeCount="11" insertCount="680" extractCount="673" duration="495294"/>
			<Sample nodeCount="12" insertCount="740" extractCount="736" duration="537945"/>
			<Sample nodeCount="13" insertCount="803" extractCount="796" duration="602176"/>
			<Sample nodeCount="14" insertCount="864" extractCount="858" duration="646930"/>
			<Sample nodeCount="15" insertCount="927" extractCount="918" duration="696906"/>
			<Sample nodeCount="16" insertCount="988" extractCount="980" duration="453385"/>
			<Sample nodeCount="17" insertCount="1050" extractCount="1041" duration="794017"/>
			<Sample nodeCount="18" insertCount="1113" extractCount="1101" duration="826084"/>
			<Sample nodeCount="19" insertCount="1172" extractCount="1165" duration="894760"/>
			<Sample nodeCount="20" insertCount="1237" extractCount="1223" duration="942982"/>
			<Sample nodeCount="21" insertCount="1296" extractCount="1287" duration="982501"/>
			<Sample nodeCount="22" insertCount="1359" extractCount="1347" duration="1031962"/>
			<Sample nodeCount="23" insertCount="1419" extractCount="1410" duration="1073152"/>
			<Sample nodeCount="24" insertCount="1484" extractCount="1468" duration="1134736"/>
			<Sample nodeCount="25" insertCount="1544" extractCount="1531" duration="1190333"/>
			<Sample nodeCount="26" insertCount="1604" extractCount="1594" duration="1228894"/>
			<Sample nodeCount="27" insertCount="1668" extractCount="1653" duration="1281608"/>
			<Sample nodeCount="28" insertCount="1729" extractCount="1715" duration="1341613"/>
			<Sample nodeCount="29" insertCount="1790" extractCount="1777" duration="1394419"/>
			<Sample nodeCount="30" insertCount="1851" extractCount="1839" duration="1417667"/>
			<Sample nodeCount="31" insertCount="1914" extractCount="1899" duration="1488961"/>
			<Sample nodeCount="32" insertCount="1977" extractCount="1959" duration="979615"/>
			<Sample nodeCount="33" insertCount="2041" extractCount="2018" duration="1571641"/>
			<Sample nodeCount="34" insertCount="2097" extractCount="2085" duration="1604813"/>
			<Sample nodeCount="35" insertCount="2160" extractCount="2145" duration="1666492"/>
			<Sample nodeCount="36" insertCount="2221" extractCount="2207" duration="1717400"/>
			<Sample nodeCount="37" insertCount="2285" extractCount="2266" duration="1765952"/>
			<Sample nodeCount="38" insertCount="2346" extractCount="2328" duration="1807319"/>
			<Sample nodeCount="39" insertCount="2408" extractCount="2389" duration="1856840"/>
			<Sample nodeCount="40" insertCount="2471" extractCount="2449" duration="1908697"/>
			<Sample nodeCount="41" insertCount="2531" extractCount="2512" duration="1958207"/>
			<Sample nodeCount="42" insertCount="2593" extractCount="2573" duration="2016932"/>
			<Sample nodeCount="43" insertCount="2656" extractCount="2633" duration="2074928"/>
			<Sample nodeCount="44" insertCount="2717" extractCount="2695" duration="2116037"/>
			<Sample nodeCount="45" insertCount="2776" extractCount="2759" duration="2163617"/>
			<Sample nodeCount="46" insertCount="2840" extractCount="2818" duration="2215673"/>
			<Sample nodeCount="47" insertCount="2902" extractCount="2879" duration="2291259"/>
			<Sample nodeCount="48" insertCount="2966" extractCount="2938" duration="2309240"/>
			<Sample nodeCount="49" insertCount="3026" extractCount="3001" duration="2376017"/>
			<Sample nodeCount="50" insertCount="3084" extractCount="3066" duration="2431751"/>
			<Sample nodeCount="51" insertCount="3151" extractCount="3122" duration="2469539"/>
			<Sample nodeCount="52" insertCount="3209" extractCount="3187" duration="2546400"/>
			<Sample nodeCount="53" insertCount="3273" extractCount="3246" duration="2584850"/>
			<Sample nodeCount="54" insertCount="3337" extractCount="3305" duration="2643693"/>
			<Sample nodeCount="55" insertCount="3400" extractCount="3365" duration="2675519"/>
			<Sample nodeCount="56" insertCount="3458" extractCount="3430" duration="2739912"/>
			<Sample nodeCount="57" insertCount="3521" extractCount="3490" duration="2803365"/>
			<Sample nodeCount="58" insertCount="3580" extractCount="3554" duration="2842491"/>
			<Sample nodeCount="59" insertCount="3647" extractCount="3610" duration="2891421"/>
			<Sample nodeCount="60" insertCount="3706" extractCount="3674" duration="2917559"/>
			<Sample nodeCount="61" insertCount="3766" extractCount="3737" duration="2976633"/>
			<Sample nodeCount="62" insertCount="3828" extractCount="3798" duration="3021387"/>
			<Sample nodeCount="63" insertCount="3888" extractCount="3861" duration="3074745"/>
			<Sample nodeCount="64" insertCount="3952" extractCount="3920" duration="2054369"/>
			<Sample nodeCount="65" insertCount="4014" extractCount="3981" duration="3160170"/>
			<Sample nodeCount="66" insertCount="4077" extractCount="4041" duration="3196293"/>
			<Sample nodeCount="67" insertCount="4136" extractCount="4105" duration="3225157"/>
			<Sample nodeCount="68" insertCount="4200" extractCount="4164" duration="3281637"/>
			<Sample nodeCount="69" insertCount="4263" extractCount="4224" duration="3333852"/>
			<Sample nodeCount="70" insertCount="4325" extractCount="4285" duration="3380202"/>
			<Sample nodeCount="71" insertCount="4381" extractCount="4352" duration="3446181"/>
			<Sample nodeCount="72" insertCount="4448" extractCount="4408" duration="3484978"/>
			<Sample nodeCount="73" insertCount="4507" extractCount="4472" duration="3549099"/>
			<Sample nodeCount="74" insertCount="4571" extractCount="4531" duration="3588076"/>
			<Sample nodeCount="75" insertCount="4631" extractCount="4594" duration="3651891"/>
			<Sample nodeCount="76" insertCount="4693" extractCount="4655" duration="3709261"/>
			<Sample nodeCount="77" insertCount="4755" extractCount="4716" duration="3752818"/>
			<Sample nodeCount="78" insertCount="4817" extractCount="4777" duration="3825184"/>
			<Sample nodeCount="79" insertCount="4877" extractCount="4840" duration="3860983"/>
			<Sample nodeCount="80" insertCount="4942" extractCount="4898" duration="3906781"/>
			<Sample nodeCount="81" insertCount="5002" extractCount="4961" duration="3939028"/>
			<Sample nodeCount="82" insertCount="5063" extractCount="5023" duration="4015237"/>
			<Sample nodeCount="83" insertCount="5124" extractCount="5085" duration="4071265"/>
			<Sample nodeCount="84" insertCount="5187" extractCount="5145" duration="4113046"/>
			<Sample nodeCount="85" insertCount="5250" extractCount="5205" duration="4152485"/>
			<Sample nodeCount="86" insertCount="5314" extractCount="5264" duration="4245007"/>
			<Sample nodeCount="87" insertCount="5374" extractCount="5327" duration="4298561"/>
			<Sample nodeCount="88" insertCount="5432" extractCount="5392" duration="4331116"/>
			<Sample nodeCount="89" insertCount="5490" extractCount="5457" duration="4393696"/>
			<Sample nodeCount="90" insertCount="5559" extractCount="5511" duration="4406945"/>
			<Sample nodeCount="91" insertCount="5621" extractCount="5572" duration="4456051"/>
			<Sample nodeCount="92" insertCount="5680" extractCount="5636" duration="4518056"/>
			<Sample nodeCount="93" insertCount="5740" extractCount="5699" duration="4577392"/>
			<Sample nodeCount="94" insertCount="5803" extractCount="5759" duration="4641248"/>
			<Sample nodeCount="95" insertCount="5862" extractCount="5823" duration="4701245"/>
			<Sample nodeCount="96" insertCount="5929" extractCount="5879" duration="4754012"/>
			<Sample nodeCount="97" insertCount="5993" extractCount="5938" duration="4802966"/>
			<Sample nodeCount="98" insertCount="6055" extractCount="5999" duration="4840612"/>
			<Sample nodeCount="99" insertCount="6113" extractCount="6064" duration="4904723"/>
			<Sample nodeCount="100" insertCount="6172" extractCount="6128" duration="4954988"/>
			<Sample nodeCount="101" insertCount="6238" extractCount="6185" duration="5000990"/>
			<Sample nodeCount="102" insertCount="6299" extractCount="6247" duration="5043458"/>
			<Sample nodeCount="103" insertCount="6363" extractCount="6306" duration="5117432"/>
			<Sample nodeCount="104" insertCount="6426" extractCount="6366" duration="5152493"/>
			<Sample nodeCount="105" insertCount="6481" extractCount="6434" duration="5196065"/>
			<Sample nodeCount="106" insertCount="6544" extractCount="6494" duration="5269788"/>
			<Sample nodeCount="107" insertCount="6607" extractCount="6554" duration="5324108"/>
			<Sample nodeCount="108" insertCount="6669" extractCount="6615" duration="5343671"/>
			<Sample nodeCount="109" insertCount="6732" extractCount="6675" duration="5411199"/>
			<Sample nodeCount="110" insertCount="6794" extractCount="6736" duration="5456006"/>
			<Sample nodeCount="111" insertCount="6852" extractCount="6801" duration="5526602"/>
			<Sample nodeCount="112" insertCount="6918" extractCount="6858" duration="5551200"/>
			<Sample nodeCount="113" insertCount="6981" extractCount="6918" duration="5613684"/>
			<Sample nodeCount="114" insertCount="7041" extractCount="6981" duration="5695649"/>
			<Sample nodeCount="115" insertCount="7103" extractCount="7042" duration="5759322"/>
			<Sample nodeCount="116" insertCount="7164" extractCount="7104" duration="5796618"/>
			<Sample nodeCount="117" insertCount="7225" extractCount="7166" duration="5858454"/>
			<Sample nodeCount="118" insertCount="7291" extractCount="7223" duration="5867709"/>
			<Sample nodeCount="119" insertCount="7350" extractCount="7287" duration="5936040"/>
			<Sample nodeCount="120" insertCount="7410" extractCount="7350" duration="5984670"/>
			<Sample nodeCount="121" insertCount="7471" extractCount="7412" duration="6046461"/>
			<Sample nodeCount="122" insertCount="7537" extractCount="7469" duration="6070011"/>
			<Sample nodeCount="123" insertCount="7593" extractCount="7536" duration="6148995"/>
			<Sample nodeCount="124" insertCount="7658" extractCount="7594" duration="6169116"/>
			<Sample nodeCount="125" insertCount="7718" extractCount="7657" duration="6228783"/>
			<Sample nodeCount="126" insertCount="7781" extractCount="7717" duration="6258123"/>
			<Sample nodeCount="127" insertCount="7840" extractCount="7781" duration="6349639"/>
		</SmallSetRandomOps>
		<LargeSetRandomOps>
		</LargeSetRandomOps>
		<SmallSetLinear>
			<Sample nodeCount="1" insertCount="10000" extractCount="10000" duration="826138"/>
			<Sample nodeCount="2" insertCount="10000" extractCount="10000" duration="2849862"/>
			<Sample nodeCount="3" insertCount="10000" extractCount="10000" duration="4384942"/>
			<Sample nodeCount="4" insertCount="10000" extractCount="10000" duration="7114483"/>
			<Sample nodeCount="5" insertCount="10000" extractCount="10000" duration="9079767"/>
			<Sample nodeCount="6" insertCount="10000" extractCount="10000" duration="11236757"/>
			<Sample nodeCount="7" insertCount="10000" extractCount="10000" duration="13967639"/>
			<Sample nodeCount="8" insertCount="10000" extractCount="10000" duration="16751492"/>
			<Sample nodeCount="9" insertCount="10000" extractCount="10000" duration="19208083"/>
			<Sample nodeCount="10" insertCount="10000" extractCount="10000" duration="22845530"/>
			<Sample nodeCount="11" insertCount="10000" extractCount="10000" duration="26035544"/>
			<Sample nodeCount="12" insertCount="10000" extractCount="10000" duration="28462486"/>
			<Sample nodeCount="13" insertCount="10000" extractCount="10000" duration="32460984"/>
			<Sample nodeCount="14" insertCount="10000" extractCount="10000" duration="35106497"/>
			<Sample nodeCount="15" insertCount="10000" extractCount="10000" duration="37718474"/>
			<Sample nodeCount="16" insertCount="10000" extractCount="10000" duration="41218373"/>
			<Sample nodeCount="17" insertCount="10000" extractCount="10000" duration="44824905"/>
			<Sample nodeCount="18" insertCount="10000" extractCount="10000" duration="48348040"/>
			<Sample nodeCount="19" insertCount="10000" extractCount="10000" duration="51377670"/>
			<Sample nodeCount="20" insertCount="10000" extractCount="10000" duration="53176890"/>
			<Sample nodeCount="21" insertCount="10000" extractCount="10000" duration="57463776"/>
			<Sample nodeCount="22" insertCount="10000" extractCount="10000" duration="61999127"/>
			<Sample nodeCount="23" insertCount="10000" extractCount="10000" duration="65773586"/>
			<Sample nodeCount="24" insertCount="10000" extractCount="10000" duration="68252840"/>
			<Sample nodeCount="25" insertCount="10000" extractCount="10000" duration="71831145"/>
			<Sample nodeCount="26" insertCount="10000" extractCount="10000" duration="76813982"/>
			<Sample nodeCount="27" insertCount="10000" extractCount="10000" duration="79747832"/>
			<Sample nodeCount="28" insertCount="10000" extractCount="10000" duration="82915358"/>
			<Sample nodeCount="29" insertCount="10000" extractCount="10000" duration="85122565"/>
			<Sample nodeCount="30" insertCount="10000" extractCount="10000" duration="91213847"/>
			<Sample nodeCount="31" insertCount="10000" extractCount="10000" duration="94735999"/>
			<Sample nodeCount="32" insertCount="10000" extractCount="10000" duration="96113859"/>
			<Sample nodeCount="33" insertCount="10000" extractCount="10000" duration="99627025"/>
			<Sample nodeCount="34" insertCount="10000" extractCount="10000" duration="103653637"/>
			<Sample nodeCount="35" insertCount="10000" extractCount="10000" duration="107014577"/>
			<Sample nodeCount="36" insertCount="10000" extractCount="10000" duration="110386742"/>
			<Sample nodeCount="37" insertCount="10000" extractCount="10000" duration="113857091"/>
			<Sample nodeCount="38" insertCount="10000" extractCount="10000" duration="119120969"/>
			<Sample nodeCount="39" insertCount="10000" extractCount="10000" duration="121111597"/>
			<Sample nodeCount="40" insertCount="10000" extractCount="10000" duration="123651661"/>
			<Sample nodeCount="41" insertCount="10000" extractCount="10000" duration="128669226"/>
			<Sample nodeCount="42" insertCount="10000" extractCount="10000" duration="131810919"/>
			<Sample nodeCount="43" insertCount="10000" extractCount="10000" duration="135373390"/>
			<Sample nodeCount="44" insertCount="10000" extractCount="10000" duration="136992239"/>
			<Sample nodeCount="45" insertCount="10000" extractCount="10000" duration="140261331"/>
			<Sample nodeCount="46" insertCount="10000" extractCount="10000" duration="146486990"/>
			<Sample nodeCount="47" insertCount="10000" extractCount="10000" duration="150504864"/>
			<Sample nodeCount="48" insertCount="10000" extractCount="10000" duration="154053895"/>
			<Sample nodeCount="49" insertCount="10000" extractCount="10000" duration="157050799"/>
			<Sample nodeCount="50" insertCount="10000" extractCount="10000" duration="160756616"/>
			<Sample nodeCount="51" insertCount="10000" extractCount="10000" duration="165599929"/>
			<Sample nodeCount="52" insertCount="10000" extractCount="10000" duration="167495276"/>
			<Sample nodeCount="53" insertCount="10000" extractCount="10000" duration="171292809"/>
			<Sample nodeCount="54" insertCount="10000" extractCount="10000" duration="177281730"/>
			<Sample nodeCount="55" insertCount="10000" extractCount="10000" duration="181983887"/>
			<Sample nodeCount="56" insertCount="10000" extractCount="10000" duration="183331446"/>
			<Sample nodeCount="57" insertCount="10000" extractCount="10000" duration="187368988"/>
			<Sample nodeCount="58" insertCount="10000" extractCount="10000" duration="191414409"/>
			<Sample nodeCount="59" insertCount="10000" extractCount="10000" duration="195379920"/>
			<Sample nodeCount="60" insertCount="10000" extractCount="10000" duration="197849388"/>
			<Sample nodeCount="61" insertCount="10000" extractCount="10000" duration="201759237"/>
			<Sample nodeCount="62" insertCount="10000" extractCount="10000" duration="208670473"/>
			<Sample nodeCount="63" insertCount="10000" extractCount="10000" duration="213436803"/>
			<Sample nodeCount="64" insertCount="10000" extractCount="10000" duration="215551554"/>
			<Sample nodeCount="65" insertCount="10000" extractCount="10000" duration="219015693"/>
			<Sample nodeCount="66" insertCount="10000" extractCount="10000" duration="223198904"/>
			<Sample nodeCount="67" insertCount="10000" extractCount="10000" duration="229338403"/>
			<Sample nodeCount="68" insertCount="10000" extractCount="10000" duration="230654916"/>
			<Sample nodeCount="69" insertCount="10000" extractCount="10000" duration="235296443"/>
			<Sample nodeCount="70" insertCount="10000" extractCount="10000" duration="240523749"/>
			<Sample nodeCount="71" insertCount="10000" extractCount="10000" duration="246143751"/>
			<Sample nodeCount="72" insertCount="10000" extractCount="10000" duration="248075666"/>
			<Sample nodeCount="73" insertCount="10000" extractCount="10000" duration="252711577"/>
			<Sample nodeCount="74" insertCount="10000" extractCount="10000" duration="256262693"/>
			<Sample nodeCount="75" insertCount="10000" extractCount="10000" duration="260476418"/>
			<Sample nodeCount="76" insertCount="10000" extractCount="10000" duration="262723051"/>
			<Sample nodeCount="77" insertCount="10000" extractCount="10000" duration="266232098"/>
			<Sample nodeCount="78" insertCount="10000" extractCount="10000" duration="275106539"/>
			<Sample nodeCount="79" insertCount="10000" extractCount="10000" duration="279617958"/>
			<Sample nodeCount="80" insertCount="10000" extractCount="10000" duration="281566116"/>
			<Sample nodeCount="81" insertCount="10000" extractCount="10000" duration="286202575"/>
			<Sample nodeCount="82" insertCount="10000" extractCount="10000" duration="290259530"/>
			<Sample nodeCount="83" insertCount="10000" extractCount="10000" duration="294211182"/>
			<Sample nodeCount="84" insertCount="10000" extractCount="10000" duration="296572772"/>
			<Sample nodeCount="85" insertCount="10000" extractCount="10000" duration="301730191"/>
			<Sample nodeCount="86" insertCount="10000" extractCount="10000" duration="308265836"/>
			<Sample nodeCount="87" insertCount="10000" extractCount="10000" duration="313137169"/>
			<Sample nodeCount="88" insertCount="10000" extractCount="10000" duration="314827149"/>
			<Sample nodeCount="89" insertCount="10000" extractCount="10000" duration="319245010"/>
			<Sample nodeCount="90" insertCount="10000" extractCount="10000" duration="322386451"/>
			<Sample nodeCount="91" insertCount="10000" extractCount="10000" duration="327623631"/>
			<Sample nodeCount="92" insertCount="10000" extractCount="10000" duration="329589836"/>
			<Sample nodeCount="93" insertCount="10000" extractCount="10000" duration="334598639"/>
			<Sample nodeCount="94" insertCount="10000" extractCount="10000" duration="342979867"/>
			<Sample nodeCount="95" insertCount="10000" extractCount="10000" duration="348117186"/>
			<Sample nodeCount="96" insertCount="10000" extractCount="10000" duration="348370956"/>
			<Sample nodeCount="97" insertCount="10000" extractCount="10000" duration="354152886"/>
			<Sample nodeCount="98" insertCount="10000" extractCount="10000" duration="358156750"/>
			<Sample nodeCount="99" insertCount="10000" extractCount="10000" duration="363541270"/>
			<Sample nodeCount="100" insertCount="10000" extractCount="10000" duration="365903607"/>
			<Sample nodeCount="101" insertCount="10000" extractCount="10000" duration="370536181"/>
			<Sample nodeCount="102" insertCount="10000" extractCount="10000" duration="376878548"/>
			<Sample nodeCount="103" insertCount="10000" extractCount="10000" duration="381668622"/>
			<Sample nodeCount="104" insertCount="10000" extractCount="10000" duration="382942352"/>
			<Sample nodeCount="105" insertCount="10000" extractCount="10000" duration="387779524"/>
			<Sample nodeCount="106" insertCount="10000" extractCount="10000" duration="393414795"/>
			<Sample nodeCount="107" insertCount="10000" extractCount="10000" duration="397444588"/>
			<Sample nodeCount="108" insertCount="10000" extractCount="10000" duration="399829242"/>
			<Sample nodeCount="109" insertCount="10000" extractCount="10000" duration="402734068"/>
			<Sample nodeCount="110" insertCount="10000" extractCount="10000" duration="411823945"/>
			<Sample nodeCount="111" insertCount="10000" extractCount="10000" duration="417782320"/>
			<Sample nodeCount="112" insertCount="10000" extractCount="10000" duration="419756811"/>
			<Sample nodeCount="113" insertCount="10000" extractCount="10000" duration="423681592"/>
			<Sample nodeCount="114" insertCount="10000" extractCount="10000" duration="428977764"/>
			<Sample nodeCount="115" insertCount="10000" extractCount="10000" duration="433215883"/>
			<Sample nodeCount="116" insertCount="10000" extractCount="10000" duration="434678898"/>
			<Sample nodeCount="117" insertCount="10000" extractCount="10000" duration="440302614"/>
			<Sample nodeCount="118" insertCount="10000" extractCount="10000" duration="447013959"/>
			<Sample nodeCount="119" insertCount="10000" extractCount="10000" duration="452115923"/>
			<Sample nodeCount="120" insertCount="10000" extractCount="10000" duration="453429771"/>
			<Sample nodeCount="121" insertCount="10000" extractCount="10000" duration="458696132"/>
			<Sample nodeCount="122" insertCount="10000" extractCount="10000" duration="463709617"/>
			<Sample nodeCount="123" insertCount="10000" extractCount="10000" duration="467738978"/>
			<Sample nodeCount="124" insertCount="10000" extractCount="10000" duration="470169470"/>
			<Sample nodeCount="125" insertCount="10000" extractCount="10000" duration="474786379"/>
			<Sample nodeCount="126" insertCount="10000" extractCount="10000" duration="483445318"/>
			<Sample nodeCount="127" insertCount="10000" extractCount="10000" duration="488573478"/>
		</SmallSetLinear>
		<LargeSetLinear>
		</LargeSetLinear>
	</RBTest>
	<RBTest implementation="RB Old" nodeSize="16">
		<SmallSetRandomOps>
			<Sample nodeCount="1" insertCount="62" extractCount="61" duration="10566"/>
			<Sample nodeCount="2" insertCount="123" extractCount="123" duration="25911"/>
			<Sample nodeCount="3" insertCount="186" extractCount="183" duration="112083"/>
			<Sample nodeCount="4" insertCount="247" extractCount="245" duration="72570"/>
			<Sample nodeCount="5" insertCount="309" extractCount="306" duration="205905"/>
			<Sample nodeCount="6" insertCount="370" extractCount="368" duration="247384"/>
			<Sample nodeCount="7" insertCount="433" extractCount="428" duration="296004"/>
			<Sample nodeCount="8" insertCount="493" extractCount="491" duration="187617"/>
			<Sample nodeCount="9" insertCount="557" extractCount="550" duration="389646"/>
			<Sample nodeCount="10" insertCount="619" extractCount="611" duration="430225"/>
			<Sample nodeCount="11" insertCount="680" extractCount="673" duration="483106"/>
			<Sample nodeCount="12" insertCount="740" extractCount="736" duration="522603"/>
			<Sample nodeCount="13" insertCount="803" extractCount="796" duration="575818"/>
			<Sample nodeCount="14" insertCount="864" extractCount="858" duration="620704"/>
			<Sample nodeCount="15" insertCount="927" extractCount="918" duration="661926"/>
			<Sample nodeCount="16" insertCount="988" extractCount="980" duration="413271"/>
			<Sample nodeCount="17" insertCount="1050" extractCount="1041" duration="757522"/>
			<Sample nodeCount="18" insertCount="1113" extractCount="1101" duration="799465"/>
			<Sample nodeCount="19" insertCount="1172" extractCount="1165" duration="850084"/>
			<Sample nodeCount="20" insertCount="1237" extractCount="1223" duration="882274"/>
			<Sample nodeCount="21" insertCount="1296" extractCount="1287" duration="931633"/>
			<Sample nodeCount="22" insertCount="1359" extractCount="1347" duration="975988"/>
			<Sample nodeCount="23" insertCount="1419" extractCount="1410" duration="1035154"/>
			<Sample nodeCount="24" insertCount="1484" extractCount="1468" duration="1079230"/>
			<Sample nodeCount="25" insertCount="1544" extractCount="1531" duration="1117381"/>
			<Sample nodeCount="26" insertCount="1604" extractCount="1594" duration="1163221"/>
			<Sample nodeCount="27" insertCount="1668" extractCount="1653" duration="1210504"/>
			<Sample nodeCount="28" insertCount="1729" extractCount="1715" duration="1265041"/>
			<Sample nodeCount="29" insertCount="1790" extractCount="1777" duration="1311806"/>
			<Sample nodeCount="30" insertCount="1851" extractCount="1839" duration="1360147"/>
			<Sample nodeCount="31" insertCount="1914" extractCount="1899" duration="1408604"/>
			<Sample nodeCount="32" insertCount="1977" extractCount="1959" duration="878836"/>
			<Sample nodeCount="33" insertCount="2041" extractCount="2018" duration="1491200"/>
			<Sample nodeCount="34" insertCount="2097" extractCount="2085" duration="1522010"/>
			<Sample nodeCount="35" insertCount="2160" extractCount="2145" duration="1574602"/>
			<Sample nodeCount="36" insertCount="2221" extractCount="2207" duration="1616645"/>
			<Sample nodeCount="37" insertCount="2285" extractCount="2266" duration="1661302"/>
			<Sample nodeCount="38" insertCount="2346" extractCount="2328" duration="1719446"/>
			<Sample nodeCount="39" insertCount="2408" extractCount="2389" duration="1757561"/>
			<Sample nodeCount="40" insertCount="2471" extractCount="2449" duration="1799843"/>
			<Sample nodeCount="41" insertCount="2531" extractCount="2512" duration="1868525"/>
			<Sample nodeCount="42" insertCount="2593" extractCount="2573" duration="1893365"/>
			<Sample nodeCount="43" insertCount="2656" extractCount="2633" duration="1966043"/>
			<Sample nodeCount="44" insertCount="2717" extractCount="2695" duration="2000369"/>
			<Sample nodeCount="45" insertCount="2776" extractCount="2759" duration="2023667"/>
			<Sample nodeCount="46" insertCount="2840" extractCount="2818" duration="2079503"/>
			<Sample nodeCount="47" insertCount="2902" extractCount="2879" duration="2132339"/>
			<Sample nodeCount="48" insertCount="2966" extractCount="2938" duration="2205734"/>
			<Sample nodeCount="49" insertCount="3026" extractCount="3001" duration="2230404"/>
			<Sample nodeCount="50" insertCount="3084" extractCount="3066" duration="2289803"/>
			<Sample nodeCount="51" insertCount="3151" extractCount="3122" duration="2335545"/>
			<Sample nodeCount="52" insertCount="3209" extractCount="3187" duration="2369993"/>
			<Sample nodeCount="53" insertCount="3273" extractCount="3246" duration="2436303"/>
			<Sample nodeCount="54" insertCount="3337" extractCount="3305" duration="2493585"/>
			<Sample nodeCount="55" insertCount="3400" extractCount="3365" duration="2522138"/>
			<Sample nodeCount="56" insertCount="3458" extractCount="3430" duration="2586633"/>
			<Sample nodeCount="57" insertCount="3521" extractCount="3490" duration="2622053"/>
			<Sample nodeCount="58" insertCount="3580" extractCount="3554" duration="2651601"/>
			<Sample nodeCount="59" insertCount="3647" extractCount="3610" duration="2712321"/>
			<Sample nodeCount="60" insertCount="3706" extractCount="3674" duration="2765838"/>
			<Sample nodeCount="61" insertCount="3766" extractCount="3737" duration="2807091"/>
			<Sample nodeCount="62" insertCount="3828" extractCount="3798" duration="2841882"/>
			<Sample nodeCount="63" insertCount="3888" extractCount="3861" duration="2908035"/>
			<Sample nodeCount="64" insertCount="3952" extractCount="3920" duration="1825306"/>
			<Sample nodeCount="65" insertCount="4014" extractCount="3981" duration="2959914"/>
			<Sample nodeCount="66" insertCount="4077" extractCount="4041" duration="3017205"/>
			<Sample nodeCount="67" insertCount="4136" extractCount="4105" duration="3058608"/>
			<Sample nodeCount="68" insertCount="4200" extractCount="4164" duration="3085488"/>
			<Sample nodeCount="69" insertCount="4263" extractCount="4224" duration="3116721"/>
			<Sample nodeCount="70" insertCount="4325" extractCount="4285" duration="3179388"/>
			<Sample nodeCount="71" insertCount="4381" extractCount="4352" duration="3209836"/>
			<Sample nodeCount="72" insertCount="4448" extractCount="4408" duration="3279624"/>
			<Sample nodeCount="73" insertCount="4507" extractCount="4472" duration="3313056"/>
			<Sample nodeCount="74" insertCount="4571" extractCount="4531" duration="3400575"/>
			<Sample nodeCount="75" insertCount="4631" extractCount="4594" duration="3427251"/>
			<Sample nodeCount="76" insertCount="4693" extractCount="4655" duration="3463585"/>
			<Sample nodeCount="77" insertCount="4755" extractCount="4716" duration="3505041"/>
			<Sample nodeCount="78" insertCount="4817" extractCount="4777" duration="3566671"/>
			<Sample nodeCount="79" insertCount="4877" extractCount="4840" duration="3617853"/>
			<Sample nodeCount="80" insertCount="4942" extractCount="4898" duration="3635074"/>
			<Sample nodeCount="81" insertCount="5002" extractCount="4961" duration="3692338"/>
			<Sample nodeCount="82" insertCount="5063" extractCount="5023" duration="3742588"/>
			<Sample nodeCount="83" insertCount="5124" extractCount="5085" duration="3844693"/>
			<Sample nodeCount="84" insertCount="5187" extractCount="5145" duration="3863691"/>
			<Sample nodeCount="85" insertCount="5250" extractCount="5205" duration="3907663"/>
			<Sample nodeCount="86" insertCount="5314" extractCount="5264" duration="3956749"/>
			<Sample nodeCount="87" insertCount="5374" extractCount="5327" duration="4014337"/>
			<Sample nodeCount="88" insertCount="5432" extractCount="5392" duration="4077451"/>
			<Sample nodeCount="89" insertCount="5490" extractCount="5457" duration="4130215"/>
			<Sample nodeCount="90" insertCount="5559" extractCount="5511" duration="4139086"/>
			<Sample nodeCount="91" insertCount="5621" extractCount="5572" duration="4208297"/>
			<Sample nodeCount="92" insertCount="5680" extractCount="5636" duration="4239511"/>
			<Sample nodeCount="93" insertCount="5740" extractCount="5699" duration="4269856"/>
			<Sample nodeCount="94" insertCount="5803" extractCount="5759" duration="4313173"/>
			<Sample nodeCount="95" insertCount="5862" extractCount="5823" duration="4372543"/>
			<Sample nodeCount="96" insertCount="5929" extractCount="5879" duration="4441349"/>
			<Sample nodeCount="97" insertCount="5993" extractCount="5938" duration="4475653"/>
			<Sample nodeCount="98" insertCount="6055" extractCount="5999" duration="4530932"/>
			<Sample nodeCount="99" insertCount="6113" extractCount="6064" duration="4597684"/>
			<Sample nodeCount="100" insertCount="6172" extractCount="6128" duration="4635767"/>
			<Sample nodeCount="101" insertCount="6238" extractCount="6185" duration="4670660"/>
			<Sample nodeCount="102" insertCount="6299" extractCount="6247" duration="4705213"/>
			<Sample nodeCount="103" insertCount="6363" extractCount="6306" duration="4796063"/>
			<Sample nodeCount="104" insertCount="6426" extractCount="6366" duration="4825052"/>
			<Sample nodeCount="105" insertCount="6481" extractCount="6434" duration="4858915"/>
			<Sample nodeCount="106" insertCount="6544" extractCount="6494" duration="4920746"/>
			<Sample nodeCount="107" insertCount="6607" extractCount="6554" duration="4912052"/>
			<Sample nodeCount="108" insertCount="6669" extractCount="6615" duration="4990541"/>
			<Sample nodeCount="109" insertCount="6732" extractCount="6675" duration="5043530"/>
			<Sample nodeCount="110" insertCount="6794" extractCount="6736" duration="5075042"/>
			<Sample nodeCount="111" insertCount="6852" extractCount="6801" duration="5137695"/>
			<Sample nodeCount="112" insertCount="6918" extractCount="6858" duration="5259116"/>
			<Sample nodeCount="113" insertCount="6981" extractCount="6918" duration="5253587"/>
			<Sample nodeCount="114" insertCount="7041" extractCount="6981" duration="5276034"/>
			<Sample nodeCount="115" insertCount="7103" extractCount="7042" duration="5316824"/>
			<Sample nodeCount="116" insertCount="7164" extractCount="7104" duration="5371835"/>
			<Sample nodeCount="117" insertCount="7225" extractCount="7166" duration="5496792"/>
			<Sample nodeCount="118" insertCount="7291" extractCount="7223" duration="5521028"/>
			<Sample nodeCount="119" insertCount="7350" extractCount="7287" duration="5540969"/>
			<Sample nodeCount="120" insertCount="7410" extractCount="7350" duration="5570994"/>
			<Sample nodeCount="121" insertCount="7471" extractCount="7412" duration="5623235"/>
			<Sample nodeCount="122" insertCount="7537" extractCount="7469" duration="5647347"/>
			<Sample nodeCount="123" insertCount="7593" extractCount="7536" duration="5722254"/>
			<Sample nodeCount="124" insertCount="7658" extractCount="7594" duration="5742810"/>
			<Sample nodeCount="125" insertCount="7718" extractCount="7657" duration="5811197"/>
			<Sample nodeCount="126" insertCount="7781" extractCount="7717" duration="5869254"/>
			<Sample nodeCount="127" insertCount="7840" extractCount="7781" duration="5921112"/>
		</SmallSetRandomOps>
		<LargeSetRandomOps>
		</LargeSetRandomOps>
		<SmallSetLinear>
			<Sample nodeCount="1" insertCount="10000" extractCount="10000" duration="734233"/>
			<Sample nodeCount="2" insertCount="10000" extractCount="10000" duration="2355761"/>
			<Sample nodeCount="3" insertCount="10000" extractCount="10000" duration="4212533"/>
			<Sample nodeCount="4" insertCount="10000" extractCount="10000" duration="6744841"/>
			<Sample nodeCount="5" insertCount="10000" extractCount="10000" duration="8828769"/>
			<Sample nodeCount="6" insertCount="10000" extractCount="10000" duration="11283131"/>
			<Sample nodeCount="7" insertCount="10000" extractCount="10000" duration="13867604"/>
			<Sample nodeCount="8" insertCount="10000" extractCount="10000" duration="16656203"/>
			<Sample nodeCount="9" insertCount="10000" extractCount="10000" duration="19281082"/>
			<Sample nodeCount="10" insertCount="10000" extractCount="10000" duration="23297324"/>
			<Sample nodeCount="11" insertCount="10000" extractCount="10000" duration="25565084"/>
			<Sample nodeCount="12" insertCount="10000" extractCount="10000" duration="29452944"/>
			<Sample nodeCount="13" insertCount="10000" extractCount="10000" duration="32304998"/>
			<Sample nodeCount="14" insertCount="10000" extractCount="10000" duration="36832600"/>
			<Sample nodeCount="15" insertCount="10000" extractCount="10000" duration="39398593"/>
			<Sample nodeCount="16" insertCount="10000" extractCount="10000" duration="43301932"/>
			<Sample nodeCount="17" insertCount="10000" extractCount="10000" duration="46961174"/>
			<Sample nodeCount="18" insertCount="10000" extractCount="10000" duration="50724431"/>
			<Sample nodeCount="19" insertCount="10000" extractCount="10000" duration="54588049"/>
			<Sample nodeCount="20" insertCount="10000" extractCount="10000" duration="57968638"/>
			<Sample nodeCount="21" insertCount="10000" extractCount="10000" duration="61638332"/>
			<Sample nodeCount="22" insertCount="10000" extractCount="10000" duration="66441565"/>
			<Sample nodeCount="23" insertCount="10000" extractCount="10000" duration="70272589"/>
			<Sample nodeCount="24" insertCount="10000" extractCount="10000" duration="73737398"/>
			<Sample nodeCount="25" insertCount="10000" extractCount="10000" duration="77539809"/>
			<Sample nodeCount="26" insertCount="10000" extractCount="10000" duration="82976240"/>
			<Sample nodeCount="27" insertCount="10000" extractCount="10000" duration="86898594"/>
			<Sample nodeCount="28" insertCount="10000" extractCount="10000" duration="90441916"/>
			<Sample nodeCount="29" insertCount="10000" extractCount="10000" duration="93328878"/>
			<Sample nodeCount="30" insertCount="10000" extractCount="10000" duration="97951421"/>
			<Sample nodeCount="31" insertCount="10000" extractCount="10000" duration="102329365"/>
			<Sample nodeCount="32" insertCount="10000" extractCount="10000" duration="106023094"/>
			<Sample nodeCount="33" insertCount="10000" extractCount="10000" duration="109841693"/>
			<Sample nodeCount="34" insertCount="10000" extractCount="10000" duration="115092268"/>
			<Sample nodeCount="35" insertCount="10000" extractCount="10000" duration="119503805"/>
			<Sample nodeCount="36" insertCount="10000" extractCount="10000" duration="123247303"/>
			<Sample nodeCount="37" insertCount="10000" extractCount="10000" duration="127264123"/>
			<Sample nodeCount="38" insertCount="10000" extractCount="10000" duration="132637420"/>
			<Sample nodeCount="39" insertCount="10000" extractCount="10000" duration="135717097"/>
			<Sample nodeCount="40" insertCount="10000" extractCount="10000" duration="140037053"/>
			<Sample nodeCount="41" insertCount="10000" extractCount="10000" duration="143526245"/>
			<Sample nodeCount="42" insertCount="10000" extractCount="10000" duration="148476080"/>
			<Sample nodeCount="43" insertCount="10000" extractCount="10000" duration="152132132"/>
			<Sample nodeCount="44" insertCount="10000" extractCount="10000" duration="156035325"/>
			<Sample nodeCount="45" insertCount="10000" extractCount="10000" duration="159695152"/>
			<Sample nodeCount="46" insertCount="10000" extractCount="10000" duration="166252336"/>
			<Sample nodeCount="47" insertCount="10000" extractCount="10000" duration="170012648"/>
			<Sample nodeCount="48" insertCount="10000" extractCount="10000" duration="174718776"/>
			<Sample nodeCount="49" insertCount="10000" extractCount="10000" duration="179222456"/>
			<Sample nodeCount="50" insertCount="10000" extractCount="10000" duration="184727549"/>
			<Sample nodeCount="51" insertCount="10000" extractCount="10000" duration="188937702"/>
			<Sample nodeCount="52" insertCount="10000" extractCount="10000" duration="191354904"/>
			<Sample nodeCount="53" insertCount="10000" extractCount="10000" duration="195873532"/>
			<Sample nodeCount="54" insertCount="10000" extractCount="10000" duration="202350112"/>
			<Sample nodeCount="55" insertCount="10000" extractCount="10000" duration="206398091"/>
			<Sample nodeCount="56" insertCount="10000" extractCount="10000" duration="210119190"/>
			<Sample nodeCount="57" insertCount="10000" extractCount="10000" duration="214630258"/>
			<Sample nodeCount="58" insertCount="10000" extractCount="10000" duration="218422292"/>
			<Sample nodeCount="59" insertCount="10000" extractCount="10000" duration="222863230"/>
			<Sample nodeCount="60" insertCount="10000" extractCount="10000" duration="226152677"/>
			<Sample nodeCount="61" insertCount="10000" extractCount="10000" duration="231110436"/>
			<Sample nodeCount="62" insertCount="10000" extractCount="10000" duration="235975094"/>
			<Sample nodeCount="63" insertCount="10000" extractCount="10000" duration="239507142"/>
			<Sample nodeCount="64" insertCount="10000" extractCount="10000" duration="244147369"/>
			<Sample nodeCount="65" insertCount="10000" extractCount="10000" duration="249339588"/>
			<Sample nodeCount="66" insertCount="10000" extractCount="10000" duration="255184128"/>
			<Sample nodeCount="67" insertCount="10000" extractCount="10000" duration="258678372"/>
			<Sample nodeCount="68" insertCount="10000" extractCount="10000" duration="262745845"/>
			<Sample nodeCount="69" insertCount="10000" extractCount="10000" duration="267123144"/>
			<Sample nodeCount="70" insertCount="10000" extractCount="10000" duration="273027081"/>
			<Sample nodeCount="71" insertCount="10000" extractCount="10000" duration="276399328"/>
			<Sample nodeCount="72" insertCount="10000" extractCount="10000" duration="280492195"/>
			<Sample nodeCount="73" insertCount="10000" extractCount="10000" duration="285295551"/>
			<Sample nodeCount="74" insertCount="10000" extractCount="10000" duration="290027984"/>
			<Sample nodeCount="75" insertCount="10000" extractCount="10000" duration="294848331"/>
			<Sample nodeCount="76" insertCount="10000" extractCount="10000" duration="297499251"/>
			<Sample nodeCount="77" insertCount="10000" extractCount="10000" duration="302648769"/>
			<Sample nodeCount="78" insertCount="10000" extractCount="10000" duration="309537799"/>
			<Sample nodeCount="79" insertCount="10000" extractCount="10000" duration="313047799"/>
			<Sample nodeCount="80" insertCount="10000" extractCount="10000" duration="318061831"/>
			<Sample nodeCount="81" insertCount="10000" extractCount="10000" duration="322376563"/>
			<Sample nodeCount="82" insertCount="10000" extractCount="10000" duration="327798025"/>
			<Sample nodeCount="83" insertCount="10000" extractCount="10000" duration="330631257"/>
			<Sample nodeCount="84" insertCount="10000" extractCount="10000" duration="334475687"/>
			<Sample nodeCount="85" insertCount="10000" extractCount="10000" duration="338799390"/>
			<Sample nodeCount="86" insertCount="10000" extractCount="10000" duration="345042561"/>
			<Sample nodeCount="87" insertCount="10000" extractCount="10000" duration="349508428"/>
			<Sample nodeCount="88" insertCount="10000" extractCount="10000" duration="352823687"/>
			<Sample nodeCount="89" insertCount="10000" extractCount="10000" duration="357693412"/>
			<Sample nodeCount="90" insertCount="10000" extractCount="10000" duration="362352810"/>
			<Sample nodeCount="91" insertCount="10000" extractCount="10000" duration="366441168"/>
			<Sample nodeCount="92" insertCount="10000" extractCount="10000" duration="371062853"/>
			<Sample nodeCount="93" insertCount="10000" extractCount="10000" duration="374820069"/>
			<Sample nodeCount="94" insertCount="10000" extractCount="10000" duration="383198192"/>
			<Sample nodeCount="95" insertCount="10000" extractCount="10000" duration="386588678"/>
			<Sample nodeCount="96" insertCount="10000" extractCount="10000" duration="391584935"/>
			<Sample nodeCount="97" insertCount="10000" extractCount="10000" duration="397248620"/>
			<Sample nodeCount="98" insertCount="10000" extractCount="10000" duration="402929257"/>
			<Sample nodeCount="99" insertCount="10000" extractCount="10000" duration="407075597"/>
			<Sample nodeCount="100" insertCount="10000" extractCount="10000" duration="410190231"/>
			<Sample nodeCount="101" insertCount="10000" extractCount="10000" duration="414159489"/>
			<Sample nodeCount="102" insertCount="10000" extractCount="10000" duration="421943588"/>
			<Sample nodeCount="103" insertCount="10000" extractCount="10000" duration="426022881"/>
			<Sample nodeCount="104" insertCount="10000" extractCount="10000" duration="430171924"/>
			<Sample nodeCount="105" insertCount="10000" extractCount="10000" duration="434442398"/>
			<Sample nodeCount="106" insertCount="10000" extractCount="10000" duration="439320971"/>
			<Sample nodeCount="107" insertCount="10000" extractCount="10000" duration="443467734"/>
			<Sample nodeCount="108" insertCount="10000" extractCount="10000" duration="446373185"/>
			<Sample nodeCount="109" insertCount="10000" extractCount="10000" duration="451097473"/>
			<Sample nodeCount="110" insertCount="10000" extractCount="10000" duration="459967141"/>
			<Sample nodeCount="111" insertCount="10000" extractCount="10000" duration="463702907"/>
			<Sample nodeCount="112" insertCount="10000" extractCount="10000" duration="466994414"/>
			<Sample nodeCount="113" insertCount="10000" extractCount="10000" duration="472579873"/>
			<Sample nodeCount="114" insertCount="10000" extractCount="10000" duration="477378960"/>
			<Sample nodeCount="115" insertCount="10000" extractCount="10000" duration="481639508"/>
			<Sample nodeCount="116" insertCount="10000" extractCount="10000" duration="484004650"/>
			<Sample nodeCount="117" insertCount="10000" extractCount="10000" duration="489968647"/>
			<Sample nodeCount="118" insertCount="10000" extractCount="10000" duration="495670564"/>
			<Sample nodeCount="119" insertCount="10000" extractCount="10000" duration="501520282"/>
			<Sample nodeCount="120" insertCount="10000" extractCount="10000" duration="503751897"/>
			<Sample nodeCount="121" insertCount="10000" extractCount="10000" duration="509318927"/>
			<Sample nodeCount="122" insertCount="10000" extractCount="10000" duration="513222582"/>
			<Sample nodeCount="123" insertCount="10000" extractCount="10000" duration="517622699"/>
			<Sample nodeCount="124" insertCount="10000" extractCount="10000" duration="520676204"/>
			<Sample nodeCount="125" insertCount="10000" extractCount="10000" duration="526535861"/>
			<Sample nodeCount="126" insertCount="10000" extractCount="10000" duration="535958192"/>
			<Sample nodeCount="127" insertCount="10000" extractCount="10000" duration="539412203"/>
		</SmallSetLinear>
		<LargeSetLinear>
		</LargeSetLinear>
	</RBTest>
	<RBTest implementation="Linux" nodeSize="12">
		<SmallSetRandomOps>
			<Sample nodeCount="1" insertCount="62" extractCount="61" duration="12531"/>
			<Sample nodeCount="2" insertCount="123" extractCount="123" duration="27786"/>
			<Sample nodeCount="3" insertCount="186" extractCount="183" duration="112905"/>
			<Sample nodeCount="4" insertCount="247" extractCount="245" duration="71769"/>
			<Sample nodeCount="5" insertCount="309" extractCount="306" duration="198969"/>
			<Sample nodeCount="6" insertCount="370" extractCount="368" duration="238087"/>
			<Sample nodeCount="7" insertCount="433" extractCount="428" duration="282741"/>
			<Sample nodeCount="8" insertCount="493" extractCount="491" duration="175179"/>
			<Sample nodeCount="9" insertCount="557" extractCount="550" duration="373512"/>
			<Sample nodeCount="10" insertCount="619" extractCount="611" duration="408565"/>
			<Sample nodeCount="11" insertCount="680" extractCount="673" duration="455220"/>
			<Sample nodeCount="12" insertCount="740" extractCount="736" duration="496761"/>
			<Sample nodeCount="13" insertCount="803" extractCount="796" duration="542662"/>
			<Sample nodeCount="14" insertCount="864" extractCount="858" duration="589402"/>
			<Sample nodeCount="15" insertCount="927" extractCount="918" duration="630771"/>
			<Sample nodeCount="16" insertCount="988" extractCount="980" duration="382374"/>
			<Sample nodeCount="17" insertCount="1050" extractCount="1041" duration="722122"/>
			<Sample nodeCount="18" insertCount="1113" extractCount="1101" duration="764557"/>
			<Sample nodeCount="19" insertCount="1172" extractCount="1165" duration="808765"/>
			<Sample nodeCount="20" insertCount="1237" extractCount="1223" duration="845647"/>
			<Sample nodeCount="21" insertCount="1296" extractCount="1287" duration="891016"/>
			<Sample nodeCount="22" insertCount="1359" extractCount="1347" duration="929476"/>
			<Sample nodeCount="23" insertCount="1419" extractCount="1410" duration="977761"/>
			<Sample nodeCount="24" insertCount="1484" extractCount="1468" duration="1024465"/>
			<Sample nodeCount="25" insertCount="1544" extractCount="1531" duration="1062502"/>
			<Sample nodeCount="26" insertCount="1604" extractCount="1594" duration="1107601"/>
			<Sample nodeCount="27" insertCount="1668" extractCount="1653" duration="1153435"/>
			<Sample nodeCount="28" insertCount="1729" extractCount="1715" duration="1202302"/>
			<Sample nodeCount="29" insertCount="1790" extractCount="1777" duration="1243868"/>
			<Sample nodeCount="30" insertCount="1851" extractCount="1839" duration="1283266"/>
			<Sample nodeCount="31" insertCount="1914" extractCount="1899" duration="1334537"/>
			<Sample nodeCount="32" insertCount="1977" extractCount="1959" duration="818332"/>
			<Sample nodeCount="33" insertCount="2041" extractCount="2018" duration="1420577"/>
			<Sample nodeCount="34" insertCount="2097" extractCount="2085" duration="1443313"/>
			<Sample nodeCount="35" insertCount="2160" extractCount="2145" duration="1495420"/>
			<Sample nodeCount="36" insertCount="2221" extractCount="2207" duration="1536728"/>
			<Sample nodeCount="37" insertCount="2285" extractCount="2266" duration="1580719"/>
			<Sample nodeCount="38" insertCount="2346" extractCount="2328" duration="1627925"/>
			<Sample nodeCount="39" insertCount="2408" extractCount="2389" duration="1673104"/>
			<Sample nodeCount="40" insertCount="2471" extractCount="2449" duration="1709168"/>
			<Sample nodeCount="41" insertCount="2531" extractCount="2512" duration="1767197"/>
			<Sample nodeCount="42" insertCount="2593" extractCount="2573" duration="1793471"/>
			<Sample nodeCount="43" insertCount="2656" extractCount="2633" duration="1854707"/>
			<Sample nodeCount="44" insertCount="2717" extractCount="2695" duration="1895251"/>
			<Sample nodeCount="45" insertCount="2776" extractCount="2759" duration="1932866"/>
			<Sample nodeCount="46" insertCount="2840" extractCount="2818" duration="1975631"/>
			<Sample nodeCount="47" insertCount="2902" extractCount="2879" duration="2022113"/>
			<Sample nodeCount="48" insertCount="2966" extractCount="2938" duration="2085848"/>
			<Sample nodeCount="49" insertCount="3026" extractCount="3001" duration="2120198"/>
			<Sample nodeCount="50" insertCount="3084" extractCount="3066" duration="2170631"/>
			<Sample nodeCount="51" insertCount="3151" extractCount="3122" duration="2212158"/>
			<Sample nodeCount="52" insertCount="3209" extractCount="3187" duration="2256140"/>
			<Sample nodeCount="53" insertCount="3273" extractCount="3246" duration="2305994"/>
			<Sample nodeCount="54" insertCount="3337" extractCount="3305" duration="2360807"/>
			<Sample nodeCount="55" insertCount="3400" extractCount="3365" duration="2387879"/>
			<Sample nodeCount="56" insertCount="3458" extractCount="3430" duration="2450439"/>
			<Sample nodeCount="57" insertCount="3521" extractCount="3490" duration="2493047"/>
			<Sample nodeCount="58" insertCount="3580" extractCount="3554" duration="2530878"/>
			<Sample nodeCount="59" insertCount="3647" extractCount="3610" duration="2580149"/>
			<Sample nodeCount="60" insertCount="3706" extractCount="3674" duration="2614902"/>
			<Sample nodeCount="61" insertCount="3766" extractCount="3737" duration="2676996"/>
			<Sample nodeCount="62" insertCount="3828" extractCount="3798" duration="2709756"/>
			<Sample nodeCount="63" insertCount="3888" extractCount="3861" duration="2755584"/>
			<Sample nodeCount="64" insertCount="3952" extractCount="3920" duration="1684045"/>
			<Sample nodeCount="65" insertCount="4014" extractCount="3981" duration="2813097"/>
			<Sample nodeCount="66" insertCount="4077" extractCount="4041" duration="2841915"/>
			<Sample nodeCount="67" insertCount="4136" extractCount="4105" duration="2886738"/>
			<Sample nodeCount="68" insertCount="4200" extractCount="4164" duration="2923299"/>
			<Sample nodeCount="69" insertCount="4263" extractCount="4224" duration="2969811"/>
			<Sample nodeCount="70" insertCount="4325" extractCount="4285" duration="3032916"/>
			<Sample nodeCount="71" insertCount="4381" extractCount="4352" duration="3055275"/>
			<Sample nodeCount="72" insertCount="4448" extractCount="4408" duration="3094068"/>
			<Sample nodeCount="73" insertCount="4507" extractCount="4472" duration="3148131"/>
			<Sample nodeCount="74" insertCount="4571" extractCount="4531" duration="3193665"/>
			<Sample nodeCount="75" insertCount="4631" extractCount="4594" duration="3247389"/>
			<Sample nodeCount="76" insertCount="4693" extractCount="4655" duration="3289626"/>
			<Sample nodeCount="77" insertCount="4755" extractCount="4716" duration="3341130"/>
			<Sample nodeCount="78" insertCount="4817" extractCount="4777" duration="3390619"/>
			<Sample nodeCount="79" insertCount="4877" extractCount="4840" duration="3432447"/>
			<Sample nodeCount="80" insertCount="4942" extractCount="4898" duration="3452479"/>
			<Sample nodeCount="81" insertCount="5002" extractCount="4961" duration="3515661"/>
			<Sample nodeCount="82" insertCount="5063" extractCount="5023" duration="3560478"/>
			<Sample nodeCount="83" insertCount="5124" extractCount="5085" duration="3622798"/>
			<Sample nodeCount="84" insertCount="5187" extractCount="5145" duration="3653901"/>
			<Sample nodeCount="85" insertCount="5250" extractCount="5205" duration="3712075"/>
			<Sample nodeCount="86" insertCount="5314" extractCount="5264" duration="3762444"/>
			<Sample nodeCount="87" insertCount="5374" extractCount="5327" duration="3801415"/>
			<Sample nodeCount="88" insertCount="5432" extractCount="5392" duration="3860173"/>
			<Sample nodeCount="89" insertCount="5490" extractCount="5457" duration="3875680"/>
			<Sample nodeCount="90" insertCount="5559" extractCount="5511" duration="3913660"/>
			<Sample nodeCount="91" insertCount="5621" extractCount="5572" duration="3969694"/>
			<Sample nodeCount="92" insertCount="5680" extractCount="5636" duration="4009918"/>
			<Sample nodeCount="93" insertCount="5740" extractCount="5699" duration="4060858"/>
			<Sample nodeCount="94" insertCount="5803" extractCount="5759" duration="4100416"/>
			<Sample nodeCount="95" insertCount="5862" extractCount="5823" duration="4158361"/>
			<Sample nodeCount="96" insertCount="5929" extractCount="5879" duration="4200448"/>
			<Sample nodeCount="97" insertCount="5993" extractCount="5938" duration="4242334"/>
			<Sample nodeCount="98" insertCount="6055" extractCount="5999" duration="4289795"/>
			<Sample nodeCount="99" insertCount="6113" extractCount="6064" duration="4354189"/>
			<Sample nodeCount="100" insertCount="6172" extractCount="6128" duration="4394948"/>
			<Sample nodeCount="101" insertCount="6238" extractCount="6185" duration="4431449"/>
			<Sample nodeCount="102" insertCount="6299" extractCount="6247" duration="4475806"/>
			<Sample nodeCount="103" insertCount="6363" extractCount="6306" duration="4537067"/>
			<Sample nodeCount="104" insertCount="6426" extractCount="6366" duration="4572983"/>
			<Sample nodeCount="105" insertCount="6481" extractCount="6434" duration="4622668"/>
			<Sample nodeCount="106" insertCount="6544" extractCount="6494" duration="4679207"/>
			<Sample nodeCount="107" insertCount="6607" extractCount="6554" duration="4684385"/>
			<Sample nodeCount="108" insertCount="6669" extractCount="6615" duration="4752139"/>
			<Sample nodeCount="109" insertCount="6732" extractCount="6675" duration="4795604"/>
			<Sample nodeCount="110" insertCount="6794" extractCount="6736" duration="4834367"/>
			<Sample nodeCount="111" insertCount="6852" extractCount="6801" duration="4887161"/>
			<Sample nodeCount="112" insertCount="6918" extractCount="6858" duration="4945253"/>
			<Sample nodeCount="113" insertCount="6981" extractCount="6918" duration="5003981"/>
			<Sample nodeCount="114" insertCount="7041" extractCount="6981" duration="5028929"/>
			<Sample nodeCount="115" insertCount="7103" extractCount="7042" duration="5077787"/>
			<Sample nodeCount="116" insertCount="7164" extractCount="7104" duration="5109314"/>
			<Sample nodeCount="117" insertCount="7225" extractCount="7166" duration="5193449"/>
			<Sample nodeCount="118" insertCount="7291" extractCount="7223" duration="5222468"/>
			<Sample nodeCount="119" insertCount="7350" extractCount="7287" duration="5273567"/>
			<Sample nodeCount="120" insertCount="7410" extractCount="7350" duration="5294783"/>
			<Sample nodeCount="121" insertCount="7471" extractCount="7412" duration="5356439"/>
			<Sample nodeCount="122" insertCount="7537" extractCount="7469" duration="5365671"/>
			<Sample nodeCount="123" insertCount="7593" extractCount="7536" duration="5439642"/>
			<Sample nodeCount="124" insertCount="7658" extractCount="7594" duration="5471552"/>
			<Sample nodeCount="125" insertCount="7718" extractCount="7657" duration="5539332"/>
			<Sample nodeCount="126" insertCount="7781" extractCount="7717" duration="5551206"/>
			<Sample nodeCount="127" insertCount="7840" extractCount="7781" duration="5628797"/>
		</SmallSetRandomOps>
		<LargeSetRandomOps>
		</LargeSetRandomOps>
		<SmallSetLinear>
			<Sample nodeCount="1" insertCount="10000" extractCount="10000" duration="1096663"/>
			<Sample nodeCount="2" insertCount="10000" extractCount="10000" duration="2465087"/>
			<Sample nodeCount="3" insertCount="10000" extractCount="10000" duration="3832195"/>
			<Sample nodeCount="4" insertCount="10000" extractCount="10000" duration="6567931"/>
			<Sample nodeCount="5" insertCount="10000" extractCount="10000" duration="7999250"/>
			<Sample nodeCount="6" insertCount="10000" extractCount="10000" duration="10024978"/>
			<Sample nodeCount="7" insertCount="10000" extractCount="10000" duration="12181116"/>
			<Sample nodeCount="8" insertCount="10000" extractCount="10000" duration="14507994"/>
			<Sample nodeCount="9" insertCount="10000" extractCount="10000" duration="15913489"/>
			<Sample nodeCount="10" insertCount="10000" extractCount="10000" duration="19481947"/>
			<Sample nodeCount="11" insertCount="10000" extractCount="10000" duration="21984955"/>
			<Sample nodeCount="12" insertCount="10000" extractCount="10000" duration="24326578"/>
			<Sample nodeCount="13" insertCount="10000" extractCount="10000" duration="26583519"/>
			<Sample nodeCount="14" insertCount="10000" extractCount="10000" duration="29823882"/>
			<Sample nodeCount="15" insertCount="10000" extractCount="10000" duration="32492588"/>
			<Sample nodeCount="16" insertCount="10000" extractCount="10000" duration="35438979"/>
			<Sample nodeCount="17" insertCount="10000" extractCount="10000" duration="37752761"/>
			<Sample nodeCount="18" insertCount="10000" extractCount="10000" duration="42398037"/>
			<Sample nodeCount="19" insertCount="10000" extractCount="10000" duration="44488385"/>
			<Sample nodeCount="20" insertCount="10000" extractCount="10000" duration="47746998"/>
			<Sample nodeCount="21" insertCount="10000" extractCount="10000" duration="49581818"/>
			<Sample nodeCount="22" insertCount="10000" extractCount="10000" duration="55143295"/>
			<Sample nodeCount="23" insertCount="10000" extractCount="10000" duration="57788344"/>
			<Sample nodeCount="24" insertCount="10000" extractCount="10000" duration="61424963"/>
			<Sample nodeCount="25" insertCount="10000" extractCount="10000" duration="63437706"/>
			<Sample nodeCount="26" insertCount="10000" extractCount="10000" duration="68728296"/>
			<Sample nodeCount="27" insertCount="10000" extractCount="10000" duration="70896866"/>
			<Sample nodeCount="28" insertCount="10000" extractCount="10000" duration="74749431"/>
			<Sample nodeCount="29" insertCount="10000" extractCount="10000" duration="76309721"/>
			<Sample nodeCount="30" insertCount="10000" extractCount="10000" duration="81402390"/>
			<Sample nodeCount="31" insertCount="10000" extractCount="10000" duration="84438838"/>
			<Sample nodeCount="32" insertCount="10000" extractCount="10000" duration="87833101"/>
			<Sample nodeCount="33" insertCount="10000" extractCount="10000" duration="90146757"/>
			<Sample nodeCount="34" insertCount="10000" extractCount="10000" duration="94952318"/>
			<Sample nodeCount="35" insertCount="10000" extractCount="10000" duration="97140116"/>
			<Sample nodeCount="36" insertCount="10000" extractCount="10000" duration="100623859"/>
			<Sample nodeCount="37" insertCount="10000" extractCount="10000" duration="102953299"/>
			<Sample nodeCount="38" insertCount="10000" extractCount="10000" duration="108899827"/>
			<Sample nodeCount="39" insertCount="10000" extractCount="10000" duration="111941563"/>
			<Sample nodeCount="40" insertCount="10000" extractCount="10000" duration="115236988"/>
			<Sample nodeCount="41" insertCount="10000" extractCount="10000" duration="117279993"/>
			<Sample nodeCount="42" insertCount="10000" extractCount="10000" duration="122122517"/>
			<Sample nodeCount="43" insertCount="10000" extractCount="10000" duration="123858493"/>
			<Sample nodeCount="44" insertCount="10000" extractCount="10000" duration="127106731"/>
			<Sample nodeCount="45" insertCount="10000" extractCount="10000" duration="128980038"/>
			<Sample nodeCount="46" insertCount="10000" extractCount="10000" duration="135355057"/>
			<Sample nodeCount="47" insertCount="10000" extractCount="10000" duration="138902035"/>
			<Sample nodeCount="48" insertCount="10000" extractCount="10000" duration="142780823"/>
			<Sample nodeCount="49" insertCount="10000" extractCount="10000" duration="145399334"/>
			<Sample nodeCount="50" insertCount="10000" extractCount="10000" duration="150562020"/>
			<Sample nodeCount="51" insertCount="10000" extractCount="10000" duration="153165414"/>
			<Sample nodeCount="52" insertCount="10000" extractCount="10000" duration="156894286"/>
			<Sample nodeCount="53" insertCount="10000" extractCount="10000" duration="159533374"/>
			<Sample nodeCount="54" insertCount="10000" extractCount="10000" duration="165430279"/>
			<Sample nodeCount="55" insertCount="10000" extractCount="10000" duration="168093753"/>
			<Sample nodeCount="56" insertCount="10000" extractCount="10000" duration="171524893"/>
			<Sample nodeCount="57" insertCount="10000" extractCount="10000" duration="173734590"/>
			<Sample nodeCount="58" insertCount="10000" extractCount="10000" duration="178850576"/>
			<Sample nodeCount="59" insertCount="10000" extractCount="10000" duration="181067980"/>
			<Sample nodeCount="60" insertCount="10000" extractCount="10000" duration="184235786"/>
			<Sample nodeCount="61" insertCount="10000" extractCount="10000" duration="186238113"/>
			<Sample nodeCount="62" insertCount="10000" extractCount="10000" duration="193489295"/>
			<Sample nodeCount="63" insertCount="10000" extractCount="10000" duration="196950974"/>
			<Sample nodeCount="64" insertCount="10000" extractCount="10000" duration="200571327"/>
			<Sample nodeCount="65" insertCount="10000" extractCount="10000" duration="202680494"/>
			<Sample nodeCount="66" insertCount="10000" extractCount="10000" duration="209755044"/>
			<Sample nodeCount="67" insertCount="10000" extractCount="10000" duration="211691039"/>
			<Sample nodeCount="68" insertCount="10000" extractCount="10000" duration="215747442"/>
			<Sample nodeCount="69" insertCount="10000" extractCount="10000" duration="218332520"/>
			<Sample nodeCount="70" insertCount="10000" extractCount="10000" duration="224844150"/>
			<Sample nodeCount="71" insertCount="10000" extractCount="10000" duration="227442173"/>
			<Sample nodeCount="72" insertCount="10000" extractCount="10000" duration="231449331"/>
			<Sample nodeCount="73" insertCount="10000" extractCount="10000" duration="233802924"/>
			<Sample nodeCount="74" insertCount="10000" extractCount="10000" duration="239041019"/>
			<Sample nodeCount="75" insertCount="10000" extractCount="10000" duration="241506802"/>
			<Sample nodeCount="76" insertCount="10000" extractCount="10000" duration="245526336"/>
			<Sample nodeCount="77" insertCount="10000" extractCount="10000" duration="247680257"/>
			<Sample nodeCount="78" insertCount="10000" extractCount="10000" duration="254964258"/>
			<Sample nodeCount="79" insertCount="10000" extractCount="10000" duration="258019026"/>
			<Sample nodeCount="80" insertCount="10000" extractCount="10000" duration="261738558"/>
			<Sample nodeCount="81" insertCount="10000" extractCount="10000" duration="264416613"/>
			<Sample nodeCount="82" insertCount="10000" extractCount="10000" duration="270593071"/>
			<Sample nodeCount="83" insertCount="10000" extractCount="10000" duration="271829861"/>
			<Sample nodeCount="84" insertCount="10000" extractCount="10000" duration="275666571"/>
			<Sample nodeCount="85" insertCount="10000" extractCount="10000" duration="277735055"/>
			<Sample nodeCount="86" insertCount="10000" extractCount="10000" duration="284448507"/>
			<Sample nodeCount="87" insertCount="10000" extractCount="10000" duration="287313932"/>
			<Sample nodeCount="88" insertCount="10000" extractCount="10000" duration="290257688"/>
			<Sample nodeCount="89" insertCount="10000" extractCount="10000" duration="293110088"/>
			<Sample nodeCount="90" insertCount="10000" extractCount="10000" duration="298939229"/>
			<Sample nodeCount="91" insertCount="10000" extractCount="10000" duration="300964120"/>
			<Sample nodeCount="92" insertCount="10000" extractCount="10000" duration="304264753"/>
			<Sample nodeCount="93" insertCount="10000" extractCount="10000" duration="307141181"/>
			<Sample nodeCount="94" insertCount="10000" extractCount="10000" duration="315215226"/>
			<Sample nodeCount="95" insertCount="10000" extractCount="10000" duration="318305371"/>
			<Sample nodeCount="96" insertCount="10000" extractCount="10000" duration="322801928"/>
			<Sample nodeCount="97" insertCount="10000" extractCount="10000" duration="324876613"/>
			<Sample nodeCount="98" insertCount="10000" extractCount="10000" duration="332572947"/>
			<Sample nodeCount="99" insertCount="10000" extractCount="10000" duration="334113976"/>
			<Sample nodeCount="100" insertCount="10000" extractCount="10000" duration="338430684"/>
			<Sample nodeCount="101" insertCount="10000" extractCount="10000" duration="340440130"/>
			<Sample nodeCount="102" insertCount="10000" extractCount="10000" duration="347652764"/>
			<Sample nodeCount="103" insertCount="10000" extractCount="10000" duration="349945598"/>
			<Sample nodeCount="104" insertCount="10000" extractCount="10000" duration="354478786"/>
			<Sample nodeCount="105" insertCount="10000" extractCount="10000" duration="356642892"/>
			<Sample nodeCount="106" insertCount="10000" extractCount="10000" duration="364118680"/>
			<Sample nodeCount="107" insertCount="10000" extractCount="10000" duration="364228643"/>
			<Sample nodeCount="108" insertCount="10000" extractCount="10000" duration="368909658"/>
			<Sample nodeCount="109" insertCount="10000" extractCount="10000" duration="371045060"/>
			<Sample nodeCount="110" insertCount="10000" extractCount="10000" duration="379434370"/>
			<Sample nodeCount="111" insertCount="10000" extractCount="10000" duration="381696268"/>
			<Sample nodeCount="112" insertCount="10000" extractCount="10000" duration="386422571"/>
			<Sample nodeCount="113" insertCount="10000" extractCount="10000" duration="388680455"/>
			<Sample nodeCount="114" insertCount="10000" extractCount="10000" duration="394712477"/>
			<Sample nodeCount="115" insertCount="10000" extractCount="10000" duration="396370108"/>
			<Sample nodeCount="116" insertCount="10000" extractCount="10000" duration="401078381"/>
			<Sample nodeCount="117" insertCount="10000" extractCount="10000" duration="402782781"/>
			<Sample nodeCount="118" insertCount="10000" extractCount="10000" duration="409980206"/>
			<Sample nodeCount="119" insertCount="10000" extractCount="10000" duration="412671860"/>
			<Sample nodeCount="120" insertCount="10000" extractCount="10000" duration="416687997"/>
			<Sample nodeCount="121" insertCount="10000" extractCount="10000" duration="418845896"/>
			<Sample nodeCount="122" insertCount="10000" extractCount="10000" duration="425217143"/>
			<Sample nodeCount="123" insertCount="10000" extractCount="10000" duration="426952903"/>
			<Sample nodeCount="124" insertCount="10000" extractCount="10000" duration="430896302"/>
			<Sample nodeCount="125" insertCount="10000" extractCount="10000" duration="433184231"/>
			<Sample nodeCount="126" insertCount="10000" extractCount="10000" duration="442838963"/>
			<Sample nodeCount="127" insertCount="10000" extractCount="10000" duration="445362340"/>
		</SmallSetLinear>
		<LargeSetLinear>
		</LargeSetLinear>
	</RBTest>
</RBTestCollection>
