<RBTestCollection platform="Freescale P1020, e500v2" compiler="GCC 4.9.3" timeUnit="ns">
	<RBTest implementation="LLRB" nodeSize="16">
		<SmallSetRandomOps>
			<Sample nodeCount="1" insertCount="62" extractCount="61" duration="12440"/>
			<Sample nodeCount="2" insertCount="123" extractCount="123" duration="33540"/>
			<Sample nodeCount="3" insertCount="186" extractCount="183" duration="60580"/>
			<Sample nodeCount="4" insertCount="247" extractCount="245" duration="91640"/>
			<Sample nodeCount="5" insertCount="309" extractCount="306" duration="135380"/>
			<Sample nodeCount="6" insertCount="370" extractCount="368" duration="175400"/>
			<Sample nodeCount="7" insertCount="433" extractCount="428" duration="233320"/>
			<Sample nodeCount="8" insertCount="493" extractCount="491" duration="284340"/>
			<Sample nodeCount="9" insertCount="557" extractCount="550" duration="344340"/>
			<Sample nodeCount="10" insertCount="619" extractCount="611" duration="389460"/>
			<Sample nodeCount="11" insertCount="680" extractCount="673" duration="448080"/>
			<Sample nodeCount="12" insertCount="740" extractCount="736" duration="513180"/>
			<Sample nodeCount="13" insertCount="803" extractCount="796" duration="571220"/>
			<Sample nodeCount="14" insertCount="864" extractCount="858" duration="634060"/>
			<Sample nodeCount="15" insertCount="927" extractCount="918" duration="675300"/>
			<Sample nodeCount="16" insertCount="988" extractCount="980" duration="741580"/>
			<Sample nodeCount="17" insertCount="1050" extractCount="1041" duration="807260"/>
			<Sample nodeCount="18" insertCount="1113" extractCount="1101" duration="868000"/>
			<Sample nodeCount="19" insertCount="1172" extractCount="1165" duration="927580"/>
			<Sample nodeCount="20" insertCount="1237" extractCount="1223" duration="999600"/>
			<Sample nodeCount="21" insertCount="1296" extractCount="1287" duration="1057360"/>
			<Sample nodeCount="22" insertCount="1359" extractCount="1347" duration="1123060"/>
			<Sample nodeCount="23" insertCount="1419" extractCount="1410" duration="1182740"/>
			<Sample nodeCount="24" insertCount="1484" extractCount="1468" duration="1254240"/>
			<Sample nodeCount="25" insertCount="1544" extractCount="1531" duration="1334040"/>
			<Sample nodeCount="26" insertCount="1604" extractCount="1594" duration="1393720"/>
			<Sample nodeCount="27" insertCount="1668" extractCount="1653" duration="1458180"/>
			<Sample nodeCount="28" insertCount="1729" extractCount="1715" duration="1536900"/>
			<Sample nodeCount="29" insertCount="1790" extractCount="1777" duration="1607640"/>
			<Sample nodeCount="30" insertCount="1851" extractCount="1839" duration="1672100"/>
			<Sample nodeCount="31" insertCount="1914" extractCount="1899" duration="1742280"/>
			<Sample nodeCount="32" insertCount="1977" extractCount="1959" duration="1804980"/>
			<Sample nodeCount="33" insertCount="2041" extractCount="2018" duration="1876760"/>
			<Sample nodeCount="34" insertCount="2097" extractCount="2085" duration="1954360"/>
			<Sample nodeCount="35" insertCount="2160" extractCount="2145" duration="2017740"/>
			<Sample nodeCount="36" insertCount="2221" extractCount="2207" duration="2073000"/>
			<Sample nodeCount="37" insertCount="2285" extractCount="2266" duration="2158320"/>
			<Sample nodeCount="38" insertCount="2346" extractCount="2328" duration="2226200"/>
			<Sample nodeCount="39" insertCount="2408" extractCount="2389" duration="2272220"/>
			<Sample nodeCount="40" insertCount="2471" extractCount="2449" duration="2368340"/>
			<Sample nodeCount="41" insertCount="2531" extractCount="2512" duration="2430200"/>
			<Sample nodeCount="42" insertCount="2593" extractCount="2573" duration="2494740"/>
			<Sample nodeCount="43" insertCount="2656" extractCount="2633" duration="2592920"/>
			<Sample nodeCount="44" insertCount="2717" extractCount="2695" duration="2644360"/>
			<Sample nodeCount="45" insertCount="2776" extractCount="2759" duration="2716380"/>
			<Sample nodeCount="46" insertCount="2840" extractCount="2818" duration="2773760"/>
			<Sample nodeCount="47" insertCount="2902" extractCount="2879" duration="2866320"/>
			<Sample nodeCount="48" insertCount="2966" extractCount="2938" duration="2943640"/>
			<Sample nodeCount="49" insertCount="3026" extractCount="3001" duration="3048980"/>
			<Sample nodeCount="50" insertCount="3084" extractCount="3066" duration="3101840"/>
			<Sample nodeCount="51" insertCount="3151" extractCount="3122" duration="3177320"/>
			<Sample nodeCount="52" insertCount="3209" extractCount="3187" duration="3286900"/>
			<Sample nodeCount="53" insertCount="3273" extractCount="3246" duration="3332220"/>
			<Sample nodeCount="54" insertCount="3337" extractCount="3305" duration="3418260"/>
			<Sample nodeCount="55" insertCount="3400" extractCount="3365" duration="3505200"/>
			<Sample nodeCount="56" insertCount="3458" extractCount="3430" duration="3619260"/>
			<Sample nodeCount="57" insertCount="3521" extractCount="3490" duration="3651400"/>
			<Sample nodeCount="58" insertCount="3580" extractCount="3554" duration="3729700"/>
			<Sample nodeCount="59" insertCount="3647" extractCount="3610" duration="3847940"/>
			<Sample nodeCount="60" insertCount="3706" extractCount="3674" duration="3905120"/>
			<Sample nodeCount="61" insertCount="3766" extractCount="3737" duration="3981880"/>
			<Sample nodeCount="62" insertCount="3828" extractCount="3798" duration="4049080"/>
			<Sample nodeCount="63" insertCount="3888" extractCount="3861" duration="4133480"/>
			<Sample nodeCount="64" insertCount="3952" extractCount="3920" duration="4208960"/>
			<Sample nodeCount="65" insertCount="4014" extractCount="3981" duration="4317460"/>
			<Sample nodeCount="66" insertCount="4077" extractCount="4041" duration="4390520"/>
			<Sample nodeCount="67" insertCount="4136" extractCount="4105" duration="4482260"/>
			<Sample nodeCount="68" insertCount="4200" extractCount="4164" duration="4572860"/>
			<Sample nodeCount="69" insertCount="4263" extractCount="4224" duration="4631640"/>
			<Sample nodeCount="70" insertCount="4325" extractCount="4285" duration="4750080"/>
			<Sample nodeCount="71" insertCount="4381" extractCount="4352" duration="4786760"/>
			<Sample nodeCount="72" insertCount="4448" extractCount="4408" duration="4907080"/>
			<Sample nodeCount="73" insertCount="4507" extractCount="4472" duration="4957640"/>
			<Sample nodeCount="74" insertCount="4571" extractCount="4531" duration="5015680"/>
			<Sample nodeCount="75" insertCount="4631" extractCount="4594" duration="5118860"/>
			<Sample nodeCount="76" insertCount="4693" extractCount="4655" duration="5204000"/>
			<Sample nodeCount="77" insertCount="4755" extractCount="4716" duration="5269740"/>
			<Sample nodeCount="78" insertCount="4817" extractCount="4777" duration="5354060"/>
			<Sample nodeCount="79" insertCount="4877" extractCount="4840" duration="5405440"/>
			<Sample nodeCount="80" insertCount="4942" extractCount="4898" duration="5513500"/>
			<Sample nodeCount="81" insertCount="5002" extractCount="4961" duration="5591800"/>
			<Sample nodeCount="82" insertCount="5063" extractCount="5023" duration="5661100"/>
			<Sample nodeCount="83" insertCount="5124" extractCount="5085" duration="5770740"/>
			<Sample nodeCount="84" insertCount="5187" extractCount="5145" duration="5829240"/>
			<Sample nodeCount="85" insertCount="5250" extractCount="5205" duration="5912820"/>
			<Sample nodeCount="86" insertCount="5314" extractCount="5264" duration="5987000"/>
			<Sample nodeCount="87" insertCount="5374" extractCount="5327" duration="6041420"/>
			<Sample nodeCount="88" insertCount="5432" extractCount="5392" duration="6107680"/>
			<Sample nodeCount="89" insertCount="5490" extractCount="5457" duration="6200260"/>
			<Sample nodeCount="90" insertCount="5559" extractCount="5511" duration="6261800"/>
			<Sample nodeCount="91" insertCount="5621" extractCount="5572" duration="6354560"/>
			<Sample nodeCount="92" insertCount="5680" extractCount="5636" duration="6461120"/>
			<Sample nodeCount="93" insertCount="5740" extractCount="5699" duration="6536720"/>
			<Sample nodeCount="94" insertCount="5803" extractCount="5759" duration="6595360"/>
			<Sample nodeCount="95" insertCount="5862" extractCount="5823" duration="6694800"/>
			<Sample nodeCount="96" insertCount="5929" extractCount="5879" duration="6764040"/>
			<Sample nodeCount="97" insertCount="5993" extractCount="5938" duration="6885180"/>
			<Sample nodeCount="98" insertCount="6055" extractCount="5999" duration="6917740"/>
			<Sample nodeCount="99" insertCount="6113" extractCount="6064" duration="7073340"/>
			<Sample nodeCount="100" insertCount="6172" extractCount="6128" duration="7112700"/>
			<Sample nodeCount="101" insertCount="6238" extractCount="6185" duration="7216380"/>
			<Sample nodeCount="102" insertCount="6299" extractCount="6247" duration="7268180"/>
			<Sample nodeCount="103" insertCount="6363" extractCount="6306" duration="7388360"/>
			<Sample nodeCount="104" insertCount="6426" extractCount="6366" duration="7475680"/>
			<Sample nodeCount="105" insertCount="6481" extractCount="6434" duration="7590500"/>
			<Sample nodeCount="106" insertCount="6544" extractCount="6494" duration="7670000"/>
			<Sample nodeCount="107" insertCount="6607" extractCount="6554" duration="7723660"/>
			<Sample nodeCount="108" insertCount="6669" extractCount="6615" duration="7815100"/>
			<Sample nodeCount="109" insertCount="6732" extractCount="6675" duration="7934400"/>
			<Sample nodeCount="110" insertCount="6794" extractCount="6736" duration="8044140"/>
			<Sample nodeCount="111" insertCount="6852" extractCount="6801" duration="8135900"/>
			<Sample nodeCount="112" insertCount="6918" extractCount="6858" duration="8223260"/>
			<Sample nodeCount="113" insertCount="6981" extractCount="6918" duration="8310920"/>
			<Sample nodeCount="114" insertCount="7041" extractCount="6981" duration="8380440"/>
			<Sample nodeCount="115" insertCount="7103" extractCount="7042" duration="8465380"/>
			<Sample nodeCount="116" insertCount="7164" extractCount="7104" duration="8585180"/>
			<Sample nodeCount="117" insertCount="7225" extractCount="7166" duration="8677360"/>
			<Sample nodeCount="118" insertCount="7291" extractCount="7223" duration="8760300"/>
			<Sample nodeCount="119" insertCount="7350" extractCount="7287" duration="8870720"/>
			<Sample nodeCount="120" insertCount="7410" extractCount="7350" duration="8931820"/>
			<Sample nodeCount="121" insertCount="7471" extractCount="7412" duration="9044620"/>
			<Sample nodeCount="122" insertCount="7537" extractCount="7469" duration="9119960"/>
			<Sample nodeCount="123" insertCount="7593" extractCount="7536" duration="9180220"/>
			<Sample nodeCount="124" insertCount="7658" extractCount="7594" duration="9310080"/>
			<Sample nodeCount="125" insertCount="7718" extractCount="7657" duration="9422320"/>
			<Sample nodeCount="126" insertCount="7781" extractCount="7717" duration="9434800"/>
			<Sample nodeCount="127" insertCount="7840" extractCount="7781" duration="9567080"/>
		</SmallSetRandomOps>
		<LargeSetRandomOps>
		</LargeSetRandomOps>
		<SmallSetLinear>
			<Sample nodeCount="1" insertCount="10000" extractCount="10000" duration="651120"/>
			<Sample nodeCount="2" insertCount="10000" extractCount="10000" duration="2690220"/>
			<Sample nodeCount="3" insertCount="10000" extractCount="10000" duration="5692440"/>
			<Sample nodeCount="4" insertCount="10000" extractCount="10000" duration="9610380"/>
			<Sample nodeCount="5" insertCount="10000" extractCount="10000" duration="15462360"/>
			<Sample nodeCount="6" insertCount="10000" extractCount="10000" duration="18864680"/>
			<Sample nodeCount="7" insertCount="10000" extractCount="10000" duration="28059720"/>
			<Sample nodeCount="8" insertCount="10000" extractCount="10000" duration="31670780"/>
			<Sample nodeCount="9" insertCount="10000" extractCount="10000" duration="40343240"/>
			<Sample nodeCount="10" insertCount="10000" extractCount="10000" duration="44259320"/>
			<Sample nodeCount="11" insertCount="10000" extractCount="10000" duration="54603560"/>
			<Sample nodeCount="12" insertCount="10000" extractCount="10000" duration="58369080"/>
			<Sample nodeCount="13" insertCount="10000" extractCount="10000" duration="66900880"/>
			<Sample nodeCount="14" insertCount="10000" extractCount="10000" duration="70991640"/>
			<Sample nodeCount="15" insertCount="10000" extractCount="10000" duration="85977580"/>
			<Sample nodeCount="16" insertCount="10000" extractCount="10000" duration="89968600"/>
			<Sample nodeCount="17" insertCount="10000" extractCount="10000" duration="98061820"/>
			<Sample nodeCount="18" insertCount="10000" extractCount="10000" duration="102064880"/>
			<Sample nodeCount="19" insertCount="10000" extractCount="10000" duration="116400320"/>
			<Sample nodeCount="20" insertCount="10000" extractCount="10000" duration="120453720"/>
			<Sample nodeCount="21" insertCount="10000" extractCount="10000" duration="129022840"/>
			<Sample nodeCount="22" insertCount="10000" extractCount="10000" duration="133113420"/>
			<Sample nodeCount="23" insertCount="10000" extractCount="10000" duration="152085340"/>
			<Sample nodeCount="24" insertCount="10000" extractCount="10000" duration="156003820"/>
			<Sample nodeCount="25" insertCount="10000" extractCount="10000" duration="164424740"/>
			<Sample nodeCount="26" insertCount="10000" extractCount="10000" duration="168516820"/>
			<Sample nodeCount="27" insertCount="10000" extractCount="10000" duration="185589900"/>
			<Sample nodeCount="28" insertCount="10000" extractCount="10000" duration="189419180"/>
			<Sample nodeCount="29" insertCount="10000" extractCount="10000" duration="198346140"/>
			<Sample nodeCount="30" insertCount="10000" extractCount="10000" duration="202358080"/>
			<Sample nodeCount="31" insertCount="10000" extractCount="10000" duration="231705880"/>
			<Sample nodeCount="32" insertCount="10000" extractCount="10000" duration="235765180"/>
			<Sample nodeCount="33" insertCount="10000" extractCount="10000" duration="243821880"/>
			<Sample nodeCount="34" insertCount="10000" extractCount="10000" duration="248050720"/>
			<Sample nodeCount="35" insertCount="10000" extractCount="10000" duration="264787560"/>
			<Sample nodeCount="36" insertCount="10000" extractCount="10000" duration="268988920"/>
			<Sample nodeCount="37" insertCount="10000" extractCount="10000" duration="277636600"/>
			<Sample nodeCount="38" insertCount="10000" extractCount="10000" duration="281858220"/>
			<Sample nodeCount="39" insertCount="10000" extractCount="10000" duration="307283420"/>
			<Sample nodeCount="40" insertCount="10000" extractCount="10000" duration="311447880"/>
			<Sample nodeCount="41" insertCount="10000" extractCount="10000" duration="320130140"/>
			<Sample nodeCount="42" insertCount="10000" extractCount="10000" duration="324432080"/>
			<Sample nodeCount="43" insertCount="10000" extractCount="10000" duration="341608960"/>
			<Sample nodeCount="44" insertCount="10000" extractCount="10000" duration="346175140"/>
			<Sample nodeCount="45" insertCount="10000" extractCount="10000" duration="354231340"/>
			<Sample nodeCount="46" insertCount="10000" extractCount="10000" duration="358572940"/>
			<Sample nodeCount="47" insertCount="10000" extractCount="10000" duration="392873080"/>
			<Sample nodeCount="48" insertCount="10000" extractCount="10000" duration="396713200"/>
			<Sample nodeCount="49" insertCount="10000" extractCount="10000" duration="405532720"/>
			<Sample nodeCount="50" insertCount="10000" extractCount="10000" duration="409746220"/>
			<Sample nodeCount="51" insertCount="10000" extractCount="10000" duration="427260440"/>
			<Sample nodeCount="52" insertCount="10000" extractCount="10000" duration="431738720"/>
			<Sample nodeCount="53" insertCount="10000" extractCount="10000" duration="439707700"/>
			<Sample nodeCount="54" insertCount="10000" extractCount="10000" duration="443961740"/>
			<Sample nodeCount="55" insertCount="10000" extractCount="10000" duration="476224180"/>
			<Sample nodeCount="56" insertCount="10000" extractCount="10000" duration="480389160"/>
			<Sample nodeCount="57" insertCount="10000" extractCount="10000" duration="489246340"/>
			<Sample nodeCount="58" insertCount="10000" extractCount="10000" duration="493548660"/>
			<Sample nodeCount="59" insertCount="10000" extractCount="10000" duration="511248820"/>
			<Sample nodeCount="60" insertCount="10000" extractCount="10000" duration="515814740"/>
			<Sample nodeCount="61" insertCount="10000" extractCount="10000" duration="523696140"/>
			<Sample nodeCount="62" insertCount="10000" extractCount="10000" duration="528038260"/>
			<Sample nodeCount="63" insertCount="10000" extractCount="10000" duration="582192120"/>
			<Sample nodeCount="64" insertCount="10000" extractCount="10000" duration="586032000"/>
			<Sample nodeCount="65" insertCount="10000" extractCount="10000" duration="594738660"/>
			<Sample nodeCount="66" insertCount="10000" extractCount="10000" duration="598953420"/>
			<Sample nodeCount="67" insertCount="10000" extractCount="10000" duration="616389920"/>
			<Sample nodeCount="68" insertCount="10000" extractCount="10000" duration="620870300"/>
			<Sample nodeCount="69" insertCount="10000" extractCount="10000" duration="628838320"/>
			<Sample nodeCount="70" insertCount="10000" extractCount="10000" duration="633093160"/>
			<Sample nodeCount="71" insertCount="10000" extractCount="10000" duration="665354240"/>
			<Sample nodeCount="72" insertCount="10000" extractCount="10000" duration="669520920"/>
			<Sample nodeCount="73" insertCount="10000" extractCount="10000" duration="678375320"/>
			<Sample nodeCount="74" insertCount="10000" extractCount="10000" duration="682680960"/>
			<Sample nodeCount="75" insertCount="10000" extractCount="10000" duration="699680840"/>
			<Sample nodeCount="76" insertCount="10000" extractCount="10000" duration="703983660"/>
			<Sample nodeCount="77" insertCount="10000" extractCount="10000" duration="712825220"/>
			<Sample nodeCount="78" insertCount="10000" extractCount="10000" duration="717166720"/>
			<Sample nodeCount="79" insertCount="10000" extractCount="10000" duration="763079020"/>
			<Sample nodeCount="80" insertCount="10000" extractCount="10000" duration="767592060"/>
			<Sample nodeCount="81" insertCount="10000" extractCount="10000" duration="775749960"/>
			<Sample nodeCount="82" insertCount="10000" extractCount="10000" duration="780142060"/>
			<Sample nodeCount="83" insertCount="10000" extractCount="10000" duration="797128940"/>
			<Sample nodeCount="84" insertCount="10000" extractCount="10000" duration="801519560"/>
			<Sample nodeCount="85" insertCount="10000" extractCount="10000" duration="810275920"/>
			<Sample nodeCount="86" insertCount="10000" extractCount="10000" duration="814702900"/>
			<Sample nodeCount="87" insertCount="10000" extractCount="10000" duration="847493040"/>
			<Sample nodeCount="88" insertCount="10000" extractCount="10000" duration="852094460"/>
			<Sample nodeCount="89" insertCount="10000" extractCount="10000" duration="860163920"/>
			<Sample nodeCount="90" insertCount="10000" extractCount="10000" duration="864643520"/>
			<Sample nodeCount="91" insertCount="10000" extractCount="10000" duration="881642280"/>
			<Sample nodeCount="92" insertCount="10000" extractCount="10000" duration="886118740"/>
			<Sample nodeCount="93" insertCount="10000" extractCount="10000" duration="894964860"/>
			<Sample nodeCount="94" insertCount="10000" extractCount="10000" duration="899480180"/>
			<Sample nodeCount="95" insertCount="10000" extractCount="10000" duration="963331140"/>
			<Sample nodeCount="96" insertCount="10000" extractCount="10000" duration="967519140"/>
			<Sample nodeCount="97" insertCount="10000" extractCount="10000" duration="975639020"/>
			<Sample nodeCount="98" insertCount="10000" extractCount="10000" duration="979943740"/>
			<Sample nodeCount="99" insertCount="10000" extractCount="10000" duration="997019000"/>
			<Sample nodeCount="100" insertCount="10000" extractCount="10000" duration="1001322720"/>
			<Sample nodeCount="101" insertCount="10000" extractCount="10000" duration="1010165360"/>
			<Sample nodeCount="102" insertCount="10000" extractCount="10000" duration="1014505400"/>
			<Sample nodeCount="103" insertCount="10000" extractCount="10000" duration="1047556000"/>
			<Sample nodeCount="104" insertCount="10000" extractCount="10000" duration="1052072920"/>
			<Sample nodeCount="105" insertCount="10000" extractCount="10000" duration="1060052460"/>
			<Sample nodeCount="106" insertCount="10000" extractCount="10000" duration="1064442900"/>
			<Sample nodeCount="107" insertCount="10000" extractCount="10000" duration="1081531860"/>
			<Sample nodeCount="108" insertCount="10000" extractCount="10000" duration="1085922640"/>
			<Sample nodeCount="109" insertCount="10000" extractCount="10000" duration="1094852940"/>
			<Sample nodeCount="110" insertCount="10000" extractCount="10000" duration="1099282620"/>
			<Sample nodeCount="111" insertCount="10000" extractCount="10000" duration="1161139520"/>
			<Sample nodeCount="112" insertCount="10000" extractCount="10000" duration="1165658180"/>
			<Sample nodeCount="113" insertCount="10000" extractCount="10000" duration="1173637560"/>
			<Sample nodeCount="114" insertCount="10000" extractCount="10000" duration="1178028600"/>
			<Sample nodeCount="115" insertCount="10000" extractCount="10000" duration="1195191680"/>
			<Sample nodeCount="116" insertCount="10000" extractCount="10000" duration="1199586560"/>
			<Sample nodeCount="117" insertCount="10000" extractCount="10000" duration="1208514860"/>
			<Sample nodeCount="118" insertCount="10000" extractCount="10000" duration="1212942100"/>
			<Sample nodeCount="119" insertCount="10000" extractCount="10000" duration="1246254100"/>
			<Sample nodeCount="120" insertCount="10000" extractCount="10000" duration="1250859920"/>
			<Sample nodeCount="121" insertCount="10000" extractCount="10000" duration="1258755960"/>
			<Sample nodeCount="122" insertCount="10000" extractCount="10000" duration="1263230820"/>
			<Sample nodeCount="123" insertCount="10000" extractCount="10000" duration="1280407420"/>
			<Sample nodeCount="124" insertCount="10000" extractCount="10000" duration="1284886680"/>
			<Sample nodeCount="125" insertCount="10000" extractCount="10000" duration="1293903260"/>
			<Sample nodeCount="126" insertCount="10000" extractCount="10000" duration="1298423060"/>
			<Sample nodeCount="127" insertCount="10000" extractCount="10000" duration="1402174240"/>
		</SmallSetLinear>
		<LargeSetLinear>
		</LargeSetLinear>
	</RBTest>
	<RBTest implementation="Eternally Confuzzled" nodeSize="12">
		<SmallSetRandomOps>
			<Sample nodeCount="1" insertCount="62" extractCount="61" duration="16460"/>
			<Sample nodeCount="2" insertCount="123" extractCount="123" duration="37500"/>
			<Sample nodeCount="3" insertCount="185" extractCount="184" duration="61380"/>
			<Sample nodeCount="4" insertCount="247" extractCount="245" duration="88820"/>
			<Sample nodeCount="5" insertCount="309" extractCount="306" duration="120600"/>
			<Sample nodeCount="6" insertCount="371" extractCount="367" duration="150920"/>
			<Sample nodeCount="7" insertCount="432" extractCount="429" duration="183580"/>
			<Sample nodeCount="8" insertCount="494" extractCount="490" duration="217200"/>
			<Sample nodeCount="9" insertCount="554" extractCount="553" duration="251100"/>
			<Sample nodeCount="10" insertCount="619" extractCount="611" duration="283660"/>
			<Sample nodeCount="11" insertCount="680" extractCount="673" duration="320340"/>
			<Sample nodeCount="12" insertCount="741" extractCount="735" duration="362680"/>
			<Sample nodeCount="13" insertCount="803" extractCount="796" duration="389580"/>
			<Sample nodeCount="14" insertCount="866" extractCount="856" duration="438840"/>
			<Sample nodeCount="15" insertCount="927" extractCount="918" duration="472160"/>
			<Sample nodeCount="16" insertCount="987" extractCount="981" duration="510060"/>
			<Sample nodeCount="17" insertCount="1050" extractCount="1041" duration="558900"/>
			<Sample nodeCount="18" insertCount="1113" extractCount="1101" duration="589300"/>
			<Sample nodeCount="19" insertCount="1173" extractCount="1164" duration="636820"/>
			<Sample nodeCount="20" insertCount="1235" extractCount="1225" duration="679620"/>
			<Sample nodeCount="21" insertCount="1295" extractCount="1288" duration="714080"/>
			<Sample nodeCount="22" insertCount="1359" extractCount="1347" duration="757520"/>
			<Sample nodeCount="23" insertCount="1421" extractCount="1408" duration="797900"/>
			<Sample nodeCount="24" insertCount="1482" extractCount="1470" duration="844800"/>
			<Sample nodeCount="25" insertCount="1544" extractCount="1531" duration="886620"/>
			<Sample nodeCount="26" insertCount="1606" extractCount="1592" duration="925380"/>
			<Sample nodeCount="27" insertCount="1667" extractCount="1654" duration="963740"/>
			<Sample nodeCount="28" insertCount="1730" extractCount="1714" duration="1001300"/>
			<Sample nodeCount="29" insertCount="1790" extractCount="1777" duration="1047280"/>
			<Sample nodeCount="30" insertCount="1853" extractCount="1837" duration="1083820"/>
			<Sample nodeCount="31" insertCount="1915" extractCount="1898" duration="1123620"/>
			<Sample nodeCount="32" insertCount="1976" extractCount="1960" duration="1173180"/>
			<Sample nodeCount="33" insertCount="2035" extractCount="2024" duration="1212460"/>
			<Sample nodeCount="34" insertCount="2099" extractCount="2083" duration="1258720"/>
			<Sample nodeCount="35" insertCount="2163" extractCount="2142" duration="1301180"/>
			<Sample nodeCount="36" insertCount="2221" extractCount="2207" duration="1336140"/>
			<Sample nodeCount="37" insertCount="2285" extractCount="2266" duration="1385880"/>
			<Sample nodeCount="38" insertCount="2348" extractCount="2326" duration="1429700"/>
			<Sample nodeCount="39" insertCount="2407" extractCount="2390" duration="1474940"/>
			<Sample nodeCount="40" insertCount="2469" extractCount="2451" duration="1522240"/>
			<Sample nodeCount="41" insertCount="2531" extractCount="2512" duration="1564660"/>
			<Sample nodeCount="42" insertCount="2594" extractCount="2572" duration="1614160"/>
			<Sample nodeCount="43" insertCount="2655" extractCount="2634" duration="1655980"/>
			<Sample nodeCount="44" insertCount="2717" extractCount="2695" duration="1701760"/>
			<Sample nodeCount="45" insertCount="2778" extractCount="2757" duration="1745560"/>
			<Sample nodeCount="46" insertCount="2842" extractCount="2816" duration="1802520"/>
			<Sample nodeCount="47" insertCount="2903" extractCount="2878" duration="1833220"/>
			<Sample nodeCount="48" insertCount="2963" extractCount="2941" duration="1876300"/>
			<Sample nodeCount="49" insertCount="3027" extractCount="3000" duration="1934140"/>
			<Sample nodeCount="50" insertCount="3085" extractCount="3065" duration="1979060"/>
			<Sample nodeCount="51" insertCount="3148" extractCount="3125" duration="2031620"/>
			<Sample nodeCount="52" insertCount="3210" extractCount="3186" duration="2069980"/>
			<Sample nodeCount="53" insertCount="3270" extractCount="3249" duration="2127660"/>
			<Sample nodeCount="54" insertCount="3333" extractCount="3309" duration="2178020"/>
			<Sample nodeCount="55" insertCount="3394" extractCount="3371" duration="2222160"/>
			<Sample nodeCount="56" insertCount="3457" extractCount="3431" duration="2271720"/>
			<Sample nodeCount="57" insertCount="3521" extractCount="3490" duration="2324660"/>
			<Sample nodeCount="58" insertCount="3583" extractCount="3551" duration="2361040"/>
			<Sample nodeCount="59" insertCount="3645" extractCount="3612" duration="2410440"/>
			<Sample nodeCount="60" insertCount="3706" extractCount="3674" duration="2468680"/>
			<Sample nodeCount="61" insertCount="3768" extractCount="3735" duration="2525480"/>
			<Sample nodeCount="62" insertCount="3827" extractCount="3799" duration="2557960"/>
			<Sample nodeCount="63" insertCount="3893" extractCount="3856" duration="2604800"/>
			<Sample nodeCount="64" insertCount="3953" extractCount="3919" duration="2664000"/>
			<Sample nodeCount="65" insertCount="4013" extractCount="3982" duration="2718100"/>
			<Sample nodeCount="66" insertCount="4076" extractCount="4042" duration="2768220"/>
			<Sample nodeCount="67" insertCount="4138" extractCount="4103" duration="2813020"/>
			<Sample nodeCount="68" insertCount="4195" extractCount="4169" duration="2868700"/>
			<Sample nodeCount="69" insertCount="4261" extractCount="4226" duration="2909880"/>
			<Sample nodeCount="70" insertCount="4321" extractCount="4289" duration="2956300"/>
			<Sample nodeCount="71" insertCount="4387" extractCount="4346" duration="3021080"/>
			<Sample nodeCount="72" insertCount="4451" extractCount="4405" duration="3071400"/>
			<Sample nodeCount="73" insertCount="4507" extractCount="4472" duration="3105720"/>
			<Sample nodeCount="74" insertCount="4569" extractCount="4533" duration="3166240"/>
			<Sample nodeCount="75" insertCount="4633" extractCount="4592" duration="3213260"/>
			<Sample nodeCount="76" insertCount="4693" extractCount="4655" duration="3249160"/>
			<Sample nodeCount="77" insertCount="4754" extractCount="4717" duration="3289400"/>
			<Sample nodeCount="78" insertCount="4814" extractCount="4780" duration="3350380"/>
			<Sample nodeCount="79" insertCount="4878" extractCount="4839" duration="3389600"/>
			<Sample nodeCount="80" insertCount="4940" extractCount="4900" duration="3430180"/>
			<Sample nodeCount="81" insertCount="5003" extractCount="4960" duration="3480500"/>
			<Sample nodeCount="82" insertCount="5065" extractCount="5021" duration="3526420"/>
			<Sample nodeCount="83" insertCount="5126" extractCount="5083" duration="3568640"/>
			<Sample nodeCount="84" insertCount="5190" extractCount="5142" duration="3644900"/>
			<Sample nodeCount="85" insertCount="5246" extractCount="5209" duration="3668840"/>
			<Sample nodeCount="86" insertCount="5311" extractCount="5267" duration="3726960"/>
			<Sample nodeCount="87" insertCount="5372" extractCount="5329" duration="3774980"/>
			<Sample nodeCount="88" insertCount="5432" extractCount="5392" duration="3840540"/>
			<Sample nodeCount="89" insertCount="5494" extractCount="5453" duration="3874460"/>
			<Sample nodeCount="90" insertCount="5561" extractCount="5509" duration="3930000"/>
			<Sample nodeCount="91" insertCount="5619" extractCount="5574" duration="3972060"/>
			<Sample nodeCount="92" insertCount="5682" extractCount="5634" duration="4024620"/>
			<Sample nodeCount="93" insertCount="5743" extractCount="5696" duration="4076180"/>
			<Sample nodeCount="94" insertCount="5802" extractCount="5760" duration="4118560"/>
			<Sample nodeCount="95" insertCount="5865" extractCount="5820" duration="4152960"/>
			<Sample nodeCount="96" insertCount="5931" extractCount="5877" duration="4204760"/>
			<Sample nodeCount="97" insertCount="5988" extractCount="5943" duration="4269340"/>
			<Sample nodeCount="98" insertCount="6054" extractCount="6000" duration="4305080"/>
			<Sample nodeCount="99" insertCount="6113" extractCount="6064" duration="4368400"/>
			<Sample nodeCount="100" insertCount="6177" extractCount="6123" duration="4434800"/>
			<Sample nodeCount="101" insertCount="6235" extractCount="6188" duration="4467980"/>
			<Sample nodeCount="102" insertCount="6299" extractCount="6247" duration="4516580"/>
			<Sample nodeCount="103" insertCount="6360" extractCount="6309" duration="4569380"/>
			<Sample nodeCount="104" insertCount="6426" extractCount="6366" duration="4620300"/>
			<Sample nodeCount="105" insertCount="6484" extractCount="6431" duration="4679200"/>
			<Sample nodeCount="106" insertCount="6548" extractCount="6490" duration="4718160"/>
			<Sample nodeCount="107" insertCount="6610" extractCount="6551" duration="4786940"/>
			<Sample nodeCount="108" insertCount="6668" extractCount="6616" duration="4834780"/>
			<Sample nodeCount="109" insertCount="6732" extractCount="6675" duration="4869300"/>
			<Sample nodeCount="110" insertCount="6793" extractCount="6737" duration="4915880"/>
			<Sample nodeCount="111" insertCount="6853" extractCount="6800" duration="4996020"/>
			<Sample nodeCount="112" insertCount="6916" extractCount="6860" duration="5026380"/>
			<Sample nodeCount="113" insertCount="6976" extractCount="6923" duration="5074660"/>
			<Sample nodeCount="114" insertCount="7037" extractCount="6985" duration="5130420"/>
			<Sample nodeCount="115" insertCount="7102" extractCount="7043" duration="5199860"/>
			<Sample nodeCount="116" insertCount="7162" extractCount="7106" duration="5235700"/>
			<Sample nodeCount="117" insertCount="7223" extractCount="7168" duration="5301540"/>
			<Sample nodeCount="118" insertCount="7287" extractCount="7227" duration="5327580"/>
			<Sample nodeCount="119" insertCount="7350" extractCount="7287" duration="5398980"/>
			<Sample nodeCount="120" insertCount="7407" extractCount="7353" duration="5452480"/>
			<Sample nodeCount="121" insertCount="7472" extractCount="7411" duration="5489580"/>
			<Sample nodeCount="122" insertCount="7532" extractCount="7474" duration="5542980"/>
			<Sample nodeCount="123" insertCount="7596" extractCount="7533" duration="5617800"/>
			<Sample nodeCount="124" insertCount="7659" extractCount="7593" duration="5641100"/>
			<Sample nodeCount="125" insertCount="7721" extractCount="7654" duration="5704500"/>
			<Sample nodeCount="126" insertCount="7778" extractCount="7720" duration="5764160"/>
			<Sample nodeCount="127" insertCount="7839" extractCount="7782" duration="5810940"/>
		</SmallSetRandomOps>
		<LargeSetRandomOps>
		</LargeSetRandomOps>
		<SmallSetLinear>
			<Sample nodeCount="1" insertCount="10000" extractCount="10000" duration="1213640"/>
			<Sample nodeCount="2" insertCount="10000" extractCount="10000" duration="3540080"/>
			<Sample nodeCount="3" insertCount="10000" extractCount="10000" duration="6429840"/>
			<Sample nodeCount="4" insertCount="10000" extractCount="10000" duration="10757940"/>
			<Sample nodeCount="5" insertCount="10000" extractCount="10000" duration="15011640"/>
			<Sample nodeCount="6" insertCount="10000" extractCount="10000" duration="17422560"/>
			<Sample nodeCount="7" insertCount="10000" extractCount="10000" duration="20890420"/>
			<Sample nodeCount="8" insertCount="10000" extractCount="10000" duration="26132720"/>
			<Sample nodeCount="9" insertCount="10000" extractCount="10000" duration="32976020"/>
			<Sample nodeCount="10" insertCount="10000" extractCount="10000" duration="37132460"/>
			<Sample nodeCount="11" insertCount="10000" extractCount="10000" duration="40487060"/>
			<Sample nodeCount="12" insertCount="10000" extractCount="10000" duration="47293660"/>
			<Sample nodeCount="13" insertCount="10000" extractCount="10000" duration="45515280"/>
			<Sample nodeCount="14" insertCount="10000" extractCount="10000" duration="58071160"/>
			<Sample nodeCount="15" insertCount="10000" extractCount="10000" duration="59514660"/>
			<Sample nodeCount="16" insertCount="10000" extractCount="10000" duration="67940920"/>
			<Sample nodeCount="17" insertCount="10000" extractCount="10000" duration="73457900"/>
			<Sample nodeCount="18" insertCount="10000" extractCount="10000" duration="78203340"/>
			<Sample nodeCount="19" insertCount="10000" extractCount="10000" duration="85224340"/>
			<Sample nodeCount="20" insertCount="10000" extractCount="10000" duration="91415160"/>
			<Sample nodeCount="21" insertCount="10000" extractCount="10000" duration="96562900"/>
			<Sample nodeCount="22" insertCount="10000" extractCount="10000" duration="102234560"/>
			<Sample nodeCount="23" insertCount="10000" extractCount="10000" duration="106313540"/>
			<Sample nodeCount="24" insertCount="10000" extractCount="10000" duration="115237660"/>
			<Sample nodeCount="25" insertCount="10000" extractCount="10000" duration="117671160"/>
			<Sample nodeCount="26" insertCount="10000" extractCount="10000" duration="122593200"/>
			<Sample nodeCount="27" insertCount="10000" extractCount="10000" duration="128280220"/>
			<Sample nodeCount="28" insertCount="10000" extractCount="10000" duration="135826880"/>
			<Sample nodeCount="29" insertCount="10000" extractCount="10000" duration="143926700"/>
			<Sample nodeCount="30" insertCount="10000" extractCount="10000" duration="139683340"/>
			<Sample nodeCount="31" insertCount="10000" extractCount="10000" duration="145299460"/>
			<Sample nodeCount="32" insertCount="10000" extractCount="10000" duration="150999740"/>
			<Sample nodeCount="33" insertCount="10000" extractCount="10000" duration="155570480"/>
			<Sample nodeCount="34" insertCount="10000" extractCount="10000" duration="155492200"/>
			<Sample nodeCount="35" insertCount="10000" extractCount="10000" duration="165721500"/>
			<Sample nodeCount="36" insertCount="10000" extractCount="10000" duration="170573160"/>
			<Sample nodeCount="37" insertCount="10000" extractCount="10000" duration="175122640"/>
			<Sample nodeCount="38" insertCount="10000" extractCount="10000" duration="187192840"/>
			<Sample nodeCount="39" insertCount="10000" extractCount="10000" duration="195604300"/>
			<Sample nodeCount="40" insertCount="10000" extractCount="10000" duration="199472800"/>
			<Sample nodeCount="41" insertCount="10000" extractCount="10000" duration="200068780"/>
			<Sample nodeCount="42" insertCount="10000" extractCount="10000" duration="205070820"/>
			<Sample nodeCount="43" insertCount="10000" extractCount="10000" duration="208274500"/>
			<Sample nodeCount="44" insertCount="10000" extractCount="10000" duration="214845160"/>
			<Sample nodeCount="45" insertCount="10000" extractCount="10000" duration="219941180"/>
			<Sample nodeCount="46" insertCount="10000" extractCount="10000" duration="222613040"/>
			<Sample nodeCount="47" insertCount="10000" extractCount="10000" duration="239410760"/>
			<Sample nodeCount="48" insertCount="10000" extractCount="10000" duration="237986940"/>
			<Sample nodeCount="49" insertCount="10000" extractCount="10000" duration="240056060"/>
			<Sample nodeCount="50" insertCount="10000" extractCount="10000" duration="247342000"/>
			<Sample nodeCount="51" insertCount="10000" extractCount="10000" duration="258094440"/>
			<Sample nodeCount="52" insertCount="10000" extractCount="10000" duration="262686860"/>
			<Sample nodeCount="53" insertCount="10000" extractCount="10000" duration="262637160"/>
			<Sample nodeCount="54" insertCount="10000" extractCount="10000" duration="271676420"/>
			<Sample nodeCount="55" insertCount="10000" extractCount="10000" duration="280049720"/>
			<Sample nodeCount="56" insertCount="10000" extractCount="10000" duration="285105320"/>
			<Sample nodeCount="57" insertCount="10000" extractCount="10000" duration="287444000"/>
			<Sample nodeCount="58" insertCount="10000" extractCount="10000" duration="294748120"/>
			<Sample nodeCount="59" insertCount="10000" extractCount="10000" duration="303716100"/>
			<Sample nodeCount="60" insertCount="10000" extractCount="10000" duration="304993540"/>
			<Sample nodeCount="61" insertCount="10000" extractCount="10000" duration="313040980"/>
			<Sample nodeCount="62" insertCount="10000" extractCount="10000" duration="319745700"/>
			<Sample nodeCount="63" insertCount="10000" extractCount="10000" duration="324467100"/>
			<Sample nodeCount="64" insertCount="10000" extractCount="10000" duration="332232340"/>
			<Sample nodeCount="65" insertCount="10000" extractCount="10000" duration="336911500"/>
			<Sample nodeCount="66" insertCount="10000" extractCount="10000" duration="345149300"/>
			<Sample nodeCount="67" insertCount="10000" extractCount="10000" duration="346573780"/>
			<Sample nodeCount="68" insertCount="10000" extractCount="10000" duration="350965500"/>
			<Sample nodeCount="69" insertCount="10000" extractCount="10000" duration="354655320"/>
			<Sample nodeCount="70" insertCount="10000" extractCount="10000" duration="361860720"/>
			<Sample nodeCount="71" insertCount="10000" extractCount="10000" duration="375070620"/>
			<Sample nodeCount="72" insertCount="10000" extractCount="10000" duration="378668340"/>
			<Sample nodeCount="73" insertCount="10000" extractCount="10000" duration="382107520"/>
			<Sample nodeCount="74" insertCount="10000" extractCount="10000" duration="387844080"/>
			<Sample nodeCount="75" insertCount="10000" extractCount="10000" duration="393100720"/>
			<Sample nodeCount="76" insertCount="10000" extractCount="10000" duration="396890580"/>
			<Sample nodeCount="77" insertCount="10000" extractCount="10000" duration="406525300"/>
			<Sample nodeCount="78" insertCount="10000" extractCount="10000" duration="416027640"/>
			<Sample nodeCount="79" insertCount="10000" extractCount="10000" duration="420420920"/>
			<Sample nodeCount="80" insertCount="10000" extractCount="10000" duration="425417380"/>
			<Sample nodeCount="81" insertCount="10000" extractCount="10000" duration="430380360"/>
			<Sample nodeCount="82" insertCount="10000" extractCount="10000" duration="435252740"/>
			<Sample nodeCount="83" insertCount="10000" extractCount="10000" duration="443906400"/>
			<Sample nodeCount="84" insertCount="10000" extractCount="10000" duration="449953840"/>
			<Sample nodeCount="85" insertCount="10000" extractCount="10000" duration="451910080"/>
			<Sample nodeCount="86" insertCount="10000" extractCount="10000" duration="459423300"/>
			<Sample nodeCount="87" insertCount="10000" extractCount="10000" duration="471097500"/>
			<Sample nodeCount="88" insertCount="10000" extractCount="10000" duration="473970640"/>
			<Sample nodeCount="89" insertCount="10000" extractCount="10000" duration="484810220"/>
			<Sample nodeCount="90" insertCount="10000" extractCount="10000" duration="486974440"/>
			<Sample nodeCount="91" insertCount="10000" extractCount="10000" duration="491471080"/>
			<Sample nodeCount="92" insertCount="10000" extractCount="10000" duration="499591720"/>
			<Sample nodeCount="93" insertCount="10000" extractCount="10000" duration="508845300"/>
			<Sample nodeCount="94" insertCount="10000" extractCount="10000" duration="508887240"/>
			<Sample nodeCount="95" insertCount="10000" extractCount="10000" duration="523345920"/>
			<Sample nodeCount="96" insertCount="10000" extractCount="10000" duration="526512780"/>
			<Sample nodeCount="97" insertCount="10000" extractCount="10000" duration="531435700"/>
			<Sample nodeCount="98" insertCount="10000" extractCount="10000" duration="536128280"/>
			<Sample nodeCount="99" insertCount="10000" extractCount="10000" duration="541136760"/>
			<Sample nodeCount="100" insertCount="10000" extractCount="10000" duration="554685480"/>
			<Sample nodeCount="101" insertCount="10000" extractCount="10000" duration="554842860"/>
			<Sample nodeCount="102" insertCount="10000" extractCount="10000" duration="565967740"/>
			<Sample nodeCount="103" insertCount="10000" extractCount="10000" duration="570810220"/>
			<Sample nodeCount="104" insertCount="10000" extractCount="10000" duration="575996560"/>
			<Sample nodeCount="105" insertCount="10000" extractCount="10000" duration="583925460"/>
			<Sample nodeCount="106" insertCount="10000" extractCount="10000" duration="591368300"/>
			<Sample nodeCount="107" insertCount="10000" extractCount="10000" duration="596343100"/>
			<Sample nodeCount="108" insertCount="10000" extractCount="10000" duration="604720460"/>
			<Sample nodeCount="109" insertCount="10000" extractCount="10000" duration="606990040"/>
			<Sample nodeCount="110" insertCount="10000" extractCount="10000" duration="620403120"/>
			<Sample nodeCount="111" insertCount="10000" extractCount="10000" duration="617012500"/>
			<Sample nodeCount="112" insertCount="10000" extractCount="10000" duration="626144280"/>
			<Sample nodeCount="113" insertCount="10000" extractCount="10000" duration="629371980"/>
			<Sample nodeCount="114" insertCount="10000" extractCount="10000" duration="638935360"/>
			<Sample nodeCount="115" insertCount="10000" extractCount="10000" duration="648465320"/>
			<Sample nodeCount="116" insertCount="10000" extractCount="10000" duration="656524160"/>
			<Sample nodeCount="117" insertCount="10000" extractCount="10000" duration="662112860"/>
			<Sample nodeCount="118" insertCount="10000" extractCount="10000" duration="672548680"/>
			<Sample nodeCount="119" insertCount="10000" extractCount="10000" duration="670615300"/>
			<Sample nodeCount="120" insertCount="10000" extractCount="10000" duration="684245300"/>
			<Sample nodeCount="121" insertCount="10000" extractCount="10000" duration="682688360"/>
			<Sample nodeCount="122" insertCount="10000" extractCount="10000" duration="692008180"/>
			<Sample nodeCount="123" insertCount="10000" extractCount="10000" duration="710983020"/>
			<Sample nodeCount="124" insertCount="10000" extractCount="10000" duration="707688420"/>
			<Sample nodeCount="125" insertCount="10000" extractCount="10000" duration="713765080"/>
			<Sample nodeCount="126" insertCount="10000" extractCount="10000" duration="717928400"/>
			<Sample nodeCount="127" insertCount="10000" extractCount="10000" duration="729295820"/>
		</SmallSetLinear>
		<LargeSetLinear>
		</LargeSetLinear>
	</RBTest>
	<RBTest implementation="RTEMS Compact" nodeSize="12">
		<SmallSetRandomOps>
			<Sample nodeCount="1" insertCount="62" extractCount="61" duration="21280"/>
			<Sample nodeCount="2" insertCount="123" extractCount="123" duration="44200"/>
			<Sample nodeCount="3" insertCount="186" extractCount="183" duration="74360"/>
			<Sample nodeCount="4" insertCount="247" extractCount="245" duration="101720"/>
			<Sample nodeCount="5" insertCount="309" extractCount="306" duration="134520"/>
			<Sample nodeCount="6" insertCount="370" extractCount="368" duration="165280"/>
			<Sample nodeCount="7" insertCount="433" extractCount="428" duration="197500"/>
			<Sample nodeCount="8" insertCount="493" extractCount="491" duration="228500"/>
			<Sample nodeCount="9" insertCount="557" extractCount="550" duration="259640"/>
			<Sample nodeCount="10" insertCount="619" extractCount="611" duration="287820"/>
			<Sample nodeCount="11" insertCount="680" extractCount="673" duration="319020"/>
			<Sample nodeCount="12" insertCount="740" extractCount="736" duration="343520"/>
			<Sample nodeCount="13" insertCount="803" extractCount="796" duration="381020"/>
			<Sample nodeCount="14" insertCount="864" extractCount="858" duration="411480"/>
			<Sample nodeCount="15" insertCount="927" extractCount="918" duration="441320"/>
			<Sample nodeCount="16" insertCount="988" extractCount="980" duration="472900"/>
			<Sample nodeCount="17" insertCount="1050" extractCount="1041" duration="511980"/>
			<Sample nodeCount="18" insertCount="1113" extractCount="1101" duration="539020"/>
			<Sample nodeCount="19" insertCount="1172" extractCount="1165" duration="578760"/>
			<Sample nodeCount="20" insertCount="1237" extractCount="1223" duration="608700"/>
			<Sample nodeCount="21" insertCount="1296" extractCount="1287" duration="640880"/>
			<Sample nodeCount="22" insertCount="1359" extractCount="1347" duration="664480"/>
			<Sample nodeCount="23" insertCount="1419" extractCount="1410" duration="694920"/>
			<Sample nodeCount="24" insertCount="1484" extractCount="1468" duration="732860"/>
			<Sample nodeCount="25" insertCount="1544" extractCount="1531" duration="760360"/>
			<Sample nodeCount="26" insertCount="1604" extractCount="1594" duration="787980"/>
			<Sample nodeCount="27" insertCount="1668" extractCount="1653" duration="826180"/>
			<Sample nodeCount="28" insertCount="1729" extractCount="1715" duration="863600"/>
			<Sample nodeCount="29" insertCount="1790" extractCount="1777" duration="895020"/>
			<Sample nodeCount="30" insertCount="1851" extractCount="1839" duration="912300"/>
			<Sample nodeCount="31" insertCount="1914" extractCount="1899" duration="962420"/>
			<Sample nodeCount="32" insertCount="1977" extractCount="1959" duration="992580"/>
			<Sample nodeCount="33" insertCount="2041" extractCount="2018" duration="1018460"/>
			<Sample nodeCount="34" insertCount="2097" extractCount="2085" duration="1043880"/>
			<Sample nodeCount="35" insertCount="2160" extractCount="2145" duration="1085560"/>
			<Sample nodeCount="36" insertCount="2221" extractCount="2207" duration="1119840"/>
			<Sample nodeCount="37" insertCount="2285" extractCount="2266" duration="1156040"/>
			<Sample nodeCount="38" insertCount="2346" extractCount="2328" duration="1181640"/>
			<Sample nodeCount="39" insertCount="2408" extractCount="2389" duration="1208280"/>
			<Sample nodeCount="40" insertCount="2471" extractCount="2449" duration="1253060"/>
			<Sample nodeCount="41" insertCount="2531" extractCount="2512" duration="1273340"/>
			<Sample nodeCount="42" insertCount="2593" extractCount="2573" duration="1311940"/>
			<Sample nodeCount="43" insertCount="2656" extractCount="2633" duration="1351620"/>
			<Sample nodeCount="44" insertCount="2717" extractCount="2695" duration="1379640"/>
			<Sample nodeCount="45" insertCount="2776" extractCount="2759" duration="1404440"/>
			<Sample nodeCount="46" insertCount="2840" extractCount="2818" duration="1431900"/>
			<Sample nodeCount="47" insertCount="2902" extractCount="2879" duration="1494340"/>
			<Sample nodeCount="48" insertCount="2966" extractCount="2938" duration="1503900"/>
			<Sample nodeCount="49" insertCount="3026" extractCount="3001" duration="1552200"/>
			<Sample nodeCount="50" insertCount="3084" extractCount="3066" duration="1585380"/>
			<Sample nodeCount="51" insertCount="3151" extractCount="3122" duration="1612400"/>
			<Sample nodeCount="52" insertCount="3209" extractCount="3187" duration="1653940"/>
			<Sample nodeCount="53" insertCount="3273" extractCount="3246" duration="1691700"/>
			<Sample nodeCount="54" insertCount="3337" extractCount="3305" duration="1723080"/>
			<Sample nodeCount="55" insertCount="3400" extractCount="3365" duration="1754320"/>
			<Sample nodeCount="56" insertCount="3458" extractCount="3430" duration="1784900"/>
			<Sample nodeCount="57" insertCount="3521" extractCount="3490" duration="1826420"/>
			<Sample nodeCount="58" insertCount="3580" extractCount="3554" duration="1840620"/>
			<Sample nodeCount="59" insertCount="3647" extractCount="3610" duration="1877960"/>
			<Sample nodeCount="60" insertCount="3706" extractCount="3674" duration="1898500"/>
			<Sample nodeCount="61" insertCount="3766" extractCount="3737" duration="1941440"/>
			<Sample nodeCount="62" insertCount="3828" extractCount="3798" duration="1968300"/>
			<Sample nodeCount="63" insertCount="3888" extractCount="3861" duration="2002900"/>
			<Sample nodeCount="64" insertCount="3952" extractCount="3920" duration="2046060"/>
			<Sample nodeCount="65" insertCount="4014" extractCount="3981" duration="2083800"/>
			<Sample nodeCount="66" insertCount="4077" extractCount="4041" duration="2118380"/>
			<Sample nodeCount="67" insertCount="4136" extractCount="4105" duration="2139060"/>
			<Sample nodeCount="68" insertCount="4200" extractCount="4164" duration="2172640"/>
			<Sample nodeCount="69" insertCount="4263" extractCount="4224" duration="2217540"/>
			<Sample nodeCount="70" insertCount="4325" extractCount="4285" duration="2238960"/>
			<Sample nodeCount="71" insertCount="4381" extractCount="4352" duration="2288200"/>
			<Sample nodeCount="72" insertCount="4448" extractCount="4408" duration="2315500"/>
			<Sample nodeCount="73" insertCount="4507" extractCount="4472" duration="2356460"/>
			<Sample nodeCount="74" insertCount="4571" extractCount="4531" duration="2370440"/>
			<Sample nodeCount="75" insertCount="4631" extractCount="4594" duration="2411120"/>
			<Sample nodeCount="76" insertCount="4693" extractCount="4655" duration="2441540"/>
			<Sample nodeCount="77" insertCount="4755" extractCount="4716" duration="2481340"/>
			<Sample nodeCount="78" insertCount="4817" extractCount="4777" duration="2523620"/>
			<Sample nodeCount="79" insertCount="4877" extractCount="4840" duration="2550800"/>
			<Sample nodeCount="80" insertCount="4942" extractCount="4898" duration="2587780"/>
			<Sample nodeCount="81" insertCount="5002" extractCount="4961" duration="2607220"/>
			<Sample nodeCount="82" insertCount="5063" extractCount="5023" duration="2645300"/>
			<Sample nodeCount="83" insertCount="5124" extractCount="5085" duration="2692440"/>
			<Sample nodeCount="84" insertCount="5187" extractCount="5145" duration="2732560"/>
			<Sample nodeCount="85" insertCount="5250" extractCount="5205" duration="2753160"/>
			<Sample nodeCount="86" insertCount="5314" extractCount="5264" duration="2797940"/>
			<Sample nodeCount="87" insertCount="5374" extractCount="5327" duration="2842640"/>
			<Sample nodeCount="88" insertCount="5432" extractCount="5392" duration="2851500"/>
			<Sample nodeCount="89" insertCount="5490" extractCount="5457" duration="2898100"/>
			<Sample nodeCount="90" insertCount="5559" extractCount="5511" duration="2917400"/>
			<Sample nodeCount="91" insertCount="5621" extractCount="5572" duration="2948540"/>
			<Sample nodeCount="92" insertCount="5680" extractCount="5636" duration="2997080"/>
			<Sample nodeCount="93" insertCount="5740" extractCount="5699" duration="3031740"/>
			<Sample nodeCount="94" insertCount="5803" extractCount="5759" duration="3052820"/>
			<Sample nodeCount="95" insertCount="5862" extractCount="5823" duration="3098380"/>
			<Sample nodeCount="96" insertCount="5929" extractCount="5879" duration="3137300"/>
			<Sample nodeCount="97" insertCount="5993" extractCount="5938" duration="3185080"/>
			<Sample nodeCount="98" insertCount="6055" extractCount="5999" duration="3199520"/>
			<Sample nodeCount="99" insertCount="6113" extractCount="6064" duration="3256360"/>
			<Sample nodeCount="100" insertCount="6172" extractCount="6128" duration="3263920"/>
			<Sample nodeCount="101" insertCount="6238" extractCount="6185" duration="3311300"/>
			<Sample nodeCount="102" insertCount="6299" extractCount="6247" duration="3330920"/>
			<Sample nodeCount="103" insertCount="6363" extractCount="6306" duration="3378860"/>
			<Sample nodeCount="104" insertCount="6426" extractCount="6366" duration="3412860"/>
			<Sample nodeCount="105" insertCount="6481" extractCount="6434" duration="3447340"/>
			<Sample nodeCount="106" insertCount="6544" extractCount="6494" duration="3477140"/>
			<Sample nodeCount="107" insertCount="6607" extractCount="6554" duration="3505940"/>
			<Sample nodeCount="108" insertCount="6669" extractCount="6615" duration="3534440"/>
			<Sample nodeCount="109" insertCount="6732" extractCount="6675" duration="3576480"/>
			<Sample nodeCount="110" insertCount="6794" extractCount="6736" duration="3605500"/>
			<Sample nodeCount="111" insertCount="6852" extractCount="6801" duration="3649260"/>
			<Sample nodeCount="112" insertCount="6918" extractCount="6858" duration="3685580"/>
			<Sample nodeCount="113" insertCount="6981" extractCount="6918" duration="3723100"/>
			<Sample nodeCount="114" insertCount="7041" extractCount="6981" duration="3754540"/>
			<Sample nodeCount="115" insertCount="7103" extractCount="7042" duration="3794840"/>
			<Sample nodeCount="116" insertCount="7164" extractCount="7104" duration="3834980"/>
			<Sample nodeCount="117" insertCount="7225" extractCount="7166" duration="3875280"/>
			<Sample nodeCount="118" insertCount="7291" extractCount="7223" duration="3891420"/>
			<Sample nodeCount="119" insertCount="7350" extractCount="7287" duration="3941400"/>
			<Sample nodeCount="120" insertCount="7410" extractCount="7350" duration="3965340"/>
			<Sample nodeCount="121" insertCount="7471" extractCount="7412" duration="4009120"/>
			<Sample nodeCount="122" insertCount="7537" extractCount="7469" duration="4020540"/>
			<Sample nodeCount="123" insertCount="7593" extractCount="7536" duration="4070520"/>
			<Sample nodeCount="124" insertCount="7658" extractCount="7594" duration="4082820"/>
			<Sample nodeCount="125" insertCount="7718" extractCount="7657" duration="4128140"/>
			<Sample nodeCount="126" insertCount="7781" extractCount="7717" duration="4151560"/>
			<Sample nodeCount="127" insertCount="7840" extractCount="7781" duration="4203320"/>
		</SmallSetRandomOps>
		<LargeSetRandomOps>
		</LargeSetRandomOps>
		<SmallSetLinear>
			<Sample nodeCount="1" insertCount="10000" extractCount="10000" duration="1826980"/>
			<Sample nodeCount="2" insertCount="10000" extractCount="10000" duration="4253400"/>
			<Sample nodeCount="3" insertCount="10000" extractCount="10000" duration="7981560"/>
			<Sample nodeCount="4" insertCount="10000" extractCount="10000" duration="11922200"/>
			<Sample nodeCount="5" insertCount="10000" extractCount="10000" duration="15565960"/>
			<Sample nodeCount="6" insertCount="10000" extractCount="10000" duration="19677840"/>
			<Sample nodeCount="7" insertCount="10000" extractCount="10000" duration="23305600"/>
			<Sample nodeCount="8" insertCount="10000" extractCount="10000" duration="27484540"/>
			<Sample nodeCount="9" insertCount="10000" extractCount="10000" duration="31287540"/>
			<Sample nodeCount="10" insertCount="10000" extractCount="10000" duration="36629140"/>
			<Sample nodeCount="11" insertCount="10000" extractCount="10000" duration="40559000"/>
			<Sample nodeCount="12" insertCount="10000" extractCount="10000" duration="45647780"/>
			<Sample nodeCount="13" insertCount="10000" extractCount="10000" duration="49589080"/>
			<Sample nodeCount="14" insertCount="10000" extractCount="10000" duration="54817920"/>
			<Sample nodeCount="15" insertCount="10000" extractCount="10000" duration="58946180"/>
			<Sample nodeCount="16" insertCount="10000" extractCount="10000" duration="64488280"/>
			<Sample nodeCount="17" insertCount="10000" extractCount="10000" duration="68615640"/>
			<Sample nodeCount="18" insertCount="10000" extractCount="10000" duration="74182740"/>
			<Sample nodeCount="19" insertCount="10000" extractCount="10000" duration="78310860"/>
			<Sample nodeCount="20" insertCount="10000" extractCount="10000" duration="83814720"/>
			<Sample nodeCount="21" insertCount="10000" extractCount="10000" duration="87943600"/>
			<Sample nodeCount="22" insertCount="10000" extractCount="10000" duration="94060800"/>
			<Sample nodeCount="23" insertCount="10000" extractCount="10000" duration="98377400"/>
			<Sample nodeCount="24" insertCount="10000" extractCount="10000" duration="104043660"/>
			<Sample nodeCount="25" insertCount="10000" extractCount="10000" duration="108359160"/>
			<Sample nodeCount="26" insertCount="10000" extractCount="10000" duration="114670900"/>
			<Sample nodeCount="27" insertCount="10000" extractCount="10000" duration="118917440"/>
			<Sample nodeCount="28" insertCount="10000" extractCount="10000" duration="124709940"/>
			<Sample nodeCount="29" insertCount="10000" extractCount="10000" duration="129025540"/>
			<Sample nodeCount="30" insertCount="10000" extractCount="10000" duration="135568440"/>
			<Sample nodeCount="31" insertCount="10000" extractCount="10000" duration="140071620"/>
			<Sample nodeCount="32" insertCount="10000" extractCount="10000" duration="145901080"/>
			<Sample nodeCount="33" insertCount="10000" extractCount="10000" duration="150405020"/>
			<Sample nodeCount="34" insertCount="10000" extractCount="10000" duration="156972300"/>
			<Sample nodeCount="35" insertCount="10000" extractCount="10000" duration="161475440"/>
			<Sample nodeCount="36" insertCount="10000" extractCount="10000" duration="167455880"/>
			<Sample nodeCount="37" insertCount="10000" extractCount="10000" duration="171958980"/>
			<Sample nodeCount="38" insertCount="10000" extractCount="10000" duration="178313640"/>
			<Sample nodeCount="39" insertCount="10000" extractCount="10000" duration="182817800"/>
			<Sample nodeCount="40" insertCount="10000" extractCount="10000" duration="188721420"/>
			<Sample nodeCount="41" insertCount="10000" extractCount="10000" duration="193225300"/>
			<Sample nodeCount="42" insertCount="10000" extractCount="10000" duration="199630800"/>
			<Sample nodeCount="43" insertCount="10000" extractCount="10000" duration="204134800"/>
			<Sample nodeCount="44" insertCount="10000" extractCount="10000" duration="210113880"/>
			<Sample nodeCount="45" insertCount="10000" extractCount="10000" duration="214617260"/>
			<Sample nodeCount="46" insertCount="10000" extractCount="10000" duration="221673100"/>
			<Sample nodeCount="47" insertCount="10000" extractCount="10000" duration="226363840"/>
			<Sample nodeCount="48" insertCount="10000" extractCount="10000" duration="232405840"/>
			<Sample nodeCount="49" insertCount="10000" extractCount="10000" duration="237097620"/>
			<Sample nodeCount="50" insertCount="10000" extractCount="10000" duration="243839980"/>
			<Sample nodeCount="51" insertCount="10000" extractCount="10000" duration="248531740"/>
			<Sample nodeCount="52" insertCount="10000" extractCount="10000" duration="254698340"/>
			<Sample nodeCount="53" insertCount="10000" extractCount="10000" duration="259390000"/>
			<Sample nodeCount="54" insertCount="10000" extractCount="10000" duration="266882980"/>
			<Sample nodeCount="55" insertCount="10000" extractCount="10000" duration="271573900"/>
			<Sample nodeCount="56" insertCount="10000" extractCount="10000" duration="277666680"/>
			<Sample nodeCount="57" insertCount="10000" extractCount="10000" duration="282357060"/>
			<Sample nodeCount="58" insertCount="10000" extractCount="10000" duration="289099740"/>
			<Sample nodeCount="59" insertCount="10000" extractCount="10000" duration="293792300"/>
			<Sample nodeCount="60" insertCount="10000" extractCount="10000" duration="299959160"/>
			<Sample nodeCount="61" insertCount="10000" extractCount="10000" duration="304649180"/>
			<Sample nodeCount="62" insertCount="10000" extractCount="10000" duration="312005500"/>
			<Sample nodeCount="63" insertCount="10000" extractCount="10000" duration="316884860"/>
			<Sample nodeCount="64" insertCount="10000" extractCount="10000" duration="323089720"/>
			<Sample nodeCount="65" insertCount="10000" extractCount="10000" duration="327968560"/>
			<Sample nodeCount="66" insertCount="10000" extractCount="10000" duration="334748620"/>
			<Sample nodeCount="67" insertCount="10000" extractCount="10000" duration="339627440"/>
			<Sample nodeCount="68" insertCount="10000" extractCount="10000" duration="345982080"/>
			<Sample nodeCount="69" insertCount="10000" extractCount="10000" duration="350861760"/>
			<Sample nodeCount="70" insertCount="10000" extractCount="10000" duration="358692380"/>
			<Sample nodeCount="71" insertCount="10000" extractCount="10000" duration="363570180"/>
			<Sample nodeCount="72" insertCount="10000" extractCount="10000" duration="369850600"/>
			<Sample nodeCount="73" insertCount="10000" extractCount="10000" duration="374729940"/>
			<Sample nodeCount="74" insertCount="10000" extractCount="10000" duration="381509720"/>
			<Sample nodeCount="75" insertCount="10000" extractCount="10000" duration="386387900"/>
			<Sample nodeCount="76" insertCount="10000" extractCount="10000" duration="392744080"/>
			<Sample nodeCount="77" insertCount="10000" extractCount="10000" duration="397621260"/>
			<Sample nodeCount="78" insertCount="10000" extractCount="10000" duration="404878160"/>
			<Sample nodeCount="79" insertCount="10000" extractCount="10000" duration="409755700"/>
			<Sample nodeCount="80" insertCount="10000" extractCount="10000" duration="416037720"/>
			<Sample nodeCount="81" insertCount="10000" extractCount="10000" duration="420916260"/>
			<Sample nodeCount="82" insertCount="10000" extractCount="10000" duration="427846000"/>
			<Sample nodeCount="83" insertCount="10000" extractCount="10000" duration="432724960"/>
			<Sample nodeCount="84" insertCount="10000" extractCount="10000" duration="439080820"/>
			<Sample nodeCount="85" insertCount="10000" extractCount="10000" duration="443958320"/>
			<Sample nodeCount="86" insertCount="10000" extractCount="10000" duration="451640460"/>
			<Sample nodeCount="87" insertCount="10000" extractCount="10000" duration="456517880"/>
			<Sample nodeCount="88" insertCount="10000" extractCount="10000" duration="462797860"/>
			<Sample nodeCount="89" insertCount="10000" extractCount="10000" duration="467676120"/>
			<Sample nodeCount="90" insertCount="10000" extractCount="10000" duration="474607680"/>
			<Sample nodeCount="91" insertCount="10000" extractCount="10000" duration="479486360"/>
			<Sample nodeCount="92" insertCount="10000" extractCount="10000" duration="485840960"/>
			<Sample nodeCount="93" insertCount="10000" extractCount="10000" duration="490719760"/>
			<Sample nodeCount="94" insertCount="10000" extractCount="10000" duration="498664340"/>
			<Sample nodeCount="95" insertCount="10000" extractCount="10000" duration="503729880"/>
			<Sample nodeCount="96" insertCount="10000" extractCount="10000" duration="510148720"/>
			<Sample nodeCount="97" insertCount="10000" extractCount="10000" duration="515215080"/>
			<Sample nodeCount="98" insertCount="10000" extractCount="10000" duration="522333760"/>
			<Sample nodeCount="99" insertCount="10000" extractCount="10000" duration="527397820"/>
			<Sample nodeCount="100" insertCount="10000" extractCount="10000" duration="533941160"/>
			<Sample nodeCount="101" insertCount="10000" extractCount="10000" duration="539007480"/>
			<Sample nodeCount="102" insertCount="10000" extractCount="10000" duration="546875340"/>
			<Sample nodeCount="103" insertCount="10000" extractCount="10000" duration="551943500"/>
			<Sample nodeCount="104" insertCount="10000" extractCount="10000" duration="558409940"/>
			<Sample nodeCount="105" insertCount="10000" extractCount="10000" duration="563476960"/>
			<Sample nodeCount="106" insertCount="10000" extractCount="10000" duration="570594520"/>
			<Sample nodeCount="107" insertCount="10000" extractCount="10000" duration="575661540"/>
			<Sample nodeCount="108" insertCount="10000" extractCount="10000" duration="582204560"/>
			<Sample nodeCount="109" insertCount="10000" extractCount="10000" duration="587271060"/>
			<Sample nodeCount="110" insertCount="10000" extractCount="10000" duration="595475940"/>
			<Sample nodeCount="111" insertCount="10000" extractCount="10000" duration="600543220"/>
			<Sample nodeCount="112" insertCount="10000" extractCount="10000" duration="607012280"/>
			<Sample nodeCount="113" insertCount="10000" extractCount="10000" duration="612078160"/>
			<Sample nodeCount="114" insertCount="10000" extractCount="10000" duration="619195020"/>
			<Sample nodeCount="115" insertCount="10000" extractCount="10000" duration="624261560"/>
			<Sample nodeCount="116" insertCount="10000" extractCount="10000" duration="630805880"/>
			<Sample nodeCount="117" insertCount="10000" extractCount="10000" duration="635871580"/>
			<Sample nodeCount="118" insertCount="10000" extractCount="10000" duration="643739480"/>
			<Sample nodeCount="119" insertCount="10000" extractCount="10000" duration="648805920"/>
			<Sample nodeCount="120" insertCount="10000" extractCount="10000" duration="655272260"/>
			<Sample nodeCount="121" insertCount="10000" extractCount="10000" duration="660339420"/>
			<Sample nodeCount="122" insertCount="10000" extractCount="10000" duration="667458600"/>
			<Sample nodeCount="123" insertCount="10000" extractCount="10000" duration="672525060"/>
			<Sample nodeCount="124" insertCount="10000" extractCount="10000" duration="679067200"/>
			<Sample nodeCount="125" insertCount="10000" extractCount="10000" duration="684134860"/>
			<Sample nodeCount="126" insertCount="10000" extractCount="10000" duration="692340220"/>
			<Sample nodeCount="127" insertCount="10000" extractCount="10000" duration="697595780"/>
		</SmallSetLinear>
		<LargeSetLinear>
		</LargeSetLinear>
	</RBTest>
	<RBTest implementation="RB New Compact" nodeSize="8">
		<SmallSetRandomOps>
			<Sample nodeCount="1" insertCount="62" extractCount="61" duration="13100"/>
			<Sample nodeCount="2" insertCount="123" extractCount="123" duration="31720"/>
			<Sample nodeCount="3" insertCount="186" extractCount="183" duration="51600"/>
			<Sample nodeCount="4" insertCount="247" extractCount="245" duration="79040"/>
			<Sample nodeCount="5" insertCount="309" extractCount="306" duration="113760"/>
			<Sample nodeCount="6" insertCount="370" extractCount="368" duration="144040"/>
			<Sample nodeCount="7" insertCount="433" extractCount="428" duration="179100"/>
			<Sample nodeCount="8" insertCount="493" extractCount="491" duration="210380"/>
			<Sample nodeCount="9" insertCount="557" extractCount="550" duration="246720"/>
			<Sample nodeCount="10" insertCount="619" extractCount="611" duration="278820"/>
			<Sample nodeCount="11" insertCount="680" extractCount="673" duration="319600"/>
			<Sample nodeCount="12" insertCount="740" extractCount="736" duration="365940"/>
			<Sample nodeCount="13" insertCount="803" extractCount="796" duration="408580"/>
			<Sample nodeCount="14" insertCount="864" extractCount="858" duration="457720"/>
			<Sample nodeCount="15" insertCount="927" extractCount="918" duration="482220"/>
			<Sample nodeCount="16" insertCount="988" extractCount="980" duration="539260"/>
			<Sample nodeCount="17" insertCount="1050" extractCount="1041" duration="584900"/>
			<Sample nodeCount="18" insertCount="1113" extractCount="1101" duration="638000"/>
			<Sample nodeCount="19" insertCount="1172" extractCount="1165" duration="686760"/>
			<Sample nodeCount="20" insertCount="1237" extractCount="1223" duration="728980"/>
			<Sample nodeCount="21" insertCount="1296" extractCount="1287" duration="774520"/>
			<Sample nodeCount="22" insertCount="1359" extractCount="1347" duration="811600"/>
			<Sample nodeCount="23" insertCount="1419" extractCount="1410" duration="854380"/>
			<Sample nodeCount="24" insertCount="1484" extractCount="1468" duration="900300"/>
			<Sample nodeCount="25" insertCount="1544" extractCount="1531" duration="940880"/>
			<Sample nodeCount="26" insertCount="1604" extractCount="1594" duration="987300"/>
			<Sample nodeCount="27" insertCount="1668" extractCount="1653" duration="1037520"/>
			<Sample nodeCount="28" insertCount="1729" extractCount="1715" duration="1078980"/>
			<Sample nodeCount="29" insertCount="1790" extractCount="1777" duration="1126300"/>
			<Sample nodeCount="30" insertCount="1851" extractCount="1839" duration="1170020"/>
			<Sample nodeCount="31" insertCount="1914" extractCount="1899" duration="1228100"/>
			<Sample nodeCount="32" insertCount="1977" extractCount="1959" duration="1274940"/>
			<Sample nodeCount="33" insertCount="2041" extractCount="2018" duration="1325040"/>
			<Sample nodeCount="34" insertCount="2097" extractCount="2085" duration="1378260"/>
			<Sample nodeCount="35" insertCount="2160" extractCount="2145" duration="1438480"/>
			<Sample nodeCount="36" insertCount="2221" extractCount="2207" duration="1487160"/>
			<Sample nodeCount="37" insertCount="2285" extractCount="2266" duration="1530240"/>
			<Sample nodeCount="38" insertCount="2346" extractCount="2328" duration="1592320"/>
			<Sample nodeCount="39" insertCount="2408" extractCount="2389" duration="1649200"/>
			<Sample nodeCount="40" insertCount="2471" extractCount="2449" duration="1708820"/>
			<Sample nodeCount="41" insertCount="2531" extractCount="2512" duration="1744480"/>
			<Sample nodeCount="42" insertCount="2593" extractCount="2573" duration="1787080"/>
			<Sample nodeCount="43" insertCount="2656" extractCount="2633" duration="1874660"/>
			<Sample nodeCount="44" insertCount="2717" extractCount="2695" duration="1930600"/>
			<Sample nodeCount="45" insertCount="2776" extractCount="2759" duration="1963880"/>
			<Sample nodeCount="46" insertCount="2840" extractCount="2818" duration="2031240"/>
			<Sample nodeCount="47" insertCount="2902" extractCount="2879" duration="2086940"/>
			<Sample nodeCount="48" insertCount="2966" extractCount="2938" duration="2147940"/>
			<Sample nodeCount="49" insertCount="3026" extractCount="3001" duration="2225560"/>
			<Sample nodeCount="50" insertCount="3084" extractCount="3066" duration="2284540"/>
			<Sample nodeCount="51" insertCount="3151" extractCount="3122" duration="2325100"/>
			<Sample nodeCount="52" insertCount="3209" extractCount="3187" duration="2383880"/>
			<Sample nodeCount="53" insertCount="3273" extractCount="3246" duration="2446740"/>
			<Sample nodeCount="54" insertCount="3337" extractCount="3305" duration="2499260"/>
			<Sample nodeCount="55" insertCount="3400" extractCount="3365" duration="2567360"/>
			<Sample nodeCount="56" insertCount="3458" extractCount="3430" duration="2621360"/>
			<Sample nodeCount="57" insertCount="3521" extractCount="3490" duration="2665800"/>
			<Sample nodeCount="58" insertCount="3580" extractCount="3554" duration="2731860"/>
			<Sample nodeCount="59" insertCount="3647" extractCount="3610" duration="2813040"/>
			<Sample nodeCount="60" insertCount="3706" extractCount="3674" duration="2841940"/>
			<Sample nodeCount="61" insertCount="3766" extractCount="3737" duration="2922520"/>
			<Sample nodeCount="62" insertCount="3828" extractCount="3798" duration="2956060"/>
			<Sample nodeCount="63" insertCount="3888" extractCount="3861" duration="3012080"/>
			<Sample nodeCount="64" insertCount="3952" extractCount="3920" duration="3065720"/>
			<Sample nodeCount="65" insertCount="4014" extractCount="3981" duration="3135960"/>
			<Sample nodeCount="66" insertCount="4077" extractCount="4041" duration="3197540"/>
			<Sample nodeCount="67" insertCount="4136" extractCount="4105" duration="3265880"/>
			<Sample nodeCount="68" insertCount="4200" extractCount="4164" duration="3290820"/>
			<Sample nodeCount="69" insertCount="4263" extractCount="4224" duration="3364080"/>
			<Sample nodeCount="70" insertCount="4325" extractCount="4285" duration="3430500"/>
			<Sample nodeCount="71" insertCount="4381" extractCount="4352" duration="3457520"/>
			<Sample nodeCount="72" insertCount="4448" extractCount="4408" duration="3521880"/>
			<Sample nodeCount="73" insertCount="4507" extractCount="4472" duration="3570760"/>
			<Sample nodeCount="74" insertCount="4571" extractCount="4531" duration="3606000"/>
			<Sample nodeCount="75" insertCount="4631" extractCount="4594" duration="3677920"/>
			<Sample nodeCount="76" insertCount="4693" extractCount="4655" duration="3729260"/>
			<Sample nodeCount="77" insertCount="4755" extractCount="4716" duration="3777500"/>
			<Sample nodeCount="78" insertCount="4817" extractCount="4777" duration="3812080"/>
			<Sample nodeCount="79" insertCount="4877" extractCount="4840" duration="3874420"/>
			<Sample nodeCount="80" insertCount="4942" extractCount="4898" duration="3957220"/>
			<Sample nodeCount="81" insertCount="5002" extractCount="4961" duration="4007620"/>
			<Sample nodeCount="82" insertCount="5063" extractCount="5023" duration="4057560"/>
			<Sample nodeCount="83" insertCount="5124" extractCount="5085" duration="4114980"/>
			<Sample nodeCount="84" insertCount="5187" extractCount="5145" duration="4157100"/>
			<Sample nodeCount="85" insertCount="5250" extractCount="5205" duration="4238600"/>
			<Sample nodeCount="86" insertCount="5314" extractCount="5264" duration="4294800"/>
			<Sample nodeCount="87" insertCount="5374" extractCount="5327" duration="4350700"/>
			<Sample nodeCount="88" insertCount="5432" extractCount="5392" duration="4407180"/>
			<Sample nodeCount="89" insertCount="5490" extractCount="5457" duration="4467640"/>
			<Sample nodeCount="90" insertCount="5559" extractCount="5511" duration="4502840"/>
			<Sample nodeCount="91" insertCount="5621" extractCount="5572" duration="4567140"/>
			<Sample nodeCount="92" insertCount="5680" extractCount="5636" duration="4667360"/>
			<Sample nodeCount="93" insertCount="5740" extractCount="5699" duration="4721340"/>
			<Sample nodeCount="94" insertCount="5803" extractCount="5759" duration="4736280"/>
			<Sample nodeCount="95" insertCount="5862" extractCount="5823" duration="4872300"/>
			<Sample nodeCount="96" insertCount="5929" extractCount="5879" duration="4878560"/>
			<Sample nodeCount="97" insertCount="5993" extractCount="5938" duration="4950200"/>
			<Sample nodeCount="98" insertCount="6055" extractCount="5999" duration="5011360"/>
			<Sample nodeCount="99" insertCount="6113" extractCount="6064" duration="5118720"/>
			<Sample nodeCount="100" insertCount="6172" extractCount="6128" duration="5158660"/>
			<Sample nodeCount="101" insertCount="6238" extractCount="6185" duration="5231120"/>
			<Sample nodeCount="102" insertCount="6299" extractCount="6247" duration="5275260"/>
			<Sample nodeCount="103" insertCount="6363" extractCount="6306" duration="5317740"/>
			<Sample nodeCount="104" insertCount="6426" extractCount="6366" duration="5415000"/>
			<Sample nodeCount="105" insertCount="6481" extractCount="6434" duration="5496800"/>
			<Sample nodeCount="106" insertCount="6544" extractCount="6494" duration="5558200"/>
			<Sample nodeCount="107" insertCount="6607" extractCount="6554" duration="5558040"/>
			<Sample nodeCount="108" insertCount="6669" extractCount="6615" duration="5659080"/>
			<Sample nodeCount="109" insertCount="6732" extractCount="6675" duration="5736300"/>
			<Sample nodeCount="110" insertCount="6794" extractCount="6736" duration="5807540"/>
			<Sample nodeCount="111" insertCount="6852" extractCount="6801" duration="5856240"/>
			<Sample nodeCount="112" insertCount="6918" extractCount="6858" duration="5923260"/>
			<Sample nodeCount="113" insertCount="6981" extractCount="6918" duration="6015680"/>
			<Sample nodeCount="114" insertCount="7041" extractCount="6981" duration="6064000"/>
			<Sample nodeCount="115" insertCount="7103" extractCount="7042" duration="6120580"/>
			<Sample nodeCount="116" insertCount="7164" extractCount="7104" duration="6224340"/>
			<Sample nodeCount="117" insertCount="7225" extractCount="7166" duration="6265080"/>
			<Sample nodeCount="118" insertCount="7291" extractCount="7223" duration="6335940"/>
			<Sample nodeCount="119" insertCount="7350" extractCount="7287" duration="6445700"/>
			<Sample nodeCount="120" insertCount="7410" extractCount="7350" duration="6468880"/>
			<Sample nodeCount="121" insertCount="7471" extractCount="7412" duration="6522240"/>
			<Sample nodeCount="122" insertCount="7537" extractCount="7469" duration="6592200"/>
			<Sample nodeCount="123" insertCount="7593" extractCount="7536" duration="6642700"/>
			<Sample nodeCount="124" insertCount="7658" extractCount="7594" duration="6704380"/>
			<Sample nodeCount="125" insertCount="7718" extractCount="7657" duration="6820160"/>
			<Sample nodeCount="126" insertCount="7781" extractCount="7717" duration="6845780"/>
			<Sample nodeCount="127" insertCount="7840" extractCount="7781" duration="6950400"/>
		</SmallSetRandomOps>
		<LargeSetRandomOps>
		</LargeSetRandomOps>
		<SmallSetLinear>
			<Sample nodeCount="1" insertCount="10000" extractCount="10000" duration="788100"/>
			<Sample nodeCount="2" insertCount="10000" extractCount="10000" duration="2577160"/>
			<Sample nodeCount="3" insertCount="10000" extractCount="10000" duration="4666580"/>
			<Sample nodeCount="4" insertCount="10000" extractCount="10000" duration="9469640"/>
			<Sample nodeCount="5" insertCount="10000" extractCount="10000" duration="12785080"/>
			<Sample nodeCount="6" insertCount="10000" extractCount="10000" duration="16966980"/>
			<Sample nodeCount="7" insertCount="10000" extractCount="10000" duration="20040320"/>
			<Sample nodeCount="8" insertCount="10000" extractCount="10000" duration="24694160"/>
			<Sample nodeCount="9" insertCount="10000" extractCount="10000" duration="29309620"/>
			<Sample nodeCount="10" insertCount="10000" extractCount="10000" duration="36002480"/>
			<Sample nodeCount="11" insertCount="10000" extractCount="10000" duration="39417980"/>
			<Sample nodeCount="12" insertCount="10000" extractCount="10000" duration="45784980"/>
			<Sample nodeCount="13" insertCount="10000" extractCount="10000" duration="49437460"/>
			<Sample nodeCount="14" insertCount="10000" extractCount="10000" duration="56468600"/>
			<Sample nodeCount="15" insertCount="10000" extractCount="10000" duration="59755080"/>
			<Sample nodeCount="16" insertCount="10000" extractCount="10000" duration="66074180"/>
			<Sample nodeCount="17" insertCount="10000" extractCount="10000" duration="70828680"/>
			<Sample nodeCount="18" insertCount="10000" extractCount="10000" duration="78984940"/>
			<Sample nodeCount="19" insertCount="10000" extractCount="10000" duration="82850400"/>
			<Sample nodeCount="20" insertCount="10000" extractCount="10000" duration="89479780"/>
			<Sample nodeCount="21" insertCount="10000" extractCount="10000" duration="96985860"/>
			<Sample nodeCount="22" insertCount="10000" extractCount="10000" duration="103678640"/>
			<Sample nodeCount="23" insertCount="10000" extractCount="10000" duration="107655960"/>
			<Sample nodeCount="24" insertCount="10000" extractCount="10000" duration="114036340"/>
			<Sample nodeCount="25" insertCount="10000" extractCount="10000" duration="121291440"/>
			<Sample nodeCount="26" insertCount="10000" extractCount="10000" duration="128709960"/>
			<Sample nodeCount="27" insertCount="10000" extractCount="10000" duration="132350460"/>
			<Sample nodeCount="28" insertCount="10000" extractCount="10000" duration="139017680"/>
			<Sample nodeCount="29" insertCount="10000" extractCount="10000" duration="146686020"/>
			<Sample nodeCount="30" insertCount="10000" extractCount="10000" duration="153707920"/>
			<Sample nodeCount="31" insertCount="10000" extractCount="10000" duration="157532000"/>
			<Sample nodeCount="32" insertCount="10000" extractCount="10000" duration="164086360"/>
			<Sample nodeCount="33" insertCount="10000" extractCount="10000" duration="171617420"/>
			<Sample nodeCount="34" insertCount="10000" extractCount="10000" duration="180449140"/>
			<Sample nodeCount="35" insertCount="10000" extractCount="10000" duration="185777280"/>
			<Sample nodeCount="36" insertCount="10000" extractCount="10000" duration="192808420"/>
			<Sample nodeCount="37" insertCount="10000" extractCount="10000" duration="201076840"/>
			<Sample nodeCount="38" insertCount="10000" extractCount="10000" duration="208070420"/>
			<Sample nodeCount="39" insertCount="10000" extractCount="10000" duration="212385720"/>
			<Sample nodeCount="40" insertCount="10000" extractCount="10000" duration="219316020"/>
			<Sample nodeCount="41" insertCount="10000" extractCount="10000" duration="227772200"/>
			<Sample nodeCount="42" insertCount="10000" extractCount="10000" duration="240368680"/>
			<Sample nodeCount="43" insertCount="10000" extractCount="10000" duration="244685080"/>
			<Sample nodeCount="44" insertCount="10000" extractCount="10000" duration="251465140"/>
			<Sample nodeCount="45" insertCount="10000" extractCount="10000" duration="259883160"/>
			<Sample nodeCount="46" insertCount="10000" extractCount="10000" duration="266814000"/>
			<Sample nodeCount="47" insertCount="10000" extractCount="10000" duration="271167220"/>
			<Sample nodeCount="48" insertCount="10000" extractCount="10000" duration="278187420"/>
			<Sample nodeCount="49" insertCount="10000" extractCount="10000" duration="286503440"/>
			<Sample nodeCount="50" insertCount="10000" extractCount="10000" duration="299638080"/>
			<Sample nodeCount="51" insertCount="10000" extractCount="10000" duration="304042000"/>
			<Sample nodeCount="52" insertCount="10000" extractCount="10000" duration="311134940"/>
			<Sample nodeCount="53" insertCount="10000" extractCount="10000" duration="319265800"/>
			<Sample nodeCount="54" insertCount="10000" extractCount="10000" duration="326458400"/>
			<Sample nodeCount="55" insertCount="10000" extractCount="10000" duration="330612480"/>
			<Sample nodeCount="56" insertCount="10000" extractCount="10000" duration="337567560"/>
			<Sample nodeCount="57" insertCount="10000" extractCount="10000" duration="345797900"/>
			<Sample nodeCount="58" insertCount="10000" extractCount="10000" duration="359946680"/>
			<Sample nodeCount="59" insertCount="10000" extractCount="10000" duration="363962280"/>
			<Sample nodeCount="60" insertCount="10000" extractCount="10000" duration="370916720"/>
			<Sample nodeCount="61" insertCount="10000" extractCount="10000" duration="379048440"/>
			<Sample nodeCount="62" insertCount="10000" extractCount="10000" duration="386343460"/>
			<Sample nodeCount="63" insertCount="10000" extractCount="10000" duration="390344400"/>
			<Sample nodeCount="64" insertCount="10000" extractCount="10000" duration="397274520"/>
			<Sample nodeCount="65" insertCount="10000" extractCount="10000" duration="405568940"/>
			<Sample nodeCount="66" insertCount="10000" extractCount="10000" duration="421030180"/>
			<Sample nodeCount="67" insertCount="10000" extractCount="10000" duration="427360440"/>
			<Sample nodeCount="68" insertCount="10000" extractCount="10000" duration="435953960"/>
			<Sample nodeCount="69" insertCount="10000" extractCount="10000" duration="444547380"/>
			<Sample nodeCount="70" insertCount="10000" extractCount="10000" duration="451866200"/>
			<Sample nodeCount="71" insertCount="10000" extractCount="10000" duration="456506640"/>
			<Sample nodeCount="72" insertCount="10000" extractCount="10000" duration="463837680"/>
			<Sample nodeCount="73" insertCount="10000" extractCount="10000" duration="472681200"/>
			<Sample nodeCount="74" insertCount="10000" extractCount="10000" duration="487067560"/>
			<Sample nodeCount="75" insertCount="10000" extractCount="10000" duration="491733560"/>
			<Sample nodeCount="76" insertCount="10000" extractCount="10000" duration="499051540"/>
			<Sample nodeCount="77" insertCount="10000" extractCount="10000" duration="507795720"/>
			<Sample nodeCount="78" insertCount="10000" extractCount="10000" duration="515401100"/>
			<Sample nodeCount="79" insertCount="10000" extractCount="10000" duration="520079800"/>
			<Sample nodeCount="80" insertCount="10000" extractCount="10000" duration="527385880"/>
			<Sample nodeCount="81" insertCount="10000" extractCount="10000" duration="536304360"/>
			<Sample nodeCount="82" insertCount="10000" extractCount="10000" duration="552141580"/>
			<Sample nodeCount="83" insertCount="10000" extractCount="10000" duration="565463700"/>
			<Sample nodeCount="84" insertCount="10000" extractCount="10000" duration="572719020"/>
			<Sample nodeCount="85" insertCount="10000" extractCount="10000" duration="581601620"/>
			<Sample nodeCount="86" insertCount="10000" extractCount="10000" duration="588931660"/>
			<Sample nodeCount="87" insertCount="10000" extractCount="10000" duration="593685480"/>
			<Sample nodeCount="88" insertCount="10000" extractCount="10000" duration="600840160"/>
			<Sample nodeCount="89" insertCount="10000" extractCount="10000" duration="609822720"/>
			<Sample nodeCount="90" insertCount="10000" extractCount="10000" duration="624020680"/>
			<Sample nodeCount="91" insertCount="10000" extractCount="10000" duration="628636980"/>
			<Sample nodeCount="92" insertCount="10000" extractCount="10000" duration="635792060"/>
			<Sample nodeCount="93" insertCount="10000" extractCount="10000" duration="644586380"/>
			<Sample nodeCount="94" insertCount="10000" extractCount="10000" duration="651892000"/>
			<Sample nodeCount="95" insertCount="10000" extractCount="10000" duration="656907180"/>
			<Sample nodeCount="96" insertCount="10000" extractCount="10000" duration="664251280"/>
			<Sample nodeCount="97" insertCount="10000" extractCount="10000" duration="672882460"/>
			<Sample nodeCount="98" insertCount="10000" extractCount="10000" duration="688307120"/>
			<Sample nodeCount="99" insertCount="10000" extractCount="10000" duration="704418720"/>
			<Sample nodeCount="100" insertCount="10000" extractCount="10000" duration="712162060"/>
			<Sample nodeCount="101" insertCount="10000" extractCount="10000" duration="720944020"/>
			<Sample nodeCount="102" insertCount="10000" extractCount="10000" duration="728587520"/>
			<Sample nodeCount="103" insertCount="10000" extractCount="10000" duration="733140460"/>
			<Sample nodeCount="104" insertCount="10000" extractCount="10000" duration="740570440"/>
			<Sample nodeCount="105" insertCount="10000" extractCount="10000" duration="749277480"/>
			<Sample nodeCount="106" insertCount="10000" extractCount="10000" duration="764013860"/>
			<Sample nodeCount="107" insertCount="10000" extractCount="10000" duration="768366720"/>
			<Sample nodeCount="108" insertCount="10000" extractCount="10000" duration="775722620"/>
			<Sample nodeCount="109" insertCount="10000" extractCount="10000" duration="784254000"/>
			<Sample nodeCount="110" insertCount="10000" extractCount="10000" duration="791822360"/>
			<Sample nodeCount="111" insertCount="10000" extractCount="10000" duration="796350500"/>
			<Sample nodeCount="112" insertCount="10000" extractCount="10000" duration="803681040"/>
			<Sample nodeCount="113" insertCount="10000" extractCount="10000" duration="812375620"/>
			<Sample nodeCount="114" insertCount="10000" extractCount="10000" duration="828238100"/>
			<Sample nodeCount="115" insertCount="10000" extractCount="10000" duration="845325660"/>
			<Sample nodeCount="116" insertCount="10000" extractCount="10000" duration="852755540"/>
			<Sample nodeCount="117" insertCount="10000" extractCount="10000" duration="861349580"/>
			<Sample nodeCount="118" insertCount="10000" extractCount="10000" duration="868918100"/>
			<Sample nodeCount="119" insertCount="10000" extractCount="10000" duration="873446040"/>
			<Sample nodeCount="120" insertCount="10000" extractCount="10000" duration="880777120"/>
			<Sample nodeCount="121" insertCount="10000" extractCount="10000" duration="889470460"/>
			<Sample nodeCount="122" insertCount="10000" extractCount="10000" duration="903906860"/>
			<Sample nodeCount="123" insertCount="10000" extractCount="10000" duration="908297500"/>
			<Sample nodeCount="124" insertCount="10000" extractCount="10000" duration="915628460"/>
			<Sample nodeCount="125" insertCount="10000" extractCount="10000" duration="924135320"/>
			<Sample nodeCount="126" insertCount="10000" extractCount="10000" duration="931677600"/>
			<Sample nodeCount="127" insertCount="10000" extractCount="10000" duration="936180680"/>
		</SmallSetLinear>
		<LargeSetLinear>
		</LargeSetLinear>
	</RBTest>
	<RBTest implementation="RTEMS" nodeSize="16">
		<SmallSetRandomOps>
			<Sample nodeCount="1" insertCount="62" extractCount="61" duration="19820"/>
			<Sample nodeCount="2" insertCount="123" extractCount="123" duration="41580"/>
			<Sample nodeCount="3" insertCount="186" extractCount="183" duration="67840"/>
			<Sample nodeCount="4" insertCount="247" extractCount="245" duration="94580"/>
			<Sample nodeCount="5" insertCount="309" extractCount="306" duration="124000"/>
			<Sample nodeCount="6" insertCount="370" extractCount="368" duration="152240"/>
			<Sample nodeCount="7" insertCount="433" extractCount="428" duration="181340"/>
			<Sample nodeCount="8" insertCount="493" extractCount="491" duration="210100"/>
			<Sample nodeCount="9" insertCount="557" extractCount="550" duration="238520"/>
			<Sample nodeCount="10" insertCount="619" extractCount="611" duration="263860"/>
			<Sample nodeCount="11" insertCount="680" extractCount="673" duration="292880"/>
			<Sample nodeCount="12" insertCount="740" extractCount="736" duration="315740"/>
			<Sample nodeCount="13" insertCount="803" extractCount="796" duration="349040"/>
			<Sample nodeCount="14" insertCount="864" extractCount="858" duration="377260"/>
			<Sample nodeCount="15" insertCount="927" extractCount="918" duration="404400"/>
			<Sample nodeCount="16" insertCount="988" extractCount="980" duration="434120"/>
			<Sample nodeCount="17" insertCount="1050" extractCount="1041" duration="469200"/>
			<Sample nodeCount="18" insertCount="1113" extractCount="1101" duration="494380"/>
			<Sample nodeCount="19" insertCount="1172" extractCount="1165" duration="530760"/>
			<Sample nodeCount="20" insertCount="1237" extractCount="1223" duration="557800"/>
			<Sample nodeCount="21" insertCount="1296" extractCount="1287" duration="588320"/>
			<Sample nodeCount="22" insertCount="1359" extractCount="1347" duration="611820"/>
			<Sample nodeCount="23" insertCount="1419" extractCount="1410" duration="639940"/>
			<Sample nodeCount="24" insertCount="1484" extractCount="1468" duration="674620"/>
			<Sample nodeCount="25" insertCount="1544" extractCount="1531" duration="700360"/>
			<Sample nodeCount="26" insertCount="1604" extractCount="1594" duration="725980"/>
			<Sample nodeCount="27" insertCount="1668" extractCount="1653" duration="758820"/>
			<Sample nodeCount="28" insertCount="1729" extractCount="1715" duration="794640"/>
			<Sample nodeCount="29" insertCount="1790" extractCount="1777" duration="823320"/>
			<Sample nodeCount="30" insertCount="1851" extractCount="1839" duration="840560"/>
			<Sample nodeCount="31" insertCount="1914" extractCount="1899" duration="883560"/>
			<Sample nodeCount="32" insertCount="1977" extractCount="1959" duration="912160"/>
			<Sample nodeCount="33" insertCount="2041" extractCount="2018" duration="936240"/>
			<Sample nodeCount="34" insertCount="2097" extractCount="2085" duration="962100"/>
			<Sample nodeCount="35" insertCount="2160" extractCount="2145" duration="998020"/>
			<Sample nodeCount="36" insertCount="2221" extractCount="2207" duration="1029920"/>
			<Sample nodeCount="37" insertCount="2285" extractCount="2266" duration="1064140"/>
			<Sample nodeCount="38" insertCount="2346" extractCount="2328" duration="1087580"/>
			<Sample nodeCount="39" insertCount="2408" extractCount="2389" duration="1113560"/>
			<Sample nodeCount="40" insertCount="2471" extractCount="2449" duration="1153560"/>
			<Sample nodeCount="41" insertCount="2531" extractCount="2512" duration="1173200"/>
			<Sample nodeCount="42" insertCount="2593" extractCount="2573" duration="1207500"/>
			<Sample nodeCount="43" insertCount="2656" extractCount="2633" duration="1244840"/>
			<Sample nodeCount="44" insertCount="2717" extractCount="2695" duration="1270240"/>
			<Sample nodeCount="45" insertCount="2776" extractCount="2759" duration="1293760"/>
			<Sample nodeCount="46" insertCount="2840" extractCount="2818" duration="1319040"/>
			<Sample nodeCount="47" insertCount="2902" extractCount="2879" duration="1376260"/>
			<Sample nodeCount="48" insertCount="2966" extractCount="2938" duration="1387100"/>
			<Sample nodeCount="49" insertCount="3026" extractCount="3001" duration="1431640"/>
			<Sample nodeCount="50" insertCount="3084" extractCount="3066" duration="1461640"/>
			<Sample nodeCount="51" insertCount="3151" extractCount="3122" duration="1486540"/>
			<Sample nodeCount="52" insertCount="3209" extractCount="3187" duration="1522440"/>
			<Sample nodeCount="53" insertCount="3273" extractCount="3246" duration="1559340"/>
			<Sample nodeCount="54" insertCount="3337" extractCount="3305" duration="1585840"/>
			<Sample nodeCount="55" insertCount="3400" extractCount="3365" duration="1614520"/>
			<Sample nodeCount="56" insertCount="3458" extractCount="3430" duration="1645360"/>
			<Sample nodeCount="57" insertCount="3521" extractCount="3490" duration="1682800"/>
			<Sample nodeCount="58" insertCount="3580" extractCount="3554" duration="1699380"/>
			<Sample nodeCount="59" insertCount="3647" extractCount="3610" duration="1733880"/>
			<Sample nodeCount="60" insertCount="3706" extractCount="3674" duration="1753160"/>
			<Sample nodeCount="61" insertCount="3766" extractCount="3737" duration="1791380"/>
			<Sample nodeCount="62" insertCount="3828" extractCount="3798" duration="1817960"/>
			<Sample nodeCount="63" insertCount="3888" extractCount="3861" duration="1849420"/>
			<Sample nodeCount="64" insertCount="3952" extractCount="3920" duration="1889220"/>
			<Sample nodeCount="65" insertCount="4014" extractCount="3981" duration="1924440"/>
			<Sample nodeCount="66" insertCount="4077" extractCount="4041" duration="1954920"/>
			<Sample nodeCount="67" insertCount="4136" extractCount="4105" duration="1975460"/>
			<Sample nodeCount="68" insertCount="4200" extractCount="4164" duration="2005980"/>
			<Sample nodeCount="69" insertCount="4263" extractCount="4224" duration="2046300"/>
			<Sample nodeCount="70" insertCount="4325" extractCount="4285" duration="2067480"/>
			<Sample nodeCount="71" insertCount="4381" extractCount="4352" duration="2113420"/>
			<Sample nodeCount="72" insertCount="4448" extractCount="4408" duration="2138320"/>
			<Sample nodeCount="73" insertCount="4507" extractCount="4472" duration="2175700"/>
			<Sample nodeCount="74" insertCount="4571" extractCount="4531" duration="2189100"/>
			<Sample nodeCount="75" insertCount="4631" extractCount="4594" duration="2227400"/>
			<Sample nodeCount="76" insertCount="4693" extractCount="4655" duration="2254440"/>
			<Sample nodeCount="77" insertCount="4755" extractCount="4716" duration="2290400"/>
			<Sample nodeCount="78" insertCount="4817" extractCount="4777" duration="2330580"/>
			<Sample nodeCount="79" insertCount="4877" extractCount="4840" duration="2354780"/>
			<Sample nodeCount="80" insertCount="4942" extractCount="4898" duration="2389840"/>
			<Sample nodeCount="81" insertCount="5002" extractCount="4961" duration="2408640"/>
			<Sample nodeCount="82" insertCount="5063" extractCount="5023" duration="2444580"/>
			<Sample nodeCount="83" insertCount="5124" extractCount="5085" duration="2487000"/>
			<Sample nodeCount="84" insertCount="5187" extractCount="5145" duration="2526300"/>
			<Sample nodeCount="85" insertCount="5250" extractCount="5205" duration="2542360"/>
			<Sample nodeCount="86" insertCount="5314" extractCount="5264" duration="2585840"/>
			<Sample nodeCount="87" insertCount="5374" extractCount="5327" duration="2623460"/>
			<Sample nodeCount="88" insertCount="5432" extractCount="5392" duration="2634220"/>
			<Sample nodeCount="89" insertCount="5490" extractCount="5457" duration="2678520"/>
			<Sample nodeCount="90" insertCount="5559" extractCount="5511" duration="2696080"/>
			<Sample nodeCount="91" insertCount="5621" extractCount="5572" duration="2725920"/>
			<Sample nodeCount="92" insertCount="5680" extractCount="5636" duration="2768580"/>
			<Sample nodeCount="93" insertCount="5740" extractCount="5699" duration="2803400"/>
			<Sample nodeCount="94" insertCount="5803" extractCount="5759" duration="2821440"/>
			<Sample nodeCount="95" insertCount="5862" extractCount="5823" duration="2863100"/>
			<Sample nodeCount="96" insertCount="5929" extractCount="5879" duration="2898920"/>
			<Sample nodeCount="97" insertCount="5993" extractCount="5938" duration="2942400"/>
			<Sample nodeCount="98" insertCount="6055" extractCount="5999" duration="2958480"/>
			<Sample nodeCount="99" insertCount="6113" extractCount="6064" duration="3009120"/>
			<Sample nodeCount="100" insertCount="6172" extractCount="6128" duration="3017220"/>
			<Sample nodeCount="101" insertCount="6238" extractCount="6185" duration="3058660"/>
			<Sample nodeCount="102" insertCount="6299" extractCount="6247" duration="3080660"/>
			<Sample nodeCount="103" insertCount="6363" extractCount="6306" duration="3121920"/>
			<Sample nodeCount="104" insertCount="6426" extractCount="6366" duration="3159000"/>
			<Sample nodeCount="105" insertCount="6481" extractCount="6434" duration="3185960"/>
			<Sample nodeCount="106" insertCount="6544" extractCount="6494" duration="3216340"/>
			<Sample nodeCount="107" insertCount="6607" extractCount="6554" duration="3241980"/>
			<Sample nodeCount="108" insertCount="6669" extractCount="6615" duration="3270400"/>
			<Sample nodeCount="109" insertCount="6732" extractCount="6675" duration="3305160"/>
			<Sample nodeCount="110" insertCount="6794" extractCount="6736" duration="3336720"/>
			<Sample nodeCount="111" insertCount="6852" extractCount="6801" duration="3376220"/>
			<Sample nodeCount="112" insertCount="6918" extractCount="6858" duration="3407960"/>
			<Sample nodeCount="113" insertCount="6981" extractCount="6918" duration="3443980"/>
			<Sample nodeCount="114" insertCount="7041" extractCount="6981" duration="3472120"/>
			<Sample nodeCount="115" insertCount="7103" extractCount="7042" duration="3510200"/>
			<Sample nodeCount="116" insertCount="7164" extractCount="7104" duration="3546500"/>
			<Sample nodeCount="117" insertCount="7225" extractCount="7166" duration="3582940"/>
			<Sample nodeCount="118" insertCount="7291" extractCount="7223" duration="3599540"/>
			<Sample nodeCount="119" insertCount="7350" extractCount="7287" duration="3646020"/>
			<Sample nodeCount="120" insertCount="7410" extractCount="7350" duration="3667180"/>
			<Sample nodeCount="121" insertCount="7471" extractCount="7412" duration="3708340"/>
			<Sample nodeCount="122" insertCount="7537" extractCount="7469" duration="3719320"/>
			<Sample nodeCount="123" insertCount="7593" extractCount="7536" duration="3765120"/>
			<Sample nodeCount="124" insertCount="7658" extractCount="7594" duration="3779600"/>
			<Sample nodeCount="125" insertCount="7718" extractCount="7657" duration="3818000"/>
			<Sample nodeCount="126" insertCount="7781" extractCount="7717" duration="3840460"/>
			<Sample nodeCount="127" insertCount="7840" extractCount="7781" duration="3889240"/>
		</SmallSetRandomOps>
		<LargeSetRandomOps>
		</LargeSetRandomOps>
		<SmallSetLinear>
			<Sample nodeCount="1" insertCount="10000" extractCount="10000" duration="1676960"/>
			<Sample nodeCount="2" insertCount="10000" extractCount="10000" duration="4014800"/>
			<Sample nodeCount="3" insertCount="10000" extractCount="10000" duration="7043120"/>
			<Sample nodeCount="4" insertCount="10000" extractCount="10000" duration="10583740"/>
			<Sample nodeCount="5" insertCount="10000" extractCount="10000" duration="13710860"/>
			<Sample nodeCount="6" insertCount="10000" extractCount="10000" duration="17596160"/>
			<Sample nodeCount="7" insertCount="10000" extractCount="10000" duration="20565440"/>
			<Sample nodeCount="8" insertCount="10000" extractCount="10000" duration="24231000"/>
			<Sample nodeCount="9" insertCount="10000" extractCount="10000" duration="27599000"/>
			<Sample nodeCount="10" insertCount="10000" extractCount="10000" duration="32374480"/>
			<Sample nodeCount="11" insertCount="10000" extractCount="10000" duration="35914920"/>
			<Sample nodeCount="12" insertCount="10000" extractCount="10000" duration="40105580"/>
			<Sample nodeCount="13" insertCount="10000" extractCount="10000" duration="43633540"/>
			<Sample nodeCount="14" insertCount="10000" extractCount="10000" duration="48224740"/>
			<Sample nodeCount="15" insertCount="10000" extractCount="10000" duration="51877000"/>
			<Sample nodeCount="16" insertCount="10000" extractCount="10000" duration="56511240"/>
			<Sample nodeCount="17" insertCount="10000" extractCount="10000" duration="60270600"/>
			<Sample nodeCount="18" insertCount="10000" extractCount="10000" duration="64673640"/>
			<Sample nodeCount="19" insertCount="10000" extractCount="10000" duration="68389860"/>
			<Sample nodeCount="20" insertCount="10000" extractCount="10000" duration="72943040"/>
			<Sample nodeCount="21" insertCount="10000" extractCount="10000" duration="76657720"/>
			<Sample nodeCount="22" insertCount="10000" extractCount="10000" duration="82337300"/>
			<Sample nodeCount="23" insertCount="10000" extractCount="10000" duration="86252720"/>
			<Sample nodeCount="24" insertCount="10000" extractCount="10000" duration="90919140"/>
			<Sample nodeCount="25" insertCount="10000" extractCount="10000" duration="94822220"/>
			<Sample nodeCount="26" insertCount="10000" extractCount="10000" duration="99925980"/>
			<Sample nodeCount="27" insertCount="10000" extractCount="10000" duration="103828120"/>
			<Sample nodeCount="28" insertCount="10000" extractCount="10000" duration="108482860"/>
			<Sample nodeCount="29" insertCount="10000" extractCount="10000" duration="112385680"/>
			<Sample nodeCount="30" insertCount="10000" extractCount="10000" duration="118277560"/>
			<Sample nodeCount="31" insertCount="10000" extractCount="10000" duration="122305660"/>
			<Sample nodeCount="32" insertCount="10000" extractCount="10000" duration="127134660"/>
			<Sample nodeCount="33" insertCount="10000" extractCount="10000" duration="131225080"/>
			<Sample nodeCount="34" insertCount="10000" extractCount="10000" duration="137066300"/>
			<Sample nodeCount="35" insertCount="10000" extractCount="10000" duration="141156780"/>
			<Sample nodeCount="36" insertCount="10000" extractCount="10000" duration="146085520"/>
			<Sample nodeCount="37" insertCount="10000" extractCount="10000" duration="150176060"/>
			<Sample nodeCount="38" insertCount="10000" extractCount="10000" duration="155705220"/>
			<Sample nodeCount="39" insertCount="10000" extractCount="10000" duration="159795900"/>
			<Sample nodeCount="40" insertCount="10000" extractCount="10000" duration="164499260"/>
			<Sample nodeCount="41" insertCount="10000" extractCount="10000" duration="168589660"/>
			<Sample nodeCount="42" insertCount="10000" extractCount="10000" duration="174532560"/>
			<Sample nodeCount="43" insertCount="10000" extractCount="10000" duration="178623000"/>
			<Sample nodeCount="44" insertCount="10000" extractCount="10000" duration="183338560"/>
			<Sample nodeCount="45" insertCount="10000" extractCount="10000" duration="187429500"/>
			<Sample nodeCount="46" insertCount="10000" extractCount="10000" duration="193771920"/>
			<Sample nodeCount="47" insertCount="10000" extractCount="10000" duration="198063080"/>
			<Sample nodeCount="48" insertCount="10000" extractCount="10000" duration="203003540"/>
			<Sample nodeCount="49" insertCount="10000" extractCount="10000" duration="207281860"/>
			<Sample nodeCount="50" insertCount="10000" extractCount="10000" duration="213311360"/>
			<Sample nodeCount="51" insertCount="10000" extractCount="10000" duration="217589920"/>
			<Sample nodeCount="52" insertCount="10000" extractCount="10000" duration="222681680"/>
			<Sample nodeCount="53" insertCount="10000" extractCount="10000" duration="226959300"/>
			<Sample nodeCount="54" insertCount="10000" extractCount="10000" duration="232988980"/>
			<Sample nodeCount="55" insertCount="10000" extractCount="10000" duration="237266720"/>
			<Sample nodeCount="56" insertCount="10000" extractCount="10000" duration="242296360"/>
			<Sample nodeCount="57" insertCount="10000" extractCount="10000" duration="246574500"/>
			<Sample nodeCount="58" insertCount="10000" extractCount="10000" duration="252603700"/>
			<Sample nodeCount="59" insertCount="10000" extractCount="10000" duration="256881700"/>
			<Sample nodeCount="60" insertCount="10000" extractCount="10000" duration="261974200"/>
			<Sample nodeCount="61" insertCount="10000" extractCount="10000" duration="266251400"/>
			<Sample nodeCount="62" insertCount="10000" extractCount="10000" duration="272719940"/>
			<Sample nodeCount="63" insertCount="10000" extractCount="10000" duration="277122260"/>
			<Sample nodeCount="64" insertCount="10000" extractCount="10000" duration="282326480"/>
			<Sample nodeCount="65" insertCount="10000" extractCount="10000" duration="286791480"/>
			<Sample nodeCount="66" insertCount="10000" extractCount="10000" duration="293009220"/>
			<Sample nodeCount="67" insertCount="10000" extractCount="10000" duration="297474760"/>
			<Sample nodeCount="68" insertCount="10000" extractCount="10000" duration="302942080"/>
			<Sample nodeCount="69" insertCount="10000" extractCount="10000" duration="307407080"/>
			<Sample nodeCount="70" insertCount="10000" extractCount="10000" duration="313512220"/>
			<Sample nodeCount="71" insertCount="10000" extractCount="10000" duration="317978820"/>
			<Sample nodeCount="72" insertCount="10000" extractCount="10000" duration="323194580"/>
			<Sample nodeCount="73" insertCount="10000" extractCount="10000" duration="327660560"/>
			<Sample nodeCount="74" insertCount="10000" extractCount="10000" duration="333877780"/>
			<Sample nodeCount="75" insertCount="10000" extractCount="10000" duration="338344400"/>
			<Sample nodeCount="76" insertCount="10000" extractCount="10000" duration="343811040"/>
			<Sample nodeCount="77" insertCount="10000" extractCount="10000" duration="348276440"/>
			<Sample nodeCount="78" insertCount="10000" extractCount="10000" duration="354243880"/>
			<Sample nodeCount="79" insertCount="10000" extractCount="10000" duration="358709160"/>
			<Sample nodeCount="80" insertCount="10000" extractCount="10000" duration="363925640"/>
			<Sample nodeCount="81" insertCount="10000" extractCount="10000" duration="368391740"/>
			<Sample nodeCount="82" insertCount="10000" extractCount="10000" duration="374609880"/>
			<Sample nodeCount="83" insertCount="10000" extractCount="10000" duration="379074520"/>
			<Sample nodeCount="84" insertCount="10000" extractCount="10000" duration="384541100"/>
			<Sample nodeCount="85" insertCount="10000" extractCount="10000" duration="389007580"/>
			<Sample nodeCount="86" insertCount="10000" extractCount="10000" duration="395112360"/>
			<Sample nodeCount="87" insertCount="10000" extractCount="10000" duration="399578280"/>
			<Sample nodeCount="88" insertCount="10000" extractCount="10000" duration="404794780"/>
			<Sample nodeCount="89" insertCount="10000" extractCount="10000" duration="409260620"/>
			<Sample nodeCount="90" insertCount="10000" extractCount="10000" duration="415477620"/>
			<Sample nodeCount="91" insertCount="10000" extractCount="10000" duration="419943280"/>
			<Sample nodeCount="92" insertCount="10000" extractCount="10000" duration="425410520"/>
			<Sample nodeCount="93" insertCount="10000" extractCount="10000" duration="429877160"/>
			<Sample nodeCount="94" insertCount="10000" extractCount="10000" duration="436806820"/>
			<Sample nodeCount="95" insertCount="10000" extractCount="10000" duration="441472320"/>
			<Sample nodeCount="96" insertCount="10000" extractCount="10000" duration="446787960"/>
			<Sample nodeCount="97" insertCount="10000" extractCount="10000" duration="451442940"/>
			<Sample nodeCount="98" insertCount="10000" extractCount="10000" duration="457847220"/>
			<Sample nodeCount="99" insertCount="10000" extractCount="10000" duration="462500660"/>
			<Sample nodeCount="100" insertCount="10000" extractCount="10000" duration="468154700"/>
			<Sample nodeCount="101" insertCount="10000" extractCount="10000" duration="472809620"/>
			<Sample nodeCount="102" insertCount="10000" extractCount="10000" duration="479100660"/>
			<Sample nodeCount="103" insertCount="10000" extractCount="10000" duration="483753580"/>
			<Sample nodeCount="104" insertCount="10000" extractCount="10000" duration="489157600"/>
			<Sample nodeCount="105" insertCount="10000" extractCount="10000" duration="493812540"/>
			<Sample nodeCount="106" insertCount="10000" extractCount="10000" duration="500216360"/>
			<Sample nodeCount="107" insertCount="10000" extractCount="10000" duration="504870660"/>
			<Sample nodeCount="108" insertCount="10000" extractCount="10000" duration="510524500"/>
			<Sample nodeCount="109" insertCount="10000" extractCount="10000" duration="515179960"/>
			<Sample nodeCount="110" insertCount="10000" extractCount="10000" duration="522059300"/>
			<Sample nodeCount="111" insertCount="10000" extractCount="10000" duration="526711780"/>
			<Sample nodeCount="112" insertCount="10000" extractCount="10000" duration="532117240"/>
			<Sample nodeCount="113" insertCount="10000" extractCount="10000" duration="536771140"/>
			<Sample nodeCount="114" insertCount="10000" extractCount="10000" duration="543174840"/>
			<Sample nodeCount="115" insertCount="10000" extractCount="10000" duration="547828040"/>
			<Sample nodeCount="116" insertCount="10000" extractCount="10000" duration="553483220"/>
			<Sample nodeCount="117" insertCount="10000" extractCount="10000" duration="558136820"/>
			<Sample nodeCount="118" insertCount="10000" extractCount="10000" duration="564429680"/>
			<Sample nodeCount="119" insertCount="10000" extractCount="10000" duration="569081420"/>
			<Sample nodeCount="120" insertCount="10000" extractCount="10000" duration="574486700"/>
			<Sample nodeCount="121" insertCount="10000" extractCount="10000" duration="579138460"/>
			<Sample nodeCount="122" insertCount="10000" extractCount="10000" duration="585545160"/>
			<Sample nodeCount="123" insertCount="10000" extractCount="10000" duration="590198740"/>
			<Sample nodeCount="124" insertCount="10000" extractCount="10000" duration="595853540"/>
			<Sample nodeCount="125" insertCount="10000" extractCount="10000" duration="600507600"/>
			<Sample nodeCount="126" insertCount="10000" extractCount="10000" duration="607399640"/>
			<Sample nodeCount="127" insertCount="10000" extractCount="10000" duration="612178320"/>
		</SmallSetLinear>
		<LargeSetLinear>
		</LargeSetLinear>
	</RBTest>
	<RBTest implementation="Boost" nodeSize="12">
		<SmallSetRandomOps>
			<Sample nodeCount="1" insertCount="62" extractCount="61" duration="19740"/>
			<Sample nodeCount="2" insertCount="123" extractCount="123" duration="40380"/>
			<Sample nodeCount="3" insertCount="186" extractCount="183" duration="64840"/>
			<Sample nodeCount="4" insertCount="247" extractCount="245" duration="91500"/>
			<Sample nodeCount="5" insertCount="309" extractCount="306" duration="121800"/>
			<Sample nodeCount="6" insertCount="370" extractCount="368" duration="148620"/>
			<Sample nodeCount="7" insertCount="433" extractCount="428" duration="180800"/>
			<Sample nodeCount="8" insertCount="493" extractCount="491" duration="212500"/>
			<Sample nodeCount="9" insertCount="557" extractCount="550" duration="244920"/>
			<Sample nodeCount="10" insertCount="619" extractCount="611" duration="271120"/>
			<Sample nodeCount="11" insertCount="680" extractCount="673" duration="307500"/>
			<Sample nodeCount="12" insertCount="740" extractCount="736" duration="336940"/>
			<Sample nodeCount="13" insertCount="803" extractCount="796" duration="370880"/>
			<Sample nodeCount="14" insertCount="864" extractCount="858" duration="406260"/>
			<Sample nodeCount="15" insertCount="927" extractCount="918" duration="433380"/>
			<Sample nodeCount="16" insertCount="988" extractCount="980" duration="466860"/>
			<Sample nodeCount="17" insertCount="1050" extractCount="1041" duration="507560"/>
			<Sample nodeCount="18" insertCount="1113" extractCount="1101" duration="539860"/>
			<Sample nodeCount="19" insertCount="1172" extractCount="1165" duration="576600"/>
			<Sample nodeCount="20" insertCount="1237" extractCount="1223" duration="599200"/>
			<Sample nodeCount="21" insertCount="1296" extractCount="1287" duration="637480"/>
			<Sample nodeCount="22" insertCount="1359" extractCount="1347" duration="665520"/>
			<Sample nodeCount="23" insertCount="1419" extractCount="1410" duration="697680"/>
			<Sample nodeCount="24" insertCount="1484" extractCount="1468" duration="732360"/>
			<Sample nodeCount="25" insertCount="1544" extractCount="1531" duration="759700"/>
			<Sample nodeCount="26" insertCount="1604" extractCount="1594" duration="791900"/>
			<Sample nodeCount="27" insertCount="1668" extractCount="1653" duration="830380"/>
			<Sample nodeCount="28" insertCount="1729" extractCount="1715" duration="862380"/>
			<Sample nodeCount="29" insertCount="1790" extractCount="1777" duration="889980"/>
			<Sample nodeCount="30" insertCount="1851" extractCount="1839" duration="915040"/>
			<Sample nodeCount="31" insertCount="1914" extractCount="1899" duration="952560"/>
			<Sample nodeCount="32" insertCount="1977" extractCount="1959" duration="993440"/>
			<Sample nodeCount="33" insertCount="2041" extractCount="2018" duration="1023280"/>
			<Sample nodeCount="34" insertCount="2097" extractCount="2085" duration="1052720"/>
			<Sample nodeCount="35" insertCount="2160" extractCount="2145" duration="1095260"/>
			<Sample nodeCount="36" insertCount="2221" extractCount="2207" duration="1124440"/>
			<Sample nodeCount="37" insertCount="2285" extractCount="2266" duration="1153080"/>
			<Sample nodeCount="38" insertCount="2346" extractCount="2328" duration="1183200"/>
			<Sample nodeCount="39" insertCount="2408" extractCount="2389" duration="1220260"/>
			<Sample nodeCount="40" insertCount="2471" extractCount="2449" duration="1247760"/>
			<Sample nodeCount="41" insertCount="2531" extractCount="2512" duration="1290220"/>
			<Sample nodeCount="42" insertCount="2593" extractCount="2573" duration="1311600"/>
			<Sample nodeCount="43" insertCount="2656" extractCount="2633" duration="1364560"/>
			<Sample nodeCount="44" insertCount="2717" extractCount="2695" duration="1389620"/>
			<Sample nodeCount="45" insertCount="2776" extractCount="2759" duration="1409080"/>
			<Sample nodeCount="46" insertCount="2840" extractCount="2818" duration="1447140"/>
			<Sample nodeCount="47" insertCount="2902" extractCount="2879" duration="1484540"/>
			<Sample nodeCount="48" insertCount="2966" extractCount="2938" duration="1530180"/>
			<Sample nodeCount="49" insertCount="3026" extractCount="3001" duration="1553960"/>
			<Sample nodeCount="50" insertCount="3084" extractCount="3066" duration="1595020"/>
			<Sample nodeCount="51" insertCount="3151" extractCount="3122" duration="1623300"/>
			<Sample nodeCount="52" insertCount="3209" extractCount="3187" duration="1656780"/>
			<Sample nodeCount="53" insertCount="3273" extractCount="3246" duration="1691880"/>
			<Sample nodeCount="54" insertCount="3337" extractCount="3305" duration="1741180"/>
			<Sample nodeCount="55" insertCount="3400" extractCount="3365" duration="1763040"/>
			<Sample nodeCount="56" insertCount="3458" extractCount="3430" duration="1800980"/>
			<Sample nodeCount="57" insertCount="3521" extractCount="3490" duration="1825740"/>
			<Sample nodeCount="58" insertCount="3580" extractCount="3554" duration="1851620"/>
			<Sample nodeCount="59" insertCount="3647" extractCount="3610" duration="1895960"/>
			<Sample nodeCount="60" insertCount="3706" extractCount="3674" duration="1920300"/>
			<Sample nodeCount="61" insertCount="3766" extractCount="3737" duration="1970740"/>
			<Sample nodeCount="62" insertCount="3828" extractCount="3798" duration="1987860"/>
			<Sample nodeCount="63" insertCount="3888" extractCount="3861" duration="2032940"/>
			<Sample nodeCount="64" insertCount="3952" extractCount="3920" duration="2058620"/>
			<Sample nodeCount="65" insertCount="4014" extractCount="3981" duration="2106400"/>
			<Sample nodeCount="66" insertCount="4077" extractCount="4041" duration="2139040"/>
			<Sample nodeCount="67" insertCount="4136" extractCount="4105" duration="2179140"/>
			<Sample nodeCount="68" insertCount="4200" extractCount="4164" duration="2195200"/>
			<Sample nodeCount="69" insertCount="4263" extractCount="4224" duration="2234760"/>
			<Sample nodeCount="70" insertCount="4325" extractCount="4285" duration="2282640"/>
			<Sample nodeCount="71" insertCount="4381" extractCount="4352" duration="2298780"/>
			<Sample nodeCount="72" insertCount="4448" extractCount="4408" duration="2321180"/>
			<Sample nodeCount="73" insertCount="4507" extractCount="4472" duration="2360820"/>
			<Sample nodeCount="74" insertCount="4571" extractCount="4531" duration="2405220"/>
			<Sample nodeCount="75" insertCount="4631" extractCount="4594" duration="2437760"/>
			<Sample nodeCount="76" insertCount="4693" extractCount="4655" duration="2471720"/>
			<Sample nodeCount="77" insertCount="4755" extractCount="4716" duration="2507680"/>
			<Sample nodeCount="78" insertCount="4817" extractCount="4777" duration="2536040"/>
			<Sample nodeCount="79" insertCount="4877" extractCount="4840" duration="2578100"/>
			<Sample nodeCount="80" insertCount="4942" extractCount="4898" duration="2592260"/>
			<Sample nodeCount="81" insertCount="5002" extractCount="4961" duration="2635380"/>
			<Sample nodeCount="82" insertCount="5063" extractCount="5023" duration="2668240"/>
			<Sample nodeCount="83" insertCount="5124" extractCount="5085" duration="2720120"/>
			<Sample nodeCount="84" insertCount="5187" extractCount="5145" duration="2753300"/>
			<Sample nodeCount="85" insertCount="5250" extractCount="5205" duration="2784640"/>
			<Sample nodeCount="86" insertCount="5314" extractCount="5264" duration="2821200"/>
			<Sample nodeCount="87" insertCount="5374" extractCount="5327" duration="2856240"/>
			<Sample nodeCount="88" insertCount="5432" extractCount="5392" duration="2903700"/>
			<Sample nodeCount="89" insertCount="5490" extractCount="5457" duration="2918580"/>
			<Sample nodeCount="90" insertCount="5559" extractCount="5511" duration="2934520"/>
			<Sample nodeCount="91" insertCount="5621" extractCount="5572" duration="2981200"/>
			<Sample nodeCount="92" insertCount="5680" extractCount="5636" duration="3022140"/>
			<Sample nodeCount="93" insertCount="5740" extractCount="5699" duration="3060140"/>
			<Sample nodeCount="94" insertCount="5803" extractCount="5759" duration="3086680"/>
			<Sample nodeCount="95" insertCount="5862" extractCount="5823" duration="3127680"/>
			<Sample nodeCount="96" insertCount="5929" extractCount="5879" duration="3161440"/>
			<Sample nodeCount="97" insertCount="5993" extractCount="5938" duration="3181860"/>
			<Sample nodeCount="98" insertCount="6055" extractCount="5999" duration="3223140"/>
			<Sample nodeCount="99" insertCount="6113" extractCount="6064" duration="3274900"/>
			<Sample nodeCount="100" insertCount="6172" extractCount="6128" duration="3308440"/>
			<Sample nodeCount="101" insertCount="6238" extractCount="6185" duration="3341540"/>
			<Sample nodeCount="102" insertCount="6299" extractCount="6247" duration="3367020"/>
			<Sample nodeCount="103" insertCount="6363" extractCount="6306" duration="3419440"/>
			<Sample nodeCount="104" insertCount="6426" extractCount="6366" duration="3440820"/>
			<Sample nodeCount="105" insertCount="6481" extractCount="6434" duration="3484920"/>
			<Sample nodeCount="106" insertCount="6544" extractCount="6494" duration="3532240"/>
			<Sample nodeCount="107" insertCount="6607" extractCount="6554" duration="3521140"/>
			<Sample nodeCount="108" insertCount="6669" extractCount="6615" duration="3588800"/>
			<Sample nodeCount="109" insertCount="6732" extractCount="6675" duration="3626100"/>
			<Sample nodeCount="110" insertCount="6794" extractCount="6736" duration="3637640"/>
			<Sample nodeCount="111" insertCount="6852" extractCount="6801" duration="3685800"/>
			<Sample nodeCount="112" insertCount="6918" extractCount="6858" duration="3741140"/>
			<Sample nodeCount="113" insertCount="6981" extractCount="6918" duration="3773800"/>
			<Sample nodeCount="114" insertCount="7041" extractCount="6981" duration="3796200"/>
			<Sample nodeCount="115" insertCount="7103" extractCount="7042" duration="3828180"/>
			<Sample nodeCount="116" insertCount="7164" extractCount="7104" duration="3849780"/>
			<Sample nodeCount="117" insertCount="7225" extractCount="7166" duration="3914500"/>
			<Sample nodeCount="118" insertCount="7291" extractCount="7223" duration="3946060"/>
			<Sample nodeCount="119" insertCount="7350" extractCount="7287" duration="3974520"/>
			<Sample nodeCount="120" insertCount="7410" extractCount="7350" duration="4001920"/>
			<Sample nodeCount="121" insertCount="7471" extractCount="7412" duration="4035940"/>
			<Sample nodeCount="122" insertCount="7537" extractCount="7469" duration="4053000"/>
			<Sample nodeCount="123" insertCount="7593" extractCount="7536" duration="4115720"/>
			<Sample nodeCount="124" insertCount="7658" extractCount="7594" duration="4148320"/>
			<Sample nodeCount="125" insertCount="7718" extractCount="7657" duration="4201780"/>
			<Sample nodeCount="126" insertCount="7781" extractCount="7717" duration="4192500"/>
			<Sample nodeCount="127" insertCount="7840" extractCount="7781" duration="4262420"/>
		</SmallSetRandomOps>
		<LargeSetRandomOps>
		</LargeSetRandomOps>
		<SmallSetLinear>
			<Sample nodeCount="1" insertCount="10000" extractCount="10000" duration="1566700"/>
			<Sample nodeCount="2" insertCount="10000" extractCount="10000" duration="3578880"/>
			<Sample nodeCount="3" insertCount="10000" extractCount="10000" duration="6106140"/>
			<Sample nodeCount="4" insertCount="10000" extractCount="10000" duration="9430260"/>
			<Sample nodeCount="5" insertCount="10000" extractCount="10000" duration="12878120"/>
			<Sample nodeCount="6" insertCount="10000" extractCount="10000" duration="16200880"/>
			<Sample nodeCount="7" insertCount="10000" extractCount="10000" duration="19521640"/>
			<Sample nodeCount="8" insertCount="10000" extractCount="10000" duration="24055860"/>
			<Sample nodeCount="9" insertCount="10000" extractCount="10000" duration="27445800"/>
			<Sample nodeCount="10" insertCount="10000" extractCount="10000" duration="32186960"/>
			<Sample nodeCount="11" insertCount="10000" extractCount="10000" duration="36227340"/>
			<Sample nodeCount="12" insertCount="10000" extractCount="10000" duration="40418720"/>
			<Sample nodeCount="13" insertCount="10000" extractCount="10000" duration="43801360"/>
			<Sample nodeCount="14" insertCount="10000" extractCount="10000" duration="48737240"/>
			<Sample nodeCount="15" insertCount="10000" extractCount="10000" duration="52240560"/>
			<Sample nodeCount="16" insertCount="10000" extractCount="10000" duration="56743240"/>
			<Sample nodeCount="17" insertCount="10000" extractCount="10000" duration="60158360"/>
			<Sample nodeCount="18" insertCount="10000" extractCount="10000" duration="65347460"/>
			<Sample nodeCount="19" insertCount="10000" extractCount="10000" duration="68577340"/>
			<Sample nodeCount="20" insertCount="10000" extractCount="10000" duration="72927860"/>
			<Sample nodeCount="21" insertCount="10000" extractCount="10000" duration="76520920"/>
			<Sample nodeCount="22" insertCount="10000" extractCount="10000" duration="82937920"/>
			<Sample nodeCount="23" insertCount="10000" extractCount="10000" duration="86841760"/>
			<Sample nodeCount="24" insertCount="10000" extractCount="10000" duration="91230280"/>
			<Sample nodeCount="25" insertCount="10000" extractCount="10000" duration="95010120"/>
			<Sample nodeCount="26" insertCount="10000" extractCount="10000" duration="100550820"/>
			<Sample nodeCount="27" insertCount="10000" extractCount="10000" duration="104392820"/>
			<Sample nodeCount="28" insertCount="10000" extractCount="10000" duration="108657620"/>
			<Sample nodeCount="29" insertCount="10000" extractCount="10000" duration="112618560"/>
			<Sample nodeCount="30" insertCount="10000" extractCount="10000" duration="119114440"/>
			<Sample nodeCount="31" insertCount="10000" extractCount="10000" duration="122855460"/>
			<Sample nodeCount="32" insertCount="10000" extractCount="10000" duration="127355920"/>
			<Sample nodeCount="33" insertCount="10000" extractCount="10000" duration="131125100"/>
			<Sample nodeCount="34" insertCount="10000" extractCount="10000" duration="136653720"/>
			<Sample nodeCount="35" insertCount="10000" extractCount="10000" duration="140582080"/>
			<Sample nodeCount="36" insertCount="10000" extractCount="10000" duration="144935020"/>
			<Sample nodeCount="37" insertCount="10000" extractCount="10000" duration="148951060"/>
			<Sample nodeCount="38" insertCount="10000" extractCount="10000" duration="155675840"/>
			<Sample nodeCount="39" insertCount="10000" extractCount="10000" duration="159295160"/>
			<Sample nodeCount="40" insertCount="10000" extractCount="10000" duration="163962420"/>
			<Sample nodeCount="41" insertCount="10000" extractCount="10000" duration="167422040"/>
			<Sample nodeCount="42" insertCount="10000" extractCount="10000" duration="173252720"/>
			<Sample nodeCount="43" insertCount="10000" extractCount="10000" duration="176849780"/>
			<Sample nodeCount="44" insertCount="10000" extractCount="10000" duration="181550840"/>
			<Sample nodeCount="45" insertCount="10000" extractCount="10000" duration="185126420"/>
			<Sample nodeCount="46" insertCount="10000" extractCount="10000" duration="191558140"/>
			<Sample nodeCount="47" insertCount="10000" extractCount="10000" duration="195548860"/>
			<Sample nodeCount="48" insertCount="10000" extractCount="10000" duration="200151640"/>
			<Sample nodeCount="49" insertCount="10000" extractCount="10000" duration="204068720"/>
			<Sample nodeCount="50" insertCount="10000" extractCount="10000" duration="209712020"/>
			<Sample nodeCount="51" insertCount="10000" extractCount="10000" duration="213401840"/>
			<Sample nodeCount="52" insertCount="10000" extractCount="10000" duration="218096300"/>
			<Sample nodeCount="53" insertCount="10000" extractCount="10000" duration="221950440"/>
			<Sample nodeCount="54" insertCount="10000" extractCount="10000" duration="229255120"/>
			<Sample nodeCount="55" insertCount="10000" extractCount="10000" duration="233123540"/>
			<Sample nodeCount="56" insertCount="10000" extractCount="10000" duration="237504400"/>
			<Sample nodeCount="57" insertCount="10000" extractCount="10000" duration="241546740"/>
			<Sample nodeCount="58" insertCount="10000" extractCount="10000" duration="246837140"/>
			<Sample nodeCount="59" insertCount="10000" extractCount="10000" duration="250880000"/>
			<Sample nodeCount="60" insertCount="10000" extractCount="10000" duration="255294820"/>
			<Sample nodeCount="61" insertCount="10000" extractCount="10000" duration="259425020"/>
			<Sample nodeCount="62" insertCount="10000" extractCount="10000" duration="267342860"/>
			<Sample nodeCount="63" insertCount="10000" extractCount="10000" duration="271328060"/>
			<Sample nodeCount="64" insertCount="10000" extractCount="10000" duration="276033660"/>
			<Sample nodeCount="65" insertCount="10000" extractCount="10000" duration="279924280"/>
			<Sample nodeCount="66" insertCount="10000" extractCount="10000" duration="285506220"/>
			<Sample nodeCount="67" insertCount="10000" extractCount="10000" duration="289432980"/>
			<Sample nodeCount="68" insertCount="10000" extractCount="10000" duration="294225660"/>
			<Sample nodeCount="69" insertCount="10000" extractCount="10000" duration="298063760"/>
			<Sample nodeCount="70" insertCount="10000" extractCount="10000" duration="305594920"/>
			<Sample nodeCount="71" insertCount="10000" extractCount="10000" duration="309512100"/>
			<Sample nodeCount="72" insertCount="10000" extractCount="10000" duration="314050600"/>
			<Sample nodeCount="73" insertCount="10000" extractCount="10000" duration="318105880"/>
			<Sample nodeCount="74" insertCount="10000" extractCount="10000" duration="323717300"/>
			<Sample nodeCount="75" insertCount="10000" extractCount="10000" duration="327613260"/>
			<Sample nodeCount="76" insertCount="10000" extractCount="10000" duration="332201680"/>
			<Sample nodeCount="77" insertCount="10000" extractCount="10000" duration="336459740"/>
			<Sample nodeCount="78" insertCount="10000" extractCount="10000" duration="344477000"/>
			<Sample nodeCount="79" insertCount="10000" extractCount="10000" duration="348362220"/>
			<Sample nodeCount="80" insertCount="10000" extractCount="10000" duration="353032700"/>
			<Sample nodeCount="81" insertCount="10000" extractCount="10000" duration="356933020"/>
			<Sample nodeCount="82" insertCount="10000" extractCount="10000" duration="362573540"/>
			<Sample nodeCount="83" insertCount="10000" extractCount="10000" duration="366462040"/>
			<Sample nodeCount="84" insertCount="10000" extractCount="10000" duration="371170260"/>
			<Sample nodeCount="85" insertCount="10000" extractCount="10000" duration="375250740"/>
			<Sample nodeCount="86" insertCount="10000" extractCount="10000" duration="382465960"/>
			<Sample nodeCount="87" insertCount="10000" extractCount="10000" duration="386450880"/>
			<Sample nodeCount="88" insertCount="10000" extractCount="10000" duration="391096320"/>
			<Sample nodeCount="89" insertCount="10000" extractCount="10000" duration="395180700"/>
			<Sample nodeCount="90" insertCount="10000" extractCount="10000" duration="400603640"/>
			<Sample nodeCount="91" insertCount="10000" extractCount="10000" duration="404635120"/>
			<Sample nodeCount="92" insertCount="10000" extractCount="10000" duration="409235540"/>
			<Sample nodeCount="93" insertCount="10000" extractCount="10000" duration="413412020"/>
			<Sample nodeCount="94" insertCount="10000" extractCount="10000" duration="423665640"/>
			<Sample nodeCount="95" insertCount="10000" extractCount="10000" duration="427673380"/>
			<Sample nodeCount="96" insertCount="10000" extractCount="10000" duration="432469180"/>
			<Sample nodeCount="97" insertCount="10000" extractCount="10000" duration="436456540"/>
			<Sample nodeCount="98" insertCount="10000" extractCount="10000" duration="442188660"/>
			<Sample nodeCount="99" insertCount="10000" extractCount="10000" duration="446184940"/>
			<Sample nodeCount="100" insertCount="10000" extractCount="10000" duration="451046060"/>
			<Sample nodeCount="101" insertCount="10000" extractCount="10000" duration="454947000"/>
			<Sample nodeCount="102" insertCount="10000" extractCount="10000" duration="462455600"/>
			<Sample nodeCount="103" insertCount="10000" extractCount="10000" duration="466416980"/>
			<Sample nodeCount="104" insertCount="10000" extractCount="10000" duration="471409340"/>
			<Sample nodeCount="105" insertCount="10000" extractCount="10000" duration="475224740"/>
			<Sample nodeCount="106" insertCount="10000" extractCount="10000" duration="480944520"/>
			<Sample nodeCount="107" insertCount="10000" extractCount="10000" duration="484980900"/>
			<Sample nodeCount="108" insertCount="10000" extractCount="10000" duration="489969700"/>
			<Sample nodeCount="109" insertCount="10000" extractCount="10000" duration="493711260"/>
			<Sample nodeCount="110" insertCount="10000" extractCount="10000" duration="504062020"/>
			<Sample nodeCount="111" insertCount="10000" extractCount="10000" duration="508212300"/>
			<Sample nodeCount="112" insertCount="10000" extractCount="10000" duration="512948420"/>
			<Sample nodeCount="113" insertCount="10000" extractCount="10000" duration="516998040"/>
			<Sample nodeCount="114" insertCount="10000" extractCount="10000" duration="522771620"/>
			<Sample nodeCount="115" insertCount="10000" extractCount="10000" duration="526731160"/>
			<Sample nodeCount="116" insertCount="10000" extractCount="10000" duration="531340940"/>
			<Sample nodeCount="117" insertCount="10000" extractCount="10000" duration="535526760"/>
			<Sample nodeCount="118" insertCount="10000" extractCount="10000" duration="542813100"/>
			<Sample nodeCount="119" insertCount="10000" extractCount="10000" duration="546921460"/>
			<Sample nodeCount="120" insertCount="10000" extractCount="10000" duration="551620320"/>
			<Sample nodeCount="121" insertCount="10000" extractCount="10000" duration="555796200"/>
			<Sample nodeCount="122" insertCount="10000" extractCount="10000" duration="561301320"/>
			<Sample nodeCount="123" insertCount="10000" extractCount="10000" duration="565494420"/>
			<Sample nodeCount="124" insertCount="10000" extractCount="10000" duration="570109620"/>
			<Sample nodeCount="125" insertCount="10000" extractCount="10000" duration="574143820"/>
			<Sample nodeCount="126" insertCount="10000" extractCount="10000" duration="584752500"/>
			<Sample nodeCount="127" insertCount="10000" extractCount="10000" duration="588867760"/>
		</SmallSetLinear>
		<LargeSetLinear>
		</LargeSetLinear>
	</RBTest>
	<RBTest implementation="RB Compact" nodeSize="8">
		<SmallSetRandomOps>
			<Sample nodeCount="1" insertCount="62" extractCount="61" duration="13620"/>
			<Sample nodeCount="2" insertCount="123" extractCount="123" duration="30500"/>
			<Sample nodeCount="3" insertCount="186" extractCount="183" duration="51700"/>
			<Sample nodeCount="4" insertCount="247" extractCount="245" duration="72540"/>
			<Sample nodeCount="5" insertCount="309" extractCount="306" duration="98280"/>
			<Sample nodeCount="6" insertCount="370" extractCount="368" duration="122220"/>
			<Sample nodeCount="7" insertCount="433" extractCount="428" duration="150000"/>
			<Sample nodeCount="8" insertCount="493" extractCount="491" duration="177540"/>
			<Sample nodeCount="9" insertCount="557" extractCount="550" duration="205840"/>
			<Sample nodeCount="10" insertCount="619" extractCount="611" duration="230760"/>
			<Sample nodeCount="11" insertCount="680" extractCount="673" duration="260740"/>
			<Sample nodeCount="12" insertCount="740" extractCount="736" duration="293660"/>
			<Sample nodeCount="13" insertCount="803" extractCount="796" duration="323620"/>
			<Sample nodeCount="14" insertCount="864" extractCount="858" duration="351540"/>
			<Sample nodeCount="15" insertCount="927" extractCount="918" duration="373540"/>
			<Sample nodeCount="16" insertCount="988" extractCount="980" duration="406620"/>
			<Sample nodeCount="17" insertCount="1050" extractCount="1041" duration="437420"/>
			<Sample nodeCount="18" insertCount="1113" extractCount="1101" duration="463960"/>
			<Sample nodeCount="19" insertCount="1172" extractCount="1165" duration="491900"/>
			<Sample nodeCount="20" insertCount="1237" extractCount="1223" duration="523540"/>
			<Sample nodeCount="21" insertCount="1296" extractCount="1287" duration="551960"/>
			<Sample nodeCount="22" insertCount="1359" extractCount="1347" duration="583060"/>
			<Sample nodeCount="23" insertCount="1419" extractCount="1410" duration="611020"/>
			<Sample nodeCount="24" insertCount="1484" extractCount="1468" duration="640020"/>
			<Sample nodeCount="25" insertCount="1544" extractCount="1531" duration="671580"/>
			<Sample nodeCount="26" insertCount="1604" extractCount="1594" duration="698440"/>
			<Sample nodeCount="27" insertCount="1668" extractCount="1653" duration="732100"/>
			<Sample nodeCount="28" insertCount="1729" extractCount="1715" duration="767260"/>
			<Sample nodeCount="29" insertCount="1790" extractCount="1777" duration="795700"/>
			<Sample nodeCount="30" insertCount="1851" extractCount="1839" duration="826540"/>
			<Sample nodeCount="31" insertCount="1914" extractCount="1899" duration="858940"/>
			<Sample nodeCount="32" insertCount="1977" extractCount="1959" duration="888080"/>
			<Sample nodeCount="33" insertCount="2041" extractCount="2018" duration="921600"/>
			<Sample nodeCount="34" insertCount="2097" extractCount="2085" duration="952080"/>
			<Sample nodeCount="35" insertCount="2160" extractCount="2145" duration="984920"/>
			<Sample nodeCount="36" insertCount="2221" extractCount="2207" duration="1007820"/>
			<Sample nodeCount="37" insertCount="2285" extractCount="2266" duration="1047820"/>
			<Sample nodeCount="38" insertCount="2346" extractCount="2328" duration="1074460"/>
			<Sample nodeCount="39" insertCount="2408" extractCount="2389" duration="1097660"/>
			<Sample nodeCount="40" insertCount="2471" extractCount="2449" duration="1133040"/>
			<Sample nodeCount="41" insertCount="2531" extractCount="2512" duration="1167440"/>
			<Sample nodeCount="42" insertCount="2593" extractCount="2573" duration="1192520"/>
			<Sample nodeCount="43" insertCount="2656" extractCount="2633" duration="1223240"/>
			<Sample nodeCount="44" insertCount="2717" extractCount="2695" duration="1255840"/>
			<Sample nodeCount="45" insertCount="2776" extractCount="2759" duration="1276900"/>
			<Sample nodeCount="46" insertCount="2840" extractCount="2818" duration="1312900"/>
			<Sample nodeCount="47" insertCount="2902" extractCount="2879" duration="1341700"/>
			<Sample nodeCount="48" insertCount="2966" extractCount="2938" duration="1371640"/>
			<Sample nodeCount="49" insertCount="3026" extractCount="3001" duration="1409100"/>
			<Sample nodeCount="50" insertCount="3084" extractCount="3066" duration="1441800"/>
			<Sample nodeCount="51" insertCount="3151" extractCount="3122" duration="1470160"/>
			<Sample nodeCount="52" insertCount="3209" extractCount="3187" duration="1504240"/>
			<Sample nodeCount="53" insertCount="3273" extractCount="3246" duration="1532760"/>
			<Sample nodeCount="54" insertCount="3337" extractCount="3305" duration="1560800"/>
			<Sample nodeCount="55" insertCount="3400" extractCount="3365" duration="1601120"/>
			<Sample nodeCount="56" insertCount="3458" extractCount="3430" duration="1633120"/>
			<Sample nodeCount="57" insertCount="3521" extractCount="3490" duration="1657000"/>
			<Sample nodeCount="58" insertCount="3580" extractCount="3554" duration="1694620"/>
			<Sample nodeCount="59" insertCount="3647" extractCount="3610" duration="1742460"/>
			<Sample nodeCount="60" insertCount="3706" extractCount="3674" duration="1759860"/>
			<Sample nodeCount="61" insertCount="3766" extractCount="3737" duration="1792580"/>
			<Sample nodeCount="62" insertCount="3828" extractCount="3798" duration="1827520"/>
			<Sample nodeCount="63" insertCount="3888" extractCount="3861" duration="1845940"/>
			<Sample nodeCount="64" insertCount="3952" extractCount="3920" duration="1888640"/>
			<Sample nodeCount="65" insertCount="4014" extractCount="3981" duration="1913080"/>
			<Sample nodeCount="66" insertCount="4077" extractCount="4041" duration="1946960"/>
			<Sample nodeCount="67" insertCount="4136" extractCount="4105" duration="1995460"/>
			<Sample nodeCount="68" insertCount="4200" extractCount="4164" duration="2015780"/>
			<Sample nodeCount="69" insertCount="4263" extractCount="4224" duration="2048580"/>
			<Sample nodeCount="70" insertCount="4325" extractCount="4285" duration="2084120"/>
			<Sample nodeCount="71" insertCount="4381" extractCount="4352" duration="2110420"/>
			<Sample nodeCount="72" insertCount="4448" extractCount="4408" duration="2149680"/>
			<Sample nodeCount="73" insertCount="4507" extractCount="4472" duration="2184820"/>
			<Sample nodeCount="74" insertCount="4571" extractCount="4531" duration="2213820"/>
			<Sample nodeCount="75" insertCount="4631" extractCount="4594" duration="2244900"/>
			<Sample nodeCount="76" insertCount="4693" extractCount="4655" duration="2276920"/>
			<Sample nodeCount="77" insertCount="4755" extractCount="4716" duration="2311480"/>
			<Sample nodeCount="78" insertCount="4817" extractCount="4777" duration="2334780"/>
			<Sample nodeCount="79" insertCount="4877" extractCount="4840" duration="2364300"/>
			<Sample nodeCount="80" insertCount="4942" extractCount="4898" duration="2409620"/>
			<Sample nodeCount="81" insertCount="5002" extractCount="4961" duration="2445780"/>
			<Sample nodeCount="82" insertCount="5063" extractCount="5023" duration="2472380"/>
			<Sample nodeCount="83" insertCount="5124" extractCount="5085" duration="2510960"/>
			<Sample nodeCount="84" insertCount="5187" extractCount="5145" duration="2546120"/>
			<Sample nodeCount="85" insertCount="5250" extractCount="5205" duration="2569220"/>
			<Sample nodeCount="86" insertCount="5314" extractCount="5264" duration="2605640"/>
			<Sample nodeCount="87" insertCount="5374" extractCount="5327" duration="2641920"/>
			<Sample nodeCount="88" insertCount="5432" extractCount="5392" duration="2667160"/>
			<Sample nodeCount="89" insertCount="5490" extractCount="5457" duration="2688820"/>
			<Sample nodeCount="90" insertCount="5559" extractCount="5511" duration="2717600"/>
			<Sample nodeCount="91" insertCount="5621" extractCount="5572" duration="2757540"/>
			<Sample nodeCount="92" insertCount="5680" extractCount="5636" duration="2790380"/>
			<Sample nodeCount="93" insertCount="5740" extractCount="5699" duration="2826640"/>
			<Sample nodeCount="94" insertCount="5803" extractCount="5759" duration="2861180"/>
			<Sample nodeCount="95" insertCount="5862" extractCount="5823" duration="2879000"/>
			<Sample nodeCount="96" insertCount="5929" extractCount="5879" duration="2909660"/>
			<Sample nodeCount="97" insertCount="5993" extractCount="5938" duration="2953400"/>
			<Sample nodeCount="98" insertCount="6055" extractCount="5999" duration="2981620"/>
			<Sample nodeCount="99" insertCount="6113" extractCount="6064" duration="3021660"/>
			<Sample nodeCount="100" insertCount="6172" extractCount="6128" duration="3051260"/>
			<Sample nodeCount="101" insertCount="6238" extractCount="6185" duration="3085920"/>
			<Sample nodeCount="102" insertCount="6299" extractCount="6247" duration="3098880"/>
			<Sample nodeCount="103" insertCount="6363" extractCount="6306" duration="3148980"/>
			<Sample nodeCount="104" insertCount="6426" extractCount="6366" duration="3179040"/>
			<Sample nodeCount="105" insertCount="6481" extractCount="6434" duration="3214980"/>
			<Sample nodeCount="106" insertCount="6544" extractCount="6494" duration="3243800"/>
			<Sample nodeCount="107" insertCount="6607" extractCount="6554" duration="3273600"/>
			<Sample nodeCount="108" insertCount="6669" extractCount="6615" duration="3312740"/>
			<Sample nodeCount="109" insertCount="6732" extractCount="6675" duration="3341660"/>
			<Sample nodeCount="110" insertCount="6794" extractCount="6736" duration="3369900"/>
			<Sample nodeCount="111" insertCount="6852" extractCount="6801" duration="3406500"/>
			<Sample nodeCount="112" insertCount="6918" extractCount="6858" duration="3444560"/>
			<Sample nodeCount="113" insertCount="6981" extractCount="6918" duration="3481320"/>
			<Sample nodeCount="114" insertCount="7041" extractCount="6981" duration="3511220"/>
			<Sample nodeCount="115" insertCount="7103" extractCount="7042" duration="3525940"/>
			<Sample nodeCount="116" insertCount="7164" extractCount="7104" duration="3577300"/>
			<Sample nodeCount="117" insertCount="7225" extractCount="7166" duration="3610240"/>
			<Sample nodeCount="118" insertCount="7291" extractCount="7223" duration="3640260"/>
			<Sample nodeCount="119" insertCount="7350" extractCount="7287" duration="3685060"/>
			<Sample nodeCount="120" insertCount="7410" extractCount="7350" duration="3707700"/>
			<Sample nodeCount="121" insertCount="7471" extractCount="7412" duration="3748680"/>
			<Sample nodeCount="122" insertCount="7537" extractCount="7469" duration="3781720"/>
			<Sample nodeCount="123" insertCount="7593" extractCount="7536" duration="3796480"/>
			<Sample nodeCount="124" insertCount="7658" extractCount="7594" duration="3834940"/>
			<Sample nodeCount="125" insertCount="7718" extractCount="7657" duration="3890400"/>
			<Sample nodeCount="126" insertCount="7781" extractCount="7717" duration="3903900"/>
			<Sample nodeCount="127" insertCount="7840" extractCount="7781" duration="3958100"/>
		</SmallSetRandomOps>
		<LargeSetRandomOps>
		</LargeSetRandomOps>
		<SmallSetLinear>
			<Sample nodeCount="1" insertCount="10000" extractCount="10000" duration="750340"/>
			<Sample nodeCount="2" insertCount="10000" extractCount="10000" duration="2126860"/>
			<Sample nodeCount="3" insertCount="10000" extractCount="10000" duration="4115860"/>
			<Sample nodeCount="4" insertCount="10000" extractCount="10000" duration="5979860"/>
			<Sample nodeCount="5" insertCount="10000" extractCount="10000" duration="8369540"/>
			<Sample nodeCount="6" insertCount="10000" extractCount="10000" duration="10082840"/>
			<Sample nodeCount="7" insertCount="10000" extractCount="10000" duration="13560060"/>
			<Sample nodeCount="8" insertCount="10000" extractCount="10000" duration="15261580"/>
			<Sample nodeCount="9" insertCount="10000" extractCount="10000" duration="18113880"/>
			<Sample nodeCount="10" insertCount="10000" extractCount="10000" duration="20303620"/>
			<Sample nodeCount="11" insertCount="10000" extractCount="10000" duration="23743340"/>
			<Sample nodeCount="12" insertCount="10000" extractCount="10000" duration="25531680"/>
			<Sample nodeCount="13" insertCount="10000" extractCount="10000" duration="28246320"/>
			<Sample nodeCount="14" insertCount="10000" extractCount="10000" duration="30360340"/>
			<Sample nodeCount="15" insertCount="10000" extractCount="10000" duration="34413460"/>
			<Sample nodeCount="16" insertCount="10000" extractCount="10000" duration="36202380"/>
			<Sample nodeCount="17" insertCount="10000" extractCount="10000" duration="38929600"/>
			<Sample nodeCount="18" insertCount="10000" extractCount="10000" duration="41043520"/>
			<Sample nodeCount="19" insertCount="10000" extractCount="10000" duration="43883640"/>
			<Sample nodeCount="20" insertCount="10000" extractCount="10000" duration="45997700"/>
			<Sample nodeCount="21" insertCount="10000" extractCount="10000" duration="48649900"/>
			<Sample nodeCount="22" insertCount="10000" extractCount="10000" duration="50851240"/>
			<Sample nodeCount="23" insertCount="10000" extractCount="10000" duration="55705040"/>
			<Sample nodeCount="24" insertCount="10000" extractCount="10000" duration="57581520"/>
			<Sample nodeCount="25" insertCount="10000" extractCount="10000" duration="60233880"/>
			<Sample nodeCount="26" insertCount="10000" extractCount="10000" duration="62435400"/>
			<Sample nodeCount="27" insertCount="10000" extractCount="10000" duration="66175800"/>
			<Sample nodeCount="28" insertCount="10000" extractCount="10000" duration="68377480"/>
			<Sample nodeCount="29" insertCount="10000" extractCount="10000" duration="71116460"/>
			<Sample nodeCount="30" insertCount="10000" extractCount="10000" duration="73405420"/>
			<Sample nodeCount="31" insertCount="10000" extractCount="10000" duration="78346580"/>
			<Sample nodeCount="32" insertCount="10000" extractCount="10000" duration="80223200"/>
			<Sample nodeCount="33" insertCount="10000" extractCount="10000" duration="82875580"/>
			<Sample nodeCount="34" insertCount="10000" extractCount="10000" duration="85077000"/>
			<Sample nodeCount="35" insertCount="10000" extractCount="10000" duration="88817540"/>
			<Sample nodeCount="36" insertCount="10000" extractCount="10000" duration="91019100"/>
			<Sample nodeCount="37" insertCount="10000" extractCount="10000" duration="93758800"/>
			<Sample nodeCount="38" insertCount="10000" extractCount="10000" duration="96047720"/>
			<Sample nodeCount="39" insertCount="10000" extractCount="10000" duration="101365220"/>
			<Sample nodeCount="40" insertCount="10000" extractCount="10000" duration="103566580"/>
			<Sample nodeCount="41" insertCount="10000" extractCount="10000" duration="106305400"/>
			<Sample nodeCount="42" insertCount="10000" extractCount="10000" duration="108594480"/>
			<Sample nodeCount="43" insertCount="10000" extractCount="10000" duration="112423460"/>
			<Sample nodeCount="44" insertCount="10000" extractCount="10000" duration="114712180"/>
			<Sample nodeCount="45" insertCount="10000" extractCount="10000" duration="117538900"/>
			<Sample nodeCount="46" insertCount="10000" extractCount="10000" duration="119915960"/>
			<Sample nodeCount="47" insertCount="10000" extractCount="10000" duration="126357920"/>
			<Sample nodeCount="48" insertCount="10000" extractCount="10000" duration="128321960"/>
			<Sample nodeCount="49" insertCount="10000" extractCount="10000" duration="131061760"/>
			<Sample nodeCount="50" insertCount="10000" extractCount="10000" duration="133350860"/>
			<Sample nodeCount="51" insertCount="10000" extractCount="10000" duration="137178920"/>
			<Sample nodeCount="52" insertCount="10000" extractCount="10000" duration="139467820"/>
			<Sample nodeCount="53" insertCount="10000" extractCount="10000" duration="142295100"/>
			<Sample nodeCount="54" insertCount="10000" extractCount="10000" duration="144671580"/>
			<Sample nodeCount="55" insertCount="10000" extractCount="10000" duration="150076100"/>
			<Sample nodeCount="56" insertCount="10000" extractCount="10000" duration="152365000"/>
			<Sample nodeCount="57" insertCount="10000" extractCount="10000" duration="155192720"/>
			<Sample nodeCount="58" insertCount="10000" extractCount="10000" duration="157569740"/>
			<Sample nodeCount="59" insertCount="10000" extractCount="10000" duration="161485200"/>
			<Sample nodeCount="60" insertCount="10000" extractCount="10000" duration="163861740"/>
			<Sample nodeCount="61" insertCount="10000" extractCount="10000" duration="166776360"/>
			<Sample nodeCount="62" insertCount="10000" extractCount="10000" duration="169240420"/>
			<Sample nodeCount="63" insertCount="10000" extractCount="10000" duration="175970080"/>
			<Sample nodeCount="64" insertCount="10000" extractCount="10000" duration="177934780"/>
			<Sample nodeCount="65" insertCount="10000" extractCount="10000" duration="180674420"/>
			<Sample nodeCount="66" insertCount="10000" extractCount="10000" duration="182963800"/>
			<Sample nodeCount="67" insertCount="10000" extractCount="10000" duration="186791480"/>
			<Sample nodeCount="68" insertCount="10000" extractCount="10000" duration="189080600"/>
			<Sample nodeCount="69" insertCount="10000" extractCount="10000" duration="191907940"/>
			<Sample nodeCount="70" insertCount="10000" extractCount="10000" duration="194284580"/>
			<Sample nodeCount="71" insertCount="10000" extractCount="10000" duration="199688820"/>
			<Sample nodeCount="72" insertCount="10000" extractCount="10000" duration="201977940"/>
			<Sample nodeCount="73" insertCount="10000" extractCount="10000" duration="204805380"/>
			<Sample nodeCount="74" insertCount="10000" extractCount="10000" duration="207181640"/>
			<Sample nodeCount="75" insertCount="10000" extractCount="10000" duration="211097340"/>
			<Sample nodeCount="76" insertCount="10000" extractCount="10000" duration="213474560"/>
			<Sample nodeCount="77" insertCount="10000" extractCount="10000" duration="216388480"/>
			<Sample nodeCount="78" insertCount="10000" extractCount="10000" duration="218853440"/>
			<Sample nodeCount="79" insertCount="10000" extractCount="10000" duration="226534160"/>
			<Sample nodeCount="80" insertCount="10000" extractCount="10000" duration="228822340"/>
			<Sample nodeCount="81" insertCount="10000" extractCount="10000" duration="231650680"/>
			<Sample nodeCount="82" insertCount="10000" extractCount="10000" duration="234027260"/>
			<Sample nodeCount="83" insertCount="10000" extractCount="10000" duration="237943160"/>
			<Sample nodeCount="84" insertCount="10000" extractCount="10000" duration="240319000"/>
			<Sample nodeCount="85" insertCount="10000" extractCount="10000" duration="243233820"/>
			<Sample nodeCount="86" insertCount="10000" extractCount="10000" duration="245699300"/>
			<Sample nodeCount="87" insertCount="10000" extractCount="10000" duration="251190720"/>
			<Sample nodeCount="88" insertCount="10000" extractCount="10000" duration="253567120"/>
			<Sample nodeCount="89" insertCount="10000" extractCount="10000" duration="256481380"/>
			<Sample nodeCount="90" insertCount="10000" extractCount="10000" duration="258946560"/>
			<Sample nodeCount="91" insertCount="10000" extractCount="10000" duration="262949280"/>
			<Sample nodeCount="92" insertCount="10000" extractCount="10000" duration="265413980"/>
			<Sample nodeCount="93" insertCount="10000" extractCount="10000" duration="268416260"/>
			<Sample nodeCount="94" insertCount="10000" extractCount="10000" duration="270967740"/>
			<Sample nodeCount="95" insertCount="10000" extractCount="10000" duration="279649520"/>
			<Sample nodeCount="96" insertCount="10000" extractCount="10000" duration="281700900"/>
			<Sample nodeCount="97" insertCount="10000" extractCount="10000" duration="284527560"/>
			<Sample nodeCount="98" insertCount="10000" extractCount="10000" duration="286905060"/>
			<Sample nodeCount="99" insertCount="10000" extractCount="10000" duration="290820080"/>
			<Sample nodeCount="100" insertCount="10000" extractCount="10000" duration="293197740"/>
			<Sample nodeCount="101" insertCount="10000" extractCount="10000" duration="296111440"/>
			<Sample nodeCount="102" insertCount="10000" extractCount="10000" duration="298576100"/>
			<Sample nodeCount="103" insertCount="10000" extractCount="10000" duration="304067460"/>
			<Sample nodeCount="104" insertCount="10000" extractCount="10000" duration="306444720"/>
			<Sample nodeCount="105" insertCount="10000" extractCount="10000" duration="309359000"/>
			<Sample nodeCount="106" insertCount="10000" extractCount="10000" duration="311823620"/>
			<Sample nodeCount="107" insertCount="10000" extractCount="10000" duration="315825920"/>
			<Sample nodeCount="108" insertCount="10000" extractCount="10000" duration="318291260"/>
			<Sample nodeCount="109" insertCount="10000" extractCount="10000" duration="321293780"/>
			<Sample nodeCount="110" insertCount="10000" extractCount="10000" duration="323845240"/>
			<Sample nodeCount="111" insertCount="10000" extractCount="10000" duration="331614040"/>
			<Sample nodeCount="112" insertCount="10000" extractCount="10000" duration="333990300"/>
			<Sample nodeCount="113" insertCount="10000" extractCount="10000" duration="336905740"/>
			<Sample nodeCount="114" insertCount="10000" extractCount="10000" duration="339369300"/>
			<Sample nodeCount="115" insertCount="10000" extractCount="10000" duration="343372820"/>
			<Sample nodeCount="116" insertCount="10000" extractCount="10000" duration="345836780"/>
			<Sample nodeCount="117" insertCount="10000" extractCount="10000" duration="348838940"/>
			<Sample nodeCount="118" insertCount="10000" extractCount="10000" duration="351391320"/>
			<Sample nodeCount="119" insertCount="10000" extractCount="10000" duration="356970380"/>
			<Sample nodeCount="120" insertCount="10000" extractCount="10000" duration="359434060"/>
			<Sample nodeCount="121" insertCount="10000" extractCount="10000" duration="362436560"/>
			<Sample nodeCount="122" insertCount="10000" extractCount="10000" duration="364988500"/>
			<Sample nodeCount="123" insertCount="10000" extractCount="10000" duration="369079580"/>
			<Sample nodeCount="124" insertCount="10000" extractCount="10000" duration="371632120"/>
			<Sample nodeCount="125" insertCount="10000" extractCount="10000" duration="374721080"/>
			<Sample nodeCount="126" insertCount="10000" extractCount="10000" duration="377359980"/>
			<Sample nodeCount="127" insertCount="10000" extractCount="10000" duration="386341920"/>
		</SmallSetLinear>
		<LargeSetLinear>
		</LargeSetLinear>
	</RBTest>
	<RBTest implementation="JFFS2" nodeSize="16">
		<SmallSetRandomOps>
			<Sample nodeCount="1" insertCount="62" extractCount="61" duration="12560"/>
			<Sample nodeCount="2" insertCount="123" extractCount="123" duration="26540"/>
			<Sample nodeCount="3" insertCount="186" extractCount="183" duration="43640"/>
			<Sample nodeCount="4" insertCount="247" extractCount="245" duration="61220"/>
			<Sample nodeCount="5" insertCount="309" extractCount="306" duration="83220"/>
			<Sample nodeCount="6" insertCount="370" extractCount="368" duration="102400"/>
			<Sample nodeCount="7" insertCount="433" extractCount="428" duration="125320"/>
			<Sample nodeCount="8" insertCount="493" extractCount="491" duration="145780"/>
			<Sample nodeCount="9" insertCount="557" extractCount="550" duration="169080"/>
			<Sample nodeCount="10" insertCount="619" extractCount="611" duration="186440"/>
			<Sample nodeCount="11" insertCount="680" extractCount="673" duration="210940"/>
			<Sample nodeCount="12" insertCount="740" extractCount="736" duration="229560"/>
			<Sample nodeCount="13" insertCount="803" extractCount="796" duration="252060"/>
			<Sample nodeCount="14" insertCount="864" extractCount="858" duration="276600"/>
			<Sample nodeCount="15" insertCount="927" extractCount="918" duration="292620"/>
			<Sample nodeCount="16" insertCount="988" extractCount="980" duration="316900"/>
			<Sample nodeCount="17" insertCount="1050" extractCount="1041" duration="342300"/>
			<Sample nodeCount="18" insertCount="1113" extractCount="1101" duration="365880"/>
			<Sample nodeCount="19" insertCount="1172" extractCount="1165" duration="388060"/>
			<Sample nodeCount="20" insertCount="1237" extractCount="1223" duration="404920"/>
			<Sample nodeCount="21" insertCount="1296" extractCount="1287" duration="429280"/>
			<Sample nodeCount="22" insertCount="1359" extractCount="1347" duration="446820"/>
			<Sample nodeCount="23" insertCount="1419" extractCount="1410" duration="471160"/>
			<Sample nodeCount="24" insertCount="1484" extractCount="1468" duration="492960"/>
			<Sample nodeCount="25" insertCount="1544" extractCount="1531" duration="513100"/>
			<Sample nodeCount="26" insertCount="1604" extractCount="1594" duration="534100"/>
			<Sample nodeCount="27" insertCount="1668" extractCount="1653" duration="557520"/>
			<Sample nodeCount="28" insertCount="1729" extractCount="1715" duration="582220"/>
			<Sample nodeCount="29" insertCount="1790" extractCount="1777" duration="600800"/>
			<Sample nodeCount="30" insertCount="1851" extractCount="1839" duration="618740"/>
			<Sample nodeCount="31" insertCount="1914" extractCount="1899" duration="643960"/>
			<Sample nodeCount="32" insertCount="1977" extractCount="1959" duration="675800"/>
			<Sample nodeCount="33" insertCount="2041" extractCount="2018" duration="697380"/>
			<Sample nodeCount="34" insertCount="2097" extractCount="2085" duration="716880"/>
			<Sample nodeCount="35" insertCount="2160" extractCount="2145" duration="745900"/>
			<Sample nodeCount="36" insertCount="2221" extractCount="2207" duration="762620"/>
			<Sample nodeCount="37" insertCount="2285" extractCount="2266" duration="787440"/>
			<Sample nodeCount="38" insertCount="2346" extractCount="2328" duration="813200"/>
			<Sample nodeCount="39" insertCount="2408" extractCount="2389" duration="836020"/>
			<Sample nodeCount="40" insertCount="2471" extractCount="2449" duration="854180"/>
			<Sample nodeCount="41" insertCount="2531" extractCount="2512" duration="879600"/>
			<Sample nodeCount="42" insertCount="2593" extractCount="2573" duration="892620"/>
			<Sample nodeCount="43" insertCount="2656" extractCount="2633" duration="930020"/>
			<Sample nodeCount="44" insertCount="2717" extractCount="2695" duration="944380"/>
			<Sample nodeCount="45" insertCount="2776" extractCount="2759" duration="961840"/>
			<Sample nodeCount="46" insertCount="2840" extractCount="2818" duration="987960"/>
			<Sample nodeCount="47" insertCount="2902" extractCount="2879" duration="1010820"/>
			<Sample nodeCount="48" insertCount="2966" extractCount="2938" duration="1042440"/>
			<Sample nodeCount="49" insertCount="3026" extractCount="3001" duration="1065020"/>
			<Sample nodeCount="50" insertCount="3084" extractCount="3066" duration="1092260"/>
			<Sample nodeCount="51" insertCount="3151" extractCount="3122" duration="1113180"/>
			<Sample nodeCount="52" insertCount="3209" extractCount="3187" duration="1132960"/>
			<Sample nodeCount="53" insertCount="3273" extractCount="3246" duration="1157140"/>
			<Sample nodeCount="54" insertCount="3337" extractCount="3305" duration="1189220"/>
			<Sample nodeCount="55" insertCount="3400" extractCount="3365" duration="1209460"/>
			<Sample nodeCount="56" insertCount="3458" extractCount="3430" duration="1229180"/>
			<Sample nodeCount="57" insertCount="3521" extractCount="3490" duration="1251840"/>
			<Sample nodeCount="58" insertCount="3580" extractCount="3554" duration="1263140"/>
			<Sample nodeCount="59" insertCount="3647" extractCount="3610" duration="1297840"/>
			<Sample nodeCount="60" insertCount="3706" extractCount="3674" duration="1314020"/>
			<Sample nodeCount="61" insertCount="3766" extractCount="3737" duration="1352800"/>
			<Sample nodeCount="62" insertCount="3828" extractCount="3798" duration="1357400"/>
			<Sample nodeCount="63" insertCount="3888" extractCount="3861" duration="1389620"/>
			<Sample nodeCount="64" insertCount="3952" extractCount="3920" duration="1406000"/>
			<Sample nodeCount="65" insertCount="4014" extractCount="3981" duration="1440380"/>
			<Sample nodeCount="66" insertCount="4077" extractCount="4041" duration="1457280"/>
			<Sample nodeCount="67" insertCount="4136" extractCount="4105" duration="1491000"/>
			<Sample nodeCount="68" insertCount="4200" extractCount="4164" duration="1501360"/>
			<Sample nodeCount="69" insertCount="4263" extractCount="4224" duration="1521580"/>
			<Sample nodeCount="70" insertCount="4325" extractCount="4285" duration="1560120"/>
			<Sample nodeCount="71" insertCount="4381" extractCount="4352" duration="1572640"/>
			<Sample nodeCount="72" insertCount="4448" extractCount="4408" duration="1586680"/>
			<Sample nodeCount="73" insertCount="4507" extractCount="4472" duration="1614500"/>
			<Sample nodeCount="74" insertCount="4571" extractCount="4531" duration="1650000"/>
			<Sample nodeCount="75" insertCount="4631" extractCount="4594" duration="1675480"/>
			<Sample nodeCount="76" insertCount="4693" extractCount="4655" duration="1693280"/>
			<Sample nodeCount="77" insertCount="4755" extractCount="4716" duration="1713400"/>
			<Sample nodeCount="78" insertCount="4817" extractCount="4777" duration="1736280"/>
			<Sample nodeCount="79" insertCount="4877" extractCount="4840" duration="1766600"/>
			<Sample nodeCount="80" insertCount="4942" extractCount="4898" duration="1772220"/>
			<Sample nodeCount="81" insertCount="5002" extractCount="4961" duration="1803820"/>
			<Sample nodeCount="82" insertCount="5063" extractCount="5023" duration="1821620"/>
			<Sample nodeCount="83" insertCount="5124" extractCount="5085" duration="1859700"/>
			<Sample nodeCount="84" insertCount="5187" extractCount="5145" duration="1884520"/>
			<Sample nodeCount="85" insertCount="5250" extractCount="5205" duration="1906180"/>
			<Sample nodeCount="86" insertCount="5314" extractCount="5264" duration="1940440"/>
			<Sample nodeCount="87" insertCount="5374" extractCount="5327" duration="1956080"/>
			<Sample nodeCount="88" insertCount="5432" extractCount="5392" duration="1986840"/>
			<Sample nodeCount="89" insertCount="5490" extractCount="5457" duration="1991520"/>
			<Sample nodeCount="90" insertCount="5559" extractCount="5511" duration="2007420"/>
			<Sample nodeCount="91" insertCount="5621" extractCount="5572" duration="2040800"/>
			<Sample nodeCount="92" insertCount="5680" extractCount="5636" duration="2064100"/>
			<Sample nodeCount="93" insertCount="5740" extractCount="5699" duration="2090300"/>
			<Sample nodeCount="94" insertCount="5803" extractCount="5759" duration="2111620"/>
			<Sample nodeCount="95" insertCount="5862" extractCount="5823" duration="2147100"/>
			<Sample nodeCount="96" insertCount="5929" extractCount="5879" duration="2162720"/>
			<Sample nodeCount="97" insertCount="5993" extractCount="5938" duration="2173720"/>
			<Sample nodeCount="98" insertCount="6055" extractCount="5999" duration="2205480"/>
			<Sample nodeCount="99" insertCount="6113" extractCount="6064" duration="2239860"/>
			<Sample nodeCount="100" insertCount="6172" extractCount="6128" duration="2263680"/>
			<Sample nodeCount="101" insertCount="6238" extractCount="6185" duration="2292020"/>
			<Sample nodeCount="102" insertCount="6299" extractCount="6247" duration="2309640"/>
			<Sample nodeCount="103" insertCount="6363" extractCount="6306" duration="2337520"/>
			<Sample nodeCount="104" insertCount="6426" extractCount="6366" duration="2354400"/>
			<Sample nodeCount="105" insertCount="6481" extractCount="6434" duration="2382440"/>
			<Sample nodeCount="106" insertCount="6544" extractCount="6494" duration="2416020"/>
			<Sample nodeCount="107" insertCount="6607" extractCount="6554" duration="2405320"/>
			<Sample nodeCount="108" insertCount="6669" extractCount="6615" duration="2453040"/>
			<Sample nodeCount="109" insertCount="6732" extractCount="6675" duration="2475240"/>
			<Sample nodeCount="110" insertCount="6794" extractCount="6736" duration="2487060"/>
			<Sample nodeCount="111" insertCount="6852" extractCount="6801" duration="2521680"/>
			<Sample nodeCount="112" insertCount="6918" extractCount="6858" duration="2556160"/>
			<Sample nodeCount="113" insertCount="6981" extractCount="6918" duration="2581600"/>
			<Sample nodeCount="114" insertCount="7041" extractCount="6981" duration="2599000"/>
			<Sample nodeCount="115" insertCount="7103" extractCount="7042" duration="2614880"/>
			<Sample nodeCount="116" insertCount="7164" extractCount="7104" duration="2638640"/>
			<Sample nodeCount="117" insertCount="7225" extractCount="7166" duration="2690020"/>
			<Sample nodeCount="118" insertCount="7291" extractCount="7223" duration="2695700"/>
			<Sample nodeCount="119" insertCount="7350" extractCount="7287" duration="2720720"/>
			<Sample nodeCount="120" insertCount="7410" extractCount="7350" duration="2731260"/>
			<Sample nodeCount="121" insertCount="7471" extractCount="7412" duration="2764940"/>
			<Sample nodeCount="122" insertCount="7537" extractCount="7469" duration="2767120"/>
			<Sample nodeCount="123" insertCount="7593" extractCount="7536" duration="2820420"/>
			<Sample nodeCount="124" insertCount="7658" extractCount="7594" duration="2835780"/>
			<Sample nodeCount="125" insertCount="7718" extractCount="7657" duration="2864300"/>
			<Sample nodeCount="126" insertCount="7781" extractCount="7717" duration="2869140"/>
			<Sample nodeCount="127" insertCount="7840" extractCount="7781" duration="2918860"/>
		</SmallSetRandomOps>
		<LargeSetRandomOps>
		</LargeSetRandomOps>
		<SmallSetLinear>
			<Sample nodeCount="1" insertCount="10000" extractCount="10000" duration="638620"/>
			<Sample nodeCount="2" insertCount="10000" extractCount="10000" duration="1801800"/>
			<Sample nodeCount="3" insertCount="10000" extractCount="10000" duration="3027580"/>
			<Sample nodeCount="4" insertCount="10000" extractCount="10000" duration="5529140"/>
			<Sample nodeCount="5" insertCount="10000" extractCount="10000" duration="7493500"/>
			<Sample nodeCount="6" insertCount="10000" extractCount="10000" duration="9695520"/>
			<Sample nodeCount="7" insertCount="10000" extractCount="10000" duration="11784540"/>
			<Sample nodeCount="8" insertCount="10000" extractCount="10000" duration="13998700"/>
			<Sample nodeCount="9" insertCount="10000" extractCount="10000" duration="16087640"/>
			<Sample nodeCount="10" insertCount="10000" extractCount="10000" duration="18977520"/>
			<Sample nodeCount="11" insertCount="10000" extractCount="10000" duration="21367160"/>
			<Sample nodeCount="12" insertCount="10000" extractCount="10000" duration="23656400"/>
			<Sample nodeCount="13" insertCount="10000" extractCount="10000" duration="25632940"/>
			<Sample nodeCount="14" insertCount="10000" extractCount="10000" duration="28546940"/>
			<Sample nodeCount="15" insertCount="10000" extractCount="10000" duration="30699280"/>
			<Sample nodeCount="16" insertCount="10000" extractCount="10000" duration="33426580"/>
			<Sample nodeCount="17" insertCount="10000" extractCount="10000" duration="35590560"/>
			<Sample nodeCount="18" insertCount="10000" extractCount="10000" duration="38727020"/>
			<Sample nodeCount="19" insertCount="10000" extractCount="10000" duration="40681960"/>
			<Sample nodeCount="20" insertCount="10000" extractCount="10000" duration="43263880"/>
			<Sample nodeCount="21" insertCount="10000" extractCount="10000" duration="45560800"/>
			<Sample nodeCount="22" insertCount="10000" extractCount="10000" duration="49751780"/>
			<Sample nodeCount="23" insertCount="10000" extractCount="10000" duration="52277700"/>
			<Sample nodeCount="24" insertCount="10000" extractCount="10000" duration="55055180"/>
			<Sample nodeCount="25" insertCount="10000" extractCount="10000" duration="57157520"/>
			<Sample nodeCount="26" insertCount="10000" extractCount="10000" duration="60655260"/>
			<Sample nodeCount="27" insertCount="10000" extractCount="10000" duration="63047860"/>
			<Sample nodeCount="28" insertCount="10000" extractCount="10000" duration="65513540"/>
			<Sample nodeCount="29" insertCount="10000" extractCount="10000" duration="67727760"/>
			<Sample nodeCount="30" insertCount="10000" extractCount="10000" duration="71980900"/>
			<Sample nodeCount="31" insertCount="10000" extractCount="10000" duration="74370540"/>
			<Sample nodeCount="32" insertCount="10000" extractCount="10000" duration="77210440"/>
			<Sample nodeCount="33" insertCount="10000" extractCount="10000" duration="79599520"/>
			<Sample nodeCount="34" insertCount="10000" extractCount="10000" duration="82942180"/>
			<Sample nodeCount="35" insertCount="10000" extractCount="10000" duration="85333460"/>
			<Sample nodeCount="36" insertCount="10000" extractCount="10000" duration="88230260"/>
			<Sample nodeCount="37" insertCount="10000" extractCount="10000" duration="90557120"/>
			<Sample nodeCount="38" insertCount="10000" extractCount="10000" duration="94927140"/>
			<Sample nodeCount="39" insertCount="10000" extractCount="10000" duration="97151660"/>
			<Sample nodeCount="40" insertCount="10000" extractCount="10000" duration="99952040"/>
			<Sample nodeCount="41" insertCount="10000" extractCount="10000" duration="102335160"/>
			<Sample nodeCount="42" insertCount="10000" extractCount="10000" duration="105672160"/>
			<Sample nodeCount="43" insertCount="10000" extractCount="10000" duration="108020720"/>
			<Sample nodeCount="44" insertCount="10000" extractCount="10000" duration="110910580"/>
			<Sample nodeCount="45" insertCount="10000" extractCount="10000" duration="113237340"/>
			<Sample nodeCount="46" insertCount="10000" extractCount="10000" duration="118967120"/>
			<Sample nodeCount="47" insertCount="10000" extractCount="10000" duration="121458080"/>
			<Sample nodeCount="48" insertCount="10000" extractCount="10000" duration="124544320"/>
			<Sample nodeCount="49" insertCount="10000" extractCount="10000" duration="126882020"/>
			<Sample nodeCount="50" insertCount="10000" extractCount="10000" duration="130525640"/>
			<Sample nodeCount="51" insertCount="10000" extractCount="10000" duration="132840440"/>
			<Sample nodeCount="52" insertCount="10000" extractCount="10000" duration="135951940"/>
			<Sample nodeCount="53" insertCount="10000" extractCount="10000" duration="138311500"/>
			<Sample nodeCount="54" insertCount="10000" extractCount="10000" duration="142910420"/>
			<Sample nodeCount="55" insertCount="10000" extractCount="10000" duration="145285980"/>
			<Sample nodeCount="56" insertCount="10000" extractCount="10000" duration="148176380"/>
			<Sample nodeCount="57" insertCount="10000" extractCount="10000" duration="150941940"/>
			<Sample nodeCount="58" insertCount="10000" extractCount="10000" duration="154071540"/>
			<Sample nodeCount="59" insertCount="10000" extractCount="10000" duration="156921420"/>
			<Sample nodeCount="60" insertCount="10000" extractCount="10000" duration="159581960"/>
			<Sample nodeCount="61" insertCount="10000" extractCount="10000" duration="162068520"/>
			<Sample nodeCount="62" insertCount="10000" extractCount="10000" duration="167521520"/>
			<Sample nodeCount="63" insertCount="10000" extractCount="10000" duration="170589800"/>
			<Sample nodeCount="64" insertCount="10000" extractCount="10000" duration="173247060"/>
			<Sample nodeCount="65" insertCount="10000" extractCount="10000" duration="176222540"/>
			<Sample nodeCount="66" insertCount="10000" extractCount="10000" duration="179764000"/>
			<Sample nodeCount="67" insertCount="10000" extractCount="10000" duration="182490520"/>
			<Sample nodeCount="68" insertCount="10000" extractCount="10000" duration="185285520"/>
			<Sample nodeCount="69" insertCount="10000" extractCount="10000" duration="187814440"/>
			<Sample nodeCount="70" insertCount="10000" extractCount="10000" duration="192260900"/>
			<Sample nodeCount="71" insertCount="10000" extractCount="10000" duration="194951980"/>
			<Sample nodeCount="72" insertCount="10000" extractCount="10000" duration="198086520"/>
			<Sample nodeCount="73" insertCount="10000" extractCount="10000" duration="200616980"/>
			<Sample nodeCount="74" insertCount="10000" extractCount="10000" duration="204158360"/>
			<Sample nodeCount="75" insertCount="10000" extractCount="10000" duration="206916820"/>
			<Sample nodeCount="76" insertCount="10000" extractCount="10000" duration="209870980"/>
			<Sample nodeCount="77" insertCount="10000" extractCount="10000" duration="212384920"/>
			<Sample nodeCount="78" insertCount="10000" extractCount="10000" duration="217930400"/>
			<Sample nodeCount="79" insertCount="10000" extractCount="10000" duration="220458020"/>
			<Sample nodeCount="80" insertCount="10000" extractCount="10000" duration="224010340"/>
			<Sample nodeCount="81" insertCount="10000" extractCount="10000" duration="226226280"/>
			<Sample nodeCount="82" insertCount="10000" extractCount="10000" duration="230075560"/>
			<Sample nodeCount="83" insertCount="10000" extractCount="10000" duration="232319580"/>
			<Sample nodeCount="84" insertCount="10000" extractCount="10000" duration="235869580"/>
			<Sample nodeCount="85" insertCount="10000" extractCount="10000" duration="238013320"/>
			<Sample nodeCount="86" insertCount="10000" extractCount="10000" duration="242572940"/>
			<Sample nodeCount="87" insertCount="10000" extractCount="10000" duration="245763700"/>
			<Sample nodeCount="88" insertCount="10000" extractCount="10000" duration="248299860"/>
			<Sample nodeCount="89" insertCount="10000" extractCount="10000" duration="250893820"/>
			<Sample nodeCount="90" insertCount="10000" extractCount="10000" duration="254809420"/>
			<Sample nodeCount="91" insertCount="10000" extractCount="10000" duration="257019400"/>
			<Sample nodeCount="92" insertCount="10000" extractCount="10000" duration="260121000"/>
			<Sample nodeCount="93" insertCount="10000" extractCount="10000" duration="262695660"/>
			<Sample nodeCount="94" insertCount="10000" extractCount="10000" duration="268834280"/>
			<Sample nodeCount="95" insertCount="10000" extractCount="10000" duration="271672820"/>
			<Sample nodeCount="96" insertCount="10000" extractCount="10000" duration="274741980"/>
			<Sample nodeCount="97" insertCount="10000" extractCount="10000" duration="277498360"/>
			<Sample nodeCount="98" insertCount="10000" extractCount="10000" duration="281192220"/>
			<Sample nodeCount="99" insertCount="10000" extractCount="10000" duration="283927960"/>
			<Sample nodeCount="100" insertCount="10000" extractCount="10000" duration="287091240"/>
			<Sample nodeCount="101" insertCount="10000" extractCount="10000" duration="289905120"/>
			<Sample nodeCount="102" insertCount="10000" extractCount="10000" duration="294637800"/>
			<Sample nodeCount="103" insertCount="10000" extractCount="10000" duration="297738980"/>
			<Sample nodeCount="104" insertCount="10000" extractCount="10000" duration="300813540"/>
			<Sample nodeCount="105" insertCount="10000" extractCount="10000" duration="303107960"/>
			<Sample nodeCount="106" insertCount="10000" extractCount="10000" duration="306786980"/>
			<Sample nodeCount="107" insertCount="10000" extractCount="10000" duration="310064640"/>
			<Sample nodeCount="108" insertCount="10000" extractCount="10000" duration="312860640"/>
			<Sample nodeCount="109" insertCount="10000" extractCount="10000" duration="315882060"/>
			<Sample nodeCount="110" insertCount="10000" extractCount="10000" duration="321380040"/>
			<Sample nodeCount="111" insertCount="10000" extractCount="10000" duration="324068720"/>
			<Sample nodeCount="112" insertCount="10000" extractCount="10000" duration="327394500"/>
			<Sample nodeCount="113" insertCount="10000" extractCount="10000" duration="330460740"/>
			<Sample nodeCount="114" insertCount="10000" extractCount="10000" duration="333689340"/>
			<Sample nodeCount="115" insertCount="10000" extractCount="10000" duration="336361840"/>
			<Sample nodeCount="116" insertCount="10000" extractCount="10000" duration="340020160"/>
			<Sample nodeCount="117" insertCount="10000" extractCount="10000" duration="342927860"/>
			<Sample nodeCount="118" insertCount="10000" extractCount="10000" duration="346917840"/>
			<Sample nodeCount="119" insertCount="10000" extractCount="10000" duration="349688640"/>
			<Sample nodeCount="120" insertCount="10000" extractCount="10000" duration="353015920"/>
			<Sample nodeCount="121" insertCount="10000" extractCount="10000" duration="355612280"/>
			<Sample nodeCount="122" insertCount="10000" extractCount="10000" duration="359816120"/>
			<Sample nodeCount="123" insertCount="10000" extractCount="10000" duration="361995280"/>
			<Sample nodeCount="124" insertCount="10000" extractCount="10000" duration="365380940"/>
			<Sample nodeCount="125" insertCount="10000" extractCount="10000" duration="368422460"/>
			<Sample nodeCount="126" insertCount="10000" extractCount="10000" duration="374492760"/>
			<Sample nodeCount="127" insertCount="10000" extractCount="10000" duration="377256220"/>
		</SmallSetLinear>
		<LargeSetLinear>
		</LargeSetLinear>
	</RBTest>
	<RBTest implementation="BSD" nodeSize="16">
		<SmallSetRandomOps>
			<Sample nodeCount="1" insertCount="62" extractCount="61" duration="12500"/>
			<Sample nodeCount="2" insertCount="123" extractCount="123" duration="26360"/>
			<Sample nodeCount="3" insertCount="186" extractCount="183" duration="43120"/>
			<Sample nodeCount="4" insertCount="247" extractCount="245" duration="61280"/>
			<Sample nodeCount="5" insertCount="309" extractCount="306" duration="82540"/>
			<Sample nodeCount="6" insertCount="370" extractCount="368" duration="102440"/>
			<Sample nodeCount="7" insertCount="433" extractCount="428" duration="124260"/>
			<Sample nodeCount="8" insertCount="493" extractCount="491" duration="143320"/>
			<Sample nodeCount="9" insertCount="557" extractCount="550" duration="166280"/>
			<Sample nodeCount="10" insertCount="619" extractCount="611" duration="184840"/>
			<Sample nodeCount="11" insertCount="680" extractCount="673" duration="206260"/>
			<Sample nodeCount="12" insertCount="740" extractCount="736" duration="224540"/>
			<Sample nodeCount="13" insertCount="803" extractCount="796" duration="250420"/>
			<Sample nodeCount="14" insertCount="864" extractCount="858" duration="274280"/>
			<Sample nodeCount="15" insertCount="927" extractCount="918" duration="292020"/>
			<Sample nodeCount="16" insertCount="988" extractCount="980" duration="317040"/>
			<Sample nodeCount="17" insertCount="1050" extractCount="1041" duration="344760"/>
			<Sample nodeCount="18" insertCount="1113" extractCount="1101" duration="362560"/>
			<Sample nodeCount="19" insertCount="1172" extractCount="1165" duration="389280"/>
			<Sample nodeCount="20" insertCount="1237" extractCount="1223" duration="409840"/>
			<Sample nodeCount="21" insertCount="1296" extractCount="1287" duration="433340"/>
			<Sample nodeCount="22" insertCount="1359" extractCount="1347" duration="450560"/>
			<Sample nodeCount="23" insertCount="1419" extractCount="1410" duration="470380"/>
			<Sample nodeCount="24" insertCount="1484" extractCount="1468" duration="496420"/>
			<Sample nodeCount="25" insertCount="1544" extractCount="1531" duration="518080"/>
			<Sample nodeCount="26" insertCount="1604" extractCount="1594" duration="535600"/>
			<Sample nodeCount="27" insertCount="1668" extractCount="1653" duration="559620"/>
			<Sample nodeCount="28" insertCount="1729" extractCount="1715" duration="586720"/>
			<Sample nodeCount="29" insertCount="1790" extractCount="1777" duration="609720"/>
			<Sample nodeCount="30" insertCount="1851" extractCount="1839" duration="618360"/>
			<Sample nodeCount="31" insertCount="1914" extractCount="1899" duration="653720"/>
			<Sample nodeCount="32" insertCount="1977" extractCount="1959" duration="676340"/>
			<Sample nodeCount="33" insertCount="2041" extractCount="2018" duration="696400"/>
			<Sample nodeCount="34" insertCount="2097" extractCount="2085" duration="713380"/>
			<Sample nodeCount="35" insertCount="2160" extractCount="2145" duration="742760"/>
			<Sample nodeCount="36" insertCount="2221" extractCount="2207" duration="762680"/>
			<Sample nodeCount="37" insertCount="2285" extractCount="2266" duration="792040"/>
			<Sample nodeCount="38" insertCount="2346" extractCount="2328" duration="807920"/>
			<Sample nodeCount="39" insertCount="2408" extractCount="2389" duration="828900"/>
			<Sample nodeCount="40" insertCount="2471" extractCount="2449" duration="858960"/>
			<Sample nodeCount="41" insertCount="2531" extractCount="2512" duration="870500"/>
			<Sample nodeCount="42" insertCount="2593" extractCount="2573" duration="896180"/>
			<Sample nodeCount="43" insertCount="2656" extractCount="2633" duration="925220"/>
			<Sample nodeCount="44" insertCount="2717" extractCount="2695" duration="944080"/>
			<Sample nodeCount="45" insertCount="2776" extractCount="2759" duration="958380"/>
			<Sample nodeCount="46" insertCount="2840" extractCount="2818" duration="976040"/>
			<Sample nodeCount="47" insertCount="2902" extractCount="2879" duration="1023940"/>
			<Sample nodeCount="48" insertCount="2966" extractCount="2938" duration="1030580"/>
			<Sample nodeCount="49" insertCount="3026" extractCount="3001" duration="1065040"/>
			<Sample nodeCount="50" insertCount="3084" extractCount="3066" duration="1088940"/>
			<Sample nodeCount="51" insertCount="3151" extractCount="3122" duration="1106560"/>
			<Sample nodeCount="52" insertCount="3209" extractCount="3187" duration="1134620"/>
			<Sample nodeCount="53" insertCount="3273" extractCount="3246" duration="1157940"/>
			<Sample nodeCount="54" insertCount="3337" extractCount="3305" duration="1179580"/>
			<Sample nodeCount="55" insertCount="3400" extractCount="3365" duration="1200860"/>
			<Sample nodeCount="56" insertCount="3458" extractCount="3430" duration="1222720"/>
			<Sample nodeCount="57" insertCount="3521" extractCount="3490" duration="1257200"/>
			<Sample nodeCount="58" insertCount="3580" extractCount="3554" duration="1265020"/>
			<Sample nodeCount="59" insertCount="3647" extractCount="3610" duration="1287740"/>
			<Sample nodeCount="60" insertCount="3706" extractCount="3674" duration="1302860"/>
			<Sample nodeCount="61" insertCount="3766" extractCount="3737" duration="1333820"/>
			<Sample nodeCount="62" insertCount="3828" extractCount="3798" duration="1353480"/>
			<Sample nodeCount="63" insertCount="3888" extractCount="3861" duration="1377340"/>
			<Sample nodeCount="64" insertCount="3952" extractCount="3920" duration="1406480"/>
			<Sample nodeCount="65" insertCount="4014" extractCount="3981" duration="1432500"/>
			<Sample nodeCount="66" insertCount="4077" extractCount="4041" duration="1458600"/>
			<Sample nodeCount="67" insertCount="4136" extractCount="4105" duration="1471240"/>
			<Sample nodeCount="68" insertCount="4200" extractCount="4164" duration="1491640"/>
			<Sample nodeCount="69" insertCount="4263" extractCount="4224" duration="1520920"/>
			<Sample nodeCount="70" insertCount="4325" extractCount="4285" duration="1540020"/>
			<Sample nodeCount="71" insertCount="4381" extractCount="4352" duration="1573380"/>
			<Sample nodeCount="72" insertCount="4448" extractCount="4408" duration="1587720"/>
			<Sample nodeCount="73" insertCount="4507" extractCount="4472" duration="1616380"/>
			<Sample nodeCount="74" insertCount="4571" extractCount="4531" duration="1630860"/>
			<Sample nodeCount="75" insertCount="4631" extractCount="4594" duration="1660920"/>
			<Sample nodeCount="76" insertCount="4693" extractCount="4655" duration="1678620"/>
			<Sample nodeCount="77" insertCount="4755" extractCount="4716" duration="1704420"/>
			<Sample nodeCount="78" insertCount="4817" extractCount="4777" duration="1734660"/>
			<Sample nodeCount="79" insertCount="4877" extractCount="4840" duration="1752360"/>
			<Sample nodeCount="80" insertCount="4942" extractCount="4898" duration="1778980"/>
			<Sample nodeCount="81" insertCount="5002" extractCount="4961" duration="1789500"/>
			<Sample nodeCount="82" insertCount="5063" extractCount="5023" duration="1819860"/>
			<Sample nodeCount="83" insertCount="5124" extractCount="5085" duration="1851960"/>
			<Sample nodeCount="84" insertCount="5187" extractCount="5145" duration="1880080"/>
			<Sample nodeCount="85" insertCount="5250" extractCount="5205" duration="1894700"/>
			<Sample nodeCount="86" insertCount="5314" extractCount="5264" duration="1926980"/>
			<Sample nodeCount="87" insertCount="5374" extractCount="5327" duration="1959360"/>
			<Sample nodeCount="88" insertCount="5432" extractCount="5392" duration="1964480"/>
			<Sample nodeCount="89" insertCount="5490" extractCount="5457" duration="1996260"/>
			<Sample nodeCount="90" insertCount="5559" extractCount="5511" duration="2007460"/>
			<Sample nodeCount="91" insertCount="5621" extractCount="5572" duration="2025860"/>
			<Sample nodeCount="92" insertCount="5680" extractCount="5636" duration="2063760"/>
			<Sample nodeCount="93" insertCount="5740" extractCount="5699" duration="2094700"/>
			<Sample nodeCount="94" insertCount="5803" extractCount="5759" duration="2103220"/>
			<Sample nodeCount="95" insertCount="5862" extractCount="5823" duration="2143060"/>
			<Sample nodeCount="96" insertCount="5929" extractCount="5879" duration="2163380"/>
			<Sample nodeCount="97" insertCount="5993" extractCount="5938" duration="2195340"/>
			<Sample nodeCount="98" insertCount="6055" extractCount="5999" duration="2204440"/>
			<Sample nodeCount="99" insertCount="6113" extractCount="6064" duration="2243880"/>
			<Sample nodeCount="100" insertCount="6172" extractCount="6128" duration="2246400"/>
			<Sample nodeCount="101" insertCount="6238" extractCount="6185" duration="2280020"/>
			<Sample nodeCount="102" insertCount="6299" extractCount="6247" duration="2290500"/>
			<Sample nodeCount="103" insertCount="6363" extractCount="6306" duration="2331500"/>
			<Sample nodeCount="104" insertCount="6426" extractCount="6366" duration="2350980"/>
			<Sample nodeCount="105" insertCount="6481" extractCount="6434" duration="2378020"/>
			<Sample nodeCount="106" insertCount="6544" extractCount="6494" duration="2391880"/>
			<Sample nodeCount="107" insertCount="6607" extractCount="6554" duration="2417320"/>
			<Sample nodeCount="108" insertCount="6669" extractCount="6615" duration="2431600"/>
			<Sample nodeCount="109" insertCount="6732" extractCount="6675" duration="2461200"/>
			<Sample nodeCount="110" insertCount="6794" extractCount="6736" duration="2482840"/>
			<Sample nodeCount="111" insertCount="6852" extractCount="6801" duration="2517560"/>
			<Sample nodeCount="112" insertCount="6918" extractCount="6858" duration="2537440"/>
			<Sample nodeCount="113" insertCount="6981" extractCount="6918" duration="2560680"/>
			<Sample nodeCount="114" insertCount="7041" extractCount="6981" duration="2589580"/>
			<Sample nodeCount="115" insertCount="7103" extractCount="7042" duration="2614620"/>
			<Sample nodeCount="116" insertCount="7164" extractCount="7104" duration="2649620"/>
			<Sample nodeCount="117" insertCount="7225" extractCount="7166" duration="2679920"/>
			<Sample nodeCount="118" insertCount="7291" extractCount="7223" duration="2682980"/>
			<Sample nodeCount="119" insertCount="7350" extractCount="7287" duration="2718540"/>
			<Sample nodeCount="120" insertCount="7410" extractCount="7350" duration="2728960"/>
			<Sample nodeCount="121" insertCount="7471" extractCount="7412" duration="2761880"/>
			<Sample nodeCount="122" insertCount="7537" extractCount="7469" duration="2769040"/>
			<Sample nodeCount="123" insertCount="7593" extractCount="7536" duration="2804000"/>
			<Sample nodeCount="124" insertCount="7658" extractCount="7594" duration="2827860"/>
			<Sample nodeCount="125" insertCount="7718" extractCount="7657" duration="2840560"/>
			<Sample nodeCount="126" insertCount="7781" extractCount="7717" duration="2864480"/>
			<Sample nodeCount="127" insertCount="7840" extractCount="7781" duration="2902700"/>
		</SmallSetRandomOps>
		<LargeSetRandomOps>
		</LargeSetRandomOps>
		<SmallSetLinear>
			<Sample nodeCount="1" insertCount="10000" extractCount="10000" duration="562880"/>
			<Sample nodeCount="2" insertCount="10000" extractCount="10000" duration="1589340"/>
			<Sample nodeCount="3" insertCount="10000" extractCount="10000" duration="2801860"/>
			<Sample nodeCount="4" insertCount="10000" extractCount="10000" duration="5104160"/>
			<Sample nodeCount="5" insertCount="10000" extractCount="10000" duration="6855640"/>
			<Sample nodeCount="6" insertCount="10000" extractCount="10000" duration="8860240"/>
			<Sample nodeCount="7" insertCount="10000" extractCount="10000" duration="10220440"/>
			<Sample nodeCount="8" insertCount="10000" extractCount="10000" duration="12275100"/>
			<Sample nodeCount="9" insertCount="10000" extractCount="10000" duration="13985900"/>
			<Sample nodeCount="10" insertCount="10000" extractCount="10000" duration="16738220"/>
			<Sample nodeCount="11" insertCount="10000" extractCount="10000" duration="18788860"/>
			<Sample nodeCount="12" insertCount="10000" extractCount="10000" duration="21191180"/>
			<Sample nodeCount="13" insertCount="10000" extractCount="10000" duration="22917660"/>
			<Sample nodeCount="14" insertCount="10000" extractCount="10000" duration="25482500"/>
			<Sample nodeCount="15" insertCount="10000" extractCount="10000" duration="27271400"/>
			<Sample nodeCount="16" insertCount="10000" extractCount="10000" duration="29873000"/>
			<Sample nodeCount="17" insertCount="10000" extractCount="10000" duration="31661900"/>
			<Sample nodeCount="18" insertCount="10000" extractCount="10000" duration="34238500"/>
			<Sample nodeCount="19" insertCount="10000" extractCount="10000" duration="36027440"/>
			<Sample nodeCount="20" insertCount="10000" extractCount="10000" duration="38416580"/>
			<Sample nodeCount="21" insertCount="10000" extractCount="10000" duration="40205540"/>
			<Sample nodeCount="22" insertCount="10000" extractCount="10000" duration="43983600"/>
			<Sample nodeCount="23" insertCount="10000" extractCount="10000" duration="45997440"/>
			<Sample nodeCount="24" insertCount="10000" extractCount="10000" duration="48499160"/>
			<Sample nodeCount="25" insertCount="10000" extractCount="10000" duration="50363020"/>
			<Sample nodeCount="26" insertCount="10000" extractCount="10000" duration="53466220"/>
			<Sample nodeCount="27" insertCount="10000" extractCount="10000" duration="55330080"/>
			<Sample nodeCount="28" insertCount="10000" extractCount="10000" duration="57844000"/>
			<Sample nodeCount="29" insertCount="10000" extractCount="10000" duration="59707200"/>
			<Sample nodeCount="30" insertCount="10000" extractCount="10000" duration="63385360"/>
			<Sample nodeCount="31" insertCount="10000" extractCount="10000" duration="65324280"/>
			<Sample nodeCount="32" insertCount="10000" extractCount="10000" duration="67901660"/>
			<Sample nodeCount="33" insertCount="10000" extractCount="10000" duration="69839780"/>
			<Sample nodeCount="34" insertCount="10000" extractCount="10000" duration="72942940"/>
			<Sample nodeCount="35" insertCount="10000" extractCount="10000" duration="74881040"/>
			<Sample nodeCount="36" insertCount="10000" extractCount="10000" duration="77471660"/>
			<Sample nodeCount="37" insertCount="10000" extractCount="10000" duration="79410700"/>
			<Sample nodeCount="38" insertCount="10000" extractCount="10000" duration="82962980"/>
			<Sample nodeCount="39" insertCount="10000" extractCount="10000" duration="84901900"/>
			<Sample nodeCount="40" insertCount="10000" extractCount="10000" duration="87416620"/>
			<Sample nodeCount="41" insertCount="10000" extractCount="10000" duration="89355780"/>
			<Sample nodeCount="42" insertCount="10000" extractCount="10000" duration="92457980"/>
			<Sample nodeCount="43" insertCount="10000" extractCount="10000" duration="94396120"/>
			<Sample nodeCount="44" insertCount="10000" extractCount="10000" duration="96985940"/>
			<Sample nodeCount="45" insertCount="10000" extractCount="10000" duration="98924920"/>
			<Sample nodeCount="46" insertCount="10000" extractCount="10000" duration="103515480"/>
			<Sample nodeCount="47" insertCount="10000" extractCount="10000" duration="105680180"/>
			<Sample nodeCount="48" insertCount="10000" extractCount="10000" duration="108332600"/>
			<Sample nodeCount="49" insertCount="10000" extractCount="10000" duration="110346040"/>
			<Sample nodeCount="50" insertCount="10000" extractCount="10000" duration="113523280"/>
			<Sample nodeCount="51" insertCount="10000" extractCount="10000" duration="115537560"/>
			<Sample nodeCount="52" insertCount="10000" extractCount="10000" duration="118201840"/>
			<Sample nodeCount="53" insertCount="10000" extractCount="10000" duration="120215900"/>
			<Sample nodeCount="54" insertCount="10000" extractCount="10000" duration="124156420"/>
			<Sample nodeCount="55" insertCount="10000" extractCount="10000" duration="126170400"/>
			<Sample nodeCount="56" insertCount="10000" extractCount="10000" duration="128835260"/>
			<Sample nodeCount="57" insertCount="10000" extractCount="10000" duration="130849320"/>
			<Sample nodeCount="58" insertCount="10000" extractCount="10000" duration="134026460"/>
			<Sample nodeCount="59" insertCount="10000" extractCount="10000" duration="136040400"/>
			<Sample nodeCount="60" insertCount="10000" extractCount="10000" duration="138705320"/>
			<Sample nodeCount="61" insertCount="10000" extractCount="10000" duration="140719200"/>
			<Sample nodeCount="62" insertCount="10000" extractCount="10000" duration="145335560"/>
			<Sample nodeCount="63" insertCount="10000" extractCount="10000" duration="147425060"/>
			<Sample nodeCount="64" insertCount="10000" extractCount="10000" duration="150150760"/>
			<Sample nodeCount="65" insertCount="10000" extractCount="10000" duration="152240700"/>
			<Sample nodeCount="66" insertCount="10000" extractCount="10000" duration="155493220"/>
			<Sample nodeCount="67" insertCount="10000" extractCount="10000" duration="157581160"/>
			<Sample nodeCount="68" insertCount="10000" extractCount="10000" duration="160320860"/>
			<Sample nodeCount="69" insertCount="10000" extractCount="10000" duration="162410360"/>
			<Sample nodeCount="70" insertCount="10000" extractCount="10000" duration="166363740"/>
			<Sample nodeCount="71" insertCount="10000" extractCount="10000" duration="168477640"/>
			<Sample nodeCount="72" insertCount="10000" extractCount="10000" duration="171192620"/>
			<Sample nodeCount="73" insertCount="10000" extractCount="10000" duration="173306620"/>
			<Sample nodeCount="74" insertCount="10000" extractCount="10000" duration="176533900"/>
			<Sample nodeCount="75" insertCount="10000" extractCount="10000" duration="178647700"/>
			<Sample nodeCount="76" insertCount="10000" extractCount="10000" duration="181361840"/>
			<Sample nodeCount="77" insertCount="10000" extractCount="10000" duration="183476700"/>
			<Sample nodeCount="78" insertCount="10000" extractCount="10000" duration="187979760"/>
			<Sample nodeCount="79" insertCount="10000" extractCount="10000" duration="190094080"/>
			<Sample nodeCount="80" insertCount="10000" extractCount="10000" duration="192733500"/>
			<Sample nodeCount="81" insertCount="10000" extractCount="10000" duration="194847900"/>
			<Sample nodeCount="82" insertCount="10000" extractCount="10000" duration="198074600"/>
			<Sample nodeCount="83" insertCount="10000" extractCount="10000" duration="200188580"/>
			<Sample nodeCount="84" insertCount="10000" extractCount="10000" duration="202903340"/>
			<Sample nodeCount="85" insertCount="10000" extractCount="10000" duration="205017740"/>
			<Sample nodeCount="86" insertCount="10000" extractCount="10000" duration="209007980"/>
			<Sample nodeCount="87" insertCount="10000" extractCount="10000" duration="211121860"/>
			<Sample nodeCount="88" insertCount="10000" extractCount="10000" duration="213836000"/>
			<Sample nodeCount="89" insertCount="10000" extractCount="10000" duration="215950720"/>
			<Sample nodeCount="90" insertCount="10000" extractCount="10000" duration="219178340"/>
			<Sample nodeCount="91" insertCount="10000" extractCount="10000" duration="221292000"/>
			<Sample nodeCount="92" insertCount="10000" extractCount="10000" duration="224006460"/>
			<Sample nodeCount="93" insertCount="10000" extractCount="10000" duration="226121860"/>
			<Sample nodeCount="94" insertCount="10000" extractCount="10000" duration="231050920"/>
			<Sample nodeCount="95" insertCount="10000" extractCount="10000" duration="233389400"/>
			<Sample nodeCount="96" insertCount="10000" extractCount="10000" duration="236166360"/>
			<Sample nodeCount="97" insertCount="10000" extractCount="10000" duration="238354760"/>
			<Sample nodeCount="98" insertCount="10000" extractCount="10000" duration="241658520"/>
			<Sample nodeCount="99" insertCount="10000" extractCount="10000" duration="243846560"/>
			<Sample nodeCount="100" insertCount="10000" extractCount="10000" duration="246636820"/>
			<Sample nodeCount="101" insertCount="10000" extractCount="10000" duration="248824820"/>
			<Sample nodeCount="102" insertCount="10000" extractCount="10000" duration="252891740"/>
			<Sample nodeCount="103" insertCount="10000" extractCount="10000" duration="255080780"/>
			<Sample nodeCount="104" insertCount="10000" extractCount="10000" duration="257870280"/>
			<Sample nodeCount="105" insertCount="10000" extractCount="10000" duration="260059720"/>
			<Sample nodeCount="106" insertCount="10000" extractCount="10000" duration="263362320"/>
			<Sample nodeCount="107" insertCount="10000" extractCount="10000" duration="265550760"/>
			<Sample nodeCount="108" insertCount="10000" extractCount="10000" duration="268340800"/>
			<Sample nodeCount="109" insertCount="10000" extractCount="10000" duration="270530320"/>
			<Sample nodeCount="110" insertCount="10000" extractCount="10000" duration="275433600"/>
			<Sample nodeCount="111" insertCount="10000" extractCount="10000" duration="277621760"/>
			<Sample nodeCount="112" insertCount="10000" extractCount="10000" duration="280413480"/>
			<Sample nodeCount="113" insertCount="10000" extractCount="10000" duration="282602780"/>
			<Sample nodeCount="114" insertCount="10000" extractCount="10000" duration="285904120"/>
			<Sample nodeCount="115" insertCount="10000" extractCount="10000" duration="288093560"/>
			<Sample nodeCount="116" insertCount="10000" extractCount="10000" duration="290882860"/>
			<Sample nodeCount="117" insertCount="10000" extractCount="10000" duration="293072080"/>
			<Sample nodeCount="118" insertCount="10000" extractCount="10000" duration="297137340"/>
			<Sample nodeCount="119" insertCount="10000" extractCount="10000" duration="299326500"/>
			<Sample nodeCount="120" insertCount="10000" extractCount="10000" duration="302115560"/>
			<Sample nodeCount="121" insertCount="10000" extractCount="10000" duration="304304820"/>
			<Sample nodeCount="122" insertCount="10000" extractCount="10000" duration="307608600"/>
			<Sample nodeCount="123" insertCount="10000" extractCount="10000" duration="309796400"/>
			<Sample nodeCount="124" insertCount="10000" extractCount="10000" duration="312587200"/>
			<Sample nodeCount="125" insertCount="10000" extractCount="10000" duration="314775360"/>
			<Sample nodeCount="126" insertCount="10000" extractCount="10000" duration="319966740"/>
			<Sample nodeCount="127" insertCount="10000" extractCount="10000" duration="322230640"/>
		</SmallSetLinear>
		<LargeSetLinear>
		</LargeSetLinear>
	</RBTest>
	<RBTest implementation="RB Old" nodeSize="16">
		<SmallSetRandomOps>
			<Sample nodeCount="1" insertCount="62" extractCount="61" duration="12840"/>
			<Sample nodeCount="2" insertCount="123" extractCount="123" duration="27840"/>
			<Sample nodeCount="3" insertCount="186" extractCount="183" duration="47740"/>
			<Sample nodeCount="4" insertCount="247" extractCount="245" duration="67980"/>
			<Sample nodeCount="5" insertCount="309" extractCount="306" duration="92940"/>
			<Sample nodeCount="6" insertCount="370" extractCount="368" duration="115100"/>
			<Sample nodeCount="7" insertCount="433" extractCount="428" duration="141880"/>
			<Sample nodeCount="8" insertCount="493" extractCount="491" duration="166480"/>
			<Sample nodeCount="9" insertCount="557" extractCount="550" duration="194160"/>
			<Sample nodeCount="10" insertCount="619" extractCount="611" duration="215520"/>
			<Sample nodeCount="11" insertCount="680" extractCount="673" duration="244240"/>
			<Sample nodeCount="12" insertCount="740" extractCount="736" duration="267780"/>
			<Sample nodeCount="13" insertCount="803" extractCount="796" duration="294900"/>
			<Sample nodeCount="14" insertCount="864" extractCount="858" duration="321660"/>
			<Sample nodeCount="15" insertCount="927" extractCount="918" duration="343640"/>
			<Sample nodeCount="16" insertCount="988" extractCount="980" duration="370160"/>
			<Sample nodeCount="17" insertCount="1050" extractCount="1041" duration="401240"/>
			<Sample nodeCount="18" insertCount="1113" extractCount="1101" duration="427960"/>
			<Sample nodeCount="19" insertCount="1172" extractCount="1165" duration="455800"/>
			<Sample nodeCount="20" insertCount="1237" extractCount="1223" duration="478420"/>
			<Sample nodeCount="21" insertCount="1296" extractCount="1287" duration="505800"/>
			<Sample nodeCount="22" insertCount="1359" extractCount="1347" duration="527720"/>
			<Sample nodeCount="23" insertCount="1419" extractCount="1410" duration="558000"/>
			<Sample nodeCount="24" insertCount="1484" extractCount="1468" duration="584400"/>
			<Sample nodeCount="25" insertCount="1544" extractCount="1531" duration="610420"/>
			<Sample nodeCount="26" insertCount="1604" extractCount="1594" duration="635960"/>
			<Sample nodeCount="27" insertCount="1668" extractCount="1653" duration="665160"/>
			<Sample nodeCount="28" insertCount="1729" extractCount="1715" duration="694320"/>
			<Sample nodeCount="29" insertCount="1790" extractCount="1777" duration="718640"/>
			<Sample nodeCount="30" insertCount="1851" extractCount="1839" duration="741340"/>
			<Sample nodeCount="31" insertCount="1914" extractCount="1899" duration="773840"/>
			<Sample nodeCount="32" insertCount="1977" extractCount="1959" duration="808440"/>
			<Sample nodeCount="33" insertCount="2041" extractCount="2018" duration="836760"/>
			<Sample nodeCount="34" insertCount="2097" extractCount="2085" duration="859420"/>
			<Sample nodeCount="35" insertCount="2160" extractCount="2145" duration="896580"/>
			<Sample nodeCount="36" insertCount="2221" extractCount="2207" duration="918440"/>
			<Sample nodeCount="37" insertCount="2285" extractCount="2266" duration="947440"/>
			<Sample nodeCount="38" insertCount="2346" extractCount="2328" duration="978900"/>
			<Sample nodeCount="39" insertCount="2408" extractCount="2389" duration="1006220"/>
			<Sample nodeCount="40" insertCount="2471" extractCount="2449" duration="1029000"/>
			<Sample nodeCount="41" insertCount="2531" extractCount="2512" duration="1060640"/>
			<Sample nodeCount="42" insertCount="2593" extractCount="2573" duration="1081740"/>
			<Sample nodeCount="43" insertCount="2656" extractCount="2633" duration="1125460"/>
			<Sample nodeCount="44" insertCount="2717" extractCount="2695" duration="1145420"/>
			<Sample nodeCount="45" insertCount="2776" extractCount="2759" duration="1165260"/>
			<Sample nodeCount="46" insertCount="2840" extractCount="2818" duration="1194280"/>
			<Sample nodeCount="47" insertCount="2902" extractCount="2879" duration="1224420"/>
			<Sample nodeCount="48" insertCount="2966" extractCount="2938" duration="1263780"/>
			<Sample nodeCount="49" insertCount="3026" extractCount="3001" duration="1291080"/>
			<Sample nodeCount="50" insertCount="3084" extractCount="3066" duration="1323640"/>
			<Sample nodeCount="51" insertCount="3151" extractCount="3122" duration="1346920"/>
			<Sample nodeCount="52" insertCount="3209" extractCount="3187" duration="1372560"/>
			<Sample nodeCount="53" insertCount="3273" extractCount="3246" duration="1406560"/>
			<Sample nodeCount="54" insertCount="3337" extractCount="3305" duration="1445700"/>
			<Sample nodeCount="55" insertCount="3400" extractCount="3365" duration="1466940"/>
			<Sample nodeCount="56" insertCount="3458" extractCount="3430" duration="1495340"/>
			<Sample nodeCount="57" insertCount="3521" extractCount="3490" duration="1523220"/>
			<Sample nodeCount="58" insertCount="3580" extractCount="3554" duration="1543700"/>
			<Sample nodeCount="59" insertCount="3647" extractCount="3610" duration="1586540"/>
			<Sample nodeCount="60" insertCount="3706" extractCount="3674" duration="1603340"/>
			<Sample nodeCount="61" insertCount="3766" extractCount="3737" duration="1645800"/>
			<Sample nodeCount="62" insertCount="3828" extractCount="3798" duration="1663140"/>
			<Sample nodeCount="63" insertCount="3888" extractCount="3861" duration="1698920"/>
			<Sample nodeCount="64" insertCount="3952" extractCount="3920" duration="1723520"/>
			<Sample nodeCount="65" insertCount="4014" extractCount="3981" duration="1760520"/>
			<Sample nodeCount="66" insertCount="4077" extractCount="4041" duration="1787760"/>
			<Sample nodeCount="67" insertCount="4136" extractCount="4105" duration="1828960"/>
			<Sample nodeCount="68" insertCount="4200" extractCount="4164" duration="1845580"/>
			<Sample nodeCount="69" insertCount="4263" extractCount="4224" duration="1873660"/>
			<Sample nodeCount="70" insertCount="4325" extractCount="4285" duration="1920620"/>
			<Sample nodeCount="71" insertCount="4381" extractCount="4352" duration="1932960"/>
			<Sample nodeCount="72" insertCount="4448" extractCount="4408" duration="1961700"/>
			<Sample nodeCount="73" insertCount="4507" extractCount="4472" duration="1992840"/>
			<Sample nodeCount="74" insertCount="4571" extractCount="4531" duration="2024600"/>
			<Sample nodeCount="75" insertCount="4631" extractCount="4594" duration="2066480"/>
			<Sample nodeCount="76" insertCount="4693" extractCount="4655" duration="2088940"/>
			<Sample nodeCount="77" insertCount="4755" extractCount="4716" duration="2118540"/>
			<Sample nodeCount="78" insertCount="4817" extractCount="4777" duration="2146860"/>
			<Sample nodeCount="79" insertCount="4877" extractCount="4840" duration="2184700"/>
			<Sample nodeCount="80" insertCount="4942" extractCount="4898" duration="2197260"/>
			<Sample nodeCount="81" insertCount="5002" extractCount="4961" duration="2235760"/>
			<Sample nodeCount="82" insertCount="5063" extractCount="5023" duration="2263240"/>
			<Sample nodeCount="83" insertCount="5124" extractCount="5085" duration="2309640"/>
			<Sample nodeCount="84" insertCount="5187" extractCount="5145" duration="2331860"/>
			<Sample nodeCount="85" insertCount="5250" extractCount="5205" duration="2363880"/>
			<Sample nodeCount="86" insertCount="5314" extractCount="5264" duration="2400560"/>
			<Sample nodeCount="87" insertCount="5374" extractCount="5327" duration="2425520"/>
			<Sample nodeCount="88" insertCount="5432" extractCount="5392" duration="2467380"/>
			<Sample nodeCount="89" insertCount="5490" extractCount="5457" duration="2481140"/>
			<Sample nodeCount="90" insertCount="5559" extractCount="5511" duration="2502300"/>
			<Sample nodeCount="91" insertCount="5621" extractCount="5572" duration="2535840"/>
			<Sample nodeCount="92" insertCount="5680" extractCount="5636" duration="2572820"/>
			<Sample nodeCount="93" insertCount="5740" extractCount="5699" duration="2605160"/>
			<Sample nodeCount="94" insertCount="5803" extractCount="5759" duration="2629580"/>
			<Sample nodeCount="95" insertCount="5862" extractCount="5823" duration="2676080"/>
			<Sample nodeCount="96" insertCount="5929" extractCount="5879" duration="2697560"/>
			<Sample nodeCount="97" insertCount="5993" extractCount="5938" duration="2723640"/>
			<Sample nodeCount="98" insertCount="6055" extractCount="5999" duration="2752280"/>
			<Sample nodeCount="99" insertCount="6113" extractCount="6064" duration="2800140"/>
			<Sample nodeCount="100" insertCount="6172" extractCount="6128" duration="2826000"/>
			<Sample nodeCount="101" insertCount="6238" extractCount="6185" duration="2856320"/>
			<Sample nodeCount="102" insertCount="6299" extractCount="6247" duration="2882580"/>
			<Sample nodeCount="103" insertCount="6363" extractCount="6306" duration="2923100"/>
			<Sample nodeCount="104" insertCount="6426" extractCount="6366" duration="2941580"/>
			<Sample nodeCount="105" insertCount="6481" extractCount="6434" duration="2982940"/>
			<Sample nodeCount="106" insertCount="6544" extractCount="6494" duration="3022560"/>
			<Sample nodeCount="107" insertCount="6607" extractCount="6554" duration="3017300"/>
			<Sample nodeCount="108" insertCount="6669" extractCount="6615" duration="3075860"/>
			<Sample nodeCount="109" insertCount="6732" extractCount="6675" duration="3102460"/>
			<Sample nodeCount="110" insertCount="6794" extractCount="6736" duration="3120540"/>
			<Sample nodeCount="111" insertCount="6852" extractCount="6801" duration="3162120"/>
			<Sample nodeCount="112" insertCount="6918" extractCount="6858" duration="3206600"/>
			<Sample nodeCount="113" insertCount="6981" extractCount="6918" duration="3239760"/>
			<Sample nodeCount="114" insertCount="7041" extractCount="6981" duration="3261820"/>
			<Sample nodeCount="115" insertCount="7103" extractCount="7042" duration="3289780"/>
			<Sample nodeCount="116" insertCount="7164" extractCount="7104" duration="3318300"/>
			<Sample nodeCount="117" insertCount="7225" extractCount="7166" duration="3368360"/>
			<Sample nodeCount="118" insertCount="7291" extractCount="7223" duration="3387560"/>
			<Sample nodeCount="119" insertCount="7350" extractCount="7287" duration="3420720"/>
			<Sample nodeCount="120" insertCount="7410" extractCount="7350" duration="3440760"/>
			<Sample nodeCount="121" insertCount="7471" extractCount="7412" duration="3484140"/>
			<Sample nodeCount="122" insertCount="7537" extractCount="7469" duration="3489660"/>
			<Sample nodeCount="123" insertCount="7593" extractCount="7536" duration="3543400"/>
			<Sample nodeCount="124" insertCount="7658" extractCount="7594" duration="3568540"/>
			<Sample nodeCount="125" insertCount="7718" extractCount="7657" duration="3608400"/>
			<Sample nodeCount="126" insertCount="7781" extractCount="7717" duration="3613580"/>
			<Sample nodeCount="127" insertCount="7840" extractCount="7781" duration="3672700"/>
		</SmallSetRandomOps>
		<LargeSetRandomOps>
		</LargeSetRandomOps>
		<SmallSetLinear>
			<Sample nodeCount="1" insertCount="10000" extractCount="10000" duration="563640"/>
			<Sample nodeCount="2" insertCount="10000" extractCount="10000" duration="1858560"/>
			<Sample nodeCount="3" insertCount="10000" extractCount="10000" duration="3803280"/>
			<Sample nodeCount="4" insertCount="10000" extractCount="10000" duration="6518060"/>
			<Sample nodeCount="5" insertCount="10000" extractCount="10000" duration="9132040"/>
			<Sample nodeCount="6" insertCount="10000" extractCount="10000" duration="12005220"/>
			<Sample nodeCount="7" insertCount="10000" extractCount="10000" duration="14874020"/>
			<Sample nodeCount="8" insertCount="10000" extractCount="10000" duration="18001320"/>
			<Sample nodeCount="9" insertCount="10000" extractCount="10000" duration="20403540"/>
			<Sample nodeCount="10" insertCount="10000" extractCount="10000" duration="24193320"/>
			<Sample nodeCount="11" insertCount="10000" extractCount="10000" duration="26983080"/>
			<Sample nodeCount="12" insertCount="10000" extractCount="10000" duration="31123660"/>
			<Sample nodeCount="13" insertCount="10000" extractCount="10000" duration="34032240"/>
			<Sample nodeCount="14" insertCount="10000" extractCount="10000" duration="38139740"/>
			<Sample nodeCount="15" insertCount="10000" extractCount="10000" duration="41006200"/>
			<Sample nodeCount="16" insertCount="10000" extractCount="10000" duration="45459920"/>
			<Sample nodeCount="17" insertCount="10000" extractCount="10000" duration="48536400"/>
			<Sample nodeCount="18" insertCount="10000" extractCount="10000" duration="53020380"/>
			<Sample nodeCount="19" insertCount="10000" extractCount="10000" duration="56180580"/>
			<Sample nodeCount="20" insertCount="10000" extractCount="10000" duration="60075500"/>
			<Sample nodeCount="21" insertCount="10000" extractCount="10000" duration="63147680"/>
			<Sample nodeCount="22" insertCount="10000" extractCount="10000" duration="67851520"/>
			<Sample nodeCount="23" insertCount="10000" extractCount="10000" duration="71228820"/>
			<Sample nodeCount="24" insertCount="10000" extractCount="10000" duration="75707540"/>
			<Sample nodeCount="25" insertCount="10000" extractCount="10000" duration="79084760"/>
			<Sample nodeCount="26" insertCount="10000" extractCount="10000" duration="84201060"/>
			<Sample nodeCount="27" insertCount="10000" extractCount="10000" duration="87654040"/>
			<Sample nodeCount="28" insertCount="10000" extractCount="10000" duration="92119560"/>
			<Sample nodeCount="29" insertCount="10000" extractCount="10000" duration="95497580"/>
			<Sample nodeCount="30" insertCount="10000" extractCount="10000" duration="100576300"/>
			<Sample nodeCount="31" insertCount="10000" extractCount="10000" duration="104441720"/>
			<Sample nodeCount="32" insertCount="10000" extractCount="10000" duration="108894980"/>
			<Sample nodeCount="33" insertCount="10000" extractCount="10000" duration="112547860"/>
			<Sample nodeCount="34" insertCount="10000" extractCount="10000" duration="117964140"/>
			<Sample nodeCount="35" insertCount="10000" extractCount="10000" duration="121692140"/>
			<Sample nodeCount="36" insertCount="10000" extractCount="10000" duration="126457860"/>
			<Sample nodeCount="37" insertCount="10000" extractCount="10000" duration="130110620"/>
			<Sample nodeCount="38" insertCount="10000" extractCount="10000" duration="135364480"/>
			<Sample nodeCount="39" insertCount="10000" extractCount="10000" duration="139092400"/>
			<Sample nodeCount="40" insertCount="10000" extractCount="10000" duration="143770360"/>
			<Sample nodeCount="41" insertCount="10000" extractCount="10000" duration="147424320"/>
			<Sample nodeCount="42" insertCount="10000" extractCount="10000" duration="152840440"/>
			<Sample nodeCount="43" insertCount="10000" extractCount="10000" duration="156567900"/>
			<Sample nodeCount="44" insertCount="10000" extractCount="10000" duration="161334060"/>
			<Sample nodeCount="45" insertCount="10000" extractCount="10000" duration="164987040"/>
			<Sample nodeCount="46" insertCount="10000" extractCount="10000" duration="170603980"/>
			<Sample nodeCount="47" insertCount="10000" extractCount="10000" duration="174931960"/>
			<Sample nodeCount="48" insertCount="10000" extractCount="10000" duration="179597520"/>
			<Sample nodeCount="49" insertCount="10000" extractCount="10000" duration="183551260"/>
			<Sample nodeCount="50" insertCount="10000" extractCount="10000" duration="190243260"/>
			<Sample nodeCount="51" insertCount="10000" extractCount="10000" duration="193271360"/>
			<Sample nodeCount="52" insertCount="10000" extractCount="10000" duration="198312560"/>
			<Sample nodeCount="53" insertCount="10000" extractCount="10000" duration="202265000"/>
			<Sample nodeCount="54" insertCount="10000" extractCount="10000" duration="208169520"/>
			<Sample nodeCount="55" insertCount="10000" extractCount="10000" duration="212198100"/>
			<Sample nodeCount="56" insertCount="10000" extractCount="10000" duration="217239540"/>
			<Sample nodeCount="57" insertCount="10000" extractCount="10000" duration="221191600"/>
			<Sample nodeCount="58" insertCount="10000" extractCount="10000" duration="226883860"/>
			<Sample nodeCount="59" insertCount="10000" extractCount="10000" duration="230911640"/>
			<Sample nodeCount="60" insertCount="10000" extractCount="10000" duration="235952960"/>
			<Sample nodeCount="61" insertCount="10000" extractCount="10000" duration="239906000"/>
			<Sample nodeCount="62" insertCount="10000" extractCount="10000" duration="245785460"/>
			<Sample nodeCount="63" insertCount="10000" extractCount="10000" duration="250226760"/>
			<Sample nodeCount="64" insertCount="10000" extractCount="10000" duration="255255600"/>
			<Sample nodeCount="65" insertCount="10000" extractCount="10000" duration="259483400"/>
			<Sample nodeCount="66" insertCount="10000" extractCount="10000" duration="265475640"/>
			<Sample nodeCount="67" insertCount="10000" extractCount="10000" duration="269777740"/>
			<Sample nodeCount="68" insertCount="10000" extractCount="10000" duration="275119860"/>
			<Sample nodeCount="69" insertCount="10000" extractCount="10000" duration="279347980"/>
			<Sample nodeCount="70" insertCount="10000" extractCount="10000" duration="285553120"/>
			<Sample nodeCount="71" insertCount="10000" extractCount="10000" duration="289855660"/>
			<Sample nodeCount="72" insertCount="10000" extractCount="10000" duration="295197500"/>
			<Sample nodeCount="73" insertCount="10000" extractCount="10000" duration="299425440"/>
			<Sample nodeCount="74" insertCount="10000" extractCount="10000" duration="305417280"/>
			<Sample nodeCount="75" insertCount="10000" extractCount="10000" duration="309721120"/>
			<Sample nodeCount="76" insertCount="10000" extractCount="10000" duration="315062560"/>
			<Sample nodeCount="77" insertCount="10000" extractCount="10000" duration="319291240"/>
			<Sample nodeCount="78" insertCount="10000" extractCount="10000" duration="325833240"/>
			<Sample nodeCount="79" insertCount="10000" extractCount="10000" duration="329898840"/>
			<Sample nodeCount="80" insertCount="10000" extractCount="10000" duration="335227520"/>
			<Sample nodeCount="81" insertCount="10000" extractCount="10000" duration="339455540"/>
			<Sample nodeCount="82" insertCount="10000" extractCount="10000" duration="345447740"/>
			<Sample nodeCount="83" insertCount="10000" extractCount="10000" duration="349751280"/>
			<Sample nodeCount="84" insertCount="10000" extractCount="10000" duration="355093280"/>
			<Sample nodeCount="85" insertCount="10000" extractCount="10000" duration="359321460"/>
			<Sample nodeCount="86" insertCount="10000" extractCount="10000" duration="365525900"/>
			<Sample nodeCount="87" insertCount="10000" extractCount="10000" duration="369828420"/>
			<Sample nodeCount="88" insertCount="10000" extractCount="10000" duration="375170100"/>
			<Sample nodeCount="89" insertCount="10000" extractCount="10000" duration="379398100"/>
			<Sample nodeCount="90" insertCount="10000" extractCount="10000" duration="385391140"/>
			<Sample nodeCount="91" insertCount="10000" extractCount="10000" duration="389693780"/>
			<Sample nodeCount="92" insertCount="10000" extractCount="10000" duration="395035260"/>
			<Sample nodeCount="93" insertCount="10000" extractCount="10000" duration="399263820"/>
			<Sample nodeCount="94" insertCount="10000" extractCount="10000" duration="405855920"/>
			<Sample nodeCount="95" insertCount="10000" extractCount="10000" duration="410759680"/>
			<Sample nodeCount="96" insertCount="10000" extractCount="10000" duration="416000940"/>
			<Sample nodeCount="97" insertCount="10000" extractCount="10000" duration="420530000"/>
			<Sample nodeCount="98" insertCount="10000" extractCount="10000" duration="426796160"/>
			<Sample nodeCount="99" insertCount="10000" extractCount="10000" duration="431399720"/>
			<Sample nodeCount="100" insertCount="10000" extractCount="10000" duration="437016880"/>
			<Sample nodeCount="101" insertCount="10000" extractCount="10000" duration="441545420"/>
			<Sample nodeCount="102" insertCount="10000" extractCount="10000" duration="448025280"/>
			<Sample nodeCount="103" insertCount="10000" extractCount="10000" duration="452628900"/>
			<Sample nodeCount="104" insertCount="10000" extractCount="10000" duration="458245060"/>
			<Sample nodeCount="105" insertCount="10000" extractCount="10000" duration="462773060"/>
			<Sample nodeCount="106" insertCount="10000" extractCount="10000" duration="469041100"/>
			<Sample nodeCount="107" insertCount="10000" extractCount="10000" duration="473644460"/>
			<Sample nodeCount="108" insertCount="10000" extractCount="10000" duration="479261040"/>
			<Sample nodeCount="109" insertCount="10000" extractCount="10000" duration="483789140"/>
			<Sample nodeCount="110" insertCount="10000" extractCount="10000" duration="490795160"/>
			<Sample nodeCount="111" insertCount="10000" extractCount="10000" duration="495160520"/>
			<Sample nodeCount="112" insertCount="10000" extractCount="10000" duration="500852560"/>
			<Sample nodeCount="113" insertCount="10000" extractCount="10000" duration="505380540"/>
			<Sample nodeCount="114" insertCount="10000" extractCount="10000" duration="511647580"/>
			<Sample nodeCount="115" insertCount="10000" extractCount="10000" duration="516251100"/>
			<Sample nodeCount="116" insertCount="10000" extractCount="10000" duration="521868180"/>
			<Sample nodeCount="117" insertCount="10000" extractCount="10000" duration="526396120"/>
			<Sample nodeCount="118" insertCount="10000" extractCount="10000" duration="532876580"/>
			<Sample nodeCount="119" insertCount="10000" extractCount="10000" duration="537479660"/>
			<Sample nodeCount="120" insertCount="10000" extractCount="10000" duration="543096480"/>
			<Sample nodeCount="121" insertCount="10000" extractCount="10000" duration="547625520"/>
			<Sample nodeCount="122" insertCount="10000" extractCount="10000" duration="553891820"/>
			<Sample nodeCount="123" insertCount="10000" extractCount="10000" duration="558496380"/>
			<Sample nodeCount="124" insertCount="10000" extractCount="10000" duration="564112260"/>
			<Sample nodeCount="125" insertCount="10000" extractCount="10000" duration="568641180"/>
			<Sample nodeCount="126" insertCount="10000" extractCount="10000" duration="575495620"/>
			<Sample nodeCount="127" insertCount="10000" extractCount="10000" duration="580512980"/>
		</SmallSetLinear>
		<LargeSetLinear>
		</LargeSetLinear>
	</RBTest>
	<RBTest implementation="Linux" nodeSize="12">
		<SmallSetRandomOps>
			<Sample nodeCount="1" insertCount="62" extractCount="61" duration="11500"/>
			<Sample nodeCount="2" insertCount="123" extractCount="123" duration="25120"/>
			<Sample nodeCount="3" insertCount="186" extractCount="183" duration="41760"/>
			<Sample nodeCount="4" insertCount="247" extractCount="245" duration="58740"/>
			<Sample nodeCount="5" insertCount="309" extractCount="306" duration="78480"/>
			<Sample nodeCount="6" insertCount="370" extractCount="368" duration="94620"/>
			<Sample nodeCount="7" insertCount="433" extractCount="428" duration="112800"/>
			<Sample nodeCount="8" insertCount="493" extractCount="491" duration="131180"/>
			<Sample nodeCount="9" insertCount="557" extractCount="550" duration="151240"/>
			<Sample nodeCount="10" insertCount="619" extractCount="611" duration="166640"/>
			<Sample nodeCount="11" insertCount="680" extractCount="673" duration="187660"/>
			<Sample nodeCount="12" insertCount="740" extractCount="736" duration="205040"/>
			<Sample nodeCount="13" insertCount="803" extractCount="796" duration="223740"/>
			<Sample nodeCount="14" insertCount="864" extractCount="858" duration="243180"/>
			<Sample nodeCount="15" insertCount="927" extractCount="918" duration="261260"/>
			<Sample nodeCount="16" insertCount="988" extractCount="980" duration="282880"/>
			<Sample nodeCount="17" insertCount="1050" extractCount="1041" duration="306260"/>
			<Sample nodeCount="18" insertCount="1113" extractCount="1101" duration="327580"/>
			<Sample nodeCount="19" insertCount="1172" extractCount="1165" duration="346400"/>
			<Sample nodeCount="20" insertCount="1237" extractCount="1223" duration="362300"/>
			<Sample nodeCount="21" insertCount="1296" extractCount="1287" duration="384300"/>
			<Sample nodeCount="22" insertCount="1359" extractCount="1347" duration="400880"/>
			<Sample nodeCount="23" insertCount="1419" extractCount="1410" duration="421700"/>
			<Sample nodeCount="24" insertCount="1484" extractCount="1468" duration="442840"/>
			<Sample nodeCount="25" insertCount="1544" extractCount="1531" duration="460120"/>
			<Sample nodeCount="26" insertCount="1604" extractCount="1594" duration="478200"/>
			<Sample nodeCount="27" insertCount="1668" extractCount="1653" duration="498020"/>
			<Sample nodeCount="28" insertCount="1729" extractCount="1715" duration="519000"/>
			<Sample nodeCount="29" insertCount="1790" extractCount="1777" duration="536540"/>
			<Sample nodeCount="30" insertCount="1851" extractCount="1839" duration="553680"/>
			<Sample nodeCount="31" insertCount="1914" extractCount="1899" duration="578040"/>
			<Sample nodeCount="32" insertCount="1977" extractCount="1959" duration="602640"/>
			<Sample nodeCount="33" insertCount="2041" extractCount="2018" duration="622680"/>
			<Sample nodeCount="34" insertCount="2097" extractCount="2085" duration="639340"/>
			<Sample nodeCount="35" insertCount="2160" extractCount="2145" duration="665680"/>
			<Sample nodeCount="36" insertCount="2221" extractCount="2207" duration="683880"/>
			<Sample nodeCount="37" insertCount="2285" extractCount="2266" duration="704060"/>
			<Sample nodeCount="38" insertCount="2346" extractCount="2328" duration="723860"/>
			<Sample nodeCount="39" insertCount="2408" extractCount="2389" duration="743820"/>
			<Sample nodeCount="40" insertCount="2471" extractCount="2449" duration="761980"/>
			<Sample nodeCount="41" insertCount="2531" extractCount="2512" duration="785400"/>
			<Sample nodeCount="42" insertCount="2593" extractCount="2573" duration="798760"/>
			<Sample nodeCount="43" insertCount="2656" extractCount="2633" duration="830160"/>
			<Sample nodeCount="44" insertCount="2717" extractCount="2695" duration="842740"/>
			<Sample nodeCount="45" insertCount="2776" extractCount="2759" duration="859900"/>
			<Sample nodeCount="46" insertCount="2840" extractCount="2818" duration="882700"/>
			<Sample nodeCount="47" insertCount="2902" extractCount="2879" duration="905840"/>
			<Sample nodeCount="48" insertCount="2966" extractCount="2938" duration="925960"/>
			<Sample nodeCount="49" insertCount="3026" extractCount="3001" duration="950820"/>
			<Sample nodeCount="50" insertCount="3084" extractCount="3066" duration="971260"/>
			<Sample nodeCount="51" insertCount="3151" extractCount="3122" duration="990480"/>
			<Sample nodeCount="52" insertCount="3209" extractCount="3187" duration="1011180"/>
			<Sample nodeCount="53" insertCount="3273" extractCount="3246" duration="1033120"/>
			<Sample nodeCount="54" insertCount="3337" extractCount="3305" duration="1062000"/>
			<Sample nodeCount="55" insertCount="3400" extractCount="3365" duration="1073480"/>
			<Sample nodeCount="56" insertCount="3458" extractCount="3430" duration="1099140"/>
			<Sample nodeCount="57" insertCount="3521" extractCount="3490" duration="1117940"/>
			<Sample nodeCount="58" insertCount="3580" extractCount="3554" duration="1131700"/>
			<Sample nodeCount="59" insertCount="3647" extractCount="3610" duration="1157660"/>
			<Sample nodeCount="60" insertCount="3706" extractCount="3674" duration="1169620"/>
			<Sample nodeCount="61" insertCount="3766" extractCount="3737" duration="1200100"/>
			<Sample nodeCount="62" insertCount="3828" extractCount="3798" duration="1212140"/>
			<Sample nodeCount="63" insertCount="3888" extractCount="3861" duration="1237580"/>
			<Sample nodeCount="64" insertCount="3952" extractCount="3920" duration="1253860"/>
			<Sample nodeCount="65" insertCount="4014" extractCount="3981" duration="1280920"/>
			<Sample nodeCount="66" insertCount="4077" extractCount="4041" duration="1299020"/>
			<Sample nodeCount="67" insertCount="4136" extractCount="4105" duration="1327100"/>
			<Sample nodeCount="68" insertCount="4200" extractCount="4164" duration="1339940"/>
			<Sample nodeCount="69" insertCount="4263" extractCount="4224" duration="1364680"/>
			<Sample nodeCount="70" insertCount="4325" extractCount="4285" duration="1390560"/>
			<Sample nodeCount="71" insertCount="4381" extractCount="4352" duration="1401720"/>
			<Sample nodeCount="72" insertCount="4448" extractCount="4408" duration="1420580"/>
			<Sample nodeCount="73" insertCount="4507" extractCount="4472" duration="1447500"/>
			<Sample nodeCount="74" insertCount="4571" extractCount="4531" duration="1470400"/>
			<Sample nodeCount="75" insertCount="4631" extractCount="4594" duration="1493320"/>
			<Sample nodeCount="76" insertCount="4693" extractCount="4655" duration="1516360"/>
			<Sample nodeCount="77" insertCount="4755" extractCount="4716" duration="1535500"/>
			<Sample nodeCount="78" insertCount="4817" extractCount="4777" duration="1556960"/>
			<Sample nodeCount="79" insertCount="4877" extractCount="4840" duration="1583800"/>
			<Sample nodeCount="80" insertCount="4942" extractCount="4898" duration="1588040"/>
			<Sample nodeCount="81" insertCount="5002" extractCount="4961" duration="1612320"/>
			<Sample nodeCount="82" insertCount="5063" extractCount="5023" duration="1632780"/>
			<Sample nodeCount="83" insertCount="5124" extractCount="5085" duration="1668800"/>
			<Sample nodeCount="84" insertCount="5187" extractCount="5145" duration="1689060"/>
			<Sample nodeCount="85" insertCount="5250" extractCount="5205" duration="1709920"/>
			<Sample nodeCount="86" insertCount="5314" extractCount="5264" duration="1731080"/>
			<Sample nodeCount="87" insertCount="5374" extractCount="5327" duration="1745140"/>
			<Sample nodeCount="88" insertCount="5432" extractCount="5392" duration="1776500"/>
			<Sample nodeCount="89" insertCount="5490" extractCount="5457" duration="1793400"/>
			<Sample nodeCount="90" insertCount="5559" extractCount="5511" duration="1805720"/>
			<Sample nodeCount="91" insertCount="5621" extractCount="5572" duration="1826580"/>
			<Sample nodeCount="92" insertCount="5680" extractCount="5636" duration="1848420"/>
			<Sample nodeCount="93" insertCount="5740" extractCount="5699" duration="1872460"/>
			<Sample nodeCount="94" insertCount="5803" extractCount="5759" duration="1890360"/>
			<Sample nodeCount="95" insertCount="5862" extractCount="5823" duration="1925480"/>
			<Sample nodeCount="96" insertCount="5929" extractCount="5879" duration="1937060"/>
			<Sample nodeCount="97" insertCount="5993" extractCount="5938" duration="1953120"/>
			<Sample nodeCount="98" insertCount="6055" extractCount="5999" duration="1977000"/>
			<Sample nodeCount="99" insertCount="6113" extractCount="6064" duration="2007560"/>
			<Sample nodeCount="100" insertCount="6172" extractCount="6128" duration="2030720"/>
			<Sample nodeCount="101" insertCount="6238" extractCount="6185" duration="2053700"/>
			<Sample nodeCount="102" insertCount="6299" extractCount="6247" duration="2067640"/>
			<Sample nodeCount="103" insertCount="6363" extractCount="6306" duration="2096100"/>
			<Sample nodeCount="104" insertCount="6426" extractCount="6366" duration="2116620"/>
			<Sample nodeCount="105" insertCount="6481" extractCount="6434" duration="2141780"/>
			<Sample nodeCount="106" insertCount="6544" extractCount="6494" duration="2164360"/>
			<Sample nodeCount="107" insertCount="6607" extractCount="6554" duration="2169960"/>
			<Sample nodeCount="108" insertCount="6669" extractCount="6615" duration="2200120"/>
			<Sample nodeCount="109" insertCount="6732" extractCount="6675" duration="2220160"/>
			<Sample nodeCount="110" insertCount="6794" extractCount="6736" duration="2233460"/>
			<Sample nodeCount="111" insertCount="6852" extractCount="6801" duration="2268940"/>
			<Sample nodeCount="112" insertCount="6918" extractCount="6858" duration="2297720"/>
			<Sample nodeCount="113" insertCount="6981" extractCount="6918" duration="2315900"/>
			<Sample nodeCount="114" insertCount="7041" extractCount="6981" duration="2329380"/>
			<Sample nodeCount="115" insertCount="7103" extractCount="7042" duration="2346040"/>
			<Sample nodeCount="116" insertCount="7164" extractCount="7104" duration="2368020"/>
			<Sample nodeCount="117" insertCount="7225" extractCount="7166" duration="2403180"/>
			<Sample nodeCount="118" insertCount="7291" extractCount="7223" duration="2427780"/>
			<Sample nodeCount="119" insertCount="7350" extractCount="7287" duration="2450480"/>
			<Sample nodeCount="120" insertCount="7410" extractCount="7350" duration="2454180"/>
			<Sample nodeCount="121" insertCount="7471" extractCount="7412" duration="2482380"/>
			<Sample nodeCount="122" insertCount="7537" extractCount="7469" duration="2488020"/>
			<Sample nodeCount="123" insertCount="7593" extractCount="7536" duration="2522300"/>
			<Sample nodeCount="124" insertCount="7658" extractCount="7594" duration="2541580"/>
			<Sample nodeCount="125" insertCount="7718" extractCount="7657" duration="2576000"/>
			<Sample nodeCount="126" insertCount="7781" extractCount="7717" duration="2574500"/>
			<Sample nodeCount="127" insertCount="7840" extractCount="7781" duration="2613840"/>
		</SmallSetRandomOps>
		<LargeSetRandomOps>
		</LargeSetRandomOps>
		<SmallSetLinear>
			<Sample nodeCount="1" insertCount="10000" extractCount="10000" duration="501180"/>
			<Sample nodeCount="2" insertCount="10000" extractCount="10000" duration="1451040"/>
			<Sample nodeCount="3" insertCount="10000" extractCount="10000" duration="2865060"/>
			<Sample nodeCount="4" insertCount="10000" extractCount="10000" duration="4916620"/>
			<Sample nodeCount="5" insertCount="10000" extractCount="10000" duration="6317480"/>
			<Sample nodeCount="6" insertCount="10000" extractCount="10000" duration="8093860"/>
			<Sample nodeCount="7" insertCount="10000" extractCount="10000" duration="9494580"/>
			<Sample nodeCount="8" insertCount="10000" extractCount="10000" duration="11646920"/>
			<Sample nodeCount="9" insertCount="10000" extractCount="10000" duration="13410300"/>
			<Sample nodeCount="10" insertCount="10000" extractCount="10000" duration="16218580"/>
			<Sample nodeCount="11" insertCount="10000" extractCount="10000" duration="18045040"/>
			<Sample nodeCount="12" insertCount="10000" extractCount="10000" duration="20459120"/>
			<Sample nodeCount="13" insertCount="10000" extractCount="10000" duration="22298520"/>
			<Sample nodeCount="14" insertCount="10000" extractCount="10000" duration="25112900"/>
			<Sample nodeCount="15" insertCount="10000" extractCount="10000" duration="27114380"/>
			<Sample nodeCount="16" insertCount="10000" extractCount="10000" duration="29585480"/>
			<Sample nodeCount="17" insertCount="10000" extractCount="10000" duration="31537340"/>
			<Sample nodeCount="18" insertCount="10000" extractCount="10000" duration="34307180"/>
			<Sample nodeCount="19" insertCount="10000" extractCount="10000" duration="36309580"/>
			<Sample nodeCount="20" insertCount="10000" extractCount="10000" duration="38492220"/>
			<Sample nodeCount="21" insertCount="10000" extractCount="10000" duration="40455980"/>
			<Sample nodeCount="22" insertCount="10000" extractCount="10000" duration="44102240"/>
			<Sample nodeCount="23" insertCount="10000" extractCount="10000" duration="46216920"/>
			<Sample nodeCount="24" insertCount="10000" extractCount="10000" duration="48893500"/>
			<Sample nodeCount="25" insertCount="10000" extractCount="10000" duration="50983200"/>
			<Sample nodeCount="26" insertCount="10000" extractCount="10000" duration="54009760"/>
			<Sample nodeCount="27" insertCount="10000" extractCount="10000" duration="56098660"/>
			<Sample nodeCount="28" insertCount="10000" extractCount="10000" duration="58863540"/>
			<Sample nodeCount="29" insertCount="10000" extractCount="10000" duration="60953440"/>
			<Sample nodeCount="30" insertCount="10000" extractCount="10000" duration="64668040"/>
			<Sample nodeCount="31" insertCount="10000" extractCount="10000" duration="66944540"/>
			<Sample nodeCount="32" insertCount="10000" extractCount="10000" duration="69734280"/>
			<Sample nodeCount="33" insertCount="10000" extractCount="10000" duration="71962020"/>
			<Sample nodeCount="34" insertCount="10000" extractCount="10000" duration="75227600"/>
			<Sample nodeCount="35" insertCount="10000" extractCount="10000" duration="77454460"/>
			<Sample nodeCount="36" insertCount="10000" extractCount="10000" duration="80179420"/>
			<Sample nodeCount="37" insertCount="10000" extractCount="10000" duration="82407120"/>
			<Sample nodeCount="38" insertCount="10000" extractCount="10000" duration="85683140"/>
			<Sample nodeCount="39" insertCount="10000" extractCount="10000" duration="87960300"/>
			<Sample nodeCount="40" insertCount="10000" extractCount="10000" duration="90762060"/>
			<Sample nodeCount="41" insertCount="10000" extractCount="10000" duration="93003260"/>
			<Sample nodeCount="42" insertCount="10000" extractCount="10000" duration="96268740"/>
			<Sample nodeCount="43" insertCount="10000" extractCount="10000" duration="98495060"/>
			<Sample nodeCount="44" insertCount="10000" extractCount="10000" duration="101220220"/>
			<Sample nodeCount="45" insertCount="10000" extractCount="10000" duration="103448560"/>
			<Sample nodeCount="46" insertCount="10000" extractCount="10000" duration="107994280"/>
			<Sample nodeCount="47" insertCount="10000" extractCount="10000" duration="110384000"/>
			<Sample nodeCount="48" insertCount="10000" extractCount="10000" duration="113335720"/>
			<Sample nodeCount="49" insertCount="10000" extractCount="10000" duration="115701460"/>
			<Sample nodeCount="50" insertCount="10000" extractCount="10000" duration="119089920"/>
			<Sample nodeCount="51" insertCount="10000" extractCount="10000" duration="121454380"/>
			<Sample nodeCount="52" insertCount="10000" extractCount="10000" duration="124331420"/>
			<Sample nodeCount="53" insertCount="10000" extractCount="10000" duration="126698300"/>
			<Sample nodeCount="54" insertCount="10000" extractCount="10000" duration="130548100"/>
			<Sample nodeCount="55" insertCount="10000" extractCount="10000" duration="132913120"/>
			<Sample nodeCount="56" insertCount="10000" extractCount="10000" duration="135952340"/>
			<Sample nodeCount="57" insertCount="10000" extractCount="10000" duration="138319980"/>
			<Sample nodeCount="58" insertCount="10000" extractCount="10000" duration="141707400"/>
			<Sample nodeCount="59" insertCount="10000" extractCount="10000" duration="144071360"/>
			<Sample nodeCount="60" insertCount="10000" extractCount="10000" duration="146948920"/>
			<Sample nodeCount="61" insertCount="10000" extractCount="10000" duration="149315220"/>
			<Sample nodeCount="62" insertCount="10000" extractCount="10000" duration="153641440"/>
			<Sample nodeCount="63" insertCount="10000" extractCount="10000" duration="156192900"/>
			<Sample nodeCount="64" insertCount="10000" extractCount="10000" duration="159258460"/>
			<Sample nodeCount="65" insertCount="10000" extractCount="10000" duration="161762680"/>
			<Sample nodeCount="66" insertCount="10000" extractCount="10000" duration="165287220"/>
			<Sample nodeCount="67" insertCount="10000" extractCount="10000" duration="167789340"/>
			<Sample nodeCount="68" insertCount="10000" extractCount="10000" duration="170803400"/>
			<Sample nodeCount="69" insertCount="10000" extractCount="10000" duration="173308580"/>
			<Sample nodeCount="70" insertCount="10000" extractCount="10000" duration="177296800"/>
			<Sample nodeCount="71" insertCount="10000" extractCount="10000" duration="179798540"/>
			<Sample nodeCount="72" insertCount="10000" extractCount="10000" duration="182976000"/>
			<Sample nodeCount="73" insertCount="10000" extractCount="10000" duration="185481620"/>
			<Sample nodeCount="74" insertCount="10000" extractCount="10000" duration="189005140"/>
			<Sample nodeCount="75" insertCount="10000" extractCount="10000" duration="191507620"/>
			<Sample nodeCount="76" insertCount="10000" extractCount="10000" duration="194521460"/>
			<Sample nodeCount="77" insertCount="10000" extractCount="10000" duration="197027280"/>
			<Sample nodeCount="78" insertCount="10000" extractCount="10000" duration="201301940"/>
			<Sample nodeCount="79" insertCount="10000" extractCount="10000" duration="203853380"/>
			<Sample nodeCount="80" insertCount="10000" extractCount="10000" duration="206931720"/>
			<Sample nodeCount="81" insertCount="10000" extractCount="10000" duration="209449100"/>
			<Sample nodeCount="82" insertCount="10000" extractCount="10000" duration="212973620"/>
			<Sample nodeCount="83" insertCount="10000" extractCount="10000" duration="215476160"/>
			<Sample nodeCount="84" insertCount="10000" extractCount="10000" duration="218490380"/>
			<Sample nodeCount="85" insertCount="10000" extractCount="10000" duration="220995300"/>
			<Sample nodeCount="86" insertCount="10000" extractCount="10000" duration="224982700"/>
			<Sample nodeCount="87" insertCount="10000" extractCount="10000" duration="227484680"/>
			<Sample nodeCount="88" insertCount="10000" extractCount="10000" duration="230661740"/>
			<Sample nodeCount="89" insertCount="10000" extractCount="10000" duration="233167740"/>
			<Sample nodeCount="90" insertCount="10000" extractCount="10000" duration="236691920"/>
			<Sample nodeCount="91" insertCount="10000" extractCount="10000" duration="239194420"/>
			<Sample nodeCount="92" insertCount="10000" extractCount="10000" duration="242209060"/>
			<Sample nodeCount="93" insertCount="10000" extractCount="10000" duration="244714680"/>
			<Sample nodeCount="94" insertCount="10000" extractCount="10000" duration="249776400"/>
			<Sample nodeCount="95" insertCount="10000" extractCount="10000" duration="252441120"/>
			<Sample nodeCount="96" insertCount="10000" extractCount="10000" duration="255668480"/>
			<Sample nodeCount="97" insertCount="10000" extractCount="10000" duration="258312320"/>
			<Sample nodeCount="98" insertCount="10000" extractCount="10000" duration="261973040"/>
			<Sample nodeCount="99" insertCount="10000" extractCount="10000" duration="264611880"/>
			<Sample nodeCount="100" insertCount="10000" extractCount="10000" duration="267764800"/>
			<Sample nodeCount="101" insertCount="10000" extractCount="10000" duration="270409820"/>
			<Sample nodeCount="102" insertCount="10000" extractCount="10000" duration="274532360"/>
			<Sample nodeCount="103" insertCount="10000" extractCount="10000" duration="277172000"/>
			<Sample nodeCount="104" insertCount="10000" extractCount="10000" duration="280487220"/>
			<Sample nodeCount="105" insertCount="10000" extractCount="10000" duration="283131040"/>
			<Sample nodeCount="106" insertCount="10000" extractCount="10000" duration="286791940"/>
			<Sample nodeCount="107" insertCount="10000" extractCount="10000" duration="289432620"/>
			<Sample nodeCount="108" insertCount="10000" extractCount="10000" duration="292584440"/>
			<Sample nodeCount="109" insertCount="10000" extractCount="10000" duration="295228440"/>
			<Sample nodeCount="110" insertCount="10000" extractCount="10000" duration="299863560"/>
			<Sample nodeCount="111" insertCount="10000" extractCount="10000" duration="302504100"/>
			<Sample nodeCount="112" insertCount="10000" extractCount="10000" duration="305818760"/>
			<Sample nodeCount="113" insertCount="10000" extractCount="10000" duration="308464380"/>
			<Sample nodeCount="114" insertCount="10000" extractCount="10000" duration="312123160"/>
			<Sample nodeCount="115" insertCount="10000" extractCount="10000" duration="314763340"/>
			<Sample nodeCount="116" insertCount="10000" extractCount="10000" duration="317915920"/>
			<Sample nodeCount="117" insertCount="10000" extractCount="10000" duration="320560320"/>
			<Sample nodeCount="118" insertCount="10000" extractCount="10000" duration="324683180"/>
			<Sample nodeCount="119" insertCount="10000" extractCount="10000" duration="327322120"/>
			<Sample nodeCount="120" insertCount="10000" extractCount="10000" duration="330637620"/>
			<Sample nodeCount="121" insertCount="10000" extractCount="10000" duration="333284500"/>
			<Sample nodeCount="122" insertCount="10000" extractCount="10000" duration="336942860"/>
			<Sample nodeCount="123" insertCount="10000" extractCount="10000" duration="339582280"/>
			<Sample nodeCount="124" insertCount="10000" extractCount="10000" duration="342733340"/>
			<Sample nodeCount="125" insertCount="10000" extractCount="10000" duration="345374780"/>
			<Sample nodeCount="126" insertCount="10000" extractCount="10000" duration="350521600"/>
			<Sample nodeCount="127" insertCount="10000" extractCount="10000" duration="353341760"/>
		</SmallSetLinear>
		<LargeSetLinear>
		</LargeSetLinear>
	</RBTest>
</RBTestCollection>
