<RBTestCollection platform="Aeroflex Gaisler NGMP, LEON4FT" compiler="GCC 4.9.2" timeUnit="ns">
	<RBTest implementation="LLRB" nodeSize="16">
		<SmallSetRandomOps>
			<Sample nodeCount="1" insertCount="62" extractCount="61" duration="280000"/>
			<Sample nodeCount="2" insertCount="123" extractCount="123" duration="778000"/>
			<Sample nodeCount="3" insertCount="186" extractCount="183" duration="1494000"/>
			<Sample nodeCount="4" insertCount="247" extractCount="245" duration="2224000"/>
			<Sample nodeCount="5" insertCount="309" extractCount="306" duration="3234000"/>
			<Sample nodeCount="6" insertCount="370" extractCount="368" duration="4150000"/>
			<Sample nodeCount="7" insertCount="433" extractCount="428" duration="5425000"/>
			<Sample nodeCount="8" insertCount="493" extractCount="491" duration="6556000"/>
			<Sample nodeCount="9" insertCount="557" extractCount="550" duration="7927000"/>
			<Sample nodeCount="10" insertCount="619" extractCount="611" duration="8953000"/>
			<Sample nodeCount="11" insertCount="680" extractCount="673" duration="10318000"/>
			<Sample nodeCount="12" insertCount="740" extractCount="736" duration="11909000"/>
			<Sample nodeCount="13" insertCount="803" extractCount="796" duration="13299000"/>
			<Sample nodeCount="14" insertCount="864" extractCount="858" duration="14737000"/>
			<Sample nodeCount="15" insertCount="927" extractCount="918" duration="15749000"/>
			<Sample nodeCount="16" insertCount="988" extractCount="980" duration="17402000"/>
			<Sample nodeCount="17" insertCount="1050" extractCount="1041" duration="18978000"/>
			<Sample nodeCount="18" insertCount="1113" extractCount="1101" duration="20528000"/>
			<Sample nodeCount="19" insertCount="1172" extractCount="1165" duration="21810000"/>
			<Sample nodeCount="20" insertCount="1237" extractCount="1223" duration="23593000"/>
			<Sample nodeCount="21" insertCount="1296" extractCount="1287" duration="24986000"/>
			<Sample nodeCount="22" insertCount="1359" extractCount="1347" duration="26664000"/>
			<Sample nodeCount="23" insertCount="1419" extractCount="1410" duration="28038000"/>
			<Sample nodeCount="24" insertCount="1484" extractCount="1468" duration="29751000"/>
			<Sample nodeCount="25" insertCount="1544" extractCount="1531" duration="31774000"/>
			<Sample nodeCount="26" insertCount="1604" extractCount="1594" duration="33203000"/>
			<Sample nodeCount="27" insertCount="1668" extractCount="1653" duration="34866000"/>
			<Sample nodeCount="28" insertCount="1729" extractCount="1715" duration="36821000"/>
			<Sample nodeCount="29" insertCount="1790" extractCount="1777" duration="38419000"/>
			<Sample nodeCount="30" insertCount="1851" extractCount="1839" duration="40322000"/>
			<Sample nodeCount="31" insertCount="1914" extractCount="1899" duration="42137000"/>
			<Sample nodeCount="32" insertCount="1977" extractCount="1959" duration="43641000"/>
			<Sample nodeCount="33" insertCount="2041" extractCount="2018" duration="45407000"/>
			<Sample nodeCount="34" insertCount="2097" extractCount="2085" duration="47335000"/>
			<Sample nodeCount="35" insertCount="2160" extractCount="2145" duration="49181000"/>
			<Sample nodeCount="36" insertCount="2221" extractCount="2207" duration="50417000"/>
			<Sample nodeCount="37" insertCount="2285" extractCount="2266" duration="52383000"/>
			<Sample nodeCount="38" insertCount="2346" extractCount="2328" duration="54358000"/>
			<Sample nodeCount="39" insertCount="2408" extractCount="2389" duration="55673000"/>
			<Sample nodeCount="40" insertCount="2471" extractCount="2449" duration="57922000"/>
			<Sample nodeCount="41" insertCount="2531" extractCount="2512" duration="59419000"/>
			<Sample nodeCount="42" insertCount="2593" extractCount="2573" duration="61194000"/>
			<Sample nodeCount="43" insertCount="2656" extractCount="2633" duration="63685000"/>
			<Sample nodeCount="44" insertCount="2717" extractCount="2695" duration="64860000"/>
			<Sample nodeCount="45" insertCount="2776" extractCount="2759" duration="66718000"/>
			<Sample nodeCount="46" insertCount="2840" extractCount="2818" duration="68264000"/>
			<Sample nodeCount="47" insertCount="2902" extractCount="2879" duration="70538000"/>
			<Sample nodeCount="48" insertCount="2966" extractCount="2938" duration="72251000"/>
			<Sample nodeCount="49" insertCount="3026" extractCount="3001" duration="75201000"/>
			<Sample nodeCount="50" insertCount="3084" extractCount="3066" duration="76281000"/>
			<Sample nodeCount="51" insertCount="3151" extractCount="3122" duration="78028000"/>
			<Sample nodeCount="52" insertCount="3209" extractCount="3187" duration="80640000"/>
			<Sample nodeCount="53" insertCount="3273" extractCount="3246" duration="82012000"/>
			<Sample nodeCount="54" insertCount="3337" extractCount="3305" duration="84189000"/>
			<Sample nodeCount="55" insertCount="3400" extractCount="3365" duration="86188000"/>
			<Sample nodeCount="56" insertCount="3458" extractCount="3430" duration="88965000"/>
			<Sample nodeCount="57" insertCount="3521" extractCount="3490" duration="89870000"/>
			<Sample nodeCount="58" insertCount="3580" extractCount="3554" duration="91894000"/>
			<Sample nodeCount="59" insertCount="3647" extractCount="3610" duration="94917000"/>
			<Sample nodeCount="60" insertCount="3706" extractCount="3674" duration="96150000"/>
			<Sample nodeCount="61" insertCount="3766" extractCount="3737" duration="98142000"/>
			<Sample nodeCount="62" insertCount="3828" extractCount="3798" duration="99866000"/>
			<Sample nodeCount="63" insertCount="3888" extractCount="3861" duration="101851000"/>
			<Sample nodeCount="64" insertCount="3952" extractCount="3920" duration="103526000"/>
			<Sample nodeCount="65" insertCount="4014" extractCount="3981" duration="106539000"/>
			<Sample nodeCount="66" insertCount="4077" extractCount="4041" duration="108304000"/>
			<Sample nodeCount="67" insertCount="4136" extractCount="4105" duration="110386000"/>
			<Sample nodeCount="68" insertCount="4200" extractCount="4164" duration="112748000"/>
			<Sample nodeCount="69" insertCount="4263" extractCount="4224" duration="114528000"/>
			<Sample nodeCount="70" insertCount="4325" extractCount="4285" duration="117568000"/>
			<Sample nodeCount="71" insertCount="4381" extractCount="4352" duration="118525000"/>
			<Sample nodeCount="72" insertCount="4448" extractCount="4408" duration="121577000"/>
			<Sample nodeCount="73" insertCount="4507" extractCount="4472" duration="122811000"/>
			<Sample nodeCount="74" insertCount="4571" extractCount="4531" duration="123921000"/>
			<Sample nodeCount="75" insertCount="4631" extractCount="4594" duration="127008000"/>
			<Sample nodeCount="76" insertCount="4693" extractCount="4655" duration="129203000"/>
			<Sample nodeCount="77" insertCount="4755" extractCount="4716" duration="130783000"/>
			<Sample nodeCount="78" insertCount="4817" extractCount="4777" duration="132757000"/>
			<Sample nodeCount="79" insertCount="4877" extractCount="4840" duration="134803000"/>
			<Sample nodeCount="80" insertCount="4942" extractCount="4898" duration="137569000"/>
			<Sample nodeCount="81" insertCount="5002" extractCount="4961" duration="139795000"/>
			<Sample nodeCount="82" insertCount="5063" extractCount="5023" duration="141339000"/>
			<Sample nodeCount="83" insertCount="5124" extractCount="5085" duration="144092000"/>
			<Sample nodeCount="84" insertCount="5187" extractCount="5145" duration="145672000"/>
			<Sample nodeCount="85" insertCount="5250" extractCount="5205" duration="148108000"/>
			<Sample nodeCount="86" insertCount="5314" extractCount="5264" duration="150176000"/>
			<Sample nodeCount="87" insertCount="5374" extractCount="5327" duration="151752000"/>
			<Sample nodeCount="88" insertCount="5432" extractCount="5392" duration="153602000"/>
			<Sample nodeCount="89" insertCount="5490" extractCount="5457" duration="155400000"/>
			<Sample nodeCount="90" insertCount="5559" extractCount="5511" duration="157643000"/>
			<Sample nodeCount="91" insertCount="5621" extractCount="5572" duration="159976000"/>
			<Sample nodeCount="92" insertCount="5680" extractCount="5636" duration="162271000"/>
			<Sample nodeCount="93" insertCount="5740" extractCount="5699" duration="164368000"/>
			<Sample nodeCount="94" insertCount="5803" extractCount="5759" duration="166135000"/>
			<Sample nodeCount="95" insertCount="5862" extractCount="5823" duration="168654000"/>
			<Sample nodeCount="96" insertCount="5929" extractCount="5879" duration="170590000"/>
			<Sample nodeCount="97" insertCount="5993" extractCount="5938" duration="173075000"/>
			<Sample nodeCount="98" insertCount="6055" extractCount="5999" duration="174043000"/>
			<Sample nodeCount="99" insertCount="6113" extractCount="6064" duration="177939000"/>
			<Sample nodeCount="100" insertCount="6172" extractCount="6128" duration="178824000"/>
			<Sample nodeCount="101" insertCount="6238" extractCount="6185" duration="181241000"/>
			<Sample nodeCount="102" insertCount="6299" extractCount="6247" duration="182940000"/>
			<Sample nodeCount="103" insertCount="6363" extractCount="6306" duration="185785000"/>
			<Sample nodeCount="104" insertCount="6426" extractCount="6366" duration="188046000"/>
			<Sample nodeCount="105" insertCount="6481" extractCount="6434" duration="190817000"/>
			<Sample nodeCount="106" insertCount="6544" extractCount="6494" duration="192819000"/>
			<Sample nodeCount="107" insertCount="6607" extractCount="6554" duration="194223000"/>
			<Sample nodeCount="108" insertCount="6669" extractCount="6615" duration="196327000"/>
			<Sample nodeCount="109" insertCount="6732" extractCount="6675" duration="199470000"/>
			<Sample nodeCount="110" insertCount="6794" extractCount="6736" duration="202415000"/>
			<Sample nodeCount="111" insertCount="6852" extractCount="6801" duration="204245000"/>
			<Sample nodeCount="112" insertCount="6918" extractCount="6858" duration="206887000"/>
			<Sample nodeCount="113" insertCount="6981" extractCount="6918" duration="209289000"/>
			<Sample nodeCount="114" insertCount="7041" extractCount="6981" duration="210808000"/>
			<Sample nodeCount="115" insertCount="7103" extractCount="7042" duration="212582000"/>
			<Sample nodeCount="116" insertCount="7164" extractCount="7104" duration="215931000"/>
			<Sample nodeCount="117" insertCount="7225" extractCount="7166" duration="218228000"/>
			<Sample nodeCount="118" insertCount="7291" extractCount="7223" duration="220334000"/>
			<Sample nodeCount="119" insertCount="7350" extractCount="7287" duration="223408000"/>
			<Sample nodeCount="120" insertCount="7410" extractCount="7350" duration="224367000"/>
			<Sample nodeCount="121" insertCount="7471" extractCount="7412" duration="227556000"/>
			<Sample nodeCount="122" insertCount="7537" extractCount="7469" duration="229465000"/>
			<Sample nodeCount="123" insertCount="7593" extractCount="7536" duration="231007000"/>
			<Sample nodeCount="124" insertCount="7658" extractCount="7594" duration="234129000"/>
			<Sample nodeCount="125" insertCount="7718" extractCount="7657" duration="237511000"/>
			<Sample nodeCount="126" insertCount="7781" extractCount="7717" duration="237336000"/>
			<Sample nodeCount="127" insertCount="7840" extractCount="7781" duration="240852000"/>
		</SmallSetRandomOps>
		<LargeSetRandomOps>
		</LargeSetRandomOps>
		<SmallSetLinear>
			<Sample nodeCount="1" insertCount="10000" extractCount="10000" duration="19715000"/>
			<Sample nodeCount="2" insertCount="10000" extractCount="10000" duration="74353000"/>
			<Sample nodeCount="3" insertCount="10000" extractCount="10000" duration="164836000"/>
			<Sample nodeCount="4" insertCount="10000" extractCount="10000" duration="261133000"/>
			<Sample nodeCount="5" insertCount="10000" extractCount="10000" duration="393714000"/>
			<Sample nodeCount="6" insertCount="10000" extractCount="10000" duration="492919000"/>
			<Sample nodeCount="7" insertCount="10000" extractCount="10000" duration="706581000"/>
			<Sample nodeCount="8" insertCount="10000" extractCount="10000" duration="805794000"/>
			<Sample nodeCount="9" insertCount="10000" extractCount="10000" duration="1023700000"/>
			<Sample nodeCount="10" insertCount="10000" extractCount="10000" duration="1125820000"/>
			<Sample nodeCount="11" insertCount="10000" extractCount="10000" duration="1402397000"/>
			<Sample nodeCount="12" insertCount="10000" extractCount="10000" duration="1504527000"/>
			<Sample nodeCount="13" insertCount="10000" extractCount="10000" duration="1750866000"/>
			<Sample nodeCount="14" insertCount="10000" extractCount="10000" duration="1855897000"/>
			<Sample nodeCount="15" insertCount="10000" extractCount="10000" duration="2269998000"/>
			<Sample nodeCount="16" insertCount="10000" extractCount="10000" duration="2372118000"/>
			<Sample nodeCount="17" insertCount="10000" extractCount="10000" duration="2618464000"/>
			<Sample nodeCount="18" insertCount="10000" extractCount="10000" duration="2723506000"/>
			<Sample nodeCount="19" insertCount="10000" extractCount="10000" duration="3140056000"/>
			<Sample nodeCount="20" insertCount="10000" extractCount="10000" duration="3245087000"/>
			<Sample nodeCount="21" insertCount="10000" extractCount="10000" duration="3494348000"/>
			<Sample nodeCount="22" insertCount="10000" extractCount="10000" duration="3602299000"/>
			<Sample nodeCount="23" insertCount="10000" extractCount="10000" duration="4128578000"/>
			<Sample nodeCount="24" insertCount="10000" extractCount="10000" duration="4233619000"/>
			<Sample nodeCount="25" insertCount="10000" extractCount="10000" duration="4482879000"/>
			<Sample nodeCount="26" insertCount="10000" extractCount="10000" duration="4590826000"/>
			<Sample nodeCount="27" insertCount="10000" extractCount="10000" duration="5086876000"/>
			<Sample nodeCount="28" insertCount="10000" extractCount="10000" duration="5194820000"/>
			<Sample nodeCount="29" insertCount="10000" extractCount="10000" duration="5446999000"/>
			<Sample nodeCount="30" insertCount="10000" extractCount="10000" duration="5557853000"/>
			<Sample nodeCount="31" insertCount="10000" extractCount="10000" duration="6334522000"/>
			<Sample nodeCount="32" insertCount="10000" extractCount="10000" duration="6439561000"/>
			<Sample nodeCount="33" insertCount="10000" extractCount="10000" duration="6688819000"/>
			<Sample nodeCount="34" insertCount="10000" extractCount="10000" duration="6796759000"/>
			<Sample nodeCount="35" insertCount="10000" extractCount="10000" duration="7292826000"/>
			<Sample nodeCount="36" insertCount="10000" extractCount="10000" duration="7400763000"/>
			<Sample nodeCount="37" insertCount="10000" extractCount="10000" duration="7652935000"/>
			<Sample nodeCount="38" insertCount="10000" extractCount="10000" duration="7763796000"/>
			<Sample nodeCount="39" insertCount="10000" extractCount="10000" duration="8539337000"/>
			<Sample nodeCount="40" insertCount="10000" extractCount="10000" duration="8647300000"/>
			<Sample nodeCount="41" insertCount="10000" extractCount="10000" duration="8899456000"/>
			<Sample nodeCount="42" insertCount="10000" extractCount="10000" duration="9010317000"/>
			<Sample nodeCount="43" insertCount="10000" extractCount="10000" duration="9509284000"/>
			<Sample nodeCount="44" insertCount="10000" extractCount="10000" duration="9620141000"/>
			<Sample nodeCount="45" insertCount="10000" extractCount="10000" duration="9875215000"/>
			<Sample nodeCount="46" insertCount="10000" extractCount="10000" duration="9988990000"/>
			<Sample nodeCount="47" insertCount="10000" extractCount="10000" duration="10976399000"/>
			<Sample nodeCount="48" insertCount="10000" extractCount="10000" duration="11084350000"/>
			<Sample nodeCount="49" insertCount="10000" extractCount="10000" duration="11336513000"/>
			<Sample nodeCount="50" insertCount="10000" extractCount="10000" duration="11447382000"/>
			<Sample nodeCount="51" insertCount="10000" extractCount="10000" duration="11946333000"/>
			<Sample nodeCount="52" insertCount="10000" extractCount="10000" duration="12057201000"/>
			<Sample nodeCount="53" insertCount="10000" extractCount="10000" duration="12312280000"/>
			<Sample nodeCount="54" insertCount="10000" extractCount="10000" duration="12426052000"/>
			<Sample nodeCount="55" insertCount="10000" extractCount="10000" duration="13383223000"/>
			<Sample nodeCount="56" insertCount="10000" extractCount="10000" duration="13494088000"/>
			<Sample nodeCount="57" insertCount="10000" extractCount="10000" duration="13749164000"/>
			<Sample nodeCount="58" insertCount="10000" extractCount="10000" duration="13862933000"/>
			<Sample nodeCount="59" insertCount="10000" extractCount="10000" duration="14364820000"/>
			<Sample nodeCount="60" insertCount="10000" extractCount="10000" duration="14478569000"/>
			<Sample nodeCount="61" insertCount="10000" extractCount="10000" duration="14736569000"/>
			<Sample nodeCount="62" insertCount="10000" extractCount="10000" duration="14853259000"/>
			<Sample nodeCount="63" insertCount="10000" extractCount="10000" duration="16316794000"/>
			<Sample nodeCount="64" insertCount="10000" extractCount="10000" duration="16424739000"/>
			<Sample nodeCount="65" insertCount="10000" extractCount="10000" duration="16676899000"/>
			<Sample nodeCount="66" insertCount="10000" extractCount="10000" duration="16787769000"/>
			<Sample nodeCount="67" insertCount="10000" extractCount="10000" duration="17286743000"/>
			<Sample nodeCount="68" insertCount="10000" extractCount="10000" duration="17397590000"/>
			<Sample nodeCount="69" insertCount="10000" extractCount="10000" duration="17652678000"/>
			<Sample nodeCount="70" insertCount="10000" extractCount="10000" duration="17766440000"/>
			<Sample nodeCount="71" insertCount="10000" extractCount="10000" duration="18723609000"/>
			<Sample nodeCount="72" insertCount="10000" extractCount="10000" duration="18834467000"/>
			<Sample nodeCount="73" insertCount="10000" extractCount="10000" duration="19089553000"/>
			<Sample nodeCount="74" insertCount="10000" extractCount="10000" duration="19203326000"/>
			<Sample nodeCount="75" insertCount="10000" extractCount="10000" duration="19705211000"/>
			<Sample nodeCount="76" insertCount="10000" extractCount="10000" duration="19818967000"/>
			<Sample nodeCount="77" insertCount="10000" extractCount="10000" duration="20076953000"/>
			<Sample nodeCount="78" insertCount="10000" extractCount="10000" duration="20193645000"/>
			<Sample nodeCount="79" insertCount="10000" extractCount="10000" duration="21648896000"/>
			<Sample nodeCount="80" insertCount="10000" extractCount="10000" duration="21759753000"/>
			<Sample nodeCount="81" insertCount="10000" extractCount="10000" duration="22014836000"/>
			<Sample nodeCount="82" insertCount="10000" extractCount="10000" duration="22128611000"/>
			<Sample nodeCount="83" insertCount="10000" extractCount="10000" duration="22630473000"/>
			<Sample nodeCount="84" insertCount="10000" extractCount="10000" duration="22744243000"/>
			<Sample nodeCount="85" insertCount="10000" extractCount="10000" duration="23002248000"/>
			<Sample nodeCount="86" insertCount="10000" extractCount="10000" duration="23118928000"/>
			<Sample nodeCount="87" insertCount="10000" extractCount="10000" duration="24078999000"/>
			<Sample nodeCount="88" insertCount="10000" extractCount="10000" duration="24192772000"/>
			<Sample nodeCount="89" insertCount="10000" extractCount="10000" duration="24450769000"/>
			<Sample nodeCount="90" insertCount="10000" extractCount="10000" duration="24567457000"/>
			<Sample nodeCount="91" insertCount="10000" extractCount="10000" duration="25072240000"/>
			<Sample nodeCount="92" insertCount="10000" extractCount="10000" duration="25188921000"/>
			<Sample nodeCount="93" insertCount="10000" extractCount="10000" duration="25449818000"/>
			<Sample nodeCount="94" insertCount="10000" extractCount="10000" duration="25569412000"/>
			<Sample nodeCount="95" insertCount="10000" extractCount="10000" duration="27440758000"/>
			<Sample nodeCount="96" insertCount="10000" extractCount="10000" duration="27551622000"/>
			<Sample nodeCount="97" insertCount="10000" extractCount="10000" duration="27806690000"/>
			<Sample nodeCount="98" insertCount="10000" extractCount="10000" duration="27920483000"/>
			<Sample nodeCount="99" insertCount="10000" extractCount="10000" duration="28422350000"/>
			<Sample nodeCount="100" insertCount="10000" extractCount="10000" duration="28536125000"/>
			<Sample nodeCount="101" insertCount="10000" extractCount="10000" duration="28794119000"/>
			<Sample nodeCount="102" insertCount="10000" extractCount="10000" duration="28910815000"/>
			<Sample nodeCount="103" insertCount="10000" extractCount="10000" duration="29870884000"/>
			<Sample nodeCount="104" insertCount="10000" extractCount="10000" duration="29984646000"/>
			<Sample nodeCount="105" insertCount="10000" extractCount="10000" duration="30242648000"/>
			<Sample nodeCount="106" insertCount="10000" extractCount="10000" duration="30359330000"/>
			<Sample nodeCount="107" insertCount="10000" extractCount="10000" duration="30864119000"/>
			<Sample nodeCount="108" insertCount="10000" extractCount="10000" duration="30980798000"/>
			<Sample nodeCount="109" insertCount="10000" extractCount="10000" duration="31241698000"/>
			<Sample nodeCount="110" insertCount="10000" extractCount="10000" duration="31361293000"/>
			<Sample nodeCount="111" insertCount="10000" extractCount="10000" duration="33202419000"/>
			<Sample nodeCount="112" insertCount="10000" extractCount="10000" duration="33316182000"/>
			<Sample nodeCount="113" insertCount="10000" extractCount="10000" duration="33574167000"/>
			<Sample nodeCount="114" insertCount="10000" extractCount="10000" duration="33690848000"/>
			<Sample nodeCount="115" insertCount="10000" extractCount="10000" duration="34195647000"/>
			<Sample nodeCount="116" insertCount="10000" extractCount="10000" duration="34312338000"/>
			<Sample nodeCount="117" insertCount="10000" extractCount="10000" duration="34573236000"/>
			<Sample nodeCount="118" insertCount="10000" extractCount="10000" duration="34692837000"/>
			<Sample nodeCount="119" insertCount="10000" extractCount="10000" duration="35655816000"/>
			<Sample nodeCount="120" insertCount="10000" extractCount="10000" duration="35772504000"/>
			<Sample nodeCount="121" insertCount="10000" extractCount="10000" duration="36033411000"/>
			<Sample nodeCount="122" insertCount="10000" extractCount="10000" duration="36152996000"/>
			<Sample nodeCount="123" insertCount="10000" extractCount="10000" duration="36660703000"/>
			<Sample nodeCount="124" insertCount="10000" extractCount="10000" duration="36780300000"/>
			<Sample nodeCount="125" insertCount="10000" extractCount="10000" duration="37044114000"/>
			<Sample nodeCount="126" insertCount="10000" extractCount="10000" duration="37166654000"/>
			<Sample nodeCount="127" insertCount="10000" extractCount="10000" duration="39965579000"/>
		</SmallSetLinear>
		<LargeSetLinear>
		</LargeSetLinear>
	</RBTest>
	<RBTest implementation="Eternally Confuzzled" nodeSize="12">
		<SmallSetRandomOps>
			<Sample nodeCount="1" insertCount="62" extractCount="61" duration="358000"/>
			<Sample nodeCount="2" insertCount="123" extractCount="123" duration="822000"/>
			<Sample nodeCount="3" insertCount="185" extractCount="184" duration="1394000"/>
			<Sample nodeCount="4" insertCount="247" extractCount="245" duration="2035000"/>
			<Sample nodeCount="5" insertCount="309" extractCount="306" duration="2792000"/>
			<Sample nodeCount="6" insertCount="371" extractCount="367" duration="3536000"/>
			<Sample nodeCount="7" insertCount="432" extractCount="429" duration="4364000"/>
			<Sample nodeCount="8" insertCount="494" extractCount="490" duration="5188000"/>
			<Sample nodeCount="9" insertCount="554" extractCount="553" duration="6011000"/>
			<Sample nodeCount="10" insertCount="619" extractCount="611" duration="6785000"/>
			<Sample nodeCount="11" insertCount="680" extractCount="673" duration="7683000"/>
			<Sample nodeCount="12" insertCount="741" extractCount="735" duration="8693000"/>
			<Sample nodeCount="13" insertCount="803" extractCount="796" duration="9395000"/>
			<Sample nodeCount="14" insertCount="866" extractCount="856" duration="10523000"/>
			<Sample nodeCount="15" insertCount="927" extractCount="918" duration="11402000"/>
			<Sample nodeCount="16" insertCount="987" extractCount="981" duration="12291000"/>
			<Sample nodeCount="17" insertCount="1050" extractCount="1041" duration="13596000"/>
			<Sample nodeCount="18" insertCount="1113" extractCount="1101" duration="14361000"/>
			<Sample nodeCount="19" insertCount="1173" extractCount="1164" duration="15621000"/>
			<Sample nodeCount="20" insertCount="1235" extractCount="1225" duration="16772000"/>
			<Sample nodeCount="21" insertCount="1295" extractCount="1288" duration="17657000"/>
			<Sample nodeCount="22" insertCount="1359" extractCount="1347" duration="18836000"/>
			<Sample nodeCount="23" insertCount="1421" extractCount="1408" duration="19915000"/>
			<Sample nodeCount="24" insertCount="1482" extractCount="1470" duration="21119000"/>
			<Sample nodeCount="25" insertCount="1544" extractCount="1531" duration="22284000"/>
			<Sample nodeCount="26" insertCount="1606" extractCount="1592" duration="23234000"/>
			<Sample nodeCount="27" insertCount="1667" extractCount="1654" duration="24251000"/>
			<Sample nodeCount="28" insertCount="1730" extractCount="1714" duration="25228000"/>
			<Sample nodeCount="29" insertCount="1790" extractCount="1777" duration="26362000"/>
			<Sample nodeCount="30" insertCount="1853" extractCount="1837" duration="27261000"/>
			<Sample nodeCount="31" insertCount="1915" extractCount="1898" duration="28274000"/>
			<Sample nodeCount="32" insertCount="1976" extractCount="1960" duration="29528000"/>
			<Sample nodeCount="33" insertCount="2035" extractCount="2024" duration="30591000"/>
			<Sample nodeCount="34" insertCount="2099" extractCount="2083" duration="31792000"/>
			<Sample nodeCount="35" insertCount="2163" extractCount="2142" duration="32886000"/>
			<Sample nodeCount="36" insertCount="2221" extractCount="2207" duration="33717000"/>
			<Sample nodeCount="37" insertCount="2285" extractCount="2266" duration="35079000"/>
			<Sample nodeCount="38" insertCount="2348" extractCount="2326" duration="36307000"/>
			<Sample nodeCount="39" insertCount="2407" extractCount="2390" duration="37529000"/>
			<Sample nodeCount="40" insertCount="2469" extractCount="2451" duration="38765000"/>
			<Sample nodeCount="41" insertCount="2531" extractCount="2512" duration="39917000"/>
			<Sample nodeCount="42" insertCount="2594" extractCount="2572" duration="41300000"/>
			<Sample nodeCount="43" insertCount="2655" extractCount="2634" duration="42286000"/>
			<Sample nodeCount="44" insertCount="2717" extractCount="2695" duration="43601000"/>
			<Sample nodeCount="45" insertCount="2778" extractCount="2757" duration="44725000"/>
			<Sample nodeCount="46" insertCount="2842" extractCount="2816" duration="46336000"/>
			<Sample nodeCount="47" insertCount="2903" extractCount="2878" duration="47109000"/>
			<Sample nodeCount="48" insertCount="2963" extractCount="2941" duration="48312000"/>
			<Sample nodeCount="49" insertCount="3027" extractCount="3000" duration="50007000"/>
			<Sample nodeCount="50" insertCount="3085" extractCount="3065" duration="51094000"/>
			<Sample nodeCount="51" insertCount="3148" extractCount="3125" duration="52685000"/>
			<Sample nodeCount="52" insertCount="3210" extractCount="3186" duration="53691000"/>
			<Sample nodeCount="53" insertCount="3270" extractCount="3249" duration="55197000"/>
			<Sample nodeCount="54" insertCount="3333" extractCount="3309" duration="56641000"/>
			<Sample nodeCount="55" insertCount="3394" extractCount="3371" duration="57864000"/>
			<Sample nodeCount="56" insertCount="3457" extractCount="3431" duration="59131000"/>
			<Sample nodeCount="57" insertCount="3521" extractCount="3490" duration="60553000"/>
			<Sample nodeCount="58" insertCount="3583" extractCount="3551" duration="61582000"/>
			<Sample nodeCount="59" insertCount="3645" extractCount="3612" duration="62935000"/>
			<Sample nodeCount="60" insertCount="3706" extractCount="3674" duration="64602000"/>
			<Sample nodeCount="61" insertCount="3768" extractCount="3735" duration="66256000"/>
			<Sample nodeCount="62" insertCount="3827" extractCount="3799" duration="67000000"/>
			<Sample nodeCount="63" insertCount="3893" extractCount="3856" duration="68242000"/>
			<Sample nodeCount="64" insertCount="3953" extractCount="3919" duration="69777000"/>
			<Sample nodeCount="65" insertCount="4013" extractCount="3982" duration="71391000"/>
			<Sample nodeCount="66" insertCount="4076" extractCount="4042" duration="72684000"/>
			<Sample nodeCount="67" insertCount="4138" extractCount="4103" duration="73892000"/>
			<Sample nodeCount="68" insertCount="4195" extractCount="4169" duration="75407000"/>
			<Sample nodeCount="69" insertCount="4261" extractCount="4226" duration="76448000"/>
			<Sample nodeCount="70" insertCount="4321" extractCount="4289" duration="77742000"/>
			<Sample nodeCount="71" insertCount="4387" extractCount="4346" duration="79338000"/>
			<Sample nodeCount="72" insertCount="4451" extractCount="4405" duration="80717000"/>
			<Sample nodeCount="73" insertCount="4507" extractCount="4472" duration="81625000"/>
			<Sample nodeCount="74" insertCount="4569" extractCount="4533" duration="83267000"/>
			<Sample nodeCount="75" insertCount="4633" extractCount="4592" duration="84481000"/>
			<Sample nodeCount="76" insertCount="4693" extractCount="4655" duration="85519000"/>
			<Sample nodeCount="77" insertCount="4754" extractCount="4717" duration="86509000"/>
			<Sample nodeCount="78" insertCount="4814" extractCount="4780" duration="88124000"/>
			<Sample nodeCount="79" insertCount="4878" extractCount="4839" duration="89245000"/>
			<Sample nodeCount="80" insertCount="4940" extractCount="4900" duration="90147000"/>
			<Sample nodeCount="81" insertCount="5003" extractCount="4960" duration="91495000"/>
			<Sample nodeCount="82" insertCount="5065" extractCount="5021" duration="92727000"/>
			<Sample nodeCount="83" insertCount="5126" extractCount="5083" duration="93926000"/>
			<Sample nodeCount="84" insertCount="5190" extractCount="5142" duration="95884000"/>
			<Sample nodeCount="85" insertCount="5246" extractCount="5209" duration="96497000"/>
			<Sample nodeCount="86" insertCount="5311" extractCount="5267" duration="98159000"/>
			<Sample nodeCount="87" insertCount="5372" extractCount="5329" duration="99331000"/>
			<Sample nodeCount="88" insertCount="5432" extractCount="5392" duration="101056000"/>
			<Sample nodeCount="89" insertCount="5494" extractCount="5453" duration="101991000"/>
			<Sample nodeCount="90" insertCount="5561" extractCount="5509" duration="103429000"/>
			<Sample nodeCount="91" insertCount="5619" extractCount="5574" duration="104622000"/>
			<Sample nodeCount="92" insertCount="5682" extractCount="5634" duration="106053000"/>
			<Sample nodeCount="93" insertCount="5743" extractCount="5696" duration="107295000"/>
			<Sample nodeCount="94" insertCount="5802" extractCount="5760" duration="108541000"/>
			<Sample nodeCount="95" insertCount="5865" extractCount="5820" duration="109382000"/>
			<Sample nodeCount="96" insertCount="5931" extractCount="5877" duration="110933000"/>
			<Sample nodeCount="97" insertCount="5988" extractCount="5943" duration="112744000"/>
			<Sample nodeCount="98" insertCount="6054" extractCount="6000" duration="113593000"/>
			<Sample nodeCount="99" insertCount="6113" extractCount="6064" duration="115273000"/>
			<Sample nodeCount="100" insertCount="6177" extractCount="6123" duration="117300000"/>
			<Sample nodeCount="101" insertCount="6235" extractCount="6188" duration="118076000"/>
			<Sample nodeCount="102" insertCount="6299" extractCount="6247" duration="119391000"/>
			<Sample nodeCount="103" insertCount="6360" extractCount="6309" duration="120892000"/>
			<Sample nodeCount="104" insertCount="6426" extractCount="6366" duration="122247000"/>
			<Sample nodeCount="105" insertCount="6484" extractCount="6431" duration="123902000"/>
			<Sample nodeCount="106" insertCount="6548" extractCount="6490" duration="124908000"/>
			<Sample nodeCount="107" insertCount="6610" extractCount="6551" duration="126689000"/>
			<Sample nodeCount="108" insertCount="6668" extractCount="6616" duration="128178000"/>
			<Sample nodeCount="109" insertCount="6732" extractCount="6675" duration="129003000"/>
			<Sample nodeCount="110" insertCount="6793" extractCount="6737" duration="130284000"/>
			<Sample nodeCount="111" insertCount="6853" extractCount="6800" duration="132580000"/>
			<Sample nodeCount="112" insertCount="6916" extractCount="6860" duration="133386000"/>
			<Sample nodeCount="113" insertCount="6976" extractCount="6923" duration="134749000"/>
			<Sample nodeCount="114" insertCount="7037" extractCount="6985" duration="136249000"/>
			<Sample nodeCount="115" insertCount="7102" extractCount="7043" duration="138266000"/>
			<Sample nodeCount="116" insertCount="7162" extractCount="7106" duration="139189000"/>
			<Sample nodeCount="117" insertCount="7223" extractCount="7168" duration="141092000"/>
			<Sample nodeCount="118" insertCount="7287" extractCount="7227" duration="141857000"/>
			<Sample nodeCount="119" insertCount="7350" extractCount="7287" duration="143695000"/>
			<Sample nodeCount="120" insertCount="7407" extractCount="7353" duration="145359000"/>
			<Sample nodeCount="121" insertCount="7472" extractCount="7411" duration="146343000"/>
			<Sample nodeCount="122" insertCount="7532" extractCount="7474" duration="147888000"/>
			<Sample nodeCount="123" insertCount="7596" extractCount="7533" duration="150010000"/>
			<Sample nodeCount="124" insertCount="7659" extractCount="7593" duration="150558000"/>
			<Sample nodeCount="125" insertCount="7721" extractCount="7654" duration="152375000"/>
			<Sample nodeCount="126" insertCount="7778" extractCount="7720" duration="154007000"/>
			<Sample nodeCount="127" insertCount="7839" extractCount="7782" duration="155256000"/>
		</SmallSetRandomOps>
		<LargeSetRandomOps>
		</LargeSetRandomOps>
		<SmallSetLinear>
			<Sample nodeCount="1" insertCount="10000" extractCount="10000" duration="32254000"/>
			<Sample nodeCount="2" insertCount="10000" extractCount="10000" duration="81751000"/>
			<Sample nodeCount="3" insertCount="10000" extractCount="10000" duration="157448000"/>
			<Sample nodeCount="4" insertCount="10000" extractCount="10000" duration="259120000"/>
			<Sample nodeCount="5" insertCount="10000" extractCount="10000" duration="365725000"/>
			<Sample nodeCount="6" insertCount="10000" extractCount="10000" duration="419030000"/>
			<Sample nodeCount="7" insertCount="10000" extractCount="10000" duration="508724000"/>
			<Sample nodeCount="8" insertCount="10000" extractCount="10000" duration="620654000"/>
			<Sample nodeCount="9" insertCount="10000" extractCount="10000" duration="799518000"/>
			<Sample nodeCount="10" insertCount="10000" extractCount="10000" duration="896727000"/>
			<Sample nodeCount="11" insertCount="10000" extractCount="10000" duration="981620000"/>
			<Sample nodeCount="12" insertCount="10000" extractCount="10000" duration="1165550000"/>
			<Sample nodeCount="13" insertCount="10000" extractCount="10000" duration="1147320000"/>
			<Sample nodeCount="14" insertCount="10000" extractCount="10000" duration="1473909000"/>
			<Sample nodeCount="15" insertCount="10000" extractCount="10000" duration="1510879000"/>
			<Sample nodeCount="16" insertCount="10000" extractCount="10000" duration="1736348000"/>
			<Sample nodeCount="17" insertCount="10000" extractCount="10000" duration="1930730000"/>
			<Sample nodeCount="18" insertCount="10000" extractCount="10000" duration="2022694000"/>
			<Sample nodeCount="19" insertCount="10000" extractCount="10000" duration="2199222000"/>
			<Sample nodeCount="20" insertCount="10000" extractCount="10000" duration="2364032000"/>
			<Sample nodeCount="21" insertCount="10000" extractCount="10000" duration="2539603000"/>
			<Sample nodeCount="22" insertCount="10000" extractCount="10000" duration="2626700000"/>
			<Sample nodeCount="23" insertCount="10000" extractCount="10000" duration="2765240000"/>
			<Sample nodeCount="24" insertCount="10000" extractCount="10000" duration="2988630000"/>
			<Sample nodeCount="25" insertCount="10000" extractCount="10000" duration="3087202000"/>
			<Sample nodeCount="26" insertCount="10000" extractCount="10000" duration="3218972000"/>
			<Sample nodeCount="27" insertCount="10000" extractCount="10000" duration="3386700000"/>
			<Sample nodeCount="28" insertCount="10000" extractCount="10000" duration="3613924000"/>
			<Sample nodeCount="29" insertCount="10000" extractCount="10000" duration="3817545000"/>
			<Sample nodeCount="30" insertCount="10000" extractCount="10000" duration="3706500000"/>
			<Sample nodeCount="31" insertCount="10000" extractCount="10000" duration="3863339000"/>
			<Sample nodeCount="32" insertCount="10000" extractCount="10000" duration="4023162000"/>
			<Sample nodeCount="33" insertCount="10000" extractCount="10000" duration="4148877000"/>
			<Sample nodeCount="34" insertCount="10000" extractCount="10000" duration="4146528000"/>
			<Sample nodeCount="35" insertCount="10000" extractCount="10000" duration="4435102000"/>
			<Sample nodeCount="36" insertCount="10000" extractCount="10000" duration="4568434000"/>
			<Sample nodeCount="37" insertCount="10000" extractCount="10000" duration="4697566000"/>
			<Sample nodeCount="38" insertCount="10000" extractCount="10000" duration="5028035000"/>
			<Sample nodeCount="39" insertCount="10000" extractCount="10000" duration="5274676000"/>
			<Sample nodeCount="40" insertCount="10000" extractCount="10000" duration="5376119000"/>
			<Sample nodeCount="41" insertCount="10000" extractCount="10000" duration="5402687000"/>
			<Sample nodeCount="42" insertCount="10000" extractCount="10000" duration="5540038000"/>
			<Sample nodeCount="43" insertCount="10000" extractCount="10000" duration="5630259000"/>
			<Sample nodeCount="44" insertCount="10000" extractCount="10000" duration="5816673000"/>
			<Sample nodeCount="45" insertCount="10000" extractCount="10000" duration="5958174000"/>
			<Sample nodeCount="46" insertCount="10000" extractCount="10000" duration="6031040000"/>
			<Sample nodeCount="47" insertCount="10000" extractCount="10000" duration="6505198000"/>
			<Sample nodeCount="48" insertCount="10000" extractCount="10000" duration="6463153000"/>
			<Sample nodeCount="49" insertCount="10000" extractCount="10000" duration="6516830000"/>
			<Sample nodeCount="50" insertCount="10000" extractCount="10000" duration="6722233000"/>
			<Sample nodeCount="51" insertCount="10000" extractCount="10000" duration="7024221000"/>
			<Sample nodeCount="52" insertCount="10000" extractCount="10000" duration="7149719000"/>
			<Sample nodeCount="53" insertCount="10000" extractCount="10000" duration="7147475000"/>
			<Sample nodeCount="54" insertCount="10000" extractCount="10000" duration="7399784000"/>
			<Sample nodeCount="55" insertCount="10000" extractCount="10000" duration="7637718000"/>
			<Sample nodeCount="56" insertCount="10000" extractCount="10000" duration="7780719000"/>
			<Sample nodeCount="57" insertCount="10000" extractCount="10000" duration="7844214000"/>
			<Sample nodeCount="58" insertCount="10000" extractCount="10000" duration="8057624000"/>
			<Sample nodeCount="59" insertCount="10000" extractCount="10000" duration="8314704000"/>
			<Sample nodeCount="60" insertCount="10000" extractCount="10000" duration="8336246000"/>
			<Sample nodeCount="61" insertCount="10000" extractCount="10000" duration="8569546000"/>
			<Sample nodeCount="62" insertCount="10000" extractCount="10000" duration="8761708000"/>
			<Sample nodeCount="63" insertCount="10000" extractCount="10000" duration="8907433000"/>
			<Sample nodeCount="64" insertCount="10000" extractCount="10000" duration="9115617000"/>
			<Sample nodeCount="65" insertCount="10000" extractCount="10000" duration="9252997000"/>
			<Sample nodeCount="66" insertCount="10000" extractCount="10000" duration="9490588000"/>
			<Sample nodeCount="67" insertCount="10000" extractCount="10000" duration="9526239000"/>
			<Sample nodeCount="68" insertCount="10000" extractCount="10000" duration="9649830000"/>
			<Sample nodeCount="69" insertCount="10000" extractCount="10000" duration="9749562000"/>
			<Sample nodeCount="70" insertCount="10000" extractCount="10000" duration="9961095000"/>
			<Sample nodeCount="71" insertCount="10000" extractCount="10000" duration="10358156000"/>
			<Sample nodeCount="72" insertCount="10000" extractCount="10000" duration="10452844000"/>
			<Sample nodeCount="73" insertCount="10000" extractCount="10000" duration="10544597000"/>
			<Sample nodeCount="74" insertCount="10000" extractCount="10000" duration="10707790000"/>
			<Sample nodeCount="75" insertCount="10000" extractCount="10000" duration="10857409000"/>
			<Sample nodeCount="76" insertCount="10000" extractCount="10000" duration="10963189000"/>
			<Sample nodeCount="77" insertCount="10000" extractCount="10000" duration="11256626000"/>
			<Sample nodeCount="78" insertCount="10000" extractCount="10000" duration="11535539000"/>
			<Sample nodeCount="79" insertCount="10000" extractCount="10000" duration="11657004000"/>
			<Sample nodeCount="80" insertCount="10000" extractCount="10000" duration="11805760000"/>
			<Sample nodeCount="81" insertCount="10000" extractCount="10000" duration="11943340000"/>
			<Sample nodeCount="82" insertCount="10000" extractCount="10000" duration="12075928000"/>
			<Sample nodeCount="83" insertCount="10000" extractCount="10000" duration="12335756000"/>
			<Sample nodeCount="84" insertCount="10000" extractCount="10000" duration="12513610000"/>
			<Sample nodeCount="85" insertCount="10000" extractCount="10000" duration="12559146000"/>
			<Sample nodeCount="86" insertCount="10000" extractCount="10000" duration="12775527000"/>
			<Sample nodeCount="87" insertCount="10000" extractCount="10000" duration="13130518000"/>
			<Sample nodeCount="88" insertCount="10000" extractCount="10000" duration="13210836000"/>
			<Sample nodeCount="89" insertCount="10000" extractCount="10000" duration="13548837000"/>
			<Sample nodeCount="90" insertCount="10000" extractCount="10000" duration="13588424000"/>
			<Sample nodeCount="91" insertCount="10000" extractCount="10000" duration="13705288000"/>
			<Sample nodeCount="92" insertCount="10000" extractCount="10000" duration="13952597000"/>
			<Sample nodeCount="93" insertCount="10000" extractCount="10000" duration="14239832000"/>
			<Sample nodeCount="94" insertCount="10000" extractCount="10000" duration="14215617000"/>
			<Sample nodeCount="95" insertCount="10000" extractCount="10000" duration="14657662000"/>
			<Sample nodeCount="96" insertCount="10000" extractCount="10000" duration="14737463000"/>
			<Sample nodeCount="97" insertCount="10000" extractCount="10000" duration="14870889000"/>
			<Sample nodeCount="98" insertCount="10000" extractCount="10000" duration="14994662000"/>
			<Sample nodeCount="99" insertCount="10000" extractCount="10000" duration="15143426000"/>
			<Sample nodeCount="100" insertCount="10000" extractCount="10000" duration="15558115000"/>
			<Sample nodeCount="101" insertCount="10000" extractCount="10000" duration="15548847000"/>
			<Sample nodeCount="102" insertCount="10000" extractCount="10000" duration="15881685000"/>
			<Sample nodeCount="103" insertCount="10000" extractCount="10000" duration="16016713000"/>
			<Sample nodeCount="104" insertCount="10000" extractCount="10000" duration="16165793000"/>
			<Sample nodeCount="105" insertCount="10000" extractCount="10000" duration="16394839000"/>
			<Sample nodeCount="106" insertCount="10000" extractCount="10000" duration="16622513000"/>
			<Sample nodeCount="107" insertCount="10000" extractCount="10000" duration="16751875000"/>
			<Sample nodeCount="108" insertCount="10000" extractCount="10000" duration="16998426000"/>
			<Sample nodeCount="109" insertCount="10000" extractCount="10000" duration="17050043000"/>
			<Sample nodeCount="110" insertCount="10000" extractCount="10000" duration="17469272000"/>
			<Sample nodeCount="111" insertCount="10000" extractCount="10000" duration="17342365000"/>
			<Sample nodeCount="112" insertCount="10000" extractCount="10000" duration="17605461000"/>
			<Sample nodeCount="113" insertCount="10000" extractCount="10000" duration="17692376000"/>
			<Sample nodeCount="114" insertCount="10000" extractCount="10000" duration="17965175000"/>
			<Sample nodeCount="115" insertCount="10000" extractCount="10000" duration="18238833000"/>
			<Sample nodeCount="116" insertCount="10000" extractCount="10000" duration="18476367000"/>
			<Sample nodeCount="117" insertCount="10000" extractCount="10000" duration="18637581000"/>
			<Sample nodeCount="118" insertCount="10000" extractCount="10000" duration="18948242000"/>
			<Sample nodeCount="119" insertCount="10000" extractCount="10000" duration="18893582000"/>
			<Sample nodeCount="120" insertCount="10000" extractCount="10000" duration="19289929000"/>
			<Sample nodeCount="121" insertCount="10000" extractCount="10000" duration="19226953000"/>
			<Sample nodeCount="122" insertCount="10000" extractCount="10000" duration="19490909000"/>
			<Sample nodeCount="123" insertCount="10000" extractCount="10000" duration="20073733000"/>
			<Sample nodeCount="124" insertCount="10000" extractCount="10000" duration="19946412000"/>
			<Sample nodeCount="125" insertCount="10000" extractCount="10000" duration="20135854000"/>
			<Sample nodeCount="126" insertCount="10000" extractCount="10000" duration="20239512000"/>
			<Sample nodeCount="127" insertCount="10000" extractCount="10000" duration="20583955000"/>
		</SmallSetLinear>
		<LargeSetLinear>
		</LargeSetLinear>
	</RBTest>
	<RBTest implementation="RTEMS Compact" nodeSize="12">
		<SmallSetRandomOps>
			<Sample nodeCount="1" insertCount="62" extractCount="61" duration="394000"/>
			<Sample nodeCount="2" insertCount="123" extractCount="123" duration="838000"/>
			<Sample nodeCount="3" insertCount="186" extractCount="183" duration="1438000"/>
			<Sample nodeCount="4" insertCount="247" extractCount="245" duration="2022000"/>
			<Sample nodeCount="5" insertCount="309" extractCount="306" duration="2754000"/>
			<Sample nodeCount="6" insertCount="370" extractCount="368" duration="3370000"/>
			<Sample nodeCount="7" insertCount="433" extractCount="428" duration="4062000"/>
			<Sample nodeCount="8" insertCount="493" extractCount="491" duration="4721000"/>
			<Sample nodeCount="9" insertCount="557" extractCount="550" duration="5424000"/>
			<Sample nodeCount="10" insertCount="619" extractCount="611" duration="6021000"/>
			<Sample nodeCount="11" insertCount="680" extractCount="673" duration="6657000"/>
			<Sample nodeCount="12" insertCount="740" extractCount="736" duration="7248000"/>
			<Sample nodeCount="13" insertCount="803" extractCount="796" duration="8060000"/>
			<Sample nodeCount="14" insertCount="864" extractCount="858" duration="8780000"/>
			<Sample nodeCount="15" insertCount="927" extractCount="918" duration="9364000"/>
			<Sample nodeCount="16" insertCount="988" extractCount="980" duration="10069000"/>
			<Sample nodeCount="17" insertCount="1050" extractCount="1041" duration="10941000"/>
			<Sample nodeCount="18" insertCount="1113" extractCount="1101" duration="11520000"/>
			<Sample nodeCount="19" insertCount="1172" extractCount="1165" duration="12367000"/>
			<Sample nodeCount="20" insertCount="1237" extractCount="1223" duration="13041000"/>
			<Sample nodeCount="21" insertCount="1296" extractCount="1287" duration="13766000"/>
			<Sample nodeCount="22" insertCount="1359" extractCount="1347" duration="14281000"/>
			<Sample nodeCount="23" insertCount="1419" extractCount="1410" duration="14952000"/>
			<Sample nodeCount="24" insertCount="1484" extractCount="1468" duration="15780000"/>
			<Sample nodeCount="25" insertCount="1544" extractCount="1531" duration="16425000"/>
			<Sample nodeCount="26" insertCount="1604" extractCount="1594" duration="17016000"/>
			<Sample nodeCount="27" insertCount="1668" extractCount="1653" duration="17827000"/>
			<Sample nodeCount="28" insertCount="1729" extractCount="1715" duration="18706000"/>
			<Sample nodeCount="29" insertCount="1790" extractCount="1777" duration="19425000"/>
			<Sample nodeCount="30" insertCount="1851" extractCount="1839" duration="19766000"/>
			<Sample nodeCount="31" insertCount="1914" extractCount="1899" duration="20941000"/>
			<Sample nodeCount="32" insertCount="1977" extractCount="1959" duration="21573000"/>
			<Sample nodeCount="33" insertCount="2041" extractCount="2018" duration="22145000"/>
			<Sample nodeCount="34" insertCount="2097" extractCount="2085" duration="22742000"/>
			<Sample nodeCount="35" insertCount="2160" extractCount="2145" duration="23673000"/>
			<Sample nodeCount="36" insertCount="2221" extractCount="2207" duration="24388000"/>
			<Sample nodeCount="37" insertCount="2285" extractCount="2266" duration="25230000"/>
			<Sample nodeCount="38" insertCount="2346" extractCount="2328" duration="25760000"/>
			<Sample nodeCount="39" insertCount="2408" extractCount="2389" duration="26366000"/>
			<Sample nodeCount="40" insertCount="2471" extractCount="2449" duration="27402000"/>
			<Sample nodeCount="41" insertCount="2531" extractCount="2512" duration="27828000"/>
			<Sample nodeCount="42" insertCount="2593" extractCount="2573" duration="28687000"/>
			<Sample nodeCount="43" insertCount="2656" extractCount="2633" duration="29601000"/>
			<Sample nodeCount="44" insertCount="2717" extractCount="2695" duration="30217000"/>
			<Sample nodeCount="45" insertCount="2776" extractCount="2759" duration="30740000"/>
			<Sample nodeCount="46" insertCount="2840" extractCount="2818" duration="31331000"/>
			<Sample nodeCount="47" insertCount="2902" extractCount="2879" duration="32806000"/>
			<Sample nodeCount="48" insertCount="2966" extractCount="2938" duration="32971000"/>
			<Sample nodeCount="49" insertCount="3026" extractCount="3001" duration="34080000"/>
			<Sample nodeCount="50" insertCount="3084" extractCount="3066" duration="34807000"/>
			<Sample nodeCount="51" insertCount="3151" extractCount="3122" duration="35348000"/>
			<Sample nodeCount="52" insertCount="3209" extractCount="3187" duration="36396000"/>
			<Sample nodeCount="53" insertCount="3273" extractCount="3246" duration="37188000"/>
			<Sample nodeCount="54" insertCount="3337" extractCount="3305" duration="37899000"/>
			<Sample nodeCount="55" insertCount="3400" extractCount="3365" duration="38610000"/>
			<Sample nodeCount="56" insertCount="3458" extractCount="3430" duration="39276000"/>
			<Sample nodeCount="57" insertCount="3521" extractCount="3490" duration="40229000"/>
			<Sample nodeCount="58" insertCount="3580" extractCount="3554" duration="40480000"/>
			<Sample nodeCount="59" insertCount="3647" extractCount="3610" duration="41360000"/>
			<Sample nodeCount="60" insertCount="3706" extractCount="3674" duration="41842000"/>
			<Sample nodeCount="61" insertCount="3766" extractCount="3737" duration="42771000"/>
			<Sample nodeCount="62" insertCount="3828" extractCount="3798" duration="43379000"/>
			<Sample nodeCount="63" insertCount="3888" extractCount="3861" duration="44162000"/>
			<Sample nodeCount="64" insertCount="3952" extractCount="3920" duration="45130000"/>
			<Sample nodeCount="65" insertCount="4014" extractCount="3981" duration="45971000"/>
			<Sample nodeCount="66" insertCount="4077" extractCount="4041" duration="46771000"/>
			<Sample nodeCount="67" insertCount="4136" extractCount="4105" duration="47275000"/>
			<Sample nodeCount="68" insertCount="4200" extractCount="4164" duration="48010000"/>
			<Sample nodeCount="69" insertCount="4263" extractCount="4224" duration="48998000"/>
			<Sample nodeCount="70" insertCount="4325" extractCount="4285" duration="49543000"/>
			<Sample nodeCount="71" insertCount="4381" extractCount="4352" duration="50661000"/>
			<Sample nodeCount="72" insertCount="4448" extractCount="4408" duration="51144000"/>
			<Sample nodeCount="73" insertCount="4507" extractCount="4472" duration="52201000"/>
			<Sample nodeCount="74" insertCount="4571" extractCount="4531" duration="52412000"/>
			<Sample nodeCount="75" insertCount="4631" extractCount="4594" duration="53350000"/>
			<Sample nodeCount="76" insertCount="4693" extractCount="4655" duration="54062000"/>
			<Sample nodeCount="77" insertCount="4755" extractCount="4716" duration="54918000"/>
			<Sample nodeCount="78" insertCount="4817" extractCount="4777" duration="55928000"/>
			<Sample nodeCount="79" insertCount="4877" extractCount="4840" duration="56489000"/>
			<Sample nodeCount="80" insertCount="4942" extractCount="4898" duration="57387000"/>
			<Sample nodeCount="81" insertCount="5002" extractCount="4961" duration="57850000"/>
			<Sample nodeCount="82" insertCount="5063" extractCount="5023" duration="58623000"/>
			<Sample nodeCount="83" insertCount="5124" extractCount="5085" duration="59825000"/>
			<Sample nodeCount="84" insertCount="5187" extractCount="5145" duration="60646000"/>
			<Sample nodeCount="85" insertCount="5250" extractCount="5205" duration="61082000"/>
			<Sample nodeCount="86" insertCount="5314" extractCount="5264" duration="62089000"/>
			<Sample nodeCount="87" insertCount="5374" extractCount="5327" duration="63161000"/>
			<Sample nodeCount="88" insertCount="5432" extractCount="5392" duration="63342000"/>
			<Sample nodeCount="89" insertCount="5490" extractCount="5457" duration="64351000"/>
			<Sample nodeCount="90" insertCount="5559" extractCount="5511" duration="64855000"/>
			<Sample nodeCount="91" insertCount="5621" extractCount="5572" duration="65414000"/>
			<Sample nodeCount="92" insertCount="5680" extractCount="5636" duration="66584000"/>
			<Sample nodeCount="93" insertCount="5740" extractCount="5699" duration="67432000"/>
			<Sample nodeCount="94" insertCount="5803" extractCount="5759" duration="67878000"/>
			<Sample nodeCount="95" insertCount="5862" extractCount="5823" duration="68913000"/>
			<Sample nodeCount="96" insertCount="5929" extractCount="5879" duration="69842000"/>
			<Sample nodeCount="97" insertCount="5993" extractCount="5938" duration="70926000"/>
			<Sample nodeCount="98" insertCount="6055" extractCount="5999" duration="71181000"/>
			<Sample nodeCount="99" insertCount="6113" extractCount="6064" duration="72548000"/>
			<Sample nodeCount="100" insertCount="6172" extractCount="6128" duration="72585000"/>
			<Sample nodeCount="101" insertCount="6238" extractCount="6185" duration="73776000"/>
			<Sample nodeCount="102" insertCount="6299" extractCount="6247" duration="74153000"/>
			<Sample nodeCount="103" insertCount="6363" extractCount="6306" duration="75275000"/>
			<Sample nodeCount="104" insertCount="6426" extractCount="6366" duration="76107000"/>
			<Sample nodeCount="105" insertCount="6481" extractCount="6434" duration="76888000"/>
			<Sample nodeCount="106" insertCount="6544" extractCount="6494" duration="77564000"/>
			<Sample nodeCount="107" insertCount="6607" extractCount="6554" duration="78207000"/>
			<Sample nodeCount="108" insertCount="6669" extractCount="6615" duration="78862000"/>
			<Sample nodeCount="109" insertCount="6732" extractCount="6675" duration="79741000"/>
			<Sample nodeCount="110" insertCount="6794" extractCount="6736" duration="80432000"/>
			<Sample nodeCount="111" insertCount="6852" extractCount="6801" duration="81396000"/>
			<Sample nodeCount="112" insertCount="6918" extractCount="6858" duration="82261000"/>
			<Sample nodeCount="113" insertCount="6981" extractCount="6918" duration="83079000"/>
			<Sample nodeCount="114" insertCount="7041" extractCount="6981" duration="83797000"/>
			<Sample nodeCount="115" insertCount="7103" extractCount="7042" duration="84682000"/>
			<Sample nodeCount="116" insertCount="7164" extractCount="7104" duration="85667000"/>
			<Sample nodeCount="117" insertCount="7225" extractCount="7166" duration="86610000"/>
			<Sample nodeCount="118" insertCount="7291" extractCount="7223" duration="86892000"/>
			<Sample nodeCount="119" insertCount="7350" extractCount="7287" duration="88131000"/>
			<Sample nodeCount="120" insertCount="7410" extractCount="7350" duration="88608000"/>
			<Sample nodeCount="121" insertCount="7471" extractCount="7412" duration="89627000"/>
			<Sample nodeCount="122" insertCount="7537" extractCount="7469" duration="89818000"/>
			<Sample nodeCount="123" insertCount="7593" extractCount="7536" duration="91017000"/>
			<Sample nodeCount="124" insertCount="7658" extractCount="7594" duration="91245000"/>
			<Sample nodeCount="125" insertCount="7718" extractCount="7657" duration="92289000"/>
			<Sample nodeCount="126" insertCount="7781" extractCount="7717" duration="92828000"/>
			<Sample nodeCount="127" insertCount="7840" extractCount="7781" duration="94064000"/>
		</SmallSetRandomOps>
		<LargeSetRandomOps>
		</LargeSetRandomOps>
		<SmallSetLinear>
			<Sample nodeCount="1" insertCount="10000" extractCount="10000" duration="37854000"/>
			<Sample nodeCount="2" insertCount="10000" extractCount="10000" duration="81075000"/>
			<Sample nodeCount="3" insertCount="10000" extractCount="10000" duration="157893000"/>
			<Sample nodeCount="4" insertCount="10000" extractCount="10000" duration="250389000"/>
			<Sample nodeCount="5" insertCount="10000" extractCount="10000" duration="328995000"/>
			<Sample nodeCount="6" insertCount="10000" extractCount="10000" duration="419245000"/>
			<Sample nodeCount="7" insertCount="10000" extractCount="10000" duration="503459000"/>
			<Sample nodeCount="8" insertCount="10000" extractCount="10000" duration="612300000"/>
			<Sample nodeCount="9" insertCount="10000" extractCount="10000" duration="696506000"/>
			<Sample nodeCount="10" insertCount="10000" extractCount="10000" duration="825273000"/>
			<Sample nodeCount="11" insertCount="10000" extractCount="10000" duration="915081000"/>
			<Sample nodeCount="12" insertCount="10000" extractCount="10000" duration="1045195000"/>
			<Sample nodeCount="13" insertCount="10000" extractCount="10000" duration="1135003000"/>
			<Sample nodeCount="14" insertCount="10000" extractCount="10000" duration="1260192000"/>
			<Sample nodeCount="15" insertCount="10000" extractCount="10000" duration="1355600000"/>
			<Sample nodeCount="16" insertCount="10000" extractCount="10000" duration="1491309000"/>
			<Sample nodeCount="17" insertCount="10000" extractCount="10000" duration="1586718000"/>
			<Sample nodeCount="18" insertCount="10000" extractCount="10000" duration="1730499000"/>
			<Sample nodeCount="19" insertCount="10000" extractCount="10000" duration="1825899000"/>
			<Sample nodeCount="20" insertCount="10000" extractCount="10000" duration="1961611000"/>
			<Sample nodeCount="21" insertCount="10000" extractCount="10000" duration="2057019000"/>
			<Sample nodeCount="22" insertCount="10000" extractCount="10000" duration="2220731000"/>
			<Sample nodeCount="23" insertCount="10000" extractCount="10000" duration="2321735000"/>
			<Sample nodeCount="24" insertCount="10000" extractCount="10000" duration="2463047000"/>
			<Sample nodeCount="25" insertCount="10000" extractCount="10000" duration="2564048000"/>
			<Sample nodeCount="26" insertCount="10000" extractCount="10000" duration="2729103000"/>
			<Sample nodeCount="27" insertCount="10000" extractCount="10000" duration="2830106000"/>
			<Sample nodeCount="28" insertCount="10000" extractCount="10000" duration="2971416000"/>
			<Sample nodeCount="29" insertCount="10000" extractCount="10000" duration="3072417000"/>
			<Sample nodeCount="30" insertCount="10000" extractCount="10000" duration="3232553000"/>
			<Sample nodeCount="31" insertCount="10000" extractCount="10000" duration="3339148000"/>
			<Sample nodeCount="32" insertCount="10000" extractCount="10000" duration="3486065000"/>
			<Sample nodeCount="33" insertCount="10000" extractCount="10000" duration="3592671000"/>
			<Sample nodeCount="34" insertCount="10000" extractCount="10000" duration="3763316000"/>
			<Sample nodeCount="35" insertCount="10000" extractCount="10000" duration="3869923000"/>
			<Sample nodeCount="36" insertCount="10000" extractCount="10000" duration="4016841000"/>
			<Sample nodeCount="37" insertCount="10000" extractCount="10000" duration="4123441000"/>
			<Sample nodeCount="38" insertCount="10000" extractCount="10000" duration="4302146000"/>
			<Sample nodeCount="39" insertCount="10000" extractCount="10000" duration="4408754000"/>
			<Sample nodeCount="40" insertCount="10000" extractCount="10000" duration="4555669000"/>
			<Sample nodeCount="41" insertCount="10000" extractCount="10000" duration="4662271000"/>
			<Sample nodeCount="42" insertCount="10000" extractCount="10000" duration="4832925000"/>
			<Sample nodeCount="43" insertCount="10000" extractCount="10000" duration="4939518000"/>
			<Sample nodeCount="44" insertCount="10000" extractCount="10000" duration="5086437000"/>
			<Sample nodeCount="45" insertCount="10000" extractCount="10000" duration="5193037000"/>
			<Sample nodeCount="46" insertCount="10000" extractCount="10000" duration="5391684000"/>
			<Sample nodeCount="47" insertCount="10000" extractCount="10000" duration="5503890000"/>
			<Sample nodeCount="48" insertCount="10000" extractCount="10000" duration="5656395000"/>
			<Sample nodeCount="49" insertCount="10000" extractCount="10000" duration="5768605000"/>
			<Sample nodeCount="50" insertCount="10000" extractCount="10000" duration="5944850000"/>
			<Sample nodeCount="51" insertCount="10000" extractCount="10000" duration="6057048000"/>
			<Sample nodeCount="52" insertCount="10000" extractCount="10000" duration="6209561000"/>
			<Sample nodeCount="53" insertCount="10000" extractCount="10000" duration="6321768000"/>
			<Sample nodeCount="54" insertCount="10000" extractCount="10000" duration="6521754000"/>
			<Sample nodeCount="55" insertCount="10000" extractCount="10000" duration="6633958000"/>
			<Sample nodeCount="56" insertCount="10000" extractCount="10000" duration="6786469000"/>
			<Sample nodeCount="57" insertCount="10000" extractCount="10000" duration="6898660000"/>
			<Sample nodeCount="58" insertCount="10000" extractCount="10000" duration="7074918000"/>
			<Sample nodeCount="59" insertCount="10000" extractCount="10000" duration="7187118000"/>
			<Sample nodeCount="60" insertCount="10000" extractCount="10000" duration="7339627000"/>
			<Sample nodeCount="61" insertCount="10000" extractCount="10000" duration="7451834000"/>
			<Sample nodeCount="62" insertCount="10000" extractCount="10000" duration="7646897000"/>
			<Sample nodeCount="63" insertCount="10000" extractCount="10000" duration="7764711000"/>
			<Sample nodeCount="64" insertCount="10000" extractCount="10000" duration="7922809000"/>
			<Sample nodeCount="65" insertCount="10000" extractCount="10000" duration="8040599000"/>
			<Sample nodeCount="66" insertCount="10000" extractCount="10000" duration="8222461000"/>
			<Sample nodeCount="67" insertCount="10000" extractCount="10000" duration="8340253000"/>
			<Sample nodeCount="68" insertCount="10000" extractCount="10000" duration="8498365000"/>
			<Sample nodeCount="69" insertCount="10000" extractCount="10000" duration="8616163000"/>
			<Sample nodeCount="70" insertCount="10000" extractCount="10000" duration="8821759000"/>
			<Sample nodeCount="71" insertCount="10000" extractCount="10000" duration="8939553000"/>
			<Sample nodeCount="72" insertCount="10000" extractCount="10000" duration="9097668000"/>
			<Sample nodeCount="73" insertCount="10000" extractCount="10000" duration="9215467000"/>
			<Sample nodeCount="74" insertCount="10000" extractCount="10000" duration="9397316000"/>
			<Sample nodeCount="75" insertCount="10000" extractCount="10000" duration="9515102000"/>
			<Sample nodeCount="76" insertCount="10000" extractCount="10000" duration="9673221000"/>
			<Sample nodeCount="77" insertCount="10000" extractCount="10000" duration="9791027000"/>
			<Sample nodeCount="78" insertCount="10000" extractCount="10000" duration="10004673000"/>
			<Sample nodeCount="79" insertCount="10000" extractCount="10000" duration="10122480000"/>
			<Sample nodeCount="80" insertCount="10000" extractCount="10000" duration="10280586000"/>
			<Sample nodeCount="81" insertCount="10000" extractCount="10000" duration="10398391000"/>
			<Sample nodeCount="82" insertCount="10000" extractCount="10000" duration="10580232000"/>
			<Sample nodeCount="83" insertCount="10000" extractCount="10000" duration="10698035000"/>
			<Sample nodeCount="84" insertCount="10000" extractCount="10000" duration="10856149000"/>
			<Sample nodeCount="85" insertCount="10000" extractCount="10000" duration="10973935000"/>
			<Sample nodeCount="86" insertCount="10000" extractCount="10000" duration="11179528000"/>
			<Sample nodeCount="87" insertCount="10000" extractCount="10000" duration="11297331000"/>
			<Sample nodeCount="88" insertCount="10000" extractCount="10000" duration="11455444000"/>
			<Sample nodeCount="89" insertCount="10000" extractCount="10000" duration="11573249000"/>
			<Sample nodeCount="90" insertCount="10000" extractCount="10000" duration="11755106000"/>
			<Sample nodeCount="91" insertCount="10000" extractCount="10000" duration="11872892000"/>
			<Sample nodeCount="92" insertCount="10000" extractCount="10000" duration="12031004000"/>
			<Sample nodeCount="93" insertCount="10000" extractCount="10000" duration="12148811000"/>
			<Sample nodeCount="94" insertCount="10000" extractCount="10000" duration="12382386000"/>
			<Sample nodeCount="95" insertCount="10000" extractCount="10000" duration="12505784000"/>
			<Sample nodeCount="96" insertCount="10000" extractCount="10000" duration="12669496000"/>
			<Sample nodeCount="97" insertCount="10000" extractCount="10000" duration="12792897000"/>
			<Sample nodeCount="98" insertCount="10000" extractCount="10000" duration="12980345000"/>
			<Sample nodeCount="99" insertCount="10000" extractCount="10000" duration="13103746000"/>
			<Sample nodeCount="100" insertCount="10000" extractCount="10000" duration="13267448000"/>
			<Sample nodeCount="101" insertCount="10000" extractCount="10000" duration="13390850000"/>
			<Sample nodeCount="102" insertCount="10000" extractCount="10000" duration="13602040000"/>
			<Sample nodeCount="103" insertCount="10000" extractCount="10000" duration="13725438000"/>
			<Sample nodeCount="104" insertCount="10000" extractCount="10000" duration="13889149000"/>
			<Sample nodeCount="105" insertCount="10000" extractCount="10000" duration="14012550000"/>
			<Sample nodeCount="106" insertCount="10000" extractCount="10000" duration="14200017000"/>
			<Sample nodeCount="107" insertCount="10000" extractCount="10000" duration="14323387000"/>
			<Sample nodeCount="108" insertCount="10000" extractCount="10000" duration="14487105000"/>
			<Sample nodeCount="109" insertCount="10000" extractCount="10000" duration="14610494000"/>
			<Sample nodeCount="110" insertCount="10000" extractCount="10000" duration="14845426000"/>
			<Sample nodeCount="111" insertCount="10000" extractCount="10000" duration="14968828000"/>
			<Sample nodeCount="112" insertCount="10000" extractCount="10000" duration="15132540000"/>
			<Sample nodeCount="113" insertCount="10000" extractCount="10000" duration="15255947000"/>
			<Sample nodeCount="114" insertCount="10000" extractCount="10000" duration="15443381000"/>
			<Sample nodeCount="115" insertCount="10000" extractCount="10000" duration="15566779000"/>
			<Sample nodeCount="116" insertCount="10000" extractCount="10000" duration="15730485000"/>
			<Sample nodeCount="117" insertCount="10000" extractCount="10000" duration="15853892000"/>
			<Sample nodeCount="118" insertCount="10000" extractCount="10000" duration="16065080000"/>
			<Sample nodeCount="119" insertCount="10000" extractCount="10000" duration="16188481000"/>
			<Sample nodeCount="120" insertCount="10000" extractCount="10000" duration="16352184000"/>
			<Sample nodeCount="121" insertCount="10000" extractCount="10000" duration="16475587000"/>
			<Sample nodeCount="122" insertCount="10000" extractCount="10000" duration="16663008000"/>
			<Sample nodeCount="123" insertCount="10000" extractCount="10000" duration="16786436000"/>
			<Sample nodeCount="124" insertCount="10000" extractCount="10000" duration="16950152000"/>
			<Sample nodeCount="125" insertCount="10000" extractCount="10000" duration="17073535000"/>
			<Sample nodeCount="126" insertCount="10000" extractCount="10000" duration="17303540000"/>
			<Sample nodeCount="127" insertCount="10000" extractCount="10000" duration="17432539000"/>
		</SmallSetLinear>
		<LargeSetLinear>
		</LargeSetLinear>
	</RBTest>
	<RBTest implementation="RB New Compact" nodeSize="8">
		<SmallSetRandomOps>
			<Sample nodeCount="1" insertCount="62" extractCount="61" duration="268000"/>
			<Sample nodeCount="2" insertCount="123" extractCount="123" duration="655000"/>
			<Sample nodeCount="3" insertCount="186" extractCount="183" duration="1084000"/>
			<Sample nodeCount="4" insertCount="247" extractCount="245" duration="1620000"/>
			<Sample nodeCount="5" insertCount="309" extractCount="306" duration="2332000"/>
			<Sample nodeCount="6" insertCount="370" extractCount="368" duration="2924000"/>
			<Sample nodeCount="7" insertCount="433" extractCount="428" duration="3641000"/>
			<Sample nodeCount="8" insertCount="493" extractCount="491" duration="4283000"/>
			<Sample nodeCount="9" insertCount="557" extractCount="550" duration="5011000"/>
			<Sample nodeCount="10" insertCount="619" extractCount="611" duration="5659000"/>
			<Sample nodeCount="11" insertCount="680" extractCount="673" duration="6486000"/>
			<Sample nodeCount="12" insertCount="740" extractCount="736" duration="7334000"/>
			<Sample nodeCount="13" insertCount="803" extractCount="796" duration="8206000"/>
			<Sample nodeCount="14" insertCount="864" extractCount="858" duration="9172000"/>
			<Sample nodeCount="15" insertCount="927" extractCount="918" duration="9668000"/>
			<Sample nodeCount="16" insertCount="988" extractCount="980" duration="10780000"/>
			<Sample nodeCount="17" insertCount="1050" extractCount="1041" duration="11690000"/>
			<Sample nodeCount="18" insertCount="1113" extractCount="1101" duration="12773000"/>
			<Sample nodeCount="19" insertCount="1172" extractCount="1165" duration="13757000"/>
			<Sample nodeCount="20" insertCount="1237" extractCount="1223" duration="14585000"/>
			<Sample nodeCount="21" insertCount="1296" extractCount="1287" duration="15508000"/>
			<Sample nodeCount="22" insertCount="1359" extractCount="1347" duration="16256000"/>
			<Sample nodeCount="23" insertCount="1419" extractCount="1410" duration="17088000"/>
			<Sample nodeCount="24" insertCount="1484" extractCount="1468" duration="18028000"/>
			<Sample nodeCount="25" insertCount="1544" extractCount="1531" duration="18808000"/>
			<Sample nodeCount="26" insertCount="1604" extractCount="1594" duration="19716000"/>
			<Sample nodeCount="27" insertCount="1668" extractCount="1653" duration="20675000"/>
			<Sample nodeCount="28" insertCount="1729" extractCount="1715" duration="21519000"/>
			<Sample nodeCount="29" insertCount="1790" extractCount="1777" duration="22452000"/>
			<Sample nodeCount="30" insertCount="1851" extractCount="1839" duration="23243000"/>
			<Sample nodeCount="31" insertCount="1914" extractCount="1899" duration="24410000"/>
			<Sample nodeCount="32" insertCount="1977" extractCount="1959" duration="25334000"/>
			<Sample nodeCount="33" insertCount="2041" extractCount="2018" duration="26234000"/>
			<Sample nodeCount="34" insertCount="2097" extractCount="2085" duration="27256000"/>
			<Sample nodeCount="35" insertCount="2160" extractCount="2145" duration="28450000"/>
			<Sample nodeCount="36" insertCount="2221" extractCount="2207" duration="29378000"/>
			<Sample nodeCount="37" insertCount="2285" extractCount="2266" duration="30206000"/>
			<Sample nodeCount="38" insertCount="2346" extractCount="2328" duration="31467000"/>
			<Sample nodeCount="39" insertCount="2408" extractCount="2389" duration="32543000"/>
			<Sample nodeCount="40" insertCount="2471" extractCount="2449" duration="33679000"/>
			<Sample nodeCount="41" insertCount="2531" extractCount="2512" duration="34359000"/>
			<Sample nodeCount="42" insertCount="2593" extractCount="2573" duration="35162000"/>
			<Sample nodeCount="43" insertCount="2656" extractCount="2633" duration="36992000"/>
			<Sample nodeCount="44" insertCount="2717" extractCount="2695" duration="38055000"/>
			<Sample nodeCount="45" insertCount="2776" extractCount="2759" duration="38737000"/>
			<Sample nodeCount="46" insertCount="2840" extractCount="2818" duration="40120000"/>
			<Sample nodeCount="47" insertCount="2902" extractCount="2879" duration="41165000"/>
			<Sample nodeCount="48" insertCount="2966" extractCount="2938" duration="42433000"/>
			<Sample nodeCount="49" insertCount="3026" extractCount="3001" duration="44039000"/>
			<Sample nodeCount="50" insertCount="3084" extractCount="3066" duration="45174000"/>
			<Sample nodeCount="51" insertCount="3151" extractCount="3122" duration="45997000"/>
			<Sample nodeCount="52" insertCount="3209" extractCount="3187" duration="47179000"/>
			<Sample nodeCount="53" insertCount="3273" extractCount="3246" duration="48408000"/>
			<Sample nodeCount="54" insertCount="3337" extractCount="3305" duration="49459000"/>
			<Sample nodeCount="55" insertCount="3400" extractCount="3365" duration="50873000"/>
			<Sample nodeCount="56" insertCount="3458" extractCount="3430" duration="51991000"/>
			<Sample nodeCount="57" insertCount="3521" extractCount="3490" duration="52791000"/>
			<Sample nodeCount="58" insertCount="3580" extractCount="3554" duration="54091000"/>
			<Sample nodeCount="59" insertCount="3647" extractCount="3610" duration="55779000"/>
			<Sample nodeCount="60" insertCount="3706" extractCount="3674" duration="56337000"/>
			<Sample nodeCount="61" insertCount="3766" extractCount="3737" duration="57974000"/>
			<Sample nodeCount="62" insertCount="3828" extractCount="3798" duration="58550000"/>
			<Sample nodeCount="63" insertCount="3888" extractCount="3861" duration="59663000"/>
			<Sample nodeCount="64" insertCount="3952" extractCount="3920" duration="60780000"/>
			<Sample nodeCount="65" insertCount="4014" extractCount="3981" duration="62079000"/>
			<Sample nodeCount="66" insertCount="4077" extractCount="4041" duration="63351000"/>
			<Sample nodeCount="67" insertCount="4136" extractCount="4105" duration="64763000"/>
			<Sample nodeCount="68" insertCount="4200" extractCount="4164" duration="65124000"/>
			<Sample nodeCount="69" insertCount="4263" extractCount="4224" duration="66630000"/>
			<Sample nodeCount="70" insertCount="4325" extractCount="4285" duration="67849000"/>
			<Sample nodeCount="71" insertCount="4381" extractCount="4352" duration="68417000"/>
			<Sample nodeCount="72" insertCount="4448" extractCount="4408" duration="69609000"/>
			<Sample nodeCount="73" insertCount="4507" extractCount="4472" duration="70666000"/>
			<Sample nodeCount="74" insertCount="4571" extractCount="4531" duration="71354000"/>
			<Sample nodeCount="75" insertCount="4631" extractCount="4594" duration="72697000"/>
			<Sample nodeCount="76" insertCount="4693" extractCount="4655" duration="73783000"/>
			<Sample nodeCount="77" insertCount="4755" extractCount="4716" duration="74617000"/>
			<Sample nodeCount="78" insertCount="4817" extractCount="4777" duration="75346000"/>
			<Sample nodeCount="79" insertCount="4877" extractCount="4840" duration="76523000"/>
			<Sample nodeCount="80" insertCount="4942" extractCount="4898" duration="78098000"/>
			<Sample nodeCount="81" insertCount="5002" extractCount="4961" duration="79094000"/>
			<Sample nodeCount="82" insertCount="5063" extractCount="5023" duration="80047000"/>
			<Sample nodeCount="83" insertCount="5124" extractCount="5085" duration="81070000"/>
			<Sample nodeCount="84" insertCount="5187" extractCount="5145" duration="81944000"/>
			<Sample nodeCount="85" insertCount="5250" extractCount="5205" duration="83531000"/>
			<Sample nodeCount="86" insertCount="5314" extractCount="5264" duration="84615000"/>
			<Sample nodeCount="87" insertCount="5374" extractCount="5327" duration="85717000"/>
			<Sample nodeCount="88" insertCount="5432" extractCount="5392" duration="86716000"/>
			<Sample nodeCount="89" insertCount="5490" extractCount="5457" duration="87897000"/>
			<Sample nodeCount="90" insertCount="5559" extractCount="5511" duration="88586000"/>
			<Sample nodeCount="91" insertCount="5621" extractCount="5572" duration="89821000"/>
			<Sample nodeCount="92" insertCount="5680" extractCount="5636" duration="91794000"/>
			<Sample nodeCount="93" insertCount="5740" extractCount="5699" duration="92847000"/>
			<Sample nodeCount="94" insertCount="5803" extractCount="5759" duration="93073000"/>
			<Sample nodeCount="95" insertCount="5862" extractCount="5823" duration="95709000"/>
			<Sample nodeCount="96" insertCount="5929" extractCount="5879" duration="95758000"/>
			<Sample nodeCount="97" insertCount="5993" extractCount="5938" duration="97127000"/>
			<Sample nodeCount="98" insertCount="6055" extractCount="5999" duration="98436000"/>
			<Sample nodeCount="99" insertCount="6113" extractCount="6064" duration="100373000"/>
			<Sample nodeCount="100" insertCount="6172" extractCount="6128" duration="101163000"/>
			<Sample nodeCount="101" insertCount="6238" extractCount="6185" duration="102608000"/>
			<Sample nodeCount="102" insertCount="6299" extractCount="6247" duration="103488000"/>
			<Sample nodeCount="103" insertCount="6363" extractCount="6306" duration="104296000"/>
			<Sample nodeCount="104" insertCount="6426" extractCount="6366" duration="106109000"/>
			<Sample nodeCount="105" insertCount="6481" extractCount="6434" duration="107603000"/>
			<Sample nodeCount="106" insertCount="6544" extractCount="6494" duration="108843000"/>
			<Sample nodeCount="107" insertCount="6607" extractCount="6554" duration="108928000"/>
			<Sample nodeCount="108" insertCount="6669" extractCount="6615" duration="110785000"/>
			<Sample nodeCount="109" insertCount="6732" extractCount="6675" duration="112293000"/>
			<Sample nodeCount="110" insertCount="6794" extractCount="6736" duration="113602000"/>
			<Sample nodeCount="111" insertCount="6852" extractCount="6801" duration="114470000"/>
			<Sample nodeCount="112" insertCount="6918" extractCount="6858" duration="115942000"/>
			<Sample nodeCount="113" insertCount="6981" extractCount="6918" duration="117679000"/>
			<Sample nodeCount="114" insertCount="7041" extractCount="6981" duration="118541000"/>
			<Sample nodeCount="115" insertCount="7103" extractCount="7042" duration="119796000"/>
			<Sample nodeCount="116" insertCount="7164" extractCount="7104" duration="121735000"/>
			<Sample nodeCount="117" insertCount="7225" extractCount="7166" duration="122535000"/>
			<Sample nodeCount="118" insertCount="7291" extractCount="7223" duration="123860000"/>
			<Sample nodeCount="119" insertCount="7350" extractCount="7287" duration="126193000"/>
			<Sample nodeCount="120" insertCount="7410" extractCount="7350" duration="126681000"/>
			<Sample nodeCount="121" insertCount="7471" extractCount="7412" duration="127618000"/>
			<Sample nodeCount="122" insertCount="7537" extractCount="7469" duration="129003000"/>
			<Sample nodeCount="123" insertCount="7593" extractCount="7536" duration="129947000"/>
			<Sample nodeCount="124" insertCount="7658" extractCount="7594" duration="131168000"/>
			<Sample nodeCount="125" insertCount="7718" extractCount="7657" duration="133565000"/>
			<Sample nodeCount="126" insertCount="7781" extractCount="7717" duration="134037000"/>
			<Sample nodeCount="127" insertCount="7840" extractCount="7781" duration="136132000"/>
		</SmallSetRandomOps>
		<LargeSetRandomOps>
		</LargeSetRandomOps>
		<SmallSetLinear>
			<Sample nodeCount="1" insertCount="10000" extractCount="10000" duration="19264000"/>
			<Sample nodeCount="2" insertCount="10000" extractCount="10000" duration="58456000"/>
			<Sample nodeCount="3" insertCount="10000" extractCount="10000" duration="105036000"/>
			<Sample nodeCount="4" insertCount="10000" extractCount="10000" duration="209396000"/>
			<Sample nodeCount="5" insertCount="10000" extractCount="10000" duration="279716000"/>
			<Sample nodeCount="6" insertCount="10000" extractCount="10000" duration="369305000"/>
			<Sample nodeCount="7" insertCount="10000" extractCount="10000" duration="440294000"/>
			<Sample nodeCount="8" insertCount="10000" extractCount="10000" duration="543986000"/>
			<Sample nodeCount="9" insertCount="10000" extractCount="10000" duration="644767000"/>
			<Sample nodeCount="10" insertCount="10000" extractCount="10000" duration="788546000"/>
			<Sample nodeCount="11" insertCount="10000" extractCount="10000" duration="866483000"/>
			<Sample nodeCount="12" insertCount="10000" extractCount="10000" duration="1001075000"/>
			<Sample nodeCount="13" insertCount="10000" extractCount="10000" duration="1087072000"/>
			<Sample nodeCount="14" insertCount="10000" extractCount="10000" duration="1232869000"/>
			<Sample nodeCount="15" insertCount="10000" extractCount="10000" duration="1311476000"/>
			<Sample nodeCount="16" insertCount="10000" extractCount="10000" duration="1453462000"/>
			<Sample nodeCount="17" insertCount="10000" extractCount="10000" duration="1560286000"/>
			<Sample nodeCount="18" insertCount="10000" extractCount="10000" duration="1735867000"/>
			<Sample nodeCount="19" insertCount="10000" extractCount="10000" duration="1820749000"/>
			<Sample nodeCount="20" insertCount="10000" extractCount="10000" duration="1969002000"/>
			<Sample nodeCount="21" insertCount="10000" extractCount="10000" duration="2129349000"/>
			<Sample nodeCount="22" insertCount="10000" extractCount="10000" duration="2282087000"/>
			<Sample nodeCount="23" insertCount="10000" extractCount="10000" duration="2367640000"/>
			<Sample nodeCount="24" insertCount="10000" extractCount="10000" duration="2516566000"/>
			<Sample nodeCount="25" insertCount="10000" extractCount="10000" duration="2675791000"/>
			<Sample nodeCount="26" insertCount="10000" extractCount="10000" duration="2836592000"/>
			<Sample nodeCount="27" insertCount="10000" extractCount="10000" duration="2922144000"/>
			<Sample nodeCount="28" insertCount="10000" extractCount="10000" duration="3071076000"/>
			<Sample nodeCount="29" insertCount="10000" extractCount="10000" duration="3242850000"/>
			<Sample nodeCount="30" insertCount="10000" extractCount="10000" duration="3396244000"/>
			<Sample nodeCount="31" insertCount="10000" extractCount="10000" duration="3482479000"/>
			<Sample nodeCount="32" insertCount="10000" extractCount="10000" duration="3632081000"/>
			<Sample nodeCount="33" insertCount="10000" extractCount="10000" duration="3813483000"/>
			<Sample nodeCount="34" insertCount="10000" extractCount="10000" duration="4001827000"/>
			<Sample nodeCount="35" insertCount="10000" extractCount="10000" duration="4117162000"/>
			<Sample nodeCount="36" insertCount="10000" extractCount="10000" duration="4272358000"/>
			<Sample nodeCount="37" insertCount="10000" extractCount="10000" duration="4450408000"/>
			<Sample nodeCount="38" insertCount="10000" extractCount="10000" duration="4610082000"/>
			<Sample nodeCount="39" insertCount="10000" extractCount="10000" duration="4702583000"/>
			<Sample nodeCount="40" insertCount="10000" extractCount="10000" duration="4858447000"/>
			<Sample nodeCount="41" insertCount="10000" extractCount="10000" duration="5046122000"/>
			<Sample nodeCount="42" insertCount="10000" extractCount="10000" duration="5314866000"/>
			<Sample nodeCount="43" insertCount="10000" extractCount="10000" duration="5407365000"/>
			<Sample nodeCount="44" insertCount="10000" extractCount="10000" duration="5563231000"/>
			<Sample nodeCount="45" insertCount="10000" extractCount="10000" duration="5741945000"/>
			<Sample nodeCount="46" insertCount="10000" extractCount="10000" duration="5902292000"/>
			<Sample nodeCount="47" insertCount="10000" extractCount="10000" duration="5995463000"/>
			<Sample nodeCount="48" insertCount="10000" extractCount="10000" duration="6152001000"/>
			<Sample nodeCount="49" insertCount="10000" extractCount="10000" duration="6340344000"/>
			<Sample nodeCount="50" insertCount="10000" extractCount="10000" duration="6629478000"/>
			<Sample nodeCount="51" insertCount="10000" extractCount="10000" duration="6730028000"/>
			<Sample nodeCount="52" insertCount="10000" extractCount="10000" duration="6885897000"/>
			<Sample nodeCount="53" insertCount="10000" extractCount="10000" duration="7064612000"/>
			<Sample nodeCount="54" insertCount="10000" extractCount="10000" duration="7224961000"/>
			<Sample nodeCount="55" insertCount="10000" extractCount="10000" duration="7318137000"/>
			<Sample nodeCount="56" insertCount="10000" extractCount="10000" duration="7474666000"/>
			<Sample nodeCount="57" insertCount="10000" extractCount="10000" duration="7663012000"/>
			<Sample nodeCount="58" insertCount="10000" extractCount="10000" duration="7968712000"/>
			<Sample nodeCount="59" insertCount="10000" extractCount="10000" duration="8061880000"/>
			<Sample nodeCount="60" insertCount="10000" extractCount="10000" duration="8218424000"/>
			<Sample nodeCount="61" insertCount="10000" extractCount="10000" duration="8397798000"/>
			<Sample nodeCount="62" insertCount="10000" extractCount="10000" duration="8558829000"/>
			<Sample nodeCount="63" insertCount="10000" extractCount="10000" duration="8652671000"/>
			<Sample nodeCount="64" insertCount="10000" extractCount="10000" duration="8809880000"/>
			<Sample nodeCount="65" insertCount="10000" extractCount="10000" duration="8998891000"/>
			<Sample nodeCount="66" insertCount="10000" extractCount="10000" duration="9341098000"/>
			<Sample nodeCount="67" insertCount="10000" extractCount="10000" duration="9475916000"/>
			<Sample nodeCount="68" insertCount="10000" extractCount="10000" duration="9661586000"/>
			<Sample nodeCount="69" insertCount="10000" extractCount="10000" duration="9846558000"/>
			<Sample nodeCount="70" insertCount="10000" extractCount="10000" duration="10013182000"/>
			<Sample nodeCount="71" insertCount="10000" extractCount="10000" duration="10112608000"/>
			<Sample nodeCount="72" insertCount="10000" extractCount="10000" duration="10275433000"/>
			<Sample nodeCount="73" insertCount="10000" extractCount="10000" duration="10470044000"/>
			<Sample nodeCount="74" insertCount="10000" extractCount="10000" duration="10782016000"/>
			<Sample nodeCount="75" insertCount="10000" extractCount="10000" duration="10881458000"/>
			<Sample nodeCount="76" insertCount="10000" extractCount="10000" duration="11044267000"/>
			<Sample nodeCount="77" insertCount="10000" extractCount="10000" duration="11229915000"/>
			<Sample nodeCount="78" insertCount="10000" extractCount="10000" duration="11397212000"/>
			<Sample nodeCount="79" insertCount="10000" extractCount="10000" duration="11497319000"/>
			<Sample nodeCount="80" insertCount="10000" extractCount="10000" duration="11660802000"/>
			<Sample nodeCount="81" insertCount="10000" extractCount="10000" duration="11856095000"/>
			<Sample nodeCount="82" insertCount="10000" extractCount="10000" duration="12204570000"/>
			<Sample nodeCount="83" insertCount="10000" extractCount="10000" duration="12473528000"/>
			<Sample nodeCount="84" insertCount="10000" extractCount="10000" duration="12636356000"/>
			<Sample nodeCount="85" insertCount="10000" extractCount="10000" duration="12822001000"/>
			<Sample nodeCount="86" insertCount="10000" extractCount="10000" duration="12989302000"/>
			<Sample nodeCount="87" insertCount="10000" extractCount="10000" duration="13089409000"/>
			<Sample nodeCount="88" insertCount="10000" extractCount="10000" duration="13252894000"/>
			<Sample nodeCount="89" insertCount="10000" extractCount="10000" duration="13448189000"/>
			<Sample nodeCount="90" insertCount="10000" extractCount="10000" duration="13760824000"/>
			<Sample nodeCount="91" insertCount="10000" extractCount="10000" duration="13860926000"/>
			<Sample nodeCount="92" insertCount="10000" extractCount="10000" duration="14024413000"/>
			<Sample nodeCount="93" insertCount="10000" extractCount="10000" duration="14210739000"/>
			<Sample nodeCount="94" insertCount="10000" extractCount="10000" duration="14378704000"/>
			<Sample nodeCount="95" insertCount="10000" extractCount="10000" duration="14479488000"/>
			<Sample nodeCount="96" insertCount="10000" extractCount="10000" duration="14643640000"/>
			<Sample nodeCount="97" insertCount="10000" extractCount="10000" duration="14839607000"/>
			<Sample nodeCount="98" insertCount="10000" extractCount="10000" duration="15188737000"/>
			<Sample nodeCount="99" insertCount="10000" extractCount="10000" duration="15526477000"/>
			<Sample nodeCount="100" insertCount="10000" extractCount="10000" duration="15697334000"/>
			<Sample nodeCount="101" insertCount="10000" extractCount="10000" duration="15883004000"/>
			<Sample nodeCount="102" insertCount="10000" extractCount="10000" duration="16050287000"/>
			<Sample nodeCount="103" insertCount="10000" extractCount="10000" duration="16150399000"/>
			<Sample nodeCount="104" insertCount="10000" extractCount="10000" duration="16313882000"/>
			<Sample nodeCount="105" insertCount="10000" extractCount="10000" duration="16509171000"/>
			<Sample nodeCount="106" insertCount="10000" extractCount="10000" duration="16821812000"/>
			<Sample nodeCount="107" insertCount="10000" extractCount="10000" duration="16921927000"/>
			<Sample nodeCount="108" insertCount="10000" extractCount="10000" duration="17085401000"/>
			<Sample nodeCount="109" insertCount="10000" extractCount="10000" duration="17271747000"/>
			<Sample nodeCount="110" insertCount="10000" extractCount="10000" duration="17439703000"/>
			<Sample nodeCount="111" insertCount="10000" extractCount="10000" duration="17540467000"/>
			<Sample nodeCount="112" insertCount="10000" extractCount="10000" duration="17704623000"/>
			<Sample nodeCount="113" insertCount="10000" extractCount="10000" duration="17900595000"/>
			<Sample nodeCount="114" insertCount="10000" extractCount="10000" duration="18249746000"/>
			<Sample nodeCount="115" insertCount="10000" extractCount="10000" duration="18613443000"/>
			<Sample nodeCount="116" insertCount="10000" extractCount="10000" duration="18776921000"/>
			<Sample nodeCount="117" insertCount="10000" extractCount="10000" duration="18963266000"/>
			<Sample nodeCount="118" insertCount="10000" extractCount="10000" duration="19131227000"/>
			<Sample nodeCount="119" insertCount="10000" extractCount="10000" duration="19231998000"/>
			<Sample nodeCount="120" insertCount="10000" extractCount="10000" duration="19396156000"/>
			<Sample nodeCount="121" insertCount="10000" extractCount="10000" duration="19592117000"/>
			<Sample nodeCount="122" insertCount="10000" extractCount="10000" duration="19905436000"/>
			<Sample nodeCount="123" insertCount="10000" extractCount="10000" duration="20006219000"/>
			<Sample nodeCount="124" insertCount="10000" extractCount="10000" duration="20170378000"/>
			<Sample nodeCount="125" insertCount="10000" extractCount="10000" duration="20357378000"/>
			<Sample nodeCount="126" insertCount="10000" extractCount="10000" duration="20525999000"/>
			<Sample nodeCount="127" insertCount="10000" extractCount="10000" duration="20627448000"/>
		</SmallSetLinear>
		<LargeSetLinear>
		</LargeSetLinear>
	</RBTest>
	<RBTest implementation="RTEMS" nodeSize="16">
		<SmallSetRandomOps>
			<Sample nodeCount="1" insertCount="62" extractCount="61" duration="412000"/>
			<Sample nodeCount="2" insertCount="123" extractCount="123" duration="809000"/>
			<Sample nodeCount="3" insertCount="186" extractCount="183" duration="1303000"/>
			<Sample nodeCount="4" insertCount="247" extractCount="245" duration="1833000"/>
			<Sample nodeCount="5" insertCount="309" extractCount="306" duration="2455000"/>
			<Sample nodeCount="6" insertCount="370" extractCount="368" duration="3017000"/>
			<Sample nodeCount="7" insertCount="433" extractCount="428" duration="3606000"/>
			<Sample nodeCount="8" insertCount="493" extractCount="491" duration="4183000"/>
			<Sample nodeCount="9" insertCount="557" extractCount="550" duration="4807000"/>
			<Sample nodeCount="10" insertCount="619" extractCount="611" duration="5330000"/>
			<Sample nodeCount="11" insertCount="680" extractCount="673" duration="5918000"/>
			<Sample nodeCount="12" insertCount="740" extractCount="736" duration="6431000"/>
			<Sample nodeCount="13" insertCount="803" extractCount="796" duration="7133000"/>
			<Sample nodeCount="14" insertCount="864" extractCount="858" duration="7755000"/>
			<Sample nodeCount="15" insertCount="927" extractCount="918" duration="8298000"/>
			<Sample nodeCount="16" insertCount="988" extractCount="980" duration="8925000"/>
			<Sample nodeCount="17" insertCount="1050" extractCount="1041" duration="9670000"/>
			<Sample nodeCount="18" insertCount="1113" extractCount="1101" duration="10206000"/>
			<Sample nodeCount="19" insertCount="1172" extractCount="1165" duration="10970000"/>
			<Sample nodeCount="20" insertCount="1237" extractCount="1223" duration="11553000"/>
			<Sample nodeCount="21" insertCount="1296" extractCount="1287" duration="12201000"/>
			<Sample nodeCount="22" insertCount="1359" extractCount="1347" duration="12679000"/>
			<Sample nodeCount="23" insertCount="1419" extractCount="1410" duration="13277000"/>
			<Sample nodeCount="24" insertCount="1484" extractCount="1468" duration="14042000"/>
			<Sample nodeCount="25" insertCount="1544" extractCount="1531" duration="14598000"/>
			<Sample nodeCount="26" insertCount="1604" extractCount="1594" duration="15115000"/>
			<Sample nodeCount="27" insertCount="1668" extractCount="1653" duration="15810000"/>
			<Sample nodeCount="28" insertCount="1729" extractCount="1715" duration="16608000"/>
			<Sample nodeCount="29" insertCount="1790" extractCount="1777" duration="17230000"/>
			<Sample nodeCount="30" insertCount="1851" extractCount="1839" duration="17614000"/>
			<Sample nodeCount="31" insertCount="1914" extractCount="1899" duration="18575000"/>
			<Sample nodeCount="32" insertCount="1977" extractCount="1959" duration="19162000"/>
			<Sample nodeCount="33" insertCount="2041" extractCount="2018" duration="19644000"/>
			<Sample nodeCount="34" insertCount="2097" extractCount="2085" duration="20228000"/>
			<Sample nodeCount="35" insertCount="2160" extractCount="2145" duration="21020000"/>
			<Sample nodeCount="36" insertCount="2221" extractCount="2207" duration="21686000"/>
			<Sample nodeCount="37" insertCount="2285" extractCount="2266" duration="22415000"/>
			<Sample nodeCount="38" insertCount="2346" extractCount="2328" duration="22914000"/>
			<Sample nodeCount="39" insertCount="2408" extractCount="2389" duration="23466000"/>
			<Sample nodeCount="40" insertCount="2471" extractCount="2449" duration="24368000"/>
			<Sample nodeCount="41" insertCount="2531" extractCount="2512" duration="24778000"/>
			<Sample nodeCount="42" insertCount="2593" extractCount="2573" duration="25514000"/>
			<Sample nodeCount="43" insertCount="2656" extractCount="2633" duration="26333000"/>
			<Sample nodeCount="44" insertCount="2717" extractCount="2695" duration="26896000"/>
			<Sample nodeCount="45" insertCount="2776" extractCount="2759" duration="27370000"/>
			<Sample nodeCount="46" insertCount="2840" extractCount="2818" duration="27900000"/>
			<Sample nodeCount="47" insertCount="2902" extractCount="2879" duration="29149000"/>
			<Sample nodeCount="48" insertCount="2966" extractCount="2938" duration="29362000"/>
			<Sample nodeCount="49" insertCount="3026" extractCount="3001" duration="30357000"/>
			<Sample nodeCount="50" insertCount="3084" extractCount="3066" duration="30961000"/>
			<Sample nodeCount="51" insertCount="3151" extractCount="3122" duration="31489000"/>
			<Sample nodeCount="52" insertCount="3209" extractCount="3187" duration="32367000"/>
			<Sample nodeCount="53" insertCount="3273" extractCount="3246" duration="33119000"/>
			<Sample nodeCount="54" insertCount="3337" extractCount="3305" duration="33712000"/>
			<Sample nodeCount="55" insertCount="3400" extractCount="3365" duration="34355000"/>
			<Sample nodeCount="56" insertCount="3458" extractCount="3430" duration="34986000"/>
			<Sample nodeCount="57" insertCount="3521" extractCount="3490" duration="35799000"/>
			<Sample nodeCount="58" insertCount="3580" extractCount="3554" duration="36136000"/>
			<Sample nodeCount="59" insertCount="3647" extractCount="3610" duration="36908000"/>
			<Sample nodeCount="60" insertCount="3706" extractCount="3674" duration="37317000"/>
			<Sample nodeCount="61" insertCount="3766" extractCount="3737" duration="38120000"/>
			<Sample nodeCount="62" insertCount="3828" extractCount="3798" duration="38745000"/>
			<Sample nodeCount="63" insertCount="3888" extractCount="3861" duration="39395000"/>
			<Sample nodeCount="64" insertCount="3952" extractCount="3920" duration="40248000"/>
			<Sample nodeCount="65" insertCount="4014" extractCount="3981" duration="41050000"/>
			<Sample nodeCount="66" insertCount="4077" extractCount="4041" duration="41720000"/>
			<Sample nodeCount="67" insertCount="4136" extractCount="4105" duration="42182000"/>
			<Sample nodeCount="68" insertCount="4200" extractCount="4164" duration="42843000"/>
			<Sample nodeCount="69" insertCount="4263" extractCount="4224" duration="43717000"/>
			<Sample nodeCount="70" insertCount="4325" extractCount="4285" duration="44194000"/>
			<Sample nodeCount="71" insertCount="4381" extractCount="4352" duration="45218000"/>
			<Sample nodeCount="72" insertCount="4448" extractCount="4408" duration="45726000"/>
			<Sample nodeCount="73" insertCount="4507" extractCount="4472" duration="46542000"/>
			<Sample nodeCount="74" insertCount="4571" extractCount="4531" duration="46754000"/>
			<Sample nodeCount="75" insertCount="4631" extractCount="4594" duration="47618000"/>
			<Sample nodeCount="76" insertCount="4693" extractCount="4655" duration="48284000"/>
			<Sample nodeCount="77" insertCount="4755" extractCount="4716" duration="49002000"/>
			<Sample nodeCount="78" insertCount="4817" extractCount="4777" duration="49898000"/>
			<Sample nodeCount="79" insertCount="4877" extractCount="4840" duration="50416000"/>
			<Sample nodeCount="80" insertCount="4942" extractCount="4898" duration="51221000"/>
			<Sample nodeCount="81" insertCount="5002" extractCount="4961" duration="51638000"/>
			<Sample nodeCount="82" insertCount="5063" extractCount="5023" duration="52386000"/>
			<Sample nodeCount="83" insertCount="5124" extractCount="5085" duration="53354000"/>
			<Sample nodeCount="84" insertCount="5187" extractCount="5145" duration="54169000"/>
			<Sample nodeCount="85" insertCount="5250" extractCount="5205" duration="54519000"/>
			<Sample nodeCount="86" insertCount="5314" extractCount="5264" duration="55459000"/>
			<Sample nodeCount="87" insertCount="5374" extractCount="5327" duration="56352000"/>
			<Sample nodeCount="88" insertCount="5432" extractCount="5392" duration="56589000"/>
			<Sample nodeCount="89" insertCount="5490" extractCount="5457" duration="57507000"/>
			<Sample nodeCount="90" insertCount="5559" extractCount="5511" duration="57920000"/>
			<Sample nodeCount="91" insertCount="5621" extractCount="5572" duration="58515000"/>
			<Sample nodeCount="92" insertCount="5680" extractCount="5636" duration="59460000"/>
			<Sample nodeCount="93" insertCount="5740" extractCount="5699" duration="60236000"/>
			<Sample nodeCount="94" insertCount="5803" extractCount="5759" duration="60658000"/>
			<Sample nodeCount="95" insertCount="5862" extractCount="5823" duration="61562000"/>
			<Sample nodeCount="96" insertCount="5929" extractCount="5879" duration="62376000"/>
			<Sample nodeCount="97" insertCount="5993" extractCount="5938" duration="63334000"/>
			<Sample nodeCount="98" insertCount="6055" extractCount="5999" duration="63671000"/>
			<Sample nodeCount="99" insertCount="6113" extractCount="6064" duration="64772000"/>
			<Sample nodeCount="100" insertCount="6172" extractCount="6128" duration="64909000"/>
			<Sample nodeCount="101" insertCount="6238" extractCount="6185" duration="65910000"/>
			<Sample nodeCount="102" insertCount="6299" extractCount="6247" duration="66356000"/>
			<Sample nodeCount="103" insertCount="6363" extractCount="6306" duration="67219000"/>
			<Sample nodeCount="104" insertCount="6426" extractCount="6366" duration="68080000"/>
			<Sample nodeCount="105" insertCount="6481" extractCount="6434" duration="68657000"/>
			<Sample nodeCount="106" insertCount="6544" extractCount="6494" duration="69356000"/>
			<Sample nodeCount="107" insertCount="6607" extractCount="6554" duration="69843000"/>
			<Sample nodeCount="108" insertCount="6669" extractCount="6615" duration="70532000"/>
			<Sample nodeCount="109" insertCount="6732" extractCount="6675" duration="71293000"/>
			<Sample nodeCount="110" insertCount="6794" extractCount="6736" duration="71936000"/>
			<Sample nodeCount="111" insertCount="6852" extractCount="6801" duration="72835000"/>
			<Sample nodeCount="112" insertCount="6918" extractCount="6858" duration="73520000"/>
			<Sample nodeCount="113" insertCount="6981" extractCount="6918" duration="74316000"/>
			<Sample nodeCount="114" insertCount="7041" extractCount="6981" duration="74964000"/>
			<Sample nodeCount="115" insertCount="7103" extractCount="7042" duration="75753000"/>
			<Sample nodeCount="116" insertCount="7164" extractCount="7104" duration="76586000"/>
			<Sample nodeCount="117" insertCount="7225" extractCount="7166" duration="77408000"/>
			<Sample nodeCount="118" insertCount="7291" extractCount="7223" duration="77696000"/>
			<Sample nodeCount="119" insertCount="7350" extractCount="7287" duration="78795000"/>
			<Sample nodeCount="120" insertCount="7410" extractCount="7350" duration="79191000"/>
			<Sample nodeCount="121" insertCount="7471" extractCount="7412" duration="80108000"/>
			<Sample nodeCount="122" insertCount="7537" extractCount="7469" duration="80362000"/>
			<Sample nodeCount="123" insertCount="7593" extractCount="7536" duration="81408000"/>
			<Sample nodeCount="124" insertCount="7658" extractCount="7594" duration="81647000"/>
			<Sample nodeCount="125" insertCount="7718" extractCount="7657" duration="82515000"/>
			<Sample nodeCount="126" insertCount="7781" extractCount="7717" duration="83021000"/>
			<Sample nodeCount="127" insertCount="7840" extractCount="7781" duration="84121000"/>
		</SmallSetRandomOps>
		<LargeSetRandomOps>
		</LargeSetRandomOps>
		<SmallSetLinear>
			<Sample nodeCount="1" insertCount="10000" extractCount="10000" duration="39639000"/>
			<Sample nodeCount="2" insertCount="10000" extractCount="10000" duration="76821000"/>
			<Sample nodeCount="3" insertCount="10000" extractCount="10000" duration="137958000"/>
			<Sample nodeCount="4" insertCount="10000" extractCount="10000" duration="223956000"/>
			<Sample nodeCount="5" insertCount="10000" extractCount="10000" duration="285991000"/>
			<Sample nodeCount="6" insertCount="10000" extractCount="10000" duration="366611000"/>
			<Sample nodeCount="7" insertCount="10000" extractCount="10000" duration="434024000"/>
			<Sample nodeCount="8" insertCount="10000" extractCount="10000" duration="526299000"/>
			<Sample nodeCount="9" insertCount="10000" extractCount="10000" duration="593705000"/>
			<Sample nodeCount="10" insertCount="10000" extractCount="10000" duration="713742000"/>
			<Sample nodeCount="11" insertCount="10000" extractCount="10000" duration="786518000"/>
			<Sample nodeCount="12" insertCount="10000" extractCount="10000" duration="893581000"/>
			<Sample nodeCount="13" insertCount="10000" extractCount="10000" duration="966366000"/>
			<Sample nodeCount="14" insertCount="10000" extractCount="10000" duration="1081025000"/>
			<Sample nodeCount="15" insertCount="10000" extractCount="10000" duration="1159186000"/>
			<Sample nodeCount="16" insertCount="10000" extractCount="10000" duration="1271606000"/>
			<Sample nodeCount="17" insertCount="10000" extractCount="10000" duration="1349763000"/>
			<Sample nodeCount="18" insertCount="10000" extractCount="10000" duration="1476077000"/>
			<Sample nodeCount="19" insertCount="10000" extractCount="10000" duration="1554247000"/>
			<Sample nodeCount="20" insertCount="10000" extractCount="10000" duration="1666667000"/>
			<Sample nodeCount="21" insertCount="10000" extractCount="10000" duration="1744825000"/>
			<Sample nodeCount="22" insertCount="10000" extractCount="10000" duration="1898904000"/>
			<Sample nodeCount="23" insertCount="10000" extractCount="10000" duration="1982443000"/>
			<Sample nodeCount="24" insertCount="10000" extractCount="10000" duration="2100241000"/>
			<Sample nodeCount="25" insertCount="10000" extractCount="10000" duration="2183774000"/>
			<Sample nodeCount="26" insertCount="10000" extractCount="10000" duration="2324863000"/>
			<Sample nodeCount="27" insertCount="10000" extractCount="10000" duration="2408388000"/>
			<Sample nodeCount="28" insertCount="10000" extractCount="10000" duration="2526196000"/>
			<Sample nodeCount="29" insertCount="10000" extractCount="10000" duration="2609736000"/>
			<Sample nodeCount="30" insertCount="10000" extractCount="10000" duration="2758437000"/>
			<Sample nodeCount="31" insertCount="10000" extractCount="10000" duration="2847343000"/>
			<Sample nodeCount="32" insertCount="10000" extractCount="10000" duration="2970522000"/>
			<Sample nodeCount="33" insertCount="10000" extractCount="10000" duration="3059425000"/>
			<Sample nodeCount="34" insertCount="10000" extractCount="10000" duration="3205891000"/>
			<Sample nodeCount="35" insertCount="10000" extractCount="10000" duration="3294805000"/>
			<Sample nodeCount="36" insertCount="10000" extractCount="10000" duration="3417976000"/>
			<Sample nodeCount="37" insertCount="10000" extractCount="10000" duration="3506885000"/>
			<Sample nodeCount="38" insertCount="10000" extractCount="10000" duration="3667239000"/>
			<Sample nodeCount="39" insertCount="10000" extractCount="10000" duration="3756146000"/>
			<Sample nodeCount="40" insertCount="10000" extractCount="10000" duration="3879324000"/>
			<Sample nodeCount="41" insertCount="10000" extractCount="10000" duration="3968231000"/>
			<Sample nodeCount="42" insertCount="10000" extractCount="10000" duration="4114699000"/>
			<Sample nodeCount="43" insertCount="10000" extractCount="10000" duration="4203598000"/>
			<Sample nodeCount="44" insertCount="10000" extractCount="10000" duration="4326782000"/>
			<Sample nodeCount="45" insertCount="10000" extractCount="10000" duration="4415695000"/>
			<Sample nodeCount="46" insertCount="10000" extractCount="10000" duration="4603808000"/>
			<Sample nodeCount="47" insertCount="10000" extractCount="10000" duration="4698095000"/>
			<Sample nodeCount="48" insertCount="10000" extractCount="10000" duration="4826642000"/>
			<Sample nodeCount="49" insertCount="10000" extractCount="10000" duration="4920929000"/>
			<Sample nodeCount="50" insertCount="10000" extractCount="10000" duration="5072767000"/>
			<Sample nodeCount="51" insertCount="10000" extractCount="10000" duration="5167056000"/>
			<Sample nodeCount="52" insertCount="10000" extractCount="10000" duration="5295592000"/>
			<Sample nodeCount="53" insertCount="10000" extractCount="10000" duration="5389890000"/>
			<Sample nodeCount="54" insertCount="10000" extractCount="10000" duration="5565016000"/>
			<Sample nodeCount="55" insertCount="10000" extractCount="10000" duration="5659301000"/>
			<Sample nodeCount="56" insertCount="10000" extractCount="10000" duration="5787843000"/>
			<Sample nodeCount="57" insertCount="10000" extractCount="10000" duration="5882134000"/>
			<Sample nodeCount="58" insertCount="10000" extractCount="10000" duration="6033973000"/>
			<Sample nodeCount="59" insertCount="10000" extractCount="10000" duration="6128256000"/>
			<Sample nodeCount="60" insertCount="10000" extractCount="10000" duration="6256811000"/>
			<Sample nodeCount="61" insertCount="10000" extractCount="10000" duration="6351094000"/>
			<Sample nodeCount="62" insertCount="10000" extractCount="10000" duration="6533838000"/>
			<Sample nodeCount="63" insertCount="10000" extractCount="10000" duration="6633502000"/>
			<Sample nodeCount="64" insertCount="10000" extractCount="10000" duration="6767421000"/>
			<Sample nodeCount="65" insertCount="10000" extractCount="10000" duration="6867079000"/>
			<Sample nodeCount="66" insertCount="10000" extractCount="10000" duration="7024300000"/>
			<Sample nodeCount="67" insertCount="10000" extractCount="10000" duration="7123958000"/>
			<Sample nodeCount="68" insertCount="10000" extractCount="10000" duration="7257867000"/>
			<Sample nodeCount="69" insertCount="10000" extractCount="10000" duration="7357532000"/>
			<Sample nodeCount="70" insertCount="10000" extractCount="10000" duration="7538049000"/>
			<Sample nodeCount="71" insertCount="10000" extractCount="10000" duration="7637701000"/>
			<Sample nodeCount="72" insertCount="10000" extractCount="10000" duration="7771632000"/>
			<Sample nodeCount="73" insertCount="10000" extractCount="10000" duration="7871290000"/>
			<Sample nodeCount="74" insertCount="10000" extractCount="10000" duration="8028510000"/>
			<Sample nodeCount="75" insertCount="10000" extractCount="10000" duration="8128153000"/>
			<Sample nodeCount="76" insertCount="10000" extractCount="10000" duration="8262082000"/>
			<Sample nodeCount="77" insertCount="10000" extractCount="10000" duration="8361746000"/>
			<Sample nodeCount="78" insertCount="10000" extractCount="10000" duration="8556133000"/>
			<Sample nodeCount="79" insertCount="10000" extractCount="10000" duration="8655793000"/>
			<Sample nodeCount="80" insertCount="10000" extractCount="10000" duration="8789725000"/>
			<Sample nodeCount="81" insertCount="10000" extractCount="10000" duration="8889373000"/>
			<Sample nodeCount="82" insertCount="10000" extractCount="10000" duration="9046601000"/>
			<Sample nodeCount="83" insertCount="10000" extractCount="10000" duration="9146247000"/>
			<Sample nodeCount="84" insertCount="10000" extractCount="10000" duration="9280177000"/>
			<Sample nodeCount="85" insertCount="10000" extractCount="10000" duration="9379848000"/>
			<Sample nodeCount="86" insertCount="10000" extractCount="10000" duration="9560346000"/>
			<Sample nodeCount="87" insertCount="10000" extractCount="10000" duration="9660002000"/>
			<Sample nodeCount="88" insertCount="10000" extractCount="10000" duration="9793928000"/>
			<Sample nodeCount="89" insertCount="10000" extractCount="10000" duration="9893570000"/>
			<Sample nodeCount="90" insertCount="10000" extractCount="10000" duration="10050796000"/>
			<Sample nodeCount="91" insertCount="10000" extractCount="10000" duration="10150463000"/>
			<Sample nodeCount="92" insertCount="10000" extractCount="10000" duration="10284385000"/>
			<Sample nodeCount="93" insertCount="10000" extractCount="10000" duration="10384041000"/>
			<Sample nodeCount="94" insertCount="10000" extractCount="10000" duration="10606201000"/>
			<Sample nodeCount="95" insertCount="10000" extractCount="10000" duration="10711230000"/>
			<Sample nodeCount="96" insertCount="10000" extractCount="10000" duration="10850533000"/>
			<Sample nodeCount="97" insertCount="10000" extractCount="10000" duration="10955557000"/>
			<Sample nodeCount="98" insertCount="10000" extractCount="10000" duration="11118156000"/>
			<Sample nodeCount="99" insertCount="10000" extractCount="10000" duration="11223190000"/>
			<Sample nodeCount="100" insertCount="10000" extractCount="10000" duration="11362490000"/>
			<Sample nodeCount="101" insertCount="10000" extractCount="10000" duration="11467525000"/>
			<Sample nodeCount="102" insertCount="10000" extractCount="10000" duration="11653411000"/>
			<Sample nodeCount="103" insertCount="10000" extractCount="10000" duration="11758442000"/>
			<Sample nodeCount="104" insertCount="10000" extractCount="10000" duration="11897743000"/>
			<Sample nodeCount="105" insertCount="10000" extractCount="10000" duration="12002757000"/>
			<Sample nodeCount="106" insertCount="10000" extractCount="10000" duration="12165354000"/>
			<Sample nodeCount="107" insertCount="10000" extractCount="10000" duration="12270398000"/>
			<Sample nodeCount="108" insertCount="10000" extractCount="10000" duration="12409694000"/>
			<Sample nodeCount="109" insertCount="10000" extractCount="10000" duration="12514737000"/>
			<Sample nodeCount="110" insertCount="10000" extractCount="10000" duration="12723896000"/>
			<Sample nodeCount="111" insertCount="10000" extractCount="10000" duration="12828947000"/>
			<Sample nodeCount="112" insertCount="10000" extractCount="10000" duration="12968237000"/>
			<Sample nodeCount="113" insertCount="10000" extractCount="10000" duration="13073266000"/>
			<Sample nodeCount="114" insertCount="10000" extractCount="10000" duration="13235859000"/>
			<Sample nodeCount="115" insertCount="10000" extractCount="10000" duration="13340898000"/>
			<Sample nodeCount="116" insertCount="10000" extractCount="10000" duration="13480196000"/>
			<Sample nodeCount="117" insertCount="10000" extractCount="10000" duration="13585231000"/>
			<Sample nodeCount="118" insertCount="10000" extractCount="10000" duration="13771111000"/>
			<Sample nodeCount="119" insertCount="10000" extractCount="10000" duration="13876143000"/>
			<Sample nodeCount="120" insertCount="10000" extractCount="10000" duration="14015446000"/>
			<Sample nodeCount="121" insertCount="10000" extractCount="10000" duration="14120479000"/>
			<Sample nodeCount="122" insertCount="10000" extractCount="10000" duration="14283056000"/>
			<Sample nodeCount="123" insertCount="10000" extractCount="10000" duration="14388105000"/>
			<Sample nodeCount="124" insertCount="10000" extractCount="10000" duration="14527387000"/>
			<Sample nodeCount="125" insertCount="10000" extractCount="10000" duration="14632422000"/>
			<Sample nodeCount="126" insertCount="10000" extractCount="10000" duration="14849214000"/>
			<Sample nodeCount="127" insertCount="10000" extractCount="10000" duration="14959627000"/>
		</SmallSetLinear>
		<LargeSetLinear>
		</LargeSetLinear>
	</RBTest>
	<RBTest implementation="Boost" nodeSize="12">
		<SmallSetRandomOps>
			<Sample nodeCount="1" insertCount="62" extractCount="61" duration="494000"/>
			<Sample nodeCount="2" insertCount="123" extractCount="123" duration="1001000"/>
			<Sample nodeCount="3" insertCount="186" extractCount="183" duration="1603000"/>
			<Sample nodeCount="4" insertCount="247" extractCount="245" duration="2256000"/>
			<Sample nodeCount="5" insertCount="309" extractCount="306" duration="3060000"/>
			<Sample nodeCount="6" insertCount="370" extractCount="368" duration="3715000"/>
			<Sample nodeCount="7" insertCount="433" extractCount="428" duration="4483000"/>
			<Sample nodeCount="8" insertCount="493" extractCount="491" duration="5233000"/>
			<Sample nodeCount="9" insertCount="557" extractCount="550" duration="5992000"/>
			<Sample nodeCount="10" insertCount="619" extractCount="611" duration="6638000"/>
			<Sample nodeCount="11" insertCount="680" extractCount="673" duration="7505000"/>
			<Sample nodeCount="12" insertCount="740" extractCount="736" duration="8215000"/>
			<Sample nodeCount="13" insertCount="803" extractCount="796" duration="9069000"/>
			<Sample nodeCount="14" insertCount="864" extractCount="858" duration="9891000"/>
			<Sample nodeCount="15" insertCount="927" extractCount="918" duration="10559000"/>
			<Sample nodeCount="16" insertCount="988" extractCount="980" duration="11367000"/>
			<Sample nodeCount="17" insertCount="1050" extractCount="1041" duration="12317000"/>
			<Sample nodeCount="18" insertCount="1113" extractCount="1101" duration="13112000"/>
			<Sample nodeCount="19" insertCount="1172" extractCount="1165" duration="14009000"/>
			<Sample nodeCount="20" insertCount="1237" extractCount="1223" duration="14561000"/>
			<Sample nodeCount="21" insertCount="1296" extractCount="1287" duration="15529000"/>
			<Sample nodeCount="22" insertCount="1359" extractCount="1347" duration="16182000"/>
			<Sample nodeCount="23" insertCount="1419" extractCount="1410" duration="17010000"/>
			<Sample nodeCount="24" insertCount="1484" extractCount="1468" duration="17887000"/>
			<Sample nodeCount="25" insertCount="1544" extractCount="1531" duration="18581000"/>
			<Sample nodeCount="26" insertCount="1604" extractCount="1594" duration="19378000"/>
			<Sample nodeCount="27" insertCount="1668" extractCount="1653" duration="20263000"/>
			<Sample nodeCount="28" insertCount="1729" extractCount="1715" duration="21102000"/>
			<Sample nodeCount="29" insertCount="1790" extractCount="1777" duration="21868000"/>
			<Sample nodeCount="30" insertCount="1851" extractCount="1839" duration="22542000"/>
			<Sample nodeCount="31" insertCount="1914" extractCount="1899" duration="23413000"/>
			<Sample nodeCount="32" insertCount="1977" extractCount="1959" duration="24486000"/>
			<Sample nodeCount="33" insertCount="2041" extractCount="2018" duration="25255000"/>
			<Sample nodeCount="34" insertCount="2097" extractCount="2085" duration="26013000"/>
			<Sample nodeCount="35" insertCount="2160" extractCount="2145" duration="27090000"/>
			<Sample nodeCount="36" insertCount="2221" extractCount="2207" duration="27714000"/>
			<Sample nodeCount="37" insertCount="2285" extractCount="2266" duration="28619000"/>
			<Sample nodeCount="38" insertCount="2346" extractCount="2328" duration="29443000"/>
			<Sample nodeCount="39" insertCount="2408" extractCount="2389" duration="30289000"/>
			<Sample nodeCount="40" insertCount="2471" extractCount="2449" duration="30995000"/>
			<Sample nodeCount="41" insertCount="2531" extractCount="2512" duration="31995000"/>
			<Sample nodeCount="42" insertCount="2593" extractCount="2573" duration="32555000"/>
			<Sample nodeCount="43" insertCount="2656" extractCount="2633" duration="33926000"/>
			<Sample nodeCount="44" insertCount="2717" extractCount="2695" duration="34495000"/>
			<Sample nodeCount="45" insertCount="2776" extractCount="2759" duration="35022000"/>
			<Sample nodeCount="46" insertCount="2840" extractCount="2818" duration="35927000"/>
			<Sample nodeCount="47" insertCount="2902" extractCount="2879" duration="36813000"/>
			<Sample nodeCount="48" insertCount="2966" extractCount="2938" duration="38048000"/>
			<Sample nodeCount="49" insertCount="3026" extractCount="3001" duration="38593000"/>
			<Sample nodeCount="50" insertCount="3084" extractCount="3066" duration="39636000"/>
			<Sample nodeCount="51" insertCount="3151" extractCount="3122" duration="40319000"/>
			<Sample nodeCount="52" insertCount="3209" extractCount="3187" duration="41085000"/>
			<Sample nodeCount="53" insertCount="3273" extractCount="3246" duration="42042000"/>
			<Sample nodeCount="54" insertCount="3337" extractCount="3305" duration="43177000"/>
			<Sample nodeCount="55" insertCount="3400" extractCount="3365" duration="43930000"/>
			<Sample nodeCount="56" insertCount="3458" extractCount="3430" duration="44817000"/>
			<Sample nodeCount="57" insertCount="3521" extractCount="3490" duration="45453000"/>
			<Sample nodeCount="58" insertCount="3580" extractCount="3554" duration="46092000"/>
			<Sample nodeCount="59" insertCount="3647" extractCount="3610" duration="47285000"/>
			<Sample nodeCount="60" insertCount="3706" extractCount="3674" duration="47834000"/>
			<Sample nodeCount="61" insertCount="3766" extractCount="3737" duration="49103000"/>
			<Sample nodeCount="62" insertCount="3828" extractCount="3798" duration="49523000"/>
			<Sample nodeCount="63" insertCount="3888" extractCount="3861" duration="50557000"/>
			<Sample nodeCount="64" insertCount="3952" extractCount="3920" duration="51275000"/>
			<Sample nodeCount="65" insertCount="4014" extractCount="3981" duration="52489000"/>
			<Sample nodeCount="66" insertCount="4077" extractCount="4041" duration="53288000"/>
			<Sample nodeCount="67" insertCount="4136" extractCount="4105" duration="54441000"/>
			<Sample nodeCount="68" insertCount="4200" extractCount="4164" duration="54738000"/>
			<Sample nodeCount="69" insertCount="4263" extractCount="4224" duration="55745000"/>
			<Sample nodeCount="70" insertCount="4325" extractCount="4285" duration="57093000"/>
			<Sample nodeCount="71" insertCount="4381" extractCount="4352" duration="57441000"/>
			<Sample nodeCount="72" insertCount="4448" extractCount="4408" duration="58187000"/>
			<Sample nodeCount="73" insertCount="4507" extractCount="4472" duration="59122000"/>
			<Sample nodeCount="74" insertCount="4571" extractCount="4531" duration="60038000"/>
			<Sample nodeCount="75" insertCount="4631" extractCount="4594" duration="61185000"/>
			<Sample nodeCount="76" insertCount="4693" extractCount="4655" duration="61792000"/>
			<Sample nodeCount="77" insertCount="4755" extractCount="4716" duration="62745000"/>
			<Sample nodeCount="78" insertCount="4817" extractCount="4777" duration="63540000"/>
			<Sample nodeCount="79" insertCount="4877" extractCount="4840" duration="64683000"/>
			<Sample nodeCount="80" insertCount="4942" extractCount="4898" duration="64902000"/>
			<Sample nodeCount="81" insertCount="5002" extractCount="4961" duration="66137000"/>
			<Sample nodeCount="82" insertCount="5063" extractCount="5023" duration="66851000"/>
			<Sample nodeCount="83" insertCount="5124" extractCount="5085" duration="68257000"/>
			<Sample nodeCount="84" insertCount="5187" extractCount="5145" duration="68924000"/>
			<Sample nodeCount="85" insertCount="5250" extractCount="5205" duration="69863000"/>
			<Sample nodeCount="86" insertCount="5314" extractCount="5264" duration="70849000"/>
			<Sample nodeCount="87" insertCount="5374" extractCount="5327" duration="71691000"/>
			<Sample nodeCount="88" insertCount="5432" extractCount="5392" duration="72788000"/>
			<Sample nodeCount="89" insertCount="5490" extractCount="5457" duration="73214000"/>
			<Sample nodeCount="90" insertCount="5559" extractCount="5511" duration="73756000"/>
			<Sample nodeCount="91" insertCount="5621" extractCount="5572" duration="74797000"/>
			<Sample nodeCount="92" insertCount="5680" extractCount="5636" duration="75921000"/>
			<Sample nodeCount="93" insertCount="5740" extractCount="5699" duration="76754000"/>
			<Sample nodeCount="94" insertCount="5803" extractCount="5759" duration="77457000"/>
			<Sample nodeCount="95" insertCount="5862" extractCount="5823" duration="78833000"/>
			<Sample nodeCount="96" insertCount="5929" extractCount="5879" duration="79434000"/>
			<Sample nodeCount="97" insertCount="5993" extractCount="5938" duration="80047000"/>
			<Sample nodeCount="98" insertCount="6055" extractCount="5999" duration="81018000"/>
			<Sample nodeCount="99" insertCount="6113" extractCount="6064" duration="82337000"/>
			<Sample nodeCount="100" insertCount="6172" extractCount="6128" duration="83144000"/>
			<Sample nodeCount="101" insertCount="6238" extractCount="6185" duration="84026000"/>
			<Sample nodeCount="102" insertCount="6299" extractCount="6247" duration="84594000"/>
			<Sample nodeCount="103" insertCount="6363" extractCount="6306" duration="85892000"/>
			<Sample nodeCount="104" insertCount="6426" extractCount="6366" duration="86528000"/>
			<Sample nodeCount="105" insertCount="6481" extractCount="6434" duration="87705000"/>
			<Sample nodeCount="106" insertCount="6544" extractCount="6494" duration="88950000"/>
			<Sample nodeCount="107" insertCount="6607" extractCount="6554" duration="88613000"/>
			<Sample nodeCount="108" insertCount="6669" extractCount="6615" duration="90291000"/>
			<Sample nodeCount="109" insertCount="6732" extractCount="6675" duration="91008000"/>
			<Sample nodeCount="110" insertCount="6794" extractCount="6736" duration="91589000"/>
			<Sample nodeCount="111" insertCount="6852" extractCount="6801" duration="92742000"/>
			<Sample nodeCount="112" insertCount="6918" extractCount="6858" duration="94101000"/>
			<Sample nodeCount="113" insertCount="6981" extractCount="6918" duration="94902000"/>
			<Sample nodeCount="114" insertCount="7041" extractCount="6981" duration="95582000"/>
			<Sample nodeCount="115" insertCount="7103" extractCount="7042" duration="96355000"/>
			<Sample nodeCount="116" insertCount="7164" extractCount="7104" duration="97078000"/>
			<Sample nodeCount="117" insertCount="7225" extractCount="7166" duration="98654000"/>
			<Sample nodeCount="118" insertCount="7291" extractCount="7223" duration="99264000"/>
			<Sample nodeCount="119" insertCount="7350" extractCount="7287" duration="100138000"/>
			<Sample nodeCount="120" insertCount="7410" extractCount="7350" duration="100697000"/>
			<Sample nodeCount="121" insertCount="7471" extractCount="7412" duration="101924000"/>
			<Sample nodeCount="122" insertCount="7537" extractCount="7469" duration="102092000"/>
			<Sample nodeCount="123" insertCount="7593" extractCount="7536" duration="103674000"/>
			<Sample nodeCount="124" insertCount="7658" extractCount="7594" duration="104436000"/>
			<Sample nodeCount="125" insertCount="7718" extractCount="7657" duration="105625000"/>
			<Sample nodeCount="126" insertCount="7781" extractCount="7717" duration="105692000"/>
			<Sample nodeCount="127" insertCount="7840" extractCount="7781" duration="107474000"/>
		</SmallSetRandomOps>
		<LargeSetRandomOps>
		</LargeSetRandomOps>
		<SmallSetLinear>
			<Sample nodeCount="1" insertCount="10000" extractCount="10000" duration="52211000"/>
			<Sample nodeCount="2" insertCount="10000" extractCount="10000" duration="112218000"/>
			<Sample nodeCount="3" insertCount="10000" extractCount="10000" duration="189248000"/>
			<Sample nodeCount="4" insertCount="10000" extractCount="10000" duration="292713000"/>
			<Sample nodeCount="5" insertCount="10000" extractCount="10000" duration="391927000"/>
			<Sample nodeCount="6" insertCount="10000" extractCount="10000" duration="483971000"/>
			<Sample nodeCount="7" insertCount="10000" extractCount="10000" duration="585868000"/>
			<Sample nodeCount="8" insertCount="10000" extractCount="10000" duration="699638000"/>
			<Sample nodeCount="9" insertCount="10000" extractCount="10000" duration="801535000"/>
			<Sample nodeCount="10" insertCount="10000" extractCount="10000" duration="947556000"/>
			<Sample nodeCount="11" insertCount="10000" extractCount="10000" duration="1052137000"/>
			<Sample nodeCount="12" insertCount="10000" extractCount="10000" duration="1185612000"/>
			<Sample nodeCount="13" insertCount="10000" extractCount="10000" duration="1290208000"/>
			<Sample nodeCount="14" insertCount="10000" extractCount="10000" duration="1425917000"/>
			<Sample nodeCount="15" insertCount="10000" extractCount="10000" duration="1533189000"/>
			<Sample nodeCount="16" insertCount="10000" extractCount="10000" duration="1669351000"/>
			<Sample nodeCount="17" insertCount="10000" extractCount="10000" duration="1776631000"/>
			<Sample nodeCount="18" insertCount="10000" extractCount="10000" duration="1934066000"/>
			<Sample nodeCount="19" insertCount="10000" extractCount="10000" duration="2041347000"/>
			<Sample nodeCount="20" insertCount="10000" extractCount="10000" duration="2177503000"/>
			<Sample nodeCount="21" insertCount="10000" extractCount="10000" duration="2284778000"/>
			<Sample nodeCount="22" insertCount="10000" extractCount="10000" duration="2482081000"/>
			<Sample nodeCount="23" insertCount="10000" extractCount="10000" duration="2592044000"/>
			<Sample nodeCount="24" insertCount="10000" extractCount="10000" duration="2730895000"/>
			<Sample nodeCount="25" insertCount="10000" extractCount="10000" duration="2840858000"/>
			<Sample nodeCount="26" insertCount="10000" extractCount="10000" duration="3025618000"/>
			<Sample nodeCount="27" insertCount="10000" extractCount="10000" duration="3135573000"/>
			<Sample nodeCount="28" insertCount="10000" extractCount="10000" duration="3274433000"/>
			<Sample nodeCount="29" insertCount="10000" extractCount="10000" duration="3384388000"/>
			<Sample nodeCount="30" insertCount="10000" extractCount="10000" duration="3571394000"/>
			<Sample nodeCount="31" insertCount="10000" extractCount="10000" duration="3684040000"/>
			<Sample nodeCount="32" insertCount="10000" extractCount="10000" duration="3825583000"/>
			<Sample nodeCount="33" insertCount="10000" extractCount="10000" duration="3938227000"/>
			<Sample nodeCount="34" insertCount="10000" extractCount="10000" duration="4125679000"/>
			<Sample nodeCount="35" insertCount="10000" extractCount="10000" duration="4238321000"/>
			<Sample nodeCount="36" insertCount="10000" extractCount="10000" duration="4379860000"/>
			<Sample nodeCount="37" insertCount="10000" extractCount="10000" duration="4492515000"/>
			<Sample nodeCount="38" insertCount="10000" extractCount="10000" duration="4701238000"/>
			<Sample nodeCount="39" insertCount="10000" extractCount="10000" duration="4813887000"/>
			<Sample nodeCount="40" insertCount="10000" extractCount="10000" duration="4955420000"/>
			<Sample nodeCount="41" insertCount="10000" extractCount="10000" duration="5068073000"/>
			<Sample nodeCount="42" insertCount="10000" extractCount="10000" duration="5255524000"/>
			<Sample nodeCount="43" insertCount="10000" extractCount="10000" duration="5368168000"/>
			<Sample nodeCount="44" insertCount="10000" extractCount="10000" duration="5509709000"/>
			<Sample nodeCount="45" insertCount="10000" extractCount="10000" duration="5622354000"/>
			<Sample nodeCount="46" insertCount="10000" extractCount="10000" duration="5886175000"/>
			<Sample nodeCount="47" insertCount="10000" extractCount="10000" duration="6001505000"/>
			<Sample nodeCount="48" insertCount="10000" extractCount="10000" duration="6145736000"/>
			<Sample nodeCount="49" insertCount="10000" extractCount="10000" duration="6261071000"/>
			<Sample nodeCount="50" insertCount="10000" extractCount="10000" duration="6451213000"/>
			<Sample nodeCount="51" insertCount="10000" extractCount="10000" duration="6566538000"/>
			<Sample nodeCount="52" insertCount="10000" extractCount="10000" duration="6710772000"/>
			<Sample nodeCount="53" insertCount="10000" extractCount="10000" duration="6826105000"/>
			<Sample nodeCount="54" insertCount="10000" extractCount="10000" duration="7077382000"/>
			<Sample nodeCount="55" insertCount="10000" extractCount="10000" duration="7192709000"/>
			<Sample nodeCount="56" insertCount="10000" extractCount="10000" duration="7336935000"/>
			<Sample nodeCount="57" insertCount="10000" extractCount="10000" duration="7452276000"/>
			<Sample nodeCount="58" insertCount="10000" extractCount="10000" duration="7642414000"/>
			<Sample nodeCount="59" insertCount="10000" extractCount="10000" duration="7757755000"/>
			<Sample nodeCount="60" insertCount="10000" extractCount="10000" duration="7901974000"/>
			<Sample nodeCount="61" insertCount="10000" extractCount="10000" duration="8017324000"/>
			<Sample nodeCount="62" insertCount="10000" extractCount="10000" duration="8270837000"/>
			<Sample nodeCount="63" insertCount="10000" extractCount="10000" duration="8388853000"/>
			<Sample nodeCount="64" insertCount="10000" extractCount="10000" duration="8535761000"/>
			<Sample nodeCount="65" insertCount="10000" extractCount="10000" duration="8653786000"/>
			<Sample nodeCount="66" insertCount="10000" extractCount="10000" duration="8846618000"/>
			<Sample nodeCount="67" insertCount="10000" extractCount="10000" duration="8964646000"/>
			<Sample nodeCount="68" insertCount="10000" extractCount="10000" duration="9111552000"/>
			<Sample nodeCount="69" insertCount="10000" extractCount="10000" duration="9229579000"/>
			<Sample nodeCount="70" insertCount="10000" extractCount="10000" duration="9483546000"/>
			<Sample nodeCount="71" insertCount="10000" extractCount="10000" duration="9601561000"/>
			<Sample nodeCount="72" insertCount="10000" extractCount="10000" duration="9748482000"/>
			<Sample nodeCount="73" insertCount="10000" extractCount="10000" duration="9866505000"/>
			<Sample nodeCount="74" insertCount="10000" extractCount="10000" duration="10059321000"/>
			<Sample nodeCount="75" insertCount="10000" extractCount="10000" duration="10177351000"/>
			<Sample nodeCount="76" insertCount="10000" extractCount="10000" duration="10324261000"/>
			<Sample nodeCount="77" insertCount="10000" extractCount="10000" duration="10442278000"/>
			<Sample nodeCount="78" insertCount="10000" extractCount="10000" duration="10717528000"/>
			<Sample nodeCount="79" insertCount="10000" extractCount="10000" duration="10835554000"/>
			<Sample nodeCount="80" insertCount="10000" extractCount="10000" duration="10982463000"/>
			<Sample nodeCount="81" insertCount="10000" extractCount="10000" duration="11100490000"/>
			<Sample nodeCount="82" insertCount="10000" extractCount="10000" duration="11293304000"/>
			<Sample nodeCount="83" insertCount="10000" extractCount="10000" duration="11411330000"/>
			<Sample nodeCount="84" insertCount="10000" extractCount="10000" duration="11558250000"/>
			<Sample nodeCount="85" insertCount="10000" extractCount="10000" duration="11676266000"/>
			<Sample nodeCount="86" insertCount="10000" extractCount="10000" duration="11930226000"/>
			<Sample nodeCount="87" insertCount="10000" extractCount="10000" duration="12048261000"/>
			<Sample nodeCount="88" insertCount="10000" extractCount="10000" duration="12195145000"/>
			<Sample nodeCount="89" insertCount="10000" extractCount="10000" duration="12313194000"/>
			<Sample nodeCount="90" insertCount="10000" extractCount="10000" duration="12506014000"/>
			<Sample nodeCount="91" insertCount="10000" extractCount="10000" duration="12624048000"/>
			<Sample nodeCount="92" insertCount="10000" extractCount="10000" duration="12770951000"/>
			<Sample nodeCount="93" insertCount="10000" extractCount="10000" duration="12888978000"/>
			<Sample nodeCount="94" insertCount="10000" extractCount="10000" duration="13249761000"/>
			<Sample nodeCount="95" insertCount="10000" extractCount="10000" duration="13370472000"/>
			<Sample nodeCount="96" insertCount="10000" extractCount="10000" duration="13520075000"/>
			<Sample nodeCount="97" insertCount="10000" extractCount="10000" duration="13640787000"/>
			<Sample nodeCount="98" insertCount="10000" extractCount="10000" duration="13836304000"/>
			<Sample nodeCount="99" insertCount="10000" extractCount="10000" duration="13957010000"/>
			<Sample nodeCount="100" insertCount="10000" extractCount="10000" duration="14106612000"/>
			<Sample nodeCount="101" insertCount="10000" extractCount="10000" duration="14227315000"/>
			<Sample nodeCount="102" insertCount="10000" extractCount="10000" duration="14483976000"/>
			<Sample nodeCount="103" insertCount="10000" extractCount="10000" duration="14604691000"/>
			<Sample nodeCount="104" insertCount="10000" extractCount="10000" duration="14754283000"/>
			<Sample nodeCount="105" insertCount="10000" extractCount="10000" duration="14875005000"/>
			<Sample nodeCount="106" insertCount="10000" extractCount="10000" duration="15070496000"/>
			<Sample nodeCount="107" insertCount="10000" extractCount="10000" duration="15191217000"/>
			<Sample nodeCount="108" insertCount="10000" extractCount="10000" duration="15340817000"/>
			<Sample nodeCount="109" insertCount="10000" extractCount="10000" duration="15461535000"/>
			<Sample nodeCount="110" insertCount="10000" extractCount="10000" duration="15809780000"/>
			<Sample nodeCount="111" insertCount="10000" extractCount="10000" duration="15930485000"/>
			<Sample nodeCount="112" insertCount="10000" extractCount="10000" duration="16080090000"/>
			<Sample nodeCount="113" insertCount="10000" extractCount="10000" duration="16200793000"/>
			<Sample nodeCount="114" insertCount="10000" extractCount="10000" duration="16396315000"/>
			<Sample nodeCount="115" insertCount="10000" extractCount="10000" duration="16517020000"/>
			<Sample nodeCount="116" insertCount="10000" extractCount="10000" duration="16666692000"/>
			<Sample nodeCount="117" insertCount="10000" extractCount="10000" duration="16787338000"/>
			<Sample nodeCount="118" insertCount="10000" extractCount="10000" duration="17043986000"/>
			<Sample nodeCount="119" insertCount="10000" extractCount="10000" duration="17164693000"/>
			<Sample nodeCount="120" insertCount="10000" extractCount="10000" duration="17314291000"/>
			<Sample nodeCount="121" insertCount="10000" extractCount="10000" duration="17435013000"/>
			<Sample nodeCount="122" insertCount="10000" extractCount="10000" duration="17630523000"/>
			<Sample nodeCount="123" insertCount="10000" extractCount="10000" duration="17751228000"/>
			<Sample nodeCount="124" insertCount="10000" extractCount="10000" duration="17900824000"/>
			<Sample nodeCount="125" insertCount="10000" extractCount="10000" duration="18021544000"/>
			<Sample nodeCount="126" insertCount="10000" extractCount="10000" duration="18372024000"/>
			<Sample nodeCount="127" insertCount="10000" extractCount="10000" duration="18495421000"/>
		</SmallSetLinear>
		<LargeSetLinear>
		</LargeSetLinear>
	</RBTest>
	<RBTest implementation="RB Compact" nodeSize="8">
		<SmallSetRandomOps>
			<Sample nodeCount="1" insertCount="62" extractCount="61" duration="286000"/>
			<Sample nodeCount="2" insertCount="123" extractCount="123" duration="660000"/>
			<Sample nodeCount="3" insertCount="186" extractCount="183" duration="1181000"/>
			<Sample nodeCount="4" insertCount="247" extractCount="245" duration="1679000"/>
			<Sample nodeCount="5" insertCount="309" extractCount="306" duration="2311000"/>
			<Sample nodeCount="6" insertCount="370" extractCount="368" duration="2872000"/>
			<Sample nodeCount="7" insertCount="433" extractCount="428" duration="3539000"/>
			<Sample nodeCount="8" insertCount="493" extractCount="491" duration="4149000"/>
			<Sample nodeCount="9" insertCount="557" extractCount="550" duration="4852000"/>
			<Sample nodeCount="10" insertCount="619" extractCount="611" duration="5439000"/>
			<Sample nodeCount="11" insertCount="680" extractCount="673" duration="6102000"/>
			<Sample nodeCount="12" insertCount="740" extractCount="736" duration="6891000"/>
			<Sample nodeCount="13" insertCount="803" extractCount="796" duration="7575000"/>
			<Sample nodeCount="14" insertCount="864" extractCount="858" duration="8221000"/>
			<Sample nodeCount="15" insertCount="927" extractCount="918" duration="8757000"/>
			<Sample nodeCount="16" insertCount="988" extractCount="980" duration="9531000"/>
			<Sample nodeCount="17" insertCount="1050" extractCount="1041" duration="10221000"/>
			<Sample nodeCount="18" insertCount="1113" extractCount="1101" duration="10875000"/>
			<Sample nodeCount="19" insertCount="1172" extractCount="1165" duration="11492000"/>
			<Sample nodeCount="20" insertCount="1237" extractCount="1223" duration="12237000"/>
			<Sample nodeCount="21" insertCount="1296" extractCount="1287" duration="12899000"/>
			<Sample nodeCount="22" insertCount="1359" extractCount="1347" duration="13667000"/>
			<Sample nodeCount="23" insertCount="1419" extractCount="1410" duration="14317000"/>
			<Sample nodeCount="24" insertCount="1484" extractCount="1468" duration="15050000"/>
			<Sample nodeCount="25" insertCount="1544" extractCount="1531" duration="15772000"/>
			<Sample nodeCount="26" insertCount="1604" extractCount="1594" duration="16433000"/>
			<Sample nodeCount="27" insertCount="1668" extractCount="1653" duration="17223000"/>
			<Sample nodeCount="28" insertCount="1729" extractCount="1715" duration="18110000"/>
			<Sample nodeCount="29" insertCount="1790" extractCount="1777" duration="18726000"/>
			<Sample nodeCount="30" insertCount="1851" extractCount="1839" duration="19499000"/>
			<Sample nodeCount="31" insertCount="1914" extractCount="1899" duration="20314000"/>
			<Sample nodeCount="32" insertCount="1977" extractCount="1959" duration="20946000"/>
			<Sample nodeCount="33" insertCount="2041" extractCount="2018" duration="21772000"/>
			<Sample nodeCount="34" insertCount="2097" extractCount="2085" duration="22481000"/>
			<Sample nodeCount="35" insertCount="2160" extractCount="2145" duration="23335000"/>
			<Sample nodeCount="36" insertCount="2221" extractCount="2207" duration="23896000"/>
			<Sample nodeCount="37" insertCount="2285" extractCount="2266" duration="24868000"/>
			<Sample nodeCount="38" insertCount="2346" extractCount="2328" duration="25500000"/>
			<Sample nodeCount="39" insertCount="2408" extractCount="2389" duration="26013000"/>
			<Sample nodeCount="40" insertCount="2471" extractCount="2449" duration="26848000"/>
			<Sample nodeCount="41" insertCount="2531" extractCount="2512" duration="27727000"/>
			<Sample nodeCount="42" insertCount="2593" extractCount="2573" duration="28264000"/>
			<Sample nodeCount="43" insertCount="2656" extractCount="2633" duration="29032000"/>
			<Sample nodeCount="44" insertCount="2717" extractCount="2695" duration="29832000"/>
			<Sample nodeCount="45" insertCount="2776" extractCount="2759" duration="30293000"/>
			<Sample nodeCount="46" insertCount="2840" extractCount="2818" duration="31231000"/>
			<Sample nodeCount="47" insertCount="2902" extractCount="2879" duration="31870000"/>
			<Sample nodeCount="48" insertCount="2966" extractCount="2938" duration="32560000"/>
			<Sample nodeCount="49" insertCount="3026" extractCount="3001" duration="33595000"/>
			<Sample nodeCount="50" insertCount="3084" extractCount="3066" duration="34299000"/>
			<Sample nodeCount="51" insertCount="3151" extractCount="3122" duration="34993000"/>
			<Sample nodeCount="52" insertCount="3209" extractCount="3187" duration="35775000"/>
			<Sample nodeCount="53" insertCount="3273" extractCount="3246" duration="36460000"/>
			<Sample nodeCount="54" insertCount="3337" extractCount="3305" duration="37162000"/>
			<Sample nodeCount="55" insertCount="3400" extractCount="3365" duration="38115000"/>
			<Sample nodeCount="56" insertCount="3458" extractCount="3430" duration="38957000"/>
			<Sample nodeCount="57" insertCount="3521" extractCount="3490" duration="39481000"/>
			<Sample nodeCount="58" insertCount="3580" extractCount="3554" duration="40403000"/>
			<Sample nodeCount="59" insertCount="3647" extractCount="3610" duration="41554000"/>
			<Sample nodeCount="60" insertCount="3706" extractCount="3674" duration="41906000"/>
			<Sample nodeCount="61" insertCount="3766" extractCount="3737" duration="42725000"/>
			<Sample nodeCount="62" insertCount="3828" extractCount="3798" duration="43565000"/>
			<Sample nodeCount="63" insertCount="3888" extractCount="3861" duration="44035000"/>
			<Sample nodeCount="64" insertCount="3952" extractCount="3920" duration="45012000"/>
			<Sample nodeCount="65" insertCount="4014" extractCount="3981" duration="45592000"/>
			<Sample nodeCount="66" insertCount="4077" extractCount="4041" duration="46390000"/>
			<Sample nodeCount="67" insertCount="4136" extractCount="4105" duration="47627000"/>
			<Sample nodeCount="68" insertCount="4200" extractCount="4164" duration="48074000"/>
			<Sample nodeCount="69" insertCount="4263" extractCount="4224" duration="48863000"/>
			<Sample nodeCount="70" insertCount="4325" extractCount="4285" duration="49794000"/>
			<Sample nodeCount="71" insertCount="4381" extractCount="4352" duration="50347000"/>
			<Sample nodeCount="72" insertCount="4448" extractCount="4408" duration="51447000"/>
			<Sample nodeCount="73" insertCount="4507" extractCount="4472" duration="52251000"/>
			<Sample nodeCount="74" insertCount="4571" extractCount="4531" duration="52808000"/>
			<Sample nodeCount="75" insertCount="4631" extractCount="4594" duration="53648000"/>
			<Sample nodeCount="76" insertCount="4693" extractCount="4655" duration="54463000"/>
			<Sample nodeCount="77" insertCount="4755" extractCount="4716" duration="55336000"/>
			<Sample nodeCount="78" insertCount="4817" extractCount="4777" duration="55818000"/>
			<Sample nodeCount="79" insertCount="4877" extractCount="4840" duration="56554000"/>
			<Sample nodeCount="80" insertCount="4942" extractCount="4898" duration="57685000"/>
			<Sample nodeCount="81" insertCount="5002" extractCount="4961" duration="58735000"/>
			<Sample nodeCount="82" insertCount="5063" extractCount="5023" duration="59216000"/>
			<Sample nodeCount="83" insertCount="5124" extractCount="5085" duration="60302000"/>
			<Sample nodeCount="84" insertCount="5187" extractCount="5145" duration="61046000"/>
			<Sample nodeCount="85" insertCount="5250" extractCount="5205" duration="61699000"/>
			<Sample nodeCount="86" insertCount="5314" extractCount="5264" duration="62564000"/>
			<Sample nodeCount="87" insertCount="5374" extractCount="5327" duration="63517000"/>
			<Sample nodeCount="88" insertCount="5432" extractCount="5392" duration="63983000"/>
			<Sample nodeCount="89" insertCount="5490" extractCount="5457" duration="64504000"/>
			<Sample nodeCount="90" insertCount="5559" extractCount="5511" duration="65312000"/>
			<Sample nodeCount="91" insertCount="5621" extractCount="5572" duration="66229000"/>
			<Sample nodeCount="92" insertCount="5680" extractCount="5636" duration="67107000"/>
			<Sample nodeCount="93" insertCount="5740" extractCount="5699" duration="68054000"/>
			<Sample nodeCount="94" insertCount="5803" extractCount="5759" duration="68756000"/>
			<Sample nodeCount="95" insertCount="5862" extractCount="5823" duration="69304000"/>
			<Sample nodeCount="96" insertCount="5929" extractCount="5879" duration="69930000"/>
			<Sample nodeCount="97" insertCount="5993" extractCount="5938" duration="71098000"/>
			<Sample nodeCount="98" insertCount="6055" extractCount="5999" duration="71772000"/>
			<Sample nodeCount="99" insertCount="6113" extractCount="6064" duration="72691000"/>
			<Sample nodeCount="100" insertCount="6172" extractCount="6128" duration="73479000"/>
			<Sample nodeCount="101" insertCount="6238" extractCount="6185" duration="74279000"/>
			<Sample nodeCount="102" insertCount="6299" extractCount="6247" duration="74603000"/>
			<Sample nodeCount="103" insertCount="6363" extractCount="6306" duration="75779000"/>
			<Sample nodeCount="104" insertCount="6426" extractCount="6366" duration="76495000"/>
			<Sample nodeCount="105" insertCount="6481" extractCount="6434" duration="77389000"/>
			<Sample nodeCount="106" insertCount="6544" extractCount="6494" duration="78119000"/>
			<Sample nodeCount="107" insertCount="6607" extractCount="6554" duration="78912000"/>
			<Sample nodeCount="108" insertCount="6669" extractCount="6615" duration="79809000"/>
			<Sample nodeCount="109" insertCount="6732" extractCount="6675" duration="80430000"/>
			<Sample nodeCount="110" insertCount="6794" extractCount="6736" duration="81165000"/>
			<Sample nodeCount="111" insertCount="6852" extractCount="6801" duration="81956000"/>
			<Sample nodeCount="112" insertCount="6918" extractCount="6858" duration="83005000"/>
			<Sample nodeCount="113" insertCount="6981" extractCount="6918" duration="83908000"/>
			<Sample nodeCount="114" insertCount="7041" extractCount="6981" duration="84600000"/>
			<Sample nodeCount="115" insertCount="7103" extractCount="7042" duration="84947000"/>
			<Sample nodeCount="116" insertCount="7164" extractCount="7104" duration="86325000"/>
			<Sample nodeCount="117" insertCount="7225" extractCount="7166" duration="86959000"/>
			<Sample nodeCount="118" insertCount="7291" extractCount="7223" duration="87761000"/>
			<Sample nodeCount="119" insertCount="7350" extractCount="7287" duration="88838000"/>
			<Sample nodeCount="120" insertCount="7410" extractCount="7350" duration="89228000"/>
			<Sample nodeCount="121" insertCount="7471" extractCount="7412" duration="90386000"/>
			<Sample nodeCount="122" insertCount="7537" extractCount="7469" duration="91072000"/>
			<Sample nodeCount="123" insertCount="7593" extractCount="7536" duration="91512000"/>
			<Sample nodeCount="124" insertCount="7658" extractCount="7594" duration="92350000"/>
			<Sample nodeCount="125" insertCount="7718" extractCount="7657" duration="93889000"/>
			<Sample nodeCount="126" insertCount="7781" extractCount="7717" duration="94021000"/>
			<Sample nodeCount="127" insertCount="7840" extractCount="7781" duration="95456000"/>
		</SmallSetRandomOps>
		<LargeSetRandomOps>
		</LargeSetRandomOps>
		<SmallSetLinear>
			<Sample nodeCount="1" insertCount="10000" extractCount="10000" duration="21723000"/>
			<Sample nodeCount="2" insertCount="10000" extractCount="10000" duration="53747000"/>
			<Sample nodeCount="3" insertCount="10000" extractCount="10000" duration="113996000"/>
			<Sample nodeCount="4" insertCount="10000" extractCount="10000" duration="167072000"/>
			<Sample nodeCount="5" insertCount="10000" extractCount="10000" duration="231131000"/>
			<Sample nodeCount="6" insertCount="10000" extractCount="10000" duration="287333000"/>
			<Sample nodeCount="7" insertCount="10000" extractCount="10000" duration="375569000"/>
			<Sample nodeCount="8" insertCount="10000" extractCount="10000" duration="431787000"/>
			<Sample nodeCount="9" insertCount="10000" extractCount="10000" duration="517334000"/>
			<Sample nodeCount="10" insertCount="10000" extractCount="10000" duration="576687000"/>
			<Sample nodeCount="11" insertCount="10000" extractCount="10000" duration="677690000"/>
			<Sample nodeCount="12" insertCount="10000" extractCount="10000" duration="737034000"/>
			<Sample nodeCount="13" insertCount="10000" extractCount="10000" duration="825715000"/>
			<Sample nodeCount="14" insertCount="10000" extractCount="10000" duration="888202000"/>
			<Sample nodeCount="15" insertCount="10000" extractCount="10000" duration="1013388000"/>
			<Sample nodeCount="16" insertCount="10000" extractCount="10000" duration="1072744000"/>
			<Sample nodeCount="17" insertCount="10000" extractCount="10000" duration="1161431000"/>
			<Sample nodeCount="18" insertCount="10000" extractCount="10000" duration="1223910000"/>
			<Sample nodeCount="19" insertCount="10000" extractCount="10000" duration="1355366000"/>
			<Sample nodeCount="20" insertCount="10000" extractCount="10000" duration="1417854000"/>
			<Sample nodeCount="21" insertCount="10000" extractCount="10000" duration="1509677000"/>
			<Sample nodeCount="22" insertCount="10000" extractCount="10000" duration="1575288000"/>
			<Sample nodeCount="23" insertCount="10000" extractCount="10000" duration="1722204000"/>
			<Sample nodeCount="24" insertCount="10000" extractCount="10000" duration="1784691000"/>
			<Sample nodeCount="25" insertCount="10000" extractCount="10000" duration="1876514000"/>
			<Sample nodeCount="26" insertCount="10000" extractCount="10000" duration="1942127000"/>
			<Sample nodeCount="27" insertCount="10000" extractCount="10000" duration="2076719000"/>
			<Sample nodeCount="28" insertCount="10000" extractCount="10000" duration="2142338000"/>
			<Sample nodeCount="29" insertCount="10000" extractCount="10000" duration="2237294000"/>
			<Sample nodeCount="30" insertCount="10000" extractCount="10000" duration="2306052000"/>
			<Sample nodeCount="31" insertCount="10000" extractCount="10000" duration="2477161000"/>
			<Sample nodeCount="32" insertCount="10000" extractCount="10000" duration="2539632000"/>
			<Sample nodeCount="33" insertCount="10000" extractCount="10000" duration="2631459000"/>
			<Sample nodeCount="34" insertCount="10000" extractCount="10000" duration="2697074000"/>
			<Sample nodeCount="35" insertCount="10000" extractCount="10000" duration="2831672000"/>
			<Sample nodeCount="36" insertCount="10000" extractCount="10000" duration="2897288000"/>
			<Sample nodeCount="37" insertCount="10000" extractCount="10000" duration="2992242000"/>
			<Sample nodeCount="38" insertCount="10000" extractCount="10000" duration="3060997000"/>
			<Sample nodeCount="39" insertCount="10000" extractCount="10000" duration="3256293000"/>
			<Sample nodeCount="40" insertCount="10000" extractCount="10000" duration="3321904000"/>
			<Sample nodeCount="41" insertCount="10000" extractCount="10000" duration="3416855000"/>
			<Sample nodeCount="42" insertCount="10000" extractCount="10000" duration="3485609000"/>
			<Sample nodeCount="43" insertCount="10000" extractCount="10000" duration="3623344000"/>
			<Sample nodeCount="44" insertCount="10000" extractCount="10000" duration="3692099000"/>
			<Sample nodeCount="45" insertCount="10000" extractCount="10000" duration="3790189000"/>
			<Sample nodeCount="46" insertCount="10000" extractCount="10000" duration="3862077000"/>
			<Sample nodeCount="47" insertCount="10000" extractCount="10000" duration="4072821000"/>
			<Sample nodeCount="48" insertCount="10000" extractCount="10000" duration="4138434000"/>
			<Sample nodeCount="49" insertCount="10000" extractCount="10000" duration="4233399000"/>
			<Sample nodeCount="50" insertCount="10000" extractCount="10000" duration="4302145000"/>
			<Sample nodeCount="51" insertCount="10000" extractCount="10000" duration="4439880000"/>
			<Sample nodeCount="52" insertCount="10000" extractCount="10000" duration="4508638000"/>
			<Sample nodeCount="53" insertCount="10000" extractCount="10000" duration="4606720000"/>
			<Sample nodeCount="54" insertCount="10000" extractCount="10000" duration="4678608000"/>
			<Sample nodeCount="55" insertCount="10000" extractCount="10000" duration="4877036000"/>
			<Sample nodeCount="56" insertCount="10000" extractCount="10000" duration="4945786000"/>
			<Sample nodeCount="57" insertCount="10000" extractCount="10000" duration="5043871000"/>
			<Sample nodeCount="58" insertCount="10000" extractCount="10000" duration="5115771000"/>
			<Sample nodeCount="59" insertCount="10000" extractCount="10000" duration="5256636000"/>
			<Sample nodeCount="60" insertCount="10000" extractCount="10000" duration="5328524000"/>
			<Sample nodeCount="61" insertCount="10000" extractCount="10000" duration="5429755000"/>
			<Sample nodeCount="62" insertCount="10000" extractCount="10000" duration="5504778000"/>
			<Sample nodeCount="63" insertCount="10000" extractCount="10000" duration="5739705000"/>
			<Sample nodeCount="64" insertCount="10000" extractCount="10000" duration="5805320000"/>
			<Sample nodeCount="65" insertCount="10000" extractCount="10000" duration="5900279000"/>
			<Sample nodeCount="66" insertCount="10000" extractCount="10000" duration="5969034000"/>
			<Sample nodeCount="67" insertCount="10000" extractCount="10000" duration="6106763000"/>
			<Sample nodeCount="68" insertCount="10000" extractCount="10000" duration="6175527000"/>
			<Sample nodeCount="69" insertCount="10000" extractCount="10000" duration="6273599000"/>
			<Sample nodeCount="70" insertCount="10000" extractCount="10000" duration="6345502000"/>
			<Sample nodeCount="71" insertCount="10000" extractCount="10000" duration="6543920000"/>
			<Sample nodeCount="72" insertCount="10000" extractCount="10000" duration="6612679000"/>
			<Sample nodeCount="73" insertCount="10000" extractCount="10000" duration="6710760000"/>
			<Sample nodeCount="74" insertCount="10000" extractCount="10000" duration="6782647000"/>
			<Sample nodeCount="75" insertCount="10000" extractCount="10000" duration="6923522000"/>
			<Sample nodeCount="76" insertCount="10000" extractCount="10000" duration="6995411000"/>
			<Sample nodeCount="77" insertCount="10000" extractCount="10000" duration="7096636000"/>
			<Sample nodeCount="78" insertCount="10000" extractCount="10000" duration="7171664000"/>
			<Sample nodeCount="79" insertCount="10000" extractCount="10000" duration="7466603000"/>
			<Sample nodeCount="80" insertCount="10000" extractCount="10000" duration="7535368000"/>
			<Sample nodeCount="81" insertCount="10000" extractCount="10000" duration="7633451000"/>
			<Sample nodeCount="82" insertCount="10000" extractCount="10000" duration="7705348000"/>
			<Sample nodeCount="83" insertCount="10000" extractCount="10000" duration="7846206000"/>
			<Sample nodeCount="84" insertCount="10000" extractCount="10000" duration="7918100000"/>
			<Sample nodeCount="85" insertCount="10000" extractCount="10000" duration="8019325000"/>
			<Sample nodeCount="86" insertCount="10000" extractCount="10000" duration="8094341000"/>
			<Sample nodeCount="87" insertCount="10000" extractCount="10000" duration="8295908000"/>
			<Sample nodeCount="88" insertCount="10000" extractCount="10000" duration="8367795000"/>
			<Sample nodeCount="89" insertCount="10000" extractCount="10000" duration="8469019000"/>
			<Sample nodeCount="90" insertCount="10000" extractCount="10000" duration="8544048000"/>
			<Sample nodeCount="91" insertCount="10000" extractCount="10000" duration="8688043000"/>
			<Sample nodeCount="92" insertCount="10000" extractCount="10000" duration="8763070000"/>
			<Sample nodeCount="93" insertCount="10000" extractCount="10000" duration="8867441000"/>
			<Sample nodeCount="94" insertCount="10000" extractCount="10000" duration="8945588000"/>
			<Sample nodeCount="95" insertCount="10000" extractCount="10000" duration="9255999000"/>
			<Sample nodeCount="96" insertCount="10000" extractCount="10000" duration="9324741000"/>
			<Sample nodeCount="97" insertCount="10000" extractCount="10000" duration="9422840000"/>
			<Sample nodeCount="98" insertCount="10000" extractCount="10000" duration="9494735000"/>
			<Sample nodeCount="99" insertCount="10000" extractCount="10000" duration="9635601000"/>
			<Sample nodeCount="100" insertCount="10000" extractCount="10000" duration="9707485000"/>
			<Sample nodeCount="101" insertCount="10000" extractCount="10000" duration="9808705000"/>
			<Sample nodeCount="102" insertCount="10000" extractCount="10000" duration="9883730000"/>
			<Sample nodeCount="103" insertCount="10000" extractCount="10000" duration="10085289000"/>
			<Sample nodeCount="104" insertCount="10000" extractCount="10000" duration="10157184000"/>
			<Sample nodeCount="105" insertCount="10000" extractCount="10000" duration="10258415000"/>
			<Sample nodeCount="106" insertCount="10000" extractCount="10000" duration="10333422000"/>
			<Sample nodeCount="107" insertCount="10000" extractCount="10000" duration="10477433000"/>
			<Sample nodeCount="108" insertCount="10000" extractCount="10000" duration="10552456000"/>
			<Sample nodeCount="109" insertCount="10000" extractCount="10000" duration="10656825000"/>
			<Sample nodeCount="110" insertCount="10000" extractCount="10000" duration="10734982000"/>
			<Sample nodeCount="111" insertCount="10000" extractCount="10000" duration="11033064000"/>
			<Sample nodeCount="112" insertCount="10000" extractCount="10000" duration="11104958000"/>
			<Sample nodeCount="113" insertCount="10000" extractCount="10000" duration="11206182000"/>
			<Sample nodeCount="114" insertCount="10000" extractCount="10000" duration="11281195000"/>
			<Sample nodeCount="115" insertCount="10000" extractCount="10000" duration="11425207000"/>
			<Sample nodeCount="116" insertCount="10000" extractCount="10000" duration="11500231000"/>
			<Sample nodeCount="117" insertCount="10000" extractCount="10000" duration="11604585000"/>
			<Sample nodeCount="118" insertCount="10000" extractCount="10000" duration="11682756000"/>
			<Sample nodeCount="119" insertCount="10000" extractCount="10000" duration="11887439000"/>
			<Sample nodeCount="120" insertCount="10000" extractCount="10000" duration="11962466000"/>
			<Sample nodeCount="121" insertCount="10000" extractCount="10000" duration="12066836000"/>
			<Sample nodeCount="122" insertCount="10000" extractCount="10000" duration="12144993000"/>
			<Sample nodeCount="123" insertCount="10000" extractCount="10000" duration="12292127000"/>
			<Sample nodeCount="124" insertCount="10000" extractCount="10000" duration="12370298000"/>
			<Sample nodeCount="125" insertCount="10000" extractCount="10000" duration="12477791000"/>
			<Sample nodeCount="126" insertCount="10000" extractCount="10000" duration="12559082000"/>
			<Sample nodeCount="127" insertCount="10000" extractCount="10000" duration="12893669000"/>
		</SmallSetLinear>
		<LargeSetLinear>
		</LargeSetLinear>
	</RBTest>
	<RBTest implementation="JFFS2" nodeSize="16">
		<SmallSetRandomOps>
			<Sample nodeCount="1" insertCount="62" extractCount="61" duration="269000"/>
			<Sample nodeCount="2" insertCount="123" extractCount="123" duration="564000"/>
			<Sample nodeCount="3" insertCount="186" extractCount="183" duration="953000"/>
			<Sample nodeCount="4" insertCount="247" extractCount="245" duration="1346000"/>
			<Sample nodeCount="5" insertCount="309" extractCount="306" duration="1887000"/>
			<Sample nodeCount="6" insertCount="370" extractCount="368" duration="2315000"/>
			<Sample nodeCount="7" insertCount="433" extractCount="428" duration="2788000"/>
			<Sample nodeCount="8" insertCount="493" extractCount="491" duration="3250000"/>
			<Sample nodeCount="9" insertCount="557" extractCount="550" duration="3753000"/>
			<Sample nodeCount="10" insertCount="619" extractCount="611" duration="4141000"/>
			<Sample nodeCount="11" insertCount="680" extractCount="673" duration="4685000"/>
			<Sample nodeCount="12" insertCount="740" extractCount="736" duration="5125000"/>
			<Sample nodeCount="13" insertCount="803" extractCount="796" duration="5655000"/>
			<Sample nodeCount="14" insertCount="864" extractCount="858" duration="6195000"/>
			<Sample nodeCount="15" insertCount="927" extractCount="918" duration="6572000"/>
			<Sample nodeCount="16" insertCount="988" extractCount="980" duration="7096000"/>
			<Sample nodeCount="17" insertCount="1050" extractCount="1041" duration="7685000"/>
			<Sample nodeCount="18" insertCount="1113" extractCount="1101" duration="8195000"/>
			<Sample nodeCount="19" insertCount="1172" extractCount="1165" duration="8732000"/>
			<Sample nodeCount="20" insertCount="1237" extractCount="1223" duration="9111000"/>
			<Sample nodeCount="21" insertCount="1296" extractCount="1287" duration="9678000"/>
			<Sample nodeCount="22" insertCount="1359" extractCount="1347" duration="10050000"/>
			<Sample nodeCount="23" insertCount="1419" extractCount="1410" duration="10615000"/>
			<Sample nodeCount="24" insertCount="1484" extractCount="1468" duration="11107000"/>
			<Sample nodeCount="25" insertCount="1544" extractCount="1531" duration="11581000"/>
			<Sample nodeCount="26" insertCount="1604" extractCount="1594" duration="12057000"/>
			<Sample nodeCount="27" insertCount="1668" extractCount="1653" duration="12544000"/>
			<Sample nodeCount="28" insertCount="1729" extractCount="1715" duration="13138000"/>
			<Sample nodeCount="29" insertCount="1790" extractCount="1777" duration="13578000"/>
			<Sample nodeCount="30" insertCount="1851" extractCount="1839" duration="14000000"/>
			<Sample nodeCount="31" insertCount="1914" extractCount="1899" duration="14544000"/>
			<Sample nodeCount="32" insertCount="1977" extractCount="1959" duration="15210000"/>
			<Sample nodeCount="33" insertCount="2041" extractCount="2018" duration="15753000"/>
			<Sample nodeCount="34" insertCount="2097" extractCount="2085" duration="16143000"/>
			<Sample nodeCount="35" insertCount="2160" extractCount="2145" duration="16789000"/>
			<Sample nodeCount="36" insertCount="2221" extractCount="2207" duration="17171000"/>
			<Sample nodeCount="37" insertCount="2285" extractCount="2266" duration="17761000"/>
			<Sample nodeCount="38" insertCount="2346" extractCount="2328" duration="18331000"/>
			<Sample nodeCount="39" insertCount="2408" extractCount="2389" duration="18835000"/>
			<Sample nodeCount="40" insertCount="2471" extractCount="2449" duration="19237000"/>
			<Sample nodeCount="41" insertCount="2531" extractCount="2512" duration="19833000"/>
			<Sample nodeCount="42" insertCount="2593" extractCount="2573" duration="20152000"/>
			<Sample nodeCount="43" insertCount="2656" extractCount="2633" duration="20974000"/>
			<Sample nodeCount="44" insertCount="2717" extractCount="2695" duration="21313000"/>
			<Sample nodeCount="45" insertCount="2776" extractCount="2759" duration="21714000"/>
			<Sample nodeCount="46" insertCount="2840" extractCount="2818" duration="22256000"/>
			<Sample nodeCount="47" insertCount="2902" extractCount="2879" duration="22769000"/>
			<Sample nodeCount="48" insertCount="2966" extractCount="2938" duration="23545000"/>
			<Sample nodeCount="49" insertCount="3026" extractCount="3001" duration="23945000"/>
			<Sample nodeCount="50" insertCount="3084" extractCount="3066" duration="24611000"/>
			<Sample nodeCount="51" insertCount="3151" extractCount="3122" duration="25063000"/>
			<Sample nodeCount="52" insertCount="3209" extractCount="3187" duration="25469000"/>
			<Sample nodeCount="53" insertCount="3273" extractCount="3246" duration="26056000"/>
			<Sample nodeCount="54" insertCount="3337" extractCount="3305" duration="26760000"/>
			<Sample nodeCount="55" insertCount="3400" extractCount="3365" duration="27208000"/>
			<Sample nodeCount="56" insertCount="3458" extractCount="3430" duration="27719000"/>
			<Sample nodeCount="57" insertCount="3521" extractCount="3490" duration="28216000"/>
			<Sample nodeCount="58" insertCount="3580" extractCount="3554" duration="28505000"/>
			<Sample nodeCount="59" insertCount="3647" extractCount="3610" duration="29314000"/>
			<Sample nodeCount="60" insertCount="3706" extractCount="3674" duration="29599000"/>
			<Sample nodeCount="61" insertCount="3766" extractCount="3737" duration="30418000"/>
			<Sample nodeCount="62" insertCount="3828" extractCount="3798" duration="30589000"/>
			<Sample nodeCount="63" insertCount="3888" extractCount="3861" duration="31279000"/>
			<Sample nodeCount="64" insertCount="3952" extractCount="3920" duration="31700000"/>
			<Sample nodeCount="65" insertCount="4014" extractCount="3981" duration="32461000"/>
			<Sample nodeCount="66" insertCount="4077" extractCount="4041" duration="32882000"/>
			<Sample nodeCount="67" insertCount="4136" extractCount="4105" duration="33638000"/>
			<Sample nodeCount="68" insertCount="4200" extractCount="4164" duration="33848000"/>
			<Sample nodeCount="69" insertCount="4263" extractCount="4224" duration="34356000"/>
			<Sample nodeCount="70" insertCount="4325" extractCount="4285" duration="35282000"/>
			<Sample nodeCount="71" insertCount="4381" extractCount="4352" duration="35459000"/>
			<Sample nodeCount="72" insertCount="4448" extractCount="4408" duration="35866000"/>
			<Sample nodeCount="73" insertCount="4507" extractCount="4472" duration="36493000"/>
			<Sample nodeCount="74" insertCount="4571" extractCount="4531" duration="37162000"/>
			<Sample nodeCount="75" insertCount="4631" extractCount="4594" duration="37847000"/>
			<Sample nodeCount="76" insertCount="4693" extractCount="4655" duration="38217000"/>
			<Sample nodeCount="77" insertCount="4755" extractCount="4716" duration="38766000"/>
			<Sample nodeCount="78" insertCount="4817" extractCount="4777" duration="39272000"/>
			<Sample nodeCount="79" insertCount="4877" extractCount="4840" duration="39975000"/>
			<Sample nodeCount="80" insertCount="4942" extractCount="4898" duration="40100000"/>
			<Sample nodeCount="81" insertCount="5002" extractCount="4961" duration="40804000"/>
			<Sample nodeCount="82" insertCount="5063" extractCount="5023" duration="41228000"/>
			<Sample nodeCount="83" insertCount="5124" extractCount="5085" duration="42136000"/>
			<Sample nodeCount="84" insertCount="5187" extractCount="5145" duration="42493000"/>
			<Sample nodeCount="85" insertCount="5250" extractCount="5205" duration="43112000"/>
			<Sample nodeCount="86" insertCount="5314" extractCount="5264" duration="43737000"/>
			<Sample nodeCount="87" insertCount="5374" extractCount="5327" duration="44202000"/>
			<Sample nodeCount="88" insertCount="5432" extractCount="5392" duration="44875000"/>
			<Sample nodeCount="89" insertCount="5490" extractCount="5457" duration="45085000"/>
			<Sample nodeCount="90" insertCount="5559" extractCount="5511" duration="45514000"/>
			<Sample nodeCount="91" insertCount="5621" extractCount="5572" duration="46169000"/>
			<Sample nodeCount="92" insertCount="5680" extractCount="5636" duration="46769000"/>
			<Sample nodeCount="93" insertCount="5740" extractCount="5699" duration="47336000"/>
			<Sample nodeCount="94" insertCount="5803" extractCount="5759" duration="47740000"/>
			<Sample nodeCount="95" insertCount="5862" extractCount="5823" duration="48649000"/>
			<Sample nodeCount="96" insertCount="5929" extractCount="5879" duration="48862000"/>
			<Sample nodeCount="97" insertCount="5993" extractCount="5938" duration="49309000"/>
			<Sample nodeCount="98" insertCount="6055" extractCount="5999" duration="49967000"/>
			<Sample nodeCount="99" insertCount="6113" extractCount="6064" duration="50779000"/>
			<Sample nodeCount="100" insertCount="6172" extractCount="6128" duration="51209000"/>
			<Sample nodeCount="101" insertCount="6238" extractCount="6185" duration="51841000"/>
			<Sample nodeCount="102" insertCount="6299" extractCount="6247" duration="52157000"/>
			<Sample nodeCount="103" insertCount="6363" extractCount="6306" duration="52949000"/>
			<Sample nodeCount="104" insertCount="6426" extractCount="6366" duration="53362000"/>
			<Sample nodeCount="105" insertCount="6481" extractCount="6434" duration="53989000"/>
			<Sample nodeCount="106" insertCount="6544" extractCount="6494" duration="54806000"/>
			<Sample nodeCount="107" insertCount="6607" extractCount="6554" duration="54569000"/>
			<Sample nodeCount="108" insertCount="6669" extractCount="6615" duration="55523000"/>
			<Sample nodeCount="109" insertCount="6732" extractCount="6675" duration="56065000"/>
			<Sample nodeCount="110" insertCount="6794" extractCount="6736" duration="56353000"/>
			<Sample nodeCount="111" insertCount="6852" extractCount="6801" duration="57055000"/>
			<Sample nodeCount="112" insertCount="6918" extractCount="6858" duration="57973000"/>
			<Sample nodeCount="113" insertCount="6981" extractCount="6918" duration="58520000"/>
			<Sample nodeCount="114" insertCount="7041" extractCount="6981" duration="58856000"/>
			<Sample nodeCount="115" insertCount="7103" extractCount="7042" duration="59320000"/>
			<Sample nodeCount="116" insertCount="7164" extractCount="7104" duration="59852000"/>
			<Sample nodeCount="117" insertCount="7225" extractCount="7166" duration="60863000"/>
			<Sample nodeCount="118" insertCount="7291" extractCount="7223" duration="61071000"/>
			<Sample nodeCount="119" insertCount="7350" extractCount="7287" duration="61649000"/>
			<Sample nodeCount="120" insertCount="7410" extractCount="7350" duration="61952000"/>
			<Sample nodeCount="121" insertCount="7471" extractCount="7412" duration="62790000"/>
			<Sample nodeCount="122" insertCount="7537" extractCount="7469" duration="62753000"/>
			<Sample nodeCount="123" insertCount="7593" extractCount="7536" duration="63862000"/>
			<Sample nodeCount="124" insertCount="7658" extractCount="7594" duration="64307000"/>
			<Sample nodeCount="125" insertCount="7718" extractCount="7657" duration="64947000"/>
			<Sample nodeCount="126" insertCount="7781" extractCount="7717" duration="65048000"/>
			<Sample nodeCount="127" insertCount="7840" extractCount="7781" duration="66144000"/>
		</SmallSetRandomOps>
		<LargeSetRandomOps>
		</LargeSetRandomOps>
		<SmallSetLinear>
			<Sample nodeCount="1" insertCount="10000" extractCount="10000" duration="17699000"/>
			<Sample nodeCount="2" insertCount="10000" extractCount="10000" duration="38970000"/>
			<Sample nodeCount="3" insertCount="10000" extractCount="10000" duration="73233000"/>
			<Sample nodeCount="4" insertCount="10000" extractCount="10000" duration="129896000"/>
			<Sample nodeCount="5" insertCount="10000" extractCount="10000" duration="172673000"/>
			<Sample nodeCount="6" insertCount="10000" extractCount="10000" duration="218806000"/>
			<Sample nodeCount="7" insertCount="10000" extractCount="10000" duration="264043000"/>
			<Sample nodeCount="8" insertCount="10000" extractCount="10000" duration="321372000"/>
			<Sample nodeCount="9" insertCount="10000" extractCount="10000" duration="366610000"/>
			<Sample nodeCount="10" insertCount="10000" extractCount="10000" duration="450825000"/>
			<Sample nodeCount="11" insertCount="10000" extractCount="10000" duration="498525000"/>
			<Sample nodeCount="12" insertCount="10000" extractCount="10000" duration="565935000"/>
			<Sample nodeCount="13" insertCount="10000" extractCount="10000" duration="613637000"/>
			<Sample nodeCount="14" insertCount="10000" extractCount="10000" duration="686870000"/>
			<Sample nodeCount="15" insertCount="10000" extractCount="10000" duration="737034000"/>
			<Sample nodeCount="16" insertCount="10000" extractCount="10000" duration="806908000"/>
			<Sample nodeCount="17" insertCount="10000" extractCount="10000" duration="857073000"/>
			<Sample nodeCount="18" insertCount="10000" extractCount="10000" duration="941499000"/>
			<Sample nodeCount="19" insertCount="10000" extractCount="10000" duration="991671000"/>
			<Sample nodeCount="20" insertCount="10000" extractCount="10000" duration="1061546000"/>
			<Sample nodeCount="21" insertCount="10000" extractCount="10000" duration="1111710000"/>
			<Sample nodeCount="22" insertCount="10000" extractCount="10000" duration="1223012000"/>
			<Sample nodeCount="23" insertCount="10000" extractCount="10000" duration="1275636000"/>
			<Sample nodeCount="24" insertCount="10000" extractCount="10000" duration="1347981000"/>
			<Sample nodeCount="25" insertCount="10000" extractCount="10000" duration="1400611000"/>
			<Sample nodeCount="26" insertCount="10000" extractCount="10000" duration="1495116000"/>
			<Sample nodeCount="27" insertCount="10000" extractCount="10000" duration="1547747000"/>
			<Sample nodeCount="28" insertCount="10000" extractCount="10000" duration="1620084000"/>
			<Sample nodeCount="29" insertCount="10000" extractCount="10000" duration="1672715000"/>
			<Sample nodeCount="30" insertCount="10000" extractCount="10000" duration="1773041000"/>
			<Sample nodeCount="31" insertCount="10000" extractCount="10000" duration="1828135000"/>
			<Sample nodeCount="32" insertCount="10000" extractCount="10000" duration="1902937000"/>
			<Sample nodeCount="33" insertCount="10000" extractCount="10000" duration="1958028000"/>
			<Sample nodeCount="34" insertCount="10000" extractCount="10000" duration="2055001000"/>
			<Sample nodeCount="35" insertCount="10000" extractCount="10000" duration="2110096000"/>
			<Sample nodeCount="36" insertCount="10000" extractCount="10000" duration="2184895000"/>
			<Sample nodeCount="37" insertCount="10000" extractCount="10000" duration="2239986000"/>
			<Sample nodeCount="38" insertCount="10000" extractCount="10000" duration="2351519000"/>
			<Sample nodeCount="39" insertCount="10000" extractCount="10000" duration="2406611000"/>
			<Sample nodeCount="40" insertCount="10000" extractCount="10000" duration="2481404000"/>
			<Sample nodeCount="41" insertCount="10000" extractCount="10000" duration="2536506000"/>
			<Sample nodeCount="42" insertCount="10000" extractCount="10000" duration="2633468000"/>
			<Sample nodeCount="43" insertCount="10000" extractCount="10000" duration="2688571000"/>
			<Sample nodeCount="44" insertCount="10000" extractCount="10000" duration="2763364000"/>
			<Sample nodeCount="45" insertCount="10000" extractCount="10000" duration="2818465000"/>
			<Sample nodeCount="46" insertCount="10000" extractCount="10000" duration="2956865000"/>
			<Sample nodeCount="47" insertCount="10000" extractCount="10000" duration="3014417000"/>
			<Sample nodeCount="48" insertCount="10000" extractCount="10000" duration="3091685000"/>
			<Sample nodeCount="49" insertCount="10000" extractCount="10000" duration="3149238000"/>
			<Sample nodeCount="50" insertCount="10000" extractCount="10000" duration="3248673000"/>
			<Sample nodeCount="51" insertCount="10000" extractCount="10000" duration="3306229000"/>
			<Sample nodeCount="52" insertCount="10000" extractCount="10000" duration="3383499000"/>
			<Sample nodeCount="53" insertCount="10000" extractCount="10000" duration="3441051000"/>
			<Sample nodeCount="54" insertCount="10000" extractCount="10000" duration="3562662000"/>
			<Sample nodeCount="55" insertCount="10000" extractCount="10000" duration="3620211000"/>
			<Sample nodeCount="56" insertCount="10000" extractCount="10000" duration="3697481000"/>
			<Sample nodeCount="57" insertCount="10000" extractCount="10000" duration="3755033000"/>
			<Sample nodeCount="58" insertCount="10000" extractCount="10000" duration="3854474000"/>
			<Sample nodeCount="59" insertCount="10000" extractCount="10000" duration="3912026000"/>
			<Sample nodeCount="60" insertCount="10000" extractCount="10000" duration="3989288000"/>
			<Sample nodeCount="61" insertCount="10000" extractCount="10000" duration="4046849000"/>
			<Sample nodeCount="62" insertCount="10000" extractCount="10000" duration="4174281000"/>
			<Sample nodeCount="63" insertCount="10000" extractCount="10000" duration="4234295000"/>
			<Sample nodeCount="64" insertCount="10000" extractCount="10000" duration="4314021000"/>
			<Sample nodeCount="65" insertCount="10000" extractCount="10000" duration="4374041000"/>
			<Sample nodeCount="66" insertCount="10000" extractCount="10000" duration="4475942000"/>
			<Sample nodeCount="67" insertCount="10000" extractCount="10000" duration="4535959000"/>
			<Sample nodeCount="68" insertCount="10000" extractCount="10000" duration="4615689000"/>
			<Sample nodeCount="69" insertCount="10000" extractCount="10000" duration="4675712000"/>
			<Sample nodeCount="70" insertCount="10000" extractCount="10000" duration="4799784000"/>
			<Sample nodeCount="71" insertCount="10000" extractCount="10000" duration="4859791000"/>
			<Sample nodeCount="72" insertCount="10000" extractCount="10000" duration="4939520000"/>
			<Sample nodeCount="73" insertCount="10000" extractCount="10000" duration="4999548000"/>
			<Sample nodeCount="74" insertCount="10000" extractCount="10000" duration="5101443000"/>
			<Sample nodeCount="75" insertCount="10000" extractCount="10000" duration="5161467000"/>
			<Sample nodeCount="76" insertCount="10000" extractCount="10000" duration="5241191000"/>
			<Sample nodeCount="77" insertCount="10000" extractCount="10000" duration="5301211000"/>
			<Sample nodeCount="78" insertCount="10000" extractCount="10000" duration="5439840000"/>
			<Sample nodeCount="79" insertCount="10000" extractCount="10000" duration="5499857000"/>
			<Sample nodeCount="80" insertCount="10000" extractCount="10000" duration="5579588000"/>
			<Sample nodeCount="81" insertCount="10000" extractCount="10000" duration="5639602000"/>
			<Sample nodeCount="82" insertCount="10000" extractCount="10000" duration="5741507000"/>
			<Sample nodeCount="83" insertCount="10000" extractCount="10000" duration="5801527000"/>
			<Sample nodeCount="84" insertCount="10000" extractCount="10000" duration="5881247000"/>
			<Sample nodeCount="85" insertCount="10000" extractCount="10000" duration="5941268000"/>
			<Sample nodeCount="86" insertCount="10000" extractCount="10000" duration="6065347000"/>
			<Sample nodeCount="87" insertCount="10000" extractCount="10000" duration="6125361000"/>
			<Sample nodeCount="88" insertCount="10000" extractCount="10000" duration="6205091000"/>
			<Sample nodeCount="89" insertCount="10000" extractCount="10000" duration="6265108000"/>
			<Sample nodeCount="90" insertCount="10000" extractCount="10000" duration="6367004000"/>
			<Sample nodeCount="91" insertCount="10000" extractCount="10000" duration="6427025000"/>
			<Sample nodeCount="92" insertCount="10000" extractCount="10000" duration="6506747000"/>
			<Sample nodeCount="93" insertCount="10000" extractCount="10000" duration="6566764000"/>
			<Sample nodeCount="94" insertCount="10000" extractCount="10000" duration="6732276000"/>
			<Sample nodeCount="95" insertCount="10000" extractCount="10000" duration="6794754000"/>
			<Sample nodeCount="96" insertCount="10000" extractCount="10000" duration="6876949000"/>
			<Sample nodeCount="97" insertCount="10000" extractCount="10000" duration="6939432000"/>
			<Sample nodeCount="98" insertCount="10000" extractCount="10000" duration="7043801000"/>
			<Sample nodeCount="99" insertCount="10000" extractCount="10000" duration="7106275000"/>
			<Sample nodeCount="100" insertCount="10000" extractCount="10000" duration="7188474000"/>
			<Sample nodeCount="101" insertCount="10000" extractCount="10000" duration="7250950000"/>
			<Sample nodeCount="102" insertCount="10000" extractCount="10000" duration="7377490000"/>
			<Sample nodeCount="103" insertCount="10000" extractCount="10000" duration="7439970000"/>
			<Sample nodeCount="104" insertCount="10000" extractCount="10000" duration="7522156000"/>
			<Sample nodeCount="105" insertCount="10000" extractCount="10000" duration="7584645000"/>
			<Sample nodeCount="106" insertCount="10000" extractCount="10000" duration="7689010000"/>
			<Sample nodeCount="107" insertCount="10000" extractCount="10000" duration="7751487000"/>
			<Sample nodeCount="108" insertCount="10000" extractCount="10000" duration="7833681000"/>
			<Sample nodeCount="109" insertCount="10000" extractCount="10000" duration="7896168000"/>
			<Sample nodeCount="110" insertCount="10000" extractCount="10000" duration="8044868000"/>
			<Sample nodeCount="111" insertCount="10000" extractCount="10000" duration="8107359000"/>
			<Sample nodeCount="112" insertCount="10000" extractCount="10000" duration="8189548000"/>
			<Sample nodeCount="113" insertCount="10000" extractCount="10000" duration="8252027000"/>
			<Sample nodeCount="114" insertCount="10000" extractCount="10000" duration="8356395000"/>
			<Sample nodeCount="115" insertCount="10000" extractCount="10000" duration="8418873000"/>
			<Sample nodeCount="116" insertCount="10000" extractCount="10000" duration="8501059000"/>
			<Sample nodeCount="117" insertCount="10000" extractCount="10000" duration="8563543000"/>
			<Sample nodeCount="118" insertCount="10000" extractCount="10000" duration="8690078000"/>
			<Sample nodeCount="119" insertCount="10000" extractCount="10000" duration="8752562000"/>
			<Sample nodeCount="120" insertCount="10000" extractCount="10000" duration="8834752000"/>
			<Sample nodeCount="121" insertCount="10000" extractCount="10000" duration="8897234000"/>
			<Sample nodeCount="122" insertCount="10000" extractCount="10000" duration="9001591000"/>
			<Sample nodeCount="123" insertCount="10000" extractCount="10000" duration="9064083000"/>
			<Sample nodeCount="124" insertCount="10000" extractCount="10000" duration="9146272000"/>
			<Sample nodeCount="125" insertCount="10000" extractCount="10000" duration="9208754000"/>
			<Sample nodeCount="126" insertCount="10000" extractCount="10000" duration="9363284000"/>
			<Sample nodeCount="127" insertCount="10000" extractCount="10000" duration="9428229000"/>
		</SmallSetLinear>
		<LargeSetLinear>
		</LargeSetLinear>
	</RBTest>
	<RBTest implementation="BSD" nodeSize="16">
		<SmallSetRandomOps>
			<Sample nodeCount="1" insertCount="62" extractCount="61" duration="258000"/>
			<Sample nodeCount="2" insertCount="123" extractCount="123" duration="550000"/>
			<Sample nodeCount="3" insertCount="186" extractCount="183" duration="931000"/>
			<Sample nodeCount="4" insertCount="247" extractCount="245" duration="1328000"/>
			<Sample nodeCount="5" insertCount="309" extractCount="306" duration="1832000"/>
			<Sample nodeCount="6" insertCount="370" extractCount="368" duration="2291000"/>
			<Sample nodeCount="7" insertCount="433" extractCount="428" duration="2753000"/>
			<Sample nodeCount="8" insertCount="493" extractCount="491" duration="3214000"/>
			<Sample nodeCount="9" insertCount="557" extractCount="550" duration="3716000"/>
			<Sample nodeCount="10" insertCount="619" extractCount="611" duration="4151000"/>
			<Sample nodeCount="11" insertCount="680" extractCount="673" duration="4607000"/>
			<Sample nodeCount="12" insertCount="740" extractCount="736" duration="5025000"/>
			<Sample nodeCount="13" insertCount="803" extractCount="796" duration="5599000"/>
			<Sample nodeCount="14" insertCount="864" extractCount="858" duration="6126000"/>
			<Sample nodeCount="15" insertCount="927" extractCount="918" duration="6533000"/>
			<Sample nodeCount="16" insertCount="988" extractCount="980" duration="7058000"/>
			<Sample nodeCount="17" insertCount="1050" extractCount="1041" duration="7661000"/>
			<Sample nodeCount="18" insertCount="1113" extractCount="1101" duration="8085000"/>
			<Sample nodeCount="19" insertCount="1172" extractCount="1165" duration="8687000"/>
			<Sample nodeCount="20" insertCount="1237" extractCount="1223" duration="9165000"/>
			<Sample nodeCount="21" insertCount="1296" extractCount="1287" duration="9649000"/>
			<Sample nodeCount="22" insertCount="1359" extractCount="1347" duration="10047000"/>
			<Sample nodeCount="23" insertCount="1419" extractCount="1410" duration="10540000"/>
			<Sample nodeCount="24" insertCount="1484" extractCount="1468" duration="11127000"/>
			<Sample nodeCount="25" insertCount="1544" extractCount="1531" duration="11609000"/>
			<Sample nodeCount="26" insertCount="1604" extractCount="1594" duration="12022000"/>
			<Sample nodeCount="27" insertCount="1668" extractCount="1653" duration="12535000"/>
			<Sample nodeCount="28" insertCount="1729" extractCount="1715" duration="13227000"/>
			<Sample nodeCount="29" insertCount="1790" extractCount="1777" duration="13739000"/>
			<Sample nodeCount="30" insertCount="1851" extractCount="1839" duration="13967000"/>
			<Sample nodeCount="31" insertCount="1914" extractCount="1899" duration="14785000"/>
			<Sample nodeCount="32" insertCount="1977" extractCount="1959" duration="15247000"/>
			<Sample nodeCount="33" insertCount="2041" extractCount="2018" duration="15666000"/>
			<Sample nodeCount="34" insertCount="2097" extractCount="2085" duration="16128000"/>
			<Sample nodeCount="35" insertCount="2160" extractCount="2145" duration="16734000"/>
			<Sample nodeCount="36" insertCount="2221" extractCount="2207" duration="17250000"/>
			<Sample nodeCount="37" insertCount="2285" extractCount="2266" duration="17871000"/>
			<Sample nodeCount="38" insertCount="2346" extractCount="2328" duration="18240000"/>
			<Sample nodeCount="39" insertCount="2408" extractCount="2389" duration="18718000"/>
			<Sample nodeCount="40" insertCount="2471" extractCount="2449" duration="19397000"/>
			<Sample nodeCount="41" insertCount="2531" extractCount="2512" duration="19711000"/>
			<Sample nodeCount="42" insertCount="2593" extractCount="2573" duration="20303000"/>
			<Sample nodeCount="43" insertCount="2656" extractCount="2633" duration="20973000"/>
			<Sample nodeCount="44" insertCount="2717" extractCount="2695" duration="21386000"/>
			<Sample nodeCount="45" insertCount="2776" extractCount="2759" duration="21762000"/>
			<Sample nodeCount="46" insertCount="2840" extractCount="2818" duration="22142000"/>
			<Sample nodeCount="47" insertCount="2902" extractCount="2879" duration="23247000"/>
			<Sample nodeCount="48" insertCount="2966" extractCount="2938" duration="23366000"/>
			<Sample nodeCount="49" insertCount="3026" extractCount="3001" duration="24170000"/>
			<Sample nodeCount="50" insertCount="3084" extractCount="3066" duration="24693000"/>
			<Sample nodeCount="51" insertCount="3151" extractCount="3122" duration="25054000"/>
			<Sample nodeCount="52" insertCount="3209" extractCount="3187" duration="25807000"/>
			<Sample nodeCount="53" insertCount="3273" extractCount="3246" duration="26365000"/>
			<Sample nodeCount="54" insertCount="3337" extractCount="3305" duration="26812000"/>
			<Sample nodeCount="55" insertCount="3400" extractCount="3365" duration="27296000"/>
			<Sample nodeCount="56" insertCount="3458" extractCount="3430" duration="27847000"/>
			<Sample nodeCount="57" insertCount="3521" extractCount="3490" duration="28575000"/>
			<Sample nodeCount="58" insertCount="3580" extractCount="3554" duration="28795000"/>
			<Sample nodeCount="59" insertCount="3647" extractCount="3610" duration="29370000"/>
			<Sample nodeCount="60" insertCount="3706" extractCount="3674" duration="29694000"/>
			<Sample nodeCount="61" insertCount="3766" extractCount="3737" duration="30332000"/>
			<Sample nodeCount="62" insertCount="3828" extractCount="3798" duration="30822000"/>
			<Sample nodeCount="63" insertCount="3888" extractCount="3861" duration="31330000"/>
			<Sample nodeCount="64" insertCount="3952" extractCount="3920" duration="31980000"/>
			<Sample nodeCount="65" insertCount="4014" extractCount="3981" duration="32658000"/>
			<Sample nodeCount="66" insertCount="4077" extractCount="4041" duration="33229000"/>
			<Sample nodeCount="67" insertCount="4136" extractCount="4105" duration="33520000"/>
			<Sample nodeCount="68" insertCount="4200" extractCount="4164" duration="34090000"/>
			<Sample nodeCount="69" insertCount="4263" extractCount="4224" duration="34696000"/>
			<Sample nodeCount="70" insertCount="4325" extractCount="4285" duration="35175000"/>
			<Sample nodeCount="71" insertCount="4381" extractCount="4352" duration="35968000"/>
			<Sample nodeCount="72" insertCount="4448" extractCount="4408" duration="36293000"/>
			<Sample nodeCount="73" insertCount="4507" extractCount="4472" duration="36954000"/>
			<Sample nodeCount="74" insertCount="4571" extractCount="4531" duration="37181000"/>
			<Sample nodeCount="75" insertCount="4631" extractCount="4594" duration="37876000"/>
			<Sample nodeCount="76" insertCount="4693" extractCount="4655" duration="38377000"/>
			<Sample nodeCount="77" insertCount="4755" extractCount="4716" duration="38955000"/>
			<Sample nodeCount="78" insertCount="4817" extractCount="4777" duration="39694000"/>
			<Sample nodeCount="79" insertCount="4877" extractCount="4840" duration="40039000"/>
			<Sample nodeCount="80" insertCount="4942" extractCount="4898" duration="40712000"/>
			<Sample nodeCount="81" insertCount="5002" extractCount="4961" duration="41009000"/>
			<Sample nodeCount="82" insertCount="5063" extractCount="5023" duration="41573000"/>
			<Sample nodeCount="83" insertCount="5124" extractCount="5085" duration="42375000"/>
			<Sample nodeCount="84" insertCount="5187" extractCount="5145" duration="43010000"/>
			<Sample nodeCount="85" insertCount="5250" extractCount="5205" duration="43303000"/>
			<Sample nodeCount="86" insertCount="5314" extractCount="5264" duration="44005000"/>
			<Sample nodeCount="87" insertCount="5374" extractCount="5327" duration="44801000"/>
			<Sample nodeCount="88" insertCount="5432" extractCount="5392" duration="44953000"/>
			<Sample nodeCount="89" insertCount="5490" extractCount="5457" duration="45670000"/>
			<Sample nodeCount="90" insertCount="5559" extractCount="5511" duration="45987000"/>
			<Sample nodeCount="91" insertCount="5621" extractCount="5572" duration="46436000"/>
			<Sample nodeCount="92" insertCount="5680" extractCount="5636" duration="47172000"/>
			<Sample nodeCount="93" insertCount="5740" extractCount="5699" duration="47879000"/>
			<Sample nodeCount="94" insertCount="5803" extractCount="5759" duration="48058000"/>
			<Sample nodeCount="95" insertCount="5862" extractCount="5823" duration="48909000"/>
			<Sample nodeCount="96" insertCount="5929" extractCount="5879" duration="49523000"/>
			<Sample nodeCount="97" insertCount="5993" extractCount="5938" duration="50223000"/>
			<Sample nodeCount="98" insertCount="6055" extractCount="5999" duration="50510000"/>
			<Sample nodeCount="99" insertCount="6113" extractCount="6064" duration="51443000"/>
			<Sample nodeCount="100" insertCount="6172" extractCount="6128" duration="51474000"/>
			<Sample nodeCount="101" insertCount="6238" extractCount="6185" duration="52307000"/>
			<Sample nodeCount="102" insertCount="6299" extractCount="6247" duration="52555000"/>
			<Sample nodeCount="103" insertCount="6363" extractCount="6306" duration="53404000"/>
			<Sample nodeCount="104" insertCount="6426" extractCount="6366" duration="53928000"/>
			<Sample nodeCount="105" insertCount="6481" extractCount="6434" duration="54488000"/>
			<Sample nodeCount="106" insertCount="6544" extractCount="6494" duration="54917000"/>
			<Sample nodeCount="107" insertCount="6607" extractCount="6554" duration="55428000"/>
			<Sample nodeCount="108" insertCount="6669" extractCount="6615" duration="55846000"/>
			<Sample nodeCount="109" insertCount="6732" extractCount="6675" duration="56561000"/>
			<Sample nodeCount="110" insertCount="6794" extractCount="6736" duration="56978000"/>
			<Sample nodeCount="111" insertCount="6852" extractCount="6801" duration="57774000"/>
			<Sample nodeCount="112" insertCount="6918" extractCount="6858" duration="58162000"/>
			<Sample nodeCount="113" insertCount="6981" extractCount="6918" duration="58930000"/>
			<Sample nodeCount="114" insertCount="7041" extractCount="6981" duration="59474000"/>
			<Sample nodeCount="115" insertCount="7103" extractCount="7042" duration="60143000"/>
			<Sample nodeCount="116" insertCount="7164" extractCount="7104" duration="60795000"/>
			<Sample nodeCount="117" insertCount="7225" extractCount="7166" duration="61421000"/>
			<Sample nodeCount="118" insertCount="7291" extractCount="7223" duration="61560000"/>
			<Sample nodeCount="119" insertCount="7350" extractCount="7287" duration="62506000"/>
			<Sample nodeCount="120" insertCount="7410" extractCount="7350" duration="62714000"/>
			<Sample nodeCount="121" insertCount="7471" extractCount="7412" duration="63549000"/>
			<Sample nodeCount="122" insertCount="7537" extractCount="7469" duration="63638000"/>
			<Sample nodeCount="123" insertCount="7593" extractCount="7536" duration="64494000"/>
			<Sample nodeCount="124" insertCount="7658" extractCount="7594" duration="64799000"/>
			<Sample nodeCount="125" insertCount="7718" extractCount="7657" duration="65385000"/>
			<Sample nodeCount="126" insertCount="7781" extractCount="7717" duration="65751000"/>
			<Sample nodeCount="127" insertCount="7840" extractCount="7781" duration="66686000"/>
		</SmallSetRandomOps>
		<LargeSetRandomOps>
		</LargeSetRandomOps>
		<SmallSetLinear>
			<Sample nodeCount="1" insertCount="10000" extractCount="10000" duration="16350000"/>
			<Sample nodeCount="2" insertCount="10000" extractCount="10000" duration="38972000"/>
			<Sample nodeCount="3" insertCount="10000" extractCount="10000" duration="73679000"/>
			<Sample nodeCount="4" insertCount="10000" extractCount="10000" duration="129445000"/>
			<Sample nodeCount="5" insertCount="10000" extractCount="10000" duration="173341000"/>
			<Sample nodeCount="6" insertCount="10000" extractCount="10000" duration="222393000"/>
			<Sample nodeCount="7" insertCount="10000" extractCount="10000" duration="268971000"/>
			<Sample nodeCount="8" insertCount="10000" extractCount="10000" duration="328538000"/>
			<Sample nodeCount="9" insertCount="10000" extractCount="10000" duration="375126000"/>
			<Sample nodeCount="10" insertCount="10000" extractCount="10000" duration="458210000"/>
			<Sample nodeCount="11" insertCount="10000" extractCount="10000" duration="507487000"/>
			<Sample nodeCount="12" insertCount="10000" extractCount="10000" duration="579598000"/>
			<Sample nodeCount="13" insertCount="10000" extractCount="10000" duration="628864000"/>
			<Sample nodeCount="14" insertCount="10000" extractCount="10000" duration="705239000"/>
			<Sample nodeCount="15" insertCount="10000" extractCount="10000" duration="757197000"/>
			<Sample nodeCount="16" insertCount="10000" extractCount="10000" duration="831990000"/>
			<Sample nodeCount="17" insertCount="10000" extractCount="10000" duration="883947000"/>
			<Sample nodeCount="18" insertCount="10000" extractCount="10000" duration="970842000"/>
			<Sample nodeCount="19" insertCount="10000" extractCount="10000" duration="1022800000"/>
			<Sample nodeCount="20" insertCount="10000" extractCount="10000" duration="1097602000"/>
			<Sample nodeCount="21" insertCount="10000" extractCount="10000" duration="1149554000"/>
			<Sample nodeCount="22" insertCount="10000" extractCount="10000" duration="1259965000"/>
			<Sample nodeCount="23" insertCount="10000" extractCount="10000" duration="1314605000"/>
			<Sample nodeCount="24" insertCount="10000" extractCount="10000" duration="1392097000"/>
			<Sample nodeCount="25" insertCount="10000" extractCount="10000" duration="1446742000"/>
			<Sample nodeCount="26" insertCount="10000" extractCount="10000" duration="1546175000"/>
			<Sample nodeCount="27" insertCount="10000" extractCount="10000" duration="1600818000"/>
			<Sample nodeCount="28" insertCount="10000" extractCount="10000" duration="1678314000"/>
			<Sample nodeCount="29" insertCount="10000" extractCount="10000" duration="1732958000"/>
			<Sample nodeCount="30" insertCount="10000" extractCount="10000" duration="1836638000"/>
			<Sample nodeCount="31" insertCount="10000" extractCount="10000" duration="1893976000"/>
			<Sample nodeCount="32" insertCount="10000" extractCount="10000" duration="1974150000"/>
			<Sample nodeCount="33" insertCount="10000" extractCount="10000" duration="2031477000"/>
			<Sample nodeCount="34" insertCount="10000" extractCount="10000" duration="2133608000"/>
			<Sample nodeCount="35" insertCount="10000" extractCount="10000" duration="2190939000"/>
			<Sample nodeCount="36" insertCount="10000" extractCount="10000" duration="2271111000"/>
			<Sample nodeCount="37" insertCount="10000" extractCount="10000" duration="2328443000"/>
			<Sample nodeCount="38" insertCount="10000" extractCount="10000" duration="2442662000"/>
			<Sample nodeCount="39" insertCount="10000" extractCount="10000" duration="2500007000"/>
			<Sample nodeCount="40" insertCount="10000" extractCount="10000" duration="2580168000"/>
			<Sample nodeCount="41" insertCount="10000" extractCount="10000" duration="2637506000"/>
			<Sample nodeCount="42" insertCount="10000" extractCount="10000" duration="2739628000"/>
			<Sample nodeCount="43" insertCount="10000" extractCount="10000" duration="2796951000"/>
			<Sample nodeCount="44" insertCount="10000" extractCount="10000" duration="2877128000"/>
			<Sample nodeCount="45" insertCount="10000" extractCount="10000" duration="2934460000"/>
			<Sample nodeCount="46" insertCount="10000" extractCount="10000" duration="3072200000"/>
			<Sample nodeCount="47" insertCount="10000" extractCount="10000" duration="3132214000"/>
			<Sample nodeCount="48" insertCount="10000" extractCount="10000" duration="3215077000"/>
			<Sample nodeCount="49" insertCount="10000" extractCount="10000" duration="3275096000"/>
			<Sample nodeCount="50" insertCount="10000" extractCount="10000" duration="3379903000"/>
			<Sample nodeCount="51" insertCount="10000" extractCount="10000" duration="3439923000"/>
			<Sample nodeCount="52" insertCount="10000" extractCount="10000" duration="3522790000"/>
			<Sample nodeCount="53" insertCount="10000" extractCount="10000" duration="3582810000"/>
			<Sample nodeCount="54" insertCount="10000" extractCount="10000" duration="3709559000"/>
			<Sample nodeCount="55" insertCount="10000" extractCount="10000" duration="3769588000"/>
			<Sample nodeCount="56" insertCount="10000" extractCount="10000" duration="3852451000"/>
			<Sample nodeCount="57" insertCount="10000" extractCount="10000" duration="3912462000"/>
			<Sample nodeCount="58" insertCount="10000" extractCount="10000" duration="4017273000"/>
			<Sample nodeCount="59" insertCount="10000" extractCount="10000" duration="4077300000"/>
			<Sample nodeCount="60" insertCount="10000" extractCount="10000" duration="4160156000"/>
			<Sample nodeCount="61" insertCount="10000" extractCount="10000" duration="4220185000"/>
			<Sample nodeCount="62" insertCount="10000" extractCount="10000" duration="4351187000"/>
			<Sample nodeCount="63" insertCount="10000" extractCount="10000" duration="4413888000"/>
			<Sample nodeCount="64" insertCount="10000" extractCount="10000" duration="4499443000"/>
			<Sample nodeCount="65" insertCount="10000" extractCount="10000" duration="4562154000"/>
			<Sample nodeCount="66" insertCount="10000" extractCount="10000" duration="4669654000"/>
			<Sample nodeCount="67" insertCount="10000" extractCount="10000" duration="4732355000"/>
			<Sample nodeCount="68" insertCount="10000" extractCount="10000" duration="4817914000"/>
			<Sample nodeCount="69" insertCount="10000" extractCount="10000" duration="4880622000"/>
			<Sample nodeCount="70" insertCount="10000" extractCount="10000" duration="5010057000"/>
			<Sample nodeCount="71" insertCount="10000" extractCount="10000" duration="5072773000"/>
			<Sample nodeCount="72" insertCount="10000" extractCount="10000" duration="5158316000"/>
			<Sample nodeCount="73" insertCount="10000" extractCount="10000" duration="5221026000"/>
			<Sample nodeCount="74" insertCount="10000" extractCount="10000" duration="5328518000"/>
			<Sample nodeCount="75" insertCount="10000" extractCount="10000" duration="5391229000"/>
			<Sample nodeCount="76" insertCount="10000" extractCount="10000" duration="5476784000"/>
			<Sample nodeCount="77" insertCount="10000" extractCount="10000" duration="5539495000"/>
			<Sample nodeCount="78" insertCount="10000" extractCount="10000" duration="5681026000"/>
			<Sample nodeCount="79" insertCount="10000" extractCount="10000" duration="5743737000"/>
			<Sample nodeCount="80" insertCount="10000" extractCount="10000" duration="5829277000"/>
			<Sample nodeCount="81" insertCount="10000" extractCount="10000" duration="5891989000"/>
			<Sample nodeCount="82" insertCount="10000" extractCount="10000" duration="5999489000"/>
			<Sample nodeCount="83" insertCount="10000" extractCount="10000" duration="6062186000"/>
			<Sample nodeCount="84" insertCount="10000" extractCount="10000" duration="6147741000"/>
			<Sample nodeCount="85" insertCount="10000" extractCount="10000" duration="6210448000"/>
			<Sample nodeCount="86" insertCount="10000" extractCount="10000" duration="6339892000"/>
			<Sample nodeCount="87" insertCount="10000" extractCount="10000" duration="6402609000"/>
			<Sample nodeCount="88" insertCount="10000" extractCount="10000" duration="6488153000"/>
			<Sample nodeCount="89" insertCount="10000" extractCount="10000" duration="6550859000"/>
			<Sample nodeCount="90" insertCount="10000" extractCount="10000" duration="6658354000"/>
			<Sample nodeCount="91" insertCount="10000" extractCount="10000" duration="6721060000"/>
			<Sample nodeCount="92" insertCount="10000" extractCount="10000" duration="6806605000"/>
			<Sample nodeCount="93" insertCount="10000" extractCount="10000" duration="6869321000"/>
			<Sample nodeCount="94" insertCount="10000" extractCount="10000" duration="7034368000"/>
			<Sample nodeCount="95" insertCount="10000" extractCount="10000" duration="7099769000"/>
			<Sample nodeCount="96" insertCount="10000" extractCount="10000" duration="7188009000"/>
			<Sample nodeCount="97" insertCount="10000" extractCount="10000" duration="7253403000"/>
			<Sample nodeCount="98" insertCount="10000" extractCount="10000" duration="7363582000"/>
			<Sample nodeCount="99" insertCount="10000" extractCount="10000" duration="7428980000"/>
			<Sample nodeCount="100" insertCount="10000" extractCount="10000" duration="7517222000"/>
			<Sample nodeCount="101" insertCount="10000" extractCount="10000" duration="7582611000"/>
			<Sample nodeCount="102" insertCount="10000" extractCount="10000" duration="7714740000"/>
			<Sample nodeCount="103" insertCount="10000" extractCount="10000" duration="7780137000"/>
			<Sample nodeCount="104" insertCount="10000" extractCount="10000" duration="7868369000"/>
			<Sample nodeCount="105" insertCount="10000" extractCount="10000" duration="7933776000"/>
			<Sample nodeCount="106" insertCount="10000" extractCount="10000" duration="8043956000"/>
			<Sample nodeCount="107" insertCount="10000" extractCount="10000" duration="8109348000"/>
			<Sample nodeCount="108" insertCount="10000" extractCount="10000" duration="8197581000"/>
			<Sample nodeCount="109" insertCount="10000" extractCount="10000" duration="8262982000"/>
			<Sample nodeCount="110" insertCount="10000" extractCount="10000" duration="8417062000"/>
			<Sample nodeCount="111" insertCount="10000" extractCount="10000" duration="8482463000"/>
			<Sample nodeCount="112" insertCount="10000" extractCount="10000" duration="8570691000"/>
			<Sample nodeCount="113" insertCount="10000" extractCount="10000" duration="8636085000"/>
			<Sample nodeCount="114" insertCount="10000" extractCount="10000" duration="8746269000"/>
			<Sample nodeCount="115" insertCount="10000" extractCount="10000" duration="8811667000"/>
			<Sample nodeCount="116" insertCount="10000" extractCount="10000" duration="8899896000"/>
			<Sample nodeCount="117" insertCount="10000" extractCount="10000" duration="8965302000"/>
			<Sample nodeCount="118" insertCount="10000" extractCount="10000" duration="9097430000"/>
			<Sample nodeCount="119" insertCount="10000" extractCount="10000" duration="9162818000"/>
			<Sample nodeCount="120" insertCount="10000" extractCount="10000" duration="9251067000"/>
			<Sample nodeCount="121" insertCount="10000" extractCount="10000" duration="9316450000"/>
			<Sample nodeCount="122" insertCount="10000" extractCount="10000" duration="9426644000"/>
			<Sample nodeCount="123" insertCount="10000" extractCount="10000" duration="9492034000"/>
			<Sample nodeCount="124" insertCount="10000" extractCount="10000" duration="9580272000"/>
			<Sample nodeCount="125" insertCount="10000" extractCount="10000" duration="9645663000"/>
			<Sample nodeCount="126" insertCount="10000" extractCount="10000" duration="9804002000"/>
			<Sample nodeCount="127" insertCount="10000" extractCount="10000" duration="9872081000"/>
		</SmallSetLinear>
		<LargeSetLinear>
		</LargeSetLinear>
	</RBTest>
	<RBTest implementation="RB Old" nodeSize="16">
		<SmallSetRandomOps>
			<Sample nodeCount="1" insertCount="62" extractCount="61" duration="275000"/>
			<Sample nodeCount="2" insertCount="123" extractCount="123" duration="601000"/>
			<Sample nodeCount="3" insertCount="186" extractCount="183" duration="1021000"/>
			<Sample nodeCount="4" insertCount="247" extractCount="245" duration="1455000"/>
			<Sample nodeCount="5" insertCount="309" extractCount="306" duration="2036000"/>
			<Sample nodeCount="6" insertCount="370" extractCount="368" duration="2493000"/>
			<Sample nodeCount="7" insertCount="433" extractCount="428" duration="3051000"/>
			<Sample nodeCount="8" insertCount="493" extractCount="491" duration="3560000"/>
			<Sample nodeCount="9" insertCount="557" extractCount="550" duration="4131000"/>
			<Sample nodeCount="10" insertCount="619" extractCount="611" duration="4582000"/>
			<Sample nodeCount="11" insertCount="680" extractCount="673" duration="5173000"/>
			<Sample nodeCount="12" insertCount="740" extractCount="736" duration="5689000"/>
			<Sample nodeCount="13" insertCount="803" extractCount="796" duration="6268000"/>
			<Sample nodeCount="14" insertCount="864" extractCount="858" duration="6840000"/>
			<Sample nodeCount="15" insertCount="927" extractCount="918" duration="7299000"/>
			<Sample nodeCount="16" insertCount="988" extractCount="980" duration="7863000"/>
			<Sample nodeCount="17" insertCount="1050" extractCount="1041" duration="8514000"/>
			<Sample nodeCount="18" insertCount="1113" extractCount="1101" duration="9096000"/>
			<Sample nodeCount="19" insertCount="1172" extractCount="1165" duration="9670000"/>
			<Sample nodeCount="20" insertCount="1237" extractCount="1223" duration="10139000"/>
			<Sample nodeCount="21" insertCount="1296" extractCount="1287" duration="10756000"/>
			<Sample nodeCount="22" insertCount="1359" extractCount="1347" duration="11200000"/>
			<Sample nodeCount="23" insertCount="1419" extractCount="1410" duration="11823000"/>
			<Sample nodeCount="24" insertCount="1484" extractCount="1468" duration="12405000"/>
			<Sample nodeCount="25" insertCount="1544" extractCount="1531" duration="12939000"/>
			<Sample nodeCount="26" insertCount="1604" extractCount="1594" duration="13491000"/>
			<Sample nodeCount="27" insertCount="1668" extractCount="1653" duration="14065000"/>
			<Sample nodeCount="28" insertCount="1729" extractCount="1715" duration="14695000"/>
			<Sample nodeCount="29" insertCount="1790" extractCount="1777" duration="15212000"/>
			<Sample nodeCount="30" insertCount="1851" extractCount="1839" duration="15710000"/>
			<Sample nodeCount="31" insertCount="1914" extractCount="1899" duration="16348000"/>
			<Sample nodeCount="32" insertCount="1977" extractCount="1959" duration="17072000"/>
			<Sample nodeCount="33" insertCount="2041" extractCount="2018" duration="17675000"/>
			<Sample nodeCount="34" insertCount="2097" extractCount="2085" duration="18151000"/>
			<Sample nodeCount="35" insertCount="2160" extractCount="2145" duration="18898000"/>
			<Sample nodeCount="36" insertCount="2221" extractCount="2207" duration="19355000"/>
			<Sample nodeCount="37" insertCount="2285" extractCount="2266" duration="19986000"/>
			<Sample nodeCount="38" insertCount="2346" extractCount="2328" duration="20613000"/>
			<Sample nodeCount="39" insertCount="2408" extractCount="2389" duration="21185000"/>
			<Sample nodeCount="40" insertCount="2471" extractCount="2449" duration="21649000"/>
			<Sample nodeCount="41" insertCount="2531" extractCount="2512" duration="22340000"/>
			<Sample nodeCount="42" insertCount="2593" extractCount="2573" duration="22774000"/>
			<Sample nodeCount="43" insertCount="2656" extractCount="2633" duration="23673000"/>
			<Sample nodeCount="44" insertCount="2717" extractCount="2695" duration="24087000"/>
			<Sample nodeCount="45" insertCount="2776" extractCount="2759" duration="24531000"/>
			<Sample nodeCount="46" insertCount="2840" extractCount="2818" duration="25123000"/>
			<Sample nodeCount="47" insertCount="2902" extractCount="2879" duration="25720000"/>
			<Sample nodeCount="48" insertCount="2966" extractCount="2938" duration="26565000"/>
			<Sample nodeCount="49" insertCount="3026" extractCount="3001" duration="27058000"/>
			<Sample nodeCount="50" insertCount="3084" extractCount="3066" duration="27765000"/>
			<Sample nodeCount="51" insertCount="3151" extractCount="3122" duration="28265000"/>
			<Sample nodeCount="52" insertCount="3209" extractCount="3187" duration="28767000"/>
			<Sample nodeCount="53" insertCount="3273" extractCount="3246" duration="29455000"/>
			<Sample nodeCount="54" insertCount="3337" extractCount="3305" duration="30260000"/>
			<Sample nodeCount="55" insertCount="3400" extractCount="3365" duration="30776000"/>
			<Sample nodeCount="56" insertCount="3458" extractCount="3430" duration="31327000"/>
			<Sample nodeCount="57" insertCount="3521" extractCount="3490" duration="31885000"/>
			<Sample nodeCount="58" insertCount="3580" extractCount="3554" duration="32315000"/>
			<Sample nodeCount="59" insertCount="3647" extractCount="3610" duration="33223000"/>
			<Sample nodeCount="60" insertCount="3706" extractCount="3674" duration="33555000"/>
			<Sample nodeCount="61" insertCount="3766" extractCount="3737" duration="34439000"/>
			<Sample nodeCount="62" insertCount="3828" extractCount="3798" duration="34766000"/>
			<Sample nodeCount="63" insertCount="3888" extractCount="3861" duration="35505000"/>
			<Sample nodeCount="64" insertCount="3952" extractCount="3920" duration="36025000"/>
			<Sample nodeCount="65" insertCount="4014" extractCount="3981" duration="36833000"/>
			<Sample nodeCount="66" insertCount="4077" extractCount="4041" duration="37353000"/>
			<Sample nodeCount="67" insertCount="4136" extractCount="4105" duration="38229000"/>
			<Sample nodeCount="68" insertCount="4200" extractCount="4164" duration="38508000"/>
			<Sample nodeCount="69" insertCount="4263" extractCount="4224" duration="39117000"/>
			<Sample nodeCount="70" insertCount="4325" extractCount="4285" duration="40100000"/>
			<Sample nodeCount="71" insertCount="4381" extractCount="4352" duration="40336000"/>
			<Sample nodeCount="72" insertCount="4448" extractCount="4408" duration="40901000"/>
			<Sample nodeCount="73" insertCount="4507" extractCount="4472" duration="41553000"/>
			<Sample nodeCount="74" insertCount="4571" extractCount="4531" duration="42207000"/>
			<Sample nodeCount="75" insertCount="4631" extractCount="4594" duration="43055000"/>
			<Sample nodeCount="76" insertCount="4693" extractCount="4655" duration="43536000"/>
			<Sample nodeCount="77" insertCount="4755" extractCount="4716" duration="44157000"/>
			<Sample nodeCount="78" insertCount="4817" extractCount="4777" duration="44734000"/>
			<Sample nodeCount="79" insertCount="4877" extractCount="4840" duration="45497000"/>
			<Sample nodeCount="80" insertCount="4942" extractCount="4898" duration="45747000"/>
			<Sample nodeCount="81" insertCount="5002" extractCount="4961" duration="46566000"/>
			<Sample nodeCount="82" insertCount="5063" extractCount="5023" duration="47091000"/>
			<Sample nodeCount="83" insertCount="5124" extractCount="5085" duration="48064000"/>
			<Sample nodeCount="84" insertCount="5187" extractCount="5145" duration="48508000"/>
			<Sample nodeCount="85" insertCount="5250" extractCount="5205" duration="49186000"/>
			<Sample nodeCount="86" insertCount="5314" extractCount="5264" duration="49883000"/>
			<Sample nodeCount="87" insertCount="5374" extractCount="5327" duration="50459000"/>
			<Sample nodeCount="88" insertCount="5432" extractCount="5392" duration="51279000"/>
			<Sample nodeCount="89" insertCount="5490" extractCount="5457" duration="51538000"/>
			<Sample nodeCount="90" insertCount="5559" extractCount="5511" duration="51987000"/>
			<Sample nodeCount="91" insertCount="5621" extractCount="5572" duration="52747000"/>
			<Sample nodeCount="92" insertCount="5680" extractCount="5636" duration="53451000"/>
			<Sample nodeCount="93" insertCount="5740" extractCount="5699" duration="54122000"/>
			<Sample nodeCount="94" insertCount="5803" extractCount="5759" duration="54634000"/>
			<Sample nodeCount="95" insertCount="5862" extractCount="5823" duration="55592000"/>
			<Sample nodeCount="96" insertCount="5929" extractCount="5879" duration="55999000"/>
			<Sample nodeCount="97" insertCount="5993" extractCount="5938" duration="56522000"/>
			<Sample nodeCount="98" insertCount="6055" extractCount="5999" duration="57125000"/>
			<Sample nodeCount="99" insertCount="6113" extractCount="6064" duration="58125000"/>
			<Sample nodeCount="100" insertCount="6172" extractCount="6128" duration="58694000"/>
			<Sample nodeCount="101" insertCount="6238" extractCount="6185" duration="59268000"/>
			<Sample nodeCount="102" insertCount="6299" extractCount="6247" duration="59772000"/>
			<Sample nodeCount="103" insertCount="6363" extractCount="6306" duration="60631000"/>
			<Sample nodeCount="104" insertCount="6426" extractCount="6366" duration="61028000"/>
			<Sample nodeCount="105" insertCount="6481" extractCount="6434" duration="61845000"/>
			<Sample nodeCount="106" insertCount="6544" extractCount="6494" duration="62724000"/>
			<Sample nodeCount="107" insertCount="6607" extractCount="6554" duration="62577000"/>
			<Sample nodeCount="108" insertCount="6669" extractCount="6615" duration="63721000"/>
			<Sample nodeCount="109" insertCount="6732" extractCount="6675" duration="64312000"/>
			<Sample nodeCount="110" insertCount="6794" extractCount="6736" duration="64697000"/>
			<Sample nodeCount="111" insertCount="6852" extractCount="6801" duration="65475000"/>
			<Sample nodeCount="112" insertCount="6918" extractCount="6858" duration="66398000"/>
			<Sample nodeCount="113" insertCount="6981" extractCount="6918" duration="67024000"/>
			<Sample nodeCount="114" insertCount="7041" extractCount="6981" duration="67509000"/>
			<Sample nodeCount="115" insertCount="7103" extractCount="7042" duration="68059000"/>
			<Sample nodeCount="116" insertCount="7164" extractCount="7104" duration="68665000"/>
			<Sample nodeCount="117" insertCount="7225" extractCount="7166" duration="69773000"/>
			<Sample nodeCount="118" insertCount="7291" extractCount="7223" duration="70088000"/>
			<Sample nodeCount="119" insertCount="7350" extractCount="7287" duration="70818000"/>
			<Sample nodeCount="120" insertCount="7410" extractCount="7350" duration="71147000"/>
			<Sample nodeCount="121" insertCount="7471" extractCount="7412" duration="72099000"/>
			<Sample nodeCount="122" insertCount="7537" extractCount="7469" duration="72132000"/>
			<Sample nodeCount="123" insertCount="7593" extractCount="7536" duration="73270000"/>
			<Sample nodeCount="124" insertCount="7658" extractCount="7594" duration="73856000"/>
			<Sample nodeCount="125" insertCount="7718" extractCount="7657" duration="74609000"/>
			<Sample nodeCount="126" insertCount="7781" extractCount="7717" duration="74735000"/>
			<Sample nodeCount="127" insertCount="7840" extractCount="7781" duration="75960000"/>
		</SmallSetRandomOps>
		<LargeSetRandomOps>
		</LargeSetRandomOps>
		<SmallSetLinear>
			<Sample nodeCount="1" insertCount="10000" extractCount="10000" duration="19484000"/>
			<Sample nodeCount="2" insertCount="10000" extractCount="10000" duration="45470000"/>
			<Sample nodeCount="3" insertCount="10000" extractCount="10000" duration="90254000"/>
			<Sample nodeCount="4" insertCount="10000" extractCount="10000" duration="154757000"/>
			<Sample nodeCount="5" insertCount="10000" extractCount="10000" duration="209850000"/>
			<Sample nodeCount="6" insertCount="10000" extractCount="10000" duration="273226000"/>
			<Sample nodeCount="7" insertCount="10000" extractCount="10000" duration="333245000"/>
			<Sample nodeCount="8" insertCount="10000" extractCount="10000" duration="408721000"/>
			<Sample nodeCount="9" insertCount="10000" extractCount="10000" duration="468732000"/>
			<Sample nodeCount="10" insertCount="10000" extractCount="10000" duration="558095000"/>
			<Sample nodeCount="11" insertCount="10000" extractCount="10000" duration="623040000"/>
			<Sample nodeCount="12" insertCount="10000" extractCount="10000" duration="713966000"/>
			<Sample nodeCount="13" insertCount="10000" extractCount="10000" duration="778913000"/>
			<Sample nodeCount="14" insertCount="10000" extractCount="10000" duration="870062000"/>
			<Sample nodeCount="15" insertCount="10000" extractCount="10000" duration="939934000"/>
			<Sample nodeCount="16" insertCount="10000" extractCount="10000" duration="1035788000"/>
			<Sample nodeCount="17" insertCount="10000" extractCount="10000" duration="1105660000"/>
			<Sample nodeCount="18" insertCount="10000" extractCount="10000" duration="1208904000"/>
			<Sample nodeCount="19" insertCount="10000" extractCount="10000" duration="1278780000"/>
			<Sample nodeCount="20" insertCount="10000" extractCount="10000" duration="1374623000"/>
			<Sample nodeCount="21" insertCount="10000" extractCount="10000" duration="1444507000"/>
			<Sample nodeCount="22" insertCount="10000" extractCount="10000" duration="1561633000"/>
			<Sample nodeCount="23" insertCount="10000" extractCount="10000" duration="1636425000"/>
			<Sample nodeCount="24" insertCount="10000" extractCount="10000" duration="1737203000"/>
			<Sample nodeCount="25" insertCount="10000" extractCount="10000" duration="1812011000"/>
			<Sample nodeCount="26" insertCount="10000" extractCount="10000" duration="1930703000"/>
			<Sample nodeCount="27" insertCount="10000" extractCount="10000" duration="2005505000"/>
			<Sample nodeCount="28" insertCount="10000" extractCount="10000" duration="2106278000"/>
			<Sample nodeCount="29" insertCount="10000" extractCount="10000" duration="2181082000"/>
			<Sample nodeCount="30" insertCount="10000" extractCount="10000" duration="2300006000"/>
			<Sample nodeCount="31" insertCount="10000" extractCount="10000" duration="2379731000"/>
			<Sample nodeCount="32" insertCount="10000" extractCount="10000" duration="2485441000"/>
			<Sample nodeCount="33" insertCount="10000" extractCount="10000" duration="2565161000"/>
			<Sample nodeCount="34" insertCount="10000" extractCount="10000" duration="2688788000"/>
			<Sample nodeCount="35" insertCount="10000" extractCount="10000" duration="2768509000"/>
			<Sample nodeCount="36" insertCount="10000" extractCount="10000" duration="2874214000"/>
			<Sample nodeCount="37" insertCount="10000" extractCount="10000" duration="2953944000"/>
			<Sample nodeCount="38" insertCount="10000" extractCount="10000" duration="3084957000"/>
			<Sample nodeCount="39" insertCount="10000" extractCount="10000" duration="3164687000"/>
			<Sample nodeCount="40" insertCount="10000" extractCount="10000" duration="3270391000"/>
			<Sample nodeCount="41" insertCount="10000" extractCount="10000" duration="3350118000"/>
			<Sample nodeCount="42" insertCount="10000" extractCount="10000" duration="3473742000"/>
			<Sample nodeCount="43" insertCount="10000" extractCount="10000" duration="3553464000"/>
			<Sample nodeCount="44" insertCount="10000" extractCount="10000" duration="3659174000"/>
			<Sample nodeCount="45" insertCount="10000" extractCount="10000" duration="3738902000"/>
			<Sample nodeCount="46" insertCount="10000" extractCount="10000" duration="3883801000"/>
			<Sample nodeCount="47" insertCount="10000" extractCount="10000" duration="3968459000"/>
			<Sample nodeCount="48" insertCount="10000" extractCount="10000" duration="4079084000"/>
			<Sample nodeCount="49" insertCount="10000" extractCount="10000" duration="4163742000"/>
			<Sample nodeCount="50" insertCount="10000" extractCount="10000" duration="4292285000"/>
			<Sample nodeCount="51" insertCount="10000" extractCount="10000" duration="4376939000"/>
			<Sample nodeCount="52" insertCount="10000" extractCount="10000" duration="4487578000"/>
			<Sample nodeCount="53" insertCount="10000" extractCount="10000" duration="4572227000"/>
			<Sample nodeCount="54" insertCount="10000" extractCount="10000" duration="4718696000"/>
			<Sample nodeCount="55" insertCount="10000" extractCount="10000" duration="4803344000"/>
			<Sample nodeCount="56" insertCount="10000" extractCount="10000" duration="4913982000"/>
			<Sample nodeCount="57" insertCount="10000" extractCount="10000" duration="4998646000"/>
			<Sample nodeCount="58" insertCount="10000" extractCount="10000" duration="5127184000"/>
			<Sample nodeCount="59" insertCount="10000" extractCount="10000" duration="5211844000"/>
			<Sample nodeCount="60" insertCount="10000" extractCount="10000" duration="5322469000"/>
			<Sample nodeCount="61" insertCount="10000" extractCount="10000" duration="5407126000"/>
			<Sample nodeCount="62" insertCount="10000" extractCount="10000" duration="5553815000"/>
			<Sample nodeCount="63" insertCount="10000" extractCount="10000" duration="5643392000"/>
			<Sample nodeCount="64" insertCount="10000" extractCount="10000" duration="5758946000"/>
			<Sample nodeCount="65" insertCount="10000" extractCount="10000" duration="5848543000"/>
			<Sample nodeCount="66" insertCount="10000" extractCount="10000" duration="5982014000"/>
			<Sample nodeCount="67" insertCount="10000" extractCount="10000" duration="6071598000"/>
			<Sample nodeCount="68" insertCount="10000" extractCount="10000" duration="6187165000"/>
			<Sample nodeCount="69" insertCount="10000" extractCount="10000" duration="6276728000"/>
			<Sample nodeCount="70" insertCount="10000" extractCount="10000" duration="6428131000"/>
			<Sample nodeCount="71" insertCount="10000" extractCount="10000" duration="6517708000"/>
			<Sample nodeCount="72" insertCount="10000" extractCount="10000" duration="6633268000"/>
			<Sample nodeCount="73" insertCount="10000" extractCount="10000" duration="6722860000"/>
			<Sample nodeCount="74" insertCount="10000" extractCount="10000" duration="6856323000"/>
			<Sample nodeCount="75" insertCount="10000" extractCount="10000" duration="6945910000"/>
			<Sample nodeCount="76" insertCount="10000" extractCount="10000" duration="7061458000"/>
			<Sample nodeCount="77" insertCount="10000" extractCount="10000" duration="7151043000"/>
			<Sample nodeCount="78" insertCount="10000" extractCount="10000" duration="7309831000"/>
			<Sample nodeCount="79" insertCount="10000" extractCount="10000" duration="7399406000"/>
			<Sample nodeCount="80" insertCount="10000" extractCount="10000" duration="7514966000"/>
			<Sample nodeCount="81" insertCount="10000" extractCount="10000" duration="7604560000"/>
			<Sample nodeCount="82" insertCount="10000" extractCount="10000" duration="7738034000"/>
			<Sample nodeCount="83" insertCount="10000" extractCount="10000" duration="7827604000"/>
			<Sample nodeCount="84" insertCount="10000" extractCount="10000" duration="7943167000"/>
			<Sample nodeCount="85" insertCount="10000" extractCount="10000" duration="8032736000"/>
			<Sample nodeCount="86" insertCount="10000" extractCount="10000" duration="8184140000"/>
			<Sample nodeCount="87" insertCount="10000" extractCount="10000" duration="8273724000"/>
			<Sample nodeCount="88" insertCount="10000" extractCount="10000" duration="8389274000"/>
			<Sample nodeCount="89" insertCount="10000" extractCount="10000" duration="8478872000"/>
			<Sample nodeCount="90" insertCount="10000" extractCount="10000" duration="8612338000"/>
			<Sample nodeCount="91" insertCount="10000" extractCount="10000" duration="8701927000"/>
			<Sample nodeCount="92" insertCount="10000" extractCount="10000" duration="8817487000"/>
			<Sample nodeCount="93" insertCount="10000" extractCount="10000" duration="8907070000"/>
			<Sample nodeCount="94" insertCount="10000" extractCount="10000" duration="9079737000"/>
			<Sample nodeCount="95" insertCount="10000" extractCount="10000" duration="9174238000"/>
			<Sample nodeCount="96" insertCount="10000" extractCount="10000" duration="9294728000"/>
			<Sample nodeCount="97" insertCount="10000" extractCount="10000" duration="9389234000"/>
			<Sample nodeCount="98" insertCount="10000" extractCount="10000" duration="9527640000"/>
			<Sample nodeCount="99" insertCount="10000" extractCount="10000" duration="9622145000"/>
			<Sample nodeCount="100" insertCount="10000" extractCount="10000" duration="9742633000"/>
			<Sample nodeCount="101" insertCount="10000" extractCount="10000" duration="9837125000"/>
			<Sample nodeCount="102" insertCount="10000" extractCount="10000" duration="9993453000"/>
			<Sample nodeCount="103" insertCount="10000" extractCount="10000" duration="10087967000"/>
			<Sample nodeCount="104" insertCount="10000" extractCount="10000" duration="10208447000"/>
			<Sample nodeCount="105" insertCount="10000" extractCount="10000" duration="10302955000"/>
			<Sample nodeCount="106" insertCount="10000" extractCount="10000" duration="10441347000"/>
			<Sample nodeCount="107" insertCount="10000" extractCount="10000" duration="10535876000"/>
			<Sample nodeCount="108" insertCount="10000" extractCount="10000" duration="10656371000"/>
			<Sample nodeCount="109" insertCount="10000" extractCount="10000" duration="10750865000"/>
			<Sample nodeCount="110" insertCount="10000" extractCount="10000" duration="10925111000"/>
			<Sample nodeCount="111" insertCount="10000" extractCount="10000" duration="11019607000"/>
			<Sample nodeCount="112" insertCount="10000" extractCount="10000" duration="11140082000"/>
			<Sample nodeCount="113" insertCount="10000" extractCount="10000" duration="11234585000"/>
			<Sample nodeCount="114" insertCount="10000" extractCount="10000" duration="11373011000"/>
			<Sample nodeCount="115" insertCount="10000" extractCount="10000" duration="11467512000"/>
			<Sample nodeCount="116" insertCount="10000" extractCount="10000" duration="11587998000"/>
			<Sample nodeCount="117" insertCount="10000" extractCount="10000" duration="11682516000"/>
			<Sample nodeCount="118" insertCount="10000" extractCount="10000" duration="11838831000"/>
			<Sample nodeCount="119" insertCount="10000" extractCount="10000" duration="11933345000"/>
			<Sample nodeCount="120" insertCount="10000" extractCount="10000" duration="12053829000"/>
			<Sample nodeCount="121" insertCount="10000" extractCount="10000" duration="12148338000"/>
			<Sample nodeCount="122" insertCount="10000" extractCount="10000" duration="12286727000"/>
			<Sample nodeCount="123" insertCount="10000" extractCount="10000" duration="12381244000"/>
			<Sample nodeCount="124" insertCount="10000" extractCount="10000" duration="12501741000"/>
			<Sample nodeCount="125" insertCount="10000" extractCount="10000" duration="12596240000"/>
			<Sample nodeCount="126" insertCount="10000" extractCount="10000" duration="12770705000"/>
			<Sample nodeCount="127" insertCount="10000" extractCount="10000" duration="12870132000"/>
		</SmallSetLinear>
		<LargeSetLinear>
		</LargeSetLinear>
	</RBTest>
	<RBTest implementation="Linux" nodeSize="12">
		<SmallSetRandomOps>
			<Sample nodeCount="1" insertCount="62" extractCount="61" duration="259000"/>
			<Sample nodeCount="2" insertCount="123" extractCount="123" duration="528000"/>
			<Sample nodeCount="3" insertCount="186" extractCount="183" duration="879000"/>
			<Sample nodeCount="4" insertCount="247" extractCount="245" duration="1233000"/>
			<Sample nodeCount="5" insertCount="309" extractCount="306" duration="1671000"/>
			<Sample nodeCount="6" insertCount="370" extractCount="368" duration="2041000"/>
			<Sample nodeCount="7" insertCount="433" extractCount="428" duration="2463000"/>
			<Sample nodeCount="8" insertCount="493" extractCount="491" duration="2842000"/>
			<Sample nodeCount="9" insertCount="557" extractCount="550" duration="3287000"/>
			<Sample nodeCount="10" insertCount="619" extractCount="611" duration="3635000"/>
			<Sample nodeCount="11" insertCount="680" extractCount="673" duration="4087000"/>
			<Sample nodeCount="12" insertCount="740" extractCount="736" duration="4486000"/>
			<Sample nodeCount="13" insertCount="803" extractCount="796" duration="4927000"/>
			<Sample nodeCount="14" insertCount="864" extractCount="858" duration="5349000"/>
			<Sample nodeCount="15" insertCount="927" extractCount="918" duration="5726000"/>
			<Sample nodeCount="16" insertCount="988" extractCount="980" duration="6168000"/>
			<Sample nodeCount="17" insertCount="1050" extractCount="1041" duration="6670000"/>
			<Sample nodeCount="18" insertCount="1113" extractCount="1101" duration="7115000"/>
			<Sample nodeCount="19" insertCount="1172" extractCount="1165" duration="7564000"/>
			<Sample nodeCount="20" insertCount="1237" extractCount="1223" duration="7924000"/>
			<Sample nodeCount="21" insertCount="1296" extractCount="1287" duration="8384000"/>
			<Sample nodeCount="22" insertCount="1359" extractCount="1347" duration="8731000"/>
			<Sample nodeCount="23" insertCount="1419" extractCount="1410" duration="9198000"/>
			<Sample nodeCount="24" insertCount="1484" extractCount="1468" duration="9645000"/>
			<Sample nodeCount="25" insertCount="1544" extractCount="1531" duration="10046000"/>
			<Sample nodeCount="26" insertCount="1604" extractCount="1594" duration="10448000"/>
			<Sample nodeCount="27" insertCount="1668" extractCount="1653" duration="10899000"/>
			<Sample nodeCount="28" insertCount="1729" extractCount="1715" duration="11389000"/>
			<Sample nodeCount="29" insertCount="1790" extractCount="1777" duration="11768000"/>
			<Sample nodeCount="30" insertCount="1851" extractCount="1839" duration="12163000"/>
			<Sample nodeCount="31" insertCount="1914" extractCount="1899" duration="12634000"/>
			<Sample nodeCount="32" insertCount="1977" extractCount="1959" duration="13167000"/>
			<Sample nodeCount="33" insertCount="2041" extractCount="2018" duration="13607000"/>
			<Sample nodeCount="34" insertCount="2097" extractCount="2085" duration="14007000"/>
			<Sample nodeCount="35" insertCount="2160" extractCount="2145" duration="14532000"/>
			<Sample nodeCount="36" insertCount="2221" extractCount="2207" duration="14927000"/>
			<Sample nodeCount="37" insertCount="2285" extractCount="2266" duration="15369000"/>
			<Sample nodeCount="38" insertCount="2346" extractCount="2328" duration="15852000"/>
			<Sample nodeCount="39" insertCount="2408" extractCount="2389" duration="16289000"/>
			<Sample nodeCount="40" insertCount="2471" extractCount="2449" duration="16656000"/>
			<Sample nodeCount="41" insertCount="2531" extractCount="2512" duration="17186000"/>
			<Sample nodeCount="42" insertCount="2593" extractCount="2573" duration="17497000"/>
			<Sample nodeCount="43" insertCount="2656" extractCount="2633" duration="18133000"/>
			<Sample nodeCount="44" insertCount="2717" extractCount="2695" duration="18502000"/>
			<Sample nodeCount="45" insertCount="2776" extractCount="2759" duration="18828000"/>
			<Sample nodeCount="46" insertCount="2840" extractCount="2818" duration="19301000"/>
			<Sample nodeCount="47" insertCount="2902" extractCount="2879" duration="19767000"/>
			<Sample nodeCount="48" insertCount="2966" extractCount="2938" duration="20337000"/>
			<Sample nodeCount="49" insertCount="3026" extractCount="3001" duration="20749000"/>
			<Sample nodeCount="50" insertCount="3084" extractCount="3066" duration="21267000"/>
			<Sample nodeCount="51" insertCount="3151" extractCount="3122" duration="21665000"/>
			<Sample nodeCount="52" insertCount="3209" extractCount="3187" duration="22054000"/>
			<Sample nodeCount="53" insertCount="3273" extractCount="3246" duration="22554000"/>
			<Sample nodeCount="54" insertCount="3337" extractCount="3305" duration="23141000"/>
			<Sample nodeCount="55" insertCount="3400" extractCount="3365" duration="23538000"/>
			<Sample nodeCount="56" insertCount="3458" extractCount="3430" duration="23991000"/>
			<Sample nodeCount="57" insertCount="3521" extractCount="3490" duration="24421000"/>
			<Sample nodeCount="58" insertCount="3580" extractCount="3554" duration="24704000"/>
			<Sample nodeCount="59" insertCount="3647" extractCount="3610" duration="25376000"/>
			<Sample nodeCount="60" insertCount="3706" extractCount="3674" duration="25642000"/>
			<Sample nodeCount="61" insertCount="3766" extractCount="3737" duration="26289000"/>
			<Sample nodeCount="62" insertCount="3828" extractCount="3798" duration="26533000"/>
			<Sample nodeCount="63" insertCount="3888" extractCount="3861" duration="27067000"/>
			<Sample nodeCount="64" insertCount="3952" extractCount="3920" duration="27471000"/>
			<Sample nodeCount="65" insertCount="4014" extractCount="3981" duration="28064000"/>
			<Sample nodeCount="66" insertCount="4077" extractCount="4041" duration="28471000"/>
			<Sample nodeCount="67" insertCount="4136" extractCount="4105" duration="29066000"/>
			<Sample nodeCount="68" insertCount="4200" extractCount="4164" duration="29350000"/>
			<Sample nodeCount="69" insertCount="4263" extractCount="4224" duration="29810000"/>
			<Sample nodeCount="70" insertCount="4325" extractCount="4285" duration="30480000"/>
			<Sample nodeCount="71" insertCount="4381" extractCount="4352" duration="30710000"/>
			<Sample nodeCount="72" insertCount="4448" extractCount="4408" duration="31153000"/>
			<Sample nodeCount="73" insertCount="4507" extractCount="4472" duration="31611000"/>
			<Sample nodeCount="74" insertCount="4571" extractCount="4531" duration="32131000"/>
			<Sample nodeCount="75" insertCount="4631" extractCount="4594" duration="32730000"/>
			<Sample nodeCount="76" insertCount="4693" extractCount="4655" duration="33084000"/>
			<Sample nodeCount="77" insertCount="4755" extractCount="4716" duration="33562000"/>
			<Sample nodeCount="78" insertCount="4817" extractCount="4777" duration="33999000"/>
			<Sample nodeCount="79" insertCount="4877" extractCount="4840" duration="34556000"/>
			<Sample nodeCount="80" insertCount="4942" extractCount="4898" duration="34770000"/>
			<Sample nodeCount="81" insertCount="5002" extractCount="4961" duration="35346000"/>
			<Sample nodeCount="82" insertCount="5063" extractCount="5023" duration="35732000"/>
			<Sample nodeCount="83" insertCount="5124" extractCount="5085" duration="36433000"/>
			<Sample nodeCount="84" insertCount="5187" extractCount="5145" duration="36805000"/>
			<Sample nodeCount="85" insertCount="5250" extractCount="5205" duration="37319000"/>
			<Sample nodeCount="86" insertCount="5314" extractCount="5264" duration="37845000"/>
			<Sample nodeCount="87" insertCount="5374" extractCount="5327" duration="38238000"/>
			<Sample nodeCount="88" insertCount="5432" extractCount="5392" duration="38856000"/>
			<Sample nodeCount="89" insertCount="5490" extractCount="5457" duration="39080000"/>
			<Sample nodeCount="90" insertCount="5559" extractCount="5511" duration="39438000"/>
			<Sample nodeCount="91" insertCount="5621" extractCount="5572" duration="39974000"/>
			<Sample nodeCount="92" insertCount="5680" extractCount="5636" duration="40464000"/>
			<Sample nodeCount="93" insertCount="5740" extractCount="5699" duration="40973000"/>
			<Sample nodeCount="94" insertCount="5803" extractCount="5759" duration="41378000"/>
			<Sample nodeCount="95" insertCount="5862" extractCount="5823" duration="42034000"/>
			<Sample nodeCount="96" insertCount="5929" extractCount="5879" duration="42378000"/>
			<Sample nodeCount="97" insertCount="5993" extractCount="5938" duration="42773000"/>
			<Sample nodeCount="98" insertCount="6055" extractCount="5999" duration="43267000"/>
			<Sample nodeCount="99" insertCount="6113" extractCount="6064" duration="43913000"/>
			<Sample nodeCount="100" insertCount="6172" extractCount="6128" duration="44397000"/>
			<Sample nodeCount="101" insertCount="6238" extractCount="6185" duration="44835000"/>
			<Sample nodeCount="102" insertCount="6299" extractCount="6247" duration="45198000"/>
			<Sample nodeCount="103" insertCount="6363" extractCount="6306" duration="45845000"/>
			<Sample nodeCount="104" insertCount="6426" extractCount="6366" duration="46171000"/>
			<Sample nodeCount="105" insertCount="6481" extractCount="6434" duration="46727000"/>
			<Sample nodeCount="106" insertCount="6544" extractCount="6494" duration="47351000"/>
			<Sample nodeCount="107" insertCount="6607" extractCount="6554" duration="47336000"/>
			<Sample nodeCount="108" insertCount="6669" extractCount="6615" duration="48105000"/>
			<Sample nodeCount="109" insertCount="6732" extractCount="6675" duration="48571000"/>
			<Sample nodeCount="110" insertCount="6794" extractCount="6736" duration="48887000"/>
			<Sample nodeCount="111" insertCount="6852" extractCount="6801" duration="49466000"/>
			<Sample nodeCount="112" insertCount="6918" extractCount="6858" duration="50113000"/>
			<Sample nodeCount="113" insertCount="6981" extractCount="6918" duration="50624000"/>
			<Sample nodeCount="114" insertCount="7041" extractCount="6981" duration="50947000"/>
			<Sample nodeCount="115" insertCount="7103" extractCount="7042" duration="51363000"/>
			<Sample nodeCount="116" insertCount="7164" extractCount="7104" duration="51838000"/>
			<Sample nodeCount="117" insertCount="7225" extractCount="7166" duration="52590000"/>
			<Sample nodeCount="118" insertCount="7291" extractCount="7223" duration="52895000"/>
			<Sample nodeCount="119" insertCount="7350" extractCount="7287" duration="53393000"/>
			<Sample nodeCount="120" insertCount="7410" extractCount="7350" duration="53645000"/>
			<Sample nodeCount="121" insertCount="7471" extractCount="7412" duration="54316000"/>
			<Sample nodeCount="122" insertCount="7537" extractCount="7469" duration="54439000"/>
			<Sample nodeCount="123" insertCount="7593" extractCount="7536" duration="55212000"/>
			<Sample nodeCount="124" insertCount="7658" extractCount="7594" duration="55636000"/>
			<Sample nodeCount="125" insertCount="7718" extractCount="7657" duration="56184000"/>
			<Sample nodeCount="126" insertCount="7781" extractCount="7717" duration="56357000"/>
			<Sample nodeCount="127" insertCount="7840" extractCount="7781" duration="57226000"/>
		</SmallSetRandomOps>
		<LargeSetRandomOps>
		</LargeSetRandomOps>
		<SmallSetLinear>
			<Sample nodeCount="1" insertCount="10000" extractCount="10000" duration="15906000"/>
			<Sample nodeCount="2" insertCount="10000" extractCount="10000" duration="33822000"/>
			<Sample nodeCount="3" insertCount="10000" extractCount="10000" duration="62714000"/>
			<Sample nodeCount="4" insertCount="10000" extractCount="10000" duration="107951000"/>
			<Sample nodeCount="5" insertCount="10000" extractCount="10000" duration="141991000"/>
			<Sample nodeCount="6" insertCount="10000" extractCount="10000" duration="183650000"/>
			<Sample nodeCount="7" insertCount="10000" extractCount="10000" duration="220159000"/>
			<Sample nodeCount="8" insertCount="10000" extractCount="10000" duration="269647000"/>
			<Sample nodeCount="9" insertCount="10000" extractCount="10000" duration="306148000"/>
			<Sample nodeCount="10" insertCount="10000" extractCount="10000" duration="377361000"/>
			<Sample nodeCount="11" insertCount="10000" extractCount="10000" duration="416333000"/>
			<Sample nodeCount="12" insertCount="10000" extractCount="10000" duration="474337000"/>
			<Sample nodeCount="13" insertCount="10000" extractCount="10000" duration="513305000"/>
			<Sample nodeCount="14" insertCount="10000" extractCount="10000" duration="579600000"/>
			<Sample nodeCount="15" insertCount="10000" extractCount="10000" duration="621028000"/>
			<Sample nodeCount="16" insertCount="10000" extractCount="10000" duration="681500000"/>
			<Sample nodeCount="17" insertCount="10000" extractCount="10000" duration="722920000"/>
			<Sample nodeCount="18" insertCount="10000" extractCount="10000" duration="797055000"/>
			<Sample nodeCount="19" insertCount="10000" extractCount="10000" duration="838485000"/>
			<Sample nodeCount="20" insertCount="10000" extractCount="10000" duration="898955000"/>
			<Sample nodeCount="21" insertCount="10000" extractCount="10000" duration="940382000"/>
			<Sample nodeCount="22" insertCount="10000" extractCount="10000" duration="1036236000"/>
			<Sample nodeCount="23" insertCount="10000" extractCount="10000" duration="1080140000"/>
			<Sample nodeCount="24" insertCount="10000" extractCount="10000" duration="1143065000"/>
			<Sample nodeCount="25" insertCount="10000" extractCount="10000" duration="1186958000"/>
			<Sample nodeCount="26" insertCount="10000" extractCount="10000" duration="1269593000"/>
			<Sample nodeCount="27" insertCount="10000" extractCount="10000" duration="1313495000"/>
			<Sample nodeCount="28" insertCount="10000" extractCount="10000" duration="1376419000"/>
			<Sample nodeCount="29" insertCount="10000" extractCount="10000" duration="1420322000"/>
			<Sample nodeCount="30" insertCount="10000" extractCount="10000" duration="1511244000"/>
			<Sample nodeCount="31" insertCount="10000" extractCount="10000" duration="1557606000"/>
			<Sample nodeCount="32" insertCount="10000" extractCount="10000" duration="1622996000"/>
			<Sample nodeCount="33" insertCount="10000" extractCount="10000" duration="1669353000"/>
			<Sample nodeCount="34" insertCount="10000" extractCount="10000" duration="1754461000"/>
			<Sample nodeCount="35" insertCount="10000" extractCount="10000" duration="1800808000"/>
			<Sample nodeCount="36" insertCount="10000" extractCount="10000" duration="1866212000"/>
			<Sample nodeCount="37" insertCount="10000" extractCount="10000" duration="1912568000"/>
			<Sample nodeCount="38" insertCount="10000" extractCount="10000" duration="2011337000"/>
			<Sample nodeCount="39" insertCount="10000" extractCount="10000" duration="2057684000"/>
			<Sample nodeCount="40" insertCount="10000" extractCount="10000" duration="2123091000"/>
			<Sample nodeCount="41" insertCount="10000" extractCount="10000" duration="2169442000"/>
			<Sample nodeCount="42" insertCount="10000" extractCount="10000" duration="2254553000"/>
			<Sample nodeCount="43" insertCount="10000" extractCount="10000" duration="2300898000"/>
			<Sample nodeCount="44" insertCount="10000" extractCount="10000" duration="2366295000"/>
			<Sample nodeCount="45" insertCount="10000" extractCount="10000" duration="2412657000"/>
			<Sample nodeCount="46" insertCount="10000" extractCount="10000" duration="2533144000"/>
			<Sample nodeCount="47" insertCount="10000" extractCount="10000" duration="2581964000"/>
			<Sample nodeCount="48" insertCount="10000" extractCount="10000" duration="2649825000"/>
			<Sample nodeCount="49" insertCount="10000" extractCount="10000" duration="2698642000"/>
			<Sample nodeCount="50" insertCount="10000" extractCount="10000" duration="2786210000"/>
			<Sample nodeCount="51" insertCount="10000" extractCount="10000" duration="2835034000"/>
			<Sample nodeCount="52" insertCount="10000" extractCount="10000" duration="2902891000"/>
			<Sample nodeCount="53" insertCount="10000" extractCount="10000" duration="2951713000"/>
			<Sample nodeCount="54" insertCount="10000" extractCount="10000" duration="3058986000"/>
			<Sample nodeCount="55" insertCount="10000" extractCount="10000" duration="3107804000"/>
			<Sample nodeCount="56" insertCount="10000" extractCount="10000" duration="3175660000"/>
			<Sample nodeCount="57" insertCount="10000" extractCount="10000" duration="3224495000"/>
			<Sample nodeCount="58" insertCount="10000" extractCount="10000" duration="3312053000"/>
			<Sample nodeCount="59" insertCount="10000" extractCount="10000" duration="3360879000"/>
			<Sample nodeCount="60" insertCount="10000" extractCount="10000" duration="3428737000"/>
			<Sample nodeCount="61" insertCount="10000" extractCount="10000" duration="3477552000"/>
			<Sample nodeCount="62" insertCount="10000" extractCount="10000" duration="3593116000"/>
			<Sample nodeCount="63" insertCount="10000" extractCount="10000" duration="3644404000"/>
			<Sample nodeCount="64" insertCount="10000" extractCount="10000" duration="3714728000"/>
			<Sample nodeCount="65" insertCount="10000" extractCount="10000" duration="3766007000"/>
			<Sample nodeCount="66" insertCount="10000" extractCount="10000" duration="3856037000"/>
			<Sample nodeCount="67" insertCount="10000" extractCount="10000" duration="3907320000"/>
			<Sample nodeCount="68" insertCount="10000" extractCount="10000" duration="3977649000"/>
			<Sample nodeCount="69" insertCount="10000" extractCount="10000" duration="4028931000"/>
			<Sample nodeCount="70" insertCount="10000" extractCount="10000" duration="4138670000"/>
			<Sample nodeCount="71" insertCount="10000" extractCount="10000" duration="4189954000"/>
			<Sample nodeCount="72" insertCount="10000" extractCount="10000" duration="4260275000"/>
			<Sample nodeCount="73" insertCount="10000" extractCount="10000" duration="4311563000"/>
			<Sample nodeCount="74" insertCount="10000" extractCount="10000" duration="4401586000"/>
			<Sample nodeCount="75" insertCount="10000" extractCount="10000" duration="4452876000"/>
			<Sample nodeCount="76" insertCount="10000" extractCount="10000" duration="4523196000"/>
			<Sample nodeCount="77" insertCount="10000" extractCount="10000" duration="4574474000"/>
			<Sample nodeCount="78" insertCount="10000" extractCount="10000" duration="4697879000"/>
			<Sample nodeCount="79" insertCount="10000" extractCount="10000" duration="4749166000"/>
			<Sample nodeCount="80" insertCount="10000" extractCount="10000" duration="4819489000"/>
			<Sample nodeCount="81" insertCount="10000" extractCount="10000" duration="4870772000"/>
			<Sample nodeCount="82" insertCount="10000" extractCount="10000" duration="4960794000"/>
			<Sample nodeCount="83" insertCount="10000" extractCount="10000" duration="5012096000"/>
			<Sample nodeCount="84" insertCount="10000" extractCount="10000" duration="5082404000"/>
			<Sample nodeCount="85" insertCount="10000" extractCount="10000" duration="5133697000"/>
			<Sample nodeCount="86" insertCount="10000" extractCount="10000" duration="5243428000"/>
			<Sample nodeCount="87" insertCount="10000" extractCount="10000" duration="5294718000"/>
			<Sample nodeCount="88" insertCount="10000" extractCount="10000" duration="5365036000"/>
			<Sample nodeCount="89" insertCount="10000" extractCount="10000" duration="5416327000"/>
			<Sample nodeCount="90" insertCount="10000" extractCount="10000" duration="5506343000"/>
			<Sample nodeCount="91" insertCount="10000" extractCount="10000" duration="5557638000"/>
			<Sample nodeCount="92" insertCount="10000" extractCount="10000" duration="5627957000"/>
			<Sample nodeCount="93" insertCount="10000" extractCount="10000" duration="5679244000"/>
			<Sample nodeCount="94" insertCount="10000" extractCount="10000" duration="5824365000"/>
			<Sample nodeCount="95" insertCount="10000" extractCount="10000" duration="5878112000"/>
			<Sample nodeCount="96" insertCount="10000" extractCount="10000" duration="5950898000"/>
			<Sample nodeCount="97" insertCount="10000" extractCount="10000" duration="6004645000"/>
			<Sample nodeCount="98" insertCount="10000" extractCount="10000" duration="6097148000"/>
			<Sample nodeCount="99" insertCount="10000" extractCount="10000" duration="6150889000"/>
			<Sample nodeCount="100" insertCount="10000" extractCount="10000" duration="6223670000"/>
			<Sample nodeCount="101" insertCount="10000" extractCount="10000" duration="6277417000"/>
			<Sample nodeCount="102" insertCount="10000" extractCount="10000" duration="6389628000"/>
			<Sample nodeCount="103" insertCount="10000" extractCount="10000" duration="6443379000"/>
			<Sample nodeCount="104" insertCount="10000" extractCount="10000" duration="6516155000"/>
			<Sample nodeCount="105" insertCount="10000" extractCount="10000" duration="6569898000"/>
			<Sample nodeCount="106" insertCount="10000" extractCount="10000" duration="6662399000"/>
			<Sample nodeCount="107" insertCount="10000" extractCount="10000" duration="6716152000"/>
			<Sample nodeCount="108" insertCount="10000" extractCount="10000" duration="6788933000"/>
			<Sample nodeCount="109" insertCount="10000" extractCount="10000" duration="6842685000"/>
			<Sample nodeCount="110" insertCount="10000" extractCount="10000" duration="6974586000"/>
			<Sample nodeCount="111" insertCount="10000" extractCount="10000" duration="7028337000"/>
			<Sample nodeCount="112" insertCount="10000" extractCount="10000" duration="7101129000"/>
			<Sample nodeCount="113" insertCount="10000" extractCount="10000" duration="7154877000"/>
			<Sample nodeCount="114" insertCount="10000" extractCount="10000" duration="7247363000"/>
			<Sample nodeCount="115" insertCount="10000" extractCount="10000" duration="7301119000"/>
			<Sample nodeCount="116" insertCount="10000" extractCount="10000" duration="7373902000"/>
			<Sample nodeCount="117" insertCount="10000" extractCount="10000" duration="7427651000"/>
			<Sample nodeCount="118" insertCount="10000" extractCount="10000" duration="7539855000"/>
			<Sample nodeCount="119" insertCount="10000" extractCount="10000" duration="7593591000"/>
			<Sample nodeCount="120" insertCount="10000" extractCount="10000" duration="7666382000"/>
			<Sample nodeCount="121" insertCount="10000" extractCount="10000" duration="7720138000"/>
			<Sample nodeCount="122" insertCount="10000" extractCount="10000" duration="7812632000"/>
			<Sample nodeCount="123" insertCount="10000" extractCount="10000" duration="7866373000"/>
			<Sample nodeCount="124" insertCount="10000" extractCount="10000" duration="7939157000"/>
			<Sample nodeCount="125" insertCount="10000" extractCount="10000" duration="7992909000"/>
			<Sample nodeCount="126" insertCount="10000" extractCount="10000" duration="8133112000"/>
			<Sample nodeCount="127" insertCount="10000" extractCount="10000" duration="8189316000"/>
		</SmallSetLinear>
		<LargeSetLinear>
		</LargeSetLinear>
	</RBTest>
</RBTestCollection>
